[2023-04-05 21:00:01,335] {processor.py:153} INFO - Started process (PID=52068) to work on /home/edinaldo/Documents/previsao_remuneracao/previsao_remuneracao/venv/lib/python3.10/site-packages/airflow/example_dags/subdags/subdag.py
[2023-04-05 21:00:01,336] {processor.py:641} INFO - Processing file /home/edinaldo/Documents/previsao_remuneracao/previsao_remuneracao/venv/lib/python3.10/site-packages/airflow/example_dags/subdags/subdag.py for tasks to queue
[2023-04-05 21:00:01,338] {logging_mixin.py:115} INFO - [2023-04-05 21:00:01,338] {dagbag.py:507} INFO - Filling up the DagBag from /home/edinaldo/Documents/previsao_remuneracao/previsao_remuneracao/venv/lib/python3.10/site-packages/airflow/example_dags/subdags/subdag.py
[2023-04-05 21:00:01,343] {processor.py:653} WARNING - No viable dags retrieved from /home/edinaldo/Documents/previsao_remuneracao/previsao_remuneracao/venv/lib/python3.10/site-packages/airflow/example_dags/subdags/subdag.py
[2023-04-05 21:00:01,365] {processor.py:161} INFO - Processing /home/edinaldo/Documents/previsao_remuneracao/previsao_remuneracao/venv/lib/python3.10/site-packages/airflow/example_dags/subdags/subdag.py took 0.040 seconds
[2023-04-05 21:00:40,578] {processor.py:153} INFO - Started process (PID=52169) to work on /home/edinaldo/Documents/previsao_remuneracao/previsao_remuneracao/venv/lib/python3.10/site-packages/airflow/example_dags/subdags/subdag.py
[2023-04-05 21:00:40,593] {processor.py:641} INFO - Processing file /home/edinaldo/Documents/previsao_remuneracao/previsao_remuneracao/venv/lib/python3.10/site-packages/airflow/example_dags/subdags/subdag.py for tasks to queue
[2023-04-05 21:00:40,594] {logging_mixin.py:115} INFO - [2023-04-05 21:00:40,594] {dagbag.py:507} INFO - Filling up the DagBag from /home/edinaldo/Documents/previsao_remuneracao/previsao_remuneracao/venv/lib/python3.10/site-packages/airflow/example_dags/subdags/subdag.py
[2023-04-05 21:00:40,598] {processor.py:653} WARNING - No viable dags retrieved from /home/edinaldo/Documents/previsao_remuneracao/previsao_remuneracao/venv/lib/python3.10/site-packages/airflow/example_dags/subdags/subdag.py
[2023-04-05 21:00:40,622] {processor.py:161} INFO - Processing /home/edinaldo/Documents/previsao_remuneracao/previsao_remuneracao/venv/lib/python3.10/site-packages/airflow/example_dags/subdags/subdag.py took 0.054 seconds
[2023-04-05 21:01:17,219] {processor.py:153} INFO - Started process (PID=52205) to work on /home/edinaldo/Documents/previsao_remuneracao/previsao_remuneracao/venv/lib/python3.10/site-packages/airflow/example_dags/subdags/subdag.py
[2023-04-05 21:01:17,220] {processor.py:641} INFO - Processing file /home/edinaldo/Documents/previsao_remuneracao/previsao_remuneracao/venv/lib/python3.10/site-packages/airflow/example_dags/subdags/subdag.py for tasks to queue
[2023-04-05 21:01:17,221] {logging_mixin.py:115} INFO - [2023-04-05 21:01:17,221] {dagbag.py:507} INFO - Filling up the DagBag from /home/edinaldo/Documents/previsao_remuneracao/previsao_remuneracao/venv/lib/python3.10/site-packages/airflow/example_dags/subdags/subdag.py
[2023-04-05 21:01:17,224] {processor.py:653} WARNING - No viable dags retrieved from /home/edinaldo/Documents/previsao_remuneracao/previsao_remuneracao/venv/lib/python3.10/site-packages/airflow/example_dags/subdags/subdag.py
[2023-04-05 21:01:17,243] {processor.py:161} INFO - Processing /home/edinaldo/Documents/previsao_remuneracao/previsao_remuneracao/venv/lib/python3.10/site-packages/airflow/example_dags/subdags/subdag.py took 0.031 seconds
[2023-04-05 21:01:52,164] {processor.py:153} INFO - Started process (PID=52304) to work on /home/edinaldo/Documents/previsao_remuneracao/previsao_remuneracao/venv/lib/python3.10/site-packages/airflow/example_dags/subdags/subdag.py
[2023-04-05 21:01:52,182] {processor.py:641} INFO - Processing file /home/edinaldo/Documents/previsao_remuneracao/previsao_remuneracao/venv/lib/python3.10/site-packages/airflow/example_dags/subdags/subdag.py for tasks to queue
[2023-04-05 21:01:52,183] {logging_mixin.py:115} INFO - [2023-04-05 21:01:52,182] {dagbag.py:507} INFO - Filling up the DagBag from /home/edinaldo/Documents/previsao_remuneracao/previsao_remuneracao/venv/lib/python3.10/site-packages/airflow/example_dags/subdags/subdag.py
[2023-04-05 21:01:52,207] {processor.py:653} WARNING - No viable dags retrieved from /home/edinaldo/Documents/previsao_remuneracao/previsao_remuneracao/venv/lib/python3.10/site-packages/airflow/example_dags/subdags/subdag.py
[2023-04-05 21:01:52,234] {processor.py:161} INFO - Processing /home/edinaldo/Documents/previsao_remuneracao/previsao_remuneracao/venv/lib/python3.10/site-packages/airflow/example_dags/subdags/subdag.py took 0.078 seconds
[2023-04-05 21:02:28,880] {processor.py:153} INFO - Started process (PID=52343) to work on /home/edinaldo/Documents/previsao_remuneracao/previsao_remuneracao/venv/lib/python3.10/site-packages/airflow/example_dags/subdags/subdag.py
[2023-04-05 21:02:28,889] {processor.py:641} INFO - Processing file /home/edinaldo/Documents/previsao_remuneracao/previsao_remuneracao/venv/lib/python3.10/site-packages/airflow/example_dags/subdags/subdag.py for tasks to queue
[2023-04-05 21:02:28,890] {logging_mixin.py:115} INFO - [2023-04-05 21:02:28,890] {dagbag.py:507} INFO - Filling up the DagBag from /home/edinaldo/Documents/previsao_remuneracao/previsao_remuneracao/venv/lib/python3.10/site-packages/airflow/example_dags/subdags/subdag.py
[2023-04-05 21:02:28,893] {processor.py:653} WARNING - No viable dags retrieved from /home/edinaldo/Documents/previsao_remuneracao/previsao_remuneracao/venv/lib/python3.10/site-packages/airflow/example_dags/subdags/subdag.py
[2023-04-05 21:02:28,908] {processor.py:161} INFO - Processing /home/edinaldo/Documents/previsao_remuneracao/previsao_remuneracao/venv/lib/python3.10/site-packages/airflow/example_dags/subdags/subdag.py took 0.038 seconds
[2023-04-05 21:03:07,525] {processor.py:153} INFO - Started process (PID=52447) to work on /home/edinaldo/Documents/previsao_remuneracao/previsao_remuneracao/venv/lib/python3.10/site-packages/airflow/example_dags/subdags/subdag.py
[2023-04-05 21:03:07,568] {processor.py:641} INFO - Processing file /home/edinaldo/Documents/previsao_remuneracao/previsao_remuneracao/venv/lib/python3.10/site-packages/airflow/example_dags/subdags/subdag.py for tasks to queue
[2023-04-05 21:03:07,569] {logging_mixin.py:115} INFO - [2023-04-05 21:03:07,569] {dagbag.py:507} INFO - Filling up the DagBag from /home/edinaldo/Documents/previsao_remuneracao/previsao_remuneracao/venv/lib/python3.10/site-packages/airflow/example_dags/subdags/subdag.py
[2023-04-05 21:03:07,588] {processor.py:653} WARNING - No viable dags retrieved from /home/edinaldo/Documents/previsao_remuneracao/previsao_remuneracao/venv/lib/python3.10/site-packages/airflow/example_dags/subdags/subdag.py
[2023-04-05 21:03:07,616] {processor.py:161} INFO - Processing /home/edinaldo/Documents/previsao_remuneracao/previsao_remuneracao/venv/lib/python3.10/site-packages/airflow/example_dags/subdags/subdag.py took 0.101 seconds
[2023-04-05 21:03:44,779] {processor.py:153} INFO - Started process (PID=52480) to work on /home/edinaldo/Documents/previsao_remuneracao/previsao_remuneracao/venv/lib/python3.10/site-packages/airflow/example_dags/subdags/subdag.py
[2023-04-05 21:03:44,796] {processor.py:641} INFO - Processing file /home/edinaldo/Documents/previsao_remuneracao/previsao_remuneracao/venv/lib/python3.10/site-packages/airflow/example_dags/subdags/subdag.py for tasks to queue
[2023-04-05 21:03:44,797] {logging_mixin.py:115} INFO - [2023-04-05 21:03:44,797] {dagbag.py:507} INFO - Filling up the DagBag from /home/edinaldo/Documents/previsao_remuneracao/previsao_remuneracao/venv/lib/python3.10/site-packages/airflow/example_dags/subdags/subdag.py
[2023-04-05 21:03:44,802] {processor.py:653} WARNING - No viable dags retrieved from /home/edinaldo/Documents/previsao_remuneracao/previsao_remuneracao/venv/lib/python3.10/site-packages/airflow/example_dags/subdags/subdag.py
[2023-04-05 21:03:44,826] {processor.py:161} INFO - Processing /home/edinaldo/Documents/previsao_remuneracao/previsao_remuneracao/venv/lib/python3.10/site-packages/airflow/example_dags/subdags/subdag.py took 0.057 seconds
[2023-04-05 21:04:16,724] {processor.py:153} INFO - Started process (PID=52530) to work on /home/edinaldo/Documents/previsao_remuneracao/previsao_remuneracao/venv/lib/python3.10/site-packages/airflow/example_dags/subdags/subdag.py
[2023-04-05 21:04:16,734] {processor.py:641} INFO - Processing file /home/edinaldo/Documents/previsao_remuneracao/previsao_remuneracao/venv/lib/python3.10/site-packages/airflow/example_dags/subdags/subdag.py for tasks to queue
[2023-04-05 21:04:16,736] {logging_mixin.py:115} INFO - [2023-04-05 21:04:16,736] {dagbag.py:507} INFO - Filling up the DagBag from /home/edinaldo/Documents/previsao_remuneracao/previsao_remuneracao/venv/lib/python3.10/site-packages/airflow/example_dags/subdags/subdag.py
[2023-04-05 21:04:16,742] {processor.py:653} WARNING - No viable dags retrieved from /home/edinaldo/Documents/previsao_remuneracao/previsao_remuneracao/venv/lib/python3.10/site-packages/airflow/example_dags/subdags/subdag.py
[2023-04-05 21:04:16,771] {processor.py:161} INFO - Processing /home/edinaldo/Documents/previsao_remuneracao/previsao_remuneracao/venv/lib/python3.10/site-packages/airflow/example_dags/subdags/subdag.py took 0.061 seconds
[2023-04-05 21:04:49,493] {processor.py:153} INFO - Started process (PID=52574) to work on /home/edinaldo/Documents/previsao_remuneracao/previsao_remuneracao/venv/lib/python3.10/site-packages/airflow/example_dags/subdags/subdag.py
[2023-04-05 21:04:49,500] {processor.py:641} INFO - Processing file /home/edinaldo/Documents/previsao_remuneracao/previsao_remuneracao/venv/lib/python3.10/site-packages/airflow/example_dags/subdags/subdag.py for tasks to queue
[2023-04-05 21:04:49,502] {logging_mixin.py:115} INFO - [2023-04-05 21:04:49,502] {dagbag.py:507} INFO - Filling up the DagBag from /home/edinaldo/Documents/previsao_remuneracao/previsao_remuneracao/venv/lib/python3.10/site-packages/airflow/example_dags/subdags/subdag.py
[2023-04-05 21:04:49,508] {processor.py:653} WARNING - No viable dags retrieved from /home/edinaldo/Documents/previsao_remuneracao/previsao_remuneracao/venv/lib/python3.10/site-packages/airflow/example_dags/subdags/subdag.py
[2023-04-05 21:04:49,552] {processor.py:161} INFO - Processing /home/edinaldo/Documents/previsao_remuneracao/previsao_remuneracao/venv/lib/python3.10/site-packages/airflow/example_dags/subdags/subdag.py took 0.072 seconds
[2023-04-05 21:05:26,834] {processor.py:153} INFO - Started process (PID=52648) to work on /home/edinaldo/Documents/previsao_remuneracao/previsao_remuneracao/venv/lib/python3.10/site-packages/airflow/example_dags/subdags/subdag.py
[2023-04-05 21:05:27,470] {processor.py:641} INFO - Processing file /home/edinaldo/Documents/previsao_remuneracao/previsao_remuneracao/venv/lib/python3.10/site-packages/airflow/example_dags/subdags/subdag.py for tasks to queue
[2023-04-05 21:05:27,471] {logging_mixin.py:115} INFO - [2023-04-05 21:05:27,471] {dagbag.py:507} INFO - Filling up the DagBag from /home/edinaldo/Documents/previsao_remuneracao/previsao_remuneracao/venv/lib/python3.10/site-packages/airflow/example_dags/subdags/subdag.py
[2023-04-05 21:05:27,477] {processor.py:653} WARNING - No viable dags retrieved from /home/edinaldo/Documents/previsao_remuneracao/previsao_remuneracao/venv/lib/python3.10/site-packages/airflow/example_dags/subdags/subdag.py
[2023-04-05 21:05:27,509] {processor.py:161} INFO - Processing /home/edinaldo/Documents/previsao_remuneracao/previsao_remuneracao/venv/lib/python3.10/site-packages/airflow/example_dags/subdags/subdag.py took 0.682 seconds
[2023-04-05 21:06:02,094] {processor.py:153} INFO - Started process (PID=52690) to work on /home/edinaldo/Documents/previsao_remuneracao/previsao_remuneracao/venv/lib/python3.10/site-packages/airflow/example_dags/subdags/subdag.py
[2023-04-05 21:06:02,107] {processor.py:641} INFO - Processing file /home/edinaldo/Documents/previsao_remuneracao/previsao_remuneracao/venv/lib/python3.10/site-packages/airflow/example_dags/subdags/subdag.py for tasks to queue
[2023-04-05 21:06:02,109] {logging_mixin.py:115} INFO - [2023-04-05 21:06:02,108] {dagbag.py:507} INFO - Filling up the DagBag from /home/edinaldo/Documents/previsao_remuneracao/previsao_remuneracao/venv/lib/python3.10/site-packages/airflow/example_dags/subdags/subdag.py
[2023-04-05 21:06:02,112] {processor.py:653} WARNING - No viable dags retrieved from /home/edinaldo/Documents/previsao_remuneracao/previsao_remuneracao/venv/lib/python3.10/site-packages/airflow/example_dags/subdags/subdag.py
[2023-04-05 21:06:02,139] {processor.py:161} INFO - Processing /home/edinaldo/Documents/previsao_remuneracao/previsao_remuneracao/venv/lib/python3.10/site-packages/airflow/example_dags/subdags/subdag.py took 0.048 seconds
[2023-04-05 21:06:40,233] {processor.py:153} INFO - Started process (PID=52750) to work on /home/edinaldo/Documents/previsao_remuneracao/previsao_remuneracao/venv/lib/python3.10/site-packages/airflow/example_dags/subdags/subdag.py
[2023-04-05 21:06:40,248] {processor.py:641} INFO - Processing file /home/edinaldo/Documents/previsao_remuneracao/previsao_remuneracao/venv/lib/python3.10/site-packages/airflow/example_dags/subdags/subdag.py for tasks to queue
[2023-04-05 21:06:40,249] {logging_mixin.py:115} INFO - [2023-04-05 21:06:40,249] {dagbag.py:507} INFO - Filling up the DagBag from /home/edinaldo/Documents/previsao_remuneracao/previsao_remuneracao/venv/lib/python3.10/site-packages/airflow/example_dags/subdags/subdag.py
[2023-04-05 21:06:40,254] {processor.py:653} WARNING - No viable dags retrieved from /home/edinaldo/Documents/previsao_remuneracao/previsao_remuneracao/venv/lib/python3.10/site-packages/airflow/example_dags/subdags/subdag.py
[2023-04-05 21:06:40,276] {processor.py:161} INFO - Processing /home/edinaldo/Documents/previsao_remuneracao/previsao_remuneracao/venv/lib/python3.10/site-packages/airflow/example_dags/subdags/subdag.py took 0.053 seconds
[2023-04-05 21:07:10,480] {processor.py:153} INFO - Started process (PID=52780) to work on /home/edinaldo/Documents/previsao_remuneracao/previsao_remuneracao/venv/lib/python3.10/site-packages/airflow/example_dags/subdags/subdag.py
[2023-04-05 21:07:10,490] {processor.py:641} INFO - Processing file /home/edinaldo/Documents/previsao_remuneracao/previsao_remuneracao/venv/lib/python3.10/site-packages/airflow/example_dags/subdags/subdag.py for tasks to queue
[2023-04-05 21:07:10,492] {logging_mixin.py:115} INFO - [2023-04-05 21:07:10,492] {dagbag.py:507} INFO - Filling up the DagBag from /home/edinaldo/Documents/previsao_remuneracao/previsao_remuneracao/venv/lib/python3.10/site-packages/airflow/example_dags/subdags/subdag.py
[2023-04-05 21:07:10,497] {processor.py:653} WARNING - No viable dags retrieved from /home/edinaldo/Documents/previsao_remuneracao/previsao_remuneracao/venv/lib/python3.10/site-packages/airflow/example_dags/subdags/subdag.py
[2023-04-05 21:07:10,515] {processor.py:161} INFO - Processing /home/edinaldo/Documents/previsao_remuneracao/previsao_remuneracao/venv/lib/python3.10/site-packages/airflow/example_dags/subdags/subdag.py took 0.045 seconds
[2023-04-05 21:07:41,147] {processor.py:153} INFO - Started process (PID=52812) to work on /home/edinaldo/Documents/previsao_remuneracao/previsao_remuneracao/venv/lib/python3.10/site-packages/airflow/example_dags/subdags/subdag.py
[2023-04-05 21:07:41,149] {processor.py:641} INFO - Processing file /home/edinaldo/Documents/previsao_remuneracao/previsao_remuneracao/venv/lib/python3.10/site-packages/airflow/example_dags/subdags/subdag.py for tasks to queue
[2023-04-05 21:07:41,150] {logging_mixin.py:115} INFO - [2023-04-05 21:07:41,150] {dagbag.py:507} INFO - Filling up the DagBag from /home/edinaldo/Documents/previsao_remuneracao/previsao_remuneracao/venv/lib/python3.10/site-packages/airflow/example_dags/subdags/subdag.py
[2023-04-05 21:07:41,155] {processor.py:653} WARNING - No viable dags retrieved from /home/edinaldo/Documents/previsao_remuneracao/previsao_remuneracao/venv/lib/python3.10/site-packages/airflow/example_dags/subdags/subdag.py
[2023-04-05 21:07:41,173] {processor.py:161} INFO - Processing /home/edinaldo/Documents/previsao_remuneracao/previsao_remuneracao/venv/lib/python3.10/site-packages/airflow/example_dags/subdags/subdag.py took 0.036 seconds
[2023-04-05 21:08:19,691] {processor.py:153} INFO - Started process (PID=52846) to work on /home/edinaldo/Documents/previsao_remuneracao/previsao_remuneracao/venv/lib/python3.10/site-packages/airflow/example_dags/subdags/subdag.py
[2023-04-05 21:08:19,704] {processor.py:641} INFO - Processing file /home/edinaldo/Documents/previsao_remuneracao/previsao_remuneracao/venv/lib/python3.10/site-packages/airflow/example_dags/subdags/subdag.py for tasks to queue
[2023-04-05 21:08:19,705] {logging_mixin.py:115} INFO - [2023-04-05 21:08:19,705] {dagbag.py:507} INFO - Filling up the DagBag from /home/edinaldo/Documents/previsao_remuneracao/previsao_remuneracao/venv/lib/python3.10/site-packages/airflow/example_dags/subdags/subdag.py
[2023-04-05 21:08:19,709] {processor.py:653} WARNING - No viable dags retrieved from /home/edinaldo/Documents/previsao_remuneracao/previsao_remuneracao/venv/lib/python3.10/site-packages/airflow/example_dags/subdags/subdag.py
[2023-04-05 21:08:19,820] {processor.py:161} INFO - Processing /home/edinaldo/Documents/previsao_remuneracao/previsao_remuneracao/venv/lib/python3.10/site-packages/airflow/example_dags/subdags/subdag.py took 0.133 seconds
[2023-04-05 21:08:58,525] {processor.py:153} INFO - Started process (PID=52882) to work on /home/edinaldo/Documents/previsao_remuneracao/previsao_remuneracao/venv/lib/python3.10/site-packages/airflow/example_dags/subdags/subdag.py
[2023-04-05 21:08:58,526] {processor.py:641} INFO - Processing file /home/edinaldo/Documents/previsao_remuneracao/previsao_remuneracao/venv/lib/python3.10/site-packages/airflow/example_dags/subdags/subdag.py for tasks to queue
[2023-04-05 21:08:58,526] {logging_mixin.py:115} INFO - [2023-04-05 21:08:58,526] {dagbag.py:507} INFO - Filling up the DagBag from /home/edinaldo/Documents/previsao_remuneracao/previsao_remuneracao/venv/lib/python3.10/site-packages/airflow/example_dags/subdags/subdag.py
[2023-04-05 21:08:58,529] {processor.py:653} WARNING - No viable dags retrieved from /home/edinaldo/Documents/previsao_remuneracao/previsao_remuneracao/venv/lib/python3.10/site-packages/airflow/example_dags/subdags/subdag.py
[2023-04-05 21:08:58,542] {processor.py:161} INFO - Processing /home/edinaldo/Documents/previsao_remuneracao/previsao_remuneracao/venv/lib/python3.10/site-packages/airflow/example_dags/subdags/subdag.py took 0.021 seconds
[2023-04-05 21:09:35,414] {processor.py:153} INFO - Started process (PID=52917) to work on /home/edinaldo/Documents/previsao_remuneracao/previsao_remuneracao/venv/lib/python3.10/site-packages/airflow/example_dags/subdags/subdag.py
[2023-04-05 21:09:35,415] {processor.py:641} INFO - Processing file /home/edinaldo/Documents/previsao_remuneracao/previsao_remuneracao/venv/lib/python3.10/site-packages/airflow/example_dags/subdags/subdag.py for tasks to queue
[2023-04-05 21:09:35,415] {logging_mixin.py:115} INFO - [2023-04-05 21:09:35,415] {dagbag.py:507} INFO - Filling up the DagBag from /home/edinaldo/Documents/previsao_remuneracao/previsao_remuneracao/venv/lib/python3.10/site-packages/airflow/example_dags/subdags/subdag.py
[2023-04-05 21:09:35,417] {processor.py:653} WARNING - No viable dags retrieved from /home/edinaldo/Documents/previsao_remuneracao/previsao_remuneracao/venv/lib/python3.10/site-packages/airflow/example_dags/subdags/subdag.py
[2023-04-05 21:09:35,432] {processor.py:161} INFO - Processing /home/edinaldo/Documents/previsao_remuneracao/previsao_remuneracao/venv/lib/python3.10/site-packages/airflow/example_dags/subdags/subdag.py took 0.022 seconds
[2023-04-05 21:10:07,575] {processor.py:153} INFO - Started process (PID=52947) to work on /home/edinaldo/Documents/previsao_remuneracao/previsao_remuneracao/venv/lib/python3.10/site-packages/airflow/example_dags/subdags/subdag.py
[2023-04-05 21:10:07,581] {processor.py:641} INFO - Processing file /home/edinaldo/Documents/previsao_remuneracao/previsao_remuneracao/venv/lib/python3.10/site-packages/airflow/example_dags/subdags/subdag.py for tasks to queue
[2023-04-05 21:10:07,582] {logging_mixin.py:115} INFO - [2023-04-05 21:10:07,582] {dagbag.py:507} INFO - Filling up the DagBag from /home/edinaldo/Documents/previsao_remuneracao/previsao_remuneracao/venv/lib/python3.10/site-packages/airflow/example_dags/subdags/subdag.py
[2023-04-05 21:10:07,587] {processor.py:653} WARNING - No viable dags retrieved from /home/edinaldo/Documents/previsao_remuneracao/previsao_remuneracao/venv/lib/python3.10/site-packages/airflow/example_dags/subdags/subdag.py
[2023-04-05 21:10:07,605] {processor.py:161} INFO - Processing /home/edinaldo/Documents/previsao_remuneracao/previsao_remuneracao/venv/lib/python3.10/site-packages/airflow/example_dags/subdags/subdag.py took 0.040 seconds
[2023-04-05 21:10:47,977] {processor.py:153} INFO - Started process (PID=53098) to work on /home/edinaldo/Documents/previsao_remuneracao/previsao_remuneracao/venv/lib/python3.10/site-packages/airflow/example_dags/subdags/subdag.py
[2023-04-05 21:10:47,990] {processor.py:641} INFO - Processing file /home/edinaldo/Documents/previsao_remuneracao/previsao_remuneracao/venv/lib/python3.10/site-packages/airflow/example_dags/subdags/subdag.py for tasks to queue
[2023-04-05 21:10:47,993] {logging_mixin.py:115} INFO - [2023-04-05 21:10:47,992] {dagbag.py:507} INFO - Filling up the DagBag from /home/edinaldo/Documents/previsao_remuneracao/previsao_remuneracao/venv/lib/python3.10/site-packages/airflow/example_dags/subdags/subdag.py
[2023-04-05 21:10:48,013] {processor.py:653} WARNING - No viable dags retrieved from /home/edinaldo/Documents/previsao_remuneracao/previsao_remuneracao/venv/lib/python3.10/site-packages/airflow/example_dags/subdags/subdag.py
[2023-04-05 21:10:48,035] {processor.py:161} INFO - Processing /home/edinaldo/Documents/previsao_remuneracao/previsao_remuneracao/venv/lib/python3.10/site-packages/airflow/example_dags/subdags/subdag.py took 0.071 seconds
[2023-04-05 21:11:25,030] {processor.py:153} INFO - Started process (PID=53140) to work on /home/edinaldo/Documents/previsao_remuneracao/previsao_remuneracao/venv/lib/python3.10/site-packages/airflow/example_dags/subdags/subdag.py
[2023-04-05 21:11:25,040] {processor.py:641} INFO - Processing file /home/edinaldo/Documents/previsao_remuneracao/previsao_remuneracao/venv/lib/python3.10/site-packages/airflow/example_dags/subdags/subdag.py for tasks to queue
[2023-04-05 21:11:25,040] {logging_mixin.py:115} INFO - [2023-04-05 21:11:25,040] {dagbag.py:507} INFO - Filling up the DagBag from /home/edinaldo/Documents/previsao_remuneracao/previsao_remuneracao/venv/lib/python3.10/site-packages/airflow/example_dags/subdags/subdag.py
[2023-04-05 21:11:25,042] {processor.py:653} WARNING - No viable dags retrieved from /home/edinaldo/Documents/previsao_remuneracao/previsao_remuneracao/venv/lib/python3.10/site-packages/airflow/example_dags/subdags/subdag.py
[2023-04-05 21:11:25,054] {processor.py:161} INFO - Processing /home/edinaldo/Documents/previsao_remuneracao/previsao_remuneracao/venv/lib/python3.10/site-packages/airflow/example_dags/subdags/subdag.py took 0.028 seconds
[2023-04-05 21:12:00,308] {processor.py:153} INFO - Started process (PID=53207) to work on /home/edinaldo/Documents/previsao_remuneracao/previsao_remuneracao/venv/lib/python3.10/site-packages/airflow/example_dags/subdags/subdag.py
[2023-04-05 21:12:00,320] {processor.py:641} INFO - Processing file /home/edinaldo/Documents/previsao_remuneracao/previsao_remuneracao/venv/lib/python3.10/site-packages/airflow/example_dags/subdags/subdag.py for tasks to queue
[2023-04-05 21:12:00,321] {logging_mixin.py:115} INFO - [2023-04-05 21:12:00,320] {dagbag.py:507} INFO - Filling up the DagBag from /home/edinaldo/Documents/previsao_remuneracao/previsao_remuneracao/venv/lib/python3.10/site-packages/airflow/example_dags/subdags/subdag.py
[2023-04-05 21:12:00,323] {processor.py:653} WARNING - No viable dags retrieved from /home/edinaldo/Documents/previsao_remuneracao/previsao_remuneracao/venv/lib/python3.10/site-packages/airflow/example_dags/subdags/subdag.py
[2023-04-05 21:12:00,351] {processor.py:161} INFO - Processing /home/edinaldo/Documents/previsao_remuneracao/previsao_remuneracao/venv/lib/python3.10/site-packages/airflow/example_dags/subdags/subdag.py took 0.048 seconds
[2023-04-05 21:12:43,555] {processor.py:153} INFO - Started process (PID=53388) to work on /home/edinaldo/Documents/previsao_remuneracao/previsao_remuneracao/venv/lib/python3.10/site-packages/airflow/example_dags/subdags/subdag.py
[2023-04-05 21:12:43,599] {processor.py:641} INFO - Processing file /home/edinaldo/Documents/previsao_remuneracao/previsao_remuneracao/venv/lib/python3.10/site-packages/airflow/example_dags/subdags/subdag.py for tasks to queue
[2023-04-05 21:12:43,601] {logging_mixin.py:115} INFO - [2023-04-05 21:12:43,600] {dagbag.py:507} INFO - Filling up the DagBag from /home/edinaldo/Documents/previsao_remuneracao/previsao_remuneracao/venv/lib/python3.10/site-packages/airflow/example_dags/subdags/subdag.py
[2023-04-05 21:12:43,639] {processor.py:653} WARNING - No viable dags retrieved from /home/edinaldo/Documents/previsao_remuneracao/previsao_remuneracao/venv/lib/python3.10/site-packages/airflow/example_dags/subdags/subdag.py
[2023-04-05 21:12:43,682] {processor.py:161} INFO - Processing /home/edinaldo/Documents/previsao_remuneracao/previsao_remuneracao/venv/lib/python3.10/site-packages/airflow/example_dags/subdags/subdag.py took 0.139 seconds
[2023-04-05 21:13:20,893] {processor.py:153} INFO - Started process (PID=53430) to work on /home/edinaldo/Documents/previsao_remuneracao/previsao_remuneracao/venv/lib/python3.10/site-packages/airflow/example_dags/subdags/subdag.py
[2023-04-05 21:13:20,904] {processor.py:641} INFO - Processing file /home/edinaldo/Documents/previsao_remuneracao/previsao_remuneracao/venv/lib/python3.10/site-packages/airflow/example_dags/subdags/subdag.py for tasks to queue
[2023-04-05 21:13:20,905] {logging_mixin.py:115} INFO - [2023-04-05 21:13:20,905] {dagbag.py:507} INFO - Filling up the DagBag from /home/edinaldo/Documents/previsao_remuneracao/previsao_remuneracao/venv/lib/python3.10/site-packages/airflow/example_dags/subdags/subdag.py
[2023-04-05 21:13:20,908] {processor.py:653} WARNING - No viable dags retrieved from /home/edinaldo/Documents/previsao_remuneracao/previsao_remuneracao/venv/lib/python3.10/site-packages/airflow/example_dags/subdags/subdag.py
[2023-04-05 21:13:20,923] {processor.py:161} INFO - Processing /home/edinaldo/Documents/previsao_remuneracao/previsao_remuneracao/venv/lib/python3.10/site-packages/airflow/example_dags/subdags/subdag.py took 0.039 seconds
[2023-04-05 21:13:55,172] {processor.py:153} INFO - Started process (PID=53460) to work on /home/edinaldo/Documents/previsao_remuneracao/previsao_remuneracao/venv/lib/python3.10/site-packages/airflow/example_dags/subdags/subdag.py
[2023-04-05 21:13:55,199] {processor.py:641} INFO - Processing file /home/edinaldo/Documents/previsao_remuneracao/previsao_remuneracao/venv/lib/python3.10/site-packages/airflow/example_dags/subdags/subdag.py for tasks to queue
[2023-04-05 21:13:55,201] {logging_mixin.py:115} INFO - [2023-04-05 21:13:55,201] {dagbag.py:507} INFO - Filling up the DagBag from /home/edinaldo/Documents/previsao_remuneracao/previsao_remuneracao/venv/lib/python3.10/site-packages/airflow/example_dags/subdags/subdag.py
[2023-04-05 21:13:55,211] {processor.py:653} WARNING - No viable dags retrieved from /home/edinaldo/Documents/previsao_remuneracao/previsao_remuneracao/venv/lib/python3.10/site-packages/airflow/example_dags/subdags/subdag.py
[2023-04-05 21:13:55,237] {processor.py:161} INFO - Processing /home/edinaldo/Documents/previsao_remuneracao/previsao_remuneracao/venv/lib/python3.10/site-packages/airflow/example_dags/subdags/subdag.py took 0.076 seconds
[2023-04-05 21:14:34,041] {processor.py:153} INFO - Started process (PID=53497) to work on /home/edinaldo/Documents/previsao_remuneracao/previsao_remuneracao/venv/lib/python3.10/site-packages/airflow/example_dags/subdags/subdag.py
[2023-04-05 21:14:34,055] {processor.py:641} INFO - Processing file /home/edinaldo/Documents/previsao_remuneracao/previsao_remuneracao/venv/lib/python3.10/site-packages/airflow/example_dags/subdags/subdag.py for tasks to queue
[2023-04-05 21:14:34,056] {logging_mixin.py:115} INFO - [2023-04-05 21:14:34,056] {dagbag.py:507} INFO - Filling up the DagBag from /home/edinaldo/Documents/previsao_remuneracao/previsao_remuneracao/venv/lib/python3.10/site-packages/airflow/example_dags/subdags/subdag.py
[2023-04-05 21:14:34,061] {processor.py:653} WARNING - No viable dags retrieved from /home/edinaldo/Documents/previsao_remuneracao/previsao_remuneracao/venv/lib/python3.10/site-packages/airflow/example_dags/subdags/subdag.py
[2023-04-05 21:14:34,083] {processor.py:161} INFO - Processing /home/edinaldo/Documents/previsao_remuneracao/previsao_remuneracao/venv/lib/python3.10/site-packages/airflow/example_dags/subdags/subdag.py took 0.052 seconds
[2023-04-05 21:15:04,807] {processor.py:153} INFO - Started process (PID=53528) to work on /home/edinaldo/Documents/previsao_remuneracao/previsao_remuneracao/venv/lib/python3.10/site-packages/airflow/example_dags/subdags/subdag.py
[2023-04-05 21:15:04,808] {processor.py:641} INFO - Processing file /home/edinaldo/Documents/previsao_remuneracao/previsao_remuneracao/venv/lib/python3.10/site-packages/airflow/example_dags/subdags/subdag.py for tasks to queue
[2023-04-05 21:15:04,809] {logging_mixin.py:115} INFO - [2023-04-05 21:15:04,809] {dagbag.py:507} INFO - Filling up the DagBag from /home/edinaldo/Documents/previsao_remuneracao/previsao_remuneracao/venv/lib/python3.10/site-packages/airflow/example_dags/subdags/subdag.py
[2023-04-05 21:15:04,812] {processor.py:653} WARNING - No viable dags retrieved from /home/edinaldo/Documents/previsao_remuneracao/previsao_remuneracao/venv/lib/python3.10/site-packages/airflow/example_dags/subdags/subdag.py
[2023-04-05 21:15:04,828] {processor.py:161} INFO - Processing /home/edinaldo/Documents/previsao_remuneracao/previsao_remuneracao/venv/lib/python3.10/site-packages/airflow/example_dags/subdags/subdag.py took 0.026 seconds
[2023-04-05 21:15:45,452] {processor.py:153} INFO - Started process (PID=53599) to work on /home/edinaldo/Documents/previsao_remuneracao/previsao_remuneracao/venv/lib/python3.10/site-packages/airflow/example_dags/subdags/subdag.py
[2023-04-05 21:15:45,456] {processor.py:641} INFO - Processing file /home/edinaldo/Documents/previsao_remuneracao/previsao_remuneracao/venv/lib/python3.10/site-packages/airflow/example_dags/subdags/subdag.py for tasks to queue
[2023-04-05 21:15:45,456] {logging_mixin.py:115} INFO - [2023-04-05 21:15:45,456] {dagbag.py:507} INFO - Filling up the DagBag from /home/edinaldo/Documents/previsao_remuneracao/previsao_remuneracao/venv/lib/python3.10/site-packages/airflow/example_dags/subdags/subdag.py
[2023-04-05 21:15:45,458] {processor.py:653} WARNING - No viable dags retrieved from /home/edinaldo/Documents/previsao_remuneracao/previsao_remuneracao/venv/lib/python3.10/site-packages/airflow/example_dags/subdags/subdag.py
[2023-04-05 21:15:45,470] {processor.py:161} INFO - Processing /home/edinaldo/Documents/previsao_remuneracao/previsao_remuneracao/venv/lib/python3.10/site-packages/airflow/example_dags/subdags/subdag.py took 0.021 seconds
[2023-04-05 21:16:17,384] {processor.py:153} INFO - Started process (PID=53629) to work on /home/edinaldo/Documents/previsao_remuneracao/previsao_remuneracao/venv/lib/python3.10/site-packages/airflow/example_dags/subdags/subdag.py
[2023-04-05 21:16:17,392] {processor.py:641} INFO - Processing file /home/edinaldo/Documents/previsao_remuneracao/previsao_remuneracao/venv/lib/python3.10/site-packages/airflow/example_dags/subdags/subdag.py for tasks to queue
[2023-04-05 21:16:17,393] {logging_mixin.py:115} INFO - [2023-04-05 21:16:17,393] {dagbag.py:507} INFO - Filling up the DagBag from /home/edinaldo/Documents/previsao_remuneracao/previsao_remuneracao/venv/lib/python3.10/site-packages/airflow/example_dags/subdags/subdag.py
[2023-04-05 21:16:17,395] {processor.py:653} WARNING - No viable dags retrieved from /home/edinaldo/Documents/previsao_remuneracao/previsao_remuneracao/venv/lib/python3.10/site-packages/airflow/example_dags/subdags/subdag.py
[2023-04-05 21:16:17,408] {processor.py:161} INFO - Processing /home/edinaldo/Documents/previsao_remuneracao/previsao_remuneracao/venv/lib/python3.10/site-packages/airflow/example_dags/subdags/subdag.py took 0.027 seconds
[2023-04-05 21:16:54,050] {processor.py:153} INFO - Started process (PID=53686) to work on /home/edinaldo/Documents/previsao_remuneracao/previsao_remuneracao/venv/lib/python3.10/site-packages/airflow/example_dags/subdags/subdag.py
[2023-04-05 21:16:54,051] {processor.py:641} INFO - Processing file /home/edinaldo/Documents/previsao_remuneracao/previsao_remuneracao/venv/lib/python3.10/site-packages/airflow/example_dags/subdags/subdag.py for tasks to queue
[2023-04-05 21:16:54,052] {logging_mixin.py:115} INFO - [2023-04-05 21:16:54,052] {dagbag.py:507} INFO - Filling up the DagBag from /home/edinaldo/Documents/previsao_remuneracao/previsao_remuneracao/venv/lib/python3.10/site-packages/airflow/example_dags/subdags/subdag.py
[2023-04-05 21:16:54,054] {processor.py:653} WARNING - No viable dags retrieved from /home/edinaldo/Documents/previsao_remuneracao/previsao_remuneracao/venv/lib/python3.10/site-packages/airflow/example_dags/subdags/subdag.py
[2023-04-05 21:16:54,069] {processor.py:161} INFO - Processing /home/edinaldo/Documents/previsao_remuneracao/previsao_remuneracao/venv/lib/python3.10/site-packages/airflow/example_dags/subdags/subdag.py took 0.022 seconds
[2023-04-05 21:17:25,831] {processor.py:153} INFO - Started process (PID=53720) to work on /home/edinaldo/Documents/previsao_remuneracao/previsao_remuneracao/venv/lib/python3.10/site-packages/airflow/example_dags/subdags/subdag.py
[2023-04-05 21:17:25,845] {processor.py:641} INFO - Processing file /home/edinaldo/Documents/previsao_remuneracao/previsao_remuneracao/venv/lib/python3.10/site-packages/airflow/example_dags/subdags/subdag.py for tasks to queue
[2023-04-05 21:17:25,846] {logging_mixin.py:115} INFO - [2023-04-05 21:17:25,846] {dagbag.py:507} INFO - Filling up the DagBag from /home/edinaldo/Documents/previsao_remuneracao/previsao_remuneracao/venv/lib/python3.10/site-packages/airflow/example_dags/subdags/subdag.py
[2023-04-05 21:17:25,851] {processor.py:653} WARNING - No viable dags retrieved from /home/edinaldo/Documents/previsao_remuneracao/previsao_remuneracao/venv/lib/python3.10/site-packages/airflow/example_dags/subdags/subdag.py
[2023-04-05 21:17:25,878] {processor.py:161} INFO - Processing /home/edinaldo/Documents/previsao_remuneracao/previsao_remuneracao/venv/lib/python3.10/site-packages/airflow/example_dags/subdags/subdag.py took 0.052 seconds
[2023-04-05 21:18:06,375] {processor.py:153} INFO - Started process (PID=53760) to work on /home/edinaldo/Documents/previsao_remuneracao/previsao_remuneracao/venv/lib/python3.10/site-packages/airflow/example_dags/subdags/subdag.py
[2023-04-05 21:18:06,375] {processor.py:641} INFO - Processing file /home/edinaldo/Documents/previsao_remuneracao/previsao_remuneracao/venv/lib/python3.10/site-packages/airflow/example_dags/subdags/subdag.py for tasks to queue
[2023-04-05 21:18:06,376] {logging_mixin.py:115} INFO - [2023-04-05 21:18:06,376] {dagbag.py:507} INFO - Filling up the DagBag from /home/edinaldo/Documents/previsao_remuneracao/previsao_remuneracao/venv/lib/python3.10/site-packages/airflow/example_dags/subdags/subdag.py
[2023-04-05 21:18:06,378] {processor.py:653} WARNING - No viable dags retrieved from /home/edinaldo/Documents/previsao_remuneracao/previsao_remuneracao/venv/lib/python3.10/site-packages/airflow/example_dags/subdags/subdag.py
[2023-04-05 21:18:06,392] {processor.py:161} INFO - Processing /home/edinaldo/Documents/previsao_remuneracao/previsao_remuneracao/venv/lib/python3.10/site-packages/airflow/example_dags/subdags/subdag.py took 0.022 seconds
[2023-04-05 21:18:44,162] {processor.py:153} INFO - Started process (PID=53802) to work on /home/edinaldo/Documents/previsao_remuneracao/previsao_remuneracao/venv/lib/python3.10/site-packages/airflow/example_dags/subdags/subdag.py
[2023-04-05 21:18:44,174] {processor.py:641} INFO - Processing file /home/edinaldo/Documents/previsao_remuneracao/previsao_remuneracao/venv/lib/python3.10/site-packages/airflow/example_dags/subdags/subdag.py for tasks to queue
[2023-04-05 21:18:44,175] {logging_mixin.py:115} INFO - [2023-04-05 21:18:44,175] {dagbag.py:507} INFO - Filling up the DagBag from /home/edinaldo/Documents/previsao_remuneracao/previsao_remuneracao/venv/lib/python3.10/site-packages/airflow/example_dags/subdags/subdag.py
[2023-04-05 21:18:44,178] {processor.py:653} WARNING - No viable dags retrieved from /home/edinaldo/Documents/previsao_remuneracao/previsao_remuneracao/venv/lib/python3.10/site-packages/airflow/example_dags/subdags/subdag.py
[2023-04-05 21:18:44,196] {processor.py:161} INFO - Processing /home/edinaldo/Documents/previsao_remuneracao/previsao_remuneracao/venv/lib/python3.10/site-packages/airflow/example_dags/subdags/subdag.py took 0.037 seconds
[2023-04-05 21:19:21,104] {processor.py:153} INFO - Started process (PID=53837) to work on /home/edinaldo/Documents/previsao_remuneracao/previsao_remuneracao/venv/lib/python3.10/site-packages/airflow/example_dags/subdags/subdag.py
[2023-04-05 21:19:21,105] {processor.py:641} INFO - Processing file /home/edinaldo/Documents/previsao_remuneracao/previsao_remuneracao/venv/lib/python3.10/site-packages/airflow/example_dags/subdags/subdag.py for tasks to queue
[2023-04-05 21:19:21,106] {logging_mixin.py:115} INFO - [2023-04-05 21:19:21,106] {dagbag.py:507} INFO - Filling up the DagBag from /home/edinaldo/Documents/previsao_remuneracao/previsao_remuneracao/venv/lib/python3.10/site-packages/airflow/example_dags/subdags/subdag.py
[2023-04-05 21:19:21,107] {processor.py:653} WARNING - No viable dags retrieved from /home/edinaldo/Documents/previsao_remuneracao/previsao_remuneracao/venv/lib/python3.10/site-packages/airflow/example_dags/subdags/subdag.py
[2023-04-05 21:19:21,119] {processor.py:161} INFO - Processing /home/edinaldo/Documents/previsao_remuneracao/previsao_remuneracao/venv/lib/python3.10/site-packages/airflow/example_dags/subdags/subdag.py took 0.018 seconds
[2023-04-05 21:19:53,321] {processor.py:153} INFO - Started process (PID=53873) to work on /home/edinaldo/Documents/previsao_remuneracao/previsao_remuneracao/venv/lib/python3.10/site-packages/airflow/example_dags/subdags/subdag.py
[2023-04-05 21:19:53,325] {processor.py:641} INFO - Processing file /home/edinaldo/Documents/previsao_remuneracao/previsao_remuneracao/venv/lib/python3.10/site-packages/airflow/example_dags/subdags/subdag.py for tasks to queue
[2023-04-05 21:19:53,326] {logging_mixin.py:115} INFO - [2023-04-05 21:19:53,326] {dagbag.py:507} INFO - Filling up the DagBag from /home/edinaldo/Documents/previsao_remuneracao/previsao_remuneracao/venv/lib/python3.10/site-packages/airflow/example_dags/subdags/subdag.py
[2023-04-05 21:19:53,328] {processor.py:653} WARNING - No viable dags retrieved from /home/edinaldo/Documents/previsao_remuneracao/previsao_remuneracao/venv/lib/python3.10/site-packages/airflow/example_dags/subdags/subdag.py
[2023-04-05 21:19:53,341] {processor.py:161} INFO - Processing /home/edinaldo/Documents/previsao_remuneracao/previsao_remuneracao/venv/lib/python3.10/site-packages/airflow/example_dags/subdags/subdag.py took 0.023 seconds
[2023-04-05 21:20:27,129] {processor.py:153} INFO - Started process (PID=53904) to work on /home/edinaldo/Documents/previsao_remuneracao/previsao_remuneracao/venv/lib/python3.10/site-packages/airflow/example_dags/subdags/subdag.py
[2023-04-05 21:20:27,130] {processor.py:641} INFO - Processing file /home/edinaldo/Documents/previsao_remuneracao/previsao_remuneracao/venv/lib/python3.10/site-packages/airflow/example_dags/subdags/subdag.py for tasks to queue
[2023-04-05 21:20:27,130] {logging_mixin.py:115} INFO - [2023-04-05 21:20:27,130] {dagbag.py:507} INFO - Filling up the DagBag from /home/edinaldo/Documents/previsao_remuneracao/previsao_remuneracao/venv/lib/python3.10/site-packages/airflow/example_dags/subdags/subdag.py
[2023-04-05 21:20:27,132] {processor.py:653} WARNING - No viable dags retrieved from /home/edinaldo/Documents/previsao_remuneracao/previsao_remuneracao/venv/lib/python3.10/site-packages/airflow/example_dags/subdags/subdag.py
[2023-04-05 21:20:27,143] {processor.py:161} INFO - Processing /home/edinaldo/Documents/previsao_remuneracao/previsao_remuneracao/venv/lib/python3.10/site-packages/airflow/example_dags/subdags/subdag.py took 0.018 seconds
[2023-04-05 21:21:07,826] {processor.py:153} INFO - Started process (PID=53963) to work on /home/edinaldo/Documents/previsao_remuneracao/previsao_remuneracao/venv/lib/python3.10/site-packages/airflow/example_dags/subdags/subdag.py
[2023-04-05 21:21:07,831] {processor.py:641} INFO - Processing file /home/edinaldo/Documents/previsao_remuneracao/previsao_remuneracao/venv/lib/python3.10/site-packages/airflow/example_dags/subdags/subdag.py for tasks to queue
[2023-04-05 21:21:07,832] {logging_mixin.py:115} INFO - [2023-04-05 21:21:07,831] {dagbag.py:507} INFO - Filling up the DagBag from /home/edinaldo/Documents/previsao_remuneracao/previsao_remuneracao/venv/lib/python3.10/site-packages/airflow/example_dags/subdags/subdag.py
[2023-04-05 21:21:07,833] {processor.py:653} WARNING - No viable dags retrieved from /home/edinaldo/Documents/previsao_remuneracao/previsao_remuneracao/venv/lib/python3.10/site-packages/airflow/example_dags/subdags/subdag.py
[2023-04-05 21:21:07,846] {processor.py:161} INFO - Processing /home/edinaldo/Documents/previsao_remuneracao/previsao_remuneracao/venv/lib/python3.10/site-packages/airflow/example_dags/subdags/subdag.py took 0.024 seconds
[2023-04-05 21:21:46,517] {processor.py:153} INFO - Started process (PID=54024) to work on /home/edinaldo/Documents/previsao_remuneracao/previsao_remuneracao/venv/lib/python3.10/site-packages/airflow/example_dags/subdags/subdag.py
[2023-04-05 21:21:46,532] {processor.py:641} INFO - Processing file /home/edinaldo/Documents/previsao_remuneracao/previsao_remuneracao/venv/lib/python3.10/site-packages/airflow/example_dags/subdags/subdag.py for tasks to queue
[2023-04-05 21:21:46,534] {logging_mixin.py:115} INFO - [2023-04-05 21:21:46,533] {dagbag.py:507} INFO - Filling up the DagBag from /home/edinaldo/Documents/previsao_remuneracao/previsao_remuneracao/venv/lib/python3.10/site-packages/airflow/example_dags/subdags/subdag.py
[2023-04-05 21:21:46,538] {processor.py:653} WARNING - No viable dags retrieved from /home/edinaldo/Documents/previsao_remuneracao/previsao_remuneracao/venv/lib/python3.10/site-packages/airflow/example_dags/subdags/subdag.py
[2023-04-05 21:21:46,566] {processor.py:161} INFO - Processing /home/edinaldo/Documents/previsao_remuneracao/previsao_remuneracao/venv/lib/python3.10/site-packages/airflow/example_dags/subdags/subdag.py took 0.059 seconds
[2023-04-05 21:22:23,706] {processor.py:153} INFO - Started process (PID=54063) to work on /home/edinaldo/Documents/previsao_remuneracao/previsao_remuneracao/venv/lib/python3.10/site-packages/airflow/example_dags/subdags/subdag.py
[2023-04-05 21:22:23,716] {processor.py:641} INFO - Processing file /home/edinaldo/Documents/previsao_remuneracao/previsao_remuneracao/venv/lib/python3.10/site-packages/airflow/example_dags/subdags/subdag.py for tasks to queue
[2023-04-05 21:22:23,718] {logging_mixin.py:115} INFO - [2023-04-05 21:22:23,717] {dagbag.py:507} INFO - Filling up the DagBag from /home/edinaldo/Documents/previsao_remuneracao/previsao_remuneracao/venv/lib/python3.10/site-packages/airflow/example_dags/subdags/subdag.py
[2023-04-05 21:22:23,722] {processor.py:653} WARNING - No viable dags retrieved from /home/edinaldo/Documents/previsao_remuneracao/previsao_remuneracao/venv/lib/python3.10/site-packages/airflow/example_dags/subdags/subdag.py
[2023-04-05 21:22:23,743] {processor.py:161} INFO - Processing /home/edinaldo/Documents/previsao_remuneracao/previsao_remuneracao/venv/lib/python3.10/site-packages/airflow/example_dags/subdags/subdag.py took 0.047 seconds
[2023-04-05 21:23:00,129] {processor.py:153} INFO - Started process (PID=54098) to work on /home/edinaldo/Documents/previsao_remuneracao/previsao_remuneracao/venv/lib/python3.10/site-packages/airflow/example_dags/subdags/subdag.py
[2023-04-05 21:23:00,136] {processor.py:641} INFO - Processing file /home/edinaldo/Documents/previsao_remuneracao/previsao_remuneracao/venv/lib/python3.10/site-packages/airflow/example_dags/subdags/subdag.py for tasks to queue
[2023-04-05 21:23:00,138] {logging_mixin.py:115} INFO - [2023-04-05 21:23:00,138] {dagbag.py:507} INFO - Filling up the DagBag from /home/edinaldo/Documents/previsao_remuneracao/previsao_remuneracao/venv/lib/python3.10/site-packages/airflow/example_dags/subdags/subdag.py
[2023-04-05 21:23:00,143] {processor.py:653} WARNING - No viable dags retrieved from /home/edinaldo/Documents/previsao_remuneracao/previsao_remuneracao/venv/lib/python3.10/site-packages/airflow/example_dags/subdags/subdag.py
[2023-04-05 21:23:00,162] {processor.py:161} INFO - Processing /home/edinaldo/Documents/previsao_remuneracao/previsao_remuneracao/venv/lib/python3.10/site-packages/airflow/example_dags/subdags/subdag.py took 0.043 seconds
[2023-04-05 21:23:39,399] {processor.py:153} INFO - Started process (PID=54152) to work on /home/edinaldo/Documents/previsao_remuneracao/previsao_remuneracao/venv/lib/python3.10/site-packages/airflow/example_dags/subdags/subdag.py
[2023-04-05 21:23:39,412] {processor.py:641} INFO - Processing file /home/edinaldo/Documents/previsao_remuneracao/previsao_remuneracao/venv/lib/python3.10/site-packages/airflow/example_dags/subdags/subdag.py for tasks to queue
[2023-04-05 21:23:39,413] {logging_mixin.py:115} INFO - [2023-04-05 21:23:39,413] {dagbag.py:507} INFO - Filling up the DagBag from /home/edinaldo/Documents/previsao_remuneracao/previsao_remuneracao/venv/lib/python3.10/site-packages/airflow/example_dags/subdags/subdag.py
[2023-04-05 21:23:39,414] {processor.py:653} WARNING - No viable dags retrieved from /home/edinaldo/Documents/previsao_remuneracao/previsao_remuneracao/venv/lib/python3.10/site-packages/airflow/example_dags/subdags/subdag.py
[2023-04-05 21:23:39,426] {processor.py:161} INFO - Processing /home/edinaldo/Documents/previsao_remuneracao/previsao_remuneracao/venv/lib/python3.10/site-packages/airflow/example_dags/subdags/subdag.py took 0.030 seconds
[2023-04-05 21:24:11,160] {processor.py:153} INFO - Started process (PID=54180) to work on /home/edinaldo/Documents/previsao_remuneracao/previsao_remuneracao/venv/lib/python3.10/site-packages/airflow/example_dags/subdags/subdag.py
[2023-04-05 21:24:11,172] {processor.py:641} INFO - Processing file /home/edinaldo/Documents/previsao_remuneracao/previsao_remuneracao/venv/lib/python3.10/site-packages/airflow/example_dags/subdags/subdag.py for tasks to queue
[2023-04-05 21:24:11,174] {logging_mixin.py:115} INFO - [2023-04-05 21:24:11,174] {dagbag.py:507} INFO - Filling up the DagBag from /home/edinaldo/Documents/previsao_remuneracao/previsao_remuneracao/venv/lib/python3.10/site-packages/airflow/example_dags/subdags/subdag.py
[2023-04-05 21:24:11,179] {processor.py:653} WARNING - No viable dags retrieved from /home/edinaldo/Documents/previsao_remuneracao/previsao_remuneracao/venv/lib/python3.10/site-packages/airflow/example_dags/subdags/subdag.py
[2023-04-05 21:24:11,206] {processor.py:161} INFO - Processing /home/edinaldo/Documents/previsao_remuneracao/previsao_remuneracao/venv/lib/python3.10/site-packages/airflow/example_dags/subdags/subdag.py took 0.049 seconds
[2023-04-05 21:24:41,577] {processor.py:153} INFO - Started process (PID=54345) to work on /home/edinaldo/Documents/previsao_remuneracao/previsao_remuneracao/venv/lib/python3.10/site-packages/airflow/example_dags/subdags/subdag.py
[2023-04-05 21:24:41,579] {processor.py:641} INFO - Processing file /home/edinaldo/Documents/previsao_remuneracao/previsao_remuneracao/venv/lib/python3.10/site-packages/airflow/example_dags/subdags/subdag.py for tasks to queue
[2023-04-05 21:24:41,581] {logging_mixin.py:115} INFO - [2023-04-05 21:24:41,581] {dagbag.py:507} INFO - Filling up the DagBag from /home/edinaldo/Documents/previsao_remuneracao/previsao_remuneracao/venv/lib/python3.10/site-packages/airflow/example_dags/subdags/subdag.py
[2023-04-05 21:24:41,587] {processor.py:653} WARNING - No viable dags retrieved from /home/edinaldo/Documents/previsao_remuneracao/previsao_remuneracao/venv/lib/python3.10/site-packages/airflow/example_dags/subdags/subdag.py
[2023-04-05 21:24:41,630] {processor.py:161} INFO - Processing /home/edinaldo/Documents/previsao_remuneracao/previsao_remuneracao/venv/lib/python3.10/site-packages/airflow/example_dags/subdags/subdag.py took 0.063 seconds
[2023-04-05 21:25:14,748] {processor.py:153} INFO - Started process (PID=54517) to work on /home/edinaldo/Documents/previsao_remuneracao/previsao_remuneracao/venv/lib/python3.10/site-packages/airflow/example_dags/subdags/subdag.py
[2023-04-05 21:25:14,757] {processor.py:641} INFO - Processing file /home/edinaldo/Documents/previsao_remuneracao/previsao_remuneracao/venv/lib/python3.10/site-packages/airflow/example_dags/subdags/subdag.py for tasks to queue
[2023-04-05 21:25:14,758] {logging_mixin.py:115} INFO - [2023-04-05 21:25:14,758] {dagbag.py:507} INFO - Filling up the DagBag from /home/edinaldo/Documents/previsao_remuneracao/previsao_remuneracao/venv/lib/python3.10/site-packages/airflow/example_dags/subdags/subdag.py
[2023-04-05 21:25:14,772] {processor.py:653} WARNING - No viable dags retrieved from /home/edinaldo/Documents/previsao_remuneracao/previsao_remuneracao/venv/lib/python3.10/site-packages/airflow/example_dags/subdags/subdag.py
[2023-04-05 21:25:14,796] {processor.py:161} INFO - Processing /home/edinaldo/Documents/previsao_remuneracao/previsao_remuneracao/venv/lib/python3.10/site-packages/airflow/example_dags/subdags/subdag.py took 0.058 seconds
[2023-04-05 21:25:47,966] {processor.py:153} INFO - Started process (PID=54709) to work on /home/edinaldo/Documents/previsao_remuneracao/previsao_remuneracao/venv/lib/python3.10/site-packages/airflow/example_dags/subdags/subdag.py
[2023-04-05 21:25:47,967] {processor.py:641} INFO - Processing file /home/edinaldo/Documents/previsao_remuneracao/previsao_remuneracao/venv/lib/python3.10/site-packages/airflow/example_dags/subdags/subdag.py for tasks to queue
[2023-04-05 21:25:47,967] {logging_mixin.py:115} INFO - [2023-04-05 21:25:47,967] {dagbag.py:507} INFO - Filling up the DagBag from /home/edinaldo/Documents/previsao_remuneracao/previsao_remuneracao/venv/lib/python3.10/site-packages/airflow/example_dags/subdags/subdag.py
[2023-04-05 21:25:47,969] {processor.py:653} WARNING - No viable dags retrieved from /home/edinaldo/Documents/previsao_remuneracao/previsao_remuneracao/venv/lib/python3.10/site-packages/airflow/example_dags/subdags/subdag.py
[2023-04-05 21:25:47,980] {processor.py:161} INFO - Processing /home/edinaldo/Documents/previsao_remuneracao/previsao_remuneracao/venv/lib/python3.10/site-packages/airflow/example_dags/subdags/subdag.py took 0.018 seconds
[2023-04-05 21:26:26,447] {processor.py:153} INFO - Started process (PID=54907) to work on /home/edinaldo/Documents/previsao_remuneracao/previsao_remuneracao/venv/lib/python3.10/site-packages/airflow/example_dags/subdags/subdag.py
[2023-04-05 21:26:26,456] {processor.py:641} INFO - Processing file /home/edinaldo/Documents/previsao_remuneracao/previsao_remuneracao/venv/lib/python3.10/site-packages/airflow/example_dags/subdags/subdag.py for tasks to queue
[2023-04-05 21:26:26,456] {logging_mixin.py:115} INFO - [2023-04-05 21:26:26,456] {dagbag.py:507} INFO - Filling up the DagBag from /home/edinaldo/Documents/previsao_remuneracao/previsao_remuneracao/venv/lib/python3.10/site-packages/airflow/example_dags/subdags/subdag.py
[2023-04-05 21:26:26,458] {processor.py:653} WARNING - No viable dags retrieved from /home/edinaldo/Documents/previsao_remuneracao/previsao_remuneracao/venv/lib/python3.10/site-packages/airflow/example_dags/subdags/subdag.py
[2023-04-05 21:26:26,469] {processor.py:161} INFO - Processing /home/edinaldo/Documents/previsao_remuneracao/previsao_remuneracao/venv/lib/python3.10/site-packages/airflow/example_dags/subdags/subdag.py took 0.028 seconds
[2023-04-05 21:27:03,785] {processor.py:153} INFO - Started process (PID=55131) to work on /home/edinaldo/Documents/previsao_remuneracao/previsao_remuneracao/venv/lib/python3.10/site-packages/airflow/example_dags/subdags/subdag.py
[2023-04-05 21:27:03,795] {processor.py:641} INFO - Processing file /home/edinaldo/Documents/previsao_remuneracao/previsao_remuneracao/venv/lib/python3.10/site-packages/airflow/example_dags/subdags/subdag.py for tasks to queue
[2023-04-05 21:27:03,795] {logging_mixin.py:115} INFO - [2023-04-05 21:27:03,795] {dagbag.py:507} INFO - Filling up the DagBag from /home/edinaldo/Documents/previsao_remuneracao/previsao_remuneracao/venv/lib/python3.10/site-packages/airflow/example_dags/subdags/subdag.py
[2023-04-05 21:27:03,797] {processor.py:653} WARNING - No viable dags retrieved from /home/edinaldo/Documents/previsao_remuneracao/previsao_remuneracao/venv/lib/python3.10/site-packages/airflow/example_dags/subdags/subdag.py
[2023-04-05 21:27:03,808] {processor.py:161} INFO - Processing /home/edinaldo/Documents/previsao_remuneracao/previsao_remuneracao/venv/lib/python3.10/site-packages/airflow/example_dags/subdags/subdag.py took 0.027 seconds
[2023-04-05 21:27:36,090] {processor.py:153} INFO - Started process (PID=55360) to work on /home/edinaldo/Documents/previsao_remuneracao/previsao_remuneracao/venv/lib/python3.10/site-packages/airflow/example_dags/subdags/subdag.py
[2023-04-05 21:27:36,091] {processor.py:641} INFO - Processing file /home/edinaldo/Documents/previsao_remuneracao/previsao_remuneracao/venv/lib/python3.10/site-packages/airflow/example_dags/subdags/subdag.py for tasks to queue
[2023-04-05 21:27:36,092] {logging_mixin.py:115} INFO - [2023-04-05 21:27:36,092] {dagbag.py:507} INFO - Filling up the DagBag from /home/edinaldo/Documents/previsao_remuneracao/previsao_remuneracao/venv/lib/python3.10/site-packages/airflow/example_dags/subdags/subdag.py
[2023-04-05 21:27:36,093] {processor.py:653} WARNING - No viable dags retrieved from /home/edinaldo/Documents/previsao_remuneracao/previsao_remuneracao/venv/lib/python3.10/site-packages/airflow/example_dags/subdags/subdag.py
[2023-04-05 21:27:36,105] {processor.py:161} INFO - Processing /home/edinaldo/Documents/previsao_remuneracao/previsao_remuneracao/venv/lib/python3.10/site-packages/airflow/example_dags/subdags/subdag.py took 0.018 seconds
[2023-04-05 21:28:22,270] {processor.py:153} INFO - Started process (PID=55566) to work on /home/edinaldo/Documents/previsao_remuneracao/previsao_remuneracao/venv/lib/python3.10/site-packages/airflow/example_dags/subdags/subdag.py
[2023-04-05 21:28:22,288] {processor.py:641} INFO - Processing file /home/edinaldo/Documents/previsao_remuneracao/previsao_remuneracao/venv/lib/python3.10/site-packages/airflow/example_dags/subdags/subdag.py for tasks to queue
[2023-04-05 21:28:22,289] {logging_mixin.py:115} INFO - [2023-04-05 21:28:22,289] {dagbag.py:507} INFO - Filling up the DagBag from /home/edinaldo/Documents/previsao_remuneracao/previsao_remuneracao/venv/lib/python3.10/site-packages/airflow/example_dags/subdags/subdag.py
[2023-04-05 21:28:22,294] {processor.py:653} WARNING - No viable dags retrieved from /home/edinaldo/Documents/previsao_remuneracao/previsao_remuneracao/venv/lib/python3.10/site-packages/airflow/example_dags/subdags/subdag.py
[2023-04-05 21:28:22,316] {processor.py:161} INFO - Processing /home/edinaldo/Documents/previsao_remuneracao/previsao_remuneracao/venv/lib/python3.10/site-packages/airflow/example_dags/subdags/subdag.py took 0.062 seconds
[2023-04-05 21:29:00,322] {processor.py:153} INFO - Started process (PID=55605) to work on /home/edinaldo/Documents/previsao_remuneracao/previsao_remuneracao/venv/lib/python3.10/site-packages/airflow/example_dags/subdags/subdag.py
[2023-04-05 21:29:00,335] {processor.py:641} INFO - Processing file /home/edinaldo/Documents/previsao_remuneracao/previsao_remuneracao/venv/lib/python3.10/site-packages/airflow/example_dags/subdags/subdag.py for tasks to queue
[2023-04-05 21:29:00,336] {logging_mixin.py:115} INFO - [2023-04-05 21:29:00,336] {dagbag.py:507} INFO - Filling up the DagBag from /home/edinaldo/Documents/previsao_remuneracao/previsao_remuneracao/venv/lib/python3.10/site-packages/airflow/example_dags/subdags/subdag.py
[2023-04-05 21:29:00,361] {processor.py:653} WARNING - No viable dags retrieved from /home/edinaldo/Documents/previsao_remuneracao/previsao_remuneracao/venv/lib/python3.10/site-packages/airflow/example_dags/subdags/subdag.py
[2023-04-05 21:29:00,386] {processor.py:161} INFO - Processing /home/edinaldo/Documents/previsao_remuneracao/previsao_remuneracao/venv/lib/python3.10/site-packages/airflow/example_dags/subdags/subdag.py took 0.067 seconds
[2023-04-05 21:29:37,344] {processor.py:153} INFO - Started process (PID=55640) to work on /home/edinaldo/Documents/previsao_remuneracao/previsao_remuneracao/venv/lib/python3.10/site-packages/airflow/example_dags/subdags/subdag.py
[2023-04-05 21:29:37,351] {processor.py:641} INFO - Processing file /home/edinaldo/Documents/previsao_remuneracao/previsao_remuneracao/venv/lib/python3.10/site-packages/airflow/example_dags/subdags/subdag.py for tasks to queue
[2023-04-05 21:29:37,352] {logging_mixin.py:115} INFO - [2023-04-05 21:29:37,352] {dagbag.py:507} INFO - Filling up the DagBag from /home/edinaldo/Documents/previsao_remuneracao/previsao_remuneracao/venv/lib/python3.10/site-packages/airflow/example_dags/subdags/subdag.py
[2023-04-05 21:29:37,356] {processor.py:653} WARNING - No viable dags retrieved from /home/edinaldo/Documents/previsao_remuneracao/previsao_remuneracao/venv/lib/python3.10/site-packages/airflow/example_dags/subdags/subdag.py
[2023-04-05 21:29:37,383] {processor.py:161} INFO - Processing /home/edinaldo/Documents/previsao_remuneracao/previsao_remuneracao/venv/lib/python3.10/site-packages/airflow/example_dags/subdags/subdag.py took 0.046 seconds
[2023-04-05 21:30:10,354] {processor.py:153} INFO - Started process (PID=55669) to work on /home/edinaldo/Documents/previsao_remuneracao/previsao_remuneracao/venv/lib/python3.10/site-packages/airflow/example_dags/subdags/subdag.py
[2023-04-05 21:30:10,355] {processor.py:641} INFO - Processing file /home/edinaldo/Documents/previsao_remuneracao/previsao_remuneracao/venv/lib/python3.10/site-packages/airflow/example_dags/subdags/subdag.py for tasks to queue
[2023-04-05 21:30:10,357] {logging_mixin.py:115} INFO - [2023-04-05 21:30:10,357] {dagbag.py:507} INFO - Filling up the DagBag from /home/edinaldo/Documents/previsao_remuneracao/previsao_remuneracao/venv/lib/python3.10/site-packages/airflow/example_dags/subdags/subdag.py
[2023-04-05 21:30:10,360] {processor.py:653} WARNING - No viable dags retrieved from /home/edinaldo/Documents/previsao_remuneracao/previsao_remuneracao/venv/lib/python3.10/site-packages/airflow/example_dags/subdags/subdag.py
[2023-04-05 21:30:10,381] {processor.py:161} INFO - Processing /home/edinaldo/Documents/previsao_remuneracao/previsao_remuneracao/venv/lib/python3.10/site-packages/airflow/example_dags/subdags/subdag.py took 0.040 seconds
[2023-04-05 21:30:40,822] {processor.py:153} INFO - Started process (PID=55697) to work on /home/edinaldo/Documents/previsao_remuneracao/previsao_remuneracao/venv/lib/python3.10/site-packages/airflow/example_dags/subdags/subdag.py
[2023-04-05 21:30:40,826] {processor.py:641} INFO - Processing file /home/edinaldo/Documents/previsao_remuneracao/previsao_remuneracao/venv/lib/python3.10/site-packages/airflow/example_dags/subdags/subdag.py for tasks to queue
[2023-04-05 21:30:40,827] {logging_mixin.py:115} INFO - [2023-04-05 21:30:40,827] {dagbag.py:507} INFO - Filling up the DagBag from /home/edinaldo/Documents/previsao_remuneracao/previsao_remuneracao/venv/lib/python3.10/site-packages/airflow/example_dags/subdags/subdag.py
[2023-04-05 21:30:40,829] {processor.py:653} WARNING - No viable dags retrieved from /home/edinaldo/Documents/previsao_remuneracao/previsao_remuneracao/venv/lib/python3.10/site-packages/airflow/example_dags/subdags/subdag.py
[2023-04-05 21:30:40,845] {processor.py:161} INFO - Processing /home/edinaldo/Documents/previsao_remuneracao/previsao_remuneracao/venv/lib/python3.10/site-packages/airflow/example_dags/subdags/subdag.py took 0.026 seconds
[2023-04-05 21:31:14,264] {processor.py:153} INFO - Started process (PID=55752) to work on /home/edinaldo/Documents/previsao_remuneracao/previsao_remuneracao/venv/lib/python3.10/site-packages/airflow/example_dags/subdags/subdag.py
[2023-04-05 21:31:14,280] {processor.py:641} INFO - Processing file /home/edinaldo/Documents/previsao_remuneracao/previsao_remuneracao/venv/lib/python3.10/site-packages/airflow/example_dags/subdags/subdag.py for tasks to queue
[2023-04-05 21:31:14,281] {logging_mixin.py:115} INFO - [2023-04-05 21:31:14,281] {dagbag.py:507} INFO - Filling up the DagBag from /home/edinaldo/Documents/previsao_remuneracao/previsao_remuneracao/venv/lib/python3.10/site-packages/airflow/example_dags/subdags/subdag.py
[2023-04-05 21:31:14,285] {processor.py:653} WARNING - No viable dags retrieved from /home/edinaldo/Documents/previsao_remuneracao/previsao_remuneracao/venv/lib/python3.10/site-packages/airflow/example_dags/subdags/subdag.py
[2023-04-05 21:31:14,303] {processor.py:161} INFO - Processing /home/edinaldo/Documents/previsao_remuneracao/previsao_remuneracao/venv/lib/python3.10/site-packages/airflow/example_dags/subdags/subdag.py took 0.047 seconds
[2023-04-05 21:31:47,624] {processor.py:153} INFO - Started process (PID=55810) to work on /home/edinaldo/Documents/previsao_remuneracao/previsao_remuneracao/venv/lib/python3.10/site-packages/airflow/example_dags/subdags/subdag.py
[2023-04-05 21:31:47,631] {processor.py:641} INFO - Processing file /home/edinaldo/Documents/previsao_remuneracao/previsao_remuneracao/venv/lib/python3.10/site-packages/airflow/example_dags/subdags/subdag.py for tasks to queue
[2023-04-05 21:31:47,632] {logging_mixin.py:115} INFO - [2023-04-05 21:31:47,632] {dagbag.py:507} INFO - Filling up the DagBag from /home/edinaldo/Documents/previsao_remuneracao/previsao_remuneracao/venv/lib/python3.10/site-packages/airflow/example_dags/subdags/subdag.py
[2023-04-05 21:31:47,636] {processor.py:653} WARNING - No viable dags retrieved from /home/edinaldo/Documents/previsao_remuneracao/previsao_remuneracao/venv/lib/python3.10/site-packages/airflow/example_dags/subdags/subdag.py
[2023-04-05 21:31:47,651] {processor.py:161} INFO - Processing /home/edinaldo/Documents/previsao_remuneracao/previsao_remuneracao/venv/lib/python3.10/site-packages/airflow/example_dags/subdags/subdag.py took 0.034 seconds
[2023-04-05 21:32:36,157] {processor.py:153} INFO - Started process (PID=56067) to work on /home/edinaldo/Documents/previsao_remuneracao/previsao_remuneracao/venv/lib/python3.10/site-packages/airflow/example_dags/subdags/subdag.py
[2023-04-05 21:32:36,184] {processor.py:641} INFO - Processing file /home/edinaldo/Documents/previsao_remuneracao/previsao_remuneracao/venv/lib/python3.10/site-packages/airflow/example_dags/subdags/subdag.py for tasks to queue
[2023-04-05 21:32:36,185] {logging_mixin.py:115} INFO - [2023-04-05 21:32:36,185] {dagbag.py:507} INFO - Filling up the DagBag from /home/edinaldo/Documents/previsao_remuneracao/previsao_remuneracao/venv/lib/python3.10/site-packages/airflow/example_dags/subdags/subdag.py
[2023-04-05 21:32:36,195] {processor.py:653} WARNING - No viable dags retrieved from /home/edinaldo/Documents/previsao_remuneracao/previsao_remuneracao/venv/lib/python3.10/site-packages/airflow/example_dags/subdags/subdag.py
[2023-04-05 21:32:36,209] {processor.py:161} INFO - Processing /home/edinaldo/Documents/previsao_remuneracao/previsao_remuneracao/venv/lib/python3.10/site-packages/airflow/example_dags/subdags/subdag.py took 0.055 seconds
[2023-04-05 21:33:06,554] {processor.py:153} INFO - Started process (PID=56105) to work on /home/edinaldo/Documents/previsao_remuneracao/previsao_remuneracao/venv/lib/python3.10/site-packages/airflow/example_dags/subdags/subdag.py
[2023-04-05 21:33:06,571] {processor.py:641} INFO - Processing file /home/edinaldo/Documents/previsao_remuneracao/previsao_remuneracao/venv/lib/python3.10/site-packages/airflow/example_dags/subdags/subdag.py for tasks to queue
[2023-04-05 21:33:06,572] {logging_mixin.py:115} INFO - [2023-04-05 21:33:06,572] {dagbag.py:507} INFO - Filling up the DagBag from /home/edinaldo/Documents/previsao_remuneracao/previsao_remuneracao/venv/lib/python3.10/site-packages/airflow/example_dags/subdags/subdag.py
[2023-04-05 21:33:06,581] {processor.py:653} WARNING - No viable dags retrieved from /home/edinaldo/Documents/previsao_remuneracao/previsao_remuneracao/venv/lib/python3.10/site-packages/airflow/example_dags/subdags/subdag.py
[2023-04-05 21:33:06,601] {processor.py:161} INFO - Processing /home/edinaldo/Documents/previsao_remuneracao/previsao_remuneracao/venv/lib/python3.10/site-packages/airflow/example_dags/subdags/subdag.py took 0.053 seconds
[2023-04-05 21:33:44,986] {processor.py:153} INFO - Started process (PID=56148) to work on /home/edinaldo/Documents/previsao_remuneracao/previsao_remuneracao/venv/lib/python3.10/site-packages/airflow/example_dags/subdags/subdag.py
[2023-04-05 21:33:44,996] {processor.py:641} INFO - Processing file /home/edinaldo/Documents/previsao_remuneracao/previsao_remuneracao/venv/lib/python3.10/site-packages/airflow/example_dags/subdags/subdag.py for tasks to queue
[2023-04-05 21:33:44,997] {logging_mixin.py:115} INFO - [2023-04-05 21:33:44,997] {dagbag.py:507} INFO - Filling up the DagBag from /home/edinaldo/Documents/previsao_remuneracao/previsao_remuneracao/venv/lib/python3.10/site-packages/airflow/example_dags/subdags/subdag.py
[2023-04-05 21:33:45,001] {processor.py:653} WARNING - No viable dags retrieved from /home/edinaldo/Documents/previsao_remuneracao/previsao_remuneracao/venv/lib/python3.10/site-packages/airflow/example_dags/subdags/subdag.py
[2023-04-05 21:33:45,027] {processor.py:161} INFO - Processing /home/edinaldo/Documents/previsao_remuneracao/previsao_remuneracao/venv/lib/python3.10/site-packages/airflow/example_dags/subdags/subdag.py took 0.047 seconds
[2023-04-05 21:34:15,406] {processor.py:153} INFO - Started process (PID=56193) to work on /home/edinaldo/Documents/previsao_remuneracao/previsao_remuneracao/venv/lib/python3.10/site-packages/airflow/example_dags/subdags/subdag.py
[2023-04-05 21:34:15,407] {processor.py:641} INFO - Processing file /home/edinaldo/Documents/previsao_remuneracao/previsao_remuneracao/venv/lib/python3.10/site-packages/airflow/example_dags/subdags/subdag.py for tasks to queue
[2023-04-05 21:34:15,409] {logging_mixin.py:115} INFO - [2023-04-05 21:34:15,409] {dagbag.py:507} INFO - Filling up the DagBag from /home/edinaldo/Documents/previsao_remuneracao/previsao_remuneracao/venv/lib/python3.10/site-packages/airflow/example_dags/subdags/subdag.py
[2023-04-05 21:34:15,412] {processor.py:653} WARNING - No viable dags retrieved from /home/edinaldo/Documents/previsao_remuneracao/previsao_remuneracao/venv/lib/python3.10/site-packages/airflow/example_dags/subdags/subdag.py
[2023-04-05 21:34:15,428] {processor.py:161} INFO - Processing /home/edinaldo/Documents/previsao_remuneracao/previsao_remuneracao/venv/lib/python3.10/site-packages/airflow/example_dags/subdags/subdag.py took 0.032 seconds
[2023-04-05 21:34:48,504] {processor.py:153} INFO - Started process (PID=56239) to work on /home/edinaldo/Documents/previsao_remuneracao/previsao_remuneracao/venv/lib/python3.10/site-packages/airflow/example_dags/subdags/subdag.py
[2023-04-05 21:34:48,515] {processor.py:641} INFO - Processing file /home/edinaldo/Documents/previsao_remuneracao/previsao_remuneracao/venv/lib/python3.10/site-packages/airflow/example_dags/subdags/subdag.py for tasks to queue
[2023-04-05 21:34:48,518] {logging_mixin.py:115} INFO - [2023-04-05 21:34:48,518] {dagbag.py:507} INFO - Filling up the DagBag from /home/edinaldo/Documents/previsao_remuneracao/previsao_remuneracao/venv/lib/python3.10/site-packages/airflow/example_dags/subdags/subdag.py
[2023-04-05 21:34:48,521] {processor.py:653} WARNING - No viable dags retrieved from /home/edinaldo/Documents/previsao_remuneracao/previsao_remuneracao/venv/lib/python3.10/site-packages/airflow/example_dags/subdags/subdag.py
[2023-04-05 21:34:48,544] {processor.py:161} INFO - Processing /home/edinaldo/Documents/previsao_remuneracao/previsao_remuneracao/venv/lib/python3.10/site-packages/airflow/example_dags/subdags/subdag.py took 0.047 seconds
[2023-04-05 21:35:23,478] {processor.py:153} INFO - Started process (PID=56273) to work on /home/edinaldo/Documents/previsao_remuneracao/previsao_remuneracao/venv/lib/python3.10/site-packages/airflow/example_dags/subdags/subdag.py
[2023-04-05 21:35:23,486] {processor.py:641} INFO - Processing file /home/edinaldo/Documents/previsao_remuneracao/previsao_remuneracao/venv/lib/python3.10/site-packages/airflow/example_dags/subdags/subdag.py for tasks to queue
[2023-04-05 21:35:23,488] {logging_mixin.py:115} INFO - [2023-04-05 21:35:23,488] {dagbag.py:507} INFO - Filling up the DagBag from /home/edinaldo/Documents/previsao_remuneracao/previsao_remuneracao/venv/lib/python3.10/site-packages/airflow/example_dags/subdags/subdag.py
[2023-04-05 21:35:23,492] {processor.py:653} WARNING - No viable dags retrieved from /home/edinaldo/Documents/previsao_remuneracao/previsao_remuneracao/venv/lib/python3.10/site-packages/airflow/example_dags/subdags/subdag.py
[2023-04-05 21:35:23,523] {processor.py:161} INFO - Processing /home/edinaldo/Documents/previsao_remuneracao/previsao_remuneracao/venv/lib/python3.10/site-packages/airflow/example_dags/subdags/subdag.py took 0.054 seconds
[2023-04-05 21:36:06,062] {processor.py:153} INFO - Started process (PID=56497) to work on /home/edinaldo/Documents/previsao_remuneracao/previsao_remuneracao/venv/lib/python3.10/site-packages/airflow/example_dags/subdags/subdag.py
[2023-04-05 21:36:06,126] {processor.py:641} INFO - Processing file /home/edinaldo/Documents/previsao_remuneracao/previsao_remuneracao/venv/lib/python3.10/site-packages/airflow/example_dags/subdags/subdag.py for tasks to queue
[2023-04-05 21:36:06,127] {logging_mixin.py:115} INFO - [2023-04-05 21:36:06,127] {dagbag.py:507} INFO - Filling up the DagBag from /home/edinaldo/Documents/previsao_remuneracao/previsao_remuneracao/venv/lib/python3.10/site-packages/airflow/example_dags/subdags/subdag.py
[2023-04-05 21:36:06,220] {processor.py:653} WARNING - No viable dags retrieved from /home/edinaldo/Documents/previsao_remuneracao/previsao_remuneracao/venv/lib/python3.10/site-packages/airflow/example_dags/subdags/subdag.py
[2023-04-05 21:36:06,246] {processor.py:161} INFO - Processing /home/edinaldo/Documents/previsao_remuneracao/previsao_remuneracao/venv/lib/python3.10/site-packages/airflow/example_dags/subdags/subdag.py took 0.199 seconds
[2023-04-05 21:36:53,476] {processor.py:153} INFO - Started process (PID=56715) to work on /home/edinaldo/Documents/previsao_remuneracao/previsao_remuneracao/venv/lib/python3.10/site-packages/airflow/example_dags/subdags/subdag.py
[2023-04-05 21:36:53,493] {processor.py:641} INFO - Processing file /home/edinaldo/Documents/previsao_remuneracao/previsao_remuneracao/venv/lib/python3.10/site-packages/airflow/example_dags/subdags/subdag.py for tasks to queue
[2023-04-05 21:36:53,494] {logging_mixin.py:115} INFO - [2023-04-05 21:36:53,494] {dagbag.py:507} INFO - Filling up the DagBag from /home/edinaldo/Documents/previsao_remuneracao/previsao_remuneracao/venv/lib/python3.10/site-packages/airflow/example_dags/subdags/subdag.py
[2023-04-05 21:36:53,510] {processor.py:653} WARNING - No viable dags retrieved from /home/edinaldo/Documents/previsao_remuneracao/previsao_remuneracao/venv/lib/python3.10/site-packages/airflow/example_dags/subdags/subdag.py
[2023-04-05 21:36:53,524] {processor.py:161} INFO - Processing /home/edinaldo/Documents/previsao_remuneracao/previsao_remuneracao/venv/lib/python3.10/site-packages/airflow/example_dags/subdags/subdag.py took 0.052 seconds
[2023-04-05 21:37:34,317] {processor.py:153} INFO - Started process (PID=56826) to work on /home/edinaldo/Documents/previsao_remuneracao/previsao_remuneracao/venv/lib/python3.10/site-packages/airflow/example_dags/subdags/subdag.py
[2023-04-05 21:37:34,363] {processor.py:641} INFO - Processing file /home/edinaldo/Documents/previsao_remuneracao/previsao_remuneracao/venv/lib/python3.10/site-packages/airflow/example_dags/subdags/subdag.py for tasks to queue
[2023-04-05 21:37:34,364] {logging_mixin.py:115} INFO - [2023-04-05 21:37:34,364] {dagbag.py:507} INFO - Filling up the DagBag from /home/edinaldo/Documents/previsao_remuneracao/previsao_remuneracao/venv/lib/python3.10/site-packages/airflow/example_dags/subdags/subdag.py
[2023-04-05 21:37:34,448] {processor.py:653} WARNING - No viable dags retrieved from /home/edinaldo/Documents/previsao_remuneracao/previsao_remuneracao/venv/lib/python3.10/site-packages/airflow/example_dags/subdags/subdag.py
[2023-04-05 21:37:34,479] {processor.py:161} INFO - Processing /home/edinaldo/Documents/previsao_remuneracao/previsao_remuneracao/venv/lib/python3.10/site-packages/airflow/example_dags/subdags/subdag.py took 0.172 seconds
[2023-04-05 21:38:20,864] {processor.py:153} INFO - Started process (PID=57000) to work on /home/edinaldo/Documents/previsao_remuneracao/previsao_remuneracao/venv/lib/python3.10/site-packages/airflow/example_dags/subdags/subdag.py
[2023-04-05 21:38:20,897] {processor.py:641} INFO - Processing file /home/edinaldo/Documents/previsao_remuneracao/previsao_remuneracao/venv/lib/python3.10/site-packages/airflow/example_dags/subdags/subdag.py for tasks to queue
[2023-04-05 21:38:20,899] {logging_mixin.py:115} INFO - [2023-04-05 21:38:20,898] {dagbag.py:507} INFO - Filling up the DagBag from /home/edinaldo/Documents/previsao_remuneracao/previsao_remuneracao/venv/lib/python3.10/site-packages/airflow/example_dags/subdags/subdag.py
[2023-04-05 21:38:20,905] {processor.py:653} WARNING - No viable dags retrieved from /home/edinaldo/Documents/previsao_remuneracao/previsao_remuneracao/venv/lib/python3.10/site-packages/airflow/example_dags/subdags/subdag.py
[2023-04-05 21:38:20,932] {processor.py:161} INFO - Processing /home/edinaldo/Documents/previsao_remuneracao/previsao_remuneracao/venv/lib/python3.10/site-packages/airflow/example_dags/subdags/subdag.py took 0.078 seconds
[2023-04-05 21:38:58,535] {processor.py:153} INFO - Started process (PID=57225) to work on /home/edinaldo/Documents/previsao_remuneracao/previsao_remuneracao/venv/lib/python3.10/site-packages/airflow/example_dags/subdags/subdag.py
[2023-04-05 21:38:58,644] {processor.py:641} INFO - Processing file /home/edinaldo/Documents/previsao_remuneracao/previsao_remuneracao/venv/lib/python3.10/site-packages/airflow/example_dags/subdags/subdag.py for tasks to queue
[2023-04-05 21:38:58,645] {logging_mixin.py:115} INFO - [2023-04-05 21:38:58,645] {dagbag.py:507} INFO - Filling up the DagBag from /home/edinaldo/Documents/previsao_remuneracao/previsao_remuneracao/venv/lib/python3.10/site-packages/airflow/example_dags/subdags/subdag.py
[2023-04-05 21:38:58,768] {processor.py:653} WARNING - No viable dags retrieved from /home/edinaldo/Documents/previsao_remuneracao/previsao_remuneracao/venv/lib/python3.10/site-packages/airflow/example_dags/subdags/subdag.py
[2023-04-05 21:38:58,797] {processor.py:161} INFO - Processing /home/edinaldo/Documents/previsao_remuneracao/previsao_remuneracao/venv/lib/python3.10/site-packages/airflow/example_dags/subdags/subdag.py took 0.268 seconds
[2023-04-05 21:39:33,348] {processor.py:153} INFO - Started process (PID=57402) to work on /home/edinaldo/Documents/previsao_remuneracao/previsao_remuneracao/venv/lib/python3.10/site-packages/airflow/example_dags/subdags/subdag.py
[2023-04-05 21:39:33,382] {processor.py:641} INFO - Processing file /home/edinaldo/Documents/previsao_remuneracao/previsao_remuneracao/venv/lib/python3.10/site-packages/airflow/example_dags/subdags/subdag.py for tasks to queue
[2023-04-05 21:39:33,383] {logging_mixin.py:115} INFO - [2023-04-05 21:39:33,382] {dagbag.py:507} INFO - Filling up the DagBag from /home/edinaldo/Documents/previsao_remuneracao/previsao_remuneracao/venv/lib/python3.10/site-packages/airflow/example_dags/subdags/subdag.py
[2023-04-05 21:39:33,460] {processor.py:653} WARNING - No viable dags retrieved from /home/edinaldo/Documents/previsao_remuneracao/previsao_remuneracao/venv/lib/python3.10/site-packages/airflow/example_dags/subdags/subdag.py
[2023-04-05 21:39:33,499] {processor.py:161} INFO - Processing /home/edinaldo/Documents/previsao_remuneracao/previsao_remuneracao/venv/lib/python3.10/site-packages/airflow/example_dags/subdags/subdag.py took 0.157 seconds
[2023-04-05 21:40:07,810] {processor.py:153} INFO - Started process (PID=57552) to work on /home/edinaldo/Documents/previsao_remuneracao/previsao_remuneracao/venv/lib/python3.10/site-packages/airflow/example_dags/subdags/subdag.py
[2023-04-05 21:40:07,832] {processor.py:641} INFO - Processing file /home/edinaldo/Documents/previsao_remuneracao/previsao_remuneracao/venv/lib/python3.10/site-packages/airflow/example_dags/subdags/subdag.py for tasks to queue
[2023-04-05 21:40:07,833] {logging_mixin.py:115} INFO - [2023-04-05 21:40:07,833] {dagbag.py:507} INFO - Filling up the DagBag from /home/edinaldo/Documents/previsao_remuneracao/previsao_remuneracao/venv/lib/python3.10/site-packages/airflow/example_dags/subdags/subdag.py
[2023-04-05 21:40:07,839] {processor.py:653} WARNING - No viable dags retrieved from /home/edinaldo/Documents/previsao_remuneracao/previsao_remuneracao/venv/lib/python3.10/site-packages/airflow/example_dags/subdags/subdag.py
[2023-04-05 21:40:07,864] {processor.py:161} INFO - Processing /home/edinaldo/Documents/previsao_remuneracao/previsao_remuneracao/venv/lib/python3.10/site-packages/airflow/example_dags/subdags/subdag.py took 0.057 seconds
[2023-04-05 21:40:41,501] {processor.py:153} INFO - Started process (PID=57724) to work on /home/edinaldo/Documents/previsao_remuneracao/previsao_remuneracao/venv/lib/python3.10/site-packages/airflow/example_dags/subdags/subdag.py
[2023-04-05 21:40:41,517] {processor.py:641} INFO - Processing file /home/edinaldo/Documents/previsao_remuneracao/previsao_remuneracao/venv/lib/python3.10/site-packages/airflow/example_dags/subdags/subdag.py for tasks to queue
[2023-04-05 21:40:41,518] {logging_mixin.py:115} INFO - [2023-04-05 21:40:41,518] {dagbag.py:507} INFO - Filling up the DagBag from /home/edinaldo/Documents/previsao_remuneracao/previsao_remuneracao/venv/lib/python3.10/site-packages/airflow/example_dags/subdags/subdag.py
[2023-04-05 21:40:41,520] {processor.py:653} WARNING - No viable dags retrieved from /home/edinaldo/Documents/previsao_remuneracao/previsao_remuneracao/venv/lib/python3.10/site-packages/airflow/example_dags/subdags/subdag.py
[2023-04-05 21:40:41,534] {processor.py:161} INFO - Processing /home/edinaldo/Documents/previsao_remuneracao/previsao_remuneracao/venv/lib/python3.10/site-packages/airflow/example_dags/subdags/subdag.py took 0.038 seconds
[2023-04-05 21:41:17,818] {processor.py:153} INFO - Started process (PID=57943) to work on /home/edinaldo/Documents/previsao_remuneracao/previsao_remuneracao/venv/lib/python3.10/site-packages/airflow/example_dags/subdags/subdag.py
[2023-04-05 21:41:17,827] {processor.py:641} INFO - Processing file /home/edinaldo/Documents/previsao_remuneracao/previsao_remuneracao/venv/lib/python3.10/site-packages/airflow/example_dags/subdags/subdag.py for tasks to queue
[2023-04-05 21:41:17,829] {logging_mixin.py:115} INFO - [2023-04-05 21:41:17,828] {dagbag.py:507} INFO - Filling up the DagBag from /home/edinaldo/Documents/previsao_remuneracao/previsao_remuneracao/venv/lib/python3.10/site-packages/airflow/example_dags/subdags/subdag.py
[2023-04-05 21:41:17,834] {processor.py:653} WARNING - No viable dags retrieved from /home/edinaldo/Documents/previsao_remuneracao/previsao_remuneracao/venv/lib/python3.10/site-packages/airflow/example_dags/subdags/subdag.py
[2023-04-05 21:41:17,853] {processor.py:161} INFO - Processing /home/edinaldo/Documents/previsao_remuneracao/previsao_remuneracao/venv/lib/python3.10/site-packages/airflow/example_dags/subdags/subdag.py took 0.040 seconds
[2023-04-05 21:41:58,549] {processor.py:153} INFO - Started process (PID=58192) to work on /home/edinaldo/Documents/previsao_remuneracao/previsao_remuneracao/venv/lib/python3.10/site-packages/airflow/example_dags/subdags/subdag.py
[2023-04-05 21:41:58,565] {processor.py:641} INFO - Processing file /home/edinaldo/Documents/previsao_remuneracao/previsao_remuneracao/venv/lib/python3.10/site-packages/airflow/example_dags/subdags/subdag.py for tasks to queue
[2023-04-05 21:41:58,566] {logging_mixin.py:115} INFO - [2023-04-05 21:41:58,566] {dagbag.py:507} INFO - Filling up the DagBag from /home/edinaldo/Documents/previsao_remuneracao/previsao_remuneracao/venv/lib/python3.10/site-packages/airflow/example_dags/subdags/subdag.py
[2023-04-05 21:41:58,582] {processor.py:653} WARNING - No viable dags retrieved from /home/edinaldo/Documents/previsao_remuneracao/previsao_remuneracao/venv/lib/python3.10/site-packages/airflow/example_dags/subdags/subdag.py
[2023-04-05 21:41:58,604] {processor.py:161} INFO - Processing /home/edinaldo/Documents/previsao_remuneracao/previsao_remuneracao/venv/lib/python3.10/site-packages/airflow/example_dags/subdags/subdag.py took 0.065 seconds
[2023-04-05 21:42:34,988] {processor.py:153} INFO - Started process (PID=58389) to work on /home/edinaldo/Documents/previsao_remuneracao/previsao_remuneracao/venv/lib/python3.10/site-packages/airflow/example_dags/subdags/subdag.py
[2023-04-05 21:42:35,000] {processor.py:641} INFO - Processing file /home/edinaldo/Documents/previsao_remuneracao/previsao_remuneracao/venv/lib/python3.10/site-packages/airflow/example_dags/subdags/subdag.py for tasks to queue
[2023-04-05 21:42:35,001] {logging_mixin.py:115} INFO - [2023-04-05 21:42:35,001] {dagbag.py:507} INFO - Filling up the DagBag from /home/edinaldo/Documents/previsao_remuneracao/previsao_remuneracao/venv/lib/python3.10/site-packages/airflow/example_dags/subdags/subdag.py
[2023-04-05 21:42:35,009] {processor.py:653} WARNING - No viable dags retrieved from /home/edinaldo/Documents/previsao_remuneracao/previsao_remuneracao/venv/lib/python3.10/site-packages/airflow/example_dags/subdags/subdag.py
[2023-04-05 21:42:35,028] {processor.py:161} INFO - Processing /home/edinaldo/Documents/previsao_remuneracao/previsao_remuneracao/venv/lib/python3.10/site-packages/airflow/example_dags/subdags/subdag.py took 0.051 seconds
