[2023-04-05 21:00:53,142] {processor.py:153} INFO - Started process (PID=52183) to work on /home/edinaldo/Documents/previsao_remuneracao/previsao_remuneracao/venv/lib/python3.10/site-packages/airflow/example_dags/example_latest_only_with_trigger.py
[2023-04-05 21:00:53,144] {processor.py:641} INFO - Processing file /home/edinaldo/Documents/previsao_remuneracao/previsao_remuneracao/venv/lib/python3.10/site-packages/airflow/example_dags/example_latest_only_with_trigger.py for tasks to queue
[2023-04-05 21:00:53,145] {logging_mixin.py:115} INFO - [2023-04-05 21:00:53,145] {dagbag.py:507} INFO - Filling up the DagBag from /home/edinaldo/Documents/previsao_remuneracao/previsao_remuneracao/venv/lib/python3.10/site-packages/airflow/example_dags/example_latest_only_with_trigger.py
[2023-04-05 21:00:53,157] {processor.py:651} INFO - DAG(s) dict_keys(['latest_only_with_trigger']) retrieved from /home/edinaldo/Documents/previsao_remuneracao/previsao_remuneracao/venv/lib/python3.10/site-packages/airflow/example_dags/example_latest_only_with_trigger.py
[2023-04-05 21:00:53,175] {logging_mixin.py:115} INFO - [2023-04-05 21:00:53,175] {dag.py:2379} INFO - Sync 1 DAGs
[2023-04-05 21:00:53,195] {logging_mixin.py:115} INFO - [2023-04-05 21:00:53,195] {dag.py:2927} INFO - Setting next_dagrun for latest_only_with_trigger to 2023-04-05T20:00:53.194894+00:00, run_after=2023-04-06T00:00:53.194894+00:00
[2023-04-05 21:00:53,312] {processor.py:161} INFO - Processing /home/edinaldo/Documents/previsao_remuneracao/previsao_remuneracao/venv/lib/python3.10/site-packages/airflow/example_dags/example_latest_only_with_trigger.py took 0.180 seconds
[2023-04-05 21:01:30,870] {processor.py:153} INFO - Started process (PID=52217) to work on /home/edinaldo/Documents/previsao_remuneracao/previsao_remuneracao/venv/lib/python3.10/site-packages/airflow/example_dags/example_latest_only_with_trigger.py
[2023-04-05 21:01:30,887] {processor.py:641} INFO - Processing file /home/edinaldo/Documents/previsao_remuneracao/previsao_remuneracao/venv/lib/python3.10/site-packages/airflow/example_dags/example_latest_only_with_trigger.py for tasks to queue
[2023-04-05 21:01:30,887] {logging_mixin.py:115} INFO - [2023-04-05 21:01:30,887] {dagbag.py:507} INFO - Filling up the DagBag from /home/edinaldo/Documents/previsao_remuneracao/previsao_remuneracao/venv/lib/python3.10/site-packages/airflow/example_dags/example_latest_only_with_trigger.py
[2023-04-05 21:01:30,895] {processor.py:651} INFO - DAG(s) dict_keys(['latest_only_with_trigger']) retrieved from /home/edinaldo/Documents/previsao_remuneracao/previsao_remuneracao/venv/lib/python3.10/site-packages/airflow/example_dags/example_latest_only_with_trigger.py
[2023-04-05 21:01:31,002] {logging_mixin.py:115} INFO - [2023-04-05 21:01:31,002] {dag.py:2379} INFO - Sync 1 DAGs
[2023-04-05 21:01:31,023] {logging_mixin.py:115} INFO - [2023-04-05 21:01:31,022] {dag.py:2927} INFO - Setting next_dagrun for latest_only_with_trigger to 2023-04-05T20:01:31.022630+00:00, run_after=2023-04-06T00:01:31.022630+00:00
[2023-04-05 21:01:31,122] {processor.py:161} INFO - Processing /home/edinaldo/Documents/previsao_remuneracao/previsao_remuneracao/venv/lib/python3.10/site-packages/airflow/example_dags/example_latest_only_with_trigger.py took 0.256 seconds
[2023-04-05 21:02:14,086] {processor.py:153} INFO - Started process (PID=52331) to work on /home/edinaldo/Documents/previsao_remuneracao/previsao_remuneracao/venv/lib/python3.10/site-packages/airflow/example_dags/example_latest_only_with_trigger.py
[2023-04-05 21:02:14,103] {processor.py:641} INFO - Processing file /home/edinaldo/Documents/previsao_remuneracao/previsao_remuneracao/venv/lib/python3.10/site-packages/airflow/example_dags/example_latest_only_with_trigger.py for tasks to queue
[2023-04-05 21:02:14,104] {logging_mixin.py:115} INFO - [2023-04-05 21:02:14,104] {dagbag.py:507} INFO - Filling up the DagBag from /home/edinaldo/Documents/previsao_remuneracao/previsao_remuneracao/venv/lib/python3.10/site-packages/airflow/example_dags/example_latest_only_with_trigger.py
[2023-04-05 21:02:14,166] {processor.py:651} INFO - DAG(s) dict_keys(['latest_only_with_trigger']) retrieved from /home/edinaldo/Documents/previsao_remuneracao/previsao_remuneracao/venv/lib/python3.10/site-packages/airflow/example_dags/example_latest_only_with_trigger.py
[2023-04-05 21:02:14,248] {logging_mixin.py:115} INFO - [2023-04-05 21:02:14,248] {dag.py:2379} INFO - Sync 1 DAGs
[2023-04-05 21:02:14,271] {logging_mixin.py:115} INFO - [2023-04-05 21:02:14,271] {dag.py:2927} INFO - Setting next_dagrun for latest_only_with_trigger to 2023-04-05T20:02:14.271535+00:00, run_after=2023-04-06T00:02:14.271535+00:00
[2023-04-05 21:02:14,383] {processor.py:161} INFO - Processing /home/edinaldo/Documents/previsao_remuneracao/previsao_remuneracao/venv/lib/python3.10/site-packages/airflow/example_dags/example_latest_only_with_trigger.py took 0.303 seconds
[2023-04-05 21:03:04,977] {processor.py:153} INFO - Started process (PID=52445) to work on /home/edinaldo/Documents/previsao_remuneracao/previsao_remuneracao/venv/lib/python3.10/site-packages/airflow/example_dags/example_latest_only_with_trigger.py
[2023-04-05 21:03:04,979] {processor.py:641} INFO - Processing file /home/edinaldo/Documents/previsao_remuneracao/previsao_remuneracao/venv/lib/python3.10/site-packages/airflow/example_dags/example_latest_only_with_trigger.py for tasks to queue
[2023-04-05 21:03:04,981] {logging_mixin.py:115} INFO - [2023-04-05 21:03:04,981] {dagbag.py:507} INFO - Filling up the DagBag from /home/edinaldo/Documents/previsao_remuneracao/previsao_remuneracao/venv/lib/python3.10/site-packages/airflow/example_dags/example_latest_only_with_trigger.py
[2023-04-05 21:03:04,995] {processor.py:651} INFO - DAG(s) dict_keys(['latest_only_with_trigger']) retrieved from /home/edinaldo/Documents/previsao_remuneracao/previsao_remuneracao/venv/lib/python3.10/site-packages/airflow/example_dags/example_latest_only_with_trigger.py
[2023-04-05 21:03:05,014] {logging_mixin.py:115} INFO - [2023-04-05 21:03:05,014] {dag.py:2379} INFO - Sync 1 DAGs
[2023-04-05 21:03:05,033] {logging_mixin.py:115} INFO - [2023-04-05 21:03:05,033] {dag.py:2927} INFO - Setting next_dagrun for latest_only_with_trigger to 2023-04-05T20:03:05.033406+00:00, run_after=2023-04-06T00:03:05.033406+00:00
[2023-04-05 21:03:05,127] {processor.py:161} INFO - Processing /home/edinaldo/Documents/previsao_remuneracao/previsao_remuneracao/venv/lib/python3.10/site-packages/airflow/example_dags/example_latest_only_with_trigger.py took 0.160 seconds
[2023-04-05 21:03:53,239] {processor.py:153} INFO - Started process (PID=52496) to work on /home/edinaldo/Documents/previsao_remuneracao/previsao_remuneracao/venv/lib/python3.10/site-packages/airflow/example_dags/example_latest_only_with_trigger.py
[2023-04-05 21:03:53,256] {processor.py:641} INFO - Processing file /home/edinaldo/Documents/previsao_remuneracao/previsao_remuneracao/venv/lib/python3.10/site-packages/airflow/example_dags/example_latest_only_with_trigger.py for tasks to queue
[2023-04-05 21:03:53,258] {logging_mixin.py:115} INFO - [2023-04-05 21:03:53,258] {dagbag.py:507} INFO - Filling up the DagBag from /home/edinaldo/Documents/previsao_remuneracao/previsao_remuneracao/venv/lib/python3.10/site-packages/airflow/example_dags/example_latest_only_with_trigger.py
[2023-04-05 21:03:53,276] {processor.py:651} INFO - DAG(s) dict_keys(['latest_only_with_trigger']) retrieved from /home/edinaldo/Documents/previsao_remuneracao/previsao_remuneracao/venv/lib/python3.10/site-packages/airflow/example_dags/example_latest_only_with_trigger.py
[2023-04-05 21:03:53,297] {logging_mixin.py:115} INFO - [2023-04-05 21:03:53,297] {dag.py:2379} INFO - Sync 1 DAGs
[2023-04-05 21:03:53,318] {logging_mixin.py:115} INFO - [2023-04-05 21:03:53,318] {dag.py:2927} INFO - Setting next_dagrun for latest_only_with_trigger to 2023-04-05T20:03:53.317720+00:00, run_after=2023-04-06T00:03:53.317720+00:00
[2023-04-05 21:03:53,418] {processor.py:161} INFO - Processing /home/edinaldo/Documents/previsao_remuneracao/previsao_remuneracao/venv/lib/python3.10/site-packages/airflow/example_dags/example_latest_only_with_trigger.py took 0.189 seconds
[2023-04-05 21:04:37,232] {processor.py:153} INFO - Started process (PID=52561) to work on /home/edinaldo/Documents/previsao_remuneracao/previsao_remuneracao/venv/lib/python3.10/site-packages/airflow/example_dags/example_latest_only_with_trigger.py
[2023-04-05 21:04:37,234] {processor.py:641} INFO - Processing file /home/edinaldo/Documents/previsao_remuneracao/previsao_remuneracao/venv/lib/python3.10/site-packages/airflow/example_dags/example_latest_only_with_trigger.py for tasks to queue
[2023-04-05 21:04:37,236] {logging_mixin.py:115} INFO - [2023-04-05 21:04:37,236] {dagbag.py:507} INFO - Filling up the DagBag from /home/edinaldo/Documents/previsao_remuneracao/previsao_remuneracao/venv/lib/python3.10/site-packages/airflow/example_dags/example_latest_only_with_trigger.py
[2023-04-05 21:04:37,263] {processor.py:651} INFO - DAG(s) dict_keys(['latest_only_with_trigger']) retrieved from /home/edinaldo/Documents/previsao_remuneracao/previsao_remuneracao/venv/lib/python3.10/site-packages/airflow/example_dags/example_latest_only_with_trigger.py
[2023-04-05 21:04:37,301] {logging_mixin.py:115} INFO - [2023-04-05 21:04:37,301] {dag.py:2379} INFO - Sync 1 DAGs
[2023-04-05 21:04:37,323] {logging_mixin.py:115} INFO - [2023-04-05 21:04:37,323] {dag.py:2927} INFO - Setting next_dagrun for latest_only_with_trigger to 2023-04-05T20:04:37.323190+00:00, run_after=2023-04-06T00:04:37.323190+00:00
[2023-04-05 21:04:37,418] {processor.py:161} INFO - Processing /home/edinaldo/Documents/previsao_remuneracao/previsao_remuneracao/venv/lib/python3.10/site-packages/airflow/example_dags/example_latest_only_with_trigger.py took 0.199 seconds
[2023-04-05 21:05:15,866] {processor.py:153} INFO - Started process (PID=52614) to work on /home/edinaldo/Documents/previsao_remuneracao/previsao_remuneracao/venv/lib/python3.10/site-packages/airflow/example_dags/example_latest_only_with_trigger.py
[2023-04-05 21:05:15,868] {processor.py:641} INFO - Processing file /home/edinaldo/Documents/previsao_remuneracao/previsao_remuneracao/venv/lib/python3.10/site-packages/airflow/example_dags/example_latest_only_with_trigger.py for tasks to queue
[2023-04-05 21:05:15,869] {logging_mixin.py:115} INFO - [2023-04-05 21:05:15,869] {dagbag.py:507} INFO - Filling up the DagBag from /home/edinaldo/Documents/previsao_remuneracao/previsao_remuneracao/venv/lib/python3.10/site-packages/airflow/example_dags/example_latest_only_with_trigger.py
[2023-04-05 21:05:15,886] {processor.py:651} INFO - DAG(s) dict_keys(['latest_only_with_trigger']) retrieved from /home/edinaldo/Documents/previsao_remuneracao/previsao_remuneracao/venv/lib/python3.10/site-packages/airflow/example_dags/example_latest_only_with_trigger.py
[2023-04-05 21:05:15,916] {logging_mixin.py:115} INFO - [2023-04-05 21:05:15,916] {dag.py:2379} INFO - Sync 1 DAGs
[2023-04-05 21:05:15,947] {logging_mixin.py:115} INFO - [2023-04-05 21:05:15,947] {dag.py:2927} INFO - Setting next_dagrun for latest_only_with_trigger to 2023-04-05T20:05:15.947448+00:00, run_after=2023-04-06T00:05:15.947448+00:00
[2023-04-05 21:05:16,050] {processor.py:161} INFO - Processing /home/edinaldo/Documents/previsao_remuneracao/previsao_remuneracao/venv/lib/python3.10/site-packages/airflow/example_dags/example_latest_only_with_trigger.py took 0.194 seconds
[2023-04-05 21:05:59,363] {processor.py:153} INFO - Started process (PID=52688) to work on /home/edinaldo/Documents/previsao_remuneracao/previsao_remuneracao/venv/lib/python3.10/site-packages/airflow/example_dags/example_latest_only_with_trigger.py
[2023-04-05 21:05:59,363] {processor.py:641} INFO - Processing file /home/edinaldo/Documents/previsao_remuneracao/previsao_remuneracao/venv/lib/python3.10/site-packages/airflow/example_dags/example_latest_only_with_trigger.py for tasks to queue
[2023-04-05 21:05:59,364] {logging_mixin.py:115} INFO - [2023-04-05 21:05:59,364] {dagbag.py:507} INFO - Filling up the DagBag from /home/edinaldo/Documents/previsao_remuneracao/previsao_remuneracao/venv/lib/python3.10/site-packages/airflow/example_dags/example_latest_only_with_trigger.py
[2023-04-05 21:05:59,395] {processor.py:651} INFO - DAG(s) dict_keys(['latest_only_with_trigger']) retrieved from /home/edinaldo/Documents/previsao_remuneracao/previsao_remuneracao/venv/lib/python3.10/site-packages/airflow/example_dags/example_latest_only_with_trigger.py
[2023-04-05 21:05:59,415] {logging_mixin.py:115} INFO - [2023-04-05 21:05:59,415] {dag.py:2379} INFO - Sync 1 DAGs
[2023-04-05 21:05:59,434] {logging_mixin.py:115} INFO - [2023-04-05 21:05:59,434] {dag.py:2927} INFO - Setting next_dagrun for latest_only_with_trigger to 2023-04-05T20:05:59.434497+00:00, run_after=2023-04-06T00:05:59.434497+00:00
[2023-04-05 21:05:59,567] {processor.py:161} INFO - Processing /home/edinaldo/Documents/previsao_remuneracao/previsao_remuneracao/venv/lib/python3.10/site-packages/airflow/example_dags/example_latest_only_with_trigger.py took 0.209 seconds
[2023-04-05 21:06:38,317] {processor.py:153} INFO - Started process (PID=52748) to work on /home/edinaldo/Documents/previsao_remuneracao/previsao_remuneracao/venv/lib/python3.10/site-packages/airflow/example_dags/example_latest_only_with_trigger.py
[2023-04-05 21:06:38,329] {processor.py:641} INFO - Processing file /home/edinaldo/Documents/previsao_remuneracao/previsao_remuneracao/venv/lib/python3.10/site-packages/airflow/example_dags/example_latest_only_with_trigger.py for tasks to queue
[2023-04-05 21:06:38,330] {logging_mixin.py:115} INFO - [2023-04-05 21:06:38,330] {dagbag.py:507} INFO - Filling up the DagBag from /home/edinaldo/Documents/previsao_remuneracao/previsao_remuneracao/venv/lib/python3.10/site-packages/airflow/example_dags/example_latest_only_with_trigger.py
[2023-04-05 21:06:38,342] {processor.py:651} INFO - DAG(s) dict_keys(['latest_only_with_trigger']) retrieved from /home/edinaldo/Documents/previsao_remuneracao/previsao_remuneracao/venv/lib/python3.10/site-packages/airflow/example_dags/example_latest_only_with_trigger.py
[2023-04-05 21:06:38,365] {logging_mixin.py:115} INFO - [2023-04-05 21:06:38,365] {dag.py:2379} INFO - Sync 1 DAGs
[2023-04-05 21:06:38,384] {logging_mixin.py:115} INFO - [2023-04-05 21:06:38,384] {dag.py:2927} INFO - Setting next_dagrun for latest_only_with_trigger to 2023-04-05T20:06:38.384202+00:00, run_after=2023-04-06T00:06:38.384202+00:00
[2023-04-05 21:06:38,477] {processor.py:161} INFO - Processing /home/edinaldo/Documents/previsao_remuneracao/previsao_remuneracao/venv/lib/python3.10/site-packages/airflow/example_dags/example_latest_only_with_trigger.py took 0.164 seconds
[2023-04-05 21:07:16,629] {processor.py:153} INFO - Started process (PID=52786) to work on /home/edinaldo/Documents/previsao_remuneracao/previsao_remuneracao/venv/lib/python3.10/site-packages/airflow/example_dags/example_latest_only_with_trigger.py
[2023-04-05 21:07:16,635] {processor.py:641} INFO - Processing file /home/edinaldo/Documents/previsao_remuneracao/previsao_remuneracao/venv/lib/python3.10/site-packages/airflow/example_dags/example_latest_only_with_trigger.py for tasks to queue
[2023-04-05 21:07:16,636] {logging_mixin.py:115} INFO - [2023-04-05 21:07:16,636] {dagbag.py:507} INFO - Filling up the DagBag from /home/edinaldo/Documents/previsao_remuneracao/previsao_remuneracao/venv/lib/python3.10/site-packages/airflow/example_dags/example_latest_only_with_trigger.py
[2023-04-05 21:07:16,646] {processor.py:651} INFO - DAG(s) dict_keys(['latest_only_with_trigger']) retrieved from /home/edinaldo/Documents/previsao_remuneracao/previsao_remuneracao/venv/lib/python3.10/site-packages/airflow/example_dags/example_latest_only_with_trigger.py
[2023-04-05 21:07:16,688] {logging_mixin.py:115} INFO - [2023-04-05 21:07:16,688] {dag.py:2379} INFO - Sync 1 DAGs
[2023-04-05 21:07:16,707] {logging_mixin.py:115} INFO - [2023-04-05 21:07:16,707] {dag.py:2927} INFO - Setting next_dagrun for latest_only_with_trigger to 2023-04-05T20:07:16.707367+00:00, run_after=2023-04-06T00:07:16.707367+00:00
[2023-04-05 21:07:16,802] {processor.py:161} INFO - Processing /home/edinaldo/Documents/previsao_remuneracao/previsao_remuneracao/venv/lib/python3.10/site-packages/airflow/example_dags/example_latest_only_with_trigger.py took 0.178 seconds
[2023-04-05 21:07:56,316] {processor.py:153} INFO - Started process (PID=52825) to work on /home/edinaldo/Documents/previsao_remuneracao/previsao_remuneracao/venv/lib/python3.10/site-packages/airflow/example_dags/example_latest_only_with_trigger.py
[2023-04-05 21:07:56,318] {processor.py:641} INFO - Processing file /home/edinaldo/Documents/previsao_remuneracao/previsao_remuneracao/venv/lib/python3.10/site-packages/airflow/example_dags/example_latest_only_with_trigger.py for tasks to queue
[2023-04-05 21:07:56,320] {logging_mixin.py:115} INFO - [2023-04-05 21:07:56,320] {dagbag.py:507} INFO - Filling up the DagBag from /home/edinaldo/Documents/previsao_remuneracao/previsao_remuneracao/venv/lib/python3.10/site-packages/airflow/example_dags/example_latest_only_with_trigger.py
[2023-04-05 21:07:56,334] {processor.py:651} INFO - DAG(s) dict_keys(['latest_only_with_trigger']) retrieved from /home/edinaldo/Documents/previsao_remuneracao/previsao_remuneracao/venv/lib/python3.10/site-packages/airflow/example_dags/example_latest_only_with_trigger.py
[2023-04-05 21:07:56,353] {logging_mixin.py:115} INFO - [2023-04-05 21:07:56,353] {dag.py:2379} INFO - Sync 1 DAGs
[2023-04-05 21:07:56,372] {logging_mixin.py:115} INFO - [2023-04-05 21:07:56,371] {dag.py:2927} INFO - Setting next_dagrun for latest_only_with_trigger to 2023-04-05T20:07:56.371647+00:00, run_after=2023-04-06T00:07:56.371647+00:00
[2023-04-05 21:07:56,487] {processor.py:161} INFO - Processing /home/edinaldo/Documents/previsao_remuneracao/previsao_remuneracao/venv/lib/python3.10/site-packages/airflow/example_dags/example_latest_only_with_trigger.py took 0.181 seconds
[2023-04-05 21:08:36,948] {processor.py:153} INFO - Started process (PID=52861) to work on /home/edinaldo/Documents/previsao_remuneracao/previsao_remuneracao/venv/lib/python3.10/site-packages/airflow/example_dags/example_latest_only_with_trigger.py
[2023-04-05 21:08:36,949] {processor.py:641} INFO - Processing file /home/edinaldo/Documents/previsao_remuneracao/previsao_remuneracao/venv/lib/python3.10/site-packages/airflow/example_dags/example_latest_only_with_trigger.py for tasks to queue
[2023-04-05 21:08:36,950] {logging_mixin.py:115} INFO - [2023-04-05 21:08:36,950] {dagbag.py:507} INFO - Filling up the DagBag from /home/edinaldo/Documents/previsao_remuneracao/previsao_remuneracao/venv/lib/python3.10/site-packages/airflow/example_dags/example_latest_only_with_trigger.py
[2023-04-05 21:08:36,957] {processor.py:651} INFO - DAG(s) dict_keys(['latest_only_with_trigger']) retrieved from /home/edinaldo/Documents/previsao_remuneracao/previsao_remuneracao/venv/lib/python3.10/site-packages/airflow/example_dags/example_latest_only_with_trigger.py
[2023-04-05 21:08:36,975] {logging_mixin.py:115} INFO - [2023-04-05 21:08:36,975] {dag.py:2379} INFO - Sync 1 DAGs
[2023-04-05 21:08:36,994] {logging_mixin.py:115} INFO - [2023-04-05 21:08:36,994] {dag.py:2927} INFO - Setting next_dagrun for latest_only_with_trigger to 2023-04-05T20:08:36.993914+00:00, run_after=2023-04-06T00:08:36.993914+00:00
[2023-04-05 21:08:37,082] {processor.py:161} INFO - Processing /home/edinaldo/Documents/previsao_remuneracao/previsao_remuneracao/venv/lib/python3.10/site-packages/airflow/example_dags/example_latest_only_with_trigger.py took 0.137 seconds
[2023-04-05 21:09:13,741] {processor.py:153} INFO - Started process (PID=52896) to work on /home/edinaldo/Documents/previsao_remuneracao/previsao_remuneracao/venv/lib/python3.10/site-packages/airflow/example_dags/example_latest_only_with_trigger.py
[2023-04-05 21:09:13,742] {processor.py:641} INFO - Processing file /home/edinaldo/Documents/previsao_remuneracao/previsao_remuneracao/venv/lib/python3.10/site-packages/airflow/example_dags/example_latest_only_with_trigger.py for tasks to queue
[2023-04-05 21:09:13,742] {logging_mixin.py:115} INFO - [2023-04-05 21:09:13,742] {dagbag.py:507} INFO - Filling up the DagBag from /home/edinaldo/Documents/previsao_remuneracao/previsao_remuneracao/venv/lib/python3.10/site-packages/airflow/example_dags/example_latest_only_with_trigger.py
[2023-04-05 21:09:13,750] {processor.py:651} INFO - DAG(s) dict_keys(['latest_only_with_trigger']) retrieved from /home/edinaldo/Documents/previsao_remuneracao/previsao_remuneracao/venv/lib/python3.10/site-packages/airflow/example_dags/example_latest_only_with_trigger.py
[2023-04-05 21:09:13,767] {logging_mixin.py:115} INFO - [2023-04-05 21:09:13,767] {dag.py:2379} INFO - Sync 1 DAGs
[2023-04-05 21:09:13,787] {logging_mixin.py:115} INFO - [2023-04-05 21:09:13,787] {dag.py:2927} INFO - Setting next_dagrun for latest_only_with_trigger to 2023-04-05T20:09:13.786712+00:00, run_after=2023-04-06T00:09:13.786712+00:00
[2023-04-05 21:09:13,888] {processor.py:161} INFO - Processing /home/edinaldo/Documents/previsao_remuneracao/previsao_remuneracao/venv/lib/python3.10/site-packages/airflow/example_dags/example_latest_only_with_trigger.py took 0.151 seconds
[2023-04-05 21:09:53,231] {processor.py:153} INFO - Started process (PID=52932) to work on /home/edinaldo/Documents/previsao_remuneracao/previsao_remuneracao/venv/lib/python3.10/site-packages/airflow/example_dags/example_latest_only_with_trigger.py
[2023-04-05 21:09:53,232] {processor.py:641} INFO - Processing file /home/edinaldo/Documents/previsao_remuneracao/previsao_remuneracao/venv/lib/python3.10/site-packages/airflow/example_dags/example_latest_only_with_trigger.py for tasks to queue
[2023-04-05 21:09:53,232] {logging_mixin.py:115} INFO - [2023-04-05 21:09:53,232] {dagbag.py:507} INFO - Filling up the DagBag from /home/edinaldo/Documents/previsao_remuneracao/previsao_remuneracao/venv/lib/python3.10/site-packages/airflow/example_dags/example_latest_only_with_trigger.py
[2023-04-05 21:09:53,239] {processor.py:651} INFO - DAG(s) dict_keys(['latest_only_with_trigger']) retrieved from /home/edinaldo/Documents/previsao_remuneracao/previsao_remuneracao/venv/lib/python3.10/site-packages/airflow/example_dags/example_latest_only_with_trigger.py
[2023-04-05 21:09:53,256] {logging_mixin.py:115} INFO - [2023-04-05 21:09:53,256] {dag.py:2379} INFO - Sync 1 DAGs
[2023-04-05 21:09:53,275] {logging_mixin.py:115} INFO - [2023-04-05 21:09:53,275] {dag.py:2927} INFO - Setting next_dagrun for latest_only_with_trigger to 2023-04-05T20:09:53.275433+00:00, run_after=2023-04-06T00:09:53.275433+00:00
[2023-04-05 21:09:53,366] {processor.py:161} INFO - Processing /home/edinaldo/Documents/previsao_remuneracao/previsao_remuneracao/venv/lib/python3.10/site-packages/airflow/example_dags/example_latest_only_with_trigger.py took 0.138 seconds
[2023-04-05 21:10:32,585] {processor.py:153} INFO - Started process (PID=52995) to work on /home/edinaldo/Documents/previsao_remuneracao/previsao_remuneracao/venv/lib/python3.10/site-packages/airflow/example_dags/example_latest_only_with_trigger.py
[2023-04-05 21:10:32,984] {processor.py:641} INFO - Processing file /home/edinaldo/Documents/previsao_remuneracao/previsao_remuneracao/venv/lib/python3.10/site-packages/airflow/example_dags/example_latest_only_with_trigger.py for tasks to queue
[2023-04-05 21:10:32,986] {logging_mixin.py:115} INFO - [2023-04-05 21:10:32,986] {dagbag.py:507} INFO - Filling up the DagBag from /home/edinaldo/Documents/previsao_remuneracao/previsao_remuneracao/venv/lib/python3.10/site-packages/airflow/example_dags/example_latest_only_with_trigger.py
[2023-04-05 21:10:33,011] {processor.py:651} INFO - DAG(s) dict_keys(['latest_only_with_trigger']) retrieved from /home/edinaldo/Documents/previsao_remuneracao/previsao_remuneracao/venv/lib/python3.10/site-packages/airflow/example_dags/example_latest_only_with_trigger.py
[2023-04-05 21:10:33,035] {logging_mixin.py:115} INFO - [2023-04-05 21:10:33,035] {dag.py:2379} INFO - Sync 1 DAGs
[2023-04-05 21:10:33,059] {logging_mixin.py:115} INFO - [2023-04-05 21:10:33,059] {dag.py:2927} INFO - Setting next_dagrun for latest_only_with_trigger to 2023-04-05T20:10:33.059075+00:00, run_after=2023-04-06T00:10:33.059075+00:00
[2023-04-05 21:10:33,509] {processor.py:161} INFO - Processing /home/edinaldo/Documents/previsao_remuneracao/previsao_remuneracao/venv/lib/python3.10/site-packages/airflow/example_dags/example_latest_only_with_trigger.py took 0.936 seconds
[2023-04-05 21:11:22,526] {processor.py:153} INFO - Started process (PID=53137) to work on /home/edinaldo/Documents/previsao_remuneracao/previsao_remuneracao/venv/lib/python3.10/site-packages/airflow/example_dags/example_latest_only_with_trigger.py
[2023-04-05 21:11:22,527] {processor.py:641} INFO - Processing file /home/edinaldo/Documents/previsao_remuneracao/previsao_remuneracao/venv/lib/python3.10/site-packages/airflow/example_dags/example_latest_only_with_trigger.py for tasks to queue
[2023-04-05 21:11:22,528] {logging_mixin.py:115} INFO - [2023-04-05 21:11:22,528] {dagbag.py:507} INFO - Filling up the DagBag from /home/edinaldo/Documents/previsao_remuneracao/previsao_remuneracao/venv/lib/python3.10/site-packages/airflow/example_dags/example_latest_only_with_trigger.py
[2023-04-05 21:11:22,535] {processor.py:651} INFO - DAG(s) dict_keys(['latest_only_with_trigger']) retrieved from /home/edinaldo/Documents/previsao_remuneracao/previsao_remuneracao/venv/lib/python3.10/site-packages/airflow/example_dags/example_latest_only_with_trigger.py
[2023-04-05 21:11:22,552] {logging_mixin.py:115} INFO - [2023-04-05 21:11:22,552] {dag.py:2379} INFO - Sync 1 DAGs
[2023-04-05 21:11:22,571] {logging_mixin.py:115} INFO - [2023-04-05 21:11:22,571] {dag.py:2927} INFO - Setting next_dagrun for latest_only_with_trigger to 2023-04-05T20:11:22.571238+00:00, run_after=2023-04-06T00:11:22.571238+00:00
[2023-04-05 21:11:22,666] {processor.py:161} INFO - Processing /home/edinaldo/Documents/previsao_remuneracao/previsao_remuneracao/venv/lib/python3.10/site-packages/airflow/example_dags/example_latest_only_with_trigger.py took 0.143 seconds
[2023-04-05 21:12:07,791] {processor.py:153} INFO - Started process (PID=53216) to work on /home/edinaldo/Documents/previsao_remuneracao/previsao_remuneracao/venv/lib/python3.10/site-packages/airflow/example_dags/example_latest_only_with_trigger.py
[2023-04-05 21:12:07,805] {processor.py:641} INFO - Processing file /home/edinaldo/Documents/previsao_remuneracao/previsao_remuneracao/venv/lib/python3.10/site-packages/airflow/example_dags/example_latest_only_with_trigger.py for tasks to queue
[2023-04-05 21:12:07,806] {logging_mixin.py:115} INFO - [2023-04-05 21:12:07,805] {dagbag.py:507} INFO - Filling up the DagBag from /home/edinaldo/Documents/previsao_remuneracao/previsao_remuneracao/venv/lib/python3.10/site-packages/airflow/example_dags/example_latest_only_with_trigger.py
[2023-04-05 21:12:07,818] {processor.py:651} INFO - DAG(s) dict_keys(['latest_only_with_trigger']) retrieved from /home/edinaldo/Documents/previsao_remuneracao/previsao_remuneracao/venv/lib/python3.10/site-packages/airflow/example_dags/example_latest_only_with_trigger.py
[2023-04-05 21:12:07,843] {logging_mixin.py:115} INFO - [2023-04-05 21:12:07,843] {dag.py:2379} INFO - Sync 1 DAGs
[2023-04-05 21:12:07,865] {logging_mixin.py:115} INFO - [2023-04-05 21:12:07,864] {dag.py:2927} INFO - Setting next_dagrun for latest_only_with_trigger to 2023-04-05T20:12:07.864550+00:00, run_after=2023-04-06T00:12:07.864550+00:00
[2023-04-05 21:12:07,955] {processor.py:161} INFO - Processing /home/edinaldo/Documents/previsao_remuneracao/previsao_remuneracao/venv/lib/python3.10/site-packages/airflow/example_dags/example_latest_only_with_trigger.py took 0.171 seconds
[2023-04-05 21:12:58,382] {processor.py:153} INFO - Started process (PID=53399) to work on /home/edinaldo/Documents/previsao_remuneracao/previsao_remuneracao/venv/lib/python3.10/site-packages/airflow/example_dags/example_latest_only_with_trigger.py
[2023-04-05 21:12:58,417] {processor.py:641} INFO - Processing file /home/edinaldo/Documents/previsao_remuneracao/previsao_remuneracao/venv/lib/python3.10/site-packages/airflow/example_dags/example_latest_only_with_trigger.py for tasks to queue
[2023-04-05 21:12:58,419] {logging_mixin.py:115} INFO - [2023-04-05 21:12:58,418] {dagbag.py:507} INFO - Filling up the DagBag from /home/edinaldo/Documents/previsao_remuneracao/previsao_remuneracao/venv/lib/python3.10/site-packages/airflow/example_dags/example_latest_only_with_trigger.py
[2023-04-05 21:12:58,465] {processor.py:651} INFO - DAG(s) dict_keys(['latest_only_with_trigger']) retrieved from /home/edinaldo/Documents/previsao_remuneracao/previsao_remuneracao/venv/lib/python3.10/site-packages/airflow/example_dags/example_latest_only_with_trigger.py
[2023-04-05 21:12:58,510] {logging_mixin.py:115} INFO - [2023-04-05 21:12:58,509] {dag.py:2379} INFO - Sync 1 DAGs
[2023-04-05 21:12:58,531] {logging_mixin.py:115} INFO - [2023-04-05 21:12:58,531] {dag.py:2927} INFO - Setting next_dagrun for latest_only_with_trigger to 2023-04-05T20:12:58.531199+00:00, run_after=2023-04-06T00:12:58.531199+00:00
[2023-04-05 21:12:58,621] {processor.py:161} INFO - Processing /home/edinaldo/Documents/previsao_remuneracao/previsao_remuneracao/venv/lib/python3.10/site-packages/airflow/example_dags/example_latest_only_with_trigger.py took 0.252 seconds
[2023-04-05 21:13:41,638] {processor.py:153} INFO - Started process (PID=53449) to work on /home/edinaldo/Documents/previsao_remuneracao/previsao_remuneracao/venv/lib/python3.10/site-packages/airflow/example_dags/example_latest_only_with_trigger.py
[2023-04-05 21:13:41,654] {processor.py:641} INFO - Processing file /home/edinaldo/Documents/previsao_remuneracao/previsao_remuneracao/venv/lib/python3.10/site-packages/airflow/example_dags/example_latest_only_with_trigger.py for tasks to queue
[2023-04-05 21:13:41,656] {logging_mixin.py:115} INFO - [2023-04-05 21:13:41,655] {dagbag.py:507} INFO - Filling up the DagBag from /home/edinaldo/Documents/previsao_remuneracao/previsao_remuneracao/venv/lib/python3.10/site-packages/airflow/example_dags/example_latest_only_with_trigger.py
[2023-04-05 21:13:41,673] {processor.py:651} INFO - DAG(s) dict_keys(['latest_only_with_trigger']) retrieved from /home/edinaldo/Documents/previsao_remuneracao/previsao_remuneracao/venv/lib/python3.10/site-packages/airflow/example_dags/example_latest_only_with_trigger.py
[2023-04-05 21:13:41,693] {logging_mixin.py:115} INFO - [2023-04-05 21:13:41,693] {dag.py:2379} INFO - Sync 1 DAGs
[2023-04-05 21:13:41,713] {logging_mixin.py:115} INFO - [2023-04-05 21:13:41,713] {dag.py:2927} INFO - Setting next_dagrun for latest_only_with_trigger to 2023-04-05T20:13:41.712675+00:00, run_after=2023-04-06T00:13:41.712675+00:00
[2023-04-05 21:13:41,805] {processor.py:161} INFO - Processing /home/edinaldo/Documents/previsao_remuneracao/previsao_remuneracao/venv/lib/python3.10/site-packages/airflow/example_dags/example_latest_only_with_trigger.py took 0.176 seconds
[2023-04-05 21:14:21,590] {processor.py:153} INFO - Started process (PID=53483) to work on /home/edinaldo/Documents/previsao_remuneracao/previsao_remuneracao/venv/lib/python3.10/site-packages/airflow/example_dags/example_latest_only_with_trigger.py
[2023-04-05 21:14:21,593] {processor.py:641} INFO - Processing file /home/edinaldo/Documents/previsao_remuneracao/previsao_remuneracao/venv/lib/python3.10/site-packages/airflow/example_dags/example_latest_only_with_trigger.py for tasks to queue
[2023-04-05 21:14:21,595] {logging_mixin.py:115} INFO - [2023-04-05 21:14:21,594] {dagbag.py:507} INFO - Filling up the DagBag from /home/edinaldo/Documents/previsao_remuneracao/previsao_remuneracao/venv/lib/python3.10/site-packages/airflow/example_dags/example_latest_only_with_trigger.py
[2023-04-05 21:14:21,610] {processor.py:651} INFO - DAG(s) dict_keys(['latest_only_with_trigger']) retrieved from /home/edinaldo/Documents/previsao_remuneracao/previsao_remuneracao/venv/lib/python3.10/site-packages/airflow/example_dags/example_latest_only_with_trigger.py
[2023-04-05 21:14:21,767] {logging_mixin.py:115} INFO - [2023-04-05 21:14:21,767] {dag.py:2379} INFO - Sync 1 DAGs
[2023-04-05 21:14:21,796] {logging_mixin.py:115} INFO - [2023-04-05 21:14:21,796] {dag.py:2927} INFO - Setting next_dagrun for latest_only_with_trigger to 2023-04-05T20:14:21.795693+00:00, run_after=2023-04-06T00:14:21.795693+00:00
[2023-04-05 21:14:21,899] {processor.py:161} INFO - Processing /home/edinaldo/Documents/previsao_remuneracao/previsao_remuneracao/venv/lib/python3.10/site-packages/airflow/example_dags/example_latest_only_with_trigger.py took 0.316 seconds
[2023-04-05 21:15:03,281] {processor.py:153} INFO - Started process (PID=53526) to work on /home/edinaldo/Documents/previsao_remuneracao/previsao_remuneracao/venv/lib/python3.10/site-packages/airflow/example_dags/example_latest_only_with_trigger.py
[2023-04-05 21:15:03,283] {processor.py:641} INFO - Processing file /home/edinaldo/Documents/previsao_remuneracao/previsao_remuneracao/venv/lib/python3.10/site-packages/airflow/example_dags/example_latest_only_with_trigger.py for tasks to queue
[2023-04-05 21:15:03,285] {logging_mixin.py:115} INFO - [2023-04-05 21:15:03,285] {dagbag.py:507} INFO - Filling up the DagBag from /home/edinaldo/Documents/previsao_remuneracao/previsao_remuneracao/venv/lib/python3.10/site-packages/airflow/example_dags/example_latest_only_with_trigger.py
[2023-04-05 21:15:03,296] {processor.py:651} INFO - DAG(s) dict_keys(['latest_only_with_trigger']) retrieved from /home/edinaldo/Documents/previsao_remuneracao/previsao_remuneracao/venv/lib/python3.10/site-packages/airflow/example_dags/example_latest_only_with_trigger.py
[2023-04-05 21:15:03,314] {logging_mixin.py:115} INFO - [2023-04-05 21:15:03,314] {dag.py:2379} INFO - Sync 1 DAGs
[2023-04-05 21:15:03,334] {logging_mixin.py:115} INFO - [2023-04-05 21:15:03,334] {dag.py:2927} INFO - Setting next_dagrun for latest_only_with_trigger to 2023-04-05T20:15:03.333819+00:00, run_after=2023-04-06T00:15:03.333819+00:00
[2023-04-05 21:15:03,430] {processor.py:161} INFO - Processing /home/edinaldo/Documents/previsao_remuneracao/previsao_remuneracao/venv/lib/python3.10/site-packages/airflow/example_dags/example_latest_only_with_trigger.py took 0.158 seconds
[2023-04-05 21:15:54,437] {processor.py:153} INFO - Started process (PID=53607) to work on /home/edinaldo/Documents/previsao_remuneracao/previsao_remuneracao/venv/lib/python3.10/site-packages/airflow/example_dags/example_latest_only_with_trigger.py
[2023-04-05 21:15:54,445] {processor.py:641} INFO - Processing file /home/edinaldo/Documents/previsao_remuneracao/previsao_remuneracao/venv/lib/python3.10/site-packages/airflow/example_dags/example_latest_only_with_trigger.py for tasks to queue
[2023-04-05 21:15:54,445] {logging_mixin.py:115} INFO - [2023-04-05 21:15:54,445] {dagbag.py:507} INFO - Filling up the DagBag from /home/edinaldo/Documents/previsao_remuneracao/previsao_remuneracao/venv/lib/python3.10/site-packages/airflow/example_dags/example_latest_only_with_trigger.py
[2023-04-05 21:15:54,475] {processor.py:651} INFO - DAG(s) dict_keys(['latest_only_with_trigger']) retrieved from /home/edinaldo/Documents/previsao_remuneracao/previsao_remuneracao/venv/lib/python3.10/site-packages/airflow/example_dags/example_latest_only_with_trigger.py
[2023-04-05 21:15:54,493] {logging_mixin.py:115} INFO - [2023-04-05 21:15:54,493] {dag.py:2379} INFO - Sync 1 DAGs
[2023-04-05 21:15:54,512] {logging_mixin.py:115} INFO - [2023-04-05 21:15:54,512] {dag.py:2927} INFO - Setting next_dagrun for latest_only_with_trigger to 2023-04-05T20:15:54.512445+00:00, run_after=2023-04-06T00:15:54.512445+00:00
[2023-04-05 21:15:54,608] {processor.py:161} INFO - Processing /home/edinaldo/Documents/previsao_remuneracao/previsao_remuneracao/venv/lib/python3.10/site-packages/airflow/example_dags/example_latest_only_with_trigger.py took 0.177 seconds
[2023-04-05 21:16:38,324] {processor.py:153} INFO - Started process (PID=53670) to work on /home/edinaldo/Documents/previsao_remuneracao/previsao_remuneracao/venv/lib/python3.10/site-packages/airflow/example_dags/example_latest_only_with_trigger.py
[2023-04-05 21:16:38,338] {processor.py:641} INFO - Processing file /home/edinaldo/Documents/previsao_remuneracao/previsao_remuneracao/venv/lib/python3.10/site-packages/airflow/example_dags/example_latest_only_with_trigger.py for tasks to queue
[2023-04-05 21:16:38,340] {logging_mixin.py:115} INFO - [2023-04-05 21:16:38,340] {dagbag.py:507} INFO - Filling up the DagBag from /home/edinaldo/Documents/previsao_remuneracao/previsao_remuneracao/venv/lib/python3.10/site-packages/airflow/example_dags/example_latest_only_with_trigger.py
[2023-04-05 21:16:38,360] {processor.py:651} INFO - DAG(s) dict_keys(['latest_only_with_trigger']) retrieved from /home/edinaldo/Documents/previsao_remuneracao/previsao_remuneracao/venv/lib/python3.10/site-packages/airflow/example_dags/example_latest_only_with_trigger.py
[2023-04-05 21:16:38,379] {logging_mixin.py:115} INFO - [2023-04-05 21:16:38,379] {dag.py:2379} INFO - Sync 1 DAGs
[2023-04-05 21:16:38,398] {logging_mixin.py:115} INFO - [2023-04-05 21:16:38,398] {dag.py:2927} INFO - Setting next_dagrun for latest_only_with_trigger to 2023-04-05T20:16:38.397806+00:00, run_after=2023-04-06T00:16:38.397806+00:00
[2023-04-05 21:16:38,476] {processor.py:161} INFO - Processing /home/edinaldo/Documents/previsao_remuneracao/previsao_remuneracao/venv/lib/python3.10/site-packages/airflow/example_dags/example_latest_only_with_trigger.py took 0.161 seconds
[2023-04-05 21:17:23,089] {processor.py:153} INFO - Started process (PID=53717) to work on /home/edinaldo/Documents/previsao_remuneracao/previsao_remuneracao/venv/lib/python3.10/site-packages/airflow/example_dags/example_latest_only_with_trigger.py
[2023-04-05 21:17:23,096] {processor.py:641} INFO - Processing file /home/edinaldo/Documents/previsao_remuneracao/previsao_remuneracao/venv/lib/python3.10/site-packages/airflow/example_dags/example_latest_only_with_trigger.py for tasks to queue
[2023-04-05 21:17:23,097] {logging_mixin.py:115} INFO - [2023-04-05 21:17:23,096] {dagbag.py:507} INFO - Filling up the DagBag from /home/edinaldo/Documents/previsao_remuneracao/previsao_remuneracao/venv/lib/python3.10/site-packages/airflow/example_dags/example_latest_only_with_trigger.py
[2023-04-05 21:17:23,111] {processor.py:651} INFO - DAG(s) dict_keys(['latest_only_with_trigger']) retrieved from /home/edinaldo/Documents/previsao_remuneracao/previsao_remuneracao/venv/lib/python3.10/site-packages/airflow/example_dags/example_latest_only_with_trigger.py
[2023-04-05 21:17:23,136] {logging_mixin.py:115} INFO - [2023-04-05 21:17:23,136] {dag.py:2379} INFO - Sync 1 DAGs
[2023-04-05 21:17:23,155] {logging_mixin.py:115} INFO - [2023-04-05 21:17:23,154] {dag.py:2927} INFO - Setting next_dagrun for latest_only_with_trigger to 2023-04-05T20:17:23.154640+00:00, run_after=2023-04-06T00:17:23.154640+00:00
[2023-04-05 21:17:23,238] {processor.py:161} INFO - Processing /home/edinaldo/Documents/previsao_remuneracao/previsao_remuneracao/venv/lib/python3.10/site-packages/airflow/example_dags/example_latest_only_with_trigger.py took 0.153 seconds
[2023-04-05 21:18:02,494] {processor.py:153} INFO - Started process (PID=53757) to work on /home/edinaldo/Documents/previsao_remuneracao/previsao_remuneracao/venv/lib/python3.10/site-packages/airflow/example_dags/example_latest_only_with_trigger.py
[2023-04-05 21:18:02,505] {processor.py:641} INFO - Processing file /home/edinaldo/Documents/previsao_remuneracao/previsao_remuneracao/venv/lib/python3.10/site-packages/airflow/example_dags/example_latest_only_with_trigger.py for tasks to queue
[2023-04-05 21:18:02,506] {logging_mixin.py:115} INFO - [2023-04-05 21:18:02,506] {dagbag.py:507} INFO - Filling up the DagBag from /home/edinaldo/Documents/previsao_remuneracao/previsao_remuneracao/venv/lib/python3.10/site-packages/airflow/example_dags/example_latest_only_with_trigger.py
[2023-04-05 21:18:02,526] {processor.py:651} INFO - DAG(s) dict_keys(['latest_only_with_trigger']) retrieved from /home/edinaldo/Documents/previsao_remuneracao/previsao_remuneracao/venv/lib/python3.10/site-packages/airflow/example_dags/example_latest_only_with_trigger.py
[2023-04-05 21:18:02,549] {logging_mixin.py:115} INFO - [2023-04-05 21:18:02,549] {dag.py:2379} INFO - Sync 1 DAGs
[2023-04-05 21:18:02,568] {logging_mixin.py:115} INFO - [2023-04-05 21:18:02,568] {dag.py:2927} INFO - Setting next_dagrun for latest_only_with_trigger to 2023-04-05T20:18:02.568369+00:00, run_after=2023-04-06T00:18:02.568369+00:00
[2023-04-05 21:18:02,652] {processor.py:161} INFO - Processing /home/edinaldo/Documents/previsao_remuneracao/previsao_remuneracao/venv/lib/python3.10/site-packages/airflow/example_dags/example_latest_only_with_trigger.py took 0.163 seconds
[2023-04-05 21:18:41,667] {processor.py:153} INFO - Started process (PID=53800) to work on /home/edinaldo/Documents/previsao_remuneracao/previsao_remuneracao/venv/lib/python3.10/site-packages/airflow/example_dags/example_latest_only_with_trigger.py
[2023-04-05 21:18:41,672] {processor.py:641} INFO - Processing file /home/edinaldo/Documents/previsao_remuneracao/previsao_remuneracao/venv/lib/python3.10/site-packages/airflow/example_dags/example_latest_only_with_trigger.py for tasks to queue
[2023-04-05 21:18:41,673] {logging_mixin.py:115} INFO - [2023-04-05 21:18:41,673] {dagbag.py:507} INFO - Filling up the DagBag from /home/edinaldo/Documents/previsao_remuneracao/previsao_remuneracao/venv/lib/python3.10/site-packages/airflow/example_dags/example_latest_only_with_trigger.py
[2023-04-05 21:18:41,682] {processor.py:651} INFO - DAG(s) dict_keys(['latest_only_with_trigger']) retrieved from /home/edinaldo/Documents/previsao_remuneracao/previsao_remuneracao/venv/lib/python3.10/site-packages/airflow/example_dags/example_latest_only_with_trigger.py
[2023-04-05 21:18:41,701] {logging_mixin.py:115} INFO - [2023-04-05 21:18:41,700] {dag.py:2379} INFO - Sync 1 DAGs
[2023-04-05 21:18:41,720] {logging_mixin.py:115} INFO - [2023-04-05 21:18:41,719] {dag.py:2927} INFO - Setting next_dagrun for latest_only_with_trigger to 2023-04-05T20:18:41.719564+00:00, run_after=2023-04-06T00:18:41.719564+00:00
[2023-04-05 21:18:41,807] {processor.py:161} INFO - Processing /home/edinaldo/Documents/previsao_remuneracao/previsao_remuneracao/venv/lib/python3.10/site-packages/airflow/example_dags/example_latest_only_with_trigger.py took 0.143 seconds
[2023-04-05 21:19:18,847] {processor.py:153} INFO - Started process (PID=53835) to work on /home/edinaldo/Documents/previsao_remuneracao/previsao_remuneracao/venv/lib/python3.10/site-packages/airflow/example_dags/example_latest_only_with_trigger.py
[2023-04-05 21:19:18,848] {processor.py:641} INFO - Processing file /home/edinaldo/Documents/previsao_remuneracao/previsao_remuneracao/venv/lib/python3.10/site-packages/airflow/example_dags/example_latest_only_with_trigger.py for tasks to queue
[2023-04-05 21:19:18,849] {logging_mixin.py:115} INFO - [2023-04-05 21:19:18,849] {dagbag.py:507} INFO - Filling up the DagBag from /home/edinaldo/Documents/previsao_remuneracao/previsao_remuneracao/venv/lib/python3.10/site-packages/airflow/example_dags/example_latest_only_with_trigger.py
[2023-04-05 21:19:18,860] {processor.py:651} INFO - DAG(s) dict_keys(['latest_only_with_trigger']) retrieved from /home/edinaldo/Documents/previsao_remuneracao/previsao_remuneracao/venv/lib/python3.10/site-packages/airflow/example_dags/example_latest_only_with_trigger.py
[2023-04-05 21:19:18,877] {logging_mixin.py:115} INFO - [2023-04-05 21:19:18,877] {dag.py:2379} INFO - Sync 1 DAGs
[2023-04-05 21:19:18,896] {logging_mixin.py:115} INFO - [2023-04-05 21:19:18,896] {dag.py:2927} INFO - Setting next_dagrun for latest_only_with_trigger to 2023-04-05T20:19:18.896545+00:00, run_after=2023-04-06T00:19:18.896545+00:00
[2023-04-05 21:19:18,993] {processor.py:161} INFO - Processing /home/edinaldo/Documents/previsao_remuneracao/previsao_remuneracao/venv/lib/python3.10/site-packages/airflow/example_dags/example_latest_only_with_trigger.py took 0.153 seconds
[2023-04-05 21:19:59,206] {processor.py:153} INFO - Started process (PID=53879) to work on /home/edinaldo/Documents/previsao_remuneracao/previsao_remuneracao/venv/lib/python3.10/site-packages/airflow/example_dags/example_latest_only_with_trigger.py
[2023-04-05 21:19:59,218] {processor.py:641} INFO - Processing file /home/edinaldo/Documents/previsao_remuneracao/previsao_remuneracao/venv/lib/python3.10/site-packages/airflow/example_dags/example_latest_only_with_trigger.py for tasks to queue
[2023-04-05 21:19:59,218] {logging_mixin.py:115} INFO - [2023-04-05 21:19:59,218] {dagbag.py:507} INFO - Filling up the DagBag from /home/edinaldo/Documents/previsao_remuneracao/previsao_remuneracao/venv/lib/python3.10/site-packages/airflow/example_dags/example_latest_only_with_trigger.py
[2023-04-05 21:19:59,230] {processor.py:651} INFO - DAG(s) dict_keys(['latest_only_with_trigger']) retrieved from /home/edinaldo/Documents/previsao_remuneracao/previsao_remuneracao/venv/lib/python3.10/site-packages/airflow/example_dags/example_latest_only_with_trigger.py
[2023-04-05 21:19:59,248] {logging_mixin.py:115} INFO - [2023-04-05 21:19:59,248] {dag.py:2379} INFO - Sync 1 DAGs
[2023-04-05 21:19:59,267] {logging_mixin.py:115} INFO - [2023-04-05 21:19:59,267] {dag.py:2927} INFO - Setting next_dagrun for latest_only_with_trigger to 2023-04-05T20:19:59.266863+00:00, run_after=2023-04-06T00:19:59.266863+00:00
[2023-04-05 21:19:59,350] {processor.py:161} INFO - Processing /home/edinaldo/Documents/previsao_remuneracao/previsao_remuneracao/venv/lib/python3.10/site-packages/airflow/example_dags/example_latest_only_with_trigger.py took 0.149 seconds
[2023-04-05 21:20:41,656] {processor.py:153} INFO - Started process (PID=53942) to work on /home/edinaldo/Documents/previsao_remuneracao/previsao_remuneracao/venv/lib/python3.10/site-packages/airflow/example_dags/example_latest_only_with_trigger.py
[2023-04-05 21:20:42,470] {processor.py:641} INFO - Processing file /home/edinaldo/Documents/previsao_remuneracao/previsao_remuneracao/venv/lib/python3.10/site-packages/airflow/example_dags/example_latest_only_with_trigger.py for tasks to queue
[2023-04-05 21:20:42,472] {logging_mixin.py:115} INFO - [2023-04-05 21:20:42,471] {dagbag.py:507} INFO - Filling up the DagBag from /home/edinaldo/Documents/previsao_remuneracao/previsao_remuneracao/venv/lib/python3.10/site-packages/airflow/example_dags/example_latest_only_with_trigger.py
[2023-04-05 21:20:42,493] {processor.py:651} INFO - DAG(s) dict_keys(['latest_only_with_trigger']) retrieved from /home/edinaldo/Documents/previsao_remuneracao/previsao_remuneracao/venv/lib/python3.10/site-packages/airflow/example_dags/example_latest_only_with_trigger.py
[2023-04-05 21:20:42,516] {logging_mixin.py:115} INFO - [2023-04-05 21:20:42,515] {dag.py:2379} INFO - Sync 1 DAGs
[2023-04-05 21:20:42,535] {logging_mixin.py:115} INFO - [2023-04-05 21:20:42,535] {dag.py:2927} INFO - Setting next_dagrun for latest_only_with_trigger to 2023-04-05T20:20:42.535067+00:00, run_after=2023-04-06T00:20:42.535067+00:00
[2023-04-05 21:20:42,888] {processor.py:161} INFO - Processing /home/edinaldo/Documents/previsao_remuneracao/previsao_remuneracao/venv/lib/python3.10/site-packages/airflow/example_dags/example_latest_only_with_trigger.py took 1.243 seconds
[2023-04-05 21:21:26,536] {processor.py:153} INFO - Started process (PID=53979) to work on /home/edinaldo/Documents/previsao_remuneracao/previsao_remuneracao/venv/lib/python3.10/site-packages/airflow/example_dags/example_latest_only_with_trigger.py
[2023-04-05 21:21:26,537] {processor.py:641} INFO - Processing file /home/edinaldo/Documents/previsao_remuneracao/previsao_remuneracao/venv/lib/python3.10/site-packages/airflow/example_dags/example_latest_only_with_trigger.py for tasks to queue
[2023-04-05 21:21:26,537] {logging_mixin.py:115} INFO - [2023-04-05 21:21:26,537] {dagbag.py:507} INFO - Filling up the DagBag from /home/edinaldo/Documents/previsao_remuneracao/previsao_remuneracao/venv/lib/python3.10/site-packages/airflow/example_dags/example_latest_only_with_trigger.py
[2023-04-05 21:21:26,545] {processor.py:651} INFO - DAG(s) dict_keys(['latest_only_with_trigger']) retrieved from /home/edinaldo/Documents/previsao_remuneracao/previsao_remuneracao/venv/lib/python3.10/site-packages/airflow/example_dags/example_latest_only_with_trigger.py
[2023-04-05 21:21:26,562] {logging_mixin.py:115} INFO - [2023-04-05 21:21:26,562] {dag.py:2379} INFO - Sync 1 DAGs
[2023-04-05 21:21:26,581] {logging_mixin.py:115} INFO - [2023-04-05 21:21:26,581] {dag.py:2927} INFO - Setting next_dagrun for latest_only_with_trigger to 2023-04-05T20:21:26.581474+00:00, run_after=2023-04-06T00:21:26.581474+00:00
[2023-04-05 21:21:26,674] {processor.py:161} INFO - Processing /home/edinaldo/Documents/previsao_remuneracao/previsao_remuneracao/venv/lib/python3.10/site-packages/airflow/example_dags/example_latest_only_with_trigger.py took 0.142 seconds
[2023-04-05 21:22:04,622] {processor.py:153} INFO - Started process (PID=54046) to work on /home/edinaldo/Documents/previsao_remuneracao/previsao_remuneracao/venv/lib/python3.10/site-packages/airflow/example_dags/example_latest_only_with_trigger.py
[2023-04-05 21:22:04,639] {processor.py:641} INFO - Processing file /home/edinaldo/Documents/previsao_remuneracao/previsao_remuneracao/venv/lib/python3.10/site-packages/airflow/example_dags/example_latest_only_with_trigger.py for tasks to queue
[2023-04-05 21:22:04,640] {logging_mixin.py:115} INFO - [2023-04-05 21:22:04,640] {dagbag.py:507} INFO - Filling up the DagBag from /home/edinaldo/Documents/previsao_remuneracao/previsao_remuneracao/venv/lib/python3.10/site-packages/airflow/example_dags/example_latest_only_with_trigger.py
[2023-04-05 21:22:04,647] {processor.py:651} INFO - DAG(s) dict_keys(['latest_only_with_trigger']) retrieved from /home/edinaldo/Documents/previsao_remuneracao/previsao_remuneracao/venv/lib/python3.10/site-packages/airflow/example_dags/example_latest_only_with_trigger.py
[2023-04-05 21:22:04,669] {logging_mixin.py:115} INFO - [2023-04-05 21:22:04,669] {dag.py:2379} INFO - Sync 1 DAGs
[2023-04-05 21:22:04,697] {logging_mixin.py:115} INFO - [2023-04-05 21:22:04,697] {dag.py:2927} INFO - Setting next_dagrun for latest_only_with_trigger to 2023-04-05T20:22:04.696551+00:00, run_after=2023-04-06T00:22:04.696551+00:00
[2023-04-05 21:22:04,788] {processor.py:161} INFO - Processing /home/edinaldo/Documents/previsao_remuneracao/previsao_remuneracao/venv/lib/python3.10/site-packages/airflow/example_dags/example_latest_only_with_trigger.py took 0.170 seconds
[2023-04-05 21:22:49,608] {processor.py:153} INFO - Started process (PID=54089) to work on /home/edinaldo/Documents/previsao_remuneracao/previsao_remuneracao/venv/lib/python3.10/site-packages/airflow/example_dags/example_latest_only_with_trigger.py
[2023-04-05 21:22:49,609] {processor.py:641} INFO - Processing file /home/edinaldo/Documents/previsao_remuneracao/previsao_remuneracao/venv/lib/python3.10/site-packages/airflow/example_dags/example_latest_only_with_trigger.py for tasks to queue
[2023-04-05 21:22:49,609] {logging_mixin.py:115} INFO - [2023-04-05 21:22:49,609] {dagbag.py:507} INFO - Filling up the DagBag from /home/edinaldo/Documents/previsao_remuneracao/previsao_remuneracao/venv/lib/python3.10/site-packages/airflow/example_dags/example_latest_only_with_trigger.py
[2023-04-05 21:22:49,617] {processor.py:651} INFO - DAG(s) dict_keys(['latest_only_with_trigger']) retrieved from /home/edinaldo/Documents/previsao_remuneracao/previsao_remuneracao/venv/lib/python3.10/site-packages/airflow/example_dags/example_latest_only_with_trigger.py
[2023-04-05 21:22:49,634] {logging_mixin.py:115} INFO - [2023-04-05 21:22:49,634] {dag.py:2379} INFO - Sync 1 DAGs
[2023-04-05 21:22:49,654] {logging_mixin.py:115} INFO - [2023-04-05 21:22:49,654] {dag.py:2927} INFO - Setting next_dagrun for latest_only_with_trigger to 2023-04-05T20:22:49.653721+00:00, run_after=2023-04-06T00:22:49.653721+00:00
[2023-04-05 21:22:49,740] {processor.py:161} INFO - Processing /home/edinaldo/Documents/previsao_remuneracao/previsao_remuneracao/venv/lib/python3.10/site-packages/airflow/example_dags/example_latest_only_with_trigger.py took 0.136 seconds
[2023-04-05 21:23:35,512] {processor.py:153} INFO - Started process (PID=54149) to work on /home/edinaldo/Documents/previsao_remuneracao/previsao_remuneracao/venv/lib/python3.10/site-packages/airflow/example_dags/example_latest_only_with_trigger.py
[2023-04-05 21:23:35,513] {processor.py:641} INFO - Processing file /home/edinaldo/Documents/previsao_remuneracao/previsao_remuneracao/venv/lib/python3.10/site-packages/airflow/example_dags/example_latest_only_with_trigger.py for tasks to queue
[2023-04-05 21:23:35,514] {logging_mixin.py:115} INFO - [2023-04-05 21:23:35,514] {dagbag.py:507} INFO - Filling up the DagBag from /home/edinaldo/Documents/previsao_remuneracao/previsao_remuneracao/venv/lib/python3.10/site-packages/airflow/example_dags/example_latest_only_with_trigger.py
[2023-04-05 21:23:35,541] {processor.py:651} INFO - DAG(s) dict_keys(['latest_only_with_trigger']) retrieved from /home/edinaldo/Documents/previsao_remuneracao/previsao_remuneracao/venv/lib/python3.10/site-packages/airflow/example_dags/example_latest_only_with_trigger.py
[2023-04-05 21:23:35,567] {logging_mixin.py:115} INFO - [2023-04-05 21:23:35,567] {dag.py:2379} INFO - Sync 1 DAGs
[2023-04-05 21:23:35,587] {logging_mixin.py:115} INFO - [2023-04-05 21:23:35,587] {dag.py:2927} INFO - Setting next_dagrun for latest_only_with_trigger to 2023-04-05T20:23:35.587328+00:00, run_after=2023-04-06T00:23:35.587328+00:00
[2023-04-05 21:23:35,705] {processor.py:161} INFO - Processing /home/edinaldo/Documents/previsao_remuneracao/previsao_remuneracao/venv/lib/python3.10/site-packages/airflow/example_dags/example_latest_only_with_trigger.py took 0.198 seconds
[2023-04-05 21:24:16,310] {processor.py:153} INFO - Started process (PID=54185) to work on /home/edinaldo/Documents/previsao_remuneracao/previsao_remuneracao/venv/lib/python3.10/site-packages/airflow/example_dags/example_latest_only_with_trigger.py
[2023-04-05 21:24:16,311] {processor.py:641} INFO - Processing file /home/edinaldo/Documents/previsao_remuneracao/previsao_remuneracao/venv/lib/python3.10/site-packages/airflow/example_dags/example_latest_only_with_trigger.py for tasks to queue
[2023-04-05 21:24:16,311] {logging_mixin.py:115} INFO - [2023-04-05 21:24:16,311] {dagbag.py:507} INFO - Filling up the DagBag from /home/edinaldo/Documents/previsao_remuneracao/previsao_remuneracao/venv/lib/python3.10/site-packages/airflow/example_dags/example_latest_only_with_trigger.py
[2023-04-05 21:24:16,319] {processor.py:651} INFO - DAG(s) dict_keys(['latest_only_with_trigger']) retrieved from /home/edinaldo/Documents/previsao_remuneracao/previsao_remuneracao/venv/lib/python3.10/site-packages/airflow/example_dags/example_latest_only_with_trigger.py
[2023-04-05 21:24:16,336] {logging_mixin.py:115} INFO - [2023-04-05 21:24:16,336] {dag.py:2379} INFO - Sync 1 DAGs
[2023-04-05 21:24:16,355] {logging_mixin.py:115} INFO - [2023-04-05 21:24:16,355] {dag.py:2927} INFO - Setting next_dagrun for latest_only_with_trigger to 2023-04-05T20:24:16.355045+00:00, run_after=2023-04-06T00:24:16.355045+00:00
[2023-04-05 21:24:16,442] {processor.py:161} INFO - Processing /home/edinaldo/Documents/previsao_remuneracao/previsao_remuneracao/venv/lib/python3.10/site-packages/airflow/example_dags/example_latest_only_with_trigger.py took 0.135 seconds
[2023-04-05 21:25:00,729] {processor.py:153} INFO - Started process (PID=54436) to work on /home/edinaldo/Documents/previsao_remuneracao/previsao_remuneracao/venv/lib/python3.10/site-packages/airflow/example_dags/example_latest_only_with_trigger.py
[2023-04-05 21:25:00,744] {processor.py:641} INFO - Processing file /home/edinaldo/Documents/previsao_remuneracao/previsao_remuneracao/venv/lib/python3.10/site-packages/airflow/example_dags/example_latest_only_with_trigger.py for tasks to queue
[2023-04-05 21:25:00,744] {logging_mixin.py:115} INFO - [2023-04-05 21:25:00,744] {dagbag.py:507} INFO - Filling up the DagBag from /home/edinaldo/Documents/previsao_remuneracao/previsao_remuneracao/venv/lib/python3.10/site-packages/airflow/example_dags/example_latest_only_with_trigger.py
[2023-04-05 21:25:00,799] {processor.py:651} INFO - DAG(s) dict_keys(['latest_only_with_trigger']) retrieved from /home/edinaldo/Documents/previsao_remuneracao/previsao_remuneracao/venv/lib/python3.10/site-packages/airflow/example_dags/example_latest_only_with_trigger.py
[2023-04-05 21:25:00,826] {logging_mixin.py:115} INFO - [2023-04-05 21:25:00,825] {dag.py:2379} INFO - Sync 1 DAGs
[2023-04-05 21:25:00,856] {logging_mixin.py:115} INFO - [2023-04-05 21:25:00,856] {dag.py:2927} INFO - Setting next_dagrun for latest_only_with_trigger to 2023-04-05T20:25:00.855996+00:00, run_after=2023-04-06T00:25:00.855996+00:00
[2023-04-05 21:25:01,031] {processor.py:161} INFO - Processing /home/edinaldo/Documents/previsao_remuneracao/previsao_remuneracao/venv/lib/python3.10/site-packages/airflow/example_dags/example_latest_only_with_trigger.py took 0.314 seconds
[2023-04-05 21:25:44,265] {processor.py:153} INFO - Started process (PID=54659) to work on /home/edinaldo/Documents/previsao_remuneracao/previsao_remuneracao/venv/lib/python3.10/site-packages/airflow/example_dags/example_latest_only_with_trigger.py
[2023-04-05 21:25:44,266] {processor.py:641} INFO - Processing file /home/edinaldo/Documents/previsao_remuneracao/previsao_remuneracao/venv/lib/python3.10/site-packages/airflow/example_dags/example_latest_only_with_trigger.py for tasks to queue
[2023-04-05 21:25:44,267] {logging_mixin.py:115} INFO - [2023-04-05 21:25:44,267] {dagbag.py:507} INFO - Filling up the DagBag from /home/edinaldo/Documents/previsao_remuneracao/previsao_remuneracao/venv/lib/python3.10/site-packages/airflow/example_dags/example_latest_only_with_trigger.py
[2023-04-05 21:25:44,275] {processor.py:651} INFO - DAG(s) dict_keys(['latest_only_with_trigger']) retrieved from /home/edinaldo/Documents/previsao_remuneracao/previsao_remuneracao/venv/lib/python3.10/site-packages/airflow/example_dags/example_latest_only_with_trigger.py
[2023-04-05 21:25:44,294] {logging_mixin.py:115} INFO - [2023-04-05 21:25:44,294] {dag.py:2379} INFO - Sync 1 DAGs
[2023-04-05 21:25:44,313] {logging_mixin.py:115} INFO - [2023-04-05 21:25:44,313] {dag.py:2927} INFO - Setting next_dagrun for latest_only_with_trigger to 2023-04-05T20:25:44.313339+00:00, run_after=2023-04-06T00:25:44.313339+00:00
[2023-04-05 21:25:44,424] {processor.py:161} INFO - Processing /home/edinaldo/Documents/previsao_remuneracao/previsao_remuneracao/venv/lib/python3.10/site-packages/airflow/example_dags/example_latest_only_with_trigger.py took 0.163 seconds
[2023-04-05 21:26:23,794] {processor.py:153} INFO - Started process (PID=54905) to work on /home/edinaldo/Documents/previsao_remuneracao/previsao_remuneracao/venv/lib/python3.10/site-packages/airflow/example_dags/example_latest_only_with_trigger.py
[2023-04-05 21:26:23,814] {processor.py:641} INFO - Processing file /home/edinaldo/Documents/previsao_remuneracao/previsao_remuneracao/venv/lib/python3.10/site-packages/airflow/example_dags/example_latest_only_with_trigger.py for tasks to queue
[2023-04-05 21:26:23,815] {logging_mixin.py:115} INFO - [2023-04-05 21:26:23,815] {dagbag.py:507} INFO - Filling up the DagBag from /home/edinaldo/Documents/previsao_remuneracao/previsao_remuneracao/venv/lib/python3.10/site-packages/airflow/example_dags/example_latest_only_with_trigger.py
[2023-04-05 21:26:23,822] {processor.py:651} INFO - DAG(s) dict_keys(['latest_only_with_trigger']) retrieved from /home/edinaldo/Documents/previsao_remuneracao/previsao_remuneracao/venv/lib/python3.10/site-packages/airflow/example_dags/example_latest_only_with_trigger.py
[2023-04-05 21:26:23,840] {logging_mixin.py:115} INFO - [2023-04-05 21:26:23,840] {dag.py:2379} INFO - Sync 1 DAGs
[2023-04-05 21:26:23,859] {logging_mixin.py:115} INFO - [2023-04-05 21:26:23,859] {dag.py:2927} INFO - Setting next_dagrun for latest_only_with_trigger to 2023-04-05T20:26:23.859295+00:00, run_after=2023-04-06T00:26:23.859295+00:00
[2023-04-05 21:26:23,955] {processor.py:161} INFO - Processing /home/edinaldo/Documents/previsao_remuneracao/previsao_remuneracao/venv/lib/python3.10/site-packages/airflow/example_dags/example_latest_only_with_trigger.py took 0.165 seconds
[2023-04-05 21:27:12,789] {processor.py:153} INFO - Started process (PID=55186) to work on /home/edinaldo/Documents/previsao_remuneracao/previsao_remuneracao/venv/lib/python3.10/site-packages/airflow/example_dags/example_latest_only_with_trigger.py
[2023-04-05 21:27:12,790] {processor.py:641} INFO - Processing file /home/edinaldo/Documents/previsao_remuneracao/previsao_remuneracao/venv/lib/python3.10/site-packages/airflow/example_dags/example_latest_only_with_trigger.py for tasks to queue
[2023-04-05 21:27:12,791] {logging_mixin.py:115} INFO - [2023-04-05 21:27:12,791] {dagbag.py:507} INFO - Filling up the DagBag from /home/edinaldo/Documents/previsao_remuneracao/previsao_remuneracao/venv/lib/python3.10/site-packages/airflow/example_dags/example_latest_only_with_trigger.py
[2023-04-05 21:27:12,800] {processor.py:651} INFO - DAG(s) dict_keys(['latest_only_with_trigger']) retrieved from /home/edinaldo/Documents/previsao_remuneracao/previsao_remuneracao/venv/lib/python3.10/site-packages/airflow/example_dags/example_latest_only_with_trigger.py
[2023-04-05 21:27:12,821] {logging_mixin.py:115} INFO - [2023-04-05 21:27:12,821] {dag.py:2379} INFO - Sync 1 DAGs
[2023-04-05 21:27:12,844] {logging_mixin.py:115} INFO - [2023-04-05 21:27:12,844] {dag.py:2927} INFO - Setting next_dagrun for latest_only_with_trigger to 2023-04-05T20:27:12.844285+00:00, run_after=2023-04-06T00:27:12.844285+00:00
[2023-04-05 21:27:12,932] {processor.py:161} INFO - Processing /home/edinaldo/Documents/previsao_remuneracao/previsao_remuneracao/venv/lib/python3.10/site-packages/airflow/example_dags/example_latest_only_with_trigger.py took 0.150 seconds
[2023-04-05 21:27:51,453] {processor.py:153} INFO - Started process (PID=55445) to work on /home/edinaldo/Documents/previsao_remuneracao/previsao_remuneracao/venv/lib/python3.10/site-packages/airflow/example_dags/example_latest_only_with_trigger.py
[2023-04-05 21:27:51,464] {processor.py:641} INFO - Processing file /home/edinaldo/Documents/previsao_remuneracao/previsao_remuneracao/venv/lib/python3.10/site-packages/airflow/example_dags/example_latest_only_with_trigger.py for tasks to queue
[2023-04-05 21:27:51,465] {logging_mixin.py:115} INFO - [2023-04-05 21:27:51,465] {dagbag.py:507} INFO - Filling up the DagBag from /home/edinaldo/Documents/previsao_remuneracao/previsao_remuneracao/venv/lib/python3.10/site-packages/airflow/example_dags/example_latest_only_with_trigger.py
[2023-04-05 21:27:51,490] {processor.py:651} INFO - DAG(s) dict_keys(['latest_only_with_trigger']) retrieved from /home/edinaldo/Documents/previsao_remuneracao/previsao_remuneracao/venv/lib/python3.10/site-packages/airflow/example_dags/example_latest_only_with_trigger.py
[2023-04-05 21:27:51,522] {logging_mixin.py:115} INFO - [2023-04-05 21:27:51,522] {dag.py:2379} INFO - Sync 1 DAGs
[2023-04-05 21:27:51,561] {logging_mixin.py:115} INFO - [2023-04-05 21:27:51,560] {dag.py:2927} INFO - Setting next_dagrun for latest_only_with_trigger to 2023-04-05T20:27:51.560491+00:00, run_after=2023-04-06T00:27:51.560491+00:00
[2023-04-05 21:27:51,660] {processor.py:161} INFO - Processing /home/edinaldo/Documents/previsao_remuneracao/previsao_remuneracao/venv/lib/python3.10/site-packages/airflow/example_dags/example_latest_only_with_trigger.py took 0.214 seconds
[2023-04-05 21:28:39,020] {processor.py:153} INFO - Started process (PID=55589) to work on /home/edinaldo/Documents/previsao_remuneracao/previsao_remuneracao/venv/lib/python3.10/site-packages/airflow/example_dags/example_latest_only_with_trigger.py
[2023-04-05 21:28:39,029] {processor.py:641} INFO - Processing file /home/edinaldo/Documents/previsao_remuneracao/previsao_remuneracao/venv/lib/python3.10/site-packages/airflow/example_dags/example_latest_only_with_trigger.py for tasks to queue
[2023-04-05 21:28:39,030] {logging_mixin.py:115} INFO - [2023-04-05 21:28:39,030] {dagbag.py:507} INFO - Filling up the DagBag from /home/edinaldo/Documents/previsao_remuneracao/previsao_remuneracao/venv/lib/python3.10/site-packages/airflow/example_dags/example_latest_only_with_trigger.py
[2023-04-05 21:28:39,053] {processor.py:651} INFO - DAG(s) dict_keys(['latest_only_with_trigger']) retrieved from /home/edinaldo/Documents/previsao_remuneracao/previsao_remuneracao/venv/lib/python3.10/site-packages/airflow/example_dags/example_latest_only_with_trigger.py
[2023-04-05 21:28:39,097] {logging_mixin.py:115} INFO - [2023-04-05 21:28:39,096] {dag.py:2379} INFO - Sync 1 DAGs
[2023-04-05 21:28:39,134] {logging_mixin.py:115} INFO - [2023-04-05 21:28:39,134] {dag.py:2927} INFO - Setting next_dagrun for latest_only_with_trigger to 2023-04-05T20:28:39.133466+00:00, run_after=2023-04-06T00:28:39.133466+00:00
[2023-04-05 21:28:39,223] {processor.py:161} INFO - Processing /home/edinaldo/Documents/previsao_remuneracao/previsao_remuneracao/venv/lib/python3.10/site-packages/airflow/example_dags/example_latest_only_with_trigger.py took 0.212 seconds
[2023-04-05 21:29:22,339] {processor.py:153} INFO - Started process (PID=55624) to work on /home/edinaldo/Documents/previsao_remuneracao/previsao_remuneracao/venv/lib/python3.10/site-packages/airflow/example_dags/example_latest_only_with_trigger.py
[2023-04-05 21:29:22,354] {processor.py:641} INFO - Processing file /home/edinaldo/Documents/previsao_remuneracao/previsao_remuneracao/venv/lib/python3.10/site-packages/airflow/example_dags/example_latest_only_with_trigger.py for tasks to queue
[2023-04-05 21:29:22,354] {logging_mixin.py:115} INFO - [2023-04-05 21:29:22,354] {dagbag.py:507} INFO - Filling up the DagBag from /home/edinaldo/Documents/previsao_remuneracao/previsao_remuneracao/venv/lib/python3.10/site-packages/airflow/example_dags/example_latest_only_with_trigger.py
[2023-04-05 21:29:22,374] {processor.py:651} INFO - DAG(s) dict_keys(['latest_only_with_trigger']) retrieved from /home/edinaldo/Documents/previsao_remuneracao/previsao_remuneracao/venv/lib/python3.10/site-packages/airflow/example_dags/example_latest_only_with_trigger.py
[2023-04-05 21:29:22,411] {logging_mixin.py:115} INFO - [2023-04-05 21:29:22,411] {dag.py:2379} INFO - Sync 1 DAGs
[2023-04-05 21:29:22,458] {logging_mixin.py:115} INFO - [2023-04-05 21:29:22,457] {dag.py:2927} INFO - Setting next_dagrun for latest_only_with_trigger to 2023-04-05T20:29:22.457004+00:00, run_after=2023-04-06T00:29:22.457004+00:00
[2023-04-05 21:29:22,542] {processor.py:161} INFO - Processing /home/edinaldo/Documents/previsao_remuneracao/previsao_remuneracao/venv/lib/python3.10/site-packages/airflow/example_dags/example_latest_only_with_trigger.py took 0.209 seconds
[2023-04-05 21:30:06,570] {processor.py:153} INFO - Started process (PID=55666) to work on /home/edinaldo/Documents/previsao_remuneracao/previsao_remuneracao/venv/lib/python3.10/site-packages/airflow/example_dags/example_latest_only_with_trigger.py
[2023-04-05 21:30:06,578] {processor.py:641} INFO - Processing file /home/edinaldo/Documents/previsao_remuneracao/previsao_remuneracao/venv/lib/python3.10/site-packages/airflow/example_dags/example_latest_only_with_trigger.py for tasks to queue
[2023-04-05 21:30:06,578] {logging_mixin.py:115} INFO - [2023-04-05 21:30:06,578] {dagbag.py:507} INFO - Filling up the DagBag from /home/edinaldo/Documents/previsao_remuneracao/previsao_remuneracao/venv/lib/python3.10/site-packages/airflow/example_dags/example_latest_only_with_trigger.py
[2023-04-05 21:30:06,591] {processor.py:651} INFO - DAG(s) dict_keys(['latest_only_with_trigger']) retrieved from /home/edinaldo/Documents/previsao_remuneracao/previsao_remuneracao/venv/lib/python3.10/site-packages/airflow/example_dags/example_latest_only_with_trigger.py
[2023-04-05 21:30:06,615] {logging_mixin.py:115} INFO - [2023-04-05 21:30:06,615] {dag.py:2379} INFO - Sync 1 DAGs
[2023-04-05 21:30:06,647] {logging_mixin.py:115} INFO - [2023-04-05 21:30:06,647] {dag.py:2927} INFO - Setting next_dagrun for latest_only_with_trigger to 2023-04-05T20:30:06.647165+00:00, run_after=2023-04-06T00:30:06.647165+00:00
[2023-04-05 21:30:06,731] {processor.py:161} INFO - Processing /home/edinaldo/Documents/previsao_remuneracao/previsao_remuneracao/venv/lib/python3.10/site-packages/airflow/example_dags/example_latest_only_with_trigger.py took 0.166 seconds
[2023-04-05 21:30:44,089] {processor.py:153} INFO - Started process (PID=55701) to work on /home/edinaldo/Documents/previsao_remuneracao/previsao_remuneracao/venv/lib/python3.10/site-packages/airflow/example_dags/example_latest_only_with_trigger.py
[2023-04-05 21:30:44,090] {processor.py:641} INFO - Processing file /home/edinaldo/Documents/previsao_remuneracao/previsao_remuneracao/venv/lib/python3.10/site-packages/airflow/example_dags/example_latest_only_with_trigger.py for tasks to queue
[2023-04-05 21:30:44,091] {logging_mixin.py:115} INFO - [2023-04-05 21:30:44,090] {dagbag.py:507} INFO - Filling up the DagBag from /home/edinaldo/Documents/previsao_remuneracao/previsao_remuneracao/venv/lib/python3.10/site-packages/airflow/example_dags/example_latest_only_with_trigger.py
[2023-04-05 21:30:44,101] {processor.py:651} INFO - DAG(s) dict_keys(['latest_only_with_trigger']) retrieved from /home/edinaldo/Documents/previsao_remuneracao/previsao_remuneracao/venv/lib/python3.10/site-packages/airflow/example_dags/example_latest_only_with_trigger.py
[2023-04-05 21:30:44,123] {logging_mixin.py:115} INFO - [2023-04-05 21:30:44,123] {dag.py:2379} INFO - Sync 1 DAGs
[2023-04-05 21:30:44,146] {logging_mixin.py:115} INFO - [2023-04-05 21:30:44,146] {dag.py:2927} INFO - Setting next_dagrun for latest_only_with_trigger to 2023-04-05T20:30:44.146240+00:00, run_after=2023-04-06T00:30:44.146240+00:00
[2023-04-05 21:30:44,238] {processor.py:161} INFO - Processing /home/edinaldo/Documents/previsao_remuneracao/previsao_remuneracao/venv/lib/python3.10/site-packages/airflow/example_dags/example_latest_only_with_trigger.py took 0.157 seconds
[2023-04-05 21:31:27,522] {processor.py:153} INFO - Started process (PID=55764) to work on /home/edinaldo/Documents/previsao_remuneracao/previsao_remuneracao/venv/lib/python3.10/site-packages/airflow/example_dags/example_latest_only_with_trigger.py
[2023-04-05 21:31:27,535] {processor.py:641} INFO - Processing file /home/edinaldo/Documents/previsao_remuneracao/previsao_remuneracao/venv/lib/python3.10/site-packages/airflow/example_dags/example_latest_only_with_trigger.py for tasks to queue
[2023-04-05 21:31:27,537] {logging_mixin.py:115} INFO - [2023-04-05 21:31:27,537] {dagbag.py:507} INFO - Filling up the DagBag from /home/edinaldo/Documents/previsao_remuneracao/previsao_remuneracao/venv/lib/python3.10/site-packages/airflow/example_dags/example_latest_only_with_trigger.py
[2023-04-05 21:31:27,551] {processor.py:651} INFO - DAG(s) dict_keys(['latest_only_with_trigger']) retrieved from /home/edinaldo/Documents/previsao_remuneracao/previsao_remuneracao/venv/lib/python3.10/site-packages/airflow/example_dags/example_latest_only_with_trigger.py
[2023-04-05 21:31:27,574] {logging_mixin.py:115} INFO - [2023-04-05 21:31:27,574] {dag.py:2379} INFO - Sync 1 DAGs
[2023-04-05 21:31:27,597] {logging_mixin.py:115} INFO - [2023-04-05 21:31:27,597] {dag.py:2927} INFO - Setting next_dagrun for latest_only_with_trigger to 2023-04-05T20:31:27.596993+00:00, run_after=2023-04-06T00:31:27.596993+00:00
[2023-04-05 21:31:27,727] {processor.py:161} INFO - Processing /home/edinaldo/Documents/previsao_remuneracao/previsao_remuneracao/venv/lib/python3.10/site-packages/airflow/example_dags/example_latest_only_with_trigger.py took 0.211 seconds
[2023-04-05 21:32:11,000] {processor.py:153} INFO - Started process (PID=56002) to work on /home/edinaldo/Documents/previsao_remuneracao/previsao_remuneracao/venv/lib/python3.10/site-packages/airflow/example_dags/example_latest_only_with_trigger.py
[2023-04-05 21:32:11,005] {processor.py:641} INFO - Processing file /home/edinaldo/Documents/previsao_remuneracao/previsao_remuneracao/venv/lib/python3.10/site-packages/airflow/example_dags/example_latest_only_with_trigger.py for tasks to queue
[2023-04-05 21:32:11,007] {logging_mixin.py:115} INFO - [2023-04-05 21:32:11,007] {dagbag.py:507} INFO - Filling up the DagBag from /home/edinaldo/Documents/previsao_remuneracao/previsao_remuneracao/venv/lib/python3.10/site-packages/airflow/example_dags/example_latest_only_with_trigger.py
[2023-04-05 21:32:11,032] {processor.py:651} INFO - DAG(s) dict_keys(['latest_only_with_trigger']) retrieved from /home/edinaldo/Documents/previsao_remuneracao/previsao_remuneracao/venv/lib/python3.10/site-packages/airflow/example_dags/example_latest_only_with_trigger.py
[2023-04-05 21:32:11,069] {logging_mixin.py:115} INFO - [2023-04-05 21:32:11,069] {dag.py:2379} INFO - Sync 1 DAGs
[2023-04-05 21:32:11,107] {logging_mixin.py:115} INFO - [2023-04-05 21:32:11,107] {dag.py:2927} INFO - Setting next_dagrun for latest_only_with_trigger to 2023-04-05T20:32:11.107000+00:00, run_after=2023-04-06T00:32:11.107000+00:00
[2023-04-05 21:32:11,200] {processor.py:161} INFO - Processing /home/edinaldo/Documents/previsao_remuneracao/previsao_remuneracao/venv/lib/python3.10/site-packages/airflow/example_dags/example_latest_only_with_trigger.py took 0.206 seconds
[2023-04-05 21:32:59,957] {processor.py:153} INFO - Started process (PID=56096) to work on /home/edinaldo/Documents/previsao_remuneracao/previsao_remuneracao/venv/lib/python3.10/site-packages/airflow/example_dags/example_latest_only_with_trigger.py
[2023-04-05 21:32:59,962] {processor.py:641} INFO - Processing file /home/edinaldo/Documents/previsao_remuneracao/previsao_remuneracao/venv/lib/python3.10/site-packages/airflow/example_dags/example_latest_only_with_trigger.py for tasks to queue
[2023-04-05 21:32:59,963] {logging_mixin.py:115} INFO - [2023-04-05 21:32:59,963] {dagbag.py:507} INFO - Filling up the DagBag from /home/edinaldo/Documents/previsao_remuneracao/previsao_remuneracao/venv/lib/python3.10/site-packages/airflow/example_dags/example_latest_only_with_trigger.py
[2023-04-05 21:32:59,976] {processor.py:651} INFO - DAG(s) dict_keys(['latest_only_with_trigger']) retrieved from /home/edinaldo/Documents/previsao_remuneracao/previsao_remuneracao/venv/lib/python3.10/site-packages/airflow/example_dags/example_latest_only_with_trigger.py
[2023-04-05 21:33:00,010] {logging_mixin.py:115} INFO - [2023-04-05 21:33:00,010] {dag.py:2379} INFO - Sync 1 DAGs
[2023-04-05 21:33:00,045] {logging_mixin.py:115} INFO - [2023-04-05 21:33:00,045] {dag.py:2927} INFO - Setting next_dagrun for latest_only_with_trigger to 2023-04-05T20:33:00.045103+00:00, run_after=2023-04-06T00:33:00.045103+00:00
[2023-04-05 21:33:00,127] {processor.py:161} INFO - Processing /home/edinaldo/Documents/previsao_remuneracao/previsao_remuneracao/venv/lib/python3.10/site-packages/airflow/example_dags/example_latest_only_with_trigger.py took 0.178 seconds
[2023-04-05 21:33:41,291] {processor.py:153} INFO - Started process (PID=56144) to work on /home/edinaldo/Documents/previsao_remuneracao/previsao_remuneracao/venv/lib/python3.10/site-packages/airflow/example_dags/example_latest_only_with_trigger.py
[2023-04-05 21:33:41,292] {processor.py:641} INFO - Processing file /home/edinaldo/Documents/previsao_remuneracao/previsao_remuneracao/venv/lib/python3.10/site-packages/airflow/example_dags/example_latest_only_with_trigger.py for tasks to queue
[2023-04-05 21:33:41,293] {logging_mixin.py:115} INFO - [2023-04-05 21:33:41,293] {dagbag.py:507} INFO - Filling up the DagBag from /home/edinaldo/Documents/previsao_remuneracao/previsao_remuneracao/venv/lib/python3.10/site-packages/airflow/example_dags/example_latest_only_with_trigger.py
[2023-04-05 21:33:41,309] {processor.py:651} INFO - DAG(s) dict_keys(['latest_only_with_trigger']) retrieved from /home/edinaldo/Documents/previsao_remuneracao/previsao_remuneracao/venv/lib/python3.10/site-packages/airflow/example_dags/example_latest_only_with_trigger.py
[2023-04-05 21:33:41,335] {logging_mixin.py:115} INFO - [2023-04-05 21:33:41,335] {dag.py:2379} INFO - Sync 1 DAGs
[2023-04-05 21:33:41,373] {logging_mixin.py:115} INFO - [2023-04-05 21:33:41,373] {dag.py:2927} INFO - Setting next_dagrun for latest_only_with_trigger to 2023-04-05T20:33:41.371169+00:00, run_after=2023-04-06T00:33:41.371169+00:00
[2023-04-05 21:33:41,465] {processor.py:161} INFO - Processing /home/edinaldo/Documents/previsao_remuneracao/previsao_remuneracao/venv/lib/python3.10/site-packages/airflow/example_dags/example_latest_only_with_trigger.py took 0.179 seconds
[2023-04-05 21:34:21,248] {processor.py:153} INFO - Started process (PID=56202) to work on /home/edinaldo/Documents/previsao_remuneracao/previsao_remuneracao/venv/lib/python3.10/site-packages/airflow/example_dags/example_latest_only_with_trigger.py
[2023-04-05 21:34:21,249] {processor.py:641} INFO - Processing file /home/edinaldo/Documents/previsao_remuneracao/previsao_remuneracao/venv/lib/python3.10/site-packages/airflow/example_dags/example_latest_only_with_trigger.py for tasks to queue
[2023-04-05 21:34:21,249] {logging_mixin.py:115} INFO - [2023-04-05 21:34:21,249] {dagbag.py:507} INFO - Filling up the DagBag from /home/edinaldo/Documents/previsao_remuneracao/previsao_remuneracao/venv/lib/python3.10/site-packages/airflow/example_dags/example_latest_only_with_trigger.py
[2023-04-05 21:34:21,262] {processor.py:651} INFO - DAG(s) dict_keys(['latest_only_with_trigger']) retrieved from /home/edinaldo/Documents/previsao_remuneracao/previsao_remuneracao/venv/lib/python3.10/site-packages/airflow/example_dags/example_latest_only_with_trigger.py
[2023-04-05 21:34:21,291] {logging_mixin.py:115} INFO - [2023-04-05 21:34:21,291] {dag.py:2379} INFO - Sync 1 DAGs
[2023-04-05 21:34:21,324] {logging_mixin.py:115} INFO - [2023-04-05 21:34:21,324] {dag.py:2927} INFO - Setting next_dagrun for latest_only_with_trigger to 2023-04-05T20:34:21.324239+00:00, run_after=2023-04-06T00:34:21.324239+00:00
[2023-04-05 21:34:21,532] {processor.py:161} INFO - Processing /home/edinaldo/Documents/previsao_remuneracao/previsao_remuneracao/venv/lib/python3.10/site-packages/airflow/example_dags/example_latest_only_with_trigger.py took 0.289 seconds
[2023-04-05 21:35:08,643] {processor.py:153} INFO - Started process (PID=56259) to work on /home/edinaldo/Documents/previsao_remuneracao/previsao_remuneracao/venv/lib/python3.10/site-packages/airflow/example_dags/example_latest_only_with_trigger.py
[2023-04-05 21:35:08,644] {processor.py:641} INFO - Processing file /home/edinaldo/Documents/previsao_remuneracao/previsao_remuneracao/venv/lib/python3.10/site-packages/airflow/example_dags/example_latest_only_with_trigger.py for tasks to queue
[2023-04-05 21:35:08,645] {logging_mixin.py:115} INFO - [2023-04-05 21:35:08,645] {dagbag.py:507} INFO - Filling up the DagBag from /home/edinaldo/Documents/previsao_remuneracao/previsao_remuneracao/venv/lib/python3.10/site-packages/airflow/example_dags/example_latest_only_with_trigger.py
[2023-04-05 21:35:08,660] {processor.py:651} INFO - DAG(s) dict_keys(['latest_only_with_trigger']) retrieved from /home/edinaldo/Documents/previsao_remuneracao/previsao_remuneracao/venv/lib/python3.10/site-packages/airflow/example_dags/example_latest_only_with_trigger.py
[2023-04-05 21:35:08,693] {logging_mixin.py:115} INFO - [2023-04-05 21:35:08,693] {dag.py:2379} INFO - Sync 1 DAGs
[2023-04-05 21:35:08,735] {logging_mixin.py:115} INFO - [2023-04-05 21:35:08,735] {dag.py:2927} INFO - Setting next_dagrun for latest_only_with_trigger to 2023-04-05T20:35:08.735096+00:00, run_after=2023-04-06T00:35:08.735096+00:00
[2023-04-05 21:35:08,817] {processor.py:161} INFO - Processing /home/edinaldo/Documents/previsao_remuneracao/previsao_remuneracao/venv/lib/python3.10/site-packages/airflow/example_dags/example_latest_only_with_trigger.py took 0.180 seconds
[2023-04-05 21:36:41,844] {processor.py:153} INFO - Started process (PID=56690) to work on /home/edinaldo/Documents/previsao_remuneracao/previsao_remuneracao/venv/lib/python3.10/site-packages/airflow/example_dags/example_latest_only_with_trigger.py
[2023-04-05 21:36:42,057] {processor.py:641} INFO - Processing file /home/edinaldo/Documents/previsao_remuneracao/previsao_remuneracao/venv/lib/python3.10/site-packages/airflow/example_dags/example_latest_only_with_trigger.py for tasks to queue
[2023-04-05 21:36:42,059] {logging_mixin.py:115} INFO - [2023-04-05 21:36:42,058] {dagbag.py:507} INFO - Filling up the DagBag from /home/edinaldo/Documents/previsao_remuneracao/previsao_remuneracao/venv/lib/python3.10/site-packages/airflow/example_dags/example_latest_only_with_trigger.py
[2023-04-05 21:36:42,483] {processor.py:651} INFO - DAG(s) dict_keys(['latest_only_with_trigger']) retrieved from /home/edinaldo/Documents/previsao_remuneracao/previsao_remuneracao/venv/lib/python3.10/site-packages/airflow/example_dags/example_latest_only_with_trigger.py
[2023-04-05 21:36:42,564] {logging_mixin.py:115} INFO - [2023-04-05 21:36:42,564] {dag.py:2379} INFO - Sync 1 DAGs
[2023-04-05 21:36:42,650] {logging_mixin.py:115} INFO - [2023-04-05 21:36:42,650] {dag.py:2927} INFO - Setting next_dagrun for latest_only_with_trigger to 2023-04-05T20:36:42.648986+00:00, run_after=2023-04-06T00:36:42.648986+00:00
[2023-04-05 21:36:43,064] {processor.py:161} INFO - Processing /home/edinaldo/Documents/previsao_remuneracao/previsao_remuneracao/venv/lib/python3.10/site-packages/airflow/example_dags/example_latest_only_with_trigger.py took 1.227 seconds
[2023-04-05 21:37:51,736] {processor.py:153} INFO - Started process (PID=56883) to work on /home/edinaldo/Documents/previsao_remuneracao/previsao_remuneracao/venv/lib/python3.10/site-packages/airflow/example_dags/example_latest_only_with_trigger.py
[2023-04-05 21:37:51,771] {processor.py:641} INFO - Processing file /home/edinaldo/Documents/previsao_remuneracao/previsao_remuneracao/venv/lib/python3.10/site-packages/airflow/example_dags/example_latest_only_with_trigger.py for tasks to queue
[2023-04-05 21:37:51,774] {logging_mixin.py:115} INFO - [2023-04-05 21:37:51,773] {dagbag.py:507} INFO - Filling up the DagBag from /home/edinaldo/Documents/previsao_remuneracao/previsao_remuneracao/venv/lib/python3.10/site-packages/airflow/example_dags/example_latest_only_with_trigger.py
[2023-04-05 21:37:51,855] {processor.py:651} INFO - DAG(s) dict_keys(['latest_only_with_trigger']) retrieved from /home/edinaldo/Documents/previsao_remuneracao/previsao_remuneracao/venv/lib/python3.10/site-packages/airflow/example_dags/example_latest_only_with_trigger.py
[2023-04-05 21:37:51,906] {logging_mixin.py:115} INFO - [2023-04-05 21:37:51,906] {dag.py:2379} INFO - Sync 1 DAGs
[2023-04-05 21:37:51,939] {logging_mixin.py:115} INFO - [2023-04-05 21:37:51,939] {dag.py:2927} INFO - Setting next_dagrun for latest_only_with_trigger to 2023-04-05T20:37:51.937528+00:00, run_after=2023-04-06T00:37:51.937528+00:00
[2023-04-05 21:37:52,062] {processor.py:161} INFO - Processing /home/edinaldo/Documents/previsao_remuneracao/previsao_remuneracao/venv/lib/python3.10/site-packages/airflow/example_dags/example_latest_only_with_trigger.py took 0.330 seconds
[2023-04-05 21:38:49,188] {processor.py:153} INFO - Started process (PID=57190) to work on /home/edinaldo/Documents/previsao_remuneracao/previsao_remuneracao/venv/lib/python3.10/site-packages/airflow/example_dags/example_latest_only_with_trigger.py
[2023-04-05 21:38:49,246] {processor.py:641} INFO - Processing file /home/edinaldo/Documents/previsao_remuneracao/previsao_remuneracao/venv/lib/python3.10/site-packages/airflow/example_dags/example_latest_only_with_trigger.py for tasks to queue
[2023-04-05 21:38:49,246] {logging_mixin.py:115} INFO - [2023-04-05 21:38:49,246] {dagbag.py:507} INFO - Filling up the DagBag from /home/edinaldo/Documents/previsao_remuneracao/previsao_remuneracao/venv/lib/python3.10/site-packages/airflow/example_dags/example_latest_only_with_trigger.py
[2023-04-05 21:38:49,383] {processor.py:651} INFO - DAG(s) dict_keys(['latest_only_with_trigger']) retrieved from /home/edinaldo/Documents/previsao_remuneracao/previsao_remuneracao/venv/lib/python3.10/site-packages/airflow/example_dags/example_latest_only_with_trigger.py
[2023-04-05 21:38:49,494] {logging_mixin.py:115} INFO - [2023-04-05 21:38:49,494] {dag.py:2379} INFO - Sync 1 DAGs
[2023-04-05 21:38:49,538] {logging_mixin.py:115} INFO - [2023-04-05 21:38:49,538] {dag.py:2927} INFO - Setting next_dagrun for latest_only_with_trigger to 2023-04-05T20:38:49.537486+00:00, run_after=2023-04-06T00:38:49.537486+00:00
[2023-04-05 21:38:49,710] {processor.py:161} INFO - Processing /home/edinaldo/Documents/previsao_remuneracao/previsao_remuneracao/venv/lib/python3.10/site-packages/airflow/example_dags/example_latest_only_with_trigger.py took 0.526 seconds
[2023-04-05 21:39:59,373] {processor.py:153} INFO - Started process (PID=57499) to work on /home/edinaldo/Documents/previsao_remuneracao/previsao_remuneracao/venv/lib/python3.10/site-packages/airflow/example_dags/example_latest_only_with_trigger.py
[2023-04-05 21:39:59,385] {processor.py:641} INFO - Processing file /home/edinaldo/Documents/previsao_remuneracao/previsao_remuneracao/venv/lib/python3.10/site-packages/airflow/example_dags/example_latest_only_with_trigger.py for tasks to queue
[2023-04-05 21:39:59,387] {logging_mixin.py:115} INFO - [2023-04-05 21:39:59,387] {dagbag.py:507} INFO - Filling up the DagBag from /home/edinaldo/Documents/previsao_remuneracao/previsao_remuneracao/venv/lib/python3.10/site-packages/airflow/example_dags/example_latest_only_with_trigger.py
[2023-04-05 21:39:59,417] {processor.py:651} INFO - DAG(s) dict_keys(['latest_only_with_trigger']) retrieved from /home/edinaldo/Documents/previsao_remuneracao/previsao_remuneracao/venv/lib/python3.10/site-packages/airflow/example_dags/example_latest_only_with_trigger.py
[2023-04-05 21:39:59,444] {logging_mixin.py:115} INFO - [2023-04-05 21:39:59,444] {dag.py:2379} INFO - Sync 1 DAGs
[2023-04-05 21:39:59,469] {logging_mixin.py:115} INFO - [2023-04-05 21:39:59,469] {dag.py:2927} INFO - Setting next_dagrun for latest_only_with_trigger to 2023-04-05T20:39:59.468954+00:00, run_after=2023-04-06T00:39:59.468954+00:00
[2023-04-05 21:39:59,553] {processor.py:161} INFO - Processing /home/edinaldo/Documents/previsao_remuneracao/previsao_remuneracao/venv/lib/python3.10/site-packages/airflow/example_dags/example_latest_only_with_trigger.py took 0.190 seconds
[2023-04-05 21:40:45,317] {processor.py:153} INFO - Started process (PID=57750) to work on /home/edinaldo/Documents/previsao_remuneracao/previsao_remuneracao/venv/lib/python3.10/site-packages/airflow/example_dags/example_latest_only_with_trigger.py
[2023-04-05 21:40:45,318] {processor.py:641} INFO - Processing file /home/edinaldo/Documents/previsao_remuneracao/previsao_remuneracao/venv/lib/python3.10/site-packages/airflow/example_dags/example_latest_only_with_trigger.py for tasks to queue
[2023-04-05 21:40:45,320] {logging_mixin.py:115} INFO - [2023-04-05 21:40:45,320] {dagbag.py:507} INFO - Filling up the DagBag from /home/edinaldo/Documents/previsao_remuneracao/previsao_remuneracao/venv/lib/python3.10/site-packages/airflow/example_dags/example_latest_only_with_trigger.py
[2023-04-05 21:40:45,347] {processor.py:651} INFO - DAG(s) dict_keys(['latest_only_with_trigger']) retrieved from /home/edinaldo/Documents/previsao_remuneracao/previsao_remuneracao/venv/lib/python3.10/site-packages/airflow/example_dags/example_latest_only_with_trigger.py
[2023-04-05 21:40:45,367] {logging_mixin.py:115} INFO - [2023-04-05 21:40:45,367] {dag.py:2379} INFO - Sync 1 DAGs
[2023-04-05 21:40:45,387] {logging_mixin.py:115} INFO - [2023-04-05 21:40:45,387] {dag.py:2927} INFO - Setting next_dagrun for latest_only_with_trigger to 2023-04-05T20:40:45.387244+00:00, run_after=2023-04-06T00:40:45.387244+00:00
[2023-04-05 21:40:45,472] {processor.py:161} INFO - Processing /home/edinaldo/Documents/previsao_remuneracao/previsao_remuneracao/venv/lib/python3.10/site-packages/airflow/example_dags/example_latest_only_with_trigger.py took 0.166 seconds
[2023-04-05 21:41:23,748] {processor.py:153} INFO - Started process (PID=57972) to work on /home/edinaldo/Documents/previsao_remuneracao/previsao_remuneracao/venv/lib/python3.10/site-packages/airflow/example_dags/example_latest_only_with_trigger.py
[2023-04-05 21:41:23,750] {processor.py:641} INFO - Processing file /home/edinaldo/Documents/previsao_remuneracao/previsao_remuneracao/venv/lib/python3.10/site-packages/airflow/example_dags/example_latest_only_with_trigger.py for tasks to queue
[2023-04-05 21:41:23,752] {logging_mixin.py:115} INFO - [2023-04-05 21:41:23,752] {dagbag.py:507} INFO - Filling up the DagBag from /home/edinaldo/Documents/previsao_remuneracao/previsao_remuneracao/venv/lib/python3.10/site-packages/airflow/example_dags/example_latest_only_with_trigger.py
[2023-04-05 21:41:23,765] {processor.py:651} INFO - DAG(s) dict_keys(['latest_only_with_trigger']) retrieved from /home/edinaldo/Documents/previsao_remuneracao/previsao_remuneracao/venv/lib/python3.10/site-packages/airflow/example_dags/example_latest_only_with_trigger.py
[2023-04-05 21:41:23,783] {logging_mixin.py:115} INFO - [2023-04-05 21:41:23,783] {dag.py:2379} INFO - Sync 1 DAGs
[2023-04-05 21:41:23,804] {logging_mixin.py:115} INFO - [2023-04-05 21:41:23,804] {dag.py:2927} INFO - Setting next_dagrun for latest_only_with_trigger to 2023-04-05T20:41:23.803932+00:00, run_after=2023-04-06T00:41:23.803932+00:00
[2023-04-05 21:41:23,883] {processor.py:161} INFO - Processing /home/edinaldo/Documents/previsao_remuneracao/previsao_remuneracao/venv/lib/python3.10/site-packages/airflow/example_dags/example_latest_only_with_trigger.py took 0.144 seconds
[2023-04-05 21:42:09,385] {processor.py:153} INFO - Started process (PID=58248) to work on /home/edinaldo/Documents/previsao_remuneracao/previsao_remuneracao/venv/lib/python3.10/site-packages/airflow/example_dags/example_latest_only_with_trigger.py
[2023-04-05 21:42:09,391] {processor.py:641} INFO - Processing file /home/edinaldo/Documents/previsao_remuneracao/previsao_remuneracao/venv/lib/python3.10/site-packages/airflow/example_dags/example_latest_only_with_trigger.py for tasks to queue
[2023-04-05 21:42:09,393] {logging_mixin.py:115} INFO - [2023-04-05 21:42:09,393] {dagbag.py:507} INFO - Filling up the DagBag from /home/edinaldo/Documents/previsao_remuneracao/previsao_remuneracao/venv/lib/python3.10/site-packages/airflow/example_dags/example_latest_only_with_trigger.py
[2023-04-05 21:42:09,406] {processor.py:651} INFO - DAG(s) dict_keys(['latest_only_with_trigger']) retrieved from /home/edinaldo/Documents/previsao_remuneracao/previsao_remuneracao/venv/lib/python3.10/site-packages/airflow/example_dags/example_latest_only_with_trigger.py
[2023-04-05 21:42:09,425] {logging_mixin.py:115} INFO - [2023-04-05 21:42:09,425] {dag.py:2379} INFO - Sync 1 DAGs
[2023-04-05 21:42:09,445] {logging_mixin.py:115} INFO - [2023-04-05 21:42:09,445] {dag.py:2927} INFO - Setting next_dagrun for latest_only_with_trigger to 2023-04-05T20:42:09.445133+00:00, run_after=2023-04-06T00:42:09.445133+00:00
[2023-04-05 21:42:09,539] {processor.py:161} INFO - Processing /home/edinaldo/Documents/previsao_remuneracao/previsao_remuneracao/venv/lib/python3.10/site-packages/airflow/example_dags/example_latest_only_with_trigger.py took 0.165 seconds
[2023-04-05 21:42:58,512] {processor.py:153} INFO - Started process (PID=58516) to work on /home/edinaldo/Documents/previsao_remuneracao/previsao_remuneracao/venv/lib/python3.10/site-packages/airflow/example_dags/example_latest_only_with_trigger.py
[2023-04-05 21:42:58,530] {processor.py:641} INFO - Processing file /home/edinaldo/Documents/previsao_remuneracao/previsao_remuneracao/venv/lib/python3.10/site-packages/airflow/example_dags/example_latest_only_with_trigger.py for tasks to queue
[2023-04-05 21:42:58,531] {logging_mixin.py:115} INFO - [2023-04-05 21:42:58,531] {dagbag.py:507} INFO - Filling up the DagBag from /home/edinaldo/Documents/previsao_remuneracao/previsao_remuneracao/venv/lib/python3.10/site-packages/airflow/example_dags/example_latest_only_with_trigger.py
[2023-04-05 21:42:58,580] {processor.py:651} INFO - DAG(s) dict_keys(['latest_only_with_trigger']) retrieved from /home/edinaldo/Documents/previsao_remuneracao/previsao_remuneracao/venv/lib/python3.10/site-packages/airflow/example_dags/example_latest_only_with_trigger.py
[2023-04-05 21:42:58,633] {logging_mixin.py:115} INFO - [2023-04-05 21:42:58,633] {dag.py:2379} INFO - Sync 1 DAGs
[2023-04-05 21:42:58,682] {logging_mixin.py:115} INFO - [2023-04-05 21:42:58,682] {dag.py:2927} INFO - Setting next_dagrun for latest_only_with_trigger to 2023-04-05T20:42:58.681988+00:00, run_after=2023-04-06T00:42:58.681988+00:00
[2023-04-05 21:42:58,779] {processor.py:161} INFO - Processing /home/edinaldo/Documents/previsao_remuneracao/previsao_remuneracao/venv/lib/python3.10/site-packages/airflow/example_dags/example_latest_only_with_trigger.py took 0.273 seconds
