[2023-04-05 21:00:19,468] {processor.py:153} INFO - Started process (PID=52109) to work on /home/edinaldo/Documents/previsao_remuneracao/previsao_remuneracao/venv/lib/python3.10/site-packages/airflow/example_dags/example_branch_python_dop_operator_3.py
[2023-04-05 21:00:19,469] {processor.py:641} INFO - Processing file /home/edinaldo/Documents/previsao_remuneracao/previsao_remuneracao/venv/lib/python3.10/site-packages/airflow/example_dags/example_branch_python_dop_operator_3.py for tasks to queue
[2023-04-05 21:00:19,470] {logging_mixin.py:115} INFO - [2023-04-05 21:00:19,470] {dagbag.py:507} INFO - Filling up the DagBag from /home/edinaldo/Documents/previsao_remuneracao/previsao_remuneracao/venv/lib/python3.10/site-packages/airflow/example_dags/example_branch_python_dop_operator_3.py
[2023-04-05 21:00:19,485] {processor.py:651} INFO - DAG(s) dict_keys(['example_branch_dop_operator_v3']) retrieved from /home/edinaldo/Documents/previsao_remuneracao/previsao_remuneracao/venv/lib/python3.10/site-packages/airflow/example_dags/example_branch_python_dop_operator_3.py
[2023-04-05 21:00:19,505] {logging_mixin.py:115} INFO - [2023-04-05 21:00:19,505] {dag.py:2379} INFO - Sync 1 DAGs
[2023-04-05 21:00:19,539] {logging_mixin.py:115} INFO - [2023-04-05 21:00:19,539] {dag.py:2927} INFO - Setting next_dagrun for example_branch_dop_operator_v3 to 2023-04-05T23:59:00+00:00, run_after=2023-04-06T00:00:00+00:00
[2023-04-05 21:00:20,076] {processor.py:161} INFO - Processing /home/edinaldo/Documents/previsao_remuneracao/previsao_remuneracao/venv/lib/python3.10/site-packages/airflow/example_dags/example_branch_python_dop_operator_3.py took 0.613 seconds
[2023-04-05 21:01:03,143] {processor.py:153} INFO - Started process (PID=52192) to work on /home/edinaldo/Documents/previsao_remuneracao/previsao_remuneracao/venv/lib/python3.10/site-packages/airflow/example_dags/example_branch_python_dop_operator_3.py
[2023-04-05 21:01:03,145] {processor.py:641} INFO - Processing file /home/edinaldo/Documents/previsao_remuneracao/previsao_remuneracao/venv/lib/python3.10/site-packages/airflow/example_dags/example_branch_python_dop_operator_3.py for tasks to queue
[2023-04-05 21:01:03,146] {logging_mixin.py:115} INFO - [2023-04-05 21:01:03,146] {dagbag.py:507} INFO - Filling up the DagBag from /home/edinaldo/Documents/previsao_remuneracao/previsao_remuneracao/venv/lib/python3.10/site-packages/airflow/example_dags/example_branch_python_dop_operator_3.py
[2023-04-05 21:01:03,169] {processor.py:651} INFO - DAG(s) dict_keys(['example_branch_dop_operator_v3']) retrieved from /home/edinaldo/Documents/previsao_remuneracao/previsao_remuneracao/venv/lib/python3.10/site-packages/airflow/example_dags/example_branch_python_dop_operator_3.py
[2023-04-05 21:01:03,191] {logging_mixin.py:115} INFO - [2023-04-05 21:01:03,191] {dag.py:2379} INFO - Sync 1 DAGs
[2023-04-05 21:01:03,219] {logging_mixin.py:115} INFO - [2023-04-05 21:01:03,219] {dag.py:2927} INFO - Setting next_dagrun for example_branch_dop_operator_v3 to 2023-04-06T00:00:00+00:00, run_after=2023-04-06T00:01:00+00:00
[2023-04-05 21:01:03,314] {processor.py:161} INFO - Processing /home/edinaldo/Documents/previsao_remuneracao/previsao_remuneracao/venv/lib/python3.10/site-packages/airflow/example_dags/example_branch_python_dop_operator_3.py took 0.181 seconds
[2023-04-05 21:01:41,139] {processor.py:153} INFO - Started process (PID=52252) to work on /home/edinaldo/Documents/previsao_remuneracao/previsao_remuneracao/venv/lib/python3.10/site-packages/airflow/example_dags/example_branch_python_dop_operator_3.py
[2023-04-05 21:01:41,142] {processor.py:641} INFO - Processing file /home/edinaldo/Documents/previsao_remuneracao/previsao_remuneracao/venv/lib/python3.10/site-packages/airflow/example_dags/example_branch_python_dop_operator_3.py for tasks to queue
[2023-04-05 21:01:41,144] {logging_mixin.py:115} INFO - [2023-04-05 21:01:41,143] {dagbag.py:507} INFO - Filling up the DagBag from /home/edinaldo/Documents/previsao_remuneracao/previsao_remuneracao/venv/lib/python3.10/site-packages/airflow/example_dags/example_branch_python_dop_operator_3.py
[2023-04-05 21:01:41,175] {processor.py:651} INFO - DAG(s) dict_keys(['example_branch_dop_operator_v3']) retrieved from /home/edinaldo/Documents/previsao_remuneracao/previsao_remuneracao/venv/lib/python3.10/site-packages/airflow/example_dags/example_branch_python_dop_operator_3.py
[2023-04-05 21:01:41,204] {logging_mixin.py:115} INFO - [2023-04-05 21:01:41,204] {dag.py:2379} INFO - Sync 1 DAGs
[2023-04-05 21:01:41,251] {logging_mixin.py:115} INFO - [2023-04-05 21:01:41,250] {dag.py:2927} INFO - Setting next_dagrun for example_branch_dop_operator_v3 to 2023-04-06T00:00:00+00:00, run_after=2023-04-06T00:01:00+00:00
[2023-04-05 21:01:41,351] {processor.py:161} INFO - Processing /home/edinaldo/Documents/previsao_remuneracao/previsao_remuneracao/venv/lib/python3.10/site-packages/airflow/example_dags/example_branch_python_dop_operator_3.py took 0.221 seconds
[2023-04-05 21:02:27,623] {processor.py:153} INFO - Started process (PID=52342) to work on /home/edinaldo/Documents/previsao_remuneracao/previsao_remuneracao/venv/lib/python3.10/site-packages/airflow/example_dags/example_branch_python_dop_operator_3.py
[2023-04-05 21:02:27,625] {processor.py:641} INFO - Processing file /home/edinaldo/Documents/previsao_remuneracao/previsao_remuneracao/venv/lib/python3.10/site-packages/airflow/example_dags/example_branch_python_dop_operator_3.py for tasks to queue
[2023-04-05 21:02:27,625] {logging_mixin.py:115} INFO - [2023-04-05 21:02:27,625] {dagbag.py:507} INFO - Filling up the DagBag from /home/edinaldo/Documents/previsao_remuneracao/previsao_remuneracao/venv/lib/python3.10/site-packages/airflow/example_dags/example_branch_python_dop_operator_3.py
[2023-04-05 21:02:27,640] {processor.py:651} INFO - DAG(s) dict_keys(['example_branch_dop_operator_v3']) retrieved from /home/edinaldo/Documents/previsao_remuneracao/previsao_remuneracao/venv/lib/python3.10/site-packages/airflow/example_dags/example_branch_python_dop_operator_3.py
[2023-04-05 21:02:27,658] {logging_mixin.py:115} INFO - [2023-04-05 21:02:27,658] {dag.py:2379} INFO - Sync 1 DAGs
[2023-04-05 21:02:27,683] {logging_mixin.py:115} INFO - [2023-04-05 21:02:27,683] {dag.py:2927} INFO - Setting next_dagrun for example_branch_dop_operator_v3 to 2023-04-06T00:01:00+00:00, run_after=2023-04-06T00:02:00+00:00
[2023-04-05 21:02:27,791] {processor.py:161} INFO - Processing /home/edinaldo/Documents/previsao_remuneracao/previsao_remuneracao/venv/lib/python3.10/site-packages/airflow/example_dags/example_branch_python_dop_operator_3.py took 0.176 seconds
[2023-04-05 21:03:19,563] {processor.py:153} INFO - Started process (PID=52456) to work on /home/edinaldo/Documents/previsao_remuneracao/previsao_remuneracao/venv/lib/python3.10/site-packages/airflow/example_dags/example_branch_python_dop_operator_3.py
[2023-04-05 21:03:19,565] {processor.py:641} INFO - Processing file /home/edinaldo/Documents/previsao_remuneracao/previsao_remuneracao/venv/lib/python3.10/site-packages/airflow/example_dags/example_branch_python_dop_operator_3.py for tasks to queue
[2023-04-05 21:03:19,566] {logging_mixin.py:115} INFO - [2023-04-05 21:03:19,566] {dagbag.py:507} INFO - Filling up the DagBag from /home/edinaldo/Documents/previsao_remuneracao/previsao_remuneracao/venv/lib/python3.10/site-packages/airflow/example_dags/example_branch_python_dop_operator_3.py
[2023-04-05 21:03:19,585] {processor.py:651} INFO - DAG(s) dict_keys(['example_branch_dop_operator_v3']) retrieved from /home/edinaldo/Documents/previsao_remuneracao/previsao_remuneracao/venv/lib/python3.10/site-packages/airflow/example_dags/example_branch_python_dop_operator_3.py
[2023-04-05 21:03:19,602] {logging_mixin.py:115} INFO - [2023-04-05 21:03:19,602] {dag.py:2379} INFO - Sync 1 DAGs
[2023-04-05 21:03:19,626] {logging_mixin.py:115} INFO - [2023-04-05 21:03:19,626] {dag.py:2927} INFO - Setting next_dagrun for example_branch_dop_operator_v3 to 2023-04-06T00:02:00+00:00, run_after=2023-04-06T00:03:00+00:00
[2023-04-05 21:03:19,741] {processor.py:161} INFO - Processing /home/edinaldo/Documents/previsao_remuneracao/previsao_remuneracao/venv/lib/python3.10/site-packages/airflow/example_dags/example_branch_python_dop_operator_3.py took 0.188 seconds
[2023-04-05 21:04:04,005] {processor.py:153} INFO - Started process (PID=52519) to work on /home/edinaldo/Documents/previsao_remuneracao/previsao_remuneracao/venv/lib/python3.10/site-packages/airflow/example_dags/example_branch_python_dop_operator_3.py
[2023-04-05 21:04:04,023] {processor.py:641} INFO - Processing file /home/edinaldo/Documents/previsao_remuneracao/previsao_remuneracao/venv/lib/python3.10/site-packages/airflow/example_dags/example_branch_python_dop_operator_3.py for tasks to queue
[2023-04-05 21:04:04,025] {logging_mixin.py:115} INFO - [2023-04-05 21:04:04,024] {dagbag.py:507} INFO - Filling up the DagBag from /home/edinaldo/Documents/previsao_remuneracao/previsao_remuneracao/venv/lib/python3.10/site-packages/airflow/example_dags/example_branch_python_dop_operator_3.py
[2023-04-05 21:04:04,052] {processor.py:651} INFO - DAG(s) dict_keys(['example_branch_dop_operator_v3']) retrieved from /home/edinaldo/Documents/previsao_remuneracao/previsao_remuneracao/venv/lib/python3.10/site-packages/airflow/example_dags/example_branch_python_dop_operator_3.py
[2023-04-05 21:04:04,071] {logging_mixin.py:115} INFO - [2023-04-05 21:04:04,070] {dag.py:2379} INFO - Sync 1 DAGs
[2023-04-05 21:04:04,096] {logging_mixin.py:115} INFO - [2023-04-05 21:04:04,096] {dag.py:2927} INFO - Setting next_dagrun for example_branch_dop_operator_v3 to 2023-04-06T00:03:00+00:00, run_after=2023-04-06T00:04:00+00:00
[2023-04-05 21:04:04,198] {processor.py:161} INFO - Processing /home/edinaldo/Documents/previsao_remuneracao/previsao_remuneracao/venv/lib/python3.10/site-packages/airflow/example_dags/example_branch_python_dop_operator_3.py took 0.203 seconds
[2023-04-05 21:04:47,476] {processor.py:153} INFO - Started process (PID=52572) to work on /home/edinaldo/Documents/previsao_remuneracao/previsao_remuneracao/venv/lib/python3.10/site-packages/airflow/example_dags/example_branch_python_dop_operator_3.py
[2023-04-05 21:04:47,505] {processor.py:641} INFO - Processing file /home/edinaldo/Documents/previsao_remuneracao/previsao_remuneracao/venv/lib/python3.10/site-packages/airflow/example_dags/example_branch_python_dop_operator_3.py for tasks to queue
[2023-04-05 21:04:47,507] {logging_mixin.py:115} INFO - [2023-04-05 21:04:47,507] {dagbag.py:507} INFO - Filling up the DagBag from /home/edinaldo/Documents/previsao_remuneracao/previsao_remuneracao/venv/lib/python3.10/site-packages/airflow/example_dags/example_branch_python_dop_operator_3.py
[2023-04-05 21:04:47,534] {processor.py:651} INFO - DAG(s) dict_keys(['example_branch_dop_operator_v3']) retrieved from /home/edinaldo/Documents/previsao_remuneracao/previsao_remuneracao/venv/lib/python3.10/site-packages/airflow/example_dags/example_branch_python_dop_operator_3.py
[2023-04-05 21:04:47,554] {logging_mixin.py:115} INFO - [2023-04-05 21:04:47,554] {dag.py:2379} INFO - Sync 1 DAGs
[2023-04-05 21:04:47,581] {logging_mixin.py:115} INFO - [2023-04-05 21:04:47,581] {dag.py:2927} INFO - Setting next_dagrun for example_branch_dop_operator_v3 to 2023-04-06T00:03:00+00:00, run_after=2023-04-06T00:04:00+00:00
[2023-04-05 21:04:47,746] {processor.py:161} INFO - Processing /home/edinaldo/Documents/previsao_remuneracao/previsao_remuneracao/venv/lib/python3.10/site-packages/airflow/example_dags/example_branch_python_dop_operator_3.py took 0.281 seconds
[2023-04-05 21:05:25,102] {processor.py:153} INFO - Started process (PID=52647) to work on /home/edinaldo/Documents/previsao_remuneracao/previsao_remuneracao/venv/lib/python3.10/site-packages/airflow/example_dags/example_branch_python_dop_operator_3.py
[2023-04-05 21:05:25,375] {processor.py:641} INFO - Processing file /home/edinaldo/Documents/previsao_remuneracao/previsao_remuneracao/venv/lib/python3.10/site-packages/airflow/example_dags/example_branch_python_dop_operator_3.py for tasks to queue
[2023-04-05 21:05:25,377] {logging_mixin.py:115} INFO - [2023-04-05 21:05:25,377] {dagbag.py:507} INFO - Filling up the DagBag from /home/edinaldo/Documents/previsao_remuneracao/previsao_remuneracao/venv/lib/python3.10/site-packages/airflow/example_dags/example_branch_python_dop_operator_3.py
[2023-04-05 21:05:25,420] {processor.py:651} INFO - DAG(s) dict_keys(['example_branch_dop_operator_v3']) retrieved from /home/edinaldo/Documents/previsao_remuneracao/previsao_remuneracao/venv/lib/python3.10/site-packages/airflow/example_dags/example_branch_python_dop_operator_3.py
[2023-04-05 21:05:25,779] {logging_mixin.py:115} INFO - [2023-04-05 21:05:25,779] {dag.py:2379} INFO - Sync 1 DAGs
[2023-04-05 21:05:25,815] {logging_mixin.py:115} INFO - [2023-04-05 21:05:25,815] {dag.py:2927} INFO - Setting next_dagrun for example_branch_dop_operator_v3 to 2023-04-06T00:04:00+00:00, run_after=2023-04-06T00:05:00+00:00
[2023-04-05 21:05:26,241] {processor.py:161} INFO - Processing /home/edinaldo/Documents/previsao_remuneracao/previsao_remuneracao/venv/lib/python3.10/site-packages/airflow/example_dags/example_branch_python_dop_operator_3.py took 1.143 seconds
[2023-04-05 21:06:11,571] {processor.py:153} INFO - Started process (PID=52699) to work on /home/edinaldo/Documents/previsao_remuneracao/previsao_remuneracao/venv/lib/python3.10/site-packages/airflow/example_dags/example_branch_python_dop_operator_3.py
[2023-04-05 21:06:11,580] {processor.py:641} INFO - Processing file /home/edinaldo/Documents/previsao_remuneracao/previsao_remuneracao/venv/lib/python3.10/site-packages/airflow/example_dags/example_branch_python_dop_operator_3.py for tasks to queue
[2023-04-05 21:06:11,581] {logging_mixin.py:115} INFO - [2023-04-05 21:06:11,581] {dagbag.py:507} INFO - Filling up the DagBag from /home/edinaldo/Documents/previsao_remuneracao/previsao_remuneracao/venv/lib/python3.10/site-packages/airflow/example_dags/example_branch_python_dop_operator_3.py
[2023-04-05 21:06:11,599] {processor.py:651} INFO - DAG(s) dict_keys(['example_branch_dop_operator_v3']) retrieved from /home/edinaldo/Documents/previsao_remuneracao/previsao_remuneracao/venv/lib/python3.10/site-packages/airflow/example_dags/example_branch_python_dop_operator_3.py
[2023-04-05 21:06:11,619] {logging_mixin.py:115} INFO - [2023-04-05 21:06:11,619] {dag.py:2379} INFO - Sync 1 DAGs
[2023-04-05 21:06:11,643] {logging_mixin.py:115} INFO - [2023-04-05 21:06:11,643] {dag.py:2927} INFO - Setting next_dagrun for example_branch_dop_operator_v3 to 2023-04-06T00:05:00+00:00, run_after=2023-04-06T00:06:00+00:00
[2023-04-05 21:06:11,737] {processor.py:161} INFO - Processing /home/edinaldo/Documents/previsao_remuneracao/previsao_remuneracao/venv/lib/python3.10/site-packages/airflow/example_dags/example_branch_python_dop_operator_3.py took 0.170 seconds
[2023-04-05 21:06:59,338] {processor.py:153} INFO - Started process (PID=52768) to work on /home/edinaldo/Documents/previsao_remuneracao/previsao_remuneracao/venv/lib/python3.10/site-packages/airflow/example_dags/example_branch_python_dop_operator_3.py
[2023-04-05 21:06:59,358] {processor.py:641} INFO - Processing file /home/edinaldo/Documents/previsao_remuneracao/previsao_remuneracao/venv/lib/python3.10/site-packages/airflow/example_dags/example_branch_python_dop_operator_3.py for tasks to queue
[2023-04-05 21:06:59,358] {logging_mixin.py:115} INFO - [2023-04-05 21:06:59,358] {dagbag.py:507} INFO - Filling up the DagBag from /home/edinaldo/Documents/previsao_remuneracao/previsao_remuneracao/venv/lib/python3.10/site-packages/airflow/example_dags/example_branch_python_dop_operator_3.py
[2023-04-05 21:06:59,374] {processor.py:651} INFO - DAG(s) dict_keys(['example_branch_dop_operator_v3']) retrieved from /home/edinaldo/Documents/previsao_remuneracao/previsao_remuneracao/venv/lib/python3.10/site-packages/airflow/example_dags/example_branch_python_dop_operator_3.py
[2023-04-05 21:06:59,394] {logging_mixin.py:115} INFO - [2023-04-05 21:06:59,394] {dag.py:2379} INFO - Sync 1 DAGs
[2023-04-05 21:06:59,422] {logging_mixin.py:115} INFO - [2023-04-05 21:06:59,422] {dag.py:2927} INFO - Setting next_dagrun for example_branch_dop_operator_v3 to 2023-04-06T00:05:00+00:00, run_after=2023-04-06T00:06:00+00:00
[2023-04-05 21:06:59,572] {processor.py:161} INFO - Processing /home/edinaldo/Documents/previsao_remuneracao/previsao_remuneracao/venv/lib/python3.10/site-packages/airflow/example_dags/example_branch_python_dop_operator_3.py took 0.237 seconds
[2023-04-05 21:07:40,564] {processor.py:153} INFO - Started process (PID=52811) to work on /home/edinaldo/Documents/previsao_remuneracao/previsao_remuneracao/venv/lib/python3.10/site-packages/airflow/example_dags/example_branch_python_dop_operator_3.py
[2023-04-05 21:07:40,576] {processor.py:641} INFO - Processing file /home/edinaldo/Documents/previsao_remuneracao/previsao_remuneracao/venv/lib/python3.10/site-packages/airflow/example_dags/example_branch_python_dop_operator_3.py for tasks to queue
[2023-04-05 21:07:40,577] {logging_mixin.py:115} INFO - [2023-04-05 21:07:40,577] {dagbag.py:507} INFO - Filling up the DagBag from /home/edinaldo/Documents/previsao_remuneracao/previsao_remuneracao/venv/lib/python3.10/site-packages/airflow/example_dags/example_branch_python_dop_operator_3.py
[2023-04-05 21:07:40,593] {processor.py:651} INFO - DAG(s) dict_keys(['example_branch_dop_operator_v3']) retrieved from /home/edinaldo/Documents/previsao_remuneracao/previsao_remuneracao/venv/lib/python3.10/site-packages/airflow/example_dags/example_branch_python_dop_operator_3.py
[2023-04-05 21:07:40,612] {logging_mixin.py:115} INFO - [2023-04-05 21:07:40,612] {dag.py:2379} INFO - Sync 1 DAGs
[2023-04-05 21:07:40,636] {logging_mixin.py:115} INFO - [2023-04-05 21:07:40,636] {dag.py:2927} INFO - Setting next_dagrun for example_branch_dop_operator_v3 to 2023-04-06T00:06:00+00:00, run_after=2023-04-06T00:07:00+00:00
[2023-04-05 21:07:40,748] {processor.py:161} INFO - Processing /home/edinaldo/Documents/previsao_remuneracao/previsao_remuneracao/venv/lib/python3.10/site-packages/airflow/example_dags/example_branch_python_dop_operator_3.py took 0.188 seconds
[2023-04-05 21:08:26,852] {processor.py:153} INFO - Started process (PID=52852) to work on /home/edinaldo/Documents/previsao_remuneracao/previsao_remuneracao/venv/lib/python3.10/site-packages/airflow/example_dags/example_branch_python_dop_operator_3.py
[2023-04-05 21:08:26,860] {processor.py:641} INFO - Processing file /home/edinaldo/Documents/previsao_remuneracao/previsao_remuneracao/venv/lib/python3.10/site-packages/airflow/example_dags/example_branch_python_dop_operator_3.py for tasks to queue
[2023-04-05 21:08:26,862] {logging_mixin.py:115} INFO - [2023-04-05 21:08:26,862] {dagbag.py:507} INFO - Filling up the DagBag from /home/edinaldo/Documents/previsao_remuneracao/previsao_remuneracao/venv/lib/python3.10/site-packages/airflow/example_dags/example_branch_python_dop_operator_3.py
[2023-04-05 21:08:26,884] {processor.py:651} INFO - DAG(s) dict_keys(['example_branch_dop_operator_v3']) retrieved from /home/edinaldo/Documents/previsao_remuneracao/previsao_remuneracao/venv/lib/python3.10/site-packages/airflow/example_dags/example_branch_python_dop_operator_3.py
[2023-04-05 21:08:26,901] {logging_mixin.py:115} INFO - [2023-04-05 21:08:26,901] {dag.py:2379} INFO - Sync 1 DAGs
[2023-04-05 21:08:26,924] {logging_mixin.py:115} INFO - [2023-04-05 21:08:26,924] {dag.py:2927} INFO - Setting next_dagrun for example_branch_dop_operator_v3 to 2023-04-06T00:07:00+00:00, run_after=2023-04-06T00:08:00+00:00
[2023-04-05 21:08:27,008] {processor.py:161} INFO - Processing /home/edinaldo/Documents/previsao_remuneracao/previsao_remuneracao/venv/lib/python3.10/site-packages/airflow/example_dags/example_branch_python_dop_operator_3.py took 0.166 seconds
[2023-04-05 21:09:05,066] {processor.py:153} INFO - Started process (PID=52888) to work on /home/edinaldo/Documents/previsao_remuneracao/previsao_remuneracao/venv/lib/python3.10/site-packages/airflow/example_dags/example_branch_python_dop_operator_3.py
[2023-04-05 21:09:05,073] {processor.py:641} INFO - Processing file /home/edinaldo/Documents/previsao_remuneracao/previsao_remuneracao/venv/lib/python3.10/site-packages/airflow/example_dags/example_branch_python_dop_operator_3.py for tasks to queue
[2023-04-05 21:09:05,075] {logging_mixin.py:115} INFO - [2023-04-05 21:09:05,075] {dagbag.py:507} INFO - Filling up the DagBag from /home/edinaldo/Documents/previsao_remuneracao/previsao_remuneracao/venv/lib/python3.10/site-packages/airflow/example_dags/example_branch_python_dop_operator_3.py
[2023-04-05 21:09:05,097] {processor.py:651} INFO - DAG(s) dict_keys(['example_branch_dop_operator_v3']) retrieved from /home/edinaldo/Documents/previsao_remuneracao/previsao_remuneracao/venv/lib/python3.10/site-packages/airflow/example_dags/example_branch_python_dop_operator_3.py
[2023-04-05 21:09:05,114] {logging_mixin.py:115} INFO - [2023-04-05 21:09:05,114] {dag.py:2379} INFO - Sync 1 DAGs
[2023-04-05 21:09:05,138] {logging_mixin.py:115} INFO - [2023-04-05 21:09:05,138] {dag.py:2927} INFO - Setting next_dagrun for example_branch_dop_operator_v3 to 2023-04-06T00:08:00+00:00, run_after=2023-04-06T00:09:00+00:00
[2023-04-05 21:09:05,288] {processor.py:161} INFO - Processing /home/edinaldo/Documents/previsao_remuneracao/previsao_remuneracao/venv/lib/python3.10/site-packages/airflow/example_dags/example_branch_python_dop_operator_3.py took 0.232 seconds
[2023-04-05 21:09:44,291] {processor.py:153} INFO - Started process (PID=52924) to work on /home/edinaldo/Documents/previsao_remuneracao/previsao_remuneracao/venv/lib/python3.10/site-packages/airflow/example_dags/example_branch_python_dop_operator_3.py
[2023-04-05 21:09:44,302] {processor.py:641} INFO - Processing file /home/edinaldo/Documents/previsao_remuneracao/previsao_remuneracao/venv/lib/python3.10/site-packages/airflow/example_dags/example_branch_python_dop_operator_3.py for tasks to queue
[2023-04-05 21:09:44,304] {logging_mixin.py:115} INFO - [2023-04-05 21:09:44,304] {dagbag.py:507} INFO - Filling up the DagBag from /home/edinaldo/Documents/previsao_remuneracao/previsao_remuneracao/venv/lib/python3.10/site-packages/airflow/example_dags/example_branch_python_dop_operator_3.py
[2023-04-05 21:09:44,331] {processor.py:651} INFO - DAG(s) dict_keys(['example_branch_dop_operator_v3']) retrieved from /home/edinaldo/Documents/previsao_remuneracao/previsao_remuneracao/venv/lib/python3.10/site-packages/airflow/example_dags/example_branch_python_dop_operator_3.py
[2023-04-05 21:09:44,349] {logging_mixin.py:115} INFO - [2023-04-05 21:09:44,348] {dag.py:2379} INFO - Sync 1 DAGs
[2023-04-05 21:09:44,372] {logging_mixin.py:115} INFO - [2023-04-05 21:09:44,372] {dag.py:2927} INFO - Setting next_dagrun for example_branch_dop_operator_v3 to 2023-04-06T00:08:00+00:00, run_after=2023-04-06T00:09:00+00:00
[2023-04-05 21:09:44,449] {processor.py:161} INFO - Processing /home/edinaldo/Documents/previsao_remuneracao/previsao_remuneracao/venv/lib/python3.10/site-packages/airflow/example_dags/example_branch_python_dop_operator_3.py took 0.161 seconds
[2023-04-05 21:10:23,989] {processor.py:153} INFO - Started process (PID=52963) to work on /home/edinaldo/Documents/previsao_remuneracao/previsao_remuneracao/venv/lib/python3.10/site-packages/airflow/example_dags/example_branch_python_dop_operator_3.py
[2023-04-05 21:10:23,990] {processor.py:641} INFO - Processing file /home/edinaldo/Documents/previsao_remuneracao/previsao_remuneracao/venv/lib/python3.10/site-packages/airflow/example_dags/example_branch_python_dop_operator_3.py for tasks to queue
[2023-04-05 21:10:23,991] {logging_mixin.py:115} INFO - [2023-04-05 21:10:23,991] {dagbag.py:507} INFO - Filling up the DagBag from /home/edinaldo/Documents/previsao_remuneracao/previsao_remuneracao/venv/lib/python3.10/site-packages/airflow/example_dags/example_branch_python_dop_operator_3.py
[2023-04-05 21:10:24,005] {processor.py:651} INFO - DAG(s) dict_keys(['example_branch_dop_operator_v3']) retrieved from /home/edinaldo/Documents/previsao_remuneracao/previsao_remuneracao/venv/lib/python3.10/site-packages/airflow/example_dags/example_branch_python_dop_operator_3.py
[2023-04-05 21:10:24,022] {logging_mixin.py:115} INFO - [2023-04-05 21:10:24,022] {dag.py:2379} INFO - Sync 1 DAGs
[2023-04-05 21:10:24,046] {logging_mixin.py:115} INFO - [2023-04-05 21:10:24,046] {dag.py:2927} INFO - Setting next_dagrun for example_branch_dop_operator_v3 to 2023-04-06T00:09:00+00:00, run_after=2023-04-06T00:10:00+00:00
[2023-04-05 21:10:24,174] {processor.py:161} INFO - Processing /home/edinaldo/Documents/previsao_remuneracao/previsao_remuneracao/venv/lib/python3.10/site-packages/airflow/example_dags/example_branch_python_dop_operator_3.py took 0.191 seconds
[2023-04-05 21:11:13,286] {processor.py:153} INFO - Started process (PID=53129) to work on /home/edinaldo/Documents/previsao_remuneracao/previsao_remuneracao/venv/lib/python3.10/site-packages/airflow/example_dags/example_branch_python_dop_operator_3.py
[2023-04-05 21:11:13,295] {processor.py:641} INFO - Processing file /home/edinaldo/Documents/previsao_remuneracao/previsao_remuneracao/venv/lib/python3.10/site-packages/airflow/example_dags/example_branch_python_dop_operator_3.py for tasks to queue
[2023-04-05 21:11:13,296] {logging_mixin.py:115} INFO - [2023-04-05 21:11:13,296] {dagbag.py:507} INFO - Filling up the DagBag from /home/edinaldo/Documents/previsao_remuneracao/previsao_remuneracao/venv/lib/python3.10/site-packages/airflow/example_dags/example_branch_python_dop_operator_3.py
[2023-04-05 21:11:13,315] {processor.py:651} INFO - DAG(s) dict_keys(['example_branch_dop_operator_v3']) retrieved from /home/edinaldo/Documents/previsao_remuneracao/previsao_remuneracao/venv/lib/python3.10/site-packages/airflow/example_dags/example_branch_python_dop_operator_3.py
[2023-04-05 21:11:13,334] {logging_mixin.py:115} INFO - [2023-04-05 21:11:13,334] {dag.py:2379} INFO - Sync 1 DAGs
[2023-04-05 21:11:13,358] {logging_mixin.py:115} INFO - [2023-04-05 21:11:13,358] {dag.py:2927} INFO - Setting next_dagrun for example_branch_dop_operator_v3 to 2023-04-06T00:10:00+00:00, run_after=2023-04-06T00:11:00+00:00
[2023-04-05 21:11:13,458] {processor.py:161} INFO - Processing /home/edinaldo/Documents/previsao_remuneracao/previsao_remuneracao/venv/lib/python3.10/site-packages/airflow/example_dags/example_branch_python_dop_operator_3.py took 0.176 seconds
[2023-04-05 21:11:59,270] {processor.py:153} INFO - Started process (PID=53201) to work on /home/edinaldo/Documents/previsao_remuneracao/previsao_remuneracao/venv/lib/python3.10/site-packages/airflow/example_dags/example_branch_python_dop_operator_3.py
[2023-04-05 21:11:59,279] {processor.py:641} INFO - Processing file /home/edinaldo/Documents/previsao_remuneracao/previsao_remuneracao/venv/lib/python3.10/site-packages/airflow/example_dags/example_branch_python_dop_operator_3.py for tasks to queue
[2023-04-05 21:11:59,280] {logging_mixin.py:115} INFO - [2023-04-05 21:11:59,280] {dagbag.py:507} INFO - Filling up the DagBag from /home/edinaldo/Documents/previsao_remuneracao/previsao_remuneracao/venv/lib/python3.10/site-packages/airflow/example_dags/example_branch_python_dop_operator_3.py
[2023-04-05 21:11:59,295] {processor.py:651} INFO - DAG(s) dict_keys(['example_branch_dop_operator_v3']) retrieved from /home/edinaldo/Documents/previsao_remuneracao/previsao_remuneracao/venv/lib/python3.10/site-packages/airflow/example_dags/example_branch_python_dop_operator_3.py
[2023-04-05 21:11:59,318] {logging_mixin.py:115} INFO - [2023-04-05 21:11:59,318] {dag.py:2379} INFO - Sync 1 DAGs
[2023-04-05 21:11:59,358] {logging_mixin.py:115} INFO - [2023-04-05 21:11:59,358] {dag.py:2927} INFO - Setting next_dagrun for example_branch_dop_operator_v3 to 2023-04-06T00:10:00+00:00, run_after=2023-04-06T00:11:00+00:00
[2023-04-05 21:11:59,555] {processor.py:161} INFO - Processing /home/edinaldo/Documents/previsao_remuneracao/previsao_remuneracao/venv/lib/python3.10/site-packages/airflow/example_dags/example_branch_python_dop_operator_3.py took 0.291 seconds
[2023-04-05 21:12:59,882] {processor.py:153} INFO - Started process (PID=53400) to work on /home/edinaldo/Documents/previsao_remuneracao/previsao_remuneracao/venv/lib/python3.10/site-packages/airflow/example_dags/example_branch_python_dop_operator_3.py
[2023-04-05 21:12:59,898] {processor.py:641} INFO - Processing file /home/edinaldo/Documents/previsao_remuneracao/previsao_remuneracao/venv/lib/python3.10/site-packages/airflow/example_dags/example_branch_python_dop_operator_3.py for tasks to queue
[2023-04-05 21:12:59,899] {logging_mixin.py:115} INFO - [2023-04-05 21:12:59,899] {dagbag.py:507} INFO - Filling up the DagBag from /home/edinaldo/Documents/previsao_remuneracao/previsao_remuneracao/venv/lib/python3.10/site-packages/airflow/example_dags/example_branch_python_dop_operator_3.py
[2023-04-05 21:12:59,934] {processor.py:651} INFO - DAG(s) dict_keys(['example_branch_dop_operator_v3']) retrieved from /home/edinaldo/Documents/previsao_remuneracao/previsao_remuneracao/venv/lib/python3.10/site-packages/airflow/example_dags/example_branch_python_dop_operator_3.py
[2023-04-05 21:12:59,963] {logging_mixin.py:115} INFO - [2023-04-05 21:12:59,963] {dag.py:2379} INFO - Sync 1 DAGs
[2023-04-05 21:12:59,989] {logging_mixin.py:115} INFO - [2023-04-05 21:12:59,989] {dag.py:2927} INFO - Setting next_dagrun for example_branch_dop_operator_v3 to 2023-04-06T00:11:00+00:00, run_after=2023-04-06T00:12:00+00:00
[2023-04-05 21:13:00,145] {processor.py:161} INFO - Processing /home/edinaldo/Documents/previsao_remuneracao/previsao_remuneracao/venv/lib/python3.10/site-packages/airflow/example_dags/example_branch_python_dop_operator_3.py took 0.272 seconds
[2023-04-05 21:13:42,994] {processor.py:153} INFO - Started process (PID=53450) to work on /home/edinaldo/Documents/previsao_remuneracao/previsao_remuneracao/venv/lib/python3.10/site-packages/airflow/example_dags/example_branch_python_dop_operator_3.py
[2023-04-05 21:13:43,013] {processor.py:641} INFO - Processing file /home/edinaldo/Documents/previsao_remuneracao/previsao_remuneracao/venv/lib/python3.10/site-packages/airflow/example_dags/example_branch_python_dop_operator_3.py for tasks to queue
[2023-04-05 21:13:43,014] {logging_mixin.py:115} INFO - [2023-04-05 21:13:43,014] {dagbag.py:507} INFO - Filling up the DagBag from /home/edinaldo/Documents/previsao_remuneracao/previsao_remuneracao/venv/lib/python3.10/site-packages/airflow/example_dags/example_branch_python_dop_operator_3.py
[2023-04-05 21:13:43,036] {processor.py:651} INFO - DAG(s) dict_keys(['example_branch_dop_operator_v3']) retrieved from /home/edinaldo/Documents/previsao_remuneracao/previsao_remuneracao/venv/lib/python3.10/site-packages/airflow/example_dags/example_branch_python_dop_operator_3.py
[2023-04-05 21:13:43,054] {logging_mixin.py:115} INFO - [2023-04-05 21:13:43,054] {dag.py:2379} INFO - Sync 1 DAGs
[2023-04-05 21:13:43,078] {logging_mixin.py:115} INFO - [2023-04-05 21:13:43,078] {dag.py:2927} INFO - Setting next_dagrun for example_branch_dop_operator_v3 to 2023-04-06T00:12:00+00:00, run_after=2023-04-06T00:13:00+00:00
[2023-04-05 21:13:43,175] {processor.py:161} INFO - Processing /home/edinaldo/Documents/previsao_remuneracao/previsao_remuneracao/venv/lib/python3.10/site-packages/airflow/example_dags/example_branch_python_dop_operator_3.py took 0.191 seconds
[2023-04-05 21:14:22,373] {processor.py:153} INFO - Started process (PID=53484) to work on /home/edinaldo/Documents/previsao_remuneracao/previsao_remuneracao/venv/lib/python3.10/site-packages/airflow/example_dags/example_branch_python_dop_operator_3.py
[2023-04-05 21:14:22,374] {processor.py:641} INFO - Processing file /home/edinaldo/Documents/previsao_remuneracao/previsao_remuneracao/venv/lib/python3.10/site-packages/airflow/example_dags/example_branch_python_dop_operator_3.py for tasks to queue
[2023-04-05 21:14:22,375] {logging_mixin.py:115} INFO - [2023-04-05 21:14:22,375] {dagbag.py:507} INFO - Filling up the DagBag from /home/edinaldo/Documents/previsao_remuneracao/previsao_remuneracao/venv/lib/python3.10/site-packages/airflow/example_dags/example_branch_python_dop_operator_3.py
[2023-04-05 21:14:22,393] {processor.py:651} INFO - DAG(s) dict_keys(['example_branch_dop_operator_v3']) retrieved from /home/edinaldo/Documents/previsao_remuneracao/previsao_remuneracao/venv/lib/python3.10/site-packages/airflow/example_dags/example_branch_python_dop_operator_3.py
[2023-04-05 21:14:22,417] {logging_mixin.py:115} INFO - [2023-04-05 21:14:22,417] {dag.py:2379} INFO - Sync 1 DAGs
[2023-04-05 21:14:22,450] {logging_mixin.py:115} INFO - [2023-04-05 21:14:22,450] {dag.py:2927} INFO - Setting next_dagrun for example_branch_dop_operator_v3 to 2023-04-06T00:13:00+00:00, run_after=2023-04-06T00:14:00+00:00
[2023-04-05 21:14:22,562] {processor.py:161} INFO - Processing /home/edinaldo/Documents/previsao_remuneracao/previsao_remuneracao/venv/lib/python3.10/site-packages/airflow/example_dags/example_branch_python_dop_operator_3.py took 0.194 seconds
[2023-04-05 21:15:04,538] {processor.py:153} INFO - Started process (PID=53527) to work on /home/edinaldo/Documents/previsao_remuneracao/previsao_remuneracao/venv/lib/python3.10/site-packages/airflow/example_dags/example_branch_python_dop_operator_3.py
[2023-04-05 21:15:04,540] {processor.py:641} INFO - Processing file /home/edinaldo/Documents/previsao_remuneracao/previsao_remuneracao/venv/lib/python3.10/site-packages/airflow/example_dags/example_branch_python_dop_operator_3.py for tasks to queue
[2023-04-05 21:15:04,541] {logging_mixin.py:115} INFO - [2023-04-05 21:15:04,541] {dagbag.py:507} INFO - Filling up the DagBag from /home/edinaldo/Documents/previsao_remuneracao/previsao_remuneracao/venv/lib/python3.10/site-packages/airflow/example_dags/example_branch_python_dop_operator_3.py
[2023-04-05 21:15:04,561] {processor.py:651} INFO - DAG(s) dict_keys(['example_branch_dop_operator_v3']) retrieved from /home/edinaldo/Documents/previsao_remuneracao/previsao_remuneracao/venv/lib/python3.10/site-packages/airflow/example_dags/example_branch_python_dop_operator_3.py
[2023-04-05 21:15:04,578] {logging_mixin.py:115} INFO - [2023-04-05 21:15:04,578] {dag.py:2379} INFO - Sync 1 DAGs
[2023-04-05 21:15:04,610] {logging_mixin.py:115} INFO - [2023-04-05 21:15:04,610] {dag.py:2927} INFO - Setting next_dagrun for example_branch_dop_operator_v3 to 2023-04-06T00:14:00+00:00, run_after=2023-04-06T00:15:00+00:00
[2023-04-05 21:15:04,713] {processor.py:161} INFO - Processing /home/edinaldo/Documents/previsao_remuneracao/previsao_remuneracao/venv/lib/python3.10/site-packages/airflow/example_dags/example_branch_python_dop_operator_3.py took 0.185 seconds
[2023-04-05 21:15:55,697] {processor.py:153} INFO - Started process (PID=53608) to work on /home/edinaldo/Documents/previsao_remuneracao/previsao_remuneracao/venv/lib/python3.10/site-packages/airflow/example_dags/example_branch_python_dop_operator_3.py
[2023-04-05 21:15:55,708] {processor.py:641} INFO - Processing file /home/edinaldo/Documents/previsao_remuneracao/previsao_remuneracao/venv/lib/python3.10/site-packages/airflow/example_dags/example_branch_python_dop_operator_3.py for tasks to queue
[2023-04-05 21:15:55,710] {logging_mixin.py:115} INFO - [2023-04-05 21:15:55,710] {dagbag.py:507} INFO - Filling up the DagBag from /home/edinaldo/Documents/previsao_remuneracao/previsao_remuneracao/venv/lib/python3.10/site-packages/airflow/example_dags/example_branch_python_dop_operator_3.py
[2023-04-05 21:15:55,741] {processor.py:651} INFO - DAG(s) dict_keys(['example_branch_dop_operator_v3']) retrieved from /home/edinaldo/Documents/previsao_remuneracao/previsao_remuneracao/venv/lib/python3.10/site-packages/airflow/example_dags/example_branch_python_dop_operator_3.py
[2023-04-05 21:15:55,759] {logging_mixin.py:115} INFO - [2023-04-05 21:15:55,759] {dag.py:2379} INFO - Sync 1 DAGs
[2023-04-05 21:15:55,783] {logging_mixin.py:115} INFO - [2023-04-05 21:15:55,782] {dag.py:2927} INFO - Setting next_dagrun for example_branch_dop_operator_v3 to 2023-04-06T00:14:00+00:00, run_after=2023-04-06T00:15:00+00:00
[2023-04-05 21:15:55,862] {processor.py:161} INFO - Processing /home/edinaldo/Documents/previsao_remuneracao/previsao_remuneracao/venv/lib/python3.10/site-packages/airflow/example_dags/example_branch_python_dop_operator_3.py took 0.169 seconds
[2023-04-05 21:16:39,689] {processor.py:153} INFO - Started process (PID=53671) to work on /home/edinaldo/Documents/previsao_remuneracao/previsao_remuneracao/venv/lib/python3.10/site-packages/airflow/example_dags/example_branch_python_dop_operator_3.py
[2023-04-05 21:16:39,690] {processor.py:641} INFO - Processing file /home/edinaldo/Documents/previsao_remuneracao/previsao_remuneracao/venv/lib/python3.10/site-packages/airflow/example_dags/example_branch_python_dop_operator_3.py for tasks to queue
[2023-04-05 21:16:39,690] {logging_mixin.py:115} INFO - [2023-04-05 21:16:39,690] {dagbag.py:507} INFO - Filling up the DagBag from /home/edinaldo/Documents/previsao_remuneracao/previsao_remuneracao/venv/lib/python3.10/site-packages/airflow/example_dags/example_branch_python_dop_operator_3.py
[2023-04-05 21:16:39,702] {processor.py:651} INFO - DAG(s) dict_keys(['example_branch_dop_operator_v3']) retrieved from /home/edinaldo/Documents/previsao_remuneracao/previsao_remuneracao/venv/lib/python3.10/site-packages/airflow/example_dags/example_branch_python_dop_operator_3.py
[2023-04-05 21:16:39,719] {logging_mixin.py:115} INFO - [2023-04-05 21:16:39,719] {dag.py:2379} INFO - Sync 1 DAGs
[2023-04-05 21:16:39,742] {logging_mixin.py:115} INFO - [2023-04-05 21:16:39,742] {dag.py:2927} INFO - Setting next_dagrun for example_branch_dop_operator_v3 to 2023-04-06T00:15:00+00:00, run_after=2023-04-06T00:16:00+00:00
[2023-04-05 21:16:39,825] {processor.py:161} INFO - Processing /home/edinaldo/Documents/previsao_remuneracao/previsao_remuneracao/venv/lib/python3.10/site-packages/airflow/example_dags/example_branch_python_dop_operator_3.py took 0.140 seconds
[2023-04-05 21:17:24,123] {processor.py:153} INFO - Started process (PID=53718) to work on /home/edinaldo/Documents/previsao_remuneracao/previsao_remuneracao/venv/lib/python3.10/site-packages/airflow/example_dags/example_branch_python_dop_operator_3.py
[2023-04-05 21:17:24,125] {processor.py:641} INFO - Processing file /home/edinaldo/Documents/previsao_remuneracao/previsao_remuneracao/venv/lib/python3.10/site-packages/airflow/example_dags/example_branch_python_dop_operator_3.py for tasks to queue
[2023-04-05 21:17:24,126] {logging_mixin.py:115} INFO - [2023-04-05 21:17:24,126] {dagbag.py:507} INFO - Filling up the DagBag from /home/edinaldo/Documents/previsao_remuneracao/previsao_remuneracao/venv/lib/python3.10/site-packages/airflow/example_dags/example_branch_python_dop_operator_3.py
[2023-04-05 21:17:24,144] {processor.py:651} INFO - DAG(s) dict_keys(['example_branch_dop_operator_v3']) retrieved from /home/edinaldo/Documents/previsao_remuneracao/previsao_remuneracao/venv/lib/python3.10/site-packages/airflow/example_dags/example_branch_python_dop_operator_3.py
[2023-04-05 21:17:24,161] {logging_mixin.py:115} INFO - [2023-04-05 21:17:24,160] {dag.py:2379} INFO - Sync 1 DAGs
[2023-04-05 21:17:24,184] {logging_mixin.py:115} INFO - [2023-04-05 21:17:24,184] {dag.py:2927} INFO - Setting next_dagrun for example_branch_dop_operator_v3 to 2023-04-06T00:16:00+00:00, run_after=2023-04-06T00:17:00+00:00
[2023-04-05 21:17:24,294] {processor.py:161} INFO - Processing /home/edinaldo/Documents/previsao_remuneracao/previsao_remuneracao/venv/lib/python3.10/site-packages/airflow/example_dags/example_branch_python_dop_operator_3.py took 0.182 seconds
[2023-04-05 21:18:03,848] {processor.py:153} INFO - Started process (PID=53758) to work on /home/edinaldo/Documents/previsao_remuneracao/previsao_remuneracao/venv/lib/python3.10/site-packages/airflow/example_dags/example_branch_python_dop_operator_3.py
[2023-04-05 21:18:03,849] {processor.py:641} INFO - Processing file /home/edinaldo/Documents/previsao_remuneracao/previsao_remuneracao/venv/lib/python3.10/site-packages/airflow/example_dags/example_branch_python_dop_operator_3.py for tasks to queue
[2023-04-05 21:18:03,850] {logging_mixin.py:115} INFO - [2023-04-05 21:18:03,850] {dagbag.py:507} INFO - Filling up the DagBag from /home/edinaldo/Documents/previsao_remuneracao/previsao_remuneracao/venv/lib/python3.10/site-packages/airflow/example_dags/example_branch_python_dop_operator_3.py
[2023-04-05 21:18:03,862] {processor.py:651} INFO - DAG(s) dict_keys(['example_branch_dop_operator_v3']) retrieved from /home/edinaldo/Documents/previsao_remuneracao/previsao_remuneracao/venv/lib/python3.10/site-packages/airflow/example_dags/example_branch_python_dop_operator_3.py
[2023-04-05 21:18:03,879] {logging_mixin.py:115} INFO - [2023-04-05 21:18:03,879] {dag.py:2379} INFO - Sync 1 DAGs
[2023-04-05 21:18:03,902] {logging_mixin.py:115} INFO - [2023-04-05 21:18:03,902] {dag.py:2927} INFO - Setting next_dagrun for example_branch_dop_operator_v3 to 2023-04-06T00:17:00+00:00, run_after=2023-04-06T00:18:00+00:00
[2023-04-05 21:18:03,985] {processor.py:161} INFO - Processing /home/edinaldo/Documents/previsao_remuneracao/previsao_remuneracao/venv/lib/python3.10/site-packages/airflow/example_dags/example_branch_python_dop_operator_3.py took 0.140 seconds
[2023-04-05 21:18:42,927] {processor.py:153} INFO - Started process (PID=53801) to work on /home/edinaldo/Documents/previsao_remuneracao/previsao_remuneracao/venv/lib/python3.10/site-packages/airflow/example_dags/example_branch_python_dop_operator_3.py
[2023-04-05 21:18:42,928] {processor.py:641} INFO - Processing file /home/edinaldo/Documents/previsao_remuneracao/previsao_remuneracao/venv/lib/python3.10/site-packages/airflow/example_dags/example_branch_python_dop_operator_3.py for tasks to queue
[2023-04-05 21:18:42,928] {logging_mixin.py:115} INFO - [2023-04-05 21:18:42,928] {dagbag.py:507} INFO - Filling up the DagBag from /home/edinaldo/Documents/previsao_remuneracao/previsao_remuneracao/venv/lib/python3.10/site-packages/airflow/example_dags/example_branch_python_dop_operator_3.py
[2023-04-05 21:18:42,942] {processor.py:651} INFO - DAG(s) dict_keys(['example_branch_dop_operator_v3']) retrieved from /home/edinaldo/Documents/previsao_remuneracao/previsao_remuneracao/venv/lib/python3.10/site-packages/airflow/example_dags/example_branch_python_dop_operator_3.py
[2023-04-05 21:18:42,960] {logging_mixin.py:115} INFO - [2023-04-05 21:18:42,960] {dag.py:2379} INFO - Sync 1 DAGs
[2023-04-05 21:18:42,983] {logging_mixin.py:115} INFO - [2023-04-05 21:18:42,983] {dag.py:2927} INFO - Setting next_dagrun for example_branch_dop_operator_v3 to 2023-04-06T00:17:00+00:00, run_after=2023-04-06T00:18:00+00:00
[2023-04-05 21:18:43,058] {processor.py:161} INFO - Processing /home/edinaldo/Documents/previsao_remuneracao/previsao_remuneracao/venv/lib/python3.10/site-packages/airflow/example_dags/example_branch_python_dop_operator_3.py took 0.134 seconds
[2023-04-05 21:19:26,220] {processor.py:153} INFO - Started process (PID=53842) to work on /home/edinaldo/Documents/previsao_remuneracao/previsao_remuneracao/venv/lib/python3.10/site-packages/airflow/example_dags/example_branch_python_dop_operator_3.py
[2023-04-05 21:19:26,232] {processor.py:641} INFO - Processing file /home/edinaldo/Documents/previsao_remuneracao/previsao_remuneracao/venv/lib/python3.10/site-packages/airflow/example_dags/example_branch_python_dop_operator_3.py for tasks to queue
[2023-04-05 21:19:26,233] {logging_mixin.py:115} INFO - [2023-04-05 21:19:26,232] {dagbag.py:507} INFO - Filling up the DagBag from /home/edinaldo/Documents/previsao_remuneracao/previsao_remuneracao/venv/lib/python3.10/site-packages/airflow/example_dags/example_branch_python_dop_operator_3.py
[2023-04-05 21:19:26,245] {processor.py:651} INFO - DAG(s) dict_keys(['example_branch_dop_operator_v3']) retrieved from /home/edinaldo/Documents/previsao_remuneracao/previsao_remuneracao/venv/lib/python3.10/site-packages/airflow/example_dags/example_branch_python_dop_operator_3.py
[2023-04-05 21:19:26,261] {logging_mixin.py:115} INFO - [2023-04-05 21:19:26,261] {dag.py:2379} INFO - Sync 1 DAGs
[2023-04-05 21:19:26,285] {logging_mixin.py:115} INFO - [2023-04-05 21:19:26,285] {dag.py:2927} INFO - Setting next_dagrun for example_branch_dop_operator_v3 to 2023-04-06T00:18:00+00:00, run_after=2023-04-06T00:19:00+00:00
[2023-04-05 21:19:26,375] {processor.py:161} INFO - Processing /home/edinaldo/Documents/previsao_remuneracao/previsao_remuneracao/venv/lib/python3.10/site-packages/airflow/example_dags/example_branch_python_dop_operator_3.py took 0.159 seconds
[2023-04-05 21:20:05,943] {processor.py:153} INFO - Started process (PID=53885) to work on /home/edinaldo/Documents/previsao_remuneracao/previsao_remuneracao/venv/lib/python3.10/site-packages/airflow/example_dags/example_branch_python_dop_operator_3.py
[2023-04-05 21:20:05,951] {processor.py:641} INFO - Processing file /home/edinaldo/Documents/previsao_remuneracao/previsao_remuneracao/venv/lib/python3.10/site-packages/airflow/example_dags/example_branch_python_dop_operator_3.py for tasks to queue
[2023-04-05 21:20:05,952] {logging_mixin.py:115} INFO - [2023-04-05 21:20:05,952] {dagbag.py:507} INFO - Filling up the DagBag from /home/edinaldo/Documents/previsao_remuneracao/previsao_remuneracao/venv/lib/python3.10/site-packages/airflow/example_dags/example_branch_python_dop_operator_3.py
[2023-04-05 21:20:05,975] {processor.py:651} INFO - DAG(s) dict_keys(['example_branch_dop_operator_v3']) retrieved from /home/edinaldo/Documents/previsao_remuneracao/previsao_remuneracao/venv/lib/python3.10/site-packages/airflow/example_dags/example_branch_python_dop_operator_3.py
[2023-04-05 21:20:05,995] {logging_mixin.py:115} INFO - [2023-04-05 21:20:05,995] {dag.py:2379} INFO - Sync 1 DAGs
[2023-04-05 21:20:06,018] {logging_mixin.py:115} INFO - [2023-04-05 21:20:06,018] {dag.py:2927} INFO - Setting next_dagrun for example_branch_dop_operator_v3 to 2023-04-06T00:19:00+00:00, run_after=2023-04-06T00:20:00+00:00
[2023-04-05 21:20:06,098] {processor.py:161} INFO - Processing /home/edinaldo/Documents/previsao_remuneracao/previsao_remuneracao/venv/lib/python3.10/site-packages/airflow/example_dags/example_branch_python_dop_operator_3.py took 0.159 seconds
[2023-04-05 21:20:53,164] {processor.py:153} INFO - Started process (PID=53950) to work on /home/edinaldo/Documents/previsao_remuneracao/previsao_remuneracao/venv/lib/python3.10/site-packages/airflow/example_dags/example_branch_python_dop_operator_3.py
[2023-04-05 21:20:53,171] {processor.py:641} INFO - Processing file /home/edinaldo/Documents/previsao_remuneracao/previsao_remuneracao/venv/lib/python3.10/site-packages/airflow/example_dags/example_branch_python_dop_operator_3.py for tasks to queue
[2023-04-05 21:20:53,172] {logging_mixin.py:115} INFO - [2023-04-05 21:20:53,172] {dagbag.py:507} INFO - Filling up the DagBag from /home/edinaldo/Documents/previsao_remuneracao/previsao_remuneracao/venv/lib/python3.10/site-packages/airflow/example_dags/example_branch_python_dop_operator_3.py
[2023-04-05 21:20:53,190] {processor.py:651} INFO - DAG(s) dict_keys(['example_branch_dop_operator_v3']) retrieved from /home/edinaldo/Documents/previsao_remuneracao/previsao_remuneracao/venv/lib/python3.10/site-packages/airflow/example_dags/example_branch_python_dop_operator_3.py
[2023-04-05 21:20:53,211] {logging_mixin.py:115} INFO - [2023-04-05 21:20:53,211] {dag.py:2379} INFO - Sync 1 DAGs
[2023-04-05 21:20:53,234] {logging_mixin.py:115} INFO - [2023-04-05 21:20:53,234] {dag.py:2927} INFO - Setting next_dagrun for example_branch_dop_operator_v3 to 2023-04-06T00:19:00+00:00, run_after=2023-04-06T00:20:00+00:00
[2023-04-05 21:20:53,316] {processor.py:161} INFO - Processing /home/edinaldo/Documents/previsao_remuneracao/previsao_remuneracao/venv/lib/python3.10/site-packages/airflow/example_dags/example_branch_python_dop_operator_3.py took 0.156 seconds
[2023-04-05 21:21:34,211] {processor.py:153} INFO - Started process (PID=54013) to work on /home/edinaldo/Documents/previsao_remuneracao/previsao_remuneracao/venv/lib/python3.10/site-packages/airflow/example_dags/example_branch_python_dop_operator_3.py
[2023-04-05 21:21:34,218] {processor.py:641} INFO - Processing file /home/edinaldo/Documents/previsao_remuneracao/previsao_remuneracao/venv/lib/python3.10/site-packages/airflow/example_dags/example_branch_python_dop_operator_3.py for tasks to queue
[2023-04-05 21:21:34,219] {logging_mixin.py:115} INFO - [2023-04-05 21:21:34,219] {dagbag.py:507} INFO - Filling up the DagBag from /home/edinaldo/Documents/previsao_remuneracao/previsao_remuneracao/venv/lib/python3.10/site-packages/airflow/example_dags/example_branch_python_dop_operator_3.py
[2023-04-05 21:21:34,232] {processor.py:651} INFO - DAG(s) dict_keys(['example_branch_dop_operator_v3']) retrieved from /home/edinaldo/Documents/previsao_remuneracao/previsao_remuneracao/venv/lib/python3.10/site-packages/airflow/example_dags/example_branch_python_dop_operator_3.py
[2023-04-05 21:21:34,250] {logging_mixin.py:115} INFO - [2023-04-05 21:21:34,250] {dag.py:2379} INFO - Sync 1 DAGs
[2023-04-05 21:21:34,275] {logging_mixin.py:115} INFO - [2023-04-05 21:21:34,275] {dag.py:2927} INFO - Setting next_dagrun for example_branch_dop_operator_v3 to 2023-04-06T00:20:00+00:00, run_after=2023-04-06T00:21:00+00:00
[2023-04-05 21:21:34,368] {processor.py:161} INFO - Processing /home/edinaldo/Documents/previsao_remuneracao/previsao_remuneracao/venv/lib/python3.10/site-packages/airflow/example_dags/example_branch_python_dop_operator_3.py took 0.160 seconds
[2023-04-05 21:22:13,001] {processor.py:153} INFO - Started process (PID=54053) to work on /home/edinaldo/Documents/previsao_remuneracao/previsao_remuneracao/venv/lib/python3.10/site-packages/airflow/example_dags/example_branch_python_dop_operator_3.py
[2023-04-05 21:22:13,002] {processor.py:641} INFO - Processing file /home/edinaldo/Documents/previsao_remuneracao/previsao_remuneracao/venv/lib/python3.10/site-packages/airflow/example_dags/example_branch_python_dop_operator_3.py for tasks to queue
[2023-04-05 21:22:13,003] {logging_mixin.py:115} INFO - [2023-04-05 21:22:13,003] {dagbag.py:507} INFO - Filling up the DagBag from /home/edinaldo/Documents/previsao_remuneracao/previsao_remuneracao/venv/lib/python3.10/site-packages/airflow/example_dags/example_branch_python_dop_operator_3.py
[2023-04-05 21:22:13,016] {processor.py:651} INFO - DAG(s) dict_keys(['example_branch_dop_operator_v3']) retrieved from /home/edinaldo/Documents/previsao_remuneracao/previsao_remuneracao/venv/lib/python3.10/site-packages/airflow/example_dags/example_branch_python_dop_operator_3.py
[2023-04-05 21:22:13,034] {logging_mixin.py:115} INFO - [2023-04-05 21:22:13,034] {dag.py:2379} INFO - Sync 1 DAGs
[2023-04-05 21:22:13,058] {logging_mixin.py:115} INFO - [2023-04-05 21:22:13,058] {dag.py:2927} INFO - Setting next_dagrun for example_branch_dop_operator_v3 to 2023-04-06T00:21:00+00:00, run_after=2023-04-06T00:22:00+00:00
[2023-04-05 21:22:13,143] {processor.py:161} INFO - Processing /home/edinaldo/Documents/previsao_remuneracao/previsao_remuneracao/venv/lib/python3.10/site-packages/airflow/example_dags/example_branch_python_dop_operator_3.py took 0.145 seconds
[2023-04-05 21:22:58,548] {processor.py:153} INFO - Started process (PID=54096) to work on /home/edinaldo/Documents/previsao_remuneracao/previsao_remuneracao/venv/lib/python3.10/site-packages/airflow/example_dags/example_branch_python_dop_operator_3.py
[2023-04-05 21:22:58,549] {processor.py:641} INFO - Processing file /home/edinaldo/Documents/previsao_remuneracao/previsao_remuneracao/venv/lib/python3.10/site-packages/airflow/example_dags/example_branch_python_dop_operator_3.py for tasks to queue
[2023-04-05 21:22:58,549] {logging_mixin.py:115} INFO - [2023-04-05 21:22:58,549] {dagbag.py:507} INFO - Filling up the DagBag from /home/edinaldo/Documents/previsao_remuneracao/previsao_remuneracao/venv/lib/python3.10/site-packages/airflow/example_dags/example_branch_python_dop_operator_3.py
[2023-04-05 21:22:58,561] {processor.py:651} INFO - DAG(s) dict_keys(['example_branch_dop_operator_v3']) retrieved from /home/edinaldo/Documents/previsao_remuneracao/previsao_remuneracao/venv/lib/python3.10/site-packages/airflow/example_dags/example_branch_python_dop_operator_3.py
[2023-04-05 21:22:58,578] {logging_mixin.py:115} INFO - [2023-04-05 21:22:58,578] {dag.py:2379} INFO - Sync 1 DAGs
[2023-04-05 21:22:58,602] {logging_mixin.py:115} INFO - [2023-04-05 21:22:58,602] {dag.py:2927} INFO - Setting next_dagrun for example_branch_dop_operator_v3 to 2023-04-06T00:21:00+00:00, run_after=2023-04-06T00:22:00+00:00
[2023-04-05 21:22:58,686] {processor.py:161} INFO - Processing /home/edinaldo/Documents/previsao_remuneracao/previsao_remuneracao/venv/lib/python3.10/site-packages/airflow/example_dags/example_branch_python_dop_operator_3.py took 0.142 seconds
[2023-04-05 21:23:38,129] {processor.py:153} INFO - Started process (PID=54151) to work on /home/edinaldo/Documents/previsao_remuneracao/previsao_remuneracao/venv/lib/python3.10/site-packages/airflow/example_dags/example_branch_python_dop_operator_3.py
[2023-04-05 21:23:38,130] {processor.py:641} INFO - Processing file /home/edinaldo/Documents/previsao_remuneracao/previsao_remuneracao/venv/lib/python3.10/site-packages/airflow/example_dags/example_branch_python_dop_operator_3.py for tasks to queue
[2023-04-05 21:23:38,131] {logging_mixin.py:115} INFO - [2023-04-05 21:23:38,131] {dagbag.py:507} INFO - Filling up the DagBag from /home/edinaldo/Documents/previsao_remuneracao/previsao_remuneracao/venv/lib/python3.10/site-packages/airflow/example_dags/example_branch_python_dop_operator_3.py
[2023-04-05 21:23:38,143] {processor.py:651} INFO - DAG(s) dict_keys(['example_branch_dop_operator_v3']) retrieved from /home/edinaldo/Documents/previsao_remuneracao/previsao_remuneracao/venv/lib/python3.10/site-packages/airflow/example_dags/example_branch_python_dop_operator_3.py
[2023-04-05 21:23:38,160] {logging_mixin.py:115} INFO - [2023-04-05 21:23:38,160] {dag.py:2379} INFO - Sync 1 DAGs
[2023-04-05 21:23:38,184] {logging_mixin.py:115} INFO - [2023-04-05 21:23:38,184] {dag.py:2927} INFO - Setting next_dagrun for example_branch_dop_operator_v3 to 2023-04-06T00:22:00+00:00, run_after=2023-04-06T00:23:00+00:00
[2023-04-05 21:23:38,273] {processor.py:161} INFO - Processing /home/edinaldo/Documents/previsao_remuneracao/previsao_remuneracao/venv/lib/python3.10/site-packages/airflow/example_dags/example_branch_python_dop_operator_3.py took 0.147 seconds
[2023-04-05 21:24:18,859] {processor.py:153} INFO - Started process (PID=54187) to work on /home/edinaldo/Documents/previsao_remuneracao/previsao_remuneracao/venv/lib/python3.10/site-packages/airflow/example_dags/example_branch_python_dop_operator_3.py
[2023-04-05 21:24:18,861] {processor.py:641} INFO - Processing file /home/edinaldo/Documents/previsao_remuneracao/previsao_remuneracao/venv/lib/python3.10/site-packages/airflow/example_dags/example_branch_python_dop_operator_3.py for tasks to queue
[2023-04-05 21:24:18,863] {logging_mixin.py:115} INFO - [2023-04-05 21:24:18,863] {dagbag.py:507} INFO - Filling up the DagBag from /home/edinaldo/Documents/previsao_remuneracao/previsao_remuneracao/venv/lib/python3.10/site-packages/airflow/example_dags/example_branch_python_dop_operator_3.py
[2023-04-05 21:24:18,884] {processor.py:651} INFO - DAG(s) dict_keys(['example_branch_dop_operator_v3']) retrieved from /home/edinaldo/Documents/previsao_remuneracao/previsao_remuneracao/venv/lib/python3.10/site-packages/airflow/example_dags/example_branch_python_dop_operator_3.py
[2023-04-05 21:24:18,902] {logging_mixin.py:115} INFO - [2023-04-05 21:24:18,902] {dag.py:2379} INFO - Sync 1 DAGs
[2023-04-05 21:24:18,926] {logging_mixin.py:115} INFO - [2023-04-05 21:24:18,926] {dag.py:2927} INFO - Setting next_dagrun for example_branch_dop_operator_v3 to 2023-04-06T00:23:00+00:00, run_after=2023-04-06T00:24:00+00:00
[2023-04-05 21:24:19,001] {processor.py:161} INFO - Processing /home/edinaldo/Documents/previsao_remuneracao/previsao_remuneracao/venv/lib/python3.10/site-packages/airflow/example_dags/example_branch_python_dop_operator_3.py took 0.151 seconds
[2023-04-05 21:25:02,818] {processor.py:153} INFO - Started process (PID=54438) to work on /home/edinaldo/Documents/previsao_remuneracao/previsao_remuneracao/venv/lib/python3.10/site-packages/airflow/example_dags/example_branch_python_dop_operator_3.py
[2023-04-05 21:25:02,831] {processor.py:641} INFO - Processing file /home/edinaldo/Documents/previsao_remuneracao/previsao_remuneracao/venv/lib/python3.10/site-packages/airflow/example_dags/example_branch_python_dop_operator_3.py for tasks to queue
[2023-04-05 21:25:02,833] {logging_mixin.py:115} INFO - [2023-04-05 21:25:02,832] {dagbag.py:507} INFO - Filling up the DagBag from /home/edinaldo/Documents/previsao_remuneracao/previsao_remuneracao/venv/lib/python3.10/site-packages/airflow/example_dags/example_branch_python_dop_operator_3.py
[2023-04-05 21:25:02,853] {processor.py:651} INFO - DAG(s) dict_keys(['example_branch_dop_operator_v3']) retrieved from /home/edinaldo/Documents/previsao_remuneracao/previsao_remuneracao/venv/lib/python3.10/site-packages/airflow/example_dags/example_branch_python_dop_operator_3.py
[2023-04-05 21:25:02,886] {logging_mixin.py:115} INFO - [2023-04-05 21:25:02,886] {dag.py:2379} INFO - Sync 1 DAGs
[2023-04-05 21:25:02,929] {logging_mixin.py:115} INFO - [2023-04-05 21:25:02,929] {dag.py:2927} INFO - Setting next_dagrun for example_branch_dop_operator_v3 to 2023-04-06T00:24:00+00:00, run_after=2023-04-06T00:25:00+00:00
[2023-04-05 21:25:03,016] {processor.py:161} INFO - Processing /home/edinaldo/Documents/previsao_remuneracao/previsao_remuneracao/venv/lib/python3.10/site-packages/airflow/example_dags/example_branch_python_dop_operator_3.py took 0.203 seconds
[2023-04-05 21:25:46,566] {processor.py:153} INFO - Started process (PID=54708) to work on /home/edinaldo/Documents/previsao_remuneracao/previsao_remuneracao/venv/lib/python3.10/site-packages/airflow/example_dags/example_branch_python_dop_operator_3.py
[2023-04-05 21:25:46,637] {processor.py:641} INFO - Processing file /home/edinaldo/Documents/previsao_remuneracao/previsao_remuneracao/venv/lib/python3.10/site-packages/airflow/example_dags/example_branch_python_dop_operator_3.py for tasks to queue
[2023-04-05 21:25:46,639] {logging_mixin.py:115} INFO - [2023-04-05 21:25:46,639] {dagbag.py:507} INFO - Filling up the DagBag from /home/edinaldo/Documents/previsao_remuneracao/previsao_remuneracao/venv/lib/python3.10/site-packages/airflow/example_dags/example_branch_python_dop_operator_3.py
[2023-04-05 21:25:46,671] {processor.py:651} INFO - DAG(s) dict_keys(['example_branch_dop_operator_v3']) retrieved from /home/edinaldo/Documents/previsao_remuneracao/previsao_remuneracao/venv/lib/python3.10/site-packages/airflow/example_dags/example_branch_python_dop_operator_3.py
[2023-04-05 21:25:46,790] {logging_mixin.py:115} INFO - [2023-04-05 21:25:46,790] {dag.py:2379} INFO - Sync 1 DAGs
[2023-04-05 21:25:46,818] {logging_mixin.py:115} INFO - [2023-04-05 21:25:46,818] {dag.py:2927} INFO - Setting next_dagrun for example_branch_dop_operator_v3 to 2023-04-06T00:24:00+00:00, run_after=2023-04-06T00:25:00+00:00
[2023-04-05 21:25:46,916] {processor.py:161} INFO - Processing /home/edinaldo/Documents/previsao_remuneracao/previsao_remuneracao/venv/lib/python3.10/site-packages/airflow/example_dags/example_branch_python_dop_operator_3.py took 0.354 seconds
[2023-04-05 21:26:33,796] {processor.py:153} INFO - Started process (PID=54986) to work on /home/edinaldo/Documents/previsao_remuneracao/previsao_remuneracao/venv/lib/python3.10/site-packages/airflow/example_dags/example_branch_python_dop_operator_3.py
[2023-04-05 21:26:33,806] {processor.py:641} INFO - Processing file /home/edinaldo/Documents/previsao_remuneracao/previsao_remuneracao/venv/lib/python3.10/site-packages/airflow/example_dags/example_branch_python_dop_operator_3.py for tasks to queue
[2023-04-05 21:26:33,808] {logging_mixin.py:115} INFO - [2023-04-05 21:26:33,807] {dagbag.py:507} INFO - Filling up the DagBag from /home/edinaldo/Documents/previsao_remuneracao/previsao_remuneracao/venv/lib/python3.10/site-packages/airflow/example_dags/example_branch_python_dop_operator_3.py
[2023-04-05 21:26:33,842] {processor.py:651} INFO - DAG(s) dict_keys(['example_branch_dop_operator_v3']) retrieved from /home/edinaldo/Documents/previsao_remuneracao/previsao_remuneracao/venv/lib/python3.10/site-packages/airflow/example_dags/example_branch_python_dop_operator_3.py
[2023-04-05 21:26:33,875] {logging_mixin.py:115} INFO - [2023-04-05 21:26:33,875] {dag.py:2379} INFO - Sync 1 DAGs
[2023-04-05 21:26:33,920] {logging_mixin.py:115} INFO - [2023-04-05 21:26:33,920] {dag.py:2927} INFO - Setting next_dagrun for example_branch_dop_operator_v3 to 2023-04-06T00:25:00+00:00, run_after=2023-04-06T00:26:00+00:00
[2023-04-05 21:26:34,010] {processor.py:161} INFO - Processing /home/edinaldo/Documents/previsao_remuneracao/previsao_remuneracao/venv/lib/python3.10/site-packages/airflow/example_dags/example_branch_python_dop_operator_3.py took 0.224 seconds
[2023-04-05 21:27:23,041] {processor.py:153} INFO - Started process (PID=55246) to work on /home/edinaldo/Documents/previsao_remuneracao/previsao_remuneracao/venv/lib/python3.10/site-packages/airflow/example_dags/example_branch_python_dop_operator_3.py
[2023-04-05 21:27:23,057] {processor.py:641} INFO - Processing file /home/edinaldo/Documents/previsao_remuneracao/previsao_remuneracao/venv/lib/python3.10/site-packages/airflow/example_dags/example_branch_python_dop_operator_3.py for tasks to queue
[2023-04-05 21:27:23,058] {logging_mixin.py:115} INFO - [2023-04-05 21:27:23,058] {dagbag.py:507} INFO - Filling up the DagBag from /home/edinaldo/Documents/previsao_remuneracao/previsao_remuneracao/venv/lib/python3.10/site-packages/airflow/example_dags/example_branch_python_dop_operator_3.py
[2023-04-05 21:27:23,084] {processor.py:651} INFO - DAG(s) dict_keys(['example_branch_dop_operator_v3']) retrieved from /home/edinaldo/Documents/previsao_remuneracao/previsao_remuneracao/venv/lib/python3.10/site-packages/airflow/example_dags/example_branch_python_dop_operator_3.py
[2023-04-05 21:27:23,102] {logging_mixin.py:115} INFO - [2023-04-05 21:27:23,102] {dag.py:2379} INFO - Sync 1 DAGs
[2023-04-05 21:27:23,126] {logging_mixin.py:115} INFO - [2023-04-05 21:27:23,126] {dag.py:2927} INFO - Setting next_dagrun for example_branch_dop_operator_v3 to 2023-04-06T00:26:00+00:00, run_after=2023-04-06T00:27:00+00:00
[2023-04-05 21:27:23,212] {processor.py:161} INFO - Processing /home/edinaldo/Documents/previsao_remuneracao/previsao_remuneracao/venv/lib/python3.10/site-packages/airflow/example_dags/example_branch_python_dop_operator_3.py took 0.182 seconds
[2023-04-05 21:28:03,316] {processor.py:153} INFO - Started process (PID=55511) to work on /home/edinaldo/Documents/previsao_remuneracao/previsao_remuneracao/venv/lib/python3.10/site-packages/airflow/example_dags/example_branch_python_dop_operator_3.py
[2023-04-05 21:28:03,339] {processor.py:641} INFO - Processing file /home/edinaldo/Documents/previsao_remuneracao/previsao_remuneracao/venv/lib/python3.10/site-packages/airflow/example_dags/example_branch_python_dop_operator_3.py for tasks to queue
[2023-04-05 21:28:03,340] {logging_mixin.py:115} INFO - [2023-04-05 21:28:03,340] {dagbag.py:507} INFO - Filling up the DagBag from /home/edinaldo/Documents/previsao_remuneracao/previsao_remuneracao/venv/lib/python3.10/site-packages/airflow/example_dags/example_branch_python_dop_operator_3.py
[2023-04-05 21:28:03,378] {processor.py:651} INFO - DAG(s) dict_keys(['example_branch_dop_operator_v3']) retrieved from /home/edinaldo/Documents/previsao_remuneracao/previsao_remuneracao/venv/lib/python3.10/site-packages/airflow/example_dags/example_branch_python_dop_operator_3.py
[2023-04-05 21:28:03,400] {logging_mixin.py:115} INFO - [2023-04-05 21:28:03,400] {dag.py:2379} INFO - Sync 1 DAGs
[2023-04-05 21:28:03,435] {logging_mixin.py:115} INFO - [2023-04-05 21:28:03,435] {dag.py:2927} INFO - Setting next_dagrun for example_branch_dop_operator_v3 to 2023-04-06T00:27:00+00:00, run_after=2023-04-06T00:28:00+00:00
[2023-04-05 21:28:03,563] {processor.py:161} INFO - Processing /home/edinaldo/Documents/previsao_remuneracao/previsao_remuneracao/venv/lib/python3.10/site-packages/airflow/example_dags/example_branch_python_dop_operator_3.py took 0.252 seconds
[2023-04-05 21:28:58,870] {processor.py:153} INFO - Started process (PID=55604) to work on /home/edinaldo/Documents/previsao_remuneracao/previsao_remuneracao/venv/lib/python3.10/site-packages/airflow/example_dags/example_branch_python_dop_operator_3.py
[2023-04-05 21:28:58,900] {processor.py:641} INFO - Processing file /home/edinaldo/Documents/previsao_remuneracao/previsao_remuneracao/venv/lib/python3.10/site-packages/airflow/example_dags/example_branch_python_dop_operator_3.py for tasks to queue
[2023-04-05 21:28:58,901] {logging_mixin.py:115} INFO - [2023-04-05 21:28:58,901] {dagbag.py:507} INFO - Filling up the DagBag from /home/edinaldo/Documents/previsao_remuneracao/previsao_remuneracao/venv/lib/python3.10/site-packages/airflow/example_dags/example_branch_python_dop_operator_3.py
[2023-04-05 21:28:58,936] {processor.py:651} INFO - DAG(s) dict_keys(['example_branch_dop_operator_v3']) retrieved from /home/edinaldo/Documents/previsao_remuneracao/previsao_remuneracao/venv/lib/python3.10/site-packages/airflow/example_dags/example_branch_python_dop_operator_3.py
[2023-04-05 21:28:59,072] {logging_mixin.py:115} INFO - [2023-04-05 21:28:59,072] {dag.py:2379} INFO - Sync 1 DAGs
[2023-04-05 21:28:59,121] {logging_mixin.py:115} INFO - [2023-04-05 21:28:59,120] {dag.py:2927} INFO - Setting next_dagrun for example_branch_dop_operator_v3 to 2023-04-06T00:27:00+00:00, run_after=2023-04-06T00:28:00+00:00
[2023-04-05 21:28:59,195] {processor.py:161} INFO - Processing /home/edinaldo/Documents/previsao_remuneracao/previsao_remuneracao/venv/lib/python3.10/site-packages/airflow/example_dags/example_branch_python_dop_operator_3.py took 0.332 seconds
[2023-04-05 21:29:46,742] {processor.py:153} INFO - Started process (PID=55648) to work on /home/edinaldo/Documents/previsao_remuneracao/previsao_remuneracao/venv/lib/python3.10/site-packages/airflow/example_dags/example_branch_python_dop_operator_3.py
[2023-04-05 21:29:46,745] {processor.py:641} INFO - Processing file /home/edinaldo/Documents/previsao_remuneracao/previsao_remuneracao/venv/lib/python3.10/site-packages/airflow/example_dags/example_branch_python_dop_operator_3.py for tasks to queue
[2023-04-05 21:29:46,746] {logging_mixin.py:115} INFO - [2023-04-05 21:29:46,746] {dagbag.py:507} INFO - Filling up the DagBag from /home/edinaldo/Documents/previsao_remuneracao/previsao_remuneracao/venv/lib/python3.10/site-packages/airflow/example_dags/example_branch_python_dop_operator_3.py
[2023-04-05 21:29:46,778] {processor.py:651} INFO - DAG(s) dict_keys(['example_branch_dop_operator_v3']) retrieved from /home/edinaldo/Documents/previsao_remuneracao/previsao_remuneracao/venv/lib/python3.10/site-packages/airflow/example_dags/example_branch_python_dop_operator_3.py
[2023-04-05 21:29:46,812] {logging_mixin.py:115} INFO - [2023-04-05 21:29:46,812] {dag.py:2379} INFO - Sync 1 DAGs
[2023-04-05 21:29:46,849] {logging_mixin.py:115} INFO - [2023-04-05 21:29:46,849] {dag.py:2927} INFO - Setting next_dagrun for example_branch_dop_operator_v3 to 2023-04-06T00:28:00+00:00, run_after=2023-04-06T00:29:00+00:00
[2023-04-05 21:29:46,965] {processor.py:161} INFO - Processing /home/edinaldo/Documents/previsao_remuneracao/previsao_remuneracao/venv/lib/python3.10/site-packages/airflow/example_dags/example_branch_python_dop_operator_3.py took 0.230 seconds
[2023-04-05 21:30:30,330] {processor.py:153} INFO - Started process (PID=55687) to work on /home/edinaldo/Documents/previsao_remuneracao/previsao_remuneracao/venv/lib/python3.10/site-packages/airflow/example_dags/example_branch_python_dop_operator_3.py
[2023-04-05 21:30:30,331] {processor.py:641} INFO - Processing file /home/edinaldo/Documents/previsao_remuneracao/previsao_remuneracao/venv/lib/python3.10/site-packages/airflow/example_dags/example_branch_python_dop_operator_3.py for tasks to queue
[2023-04-05 21:30:30,332] {logging_mixin.py:115} INFO - [2023-04-05 21:30:30,332] {dagbag.py:507} INFO - Filling up the DagBag from /home/edinaldo/Documents/previsao_remuneracao/previsao_remuneracao/venv/lib/python3.10/site-packages/airflow/example_dags/example_branch_python_dop_operator_3.py
[2023-04-05 21:30:30,348] {processor.py:651} INFO - DAG(s) dict_keys(['example_branch_dop_operator_v3']) retrieved from /home/edinaldo/Documents/previsao_remuneracao/previsao_remuneracao/venv/lib/python3.10/site-packages/airflow/example_dags/example_branch_python_dop_operator_3.py
[2023-04-05 21:30:30,368] {logging_mixin.py:115} INFO - [2023-04-05 21:30:30,368] {dag.py:2379} INFO - Sync 1 DAGs
[2023-04-05 21:30:30,398] {logging_mixin.py:115} INFO - [2023-04-05 21:30:30,398] {dag.py:2927} INFO - Setting next_dagrun for example_branch_dop_operator_v3 to 2023-04-06T00:29:00+00:00, run_after=2023-04-06T00:30:00+00:00
[2023-04-05 21:30:30,507] {processor.py:161} INFO - Processing /home/edinaldo/Documents/previsao_remuneracao/previsao_remuneracao/venv/lib/python3.10/site-packages/airflow/example_dags/example_branch_python_dop_operator_3.py took 0.182 seconds
[2023-04-05 21:31:13,025] {processor.py:153} INFO - Started process (PID=55751) to work on /home/edinaldo/Documents/previsao_remuneracao/previsao_remuneracao/venv/lib/python3.10/site-packages/airflow/example_dags/example_branch_python_dop_operator_3.py
[2023-04-05 21:31:13,027] {processor.py:641} INFO - Processing file /home/edinaldo/Documents/previsao_remuneracao/previsao_remuneracao/venv/lib/python3.10/site-packages/airflow/example_dags/example_branch_python_dop_operator_3.py for tasks to queue
[2023-04-05 21:31:13,029] {logging_mixin.py:115} INFO - [2023-04-05 21:31:13,029] {dagbag.py:507} INFO - Filling up the DagBag from /home/edinaldo/Documents/previsao_remuneracao/previsao_remuneracao/venv/lib/python3.10/site-packages/airflow/example_dags/example_branch_python_dop_operator_3.py
[2023-04-05 21:31:13,058] {processor.py:651} INFO - DAG(s) dict_keys(['example_branch_dop_operator_v3']) retrieved from /home/edinaldo/Documents/previsao_remuneracao/previsao_remuneracao/venv/lib/python3.10/site-packages/airflow/example_dags/example_branch_python_dop_operator_3.py
[2023-04-05 21:31:13,080] {logging_mixin.py:115} INFO - [2023-04-05 21:31:13,080] {dag.py:2379} INFO - Sync 1 DAGs
[2023-04-05 21:31:13,111] {logging_mixin.py:115} INFO - [2023-04-05 21:31:13,111] {dag.py:2927} INFO - Setting next_dagrun for example_branch_dop_operator_v3 to 2023-04-06T00:30:00+00:00, run_after=2023-04-06T00:31:00+00:00
[2023-04-05 21:31:13,196] {processor.py:161} INFO - Processing /home/edinaldo/Documents/previsao_remuneracao/previsao_remuneracao/venv/lib/python3.10/site-packages/airflow/example_dags/example_branch_python_dop_operator_3.py took 0.181 seconds
[2023-04-05 21:32:00,069] {processor.py:153} INFO - Started process (PID=55892) to work on /home/edinaldo/Documents/previsao_remuneracao/previsao_remuneracao/venv/lib/python3.10/site-packages/airflow/example_dags/example_branch_python_dop_operator_3.py
[2023-04-05 21:32:00,085] {processor.py:641} INFO - Processing file /home/edinaldo/Documents/previsao_remuneracao/previsao_remuneracao/venv/lib/python3.10/site-packages/airflow/example_dags/example_branch_python_dop_operator_3.py for tasks to queue
[2023-04-05 21:32:00,089] {logging_mixin.py:115} INFO - [2023-04-05 21:32:00,088] {dagbag.py:507} INFO - Filling up the DagBag from /home/edinaldo/Documents/previsao_remuneracao/previsao_remuneracao/venv/lib/python3.10/site-packages/airflow/example_dags/example_branch_python_dop_operator_3.py
[2023-04-05 21:32:00,152] {processor.py:651} INFO - DAG(s) dict_keys(['example_branch_dop_operator_v3']) retrieved from /home/edinaldo/Documents/previsao_remuneracao/previsao_remuneracao/venv/lib/python3.10/site-packages/airflow/example_dags/example_branch_python_dop_operator_3.py
[2023-04-05 21:32:00,184] {logging_mixin.py:115} INFO - [2023-04-05 21:32:00,184] {dag.py:2379} INFO - Sync 1 DAGs
[2023-04-05 21:32:00,234] {logging_mixin.py:115} INFO - [2023-04-05 21:32:00,234] {dag.py:2927} INFO - Setting next_dagrun for example_branch_dop_operator_v3 to 2023-04-06T00:31:00+00:00, run_after=2023-04-06T00:32:00+00:00
[2023-04-05 21:32:00,329] {processor.py:161} INFO - Processing /home/edinaldo/Documents/previsao_remuneracao/previsao_remuneracao/venv/lib/python3.10/site-packages/airflow/example_dags/example_branch_python_dop_operator_3.py took 0.273 seconds
[2023-04-05 21:32:49,511] {processor.py:153} INFO - Started process (PID=56087) to work on /home/edinaldo/Documents/previsao_remuneracao/previsao_remuneracao/venv/lib/python3.10/site-packages/airflow/example_dags/example_branch_python_dop_operator_3.py
[2023-04-05 21:32:49,535] {processor.py:641} INFO - Processing file /home/edinaldo/Documents/previsao_remuneracao/previsao_remuneracao/venv/lib/python3.10/site-packages/airflow/example_dags/example_branch_python_dop_operator_3.py for tasks to queue
[2023-04-05 21:32:49,537] {logging_mixin.py:115} INFO - [2023-04-05 21:32:49,537] {dagbag.py:507} INFO - Filling up the DagBag from /home/edinaldo/Documents/previsao_remuneracao/previsao_remuneracao/venv/lib/python3.10/site-packages/airflow/example_dags/example_branch_python_dop_operator_3.py
[2023-04-05 21:32:49,575] {processor.py:651} INFO - DAG(s) dict_keys(['example_branch_dop_operator_v3']) retrieved from /home/edinaldo/Documents/previsao_remuneracao/previsao_remuneracao/venv/lib/python3.10/site-packages/airflow/example_dags/example_branch_python_dop_operator_3.py
[2023-04-05 21:32:49,601] {logging_mixin.py:115} INFO - [2023-04-05 21:32:49,601] {dag.py:2379} INFO - Sync 1 DAGs
[2023-04-05 21:32:49,631] {logging_mixin.py:115} INFO - [2023-04-05 21:32:49,631] {dag.py:2927} INFO - Setting next_dagrun for example_branch_dop_operator_v3 to 2023-04-06T00:31:00+00:00, run_after=2023-04-06T00:32:00+00:00
[2023-04-05 21:32:49,718] {processor.py:161} INFO - Processing /home/edinaldo/Documents/previsao_remuneracao/previsao_remuneracao/venv/lib/python3.10/site-packages/airflow/example_dags/example_branch_python_dop_operator_3.py took 0.213 seconds
[2023-04-05 21:33:42,636] {processor.py:153} INFO - Started process (PID=56146) to work on /home/edinaldo/Documents/previsao_remuneracao/previsao_remuneracao/venv/lib/python3.10/site-packages/airflow/example_dags/example_branch_python_dop_operator_3.py
[2023-04-05 21:33:42,637] {processor.py:641} INFO - Processing file /home/edinaldo/Documents/previsao_remuneracao/previsao_remuneracao/venv/lib/python3.10/site-packages/airflow/example_dags/example_branch_python_dop_operator_3.py for tasks to queue
[2023-04-05 21:33:42,639] {logging_mixin.py:115} INFO - [2023-04-05 21:33:42,639] {dagbag.py:507} INFO - Filling up the DagBag from /home/edinaldo/Documents/previsao_remuneracao/previsao_remuneracao/venv/lib/python3.10/site-packages/airflow/example_dags/example_branch_python_dop_operator_3.py
[2023-04-05 21:33:42,665] {processor.py:651} INFO - DAG(s) dict_keys(['example_branch_dop_operator_v3']) retrieved from /home/edinaldo/Documents/previsao_remuneracao/previsao_remuneracao/venv/lib/python3.10/site-packages/airflow/example_dags/example_branch_python_dop_operator_3.py
[2023-04-05 21:33:42,700] {logging_mixin.py:115} INFO - [2023-04-05 21:33:42,700] {dag.py:2379} INFO - Sync 1 DAGs
[2023-04-05 21:33:42,757] {logging_mixin.py:115} INFO - [2023-04-05 21:33:42,756] {dag.py:2927} INFO - Setting next_dagrun for example_branch_dop_operator_v3 to 2023-04-06T00:32:00+00:00, run_after=2023-04-06T00:33:00+00:00
[2023-04-05 21:33:42,850] {processor.py:161} INFO - Processing /home/edinaldo/Documents/previsao_remuneracao/previsao_remuneracao/venv/lib/python3.10/site-packages/airflow/example_dags/example_branch_python_dop_operator_3.py took 0.220 seconds
[2023-04-05 21:34:22,644] {processor.py:153} INFO - Started process (PID=56208) to work on /home/edinaldo/Documents/previsao_remuneracao/previsao_remuneracao/venv/lib/python3.10/site-packages/airflow/example_dags/example_branch_python_dop_operator_3.py
[2023-04-05 21:34:22,658] {processor.py:641} INFO - Processing file /home/edinaldo/Documents/previsao_remuneracao/previsao_remuneracao/venv/lib/python3.10/site-packages/airflow/example_dags/example_branch_python_dop_operator_3.py for tasks to queue
[2023-04-05 21:34:22,659] {logging_mixin.py:115} INFO - [2023-04-05 21:34:22,659] {dagbag.py:507} INFO - Filling up the DagBag from /home/edinaldo/Documents/previsao_remuneracao/previsao_remuneracao/venv/lib/python3.10/site-packages/airflow/example_dags/example_branch_python_dop_operator_3.py
[2023-04-05 21:34:22,692] {processor.py:651} INFO - DAG(s) dict_keys(['example_branch_dop_operator_v3']) retrieved from /home/edinaldo/Documents/previsao_remuneracao/previsao_remuneracao/venv/lib/python3.10/site-packages/airflow/example_dags/example_branch_python_dop_operator_3.py
[2023-04-05 21:34:22,728] {logging_mixin.py:115} INFO - [2023-04-05 21:34:22,727] {dag.py:2379} INFO - Sync 1 DAGs
[2023-04-05 21:34:22,791] {logging_mixin.py:115} INFO - [2023-04-05 21:34:22,791] {dag.py:2927} INFO - Setting next_dagrun for example_branch_dop_operator_v3 to 2023-04-06T00:33:00+00:00, run_after=2023-04-06T00:34:00+00:00
[2023-04-05 21:34:23,132] {processor.py:161} INFO - Processing /home/edinaldo/Documents/previsao_remuneracao/previsao_remuneracao/venv/lib/python3.10/site-packages/airflow/example_dags/example_branch_python_dop_operator_3.py took 0.496 seconds
[2023-04-05 21:35:09,888] {processor.py:153} INFO - Started process (PID=56260) to work on /home/edinaldo/Documents/previsao_remuneracao/previsao_remuneracao/venv/lib/python3.10/site-packages/airflow/example_dags/example_branch_python_dop_operator_3.py
[2023-04-05 21:35:09,904] {processor.py:641} INFO - Processing file /home/edinaldo/Documents/previsao_remuneracao/previsao_remuneracao/venv/lib/python3.10/site-packages/airflow/example_dags/example_branch_python_dop_operator_3.py for tasks to queue
[2023-04-05 21:35:09,905] {logging_mixin.py:115} INFO - [2023-04-05 21:35:09,905] {dagbag.py:507} INFO - Filling up the DagBag from /home/edinaldo/Documents/previsao_remuneracao/previsao_remuneracao/venv/lib/python3.10/site-packages/airflow/example_dags/example_branch_python_dop_operator_3.py
[2023-04-05 21:35:09,923] {processor.py:651} INFO - DAG(s) dict_keys(['example_branch_dop_operator_v3']) retrieved from /home/edinaldo/Documents/previsao_remuneracao/previsao_remuneracao/venv/lib/python3.10/site-packages/airflow/example_dags/example_branch_python_dop_operator_3.py
[2023-04-05 21:35:09,944] {logging_mixin.py:115} INFO - [2023-04-05 21:35:09,944] {dag.py:2379} INFO - Sync 1 DAGs
[2023-04-05 21:35:09,983] {logging_mixin.py:115} INFO - [2023-04-05 21:35:09,983] {dag.py:2927} INFO - Setting next_dagrun for example_branch_dop_operator_v3 to 2023-04-06T00:34:00+00:00, run_after=2023-04-06T00:35:00+00:00
[2023-04-05 21:35:10,097] {processor.py:161} INFO - Processing /home/edinaldo/Documents/previsao_remuneracao/previsao_remuneracao/venv/lib/python3.10/site-packages/airflow/example_dags/example_branch_python_dop_operator_3.py took 0.212 seconds
[2023-04-05 21:36:44,640] {processor.py:153} INFO - Started process (PID=56696) to work on /home/edinaldo/Documents/previsao_remuneracao/previsao_remuneracao/venv/lib/python3.10/site-packages/airflow/example_dags/example_branch_python_dop_operator_3.py
[2023-04-05 21:36:44,697] {processor.py:641} INFO - Processing file /home/edinaldo/Documents/previsao_remuneracao/previsao_remuneracao/venv/lib/python3.10/site-packages/airflow/example_dags/example_branch_python_dop_operator_3.py for tasks to queue
[2023-04-05 21:36:44,699] {logging_mixin.py:115} INFO - [2023-04-05 21:36:44,699] {dagbag.py:507} INFO - Filling up the DagBag from /home/edinaldo/Documents/previsao_remuneracao/previsao_remuneracao/venv/lib/python3.10/site-packages/airflow/example_dags/example_branch_python_dop_operator_3.py
[2023-04-05 21:36:44,853] {processor.py:651} INFO - DAG(s) dict_keys(['example_branch_dop_operator_v3']) retrieved from /home/edinaldo/Documents/previsao_remuneracao/previsao_remuneracao/venv/lib/python3.10/site-packages/airflow/example_dags/example_branch_python_dop_operator_3.py
[2023-04-05 21:36:44,897] {logging_mixin.py:115} INFO - [2023-04-05 21:36:44,897] {dag.py:2379} INFO - Sync 1 DAGs
[2023-04-05 21:36:44,948] {logging_mixin.py:115} INFO - [2023-04-05 21:36:44,948] {dag.py:2927} INFO - Setting next_dagrun for example_branch_dop_operator_v3 to 2023-04-06T00:35:00+00:00, run_after=2023-04-06T00:36:00+00:00
[2023-04-05 21:36:45,189] {processor.py:161} INFO - Processing /home/edinaldo/Documents/previsao_remuneracao/previsao_remuneracao/venv/lib/python3.10/site-packages/airflow/example_dags/example_branch_python_dop_operator_3.py took 0.563 seconds
[2023-04-05 21:37:53,293] {processor.py:153} INFO - Started process (PID=56884) to work on /home/edinaldo/Documents/previsao_remuneracao/previsao_remuneracao/venv/lib/python3.10/site-packages/airflow/example_dags/example_branch_python_dop_operator_3.py
[2023-04-05 21:37:53,329] {processor.py:641} INFO - Processing file /home/edinaldo/Documents/previsao_remuneracao/previsao_remuneracao/venv/lib/python3.10/site-packages/airflow/example_dags/example_branch_python_dop_operator_3.py for tasks to queue
[2023-04-05 21:37:53,330] {logging_mixin.py:115} INFO - [2023-04-05 21:37:53,330] {dagbag.py:507} INFO - Filling up the DagBag from /home/edinaldo/Documents/previsao_remuneracao/previsao_remuneracao/venv/lib/python3.10/site-packages/airflow/example_dags/example_branch_python_dop_operator_3.py
[2023-04-05 21:37:53,366] {processor.py:651} INFO - DAG(s) dict_keys(['example_branch_dop_operator_v3']) retrieved from /home/edinaldo/Documents/previsao_remuneracao/previsao_remuneracao/venv/lib/python3.10/site-packages/airflow/example_dags/example_branch_python_dop_operator_3.py
[2023-04-05 21:37:53,398] {logging_mixin.py:115} INFO - [2023-04-05 21:37:53,398] {dag.py:2379} INFO - Sync 1 DAGs
[2023-04-05 21:37:53,424] {logging_mixin.py:115} INFO - [2023-04-05 21:37:53,424] {dag.py:2927} INFO - Setting next_dagrun for example_branch_dop_operator_v3 to 2023-04-06T00:36:00+00:00, run_after=2023-04-06T00:37:00+00:00
[2023-04-05 21:37:53,512] {processor.py:161} INFO - Processing /home/edinaldo/Documents/previsao_remuneracao/previsao_remuneracao/venv/lib/python3.10/site-packages/airflow/example_dags/example_branch_python_dop_operator_3.py took 0.222 seconds
[2023-04-05 21:38:50,861] {processor.py:153} INFO - Started process (PID=57191) to work on /home/edinaldo/Documents/previsao_remuneracao/previsao_remuneracao/venv/lib/python3.10/site-packages/airflow/example_dags/example_branch_python_dop_operator_3.py
[2023-04-05 21:38:50,898] {processor.py:641} INFO - Processing file /home/edinaldo/Documents/previsao_remuneracao/previsao_remuneracao/venv/lib/python3.10/site-packages/airflow/example_dags/example_branch_python_dop_operator_3.py for tasks to queue
[2023-04-05 21:38:50,900] {logging_mixin.py:115} INFO - [2023-04-05 21:38:50,899] {dagbag.py:507} INFO - Filling up the DagBag from /home/edinaldo/Documents/previsao_remuneracao/previsao_remuneracao/venv/lib/python3.10/site-packages/airflow/example_dags/example_branch_python_dop_operator_3.py
[2023-04-05 21:38:51,005] {processor.py:651} INFO - DAG(s) dict_keys(['example_branch_dop_operator_v3']) retrieved from /home/edinaldo/Documents/previsao_remuneracao/previsao_remuneracao/venv/lib/python3.10/site-packages/airflow/example_dags/example_branch_python_dop_operator_3.py
[2023-04-05 21:38:51,079] {logging_mixin.py:115} INFO - [2023-04-05 21:38:51,079] {dag.py:2379} INFO - Sync 1 DAGs
[2023-04-05 21:38:51,110] {logging_mixin.py:115} INFO - [2023-04-05 21:38:51,110] {dag.py:2927} INFO - Setting next_dagrun for example_branch_dop_operator_v3 to 2023-04-06T00:37:00+00:00, run_after=2023-04-06T00:38:00+00:00
[2023-04-05 21:38:51,226] {processor.py:161} INFO - Processing /home/edinaldo/Documents/previsao_remuneracao/previsao_remuneracao/venv/lib/python3.10/site-packages/airflow/example_dags/example_branch_python_dop_operator_3.py took 0.377 seconds
[2023-04-05 21:40:01,643] {processor.py:153} INFO - Started process (PID=57524) to work on /home/edinaldo/Documents/previsao_remuneracao/previsao_remuneracao/venv/lib/python3.10/site-packages/airflow/example_dags/example_branch_python_dop_operator_3.py
[2023-04-05 21:40:01,668] {processor.py:641} INFO - Processing file /home/edinaldo/Documents/previsao_remuneracao/previsao_remuneracao/venv/lib/python3.10/site-packages/airflow/example_dags/example_branch_python_dop_operator_3.py for tasks to queue
[2023-04-05 21:40:01,670] {logging_mixin.py:115} INFO - [2023-04-05 21:40:01,670] {dagbag.py:507} INFO - Filling up the DagBag from /home/edinaldo/Documents/previsao_remuneracao/previsao_remuneracao/venv/lib/python3.10/site-packages/airflow/example_dags/example_branch_python_dop_operator_3.py
[2023-04-05 21:40:01,702] {processor.py:651} INFO - DAG(s) dict_keys(['example_branch_dop_operator_v3']) retrieved from /home/edinaldo/Documents/previsao_remuneracao/previsao_remuneracao/venv/lib/python3.10/site-packages/airflow/example_dags/example_branch_python_dop_operator_3.py
[2023-04-05 21:40:01,721] {logging_mixin.py:115} INFO - [2023-04-05 21:40:01,720] {dag.py:2379} INFO - Sync 1 DAGs
[2023-04-05 21:40:01,745] {logging_mixin.py:115} INFO - [2023-04-05 21:40:01,745] {dag.py:2927} INFO - Setting next_dagrun for example_branch_dop_operator_v3 to 2023-04-06T00:39:00+00:00, run_after=2023-04-06T00:40:00+00:00
[2023-04-05 21:40:01,834] {processor.py:161} INFO - Processing /home/edinaldo/Documents/previsao_remuneracao/previsao_remuneracao/venv/lib/python3.10/site-packages/airflow/example_dags/example_branch_python_dop_operator_3.py took 0.196 seconds
[2023-04-05 21:40:48,113] {processor.py:153} INFO - Started process (PID=57753) to work on /home/edinaldo/Documents/previsao_remuneracao/previsao_remuneracao/venv/lib/python3.10/site-packages/airflow/example_dags/example_branch_python_dop_operator_3.py
[2023-04-05 21:40:48,115] {processor.py:641} INFO - Processing file /home/edinaldo/Documents/previsao_remuneracao/previsao_remuneracao/venv/lib/python3.10/site-packages/airflow/example_dags/example_branch_python_dop_operator_3.py for tasks to queue
[2023-04-05 21:40:48,117] {logging_mixin.py:115} INFO - [2023-04-05 21:40:48,116] {dagbag.py:507} INFO - Filling up the DagBag from /home/edinaldo/Documents/previsao_remuneracao/previsao_remuneracao/venv/lib/python3.10/site-packages/airflow/example_dags/example_branch_python_dop_operator_3.py
[2023-04-05 21:40:48,135] {processor.py:651} INFO - DAG(s) dict_keys(['example_branch_dop_operator_v3']) retrieved from /home/edinaldo/Documents/previsao_remuneracao/previsao_remuneracao/venv/lib/python3.10/site-packages/airflow/example_dags/example_branch_python_dop_operator_3.py
[2023-04-05 21:40:48,153] {logging_mixin.py:115} INFO - [2023-04-05 21:40:48,153] {dag.py:2379} INFO - Sync 1 DAGs
[2023-04-05 21:40:48,179] {logging_mixin.py:115} INFO - [2023-04-05 21:40:48,178] {dag.py:2927} INFO - Setting next_dagrun for example_branch_dop_operator_v3 to 2023-04-06T00:39:00+00:00, run_after=2023-04-06T00:40:00+00:00
[2023-04-05 21:40:48,252] {processor.py:161} INFO - Processing /home/edinaldo/Documents/previsao_remuneracao/previsao_remuneracao/venv/lib/python3.10/site-packages/airflow/example_dags/example_branch_python_dop_operator_3.py took 0.149 seconds
[2023-04-05 21:41:28,426] {processor.py:153} INFO - Started process (PID=57999) to work on /home/edinaldo/Documents/previsao_remuneracao/previsao_remuneracao/venv/lib/python3.10/site-packages/airflow/example_dags/example_branch_python_dop_operator_3.py
[2023-04-05 21:41:28,428] {processor.py:641} INFO - Processing file /home/edinaldo/Documents/previsao_remuneracao/previsao_remuneracao/venv/lib/python3.10/site-packages/airflow/example_dags/example_branch_python_dop_operator_3.py for tasks to queue
[2023-04-05 21:41:28,429] {logging_mixin.py:115} INFO - [2023-04-05 21:41:28,429] {dagbag.py:507} INFO - Filling up the DagBag from /home/edinaldo/Documents/previsao_remuneracao/previsao_remuneracao/venv/lib/python3.10/site-packages/airflow/example_dags/example_branch_python_dop_operator_3.py
[2023-04-05 21:41:28,454] {processor.py:651} INFO - DAG(s) dict_keys(['example_branch_dop_operator_v3']) retrieved from /home/edinaldo/Documents/previsao_remuneracao/previsao_remuneracao/venv/lib/python3.10/site-packages/airflow/example_dags/example_branch_python_dop_operator_3.py
[2023-04-05 21:41:28,472] {logging_mixin.py:115} INFO - [2023-04-05 21:41:28,472] {dag.py:2379} INFO - Sync 1 DAGs
[2023-04-05 21:41:28,503] {logging_mixin.py:115} INFO - [2023-04-05 21:41:28,503] {dag.py:2927} INFO - Setting next_dagrun for example_branch_dop_operator_v3 to 2023-04-06T00:40:00+00:00, run_after=2023-04-06T00:41:00+00:00
[2023-04-05 21:41:28,912] {processor.py:161} INFO - Processing /home/edinaldo/Documents/previsao_remuneracao/previsao_remuneracao/venv/lib/python3.10/site-packages/airflow/example_dags/example_branch_python_dop_operator_3.py took 0.496 seconds
[2023-04-05 21:42:17,244] {processor.py:153} INFO - Started process (PID=58278) to work on /home/edinaldo/Documents/previsao_remuneracao/previsao_remuneracao/venv/lib/python3.10/site-packages/airflow/example_dags/example_branch_python_dop_operator_3.py
[2023-04-05 21:42:17,291] {processor.py:641} INFO - Processing file /home/edinaldo/Documents/previsao_remuneracao/previsao_remuneracao/venv/lib/python3.10/site-packages/airflow/example_dags/example_branch_python_dop_operator_3.py for tasks to queue
[2023-04-05 21:42:17,292] {logging_mixin.py:115} INFO - [2023-04-05 21:42:17,292] {dagbag.py:507} INFO - Filling up the DagBag from /home/edinaldo/Documents/previsao_remuneracao/previsao_remuneracao/venv/lib/python3.10/site-packages/airflow/example_dags/example_branch_python_dop_operator_3.py
[2023-04-05 21:42:17,349] {processor.py:651} INFO - DAG(s) dict_keys(['example_branch_dop_operator_v3']) retrieved from /home/edinaldo/Documents/previsao_remuneracao/previsao_remuneracao/venv/lib/python3.10/site-packages/airflow/example_dags/example_branch_python_dop_operator_3.py
[2023-04-05 21:42:17,378] {logging_mixin.py:115} INFO - [2023-04-05 21:42:17,378] {dag.py:2379} INFO - Sync 1 DAGs
[2023-04-05 21:42:17,403] {logging_mixin.py:115} INFO - [2023-04-05 21:42:17,403] {dag.py:2927} INFO - Setting next_dagrun for example_branch_dop_operator_v3 to 2023-04-06T00:41:00+00:00, run_after=2023-04-06T00:42:00+00:00
[2023-04-05 21:42:17,485] {processor.py:161} INFO - Processing /home/edinaldo/Documents/previsao_remuneracao/previsao_remuneracao/venv/lib/python3.10/site-packages/airflow/example_dags/example_branch_python_dop_operator_3.py took 0.248 seconds
