[2023-04-05 21:00:45,733] {processor.py:153} INFO - Started process (PID=52177) to work on /home/edinaldo/Documents/previsao_remuneracao/previsao_remuneracao/venv/lib/python3.10/site-packages/airflow/example_dags/example_trigger_target_dag.py
[2023-04-05 21:00:45,734] {processor.py:641} INFO - Processing file /home/edinaldo/Documents/previsao_remuneracao/previsao_remuneracao/venv/lib/python3.10/site-packages/airflow/example_dags/example_trigger_target_dag.py for tasks to queue
[2023-04-05 21:00:45,735] {logging_mixin.py:115} INFO - [2023-04-05 21:00:45,735] {dagbag.py:507} INFO - Filling up the DagBag from /home/edinaldo/Documents/previsao_remuneracao/previsao_remuneracao/venv/lib/python3.10/site-packages/airflow/example_dags/example_trigger_target_dag.py
[2023-04-05 21:00:45,781] {processor.py:651} INFO - DAG(s) dict_keys(['example_trigger_target_dag']) retrieved from /home/edinaldo/Documents/previsao_remuneracao/previsao_remuneracao/venv/lib/python3.10/site-packages/airflow/example_dags/example_trigger_target_dag.py
[2023-04-05 21:00:45,799] {logging_mixin.py:115} INFO - [2023-04-05 21:00:45,799] {dag.py:2379} INFO - Sync 1 DAGs
[2023-04-05 21:00:45,819] {logging_mixin.py:115} INFO - [2023-04-05 21:00:45,819] {dag.py:2927} INFO - Setting next_dagrun for example_trigger_target_dag to None, run_after=None
[2023-04-05 21:00:45,918] {processor.py:161} INFO - Processing /home/edinaldo/Documents/previsao_remuneracao/previsao_remuneracao/venv/lib/python3.10/site-packages/airflow/example_dags/example_trigger_target_dag.py took 0.195 seconds
[2023-04-05 21:01:21,877] {processor.py:153} INFO - Started process (PID=52209) to work on /home/edinaldo/Documents/previsao_remuneracao/previsao_remuneracao/venv/lib/python3.10/site-packages/airflow/example_dags/example_trigger_target_dag.py
[2023-04-05 21:01:21,878] {processor.py:641} INFO - Processing file /home/edinaldo/Documents/previsao_remuneracao/previsao_remuneracao/venv/lib/python3.10/site-packages/airflow/example_dags/example_trigger_target_dag.py for tasks to queue
[2023-04-05 21:01:21,879] {logging_mixin.py:115} INFO - [2023-04-05 21:01:21,879] {dagbag.py:507} INFO - Filling up the DagBag from /home/edinaldo/Documents/previsao_remuneracao/previsao_remuneracao/venv/lib/python3.10/site-packages/airflow/example_dags/example_trigger_target_dag.py
[2023-04-05 21:01:21,898] {processor.py:651} INFO - DAG(s) dict_keys(['example_trigger_target_dag']) retrieved from /home/edinaldo/Documents/previsao_remuneracao/previsao_remuneracao/venv/lib/python3.10/site-packages/airflow/example_dags/example_trigger_target_dag.py
[2023-04-05 21:01:21,915] {logging_mixin.py:115} INFO - [2023-04-05 21:01:21,914] {dag.py:2379} INFO - Sync 1 DAGs
[2023-04-05 21:01:21,934] {logging_mixin.py:115} INFO - [2023-04-05 21:01:21,934] {dag.py:2927} INFO - Setting next_dagrun for example_trigger_target_dag to None, run_after=None
[2023-04-05 21:01:22,028] {processor.py:161} INFO - Processing /home/edinaldo/Documents/previsao_remuneracao/previsao_remuneracao/venv/lib/python3.10/site-packages/airflow/example_dags/example_trigger_target_dag.py took 0.154 seconds
[2023-04-05 21:01:59,217] {processor.py:153} INFO - Started process (PID=52317) to work on /home/edinaldo/Documents/previsao_remuneracao/previsao_remuneracao/venv/lib/python3.10/site-packages/airflow/example_dags/example_trigger_target_dag.py
[2023-04-05 21:01:59,237] {processor.py:641} INFO - Processing file /home/edinaldo/Documents/previsao_remuneracao/previsao_remuneracao/venv/lib/python3.10/site-packages/airflow/example_dags/example_trigger_target_dag.py for tasks to queue
[2023-04-05 21:01:59,238] {logging_mixin.py:115} INFO - [2023-04-05 21:01:59,238] {dagbag.py:507} INFO - Filling up the DagBag from /home/edinaldo/Documents/previsao_remuneracao/previsao_remuneracao/venv/lib/python3.10/site-packages/airflow/example_dags/example_trigger_target_dag.py
[2023-04-05 21:01:59,269] {processor.py:651} INFO - DAG(s) dict_keys(['example_trigger_target_dag']) retrieved from /home/edinaldo/Documents/previsao_remuneracao/previsao_remuneracao/venv/lib/python3.10/site-packages/airflow/example_dags/example_trigger_target_dag.py
[2023-04-05 21:01:59,285] {logging_mixin.py:115} INFO - [2023-04-05 21:01:59,285] {dag.py:2379} INFO - Sync 1 DAGs
[2023-04-05 21:01:59,305] {logging_mixin.py:115} INFO - [2023-04-05 21:01:59,305] {dag.py:2927} INFO - Setting next_dagrun for example_trigger_target_dag to None, run_after=None
[2023-04-05 21:01:59,410] {processor.py:161} INFO - Processing /home/edinaldo/Documents/previsao_remuneracao/previsao_remuneracao/venv/lib/python3.10/site-packages/airflow/example_dags/example_trigger_target_dag.py took 0.203 seconds
[2023-04-05 21:02:44,423] {processor.py:153} INFO - Started process (PID=52424) to work on /home/edinaldo/Documents/previsao_remuneracao/previsao_remuneracao/venv/lib/python3.10/site-packages/airflow/example_dags/example_trigger_target_dag.py
[2023-04-05 21:02:44,479] {processor.py:641} INFO - Processing file /home/edinaldo/Documents/previsao_remuneracao/previsao_remuneracao/venv/lib/python3.10/site-packages/airflow/example_dags/example_trigger_target_dag.py for tasks to queue
[2023-04-05 21:02:44,482] {logging_mixin.py:115} INFO - [2023-04-05 21:02:44,481] {dagbag.py:507} INFO - Filling up the DagBag from /home/edinaldo/Documents/previsao_remuneracao/previsao_remuneracao/venv/lib/python3.10/site-packages/airflow/example_dags/example_trigger_target_dag.py
[2023-04-05 21:02:44,678] {processor.py:651} INFO - DAG(s) dict_keys(['example_trigger_target_dag']) retrieved from /home/edinaldo/Documents/previsao_remuneracao/previsao_remuneracao/venv/lib/python3.10/site-packages/airflow/example_dags/example_trigger_target_dag.py
[2023-04-05 21:02:44,735] {logging_mixin.py:115} INFO - [2023-04-05 21:02:44,735] {dag.py:2379} INFO - Sync 1 DAGs
[2023-04-05 21:02:44,771] {logging_mixin.py:115} INFO - [2023-04-05 21:02:44,771] {dag.py:2927} INFO - Setting next_dagrun for example_trigger_target_dag to None, run_after=None
[2023-04-05 21:02:44,945] {processor.py:161} INFO - Processing /home/edinaldo/Documents/previsao_remuneracao/previsao_remuneracao/venv/lib/python3.10/site-packages/airflow/example_dags/example_trigger_target_dag.py took 0.528 seconds
[2023-04-05 21:03:23,561] {processor.py:153} INFO - Started process (PID=52462) to work on /home/edinaldo/Documents/previsao_remuneracao/previsao_remuneracao/venv/lib/python3.10/site-packages/airflow/example_dags/example_trigger_target_dag.py
[2023-04-05 21:03:23,578] {processor.py:641} INFO - Processing file /home/edinaldo/Documents/previsao_remuneracao/previsao_remuneracao/venv/lib/python3.10/site-packages/airflow/example_dags/example_trigger_target_dag.py for tasks to queue
[2023-04-05 21:03:23,579] {logging_mixin.py:115} INFO - [2023-04-05 21:03:23,579] {dagbag.py:507} INFO - Filling up the DagBag from /home/edinaldo/Documents/previsao_remuneracao/previsao_remuneracao/venv/lib/python3.10/site-packages/airflow/example_dags/example_trigger_target_dag.py
[2023-04-05 21:03:23,613] {processor.py:651} INFO - DAG(s) dict_keys(['example_trigger_target_dag']) retrieved from /home/edinaldo/Documents/previsao_remuneracao/previsao_remuneracao/venv/lib/python3.10/site-packages/airflow/example_dags/example_trigger_target_dag.py
[2023-04-05 21:03:23,629] {logging_mixin.py:115} INFO - [2023-04-05 21:03:23,629] {dag.py:2379} INFO - Sync 1 DAGs
[2023-04-05 21:03:23,648] {logging_mixin.py:115} INFO - [2023-04-05 21:03:23,648] {dag.py:2927} INFO - Setting next_dagrun for example_trigger_target_dag to None, run_after=None
[2023-04-05 21:03:23,788] {processor.py:161} INFO - Processing /home/edinaldo/Documents/previsao_remuneracao/previsao_remuneracao/venv/lib/python3.10/site-packages/airflow/example_dags/example_trigger_target_dag.py took 0.237 seconds
[2023-04-05 21:03:57,386] {processor.py:153} INFO - Started process (PID=52507) to work on /home/edinaldo/Documents/previsao_remuneracao/previsao_remuneracao/venv/lib/python3.10/site-packages/airflow/example_dags/example_trigger_target_dag.py
[2023-04-05 21:03:57,396] {processor.py:641} INFO - Processing file /home/edinaldo/Documents/previsao_remuneracao/previsao_remuneracao/venv/lib/python3.10/site-packages/airflow/example_dags/example_trigger_target_dag.py for tasks to queue
[2023-04-05 21:03:57,398] {logging_mixin.py:115} INFO - [2023-04-05 21:03:57,398] {dagbag.py:507} INFO - Filling up the DagBag from /home/edinaldo/Documents/previsao_remuneracao/previsao_remuneracao/venv/lib/python3.10/site-packages/airflow/example_dags/example_trigger_target_dag.py
[2023-04-05 21:03:57,480] {processor.py:651} INFO - DAG(s) dict_keys(['example_trigger_target_dag']) retrieved from /home/edinaldo/Documents/previsao_remuneracao/previsao_remuneracao/venv/lib/python3.10/site-packages/airflow/example_dags/example_trigger_target_dag.py
[2023-04-05 21:03:57,537] {logging_mixin.py:115} INFO - [2023-04-05 21:03:57,537] {dag.py:2379} INFO - Sync 1 DAGs
[2023-04-05 21:03:57,589] {logging_mixin.py:115} INFO - [2023-04-05 21:03:57,588] {dag.py:2927} INFO - Setting next_dagrun for example_trigger_target_dag to None, run_after=None
[2023-04-05 21:03:58,245] {processor.py:161} INFO - Processing /home/edinaldo/Documents/previsao_remuneracao/previsao_remuneracao/venv/lib/python3.10/site-packages/airflow/example_dags/example_trigger_target_dag.py took 0.869 seconds
[2023-04-05 21:04:41,387] {processor.py:153} INFO - Started process (PID=52565) to work on /home/edinaldo/Documents/previsao_remuneracao/previsao_remuneracao/venv/lib/python3.10/site-packages/airflow/example_dags/example_trigger_target_dag.py
[2023-04-05 21:04:41,389] {processor.py:641} INFO - Processing file /home/edinaldo/Documents/previsao_remuneracao/previsao_remuneracao/venv/lib/python3.10/site-packages/airflow/example_dags/example_trigger_target_dag.py for tasks to queue
[2023-04-05 21:04:41,391] {logging_mixin.py:115} INFO - [2023-04-05 21:04:41,390] {dagbag.py:507} INFO - Filling up the DagBag from /home/edinaldo/Documents/previsao_remuneracao/previsao_remuneracao/venv/lib/python3.10/site-packages/airflow/example_dags/example_trigger_target_dag.py
[2023-04-05 21:04:41,450] {processor.py:651} INFO - DAG(s) dict_keys(['example_trigger_target_dag']) retrieved from /home/edinaldo/Documents/previsao_remuneracao/previsao_remuneracao/venv/lib/python3.10/site-packages/airflow/example_dags/example_trigger_target_dag.py
[2023-04-05 21:04:41,470] {logging_mixin.py:115} INFO - [2023-04-05 21:04:41,470] {dag.py:2379} INFO - Sync 1 DAGs
[2023-04-05 21:04:41,493] {logging_mixin.py:115} INFO - [2023-04-05 21:04:41,493] {dag.py:2927} INFO - Setting next_dagrun for example_trigger_target_dag to None, run_after=None
[2023-04-05 21:04:41,586] {processor.py:161} INFO - Processing /home/edinaldo/Documents/previsao_remuneracao/previsao_remuneracao/venv/lib/python3.10/site-packages/airflow/example_dags/example_trigger_target_dag.py took 0.212 seconds
[2023-04-05 21:05:19,606] {processor.py:153} INFO - Started process (PID=52618) to work on /home/edinaldo/Documents/previsao_remuneracao/previsao_remuneracao/venv/lib/python3.10/site-packages/airflow/example_dags/example_trigger_target_dag.py
[2023-04-05 21:05:19,611] {processor.py:641} INFO - Processing file /home/edinaldo/Documents/previsao_remuneracao/previsao_remuneracao/venv/lib/python3.10/site-packages/airflow/example_dags/example_trigger_target_dag.py for tasks to queue
[2023-04-05 21:05:19,612] {logging_mixin.py:115} INFO - [2023-04-05 21:05:19,612] {dagbag.py:507} INFO - Filling up the DagBag from /home/edinaldo/Documents/previsao_remuneracao/previsao_remuneracao/venv/lib/python3.10/site-packages/airflow/example_dags/example_trigger_target_dag.py
[2023-04-05 21:05:19,642] {processor.py:651} INFO - DAG(s) dict_keys(['example_trigger_target_dag']) retrieved from /home/edinaldo/Documents/previsao_remuneracao/previsao_remuneracao/venv/lib/python3.10/site-packages/airflow/example_dags/example_trigger_target_dag.py
[2023-04-05 21:05:19,659] {logging_mixin.py:115} INFO - [2023-04-05 21:05:19,659] {dag.py:2379} INFO - Sync 1 DAGs
[2023-04-05 21:05:19,678] {logging_mixin.py:115} INFO - [2023-04-05 21:05:19,678] {dag.py:2927} INFO - Setting next_dagrun for example_trigger_target_dag to None, run_after=None
[2023-04-05 21:05:19,763] {processor.py:161} INFO - Processing /home/edinaldo/Documents/previsao_remuneracao/previsao_remuneracao/venv/lib/python3.10/site-packages/airflow/example_dags/example_trigger_target_dag.py took 0.166 seconds
[2023-04-05 21:06:06,113] {processor.py:153} INFO - Started process (PID=52694) to work on /home/edinaldo/Documents/previsao_remuneracao/previsao_remuneracao/venv/lib/python3.10/site-packages/airflow/example_dags/example_trigger_target_dag.py
[2023-04-05 21:06:06,126] {processor.py:641} INFO - Processing file /home/edinaldo/Documents/previsao_remuneracao/previsao_remuneracao/venv/lib/python3.10/site-packages/airflow/example_dags/example_trigger_target_dag.py for tasks to queue
[2023-04-05 21:06:06,128] {logging_mixin.py:115} INFO - [2023-04-05 21:06:06,127] {dagbag.py:507} INFO - Filling up the DagBag from /home/edinaldo/Documents/previsao_remuneracao/previsao_remuneracao/venv/lib/python3.10/site-packages/airflow/example_dags/example_trigger_target_dag.py
[2023-04-05 21:06:06,178] {processor.py:651} INFO - DAG(s) dict_keys(['example_trigger_target_dag']) retrieved from /home/edinaldo/Documents/previsao_remuneracao/previsao_remuneracao/venv/lib/python3.10/site-packages/airflow/example_dags/example_trigger_target_dag.py
[2023-04-05 21:06:06,195] {logging_mixin.py:115} INFO - [2023-04-05 21:06:06,194] {dag.py:2379} INFO - Sync 1 DAGs
[2023-04-05 21:06:06,214] {logging_mixin.py:115} INFO - [2023-04-05 21:06:06,214] {dag.py:2927} INFO - Setting next_dagrun for example_trigger_target_dag to None, run_after=None
[2023-04-05 21:06:06,302] {processor.py:161} INFO - Processing /home/edinaldo/Documents/previsao_remuneracao/previsao_remuneracao/venv/lib/python3.10/site-packages/airflow/example_dags/example_trigger_target_dag.py took 0.200 seconds
[2023-04-05 21:06:44,860] {processor.py:153} INFO - Started process (PID=52754) to work on /home/edinaldo/Documents/previsao_remuneracao/previsao_remuneracao/venv/lib/python3.10/site-packages/airflow/example_dags/example_trigger_target_dag.py
[2023-04-05 21:06:44,870] {processor.py:641} INFO - Processing file /home/edinaldo/Documents/previsao_remuneracao/previsao_remuneracao/venv/lib/python3.10/site-packages/airflow/example_dags/example_trigger_target_dag.py for tasks to queue
[2023-04-05 21:06:44,871] {logging_mixin.py:115} INFO - [2023-04-05 21:06:44,871] {dagbag.py:507} INFO - Filling up the DagBag from /home/edinaldo/Documents/previsao_remuneracao/previsao_remuneracao/venv/lib/python3.10/site-packages/airflow/example_dags/example_trigger_target_dag.py
[2023-04-05 21:06:44,903] {processor.py:651} INFO - DAG(s) dict_keys(['example_trigger_target_dag']) retrieved from /home/edinaldo/Documents/previsao_remuneracao/previsao_remuneracao/venv/lib/python3.10/site-packages/airflow/example_dags/example_trigger_target_dag.py
[2023-04-05 21:06:44,925] {logging_mixin.py:115} INFO - [2023-04-05 21:06:44,925] {dag.py:2379} INFO - Sync 1 DAGs
[2023-04-05 21:06:44,956] {logging_mixin.py:115} INFO - [2023-04-05 21:06:44,956] {dag.py:2927} INFO - Setting next_dagrun for example_trigger_target_dag to None, run_after=None
[2023-04-05 21:06:45,047] {processor.py:161} INFO - Processing /home/edinaldo/Documents/previsao_remuneracao/previsao_remuneracao/venv/lib/python3.10/site-packages/airflow/example_dags/example_trigger_target_dag.py took 0.193 seconds
[2023-04-05 21:07:23,146] {processor.py:153} INFO - Started process (PID=52792) to work on /home/edinaldo/Documents/previsao_remuneracao/previsao_remuneracao/venv/lib/python3.10/site-packages/airflow/example_dags/example_trigger_target_dag.py
[2023-04-05 21:07:23,172] {processor.py:641} INFO - Processing file /home/edinaldo/Documents/previsao_remuneracao/previsao_remuneracao/venv/lib/python3.10/site-packages/airflow/example_dags/example_trigger_target_dag.py for tasks to queue
[2023-04-05 21:07:23,173] {logging_mixin.py:115} INFO - [2023-04-05 21:07:23,173] {dagbag.py:507} INFO - Filling up the DagBag from /home/edinaldo/Documents/previsao_remuneracao/previsao_remuneracao/venv/lib/python3.10/site-packages/airflow/example_dags/example_trigger_target_dag.py
[2023-04-05 21:07:23,207] {processor.py:651} INFO - DAG(s) dict_keys(['example_trigger_target_dag']) retrieved from /home/edinaldo/Documents/previsao_remuneracao/previsao_remuneracao/venv/lib/python3.10/site-packages/airflow/example_dags/example_trigger_target_dag.py
[2023-04-05 21:07:23,223] {logging_mixin.py:115} INFO - [2023-04-05 21:07:23,223] {dag.py:2379} INFO - Sync 1 DAGs
[2023-04-05 21:07:23,243] {logging_mixin.py:115} INFO - [2023-04-05 21:07:23,243] {dag.py:2927} INFO - Setting next_dagrun for example_trigger_target_dag to None, run_after=None
[2023-04-05 21:07:23,319] {processor.py:161} INFO - Processing /home/edinaldo/Documents/previsao_remuneracao/previsao_remuneracao/venv/lib/python3.10/site-packages/airflow/example_dags/example_trigger_target_dag.py took 0.177 seconds
[2023-04-05 21:08:04,152] {processor.py:153} INFO - Started process (PID=52832) to work on /home/edinaldo/Documents/previsao_remuneracao/previsao_remuneracao/venv/lib/python3.10/site-packages/airflow/example_dags/example_trigger_target_dag.py
[2023-04-05 21:08:04,154] {processor.py:641} INFO - Processing file /home/edinaldo/Documents/previsao_remuneracao/previsao_remuneracao/venv/lib/python3.10/site-packages/airflow/example_dags/example_trigger_target_dag.py for tasks to queue
[2023-04-05 21:08:04,155] {logging_mixin.py:115} INFO - [2023-04-05 21:08:04,155] {dagbag.py:507} INFO - Filling up the DagBag from /home/edinaldo/Documents/previsao_remuneracao/previsao_remuneracao/venv/lib/python3.10/site-packages/airflow/example_dags/example_trigger_target_dag.py
[2023-04-05 21:08:04,183] {processor.py:651} INFO - DAG(s) dict_keys(['example_trigger_target_dag']) retrieved from /home/edinaldo/Documents/previsao_remuneracao/previsao_remuneracao/venv/lib/python3.10/site-packages/airflow/example_dags/example_trigger_target_dag.py
[2023-04-05 21:08:04,200] {logging_mixin.py:115} INFO - [2023-04-05 21:08:04,200] {dag.py:2379} INFO - Sync 1 DAGs
[2023-04-05 21:08:04,219] {logging_mixin.py:115} INFO - [2023-04-05 21:08:04,219] {dag.py:2927} INFO - Setting next_dagrun for example_trigger_target_dag to None, run_after=None
[2023-04-05 21:08:04,329] {processor.py:161} INFO - Processing /home/edinaldo/Documents/previsao_remuneracao/previsao_remuneracao/venv/lib/python3.10/site-packages/airflow/example_dags/example_trigger_target_dag.py took 0.187 seconds
[2023-04-05 21:08:43,819] {processor.py:153} INFO - Started process (PID=52868) to work on /home/edinaldo/Documents/previsao_remuneracao/previsao_remuneracao/venv/lib/python3.10/site-packages/airflow/example_dags/example_trigger_target_dag.py
[2023-04-05 21:08:43,834] {processor.py:641} INFO - Processing file /home/edinaldo/Documents/previsao_remuneracao/previsao_remuneracao/venv/lib/python3.10/site-packages/airflow/example_dags/example_trigger_target_dag.py for tasks to queue
[2023-04-05 21:08:43,835] {logging_mixin.py:115} INFO - [2023-04-05 21:08:43,834] {dagbag.py:507} INFO - Filling up the DagBag from /home/edinaldo/Documents/previsao_remuneracao/previsao_remuneracao/venv/lib/python3.10/site-packages/airflow/example_dags/example_trigger_target_dag.py
[2023-04-05 21:08:43,854] {processor.py:651} INFO - DAG(s) dict_keys(['example_trigger_target_dag']) retrieved from /home/edinaldo/Documents/previsao_remuneracao/previsao_remuneracao/venv/lib/python3.10/site-packages/airflow/example_dags/example_trigger_target_dag.py
[2023-04-05 21:08:43,870] {logging_mixin.py:115} INFO - [2023-04-05 21:08:43,870] {dag.py:2379} INFO - Sync 1 DAGs
[2023-04-05 21:08:43,889] {logging_mixin.py:115} INFO - [2023-04-05 21:08:43,889] {dag.py:2927} INFO - Setting next_dagrun for example_trigger_target_dag to None, run_after=None
[2023-04-05 21:08:43,990] {processor.py:161} INFO - Processing /home/edinaldo/Documents/previsao_remuneracao/previsao_remuneracao/venv/lib/python3.10/site-packages/airflow/example_dags/example_trigger_target_dag.py took 0.174 seconds
[2023-04-05 21:09:21,521] {processor.py:153} INFO - Started process (PID=52902) to work on /home/edinaldo/Documents/previsao_remuneracao/previsao_remuneracao/venv/lib/python3.10/site-packages/airflow/example_dags/example_trigger_target_dag.py
[2023-04-05 21:09:21,538] {processor.py:641} INFO - Processing file /home/edinaldo/Documents/previsao_remuneracao/previsao_remuneracao/venv/lib/python3.10/site-packages/airflow/example_dags/example_trigger_target_dag.py for tasks to queue
[2023-04-05 21:09:21,539] {logging_mixin.py:115} INFO - [2023-04-05 21:09:21,539] {dagbag.py:507} INFO - Filling up the DagBag from /home/edinaldo/Documents/previsao_remuneracao/previsao_remuneracao/venv/lib/python3.10/site-packages/airflow/example_dags/example_trigger_target_dag.py
[2023-04-05 21:09:21,563] {processor.py:651} INFO - DAG(s) dict_keys(['example_trigger_target_dag']) retrieved from /home/edinaldo/Documents/previsao_remuneracao/previsao_remuneracao/venv/lib/python3.10/site-packages/airflow/example_dags/example_trigger_target_dag.py
[2023-04-05 21:09:21,580] {logging_mixin.py:115} INFO - [2023-04-05 21:09:21,580] {dag.py:2379} INFO - Sync 1 DAGs
[2023-04-05 21:09:21,599] {logging_mixin.py:115} INFO - [2023-04-05 21:09:21,599] {dag.py:2927} INFO - Setting next_dagrun for example_trigger_target_dag to None, run_after=None
[2023-04-05 21:09:21,684] {processor.py:161} INFO - Processing /home/edinaldo/Documents/previsao_remuneracao/previsao_remuneracao/venv/lib/python3.10/site-packages/airflow/example_dags/example_trigger_target_dag.py took 0.167 seconds
[2023-04-05 21:10:03,641] {processor.py:153} INFO - Started process (PID=52943) to work on /home/edinaldo/Documents/previsao_remuneracao/previsao_remuneracao/venv/lib/python3.10/site-packages/airflow/example_dags/example_trigger_target_dag.py
[2023-04-05 21:10:03,642] {processor.py:641} INFO - Processing file /home/edinaldo/Documents/previsao_remuneracao/previsao_remuneracao/venv/lib/python3.10/site-packages/airflow/example_dags/example_trigger_target_dag.py for tasks to queue
[2023-04-05 21:10:03,642] {logging_mixin.py:115} INFO - [2023-04-05 21:10:03,642] {dagbag.py:507} INFO - Filling up the DagBag from /home/edinaldo/Documents/previsao_remuneracao/previsao_remuneracao/venv/lib/python3.10/site-packages/airflow/example_dags/example_trigger_target_dag.py
[2023-04-05 21:10:03,661] {processor.py:651} INFO - DAG(s) dict_keys(['example_trigger_target_dag']) retrieved from /home/edinaldo/Documents/previsao_remuneracao/previsao_remuneracao/venv/lib/python3.10/site-packages/airflow/example_dags/example_trigger_target_dag.py
[2023-04-05 21:10:03,678] {logging_mixin.py:115} INFO - [2023-04-05 21:10:03,677] {dag.py:2379} INFO - Sync 1 DAGs
[2023-04-05 21:10:03,697] {logging_mixin.py:115} INFO - [2023-04-05 21:10:03,696] {dag.py:2927} INFO - Setting next_dagrun for example_trigger_target_dag to None, run_after=None
[2023-04-05 21:10:03,797] {processor.py:161} INFO - Processing /home/edinaldo/Documents/previsao_remuneracao/previsao_remuneracao/venv/lib/python3.10/site-packages/airflow/example_dags/example_trigger_target_dag.py took 0.159 seconds
[2023-04-05 21:10:43,971] {processor.py:153} INFO - Started process (PID=53059) to work on /home/edinaldo/Documents/previsao_remuneracao/previsao_remuneracao/venv/lib/python3.10/site-packages/airflow/example_dags/example_trigger_target_dag.py
[2023-04-05 21:10:43,990] {processor.py:641} INFO - Processing file /home/edinaldo/Documents/previsao_remuneracao/previsao_remuneracao/venv/lib/python3.10/site-packages/airflow/example_dags/example_trigger_target_dag.py for tasks to queue
[2023-04-05 21:10:43,992] {logging_mixin.py:115} INFO - [2023-04-05 21:10:43,991] {dagbag.py:507} INFO - Filling up the DagBag from /home/edinaldo/Documents/previsao_remuneracao/previsao_remuneracao/venv/lib/python3.10/site-packages/airflow/example_dags/example_trigger_target_dag.py
[2023-04-05 21:10:44,024] {processor.py:651} INFO - DAG(s) dict_keys(['example_trigger_target_dag']) retrieved from /home/edinaldo/Documents/previsao_remuneracao/previsao_remuneracao/venv/lib/python3.10/site-packages/airflow/example_dags/example_trigger_target_dag.py
[2023-04-05 21:10:44,164] {logging_mixin.py:115} INFO - [2023-04-05 21:10:44,164] {dag.py:2379} INFO - Sync 1 DAGs
[2023-04-05 21:10:44,190] {logging_mixin.py:115} INFO - [2023-04-05 21:10:44,189] {dag.py:2927} INFO - Setting next_dagrun for example_trigger_target_dag to None, run_after=None
[2023-04-05 21:10:44,276] {processor.py:161} INFO - Processing /home/edinaldo/Documents/previsao_remuneracao/previsao_remuneracao/venv/lib/python3.10/site-packages/airflow/example_dags/example_trigger_target_dag.py took 0.315 seconds
[2023-04-05 21:11:21,280] {processor.py:153} INFO - Started process (PID=53136) to work on /home/edinaldo/Documents/previsao_remuneracao/previsao_remuneracao/venv/lib/python3.10/site-packages/airflow/example_dags/example_trigger_target_dag.py
[2023-04-05 21:11:21,292] {processor.py:641} INFO - Processing file /home/edinaldo/Documents/previsao_remuneracao/previsao_remuneracao/venv/lib/python3.10/site-packages/airflow/example_dags/example_trigger_target_dag.py for tasks to queue
[2023-04-05 21:11:21,293] {logging_mixin.py:115} INFO - [2023-04-05 21:11:21,292] {dagbag.py:507} INFO - Filling up the DagBag from /home/edinaldo/Documents/previsao_remuneracao/previsao_remuneracao/venv/lib/python3.10/site-packages/airflow/example_dags/example_trigger_target_dag.py
[2023-04-05 21:11:21,314] {processor.py:651} INFO - DAG(s) dict_keys(['example_trigger_target_dag']) retrieved from /home/edinaldo/Documents/previsao_remuneracao/previsao_remuneracao/venv/lib/python3.10/site-packages/airflow/example_dags/example_trigger_target_dag.py
[2023-04-05 21:11:21,330] {logging_mixin.py:115} INFO - [2023-04-05 21:11:21,330] {dag.py:2379} INFO - Sync 1 DAGs
[2023-04-05 21:11:21,349] {logging_mixin.py:115} INFO - [2023-04-05 21:11:21,349] {dag.py:2927} INFO - Setting next_dagrun for example_trigger_target_dag to None, run_after=None
[2023-04-05 21:11:21,450] {processor.py:161} INFO - Processing /home/edinaldo/Documents/previsao_remuneracao/previsao_remuneracao/venv/lib/python3.10/site-packages/airflow/example_dags/example_trigger_target_dag.py took 0.173 seconds
[2023-04-05 21:11:57,909] {processor.py:153} INFO - Started process (PID=53200) to work on /home/edinaldo/Documents/previsao_remuneracao/previsao_remuneracao/venv/lib/python3.10/site-packages/airflow/example_dags/example_trigger_target_dag.py
[2023-04-05 21:11:57,922] {processor.py:641} INFO - Processing file /home/edinaldo/Documents/previsao_remuneracao/previsao_remuneracao/venv/lib/python3.10/site-packages/airflow/example_dags/example_trigger_target_dag.py for tasks to queue
[2023-04-05 21:11:57,923] {logging_mixin.py:115} INFO - [2023-04-05 21:11:57,923] {dagbag.py:507} INFO - Filling up the DagBag from /home/edinaldo/Documents/previsao_remuneracao/previsao_remuneracao/venv/lib/python3.10/site-packages/airflow/example_dags/example_trigger_target_dag.py
[2023-04-05 21:11:57,951] {processor.py:651} INFO - DAG(s) dict_keys(['example_trigger_target_dag']) retrieved from /home/edinaldo/Documents/previsao_remuneracao/previsao_remuneracao/venv/lib/python3.10/site-packages/airflow/example_dags/example_trigger_target_dag.py
[2023-04-05 21:11:58,005] {logging_mixin.py:115} INFO - [2023-04-05 21:11:58,004] {dag.py:2379} INFO - Sync 1 DAGs
[2023-04-05 21:11:58,031] {logging_mixin.py:115} INFO - [2023-04-05 21:11:58,031] {dag.py:2927} INFO - Setting next_dagrun for example_trigger_target_dag to None, run_after=None
[2023-04-05 21:11:58,103] {processor.py:161} INFO - Processing /home/edinaldo/Documents/previsao_remuneracao/previsao_remuneracao/venv/lib/python3.10/site-packages/airflow/example_dags/example_trigger_target_dag.py took 0.199 seconds
[2023-04-05 21:12:36,752] {processor.py:153} INFO - Started process (PID=53332) to work on /home/edinaldo/Documents/previsao_remuneracao/previsao_remuneracao/venv/lib/python3.10/site-packages/airflow/example_dags/example_trigger_target_dag.py
[2023-04-05 21:12:36,766] {processor.py:641} INFO - Processing file /home/edinaldo/Documents/previsao_remuneracao/previsao_remuneracao/venv/lib/python3.10/site-packages/airflow/example_dags/example_trigger_target_dag.py for tasks to queue
[2023-04-05 21:12:36,767] {logging_mixin.py:115} INFO - [2023-04-05 21:12:36,767] {dagbag.py:507} INFO - Filling up the DagBag from /home/edinaldo/Documents/previsao_remuneracao/previsao_remuneracao/venv/lib/python3.10/site-packages/airflow/example_dags/example_trigger_target_dag.py
[2023-04-05 21:12:36,803] {processor.py:651} INFO - DAG(s) dict_keys(['example_trigger_target_dag']) retrieved from /home/edinaldo/Documents/previsao_remuneracao/previsao_remuneracao/venv/lib/python3.10/site-packages/airflow/example_dags/example_trigger_target_dag.py
[2023-04-05 21:12:36,828] {logging_mixin.py:115} INFO - [2023-04-05 21:12:36,828] {dag.py:2379} INFO - Sync 1 DAGs
[2023-04-05 21:12:36,847] {logging_mixin.py:115} INFO - [2023-04-05 21:12:36,847] {dag.py:2927} INFO - Setting next_dagrun for example_trigger_target_dag to None, run_after=None
[2023-04-05 21:12:36,956] {processor.py:161} INFO - Processing /home/edinaldo/Documents/previsao_remuneracao/previsao_remuneracao/venv/lib/python3.10/site-packages/airflow/example_dags/example_trigger_target_dag.py took 0.209 seconds
[2023-04-05 21:13:29,323] {processor.py:153} INFO - Started process (PID=53437) to work on /home/edinaldo/Documents/previsao_remuneracao/previsao_remuneracao/venv/lib/python3.10/site-packages/airflow/example_dags/example_trigger_target_dag.py
[2023-04-05 21:13:29,363] {processor.py:641} INFO - Processing file /home/edinaldo/Documents/previsao_remuneracao/previsao_remuneracao/venv/lib/python3.10/site-packages/airflow/example_dags/example_trigger_target_dag.py for tasks to queue
[2023-04-05 21:13:29,368] {logging_mixin.py:115} INFO - [2023-04-05 21:13:29,368] {dagbag.py:507} INFO - Filling up the DagBag from /home/edinaldo/Documents/previsao_remuneracao/previsao_remuneracao/venv/lib/python3.10/site-packages/airflow/example_dags/example_trigger_target_dag.py
[2023-04-05 21:13:29,444] {processor.py:651} INFO - DAG(s) dict_keys(['example_trigger_target_dag']) retrieved from /home/edinaldo/Documents/previsao_remuneracao/previsao_remuneracao/venv/lib/python3.10/site-packages/airflow/example_dags/example_trigger_target_dag.py
[2023-04-05 21:13:29,462] {logging_mixin.py:115} INFO - [2023-04-05 21:13:29,462] {dag.py:2379} INFO - Sync 1 DAGs
[2023-04-05 21:13:29,490] {logging_mixin.py:115} INFO - [2023-04-05 21:13:29,490] {dag.py:2927} INFO - Setting next_dagrun for example_trigger_target_dag to None, run_after=None
[2023-04-05 21:13:29,750] {processor.py:161} INFO - Processing /home/edinaldo/Documents/previsao_remuneracao/previsao_remuneracao/venv/lib/python3.10/site-packages/airflow/example_dags/example_trigger_target_dag.py took 0.436 seconds
[2023-04-05 21:14:09,781] {processor.py:153} INFO - Started process (PID=53473) to work on /home/edinaldo/Documents/previsao_remuneracao/previsao_remuneracao/venv/lib/python3.10/site-packages/airflow/example_dags/example_trigger_target_dag.py
[2023-04-05 21:14:09,783] {processor.py:641} INFO - Processing file /home/edinaldo/Documents/previsao_remuneracao/previsao_remuneracao/venv/lib/python3.10/site-packages/airflow/example_dags/example_trigger_target_dag.py for tasks to queue
[2023-04-05 21:14:09,784] {logging_mixin.py:115} INFO - [2023-04-05 21:14:09,784] {dagbag.py:507} INFO - Filling up the DagBag from /home/edinaldo/Documents/previsao_remuneracao/previsao_remuneracao/venv/lib/python3.10/site-packages/airflow/example_dags/example_trigger_target_dag.py
[2023-04-05 21:14:09,813] {processor.py:651} INFO - DAG(s) dict_keys(['example_trigger_target_dag']) retrieved from /home/edinaldo/Documents/previsao_remuneracao/previsao_remuneracao/venv/lib/python3.10/site-packages/airflow/example_dags/example_trigger_target_dag.py
[2023-04-05 21:14:09,830] {logging_mixin.py:115} INFO - [2023-04-05 21:14:09,830] {dag.py:2379} INFO - Sync 1 DAGs
[2023-04-05 21:14:09,851] {logging_mixin.py:115} INFO - [2023-04-05 21:14:09,850] {dag.py:2927} INFO - Setting next_dagrun for example_trigger_target_dag to None, run_after=None
[2023-04-05 21:14:09,969] {processor.py:161} INFO - Processing /home/edinaldo/Documents/previsao_remuneracao/previsao_remuneracao/venv/lib/python3.10/site-packages/airflow/example_dags/example_trigger_target_dag.py took 0.197 seconds
[2023-04-05 21:14:51,304] {processor.py:153} INFO - Started process (PID=53516) to work on /home/edinaldo/Documents/previsao_remuneracao/previsao_remuneracao/venv/lib/python3.10/site-packages/airflow/example_dags/example_trigger_target_dag.py
[2023-04-05 21:14:51,314] {processor.py:641} INFO - Processing file /home/edinaldo/Documents/previsao_remuneracao/previsao_remuneracao/venv/lib/python3.10/site-packages/airflow/example_dags/example_trigger_target_dag.py for tasks to queue
[2023-04-05 21:14:51,314] {logging_mixin.py:115} INFO - [2023-04-05 21:14:51,314] {dagbag.py:507} INFO - Filling up the DagBag from /home/edinaldo/Documents/previsao_remuneracao/previsao_remuneracao/venv/lib/python3.10/site-packages/airflow/example_dags/example_trigger_target_dag.py
[2023-04-05 21:14:51,334] {processor.py:651} INFO - DAG(s) dict_keys(['example_trigger_target_dag']) retrieved from /home/edinaldo/Documents/previsao_remuneracao/previsao_remuneracao/venv/lib/python3.10/site-packages/airflow/example_dags/example_trigger_target_dag.py
[2023-04-05 21:14:51,353] {logging_mixin.py:115} INFO - [2023-04-05 21:14:51,353] {dag.py:2379} INFO - Sync 1 DAGs
[2023-04-05 21:14:51,372] {logging_mixin.py:115} INFO - [2023-04-05 21:14:51,372] {dag.py:2927} INFO - Setting next_dagrun for example_trigger_target_dag to None, run_after=None
[2023-04-05 21:14:51,467] {processor.py:161} INFO - Processing /home/edinaldo/Documents/previsao_remuneracao/previsao_remuneracao/venv/lib/python3.10/site-packages/airflow/example_dags/example_trigger_target_dag.py took 0.168 seconds
[2023-04-05 21:15:29,753] {processor.py:153} INFO - Started process (PID=53562) to work on /home/edinaldo/Documents/previsao_remuneracao/previsao_remuneracao/venv/lib/python3.10/site-packages/airflow/example_dags/example_trigger_target_dag.py
[2023-04-05 21:15:29,815] {processor.py:641} INFO - Processing file /home/edinaldo/Documents/previsao_remuneracao/previsao_remuneracao/venv/lib/python3.10/site-packages/airflow/example_dags/example_trigger_target_dag.py for tasks to queue
[2023-04-05 21:15:29,815] {logging_mixin.py:115} INFO - [2023-04-05 21:15:29,815] {dagbag.py:507} INFO - Filling up the DagBag from /home/edinaldo/Documents/previsao_remuneracao/previsao_remuneracao/venv/lib/python3.10/site-packages/airflow/example_dags/example_trigger_target_dag.py
[2023-04-05 21:15:29,850] {processor.py:651} INFO - DAG(s) dict_keys(['example_trigger_target_dag']) retrieved from /home/edinaldo/Documents/previsao_remuneracao/previsao_remuneracao/venv/lib/python3.10/site-packages/airflow/example_dags/example_trigger_target_dag.py
[2023-04-05 21:15:30,212] {logging_mixin.py:115} INFO - [2023-04-05 21:15:30,211] {dag.py:2379} INFO - Sync 1 DAGs
[2023-04-05 21:15:30,326] {logging_mixin.py:115} INFO - [2023-04-05 21:15:30,326] {dag.py:2927} INFO - Setting next_dagrun for example_trigger_target_dag to None, run_after=None
[2023-04-05 21:15:30,502] {processor.py:161} INFO - Processing /home/edinaldo/Documents/previsao_remuneracao/previsao_remuneracao/venv/lib/python3.10/site-packages/airflow/example_dags/example_trigger_target_dag.py took 0.754 seconds
[2023-04-05 21:16:13,384] {processor.py:153} INFO - Started process (PID=53625) to work on /home/edinaldo/Documents/previsao_remuneracao/previsao_remuneracao/venv/lib/python3.10/site-packages/airflow/example_dags/example_trigger_target_dag.py
[2023-04-05 21:16:13,397] {processor.py:641} INFO - Processing file /home/edinaldo/Documents/previsao_remuneracao/previsao_remuneracao/venv/lib/python3.10/site-packages/airflow/example_dags/example_trigger_target_dag.py for tasks to queue
[2023-04-05 21:16:13,398] {logging_mixin.py:115} INFO - [2023-04-05 21:16:13,398] {dagbag.py:507} INFO - Filling up the DagBag from /home/edinaldo/Documents/previsao_remuneracao/previsao_remuneracao/venv/lib/python3.10/site-packages/airflow/example_dags/example_trigger_target_dag.py
[2023-04-05 21:16:13,427] {processor.py:651} INFO - DAG(s) dict_keys(['example_trigger_target_dag']) retrieved from /home/edinaldo/Documents/previsao_remuneracao/previsao_remuneracao/venv/lib/python3.10/site-packages/airflow/example_dags/example_trigger_target_dag.py
[2023-04-05 21:16:13,444] {logging_mixin.py:115} INFO - [2023-04-05 21:16:13,444] {dag.py:2379} INFO - Sync 1 DAGs
[2023-04-05 21:16:13,463] {logging_mixin.py:115} INFO - [2023-04-05 21:16:13,463] {dag.py:2927} INFO - Setting next_dagrun for example_trigger_target_dag to None, run_after=None
[2023-04-05 21:16:13,544] {processor.py:161} INFO - Processing /home/edinaldo/Documents/previsao_remuneracao/previsao_remuneracao/venv/lib/python3.10/site-packages/airflow/example_dags/example_trigger_target_dag.py took 0.164 seconds
[2023-04-05 21:16:56,440] {processor.py:153} INFO - Started process (PID=53688) to work on /home/edinaldo/Documents/previsao_remuneracao/previsao_remuneracao/venv/lib/python3.10/site-packages/airflow/example_dags/example_trigger_target_dag.py
[2023-04-05 21:16:56,446] {processor.py:641} INFO - Processing file /home/edinaldo/Documents/previsao_remuneracao/previsao_remuneracao/venv/lib/python3.10/site-packages/airflow/example_dags/example_trigger_target_dag.py for tasks to queue
[2023-04-05 21:16:56,448] {logging_mixin.py:115} INFO - [2023-04-05 21:16:56,448] {dagbag.py:507} INFO - Filling up the DagBag from /home/edinaldo/Documents/previsao_remuneracao/previsao_remuneracao/venv/lib/python3.10/site-packages/airflow/example_dags/example_trigger_target_dag.py
[2023-04-05 21:16:56,477] {processor.py:651} INFO - DAG(s) dict_keys(['example_trigger_target_dag']) retrieved from /home/edinaldo/Documents/previsao_remuneracao/previsao_remuneracao/venv/lib/python3.10/site-packages/airflow/example_dags/example_trigger_target_dag.py
[2023-04-05 21:16:56,493] {logging_mixin.py:115} INFO - [2023-04-05 21:16:56,493] {dag.py:2379} INFO - Sync 1 DAGs
[2023-04-05 21:16:56,512] {logging_mixin.py:115} INFO - [2023-04-05 21:16:56,512] {dag.py:2927} INFO - Setting next_dagrun for example_trigger_target_dag to None, run_after=None
[2023-04-05 21:16:56,583] {processor.py:161} INFO - Processing /home/edinaldo/Documents/previsao_remuneracao/previsao_remuneracao/venv/lib/python3.10/site-packages/airflow/example_dags/example_trigger_target_dag.py took 0.152 seconds
[2023-04-05 21:17:37,240] {processor.py:153} INFO - Started process (PID=53735) to work on /home/edinaldo/Documents/previsao_remuneracao/previsao_remuneracao/venv/lib/python3.10/site-packages/airflow/example_dags/example_trigger_target_dag.py
[2023-04-05 21:17:37,249] {processor.py:641} INFO - Processing file /home/edinaldo/Documents/previsao_remuneracao/previsao_remuneracao/venv/lib/python3.10/site-packages/airflow/example_dags/example_trigger_target_dag.py for tasks to queue
[2023-04-05 21:17:37,250] {logging_mixin.py:115} INFO - [2023-04-05 21:17:37,250] {dagbag.py:507} INFO - Filling up the DagBag from /home/edinaldo/Documents/previsao_remuneracao/previsao_remuneracao/venv/lib/python3.10/site-packages/airflow/example_dags/example_trigger_target_dag.py
[2023-04-05 21:17:37,274] {processor.py:651} INFO - DAG(s) dict_keys(['example_trigger_target_dag']) retrieved from /home/edinaldo/Documents/previsao_remuneracao/previsao_remuneracao/venv/lib/python3.10/site-packages/airflow/example_dags/example_trigger_target_dag.py
[2023-04-05 21:17:37,291] {logging_mixin.py:115} INFO - [2023-04-05 21:17:37,291] {dag.py:2379} INFO - Sync 1 DAGs
[2023-04-05 21:17:37,310] {logging_mixin.py:115} INFO - [2023-04-05 21:17:37,310] {dag.py:2927} INFO - Setting next_dagrun for example_trigger_target_dag to None, run_after=None
[2023-04-05 21:17:37,391] {processor.py:161} INFO - Processing /home/edinaldo/Documents/previsao_remuneracao/previsao_remuneracao/venv/lib/python3.10/site-packages/airflow/example_dags/example_trigger_target_dag.py took 0.154 seconds
[2023-04-05 21:18:15,847] {processor.py:153} INFO - Started process (PID=53769) to work on /home/edinaldo/Documents/previsao_remuneracao/previsao_remuneracao/venv/lib/python3.10/site-packages/airflow/example_dags/example_trigger_target_dag.py
[2023-04-05 21:18:15,861] {processor.py:641} INFO - Processing file /home/edinaldo/Documents/previsao_remuneracao/previsao_remuneracao/venv/lib/python3.10/site-packages/airflow/example_dags/example_trigger_target_dag.py for tasks to queue
[2023-04-05 21:18:15,862] {logging_mixin.py:115} INFO - [2023-04-05 21:18:15,862] {dagbag.py:507} INFO - Filling up the DagBag from /home/edinaldo/Documents/previsao_remuneracao/previsao_remuneracao/venv/lib/python3.10/site-packages/airflow/example_dags/example_trigger_target_dag.py
[2023-04-05 21:18:15,895] {processor.py:651} INFO - DAG(s) dict_keys(['example_trigger_target_dag']) retrieved from /home/edinaldo/Documents/previsao_remuneracao/previsao_remuneracao/venv/lib/python3.10/site-packages/airflow/example_dags/example_trigger_target_dag.py
[2023-04-05 21:18:15,912] {logging_mixin.py:115} INFO - [2023-04-05 21:18:15,912] {dag.py:2379} INFO - Sync 1 DAGs
[2023-04-05 21:18:15,931] {logging_mixin.py:115} INFO - [2023-04-05 21:18:15,931] {dag.py:2927} INFO - Setting next_dagrun for example_trigger_target_dag to None, run_after=None
[2023-04-05 21:18:16,018] {processor.py:161} INFO - Processing /home/edinaldo/Documents/previsao_remuneracao/previsao_remuneracao/venv/lib/python3.10/site-packages/airflow/example_dags/example_trigger_target_dag.py took 0.174 seconds
[2023-04-05 21:18:55,010] {processor.py:153} INFO - Started process (PID=53812) to work on /home/edinaldo/Documents/previsao_remuneracao/previsao_remuneracao/venv/lib/python3.10/site-packages/airflow/example_dags/example_trigger_target_dag.py
[2023-04-05 21:18:55,012] {processor.py:641} INFO - Processing file /home/edinaldo/Documents/previsao_remuneracao/previsao_remuneracao/venv/lib/python3.10/site-packages/airflow/example_dags/example_trigger_target_dag.py for tasks to queue
[2023-04-05 21:18:55,013] {logging_mixin.py:115} INFO - [2023-04-05 21:18:55,013] {dagbag.py:507} INFO - Filling up the DagBag from /home/edinaldo/Documents/previsao_remuneracao/previsao_remuneracao/venv/lib/python3.10/site-packages/airflow/example_dags/example_trigger_target_dag.py
[2023-04-05 21:18:55,035] {processor.py:651} INFO - DAG(s) dict_keys(['example_trigger_target_dag']) retrieved from /home/edinaldo/Documents/previsao_remuneracao/previsao_remuneracao/venv/lib/python3.10/site-packages/airflow/example_dags/example_trigger_target_dag.py
[2023-04-05 21:18:55,051] {logging_mixin.py:115} INFO - [2023-04-05 21:18:55,051] {dag.py:2379} INFO - Sync 1 DAGs
[2023-04-05 21:18:55,071] {logging_mixin.py:115} INFO - [2023-04-05 21:18:55,071] {dag.py:2927} INFO - Setting next_dagrun for example_trigger_target_dag to None, run_after=None
[2023-04-05 21:18:55,163] {processor.py:161} INFO - Processing /home/edinaldo/Documents/previsao_remuneracao/previsao_remuneracao/venv/lib/python3.10/site-packages/airflow/example_dags/example_trigger_target_dag.py took 0.157 seconds
[2023-04-05 21:19:30,103] {processor.py:153} INFO - Started process (PID=53846) to work on /home/edinaldo/Documents/previsao_remuneracao/previsao_remuneracao/venv/lib/python3.10/site-packages/airflow/example_dags/example_trigger_target_dag.py
[2023-04-05 21:19:30,103] {processor.py:641} INFO - Processing file /home/edinaldo/Documents/previsao_remuneracao/previsao_remuneracao/venv/lib/python3.10/site-packages/airflow/example_dags/example_trigger_target_dag.py for tasks to queue
[2023-04-05 21:19:30,104] {logging_mixin.py:115} INFO - [2023-04-05 21:19:30,104] {dagbag.py:507} INFO - Filling up the DagBag from /home/edinaldo/Documents/previsao_remuneracao/previsao_remuneracao/venv/lib/python3.10/site-packages/airflow/example_dags/example_trigger_target_dag.py
[2023-04-05 21:19:30,126] {processor.py:651} INFO - DAG(s) dict_keys(['example_trigger_target_dag']) retrieved from /home/edinaldo/Documents/previsao_remuneracao/previsao_remuneracao/venv/lib/python3.10/site-packages/airflow/example_dags/example_trigger_target_dag.py
[2023-04-05 21:19:30,144] {logging_mixin.py:115} INFO - [2023-04-05 21:19:30,144] {dag.py:2379} INFO - Sync 1 DAGs
[2023-04-05 21:19:30,167] {logging_mixin.py:115} INFO - [2023-04-05 21:19:30,167] {dag.py:2927} INFO - Setting next_dagrun for example_trigger_target_dag to None, run_after=None
[2023-04-05 21:19:30,252] {processor.py:161} INFO - Processing /home/edinaldo/Documents/previsao_remuneracao/previsao_remuneracao/venv/lib/python3.10/site-packages/airflow/example_dags/example_trigger_target_dag.py took 0.156 seconds
[2023-04-05 21:20:02,321] {processor.py:153} INFO - Started process (PID=53882) to work on /home/edinaldo/Documents/previsao_remuneracao/previsao_remuneracao/venv/lib/python3.10/site-packages/airflow/example_dags/example_trigger_target_dag.py
[2023-04-05 21:20:02,322] {processor.py:641} INFO - Processing file /home/edinaldo/Documents/previsao_remuneracao/previsao_remuneracao/venv/lib/python3.10/site-packages/airflow/example_dags/example_trigger_target_dag.py for tasks to queue
[2023-04-05 21:20:02,323] {logging_mixin.py:115} INFO - [2023-04-05 21:20:02,323] {dagbag.py:507} INFO - Filling up the DagBag from /home/edinaldo/Documents/previsao_remuneracao/previsao_remuneracao/venv/lib/python3.10/site-packages/airflow/example_dags/example_trigger_target_dag.py
[2023-04-05 21:20:02,342] {processor.py:651} INFO - DAG(s) dict_keys(['example_trigger_target_dag']) retrieved from /home/edinaldo/Documents/previsao_remuneracao/previsao_remuneracao/venv/lib/python3.10/site-packages/airflow/example_dags/example_trigger_target_dag.py
[2023-04-05 21:20:02,358] {logging_mixin.py:115} INFO - [2023-04-05 21:20:02,358] {dag.py:2379} INFO - Sync 1 DAGs
[2023-04-05 21:20:02,378] {logging_mixin.py:115} INFO - [2023-04-05 21:20:02,377] {dag.py:2927} INFO - Setting next_dagrun for example_trigger_target_dag to None, run_after=None
[2023-04-05 21:20:02,655] {processor.py:161} INFO - Processing /home/edinaldo/Documents/previsao_remuneracao/previsao_remuneracao/venv/lib/python3.10/site-packages/airflow/example_dags/example_trigger_target_dag.py took 0.337 seconds
[2023-04-05 21:20:36,500] {processor.py:153} INFO - Started process (PID=53914) to work on /home/edinaldo/Documents/previsao_remuneracao/previsao_remuneracao/venv/lib/python3.10/site-packages/airflow/example_dags/example_trigger_target_dag.py
[2023-04-05 21:20:36,501] {processor.py:641} INFO - Processing file /home/edinaldo/Documents/previsao_remuneracao/previsao_remuneracao/venv/lib/python3.10/site-packages/airflow/example_dags/example_trigger_target_dag.py for tasks to queue
[2023-04-05 21:20:36,502] {logging_mixin.py:115} INFO - [2023-04-05 21:20:36,502] {dagbag.py:507} INFO - Filling up the DagBag from /home/edinaldo/Documents/previsao_remuneracao/previsao_remuneracao/venv/lib/python3.10/site-packages/airflow/example_dags/example_trigger_target_dag.py
[2023-04-05 21:20:36,523] {processor.py:651} INFO - DAG(s) dict_keys(['example_trigger_target_dag']) retrieved from /home/edinaldo/Documents/previsao_remuneracao/previsao_remuneracao/venv/lib/python3.10/site-packages/airflow/example_dags/example_trigger_target_dag.py
[2023-04-05 21:20:36,540] {logging_mixin.py:115} INFO - [2023-04-05 21:20:36,540] {dag.py:2379} INFO - Sync 1 DAGs
[2023-04-05 21:20:36,559] {logging_mixin.py:115} INFO - [2023-04-05 21:20:36,559] {dag.py:2927} INFO - Setting next_dagrun for example_trigger_target_dag to None, run_after=None
[2023-04-05 21:20:36,653] {processor.py:161} INFO - Processing /home/edinaldo/Documents/previsao_remuneracao/previsao_remuneracao/venv/lib/python3.10/site-packages/airflow/example_dags/example_trigger_target_dag.py took 0.156 seconds
[2023-04-05 21:21:13,793] {processor.py:153} INFO - Started process (PID=53969) to work on /home/edinaldo/Documents/previsao_remuneracao/previsao_remuneracao/venv/lib/python3.10/site-packages/airflow/example_dags/example_trigger_target_dag.py
[2023-04-05 21:21:13,795] {processor.py:641} INFO - Processing file /home/edinaldo/Documents/previsao_remuneracao/previsao_remuneracao/venv/lib/python3.10/site-packages/airflow/example_dags/example_trigger_target_dag.py for tasks to queue
[2023-04-05 21:21:13,797] {logging_mixin.py:115} INFO - [2023-04-05 21:21:13,796] {dagbag.py:507} INFO - Filling up the DagBag from /home/edinaldo/Documents/previsao_remuneracao/previsao_remuneracao/venv/lib/python3.10/site-packages/airflow/example_dags/example_trigger_target_dag.py
[2023-04-05 21:21:13,822] {processor.py:651} INFO - DAG(s) dict_keys(['example_trigger_target_dag']) retrieved from /home/edinaldo/Documents/previsao_remuneracao/previsao_remuneracao/venv/lib/python3.10/site-packages/airflow/example_dags/example_trigger_target_dag.py
[2023-04-05 21:21:13,838] {logging_mixin.py:115} INFO - [2023-04-05 21:21:13,838] {dag.py:2379} INFO - Sync 1 DAGs
[2023-04-05 21:21:13,857] {logging_mixin.py:115} INFO - [2023-04-05 21:21:13,857] {dag.py:2927} INFO - Setting next_dagrun for example_trigger_target_dag to None, run_after=None
[2023-04-05 21:21:13,951] {processor.py:161} INFO - Processing /home/edinaldo/Documents/previsao_remuneracao/previsao_remuneracao/venv/lib/python3.10/site-packages/airflow/example_dags/example_trigger_target_dag.py took 0.168 seconds
[2023-04-05 21:21:53,102] {processor.py:153} INFO - Started process (PID=54030) to work on /home/edinaldo/Documents/previsao_remuneracao/previsao_remuneracao/venv/lib/python3.10/site-packages/airflow/example_dags/example_trigger_target_dag.py
[2023-04-05 21:21:53,114] {processor.py:641} INFO - Processing file /home/edinaldo/Documents/previsao_remuneracao/previsao_remuneracao/venv/lib/python3.10/site-packages/airflow/example_dags/example_trigger_target_dag.py for tasks to queue
[2023-04-05 21:21:53,115] {logging_mixin.py:115} INFO - [2023-04-05 21:21:53,114] {dagbag.py:507} INFO - Filling up the DagBag from /home/edinaldo/Documents/previsao_remuneracao/previsao_remuneracao/venv/lib/python3.10/site-packages/airflow/example_dags/example_trigger_target_dag.py
[2023-04-05 21:21:53,133] {processor.py:651} INFO - DAG(s) dict_keys(['example_trigger_target_dag']) retrieved from /home/edinaldo/Documents/previsao_remuneracao/previsao_remuneracao/venv/lib/python3.10/site-packages/airflow/example_dags/example_trigger_target_dag.py
[2023-04-05 21:21:53,150] {logging_mixin.py:115} INFO - [2023-04-05 21:21:53,150] {dag.py:2379} INFO - Sync 1 DAGs
[2023-04-05 21:21:53,169] {logging_mixin.py:115} INFO - [2023-04-05 21:21:53,168] {dag.py:2927} INFO - Setting next_dagrun for example_trigger_target_dag to None, run_after=None
[2023-04-05 21:21:53,256] {processor.py:161} INFO - Processing /home/edinaldo/Documents/previsao_remuneracao/previsao_remuneracao/venv/lib/python3.10/site-packages/airflow/example_dags/example_trigger_target_dag.py took 0.157 seconds
[2023-04-05 21:22:29,423] {processor.py:153} INFO - Started process (PID=54069) to work on /home/edinaldo/Documents/previsao_remuneracao/previsao_remuneracao/venv/lib/python3.10/site-packages/airflow/example_dags/example_trigger_target_dag.py
[2023-04-05 21:22:29,425] {processor.py:641} INFO - Processing file /home/edinaldo/Documents/previsao_remuneracao/previsao_remuneracao/venv/lib/python3.10/site-packages/airflow/example_dags/example_trigger_target_dag.py for tasks to queue
[2023-04-05 21:22:29,426] {logging_mixin.py:115} INFO - [2023-04-05 21:22:29,426] {dagbag.py:507} INFO - Filling up the DagBag from /home/edinaldo/Documents/previsao_remuneracao/previsao_remuneracao/venv/lib/python3.10/site-packages/airflow/example_dags/example_trigger_target_dag.py
[2023-04-05 21:22:29,455] {processor.py:651} INFO - DAG(s) dict_keys(['example_trigger_target_dag']) retrieved from /home/edinaldo/Documents/previsao_remuneracao/previsao_remuneracao/venv/lib/python3.10/site-packages/airflow/example_dags/example_trigger_target_dag.py
[2023-04-05 21:22:29,471] {logging_mixin.py:115} INFO - [2023-04-05 21:22:29,471] {dag.py:2379} INFO - Sync 1 DAGs
[2023-04-05 21:22:29,490] {logging_mixin.py:115} INFO - [2023-04-05 21:22:29,490] {dag.py:2927} INFO - Setting next_dagrun for example_trigger_target_dag to None, run_after=None
[2023-04-05 21:22:29,598] {processor.py:161} INFO - Processing /home/edinaldo/Documents/previsao_remuneracao/previsao_remuneracao/venv/lib/python3.10/site-packages/airflow/example_dags/example_trigger_target_dag.py took 0.185 seconds
[2023-04-05 21:23:06,240] {processor.py:153} INFO - Started process (PID=54105) to work on /home/edinaldo/Documents/previsao_remuneracao/previsao_remuneracao/venv/lib/python3.10/site-packages/airflow/example_dags/example_trigger_target_dag.py
[2023-04-05 21:23:06,241] {processor.py:641} INFO - Processing file /home/edinaldo/Documents/previsao_remuneracao/previsao_remuneracao/venv/lib/python3.10/site-packages/airflow/example_dags/example_trigger_target_dag.py for tasks to queue
[2023-04-05 21:23:06,242] {logging_mixin.py:115} INFO - [2023-04-05 21:23:06,242] {dagbag.py:507} INFO - Filling up the DagBag from /home/edinaldo/Documents/previsao_remuneracao/previsao_remuneracao/venv/lib/python3.10/site-packages/airflow/example_dags/example_trigger_target_dag.py
[2023-04-05 21:23:06,261] {processor.py:651} INFO - DAG(s) dict_keys(['example_trigger_target_dag']) retrieved from /home/edinaldo/Documents/previsao_remuneracao/previsao_remuneracao/venv/lib/python3.10/site-packages/airflow/example_dags/example_trigger_target_dag.py
[2023-04-05 21:23:06,278] {logging_mixin.py:115} INFO - [2023-04-05 21:23:06,277] {dag.py:2379} INFO - Sync 1 DAGs
[2023-04-05 21:23:06,297] {logging_mixin.py:115} INFO - [2023-04-05 21:23:06,297] {dag.py:2927} INFO - Setting next_dagrun for example_trigger_target_dag to None, run_after=None
[2023-04-05 21:23:06,395] {processor.py:161} INFO - Processing /home/edinaldo/Documents/previsao_remuneracao/previsao_remuneracao/venv/lib/python3.10/site-packages/airflow/example_dags/example_trigger_target_dag.py took 0.158 seconds
[2023-04-05 21:23:45,640] {processor.py:153} INFO - Started process (PID=54158) to work on /home/edinaldo/Documents/previsao_remuneracao/previsao_remuneracao/venv/lib/python3.10/site-packages/airflow/example_dags/example_trigger_target_dag.py
[2023-04-05 21:23:45,645] {processor.py:641} INFO - Processing file /home/edinaldo/Documents/previsao_remuneracao/previsao_remuneracao/venv/lib/python3.10/site-packages/airflow/example_dags/example_trigger_target_dag.py for tasks to queue
[2023-04-05 21:23:45,646] {logging_mixin.py:115} INFO - [2023-04-05 21:23:45,646] {dagbag.py:507} INFO - Filling up the DagBag from /home/edinaldo/Documents/previsao_remuneracao/previsao_remuneracao/venv/lib/python3.10/site-packages/airflow/example_dags/example_trigger_target_dag.py
[2023-04-05 21:23:45,665] {processor.py:651} INFO - DAG(s) dict_keys(['example_trigger_target_dag']) retrieved from /home/edinaldo/Documents/previsao_remuneracao/previsao_remuneracao/venv/lib/python3.10/site-packages/airflow/example_dags/example_trigger_target_dag.py
[2023-04-05 21:23:45,681] {logging_mixin.py:115} INFO - [2023-04-05 21:23:45,681] {dag.py:2379} INFO - Sync 1 DAGs
[2023-04-05 21:23:45,701] {logging_mixin.py:115} INFO - [2023-04-05 21:23:45,701] {dag.py:2927} INFO - Setting next_dagrun for example_trigger_target_dag to None, run_after=None
[2023-04-05 21:23:45,777] {processor.py:161} INFO - Processing /home/edinaldo/Documents/previsao_remuneracao/previsao_remuneracao/venv/lib/python3.10/site-packages/airflow/example_dags/example_trigger_target_dag.py took 0.140 seconds
[2023-04-05 21:24:24,435] {processor.py:153} INFO - Started process (PID=54222) to work on /home/edinaldo/Documents/previsao_remuneracao/previsao_remuneracao/venv/lib/python3.10/site-packages/airflow/example_dags/example_trigger_target_dag.py
[2023-04-05 21:24:24,512] {processor.py:641} INFO - Processing file /home/edinaldo/Documents/previsao_remuneracao/previsao_remuneracao/venv/lib/python3.10/site-packages/airflow/example_dags/example_trigger_target_dag.py for tasks to queue
[2023-04-05 21:24:24,513] {logging_mixin.py:115} INFO - [2023-04-05 21:24:24,513] {dagbag.py:507} INFO - Filling up the DagBag from /home/edinaldo/Documents/previsao_remuneracao/previsao_remuneracao/venv/lib/python3.10/site-packages/airflow/example_dags/example_trigger_target_dag.py
[2023-04-05 21:24:24,552] {processor.py:651} INFO - DAG(s) dict_keys(['example_trigger_target_dag']) retrieved from /home/edinaldo/Documents/previsao_remuneracao/previsao_remuneracao/venv/lib/python3.10/site-packages/airflow/example_dags/example_trigger_target_dag.py
[2023-04-05 21:24:24,583] {logging_mixin.py:115} INFO - [2023-04-05 21:24:24,583] {dag.py:2379} INFO - Sync 1 DAGs
[2023-04-05 21:24:24,623] {logging_mixin.py:115} INFO - [2023-04-05 21:24:24,623] {dag.py:2927} INFO - Setting next_dagrun for example_trigger_target_dag to None, run_after=None
[2023-04-05 21:24:25,159] {processor.py:161} INFO - Processing /home/edinaldo/Documents/previsao_remuneracao/previsao_remuneracao/venv/lib/python3.10/site-packages/airflow/example_dags/example_trigger_target_dag.py took 0.732 seconds
[2023-04-05 21:25:09,601] {processor.py:153} INFO - Started process (PID=54489) to work on /home/edinaldo/Documents/previsao_remuneracao/previsao_remuneracao/venv/lib/python3.10/site-packages/airflow/example_dags/example_trigger_target_dag.py
[2023-04-05 21:25:09,609] {processor.py:641} INFO - Processing file /home/edinaldo/Documents/previsao_remuneracao/previsao_remuneracao/venv/lib/python3.10/site-packages/airflow/example_dags/example_trigger_target_dag.py for tasks to queue
[2023-04-05 21:25:09,610] {logging_mixin.py:115} INFO - [2023-04-05 21:25:09,610] {dagbag.py:507} INFO - Filling up the DagBag from /home/edinaldo/Documents/previsao_remuneracao/previsao_remuneracao/venv/lib/python3.10/site-packages/airflow/example_dags/example_trigger_target_dag.py
[2023-04-05 21:25:09,639] {processor.py:651} INFO - DAG(s) dict_keys(['example_trigger_target_dag']) retrieved from /home/edinaldo/Documents/previsao_remuneracao/previsao_remuneracao/venv/lib/python3.10/site-packages/airflow/example_dags/example_trigger_target_dag.py
[2023-04-05 21:25:09,656] {logging_mixin.py:115} INFO - [2023-04-05 21:25:09,656] {dag.py:2379} INFO - Sync 1 DAGs
[2023-04-05 21:25:09,674] {logging_mixin.py:115} INFO - [2023-04-05 21:25:09,674] {dag.py:2927} INFO - Setting next_dagrun for example_trigger_target_dag to None, run_after=None
[2023-04-05 21:25:09,757] {processor.py:161} INFO - Processing /home/edinaldo/Documents/previsao_remuneracao/previsao_remuneracao/venv/lib/python3.10/site-packages/airflow/example_dags/example_trigger_target_dag.py took 0.164 seconds
[2023-04-05 21:25:51,969] {processor.py:153} INFO - Started process (PID=54736) to work on /home/edinaldo/Documents/previsao_remuneracao/previsao_remuneracao/venv/lib/python3.10/site-packages/airflow/example_dags/example_trigger_target_dag.py
[2023-04-05 21:25:51,984] {processor.py:641} INFO - Processing file /home/edinaldo/Documents/previsao_remuneracao/previsao_remuneracao/venv/lib/python3.10/site-packages/airflow/example_dags/example_trigger_target_dag.py for tasks to queue
[2023-04-05 21:25:51,985] {logging_mixin.py:115} INFO - [2023-04-05 21:25:51,985] {dagbag.py:507} INFO - Filling up the DagBag from /home/edinaldo/Documents/previsao_remuneracao/previsao_remuneracao/venv/lib/python3.10/site-packages/airflow/example_dags/example_trigger_target_dag.py
[2023-04-05 21:25:52,014] {processor.py:651} INFO - DAG(s) dict_keys(['example_trigger_target_dag']) retrieved from /home/edinaldo/Documents/previsao_remuneracao/previsao_remuneracao/venv/lib/python3.10/site-packages/airflow/example_dags/example_trigger_target_dag.py
[2023-04-05 21:25:52,030] {logging_mixin.py:115} INFO - [2023-04-05 21:25:52,030] {dag.py:2379} INFO - Sync 1 DAGs
[2023-04-05 21:25:52,049] {logging_mixin.py:115} INFO - [2023-04-05 21:25:52,049] {dag.py:2927} INFO - Setting next_dagrun for example_trigger_target_dag to None, run_after=None
[2023-04-05 21:25:52,131] {processor.py:161} INFO - Processing /home/edinaldo/Documents/previsao_remuneracao/previsao_remuneracao/venv/lib/python3.10/site-packages/airflow/example_dags/example_trigger_target_dag.py took 0.165 seconds
[2023-04-05 21:26:31,463] {processor.py:153} INFO - Started process (PID=54936) to work on /home/edinaldo/Documents/previsao_remuneracao/previsao_remuneracao/venv/lib/python3.10/site-packages/airflow/example_dags/example_trigger_target_dag.py
[2023-04-05 21:26:31,471] {processor.py:641} INFO - Processing file /home/edinaldo/Documents/previsao_remuneracao/previsao_remuneracao/venv/lib/python3.10/site-packages/airflow/example_dags/example_trigger_target_dag.py for tasks to queue
[2023-04-05 21:26:31,473] {logging_mixin.py:115} INFO - [2023-04-05 21:26:31,472] {dagbag.py:507} INFO - Filling up the DagBag from /home/edinaldo/Documents/previsao_remuneracao/previsao_remuneracao/venv/lib/python3.10/site-packages/airflow/example_dags/example_trigger_target_dag.py
[2023-04-05 21:26:31,504] {processor.py:651} INFO - DAG(s) dict_keys(['example_trigger_target_dag']) retrieved from /home/edinaldo/Documents/previsao_remuneracao/previsao_remuneracao/venv/lib/python3.10/site-packages/airflow/example_dags/example_trigger_target_dag.py
[2023-04-05 21:26:31,520] {logging_mixin.py:115} INFO - [2023-04-05 21:26:31,520] {dag.py:2379} INFO - Sync 1 DAGs
[2023-04-05 21:26:31,539] {logging_mixin.py:115} INFO - [2023-04-05 21:26:31,539] {dag.py:2927} INFO - Setting next_dagrun for example_trigger_target_dag to None, run_after=None
[2023-04-05 21:26:31,621] {processor.py:161} INFO - Processing /home/edinaldo/Documents/previsao_remuneracao/previsao_remuneracao/venv/lib/python3.10/site-packages/airflow/example_dags/example_trigger_target_dag.py took 0.167 seconds
[2023-04-05 21:27:07,740] {processor.py:153} INFO - Started process (PID=55158) to work on /home/edinaldo/Documents/previsao_remuneracao/previsao_remuneracao/venv/lib/python3.10/site-packages/airflow/example_dags/example_trigger_target_dag.py
[2023-04-05 21:27:07,754] {processor.py:641} INFO - Processing file /home/edinaldo/Documents/previsao_remuneracao/previsao_remuneracao/venv/lib/python3.10/site-packages/airflow/example_dags/example_trigger_target_dag.py for tasks to queue
[2023-04-05 21:27:07,755] {logging_mixin.py:115} INFO - [2023-04-05 21:27:07,755] {dagbag.py:507} INFO - Filling up the DagBag from /home/edinaldo/Documents/previsao_remuneracao/previsao_remuneracao/venv/lib/python3.10/site-packages/airflow/example_dags/example_trigger_target_dag.py
[2023-04-05 21:27:07,776] {processor.py:651} INFO - DAG(s) dict_keys(['example_trigger_target_dag']) retrieved from /home/edinaldo/Documents/previsao_remuneracao/previsao_remuneracao/venv/lib/python3.10/site-packages/airflow/example_dags/example_trigger_target_dag.py
[2023-04-05 21:27:07,795] {logging_mixin.py:115} INFO - [2023-04-05 21:27:07,795] {dag.py:2379} INFO - Sync 1 DAGs
[2023-04-05 21:27:07,816] {logging_mixin.py:115} INFO - [2023-04-05 21:27:07,816] {dag.py:2927} INFO - Setting next_dagrun for example_trigger_target_dag to None, run_after=None
[2023-04-05 21:27:07,898] {processor.py:161} INFO - Processing /home/edinaldo/Documents/previsao_remuneracao/previsao_remuneracao/venv/lib/python3.10/site-packages/airflow/example_dags/example_trigger_target_dag.py took 0.164 seconds
[2023-04-05 21:27:46,287] {processor.py:153} INFO - Started process (PID=55418) to work on /home/edinaldo/Documents/previsao_remuneracao/previsao_remuneracao/venv/lib/python3.10/site-packages/airflow/example_dags/example_trigger_target_dag.py
[2023-04-05 21:27:46,290] {processor.py:641} INFO - Processing file /home/edinaldo/Documents/previsao_remuneracao/previsao_remuneracao/venv/lib/python3.10/site-packages/airflow/example_dags/example_trigger_target_dag.py for tasks to queue
[2023-04-05 21:27:46,291] {logging_mixin.py:115} INFO - [2023-04-05 21:27:46,291] {dagbag.py:507} INFO - Filling up the DagBag from /home/edinaldo/Documents/previsao_remuneracao/previsao_remuneracao/venv/lib/python3.10/site-packages/airflow/example_dags/example_trigger_target_dag.py
[2023-04-05 21:27:46,324] {processor.py:651} INFO - DAG(s) dict_keys(['example_trigger_target_dag']) retrieved from /home/edinaldo/Documents/previsao_remuneracao/previsao_remuneracao/venv/lib/python3.10/site-packages/airflow/example_dags/example_trigger_target_dag.py
[2023-04-05 21:27:46,349] {logging_mixin.py:115} INFO - [2023-04-05 21:27:46,349] {dag.py:2379} INFO - Sync 1 DAGs
[2023-04-05 21:27:46,373] {logging_mixin.py:115} INFO - [2023-04-05 21:27:46,373] {dag.py:2927} INFO - Setting next_dagrun for example_trigger_target_dag to None, run_after=None
[2023-04-05 21:27:46,456] {processor.py:161} INFO - Processing /home/edinaldo/Documents/previsao_remuneracao/previsao_remuneracao/venv/lib/python3.10/site-packages/airflow/example_dags/example_trigger_target_dag.py took 0.175 seconds
[2023-04-05 21:28:27,217] {processor.py:153} INFO - Started process (PID=55575) to work on /home/edinaldo/Documents/previsao_remuneracao/previsao_remuneracao/venv/lib/python3.10/site-packages/airflow/example_dags/example_trigger_target_dag.py
[2023-04-05 21:28:27,247] {processor.py:641} INFO - Processing file /home/edinaldo/Documents/previsao_remuneracao/previsao_remuneracao/venv/lib/python3.10/site-packages/airflow/example_dags/example_trigger_target_dag.py for tasks to queue
[2023-04-05 21:28:27,249] {logging_mixin.py:115} INFO - [2023-04-05 21:28:27,248] {dagbag.py:507} INFO - Filling up the DagBag from /home/edinaldo/Documents/previsao_remuneracao/previsao_remuneracao/venv/lib/python3.10/site-packages/airflow/example_dags/example_trigger_target_dag.py
[2023-04-05 21:28:27,293] {processor.py:651} INFO - DAG(s) dict_keys(['example_trigger_target_dag']) retrieved from /home/edinaldo/Documents/previsao_remuneracao/previsao_remuneracao/venv/lib/python3.10/site-packages/airflow/example_dags/example_trigger_target_dag.py
[2023-04-05 21:28:27,463] {logging_mixin.py:115} INFO - [2023-04-05 21:28:27,462] {dag.py:2379} INFO - Sync 1 DAGs
[2023-04-05 21:28:27,516] {logging_mixin.py:115} INFO - [2023-04-05 21:28:27,516] {dag.py:2927} INFO - Setting next_dagrun for example_trigger_target_dag to None, run_after=None
[2023-04-05 21:28:28,093] {processor.py:161} INFO - Processing /home/edinaldo/Documents/previsao_remuneracao/previsao_remuneracao/venv/lib/python3.10/site-packages/airflow/example_dags/example_trigger_target_dag.py took 0.881 seconds
[2023-04-05 21:29:06,054] {processor.py:153} INFO - Started process (PID=55610) to work on /home/edinaldo/Documents/previsao_remuneracao/previsao_remuneracao/venv/lib/python3.10/site-packages/airflow/example_dags/example_trigger_target_dag.py
[2023-04-05 21:29:06,070] {processor.py:641} INFO - Processing file /home/edinaldo/Documents/previsao_remuneracao/previsao_remuneracao/venv/lib/python3.10/site-packages/airflow/example_dags/example_trigger_target_dag.py for tasks to queue
[2023-04-05 21:29:06,071] {logging_mixin.py:115} INFO - [2023-04-05 21:29:06,071] {dagbag.py:507} INFO - Filling up the DagBag from /home/edinaldo/Documents/previsao_remuneracao/previsao_remuneracao/venv/lib/python3.10/site-packages/airflow/example_dags/example_trigger_target_dag.py
[2023-04-05 21:29:06,106] {processor.py:651} INFO - DAG(s) dict_keys(['example_trigger_target_dag']) retrieved from /home/edinaldo/Documents/previsao_remuneracao/previsao_remuneracao/venv/lib/python3.10/site-packages/airflow/example_dags/example_trigger_target_dag.py
[2023-04-05 21:29:06,136] {logging_mixin.py:115} INFO - [2023-04-05 21:29:06,136] {dag.py:2379} INFO - Sync 1 DAGs
[2023-04-05 21:29:06,172] {logging_mixin.py:115} INFO - [2023-04-05 21:29:06,172] {dag.py:2927} INFO - Setting next_dagrun for example_trigger_target_dag to None, run_after=None
[2023-04-05 21:29:06,262] {processor.py:161} INFO - Processing /home/edinaldo/Documents/previsao_remuneracao/previsao_remuneracao/venv/lib/python3.10/site-packages/airflow/example_dags/example_trigger_target_dag.py took 0.213 seconds
[2023-04-05 21:29:43,157] {processor.py:153} INFO - Started process (PID=55645) to work on /home/edinaldo/Documents/previsao_remuneracao/previsao_remuneracao/venv/lib/python3.10/site-packages/airflow/example_dags/example_trigger_target_dag.py
[2023-04-05 21:29:43,165] {processor.py:641} INFO - Processing file /home/edinaldo/Documents/previsao_remuneracao/previsao_remuneracao/venv/lib/python3.10/site-packages/airflow/example_dags/example_trigger_target_dag.py for tasks to queue
[2023-04-05 21:29:43,166] {logging_mixin.py:115} INFO - [2023-04-05 21:29:43,166] {dagbag.py:507} INFO - Filling up the DagBag from /home/edinaldo/Documents/previsao_remuneracao/previsao_remuneracao/venv/lib/python3.10/site-packages/airflow/example_dags/example_trigger_target_dag.py
[2023-04-05 21:29:43,220] {processor.py:651} INFO - DAG(s) dict_keys(['example_trigger_target_dag']) retrieved from /home/edinaldo/Documents/previsao_remuneracao/previsao_remuneracao/venv/lib/python3.10/site-packages/airflow/example_dags/example_trigger_target_dag.py
[2023-04-05 21:29:43,261] {logging_mixin.py:115} INFO - [2023-04-05 21:29:43,261] {dag.py:2379} INFO - Sync 1 DAGs
[2023-04-05 21:29:43,292] {logging_mixin.py:115} INFO - [2023-04-05 21:29:43,292] {dag.py:2927} INFO - Setting next_dagrun for example_trigger_target_dag to None, run_after=None
[2023-04-05 21:29:43,380] {processor.py:161} INFO - Processing /home/edinaldo/Documents/previsao_remuneracao/previsao_remuneracao/venv/lib/python3.10/site-packages/airflow/example_dags/example_trigger_target_dag.py took 0.232 seconds
[2023-04-05 21:30:23,206] {processor.py:153} INFO - Started process (PID=55681) to work on /home/edinaldo/Documents/previsao_remuneracao/previsao_remuneracao/venv/lib/python3.10/site-packages/airflow/example_dags/example_trigger_target_dag.py
[2023-04-05 21:30:23,207] {processor.py:641} INFO - Processing file /home/edinaldo/Documents/previsao_remuneracao/previsao_remuneracao/venv/lib/python3.10/site-packages/airflow/example_dags/example_trigger_target_dag.py for tasks to queue
[2023-04-05 21:30:23,209] {logging_mixin.py:115} INFO - [2023-04-05 21:30:23,209] {dagbag.py:507} INFO - Filling up the DagBag from /home/edinaldo/Documents/previsao_remuneracao/previsao_remuneracao/venv/lib/python3.10/site-packages/airflow/example_dags/example_trigger_target_dag.py
[2023-04-05 21:30:23,237] {processor.py:651} INFO - DAG(s) dict_keys(['example_trigger_target_dag']) retrieved from /home/edinaldo/Documents/previsao_remuneracao/previsao_remuneracao/venv/lib/python3.10/site-packages/airflow/example_dags/example_trigger_target_dag.py
[2023-04-05 21:30:23,259] {logging_mixin.py:115} INFO - [2023-04-05 21:30:23,258] {dag.py:2379} INFO - Sync 1 DAGs
[2023-04-05 21:30:23,282] {logging_mixin.py:115} INFO - [2023-04-05 21:30:23,282] {dag.py:2927} INFO - Setting next_dagrun for example_trigger_target_dag to None, run_after=None
[2023-04-05 21:30:23,360] {processor.py:161} INFO - Processing /home/edinaldo/Documents/previsao_remuneracao/previsao_remuneracao/venv/lib/python3.10/site-packages/airflow/example_dags/example_trigger_target_dag.py took 0.160 seconds
[2023-04-05 21:30:59,055] {processor.py:153} INFO - Started process (PID=55738) to work on /home/edinaldo/Documents/previsao_remuneracao/previsao_remuneracao/venv/lib/python3.10/site-packages/airflow/example_dags/example_trigger_target_dag.py
[2023-04-05 21:30:59,067] {processor.py:641} INFO - Processing file /home/edinaldo/Documents/previsao_remuneracao/previsao_remuneracao/venv/lib/python3.10/site-packages/airflow/example_dags/example_trigger_target_dag.py for tasks to queue
[2023-04-05 21:30:59,067] {logging_mixin.py:115} INFO - [2023-04-05 21:30:59,067] {dagbag.py:507} INFO - Filling up the DagBag from /home/edinaldo/Documents/previsao_remuneracao/previsao_remuneracao/venv/lib/python3.10/site-packages/airflow/example_dags/example_trigger_target_dag.py
[2023-04-05 21:30:59,097] {processor.py:651} INFO - DAG(s) dict_keys(['example_trigger_target_dag']) retrieved from /home/edinaldo/Documents/previsao_remuneracao/previsao_remuneracao/venv/lib/python3.10/site-packages/airflow/example_dags/example_trigger_target_dag.py
[2023-04-05 21:30:59,117] {logging_mixin.py:115} INFO - [2023-04-05 21:30:59,117] {dag.py:2379} INFO - Sync 1 DAGs
[2023-04-05 21:30:59,139] {logging_mixin.py:115} INFO - [2023-04-05 21:30:59,139] {dag.py:2927} INFO - Setting next_dagrun for example_trigger_target_dag to None, run_after=None
[2023-04-05 21:30:59,232] {processor.py:161} INFO - Processing /home/edinaldo/Documents/previsao_remuneracao/previsao_remuneracao/venv/lib/python3.10/site-packages/airflow/example_dags/example_trigger_target_dag.py took 0.184 seconds
[2023-04-05 21:31:36,835] {processor.py:153} INFO - Started process (PID=55799) to work on /home/edinaldo/Documents/previsao_remuneracao/previsao_remuneracao/venv/lib/python3.10/site-packages/airflow/example_dags/example_trigger_target_dag.py
[2023-04-05 21:31:36,848] {processor.py:641} INFO - Processing file /home/edinaldo/Documents/previsao_remuneracao/previsao_remuneracao/venv/lib/python3.10/site-packages/airflow/example_dags/example_trigger_target_dag.py for tasks to queue
[2023-04-05 21:31:36,849] {logging_mixin.py:115} INFO - [2023-04-05 21:31:36,849] {dagbag.py:507} INFO - Filling up the DagBag from /home/edinaldo/Documents/previsao_remuneracao/previsao_remuneracao/venv/lib/python3.10/site-packages/airflow/example_dags/example_trigger_target_dag.py
[2023-04-05 21:31:36,889] {processor.py:651} INFO - DAG(s) dict_keys(['example_trigger_target_dag']) retrieved from /home/edinaldo/Documents/previsao_remuneracao/previsao_remuneracao/venv/lib/python3.10/site-packages/airflow/example_dags/example_trigger_target_dag.py
[2023-04-05 21:31:36,994] {logging_mixin.py:115} INFO - [2023-04-05 21:31:36,994] {dag.py:2379} INFO - Sync 1 DAGs
[2023-04-05 21:31:37,023] {logging_mixin.py:115} INFO - [2023-04-05 21:31:37,023] {dag.py:2927} INFO - Setting next_dagrun for example_trigger_target_dag to None, run_after=None
[2023-04-05 21:31:37,122] {processor.py:161} INFO - Processing /home/edinaldo/Documents/previsao_remuneracao/previsao_remuneracao/venv/lib/python3.10/site-packages/airflow/example_dags/example_trigger_target_dag.py took 0.294 seconds
[2023-04-05 21:32:27,454] {processor.py:153} INFO - Started process (PID=56048) to work on /home/edinaldo/Documents/previsao_remuneracao/previsao_remuneracao/venv/lib/python3.10/site-packages/airflow/example_dags/example_trigger_target_dag.py
[2023-04-05 21:32:27,469] {processor.py:641} INFO - Processing file /home/edinaldo/Documents/previsao_remuneracao/previsao_remuneracao/venv/lib/python3.10/site-packages/airflow/example_dags/example_trigger_target_dag.py for tasks to queue
[2023-04-05 21:32:27,470] {logging_mixin.py:115} INFO - [2023-04-05 21:32:27,470] {dagbag.py:507} INFO - Filling up the DagBag from /home/edinaldo/Documents/previsao_remuneracao/previsao_remuneracao/venv/lib/python3.10/site-packages/airflow/example_dags/example_trigger_target_dag.py
[2023-04-05 21:32:27,504] {processor.py:651} INFO - DAG(s) dict_keys(['example_trigger_target_dag']) retrieved from /home/edinaldo/Documents/previsao_remuneracao/previsao_remuneracao/venv/lib/python3.10/site-packages/airflow/example_dags/example_trigger_target_dag.py
[2023-04-05 21:32:27,532] {logging_mixin.py:115} INFO - [2023-04-05 21:32:27,532] {dag.py:2379} INFO - Sync 1 DAGs
[2023-04-05 21:32:27,570] {logging_mixin.py:115} INFO - [2023-04-05 21:32:27,570] {dag.py:2927} INFO - Setting next_dagrun for example_trigger_target_dag to None, run_after=None
[2023-04-05 21:32:27,673] {processor.py:161} INFO - Processing /home/edinaldo/Documents/previsao_remuneracao/previsao_remuneracao/venv/lib/python3.10/site-packages/airflow/example_dags/example_trigger_target_dag.py took 0.226 seconds
[2023-04-05 21:33:12,998] {processor.py:153} INFO - Started process (PID=56113) to work on /home/edinaldo/Documents/previsao_remuneracao/previsao_remuneracao/venv/lib/python3.10/site-packages/airflow/example_dags/example_trigger_target_dag.py
[2023-04-05 21:33:13,011] {processor.py:641} INFO - Processing file /home/edinaldo/Documents/previsao_remuneracao/previsao_remuneracao/venv/lib/python3.10/site-packages/airflow/example_dags/example_trigger_target_dag.py for tasks to queue
[2023-04-05 21:33:13,013] {logging_mixin.py:115} INFO - [2023-04-05 21:33:13,012] {dagbag.py:507} INFO - Filling up the DagBag from /home/edinaldo/Documents/previsao_remuneracao/previsao_remuneracao/venv/lib/python3.10/site-packages/airflow/example_dags/example_trigger_target_dag.py
[2023-04-05 21:33:13,044] {processor.py:651} INFO - DAG(s) dict_keys(['example_trigger_target_dag']) retrieved from /home/edinaldo/Documents/previsao_remuneracao/previsao_remuneracao/venv/lib/python3.10/site-packages/airflow/example_dags/example_trigger_target_dag.py
[2023-04-05 21:33:13,073] {logging_mixin.py:115} INFO - [2023-04-05 21:33:13,073] {dag.py:2379} INFO - Sync 1 DAGs
[2023-04-05 21:33:13,109] {logging_mixin.py:115} INFO - [2023-04-05 21:33:13,109] {dag.py:2927} INFO - Setting next_dagrun for example_trigger_target_dag to None, run_after=None
[2023-04-05 21:33:13,200] {processor.py:161} INFO - Processing /home/edinaldo/Documents/previsao_remuneracao/previsao_remuneracao/venv/lib/python3.10/site-packages/airflow/example_dags/example_trigger_target_dag.py took 0.208 seconds
[2023-04-05 21:33:50,307] {processor.py:153} INFO - Started process (PID=56153) to work on /home/edinaldo/Documents/previsao_remuneracao/previsao_remuneracao/venv/lib/python3.10/site-packages/airflow/example_dags/example_trigger_target_dag.py
[2023-04-05 21:33:50,311] {processor.py:641} INFO - Processing file /home/edinaldo/Documents/previsao_remuneracao/previsao_remuneracao/venv/lib/python3.10/site-packages/airflow/example_dags/example_trigger_target_dag.py for tasks to queue
[2023-04-05 21:33:50,312] {logging_mixin.py:115} INFO - [2023-04-05 21:33:50,312] {dagbag.py:507} INFO - Filling up the DagBag from /home/edinaldo/Documents/previsao_remuneracao/previsao_remuneracao/venv/lib/python3.10/site-packages/airflow/example_dags/example_trigger_target_dag.py
[2023-04-05 21:33:50,350] {processor.py:651} INFO - DAG(s) dict_keys(['example_trigger_target_dag']) retrieved from /home/edinaldo/Documents/previsao_remuneracao/previsao_remuneracao/venv/lib/python3.10/site-packages/airflow/example_dags/example_trigger_target_dag.py
[2023-04-05 21:33:50,379] {logging_mixin.py:115} INFO - [2023-04-05 21:33:50,378] {dag.py:2379} INFO - Sync 1 DAGs
[2023-04-05 21:33:50,413] {logging_mixin.py:115} INFO - [2023-04-05 21:33:50,413] {dag.py:2927} INFO - Setting next_dagrun for example_trigger_target_dag to None, run_after=None
[2023-04-05 21:33:50,518] {processor.py:161} INFO - Processing /home/edinaldo/Documents/previsao_remuneracao/previsao_remuneracao/venv/lib/python3.10/site-packages/airflow/example_dags/example_trigger_target_dag.py took 0.220 seconds
[2023-04-05 21:34:30,889] {processor.py:153} INFO - Started process (PID=56215) to work on /home/edinaldo/Documents/previsao_remuneracao/previsao_remuneracao/venv/lib/python3.10/site-packages/airflow/example_dags/example_trigger_target_dag.py
[2023-04-05 21:34:30,903] {processor.py:641} INFO - Processing file /home/edinaldo/Documents/previsao_remuneracao/previsao_remuneracao/venv/lib/python3.10/site-packages/airflow/example_dags/example_trigger_target_dag.py for tasks to queue
[2023-04-05 21:34:30,904] {logging_mixin.py:115} INFO - [2023-04-05 21:34:30,904] {dagbag.py:507} INFO - Filling up the DagBag from /home/edinaldo/Documents/previsao_remuneracao/previsao_remuneracao/venv/lib/python3.10/site-packages/airflow/example_dags/example_trigger_target_dag.py
[2023-04-05 21:34:30,939] {processor.py:651} INFO - DAG(s) dict_keys(['example_trigger_target_dag']) retrieved from /home/edinaldo/Documents/previsao_remuneracao/previsao_remuneracao/venv/lib/python3.10/site-packages/airflow/example_dags/example_trigger_target_dag.py
[2023-04-05 21:34:30,968] {logging_mixin.py:115} INFO - [2023-04-05 21:34:30,967] {dag.py:2379} INFO - Sync 1 DAGs
[2023-04-05 21:34:31,001] {logging_mixin.py:115} INFO - [2023-04-05 21:34:31,000] {dag.py:2927} INFO - Setting next_dagrun for example_trigger_target_dag to None, run_after=None
[2023-04-05 21:34:31,082] {processor.py:161} INFO - Processing /home/edinaldo/Documents/previsao_remuneracao/previsao_remuneracao/venv/lib/python3.10/site-packages/airflow/example_dags/example_trigger_target_dag.py took 0.199 seconds
[2023-04-05 21:35:05,425] {processor.py:153} INFO - Started process (PID=56256) to work on /home/edinaldo/Documents/previsao_remuneracao/previsao_remuneracao/venv/lib/python3.10/site-packages/airflow/example_dags/example_trigger_target_dag.py
[2023-04-05 21:35:05,430] {processor.py:641} INFO - Processing file /home/edinaldo/Documents/previsao_remuneracao/previsao_remuneracao/venv/lib/python3.10/site-packages/airflow/example_dags/example_trigger_target_dag.py for tasks to queue
[2023-04-05 21:35:05,431] {logging_mixin.py:115} INFO - [2023-04-05 21:35:05,431] {dagbag.py:507} INFO - Filling up the DagBag from /home/edinaldo/Documents/previsao_remuneracao/previsao_remuneracao/venv/lib/python3.10/site-packages/airflow/example_dags/example_trigger_target_dag.py
[2023-04-05 21:35:05,464] {processor.py:651} INFO - DAG(s) dict_keys(['example_trigger_target_dag']) retrieved from /home/edinaldo/Documents/previsao_remuneracao/previsao_remuneracao/venv/lib/python3.10/site-packages/airflow/example_dags/example_trigger_target_dag.py
[2023-04-05 21:35:05,492] {logging_mixin.py:115} INFO - [2023-04-05 21:35:05,492] {dag.py:2379} INFO - Sync 1 DAGs
[2023-04-05 21:35:05,523] {logging_mixin.py:115} INFO - [2023-04-05 21:35:05,523] {dag.py:2927} INFO - Setting next_dagrun for example_trigger_target_dag to None, run_after=None
[2023-04-05 21:35:05,610] {processor.py:161} INFO - Processing /home/edinaldo/Documents/previsao_remuneracao/previsao_remuneracao/venv/lib/python3.10/site-packages/airflow/example_dags/example_trigger_target_dag.py took 0.190 seconds
[2023-04-05 21:35:45,034] {processor.py:153} INFO - Started process (PID=56414) to work on /home/edinaldo/Documents/previsao_remuneracao/previsao_remuneracao/venv/lib/python3.10/site-packages/airflow/example_dags/example_trigger_target_dag.py
[2023-04-05 21:35:45,053] {processor.py:641} INFO - Processing file /home/edinaldo/Documents/previsao_remuneracao/previsao_remuneracao/venv/lib/python3.10/site-packages/airflow/example_dags/example_trigger_target_dag.py for tasks to queue
[2023-04-05 21:35:45,054] {logging_mixin.py:115} INFO - [2023-04-05 21:35:45,054] {dagbag.py:507} INFO - Filling up the DagBag from /home/edinaldo/Documents/previsao_remuneracao/previsao_remuneracao/venv/lib/python3.10/site-packages/airflow/example_dags/example_trigger_target_dag.py
[2023-04-05 21:35:45,245] {processor.py:651} INFO - DAG(s) dict_keys(['example_trigger_target_dag']) retrieved from /home/edinaldo/Documents/previsao_remuneracao/previsao_remuneracao/venv/lib/python3.10/site-packages/airflow/example_dags/example_trigger_target_dag.py
[2023-04-05 21:35:45,294] {logging_mixin.py:115} INFO - [2023-04-05 21:35:45,293] {dag.py:2379} INFO - Sync 1 DAGs
[2023-04-05 21:35:45,323] {logging_mixin.py:115} INFO - [2023-04-05 21:35:45,323] {dag.py:2927} INFO - Setting next_dagrun for example_trigger_target_dag to None, run_after=None
[2023-04-05 21:35:45,498] {processor.py:161} INFO - Processing /home/edinaldo/Documents/previsao_remuneracao/previsao_remuneracao/venv/lib/python3.10/site-packages/airflow/example_dags/example_trigger_target_dag.py took 0.470 seconds
[2023-04-05 21:37:19,525] {processor.py:153} INFO - Started process (PID=56787) to work on /home/edinaldo/Documents/previsao_remuneracao/previsao_remuneracao/venv/lib/python3.10/site-packages/airflow/example_dags/example_trigger_target_dag.py
[2023-04-05 21:37:19,558] {processor.py:641} INFO - Processing file /home/edinaldo/Documents/previsao_remuneracao/previsao_remuneracao/venv/lib/python3.10/site-packages/airflow/example_dags/example_trigger_target_dag.py for tasks to queue
[2023-04-05 21:37:19,559] {logging_mixin.py:115} INFO - [2023-04-05 21:37:19,559] {dagbag.py:507} INFO - Filling up the DagBag from /home/edinaldo/Documents/previsao_remuneracao/previsao_remuneracao/venv/lib/python3.10/site-packages/airflow/example_dags/example_trigger_target_dag.py
[2023-04-05 21:37:19,737] {processor.py:651} INFO - DAG(s) dict_keys(['example_trigger_target_dag']) retrieved from /home/edinaldo/Documents/previsao_remuneracao/previsao_remuneracao/venv/lib/python3.10/site-packages/airflow/example_dags/example_trigger_target_dag.py
[2023-04-05 21:37:19,792] {logging_mixin.py:115} INFO - [2023-04-05 21:37:19,792] {dag.py:2379} INFO - Sync 1 DAGs
[2023-04-05 21:37:19,821] {logging_mixin.py:115} INFO - [2023-04-05 21:37:19,821] {dag.py:2927} INFO - Setting next_dagrun for example_trigger_target_dag to None, run_after=None
[2023-04-05 21:37:19,996] {processor.py:161} INFO - Processing /home/edinaldo/Documents/previsao_remuneracao/previsao_remuneracao/venv/lib/python3.10/site-packages/airflow/example_dags/example_trigger_target_dag.py took 0.486 seconds
[2023-04-05 21:38:09,656] {processor.py:153} INFO - Started process (PID=56942) to work on /home/edinaldo/Documents/previsao_remuneracao/previsao_remuneracao/venv/lib/python3.10/site-packages/airflow/example_dags/example_trigger_target_dag.py
[2023-04-05 21:38:09,682] {processor.py:641} INFO - Processing file /home/edinaldo/Documents/previsao_remuneracao/previsao_remuneracao/venv/lib/python3.10/site-packages/airflow/example_dags/example_trigger_target_dag.py for tasks to queue
[2023-04-05 21:38:09,684] {logging_mixin.py:115} INFO - [2023-04-05 21:38:09,683] {dagbag.py:507} INFO - Filling up the DagBag from /home/edinaldo/Documents/previsao_remuneracao/previsao_remuneracao/venv/lib/python3.10/site-packages/airflow/example_dags/example_trigger_target_dag.py
[2023-04-05 21:38:09,718] {processor.py:651} INFO - DAG(s) dict_keys(['example_trigger_target_dag']) retrieved from /home/edinaldo/Documents/previsao_remuneracao/previsao_remuneracao/venv/lib/python3.10/site-packages/airflow/example_dags/example_trigger_target_dag.py
[2023-04-05 21:38:09,741] {logging_mixin.py:115} INFO - [2023-04-05 21:38:09,741] {dag.py:2379} INFO - Sync 1 DAGs
[2023-04-05 21:38:09,771] {logging_mixin.py:115} INFO - [2023-04-05 21:38:09,771] {dag.py:2927} INFO - Setting next_dagrun for example_trigger_target_dag to None, run_after=None
[2023-04-05 21:38:10,082] {processor.py:161} INFO - Processing /home/edinaldo/Documents/previsao_remuneracao/previsao_remuneracao/venv/lib/python3.10/site-packages/airflow/example_dags/example_trigger_target_dag.py took 0.437 seconds
[2023-04-05 21:39:10,434] {processor.py:153} INFO - Started process (PID=57257) to work on /home/edinaldo/Documents/previsao_remuneracao/previsao_remuneracao/venv/lib/python3.10/site-packages/airflow/example_dags/example_trigger_target_dag.py
[2023-04-05 21:39:10,503] {processor.py:641} INFO - Processing file /home/edinaldo/Documents/previsao_remuneracao/previsao_remuneracao/venv/lib/python3.10/site-packages/airflow/example_dags/example_trigger_target_dag.py for tasks to queue
[2023-04-05 21:39:10,504] {logging_mixin.py:115} INFO - [2023-04-05 21:39:10,503] {dagbag.py:507} INFO - Filling up the DagBag from /home/edinaldo/Documents/previsao_remuneracao/previsao_remuneracao/venv/lib/python3.10/site-packages/airflow/example_dags/example_trigger_target_dag.py
[2023-04-05 21:39:10,693] {processor.py:651} INFO - DAG(s) dict_keys(['example_trigger_target_dag']) retrieved from /home/edinaldo/Documents/previsao_remuneracao/previsao_remuneracao/venv/lib/python3.10/site-packages/airflow/example_dags/example_trigger_target_dag.py
[2023-04-05 21:39:11,071] {logging_mixin.py:115} INFO - [2023-04-05 21:39:11,070] {dag.py:2379} INFO - Sync 1 DAGs
[2023-04-05 21:39:11,124] {logging_mixin.py:115} INFO - [2023-04-05 21:39:11,124] {dag.py:2927} INFO - Setting next_dagrun for example_trigger_target_dag to None, run_after=None
[2023-04-05 21:39:11,409] {processor.py:161} INFO - Processing /home/edinaldo/Documents/previsao_remuneracao/previsao_remuneracao/venv/lib/python3.10/site-packages/airflow/example_dags/example_trigger_target_dag.py took 0.993 seconds
[2023-04-05 21:40:17,377] {processor.py:153} INFO - Started process (PID=57607) to work on /home/edinaldo/Documents/previsao_remuneracao/previsao_remuneracao/venv/lib/python3.10/site-packages/airflow/example_dags/example_trigger_target_dag.py
[2023-04-05 21:40:17,383] {processor.py:641} INFO - Processing file /home/edinaldo/Documents/previsao_remuneracao/previsao_remuneracao/venv/lib/python3.10/site-packages/airflow/example_dags/example_trigger_target_dag.py for tasks to queue
[2023-04-05 21:40:17,385] {logging_mixin.py:115} INFO - [2023-04-05 21:40:17,384] {dagbag.py:507} INFO - Filling up the DagBag from /home/edinaldo/Documents/previsao_remuneracao/previsao_remuneracao/venv/lib/python3.10/site-packages/airflow/example_dags/example_trigger_target_dag.py
[2023-04-05 21:40:17,413] {processor.py:651} INFO - DAG(s) dict_keys(['example_trigger_target_dag']) retrieved from /home/edinaldo/Documents/previsao_remuneracao/previsao_remuneracao/venv/lib/python3.10/site-packages/airflow/example_dags/example_trigger_target_dag.py
[2023-04-05 21:40:17,432] {logging_mixin.py:115} INFO - [2023-04-05 21:40:17,432] {dag.py:2379} INFO - Sync 1 DAGs
[2023-04-05 21:40:17,458] {logging_mixin.py:115} INFO - [2023-04-05 21:40:17,458] {dag.py:2927} INFO - Setting next_dagrun for example_trigger_target_dag to None, run_after=None
[2023-04-05 21:40:17,541] {processor.py:161} INFO - Processing /home/edinaldo/Documents/previsao_remuneracao/previsao_remuneracao/venv/lib/python3.10/site-packages/airflow/example_dags/example_trigger_target_dag.py took 0.174 seconds
[2023-04-05 21:41:00,696] {processor.py:153} INFO - Started process (PID=57857) to work on /home/edinaldo/Documents/previsao_remuneracao/previsao_remuneracao/venv/lib/python3.10/site-packages/airflow/example_dags/example_trigger_target_dag.py
[2023-04-05 21:41:00,700] {processor.py:641} INFO - Processing file /home/edinaldo/Documents/previsao_remuneracao/previsao_remuneracao/venv/lib/python3.10/site-packages/airflow/example_dags/example_trigger_target_dag.py for tasks to queue
[2023-04-05 21:41:00,703] {logging_mixin.py:115} INFO - [2023-04-05 21:41:00,702] {dagbag.py:507} INFO - Filling up the DagBag from /home/edinaldo/Documents/previsao_remuneracao/previsao_remuneracao/venv/lib/python3.10/site-packages/airflow/example_dags/example_trigger_target_dag.py
[2023-04-05 21:41:00,759] {processor.py:651} INFO - DAG(s) dict_keys(['example_trigger_target_dag']) retrieved from /home/edinaldo/Documents/previsao_remuneracao/previsao_remuneracao/venv/lib/python3.10/site-packages/airflow/example_dags/example_trigger_target_dag.py
[2023-04-05 21:41:00,780] {logging_mixin.py:115} INFO - [2023-04-05 21:41:00,780] {dag.py:2379} INFO - Sync 1 DAGs
[2023-04-05 21:41:00,806] {logging_mixin.py:115} INFO - [2023-04-05 21:41:00,806] {dag.py:2927} INFO - Setting next_dagrun for example_trigger_target_dag to None, run_after=None
[2023-04-05 21:41:00,886] {processor.py:161} INFO - Processing /home/edinaldo/Documents/previsao_remuneracao/previsao_remuneracao/venv/lib/python3.10/site-packages/airflow/example_dags/example_trigger_target_dag.py took 0.209 seconds
[2023-04-05 21:41:39,752] {processor.py:153} INFO - Started process (PID=58056) to work on /home/edinaldo/Documents/previsao_remuneracao/previsao_remuneracao/venv/lib/python3.10/site-packages/airflow/example_dags/example_trigger_target_dag.py
[2023-04-05 21:41:39,801] {processor.py:641} INFO - Processing file /home/edinaldo/Documents/previsao_remuneracao/previsao_remuneracao/venv/lib/python3.10/site-packages/airflow/example_dags/example_trigger_target_dag.py for tasks to queue
[2023-04-05 21:41:39,803] {logging_mixin.py:115} INFO - [2023-04-05 21:41:39,802] {dagbag.py:507} INFO - Filling up the DagBag from /home/edinaldo/Documents/previsao_remuneracao/previsao_remuneracao/venv/lib/python3.10/site-packages/airflow/example_dags/example_trigger_target_dag.py
[2023-04-05 21:41:39,935] {processor.py:651} INFO - DAG(s) dict_keys(['example_trigger_target_dag']) retrieved from /home/edinaldo/Documents/previsao_remuneracao/previsao_remuneracao/venv/lib/python3.10/site-packages/airflow/example_dags/example_trigger_target_dag.py
[2023-04-05 21:41:39,964] {logging_mixin.py:115} INFO - [2023-04-05 21:41:39,964] {dag.py:2379} INFO - Sync 1 DAGs
[2023-04-05 21:41:39,985] {logging_mixin.py:115} INFO - [2023-04-05 21:41:39,985] {dag.py:2927} INFO - Setting next_dagrun for example_trigger_target_dag to None, run_after=None
[2023-04-05 21:41:40,345] {processor.py:161} INFO - Processing /home/edinaldo/Documents/previsao_remuneracao/previsao_remuneracao/venv/lib/python3.10/site-packages/airflow/example_dags/example_trigger_target_dag.py took 0.597 seconds
[2023-04-05 21:42:15,195] {processor.py:153} INFO - Started process (PID=58276) to work on /home/edinaldo/Documents/previsao_remuneracao/previsao_remuneracao/venv/lib/python3.10/site-packages/airflow/example_dags/example_trigger_target_dag.py
[2023-04-05 21:42:15,213] {processor.py:641} INFO - Processing file /home/edinaldo/Documents/previsao_remuneracao/previsao_remuneracao/venv/lib/python3.10/site-packages/airflow/example_dags/example_trigger_target_dag.py for tasks to queue
[2023-04-05 21:42:15,214] {logging_mixin.py:115} INFO - [2023-04-05 21:42:15,214] {dagbag.py:507} INFO - Filling up the DagBag from /home/edinaldo/Documents/previsao_remuneracao/previsao_remuneracao/venv/lib/python3.10/site-packages/airflow/example_dags/example_trigger_target_dag.py
[2023-04-05 21:42:15,236] {processor.py:651} INFO - DAG(s) dict_keys(['example_trigger_target_dag']) retrieved from /home/edinaldo/Documents/previsao_remuneracao/previsao_remuneracao/venv/lib/python3.10/site-packages/airflow/example_dags/example_trigger_target_dag.py
[2023-04-05 21:42:15,252] {logging_mixin.py:115} INFO - [2023-04-05 21:42:15,252] {dag.py:2379} INFO - Sync 1 DAGs
[2023-04-05 21:42:15,272] {logging_mixin.py:115} INFO - [2023-04-05 21:42:15,272] {dag.py:2927} INFO - Setting next_dagrun for example_trigger_target_dag to None, run_after=None
[2023-04-05 21:42:15,365] {processor.py:161} INFO - Processing /home/edinaldo/Documents/previsao_remuneracao/previsao_remuneracao/venv/lib/python3.10/site-packages/airflow/example_dags/example_trigger_target_dag.py took 0.177 seconds
[2023-04-05 21:42:50,562] {processor.py:153} INFO - Started process (PID=58470) to work on /home/edinaldo/Documents/previsao_remuneracao/previsao_remuneracao/venv/lib/python3.10/site-packages/airflow/example_dags/example_trigger_target_dag.py
[2023-04-05 21:42:50,576] {processor.py:641} INFO - Processing file /home/edinaldo/Documents/previsao_remuneracao/previsao_remuneracao/venv/lib/python3.10/site-packages/airflow/example_dags/example_trigger_target_dag.py for tasks to queue
[2023-04-05 21:42:50,578] {logging_mixin.py:115} INFO - [2023-04-05 21:42:50,578] {dagbag.py:507} INFO - Filling up the DagBag from /home/edinaldo/Documents/previsao_remuneracao/previsao_remuneracao/venv/lib/python3.10/site-packages/airflow/example_dags/example_trigger_target_dag.py
[2023-04-05 21:42:50,622] {processor.py:651} INFO - DAG(s) dict_keys(['example_trigger_target_dag']) retrieved from /home/edinaldo/Documents/previsao_remuneracao/previsao_remuneracao/venv/lib/python3.10/site-packages/airflow/example_dags/example_trigger_target_dag.py
[2023-04-05 21:42:50,642] {logging_mixin.py:115} INFO - [2023-04-05 21:42:50,642] {dag.py:2379} INFO - Sync 1 DAGs
[2023-04-05 21:42:50,668] {logging_mixin.py:115} INFO - [2023-04-05 21:42:50,668] {dag.py:2927} INFO - Setting next_dagrun for example_trigger_target_dag to None, run_after=None
[2023-04-05 21:42:50,770] {processor.py:161} INFO - Processing /home/edinaldo/Documents/previsao_remuneracao/previsao_remuneracao/venv/lib/python3.10/site-packages/airflow/example_dags/example_trigger_target_dag.py took 0.212 seconds
