[2023-04-05 21:00:10,559] {processor.py:153} INFO - Started process (PID=52076) to work on /home/edinaldo/Documents/previsao_remuneracao/previsao_remuneracao/venv/lib/python3.10/site-packages/airflow/example_dags/example_dag_decorator.py
[2023-04-05 21:00:10,559] {processor.py:641} INFO - Processing file /home/edinaldo/Documents/previsao_remuneracao/previsao_remuneracao/venv/lib/python3.10/site-packages/airflow/example_dags/example_dag_decorator.py for tasks to queue
[2023-04-05 21:00:10,560] {logging_mixin.py:115} INFO - [2023-04-05 21:00:10,560] {dagbag.py:507} INFO - Filling up the DagBag from /home/edinaldo/Documents/previsao_remuneracao/previsao_remuneracao/venv/lib/python3.10/site-packages/airflow/example_dags/example_dag_decorator.py
[2023-04-05 21:00:10,677] {processor.py:651} INFO - DAG(s) dict_keys(['example_dag_decorator']) retrieved from /home/edinaldo/Documents/previsao_remuneracao/previsao_remuneracao/venv/lib/python3.10/site-packages/airflow/example_dags/example_dag_decorator.py
[2023-04-05 21:00:10,749] {logging_mixin.py:115} INFO - [2023-04-05 21:00:10,749] {dag.py:2379} INFO - Sync 1 DAGs
[2023-04-05 21:00:10,771] {logging_mixin.py:115} INFO - [2023-04-05 21:00:10,771] {dag.py:2927} INFO - Setting next_dagrun for example_dag_decorator to None, run_after=None
[2023-04-05 21:00:10,869] {processor.py:161} INFO - Processing /home/edinaldo/Documents/previsao_remuneracao/previsao_remuneracao/venv/lib/python3.10/site-packages/airflow/example_dags/example_dag_decorator.py took 0.314 seconds
[2023-04-05 21:01:02,488] {processor.py:153} INFO - Started process (PID=52191) to work on /home/edinaldo/Documents/previsao_remuneracao/previsao_remuneracao/venv/lib/python3.10/site-packages/airflow/example_dags/example_dag_decorator.py
[2023-04-05 21:01:02,489] {processor.py:641} INFO - Processing file /home/edinaldo/Documents/previsao_remuneracao/previsao_remuneracao/venv/lib/python3.10/site-packages/airflow/example_dags/example_dag_decorator.py for tasks to queue
[2023-04-05 21:01:02,490] {logging_mixin.py:115} INFO - [2023-04-05 21:01:02,490] {dagbag.py:507} INFO - Filling up the DagBag from /home/edinaldo/Documents/previsao_remuneracao/previsao_remuneracao/venv/lib/python3.10/site-packages/airflow/example_dags/example_dag_decorator.py
[2023-04-05 21:01:02,545] {processor.py:651} INFO - DAG(s) dict_keys(['example_dag_decorator']) retrieved from /home/edinaldo/Documents/previsao_remuneracao/previsao_remuneracao/venv/lib/python3.10/site-packages/airflow/example_dags/example_dag_decorator.py
[2023-04-05 21:01:02,562] {logging_mixin.py:115} INFO - [2023-04-05 21:01:02,561] {dag.py:2379} INFO - Sync 1 DAGs
[2023-04-05 21:01:02,581] {logging_mixin.py:115} INFO - [2023-04-05 21:01:02,581] {dag.py:2927} INFO - Setting next_dagrun for example_dag_decorator to None, run_after=None
[2023-04-05 21:01:02,674] {processor.py:161} INFO - Processing /home/edinaldo/Documents/previsao_remuneracao/previsao_remuneracao/venv/lib/python3.10/site-packages/airflow/example_dags/example_dag_decorator.py took 0.189 seconds
[2023-04-05 21:01:39,757] {processor.py:153} INFO - Started process (PID=52251) to work on /home/edinaldo/Documents/previsao_remuneracao/previsao_remuneracao/venv/lib/python3.10/site-packages/airflow/example_dags/example_dag_decorator.py
[2023-04-05 21:01:39,788] {processor.py:641} INFO - Processing file /home/edinaldo/Documents/previsao_remuneracao/previsao_remuneracao/venv/lib/python3.10/site-packages/airflow/example_dags/example_dag_decorator.py for tasks to queue
[2023-04-05 21:01:39,790] {logging_mixin.py:115} INFO - [2023-04-05 21:01:39,789] {dagbag.py:507} INFO - Filling up the DagBag from /home/edinaldo/Documents/previsao_remuneracao/previsao_remuneracao/venv/lib/python3.10/site-packages/airflow/example_dags/example_dag_decorator.py
[2023-04-05 21:01:39,837] {processor.py:651} INFO - DAG(s) dict_keys(['example_dag_decorator']) retrieved from /home/edinaldo/Documents/previsao_remuneracao/previsao_remuneracao/venv/lib/python3.10/site-packages/airflow/example_dags/example_dag_decorator.py
[2023-04-05 21:01:39,884] {logging_mixin.py:115} INFO - [2023-04-05 21:01:39,884] {dag.py:2379} INFO - Sync 1 DAGs
[2023-04-05 21:01:39,902] {logging_mixin.py:115} INFO - [2023-04-05 21:01:39,902] {dag.py:2927} INFO - Setting next_dagrun for example_dag_decorator to None, run_after=None
[2023-04-05 21:01:40,077] {processor.py:161} INFO - Processing /home/edinaldo/Documents/previsao_remuneracao/previsao_remuneracao/venv/lib/python3.10/site-packages/airflow/example_dags/example_dag_decorator.py took 0.327 seconds
[2023-04-05 21:02:26,365] {processor.py:153} INFO - Started process (PID=52341) to work on /home/edinaldo/Documents/previsao_remuneracao/previsao_remuneracao/venv/lib/python3.10/site-packages/airflow/example_dags/example_dag_decorator.py
[2023-04-05 21:02:26,366] {processor.py:641} INFO - Processing file /home/edinaldo/Documents/previsao_remuneracao/previsao_remuneracao/venv/lib/python3.10/site-packages/airflow/example_dags/example_dag_decorator.py for tasks to queue
[2023-04-05 21:02:26,367] {logging_mixin.py:115} INFO - [2023-04-05 21:02:26,367] {dagbag.py:507} INFO - Filling up the DagBag from /home/edinaldo/Documents/previsao_remuneracao/previsao_remuneracao/venv/lib/python3.10/site-packages/airflow/example_dags/example_dag_decorator.py
[2023-04-05 21:02:26,411] {processor.py:651} INFO - DAG(s) dict_keys(['example_dag_decorator']) retrieved from /home/edinaldo/Documents/previsao_remuneracao/previsao_remuneracao/venv/lib/python3.10/site-packages/airflow/example_dags/example_dag_decorator.py
[2023-04-05 21:02:26,431] {logging_mixin.py:115} INFO - [2023-04-05 21:02:26,431] {dag.py:2379} INFO - Sync 1 DAGs
[2023-04-05 21:02:26,450] {logging_mixin.py:115} INFO - [2023-04-05 21:02:26,450] {dag.py:2927} INFO - Setting next_dagrun for example_dag_decorator to None, run_after=None
[2023-04-05 21:02:26,544] {processor.py:161} INFO - Processing /home/edinaldo/Documents/previsao_remuneracao/previsao_remuneracao/venv/lib/python3.10/site-packages/airflow/example_dags/example_dag_decorator.py took 0.185 seconds
[2023-04-05 21:03:17,987] {processor.py:153} INFO - Started process (PID=52455) to work on /home/edinaldo/Documents/previsao_remuneracao/previsao_remuneracao/venv/lib/python3.10/site-packages/airflow/example_dags/example_dag_decorator.py
[2023-04-05 21:03:17,989] {processor.py:641} INFO - Processing file /home/edinaldo/Documents/previsao_remuneracao/previsao_remuneracao/venv/lib/python3.10/site-packages/airflow/example_dags/example_dag_decorator.py for tasks to queue
[2023-04-05 21:03:17,990] {logging_mixin.py:115} INFO - [2023-04-05 21:03:17,990] {dagbag.py:507} INFO - Filling up the DagBag from /home/edinaldo/Documents/previsao_remuneracao/previsao_remuneracao/venv/lib/python3.10/site-packages/airflow/example_dags/example_dag_decorator.py
[2023-04-05 21:03:18,024] {processor.py:651} INFO - DAG(s) dict_keys(['example_dag_decorator']) retrieved from /home/edinaldo/Documents/previsao_remuneracao/previsao_remuneracao/venv/lib/python3.10/site-packages/airflow/example_dags/example_dag_decorator.py
[2023-04-05 21:03:18,160] {logging_mixin.py:115} INFO - [2023-04-05 21:03:18,160] {dag.py:2379} INFO - Sync 1 DAGs
[2023-04-05 21:03:18,181] {logging_mixin.py:115} INFO - [2023-04-05 21:03:18,181] {dag.py:2927} INFO - Setting next_dagrun for example_dag_decorator to None, run_after=None
[2023-04-05 21:03:18,271] {processor.py:161} INFO - Processing /home/edinaldo/Documents/previsao_remuneracao/previsao_remuneracao/venv/lib/python3.10/site-packages/airflow/example_dags/example_dag_decorator.py took 0.295 seconds
[2023-04-05 21:04:02,750] {processor.py:153} INFO - Started process (PID=52518) to work on /home/edinaldo/Documents/previsao_remuneracao/previsao_remuneracao/venv/lib/python3.10/site-packages/airflow/example_dags/example_dag_decorator.py
[2023-04-05 21:04:02,751] {processor.py:641} INFO - Processing file /home/edinaldo/Documents/previsao_remuneracao/previsao_remuneracao/venv/lib/python3.10/site-packages/airflow/example_dags/example_dag_decorator.py for tasks to queue
[2023-04-05 21:04:02,752] {logging_mixin.py:115} INFO - [2023-04-05 21:04:02,752] {dagbag.py:507} INFO - Filling up the DagBag from /home/edinaldo/Documents/previsao_remuneracao/previsao_remuneracao/venv/lib/python3.10/site-packages/airflow/example_dags/example_dag_decorator.py
[2023-04-05 21:04:02,786] {processor.py:651} INFO - DAG(s) dict_keys(['example_dag_decorator']) retrieved from /home/edinaldo/Documents/previsao_remuneracao/previsao_remuneracao/venv/lib/python3.10/site-packages/airflow/example_dags/example_dag_decorator.py
[2023-04-05 21:04:02,805] {logging_mixin.py:115} INFO - [2023-04-05 21:04:02,805] {dag.py:2379} INFO - Sync 1 DAGs
[2023-04-05 21:04:02,828] {logging_mixin.py:115} INFO - [2023-04-05 21:04:02,828] {dag.py:2927} INFO - Setting next_dagrun for example_dag_decorator to None, run_after=None
[2023-04-05 21:04:02,918] {processor.py:161} INFO - Processing /home/edinaldo/Documents/previsao_remuneracao/previsao_remuneracao/venv/lib/python3.10/site-packages/airflow/example_dags/example_dag_decorator.py took 0.174 seconds
[2023-04-05 21:04:46,208] {processor.py:153} INFO - Started process (PID=52569) to work on /home/edinaldo/Documents/previsao_remuneracao/previsao_remuneracao/venv/lib/python3.10/site-packages/airflow/example_dags/example_dag_decorator.py
[2023-04-05 21:04:46,209] {processor.py:641} INFO - Processing file /home/edinaldo/Documents/previsao_remuneracao/previsao_remuneracao/venv/lib/python3.10/site-packages/airflow/example_dags/example_dag_decorator.py for tasks to queue
[2023-04-05 21:04:46,210] {logging_mixin.py:115} INFO - [2023-04-05 21:04:46,210] {dagbag.py:507} INFO - Filling up the DagBag from /home/edinaldo/Documents/previsao_remuneracao/previsao_remuneracao/venv/lib/python3.10/site-packages/airflow/example_dags/example_dag_decorator.py
[2023-04-05 21:04:46,241] {processor.py:651} INFO - DAG(s) dict_keys(['example_dag_decorator']) retrieved from /home/edinaldo/Documents/previsao_remuneracao/previsao_remuneracao/venv/lib/python3.10/site-packages/airflow/example_dags/example_dag_decorator.py
[2023-04-05 21:04:46,258] {logging_mixin.py:115} INFO - [2023-04-05 21:04:46,258] {dag.py:2379} INFO - Sync 1 DAGs
[2023-04-05 21:04:46,277] {logging_mixin.py:115} INFO - [2023-04-05 21:04:46,277] {dag.py:2927} INFO - Setting next_dagrun for example_dag_decorator to None, run_after=None
[2023-04-05 21:04:46,350] {processor.py:161} INFO - Processing /home/edinaldo/Documents/previsao_remuneracao/previsao_remuneracao/venv/lib/python3.10/site-packages/airflow/example_dags/example_dag_decorator.py took 0.147 seconds
[2023-04-05 21:05:23,775] {processor.py:153} INFO - Started process (PID=52622) to work on /home/edinaldo/Documents/previsao_remuneracao/previsao_remuneracao/venv/lib/python3.10/site-packages/airflow/example_dags/example_dag_decorator.py
[2023-04-05 21:05:23,792] {processor.py:641} INFO - Processing file /home/edinaldo/Documents/previsao_remuneracao/previsao_remuneracao/venv/lib/python3.10/site-packages/airflow/example_dags/example_dag_decorator.py for tasks to queue
[2023-04-05 21:05:23,793] {logging_mixin.py:115} INFO - [2023-04-05 21:05:23,793] {dagbag.py:507} INFO - Filling up the DagBag from /home/edinaldo/Documents/previsao_remuneracao/previsao_remuneracao/venv/lib/python3.10/site-packages/airflow/example_dags/example_dag_decorator.py
[2023-04-05 21:05:23,834] {processor.py:651} INFO - DAG(s) dict_keys(['example_dag_decorator']) retrieved from /home/edinaldo/Documents/previsao_remuneracao/previsao_remuneracao/venv/lib/python3.10/site-packages/airflow/example_dags/example_dag_decorator.py
[2023-04-05 21:05:23,850] {logging_mixin.py:115} INFO - [2023-04-05 21:05:23,850] {dag.py:2379} INFO - Sync 1 DAGs
[2023-04-05 21:05:23,868] {logging_mixin.py:115} INFO - [2023-04-05 21:05:23,868] {dag.py:2927} INFO - Setting next_dagrun for example_dag_decorator to None, run_after=None
[2023-04-05 21:05:23,959] {processor.py:161} INFO - Processing /home/edinaldo/Documents/previsao_remuneracao/previsao_remuneracao/venv/lib/python3.10/site-packages/airflow/example_dags/example_dag_decorator.py took 0.193 seconds
[2023-04-05 21:06:10,113] {processor.py:153} INFO - Started process (PID=52698) to work on /home/edinaldo/Documents/previsao_remuneracao/previsao_remuneracao/venv/lib/python3.10/site-packages/airflow/example_dags/example_dag_decorator.py
[2023-04-05 21:06:10,131] {processor.py:641} INFO - Processing file /home/edinaldo/Documents/previsao_remuneracao/previsao_remuneracao/venv/lib/python3.10/site-packages/airflow/example_dags/example_dag_decorator.py for tasks to queue
[2023-04-05 21:06:10,132] {logging_mixin.py:115} INFO - [2023-04-05 21:06:10,132] {dagbag.py:507} INFO - Filling up the DagBag from /home/edinaldo/Documents/previsao_remuneracao/previsao_remuneracao/venv/lib/python3.10/site-packages/airflow/example_dags/example_dag_decorator.py
[2023-04-05 21:06:10,174] {processor.py:651} INFO - DAG(s) dict_keys(['example_dag_decorator']) retrieved from /home/edinaldo/Documents/previsao_remuneracao/previsao_remuneracao/venv/lib/python3.10/site-packages/airflow/example_dags/example_dag_decorator.py
[2023-04-05 21:06:10,190] {logging_mixin.py:115} INFO - [2023-04-05 21:06:10,190] {dag.py:2379} INFO - Sync 1 DAGs
[2023-04-05 21:06:10,208] {logging_mixin.py:115} INFO - [2023-04-05 21:06:10,208] {dag.py:2927} INFO - Setting next_dagrun for example_dag_decorator to None, run_after=None
[2023-04-05 21:06:10,305] {processor.py:161} INFO - Processing /home/edinaldo/Documents/previsao_remuneracao/previsao_remuneracao/venv/lib/python3.10/site-packages/airflow/example_dags/example_dag_decorator.py took 0.201 seconds
[2023-04-05 21:06:57,974] {processor.py:153} INFO - Started process (PID=52767) to work on /home/edinaldo/Documents/previsao_remuneracao/previsao_remuneracao/venv/lib/python3.10/site-packages/airflow/example_dags/example_dag_decorator.py
[2023-04-05 21:06:57,981] {processor.py:641} INFO - Processing file /home/edinaldo/Documents/previsao_remuneracao/previsao_remuneracao/venv/lib/python3.10/site-packages/airflow/example_dags/example_dag_decorator.py for tasks to queue
[2023-04-05 21:06:57,981] {logging_mixin.py:115} INFO - [2023-04-05 21:06:57,981] {dagbag.py:507} INFO - Filling up the DagBag from /home/edinaldo/Documents/previsao_remuneracao/previsao_remuneracao/venv/lib/python3.10/site-packages/airflow/example_dags/example_dag_decorator.py
[2023-04-05 21:06:58,012] {processor.py:651} INFO - DAG(s) dict_keys(['example_dag_decorator']) retrieved from /home/edinaldo/Documents/previsao_remuneracao/previsao_remuneracao/venv/lib/python3.10/site-packages/airflow/example_dags/example_dag_decorator.py
[2023-04-05 21:06:58,058] {logging_mixin.py:115} INFO - [2023-04-05 21:06:58,058] {dag.py:2379} INFO - Sync 1 DAGs
[2023-04-05 21:06:58,073] {logging_mixin.py:115} INFO - [2023-04-05 21:06:58,073] {dag.py:2927} INFO - Setting next_dagrun for example_dag_decorator to None, run_after=None
[2023-04-05 21:06:58,165] {processor.py:161} INFO - Processing /home/edinaldo/Documents/previsao_remuneracao/previsao_remuneracao/venv/lib/python3.10/site-packages/airflow/example_dags/example_dag_decorator.py took 0.195 seconds
[2023-04-05 21:07:39,310] {processor.py:153} INFO - Started process (PID=52810) to work on /home/edinaldo/Documents/previsao_remuneracao/previsao_remuneracao/venv/lib/python3.10/site-packages/airflow/example_dags/example_dag_decorator.py
[2023-04-05 21:07:39,316] {processor.py:641} INFO - Processing file /home/edinaldo/Documents/previsao_remuneracao/previsao_remuneracao/venv/lib/python3.10/site-packages/airflow/example_dags/example_dag_decorator.py for tasks to queue
[2023-04-05 21:07:39,317] {logging_mixin.py:115} INFO - [2023-04-05 21:07:39,317] {dagbag.py:507} INFO - Filling up the DagBag from /home/edinaldo/Documents/previsao_remuneracao/previsao_remuneracao/venv/lib/python3.10/site-packages/airflow/example_dags/example_dag_decorator.py
[2023-04-05 21:07:39,353] {processor.py:651} INFO - DAG(s) dict_keys(['example_dag_decorator']) retrieved from /home/edinaldo/Documents/previsao_remuneracao/previsao_remuneracao/venv/lib/python3.10/site-packages/airflow/example_dags/example_dag_decorator.py
[2023-04-05 21:07:39,370] {logging_mixin.py:115} INFO - [2023-04-05 21:07:39,370] {dag.py:2379} INFO - Sync 1 DAGs
[2023-04-05 21:07:39,388] {logging_mixin.py:115} INFO - [2023-04-05 21:07:39,388] {dag.py:2927} INFO - Setting next_dagrun for example_dag_decorator to None, run_after=None
[2023-04-05 21:07:39,461] {processor.py:161} INFO - Processing /home/edinaldo/Documents/previsao_remuneracao/previsao_remuneracao/venv/lib/python3.10/site-packages/airflow/example_dags/example_dag_decorator.py took 0.155 seconds
[2023-04-05 21:08:26,463] {processor.py:153} INFO - Started process (PID=52851) to work on /home/edinaldo/Documents/previsao_remuneracao/previsao_remuneracao/venv/lib/python3.10/site-packages/airflow/example_dags/example_dag_decorator.py
[2023-04-05 21:08:26,478] {processor.py:641} INFO - Processing file /home/edinaldo/Documents/previsao_remuneracao/previsao_remuneracao/venv/lib/python3.10/site-packages/airflow/example_dags/example_dag_decorator.py for tasks to queue
[2023-04-05 21:08:26,479] {logging_mixin.py:115} INFO - [2023-04-05 21:08:26,479] {dagbag.py:507} INFO - Filling up the DagBag from /home/edinaldo/Documents/previsao_remuneracao/previsao_remuneracao/venv/lib/python3.10/site-packages/airflow/example_dags/example_dag_decorator.py
[2023-04-05 21:08:26,512] {processor.py:651} INFO - DAG(s) dict_keys(['example_dag_decorator']) retrieved from /home/edinaldo/Documents/previsao_remuneracao/previsao_remuneracao/venv/lib/python3.10/site-packages/airflow/example_dags/example_dag_decorator.py
[2023-04-05 21:08:26,528] {logging_mixin.py:115} INFO - [2023-04-05 21:08:26,528] {dag.py:2379} INFO - Sync 1 DAGs
[2023-04-05 21:08:26,547] {logging_mixin.py:115} INFO - [2023-04-05 21:08:26,547] {dag.py:2927} INFO - Setting next_dagrun for example_dag_decorator to None, run_after=None
[2023-04-05 21:08:26,654] {processor.py:161} INFO - Processing /home/edinaldo/Documents/previsao_remuneracao/previsao_remuneracao/venv/lib/python3.10/site-packages/airflow/example_dags/example_dag_decorator.py took 0.196 seconds
[2023-04-05 21:09:04,750] {processor.py:153} INFO - Started process (PID=52887) to work on /home/edinaldo/Documents/previsao_remuneracao/previsao_remuneracao/venv/lib/python3.10/site-packages/airflow/example_dags/example_dag_decorator.py
[2023-04-05 21:09:04,758] {processor.py:641} INFO - Processing file /home/edinaldo/Documents/previsao_remuneracao/previsao_remuneracao/venv/lib/python3.10/site-packages/airflow/example_dags/example_dag_decorator.py for tasks to queue
[2023-04-05 21:09:04,758] {logging_mixin.py:115} INFO - [2023-04-05 21:09:04,758] {dagbag.py:507} INFO - Filling up the DagBag from /home/edinaldo/Documents/previsao_remuneracao/previsao_remuneracao/venv/lib/python3.10/site-packages/airflow/example_dags/example_dag_decorator.py
[2023-04-05 21:09:04,788] {processor.py:651} INFO - DAG(s) dict_keys(['example_dag_decorator']) retrieved from /home/edinaldo/Documents/previsao_remuneracao/previsao_remuneracao/venv/lib/python3.10/site-packages/airflow/example_dags/example_dag_decorator.py
[2023-04-05 21:09:04,805] {logging_mixin.py:115} INFO - [2023-04-05 21:09:04,804] {dag.py:2379} INFO - Sync 1 DAGs
[2023-04-05 21:09:04,823] {logging_mixin.py:115} INFO - [2023-04-05 21:09:04,823] {dag.py:2927} INFO - Setting next_dagrun for example_dag_decorator to None, run_after=None
[2023-04-05 21:09:04,913] {processor.py:161} INFO - Processing /home/edinaldo/Documents/previsao_remuneracao/previsao_remuneracao/venv/lib/python3.10/site-packages/airflow/example_dags/example_dag_decorator.py took 0.167 seconds
[2023-04-05 21:09:42,825] {processor.py:153} INFO - Started process (PID=52923) to work on /home/edinaldo/Documents/previsao_remuneracao/previsao_remuneracao/venv/lib/python3.10/site-packages/airflow/example_dags/example_dag_decorator.py
[2023-04-05 21:09:42,849] {processor.py:641} INFO - Processing file /home/edinaldo/Documents/previsao_remuneracao/previsao_remuneracao/venv/lib/python3.10/site-packages/airflow/example_dags/example_dag_decorator.py for tasks to queue
[2023-04-05 21:09:42,851] {logging_mixin.py:115} INFO - [2023-04-05 21:09:42,850] {dagbag.py:507} INFO - Filling up the DagBag from /home/edinaldo/Documents/previsao_remuneracao/previsao_remuneracao/venv/lib/python3.10/site-packages/airflow/example_dags/example_dag_decorator.py
[2023-04-05 21:09:42,897] {processor.py:651} INFO - DAG(s) dict_keys(['example_dag_decorator']) retrieved from /home/edinaldo/Documents/previsao_remuneracao/previsao_remuneracao/venv/lib/python3.10/site-packages/airflow/example_dags/example_dag_decorator.py
[2023-04-05 21:09:42,914] {logging_mixin.py:115} INFO - [2023-04-05 21:09:42,913] {dag.py:2379} INFO - Sync 1 DAGs
[2023-04-05 21:09:42,932] {logging_mixin.py:115} INFO - [2023-04-05 21:09:42,932] {dag.py:2927} INFO - Setting next_dagrun for example_dag_decorator to None, run_after=None
[2023-04-05 21:09:43,038] {processor.py:161} INFO - Processing /home/edinaldo/Documents/previsao_remuneracao/previsao_remuneracao/venv/lib/python3.10/site-packages/airflow/example_dags/example_dag_decorator.py took 0.217 seconds
[2023-04-05 21:10:22,718] {processor.py:153} INFO - Started process (PID=52962) to work on /home/edinaldo/Documents/previsao_remuneracao/previsao_remuneracao/venv/lib/python3.10/site-packages/airflow/example_dags/example_dag_decorator.py
[2023-04-05 21:10:22,719] {processor.py:641} INFO - Processing file /home/edinaldo/Documents/previsao_remuneracao/previsao_remuneracao/venv/lib/python3.10/site-packages/airflow/example_dags/example_dag_decorator.py for tasks to queue
[2023-04-05 21:10:22,720] {logging_mixin.py:115} INFO - [2023-04-05 21:10:22,720] {dagbag.py:507} INFO - Filling up the DagBag from /home/edinaldo/Documents/previsao_remuneracao/previsao_remuneracao/venv/lib/python3.10/site-packages/airflow/example_dags/example_dag_decorator.py
[2023-04-05 21:10:22,753] {processor.py:651} INFO - DAG(s) dict_keys(['example_dag_decorator']) retrieved from /home/edinaldo/Documents/previsao_remuneracao/previsao_remuneracao/venv/lib/python3.10/site-packages/airflow/example_dags/example_dag_decorator.py
[2023-04-05 21:10:22,779] {logging_mixin.py:115} INFO - [2023-04-05 21:10:22,778] {dag.py:2379} INFO - Sync 1 DAGs
[2023-04-05 21:10:22,802] {logging_mixin.py:115} INFO - [2023-04-05 21:10:22,802] {dag.py:2927} INFO - Setting next_dagrun for example_dag_decorator to None, run_after=None
[2023-04-05 21:10:22,903] {processor.py:161} INFO - Processing /home/edinaldo/Documents/previsao_remuneracao/previsao_remuneracao/venv/lib/python3.10/site-packages/airflow/example_dags/example_dag_decorator.py took 0.189 seconds
[2023-04-05 21:11:12,054] {processor.py:153} INFO - Started process (PID=53128) to work on /home/edinaldo/Documents/previsao_remuneracao/previsao_remuneracao/venv/lib/python3.10/site-packages/airflow/example_dags/example_dag_decorator.py
[2023-04-05 21:11:12,056] {processor.py:641} INFO - Processing file /home/edinaldo/Documents/previsao_remuneracao/previsao_remuneracao/venv/lib/python3.10/site-packages/airflow/example_dags/example_dag_decorator.py for tasks to queue
[2023-04-05 21:11:12,057] {logging_mixin.py:115} INFO - [2023-04-05 21:11:12,057] {dagbag.py:507} INFO - Filling up the DagBag from /home/edinaldo/Documents/previsao_remuneracao/previsao_remuneracao/venv/lib/python3.10/site-packages/airflow/example_dags/example_dag_decorator.py
[2023-04-05 21:11:12,097] {processor.py:651} INFO - DAG(s) dict_keys(['example_dag_decorator']) retrieved from /home/edinaldo/Documents/previsao_remuneracao/previsao_remuneracao/venv/lib/python3.10/site-packages/airflow/example_dags/example_dag_decorator.py
[2023-04-05 21:11:12,113] {logging_mixin.py:115} INFO - [2023-04-05 21:11:12,113] {dag.py:2379} INFO - Sync 1 DAGs
[2023-04-05 21:11:12,131] {logging_mixin.py:115} INFO - [2023-04-05 21:11:12,131] {dag.py:2927} INFO - Setting next_dagrun for example_dag_decorator to None, run_after=None
[2023-04-05 21:11:12,211] {processor.py:161} INFO - Processing /home/edinaldo/Documents/previsao_remuneracao/previsao_remuneracao/venv/lib/python3.10/site-packages/airflow/example_dags/example_dag_decorator.py took 0.167 seconds
[2023-04-05 21:11:51,422] {processor.py:153} INFO - Started process (PID=53193) to work on /home/edinaldo/Documents/previsao_remuneracao/previsao_remuneracao/venv/lib/python3.10/site-packages/airflow/example_dags/example_dag_decorator.py
[2023-04-05 21:11:51,440] {processor.py:641} INFO - Processing file /home/edinaldo/Documents/previsao_remuneracao/previsao_remuneracao/venv/lib/python3.10/site-packages/airflow/example_dags/example_dag_decorator.py for tasks to queue
[2023-04-05 21:11:51,442] {logging_mixin.py:115} INFO - [2023-04-05 21:11:51,441] {dagbag.py:507} INFO - Filling up the DagBag from /home/edinaldo/Documents/previsao_remuneracao/previsao_remuneracao/venv/lib/python3.10/site-packages/airflow/example_dags/example_dag_decorator.py
[2023-04-05 21:11:51,517] {processor.py:651} INFO - DAG(s) dict_keys(['example_dag_decorator']) retrieved from /home/edinaldo/Documents/previsao_remuneracao/previsao_remuneracao/venv/lib/python3.10/site-packages/airflow/example_dags/example_dag_decorator.py
[2023-04-05 21:11:51,568] {logging_mixin.py:115} INFO - [2023-04-05 21:11:51,568] {dag.py:2379} INFO - Sync 1 DAGs
[2023-04-05 21:11:51,584] {logging_mixin.py:115} INFO - [2023-04-05 21:11:51,583] {dag.py:2927} INFO - Setting next_dagrun for example_dag_decorator to None, run_after=None
[2023-04-05 21:11:51,682] {processor.py:161} INFO - Processing /home/edinaldo/Documents/previsao_remuneracao/previsao_remuneracao/venv/lib/python3.10/site-packages/airflow/example_dags/example_dag_decorator.py took 0.269 seconds
[2023-04-05 21:12:40,763] {processor.py:153} INFO - Started process (PID=53374) to work on /home/edinaldo/Documents/previsao_remuneracao/previsao_remuneracao/venv/lib/python3.10/site-packages/airflow/example_dags/example_dag_decorator.py
[2023-04-05 21:12:40,808] {processor.py:641} INFO - Processing file /home/edinaldo/Documents/previsao_remuneracao/previsao_remuneracao/venv/lib/python3.10/site-packages/airflow/example_dags/example_dag_decorator.py for tasks to queue
[2023-04-05 21:12:40,809] {logging_mixin.py:115} INFO - [2023-04-05 21:12:40,809] {dagbag.py:507} INFO - Filling up the DagBag from /home/edinaldo/Documents/previsao_remuneracao/previsao_remuneracao/venv/lib/python3.10/site-packages/airflow/example_dags/example_dag_decorator.py
[2023-04-05 21:12:41,252] {processor.py:651} INFO - DAG(s) dict_keys(['example_dag_decorator']) retrieved from /home/edinaldo/Documents/previsao_remuneracao/previsao_remuneracao/venv/lib/python3.10/site-packages/airflow/example_dags/example_dag_decorator.py
[2023-04-05 21:12:41,384] {logging_mixin.py:115} INFO - [2023-04-05 21:12:41,384] {dag.py:2379} INFO - Sync 1 DAGs
[2023-04-05 21:12:41,417] {logging_mixin.py:115} INFO - [2023-04-05 21:12:41,417] {dag.py:2927} INFO - Setting next_dagrun for example_dag_decorator to None, run_after=None
[2023-04-05 21:12:42,077] {processor.py:161} INFO - Processing /home/edinaldo/Documents/previsao_remuneracao/previsao_remuneracao/venv/lib/python3.10/site-packages/airflow/example_dags/example_dag_decorator.py took 1.326 seconds
[2023-04-05 21:13:32,885] {processor.py:153} INFO - Started process (PID=53440) to work on /home/edinaldo/Documents/previsao_remuneracao/previsao_remuneracao/venv/lib/python3.10/site-packages/airflow/example_dags/example_dag_decorator.py
[2023-04-05 21:13:32,904] {processor.py:641} INFO - Processing file /home/edinaldo/Documents/previsao_remuneracao/previsao_remuneracao/venv/lib/python3.10/site-packages/airflow/example_dags/example_dag_decorator.py for tasks to queue
[2023-04-05 21:13:32,905] {logging_mixin.py:115} INFO - [2023-04-05 21:13:32,904] {dagbag.py:507} INFO - Filling up the DagBag from /home/edinaldo/Documents/previsao_remuneracao/previsao_remuneracao/venv/lib/python3.10/site-packages/airflow/example_dags/example_dag_decorator.py
[2023-04-05 21:13:32,970] {processor.py:651} INFO - DAG(s) dict_keys(['example_dag_decorator']) retrieved from /home/edinaldo/Documents/previsao_remuneracao/previsao_remuneracao/venv/lib/python3.10/site-packages/airflow/example_dags/example_dag_decorator.py
[2023-04-05 21:13:33,010] {logging_mixin.py:115} INFO - [2023-04-05 21:13:33,010] {dag.py:2379} INFO - Sync 1 DAGs
[2023-04-05 21:13:33,067] {logging_mixin.py:115} INFO - [2023-04-05 21:13:33,067] {dag.py:2927} INFO - Setting next_dagrun for example_dag_decorator to None, run_after=None
[2023-04-05 21:13:33,176] {processor.py:161} INFO - Processing /home/edinaldo/Documents/previsao_remuneracao/previsao_remuneracao/venv/lib/python3.10/site-packages/airflow/example_dags/example_dag_decorator.py took 0.299 seconds
[2023-04-05 21:14:13,369] {processor.py:153} INFO - Started process (PID=53476) to work on /home/edinaldo/Documents/previsao_remuneracao/previsao_remuneracao/venv/lib/python3.10/site-packages/airflow/example_dags/example_dag_decorator.py
[2023-04-05 21:14:13,375] {processor.py:641} INFO - Processing file /home/edinaldo/Documents/previsao_remuneracao/previsao_remuneracao/venv/lib/python3.10/site-packages/airflow/example_dags/example_dag_decorator.py for tasks to queue
[2023-04-05 21:14:13,376] {logging_mixin.py:115} INFO - [2023-04-05 21:14:13,376] {dagbag.py:507} INFO - Filling up the DagBag from /home/edinaldo/Documents/previsao_remuneracao/previsao_remuneracao/venv/lib/python3.10/site-packages/airflow/example_dags/example_dag_decorator.py
[2023-04-05 21:14:13,411] {processor.py:651} INFO - DAG(s) dict_keys(['example_dag_decorator']) retrieved from /home/edinaldo/Documents/previsao_remuneracao/previsao_remuneracao/venv/lib/python3.10/site-packages/airflow/example_dags/example_dag_decorator.py
[2023-04-05 21:14:13,427] {logging_mixin.py:115} INFO - [2023-04-05 21:14:13,427] {dag.py:2379} INFO - Sync 1 DAGs
[2023-04-05 21:14:13,446] {logging_mixin.py:115} INFO - [2023-04-05 21:14:13,446] {dag.py:2927} INFO - Setting next_dagrun for example_dag_decorator to None, run_after=None
[2023-04-05 21:14:13,517] {processor.py:161} INFO - Processing /home/edinaldo/Documents/previsao_remuneracao/previsao_remuneracao/venv/lib/python3.10/site-packages/airflow/example_dags/example_dag_decorator.py took 0.151 seconds
[2023-04-05 21:14:54,533] {processor.py:153} INFO - Started process (PID=53519) to work on /home/edinaldo/Documents/previsao_remuneracao/previsao_remuneracao/venv/lib/python3.10/site-packages/airflow/example_dags/example_dag_decorator.py
[2023-04-05 21:14:54,545] {processor.py:641} INFO - Processing file /home/edinaldo/Documents/previsao_remuneracao/previsao_remuneracao/venv/lib/python3.10/site-packages/airflow/example_dags/example_dag_decorator.py for tasks to queue
[2023-04-05 21:14:54,548] {logging_mixin.py:115} INFO - [2023-04-05 21:14:54,548] {dagbag.py:507} INFO - Filling up the DagBag from /home/edinaldo/Documents/previsao_remuneracao/previsao_remuneracao/venv/lib/python3.10/site-packages/airflow/example_dags/example_dag_decorator.py
[2023-04-05 21:14:54,591] {processor.py:651} INFO - DAG(s) dict_keys(['example_dag_decorator']) retrieved from /home/edinaldo/Documents/previsao_remuneracao/previsao_remuneracao/venv/lib/python3.10/site-packages/airflow/example_dags/example_dag_decorator.py
[2023-04-05 21:14:54,607] {logging_mixin.py:115} INFO - [2023-04-05 21:14:54,607] {dag.py:2379} INFO - Sync 1 DAGs
[2023-04-05 21:14:54,625] {logging_mixin.py:115} INFO - [2023-04-05 21:14:54,625] {dag.py:2927} INFO - Setting next_dagrun for example_dag_decorator to None, run_after=None
[2023-04-05 21:14:54,697] {processor.py:161} INFO - Processing /home/edinaldo/Documents/previsao_remuneracao/previsao_remuneracao/venv/lib/python3.10/site-packages/airflow/example_dags/example_dag_decorator.py took 0.174 seconds
[2023-04-05 21:15:44,186] {processor.py:153} INFO - Started process (PID=53598) to work on /home/edinaldo/Documents/previsao_remuneracao/previsao_remuneracao/venv/lib/python3.10/site-packages/airflow/example_dags/example_dag_decorator.py
[2023-04-05 21:15:44,204] {processor.py:641} INFO - Processing file /home/edinaldo/Documents/previsao_remuneracao/previsao_remuneracao/venv/lib/python3.10/site-packages/airflow/example_dags/example_dag_decorator.py for tasks to queue
[2023-04-05 21:15:44,205] {logging_mixin.py:115} INFO - [2023-04-05 21:15:44,205] {dagbag.py:507} INFO - Filling up the DagBag from /home/edinaldo/Documents/previsao_remuneracao/previsao_remuneracao/venv/lib/python3.10/site-packages/airflow/example_dags/example_dag_decorator.py
[2023-04-05 21:15:44,246] {processor.py:651} INFO - DAG(s) dict_keys(['example_dag_decorator']) retrieved from /home/edinaldo/Documents/previsao_remuneracao/previsao_remuneracao/venv/lib/python3.10/site-packages/airflow/example_dags/example_dag_decorator.py
[2023-04-05 21:15:44,263] {logging_mixin.py:115} INFO - [2023-04-05 21:15:44,263] {dag.py:2379} INFO - Sync 1 DAGs
[2023-04-05 21:15:44,281] {logging_mixin.py:115} INFO - [2023-04-05 21:15:44,281] {dag.py:2927} INFO - Setting next_dagrun for example_dag_decorator to None, run_after=None
[2023-04-05 21:15:44,349] {processor.py:161} INFO - Processing /home/edinaldo/Documents/previsao_remuneracao/previsao_remuneracao/venv/lib/python3.10/site-packages/airflow/example_dags/example_dag_decorator.py took 0.167 seconds
[2023-04-05 21:16:22,959] {processor.py:153} INFO - Started process (PID=53634) to work on /home/edinaldo/Documents/previsao_remuneracao/previsao_remuneracao/venv/lib/python3.10/site-packages/airflow/example_dags/example_dag_decorator.py
[2023-04-05 21:16:22,961] {processor.py:641} INFO - Processing file /home/edinaldo/Documents/previsao_remuneracao/previsao_remuneracao/venv/lib/python3.10/site-packages/airflow/example_dags/example_dag_decorator.py for tasks to queue
[2023-04-05 21:16:22,962] {logging_mixin.py:115} INFO - [2023-04-05 21:16:22,962] {dagbag.py:507} INFO - Filling up the DagBag from /home/edinaldo/Documents/previsao_remuneracao/previsao_remuneracao/venv/lib/python3.10/site-packages/airflow/example_dags/example_dag_decorator.py
[2023-04-05 21:16:23,000] {processor.py:651} INFO - DAG(s) dict_keys(['example_dag_decorator']) retrieved from /home/edinaldo/Documents/previsao_remuneracao/previsao_remuneracao/venv/lib/python3.10/site-packages/airflow/example_dags/example_dag_decorator.py
[2023-04-05 21:16:23,046] {logging_mixin.py:115} INFO - [2023-04-05 21:16:23,046] {dag.py:2379} INFO - Sync 1 DAGs
[2023-04-05 21:16:23,061] {logging_mixin.py:115} INFO - [2023-04-05 21:16:23,061] {dag.py:2927} INFO - Setting next_dagrun for example_dag_decorator to None, run_after=None
[2023-04-05 21:16:23,148] {processor.py:161} INFO - Processing /home/edinaldo/Documents/previsao_remuneracao/previsao_remuneracao/venv/lib/python3.10/site-packages/airflow/example_dags/example_dag_decorator.py took 0.199 seconds
[2023-04-05 21:17:04,547] {processor.py:153} INFO - Started process (PID=53701) to work on /home/edinaldo/Documents/previsao_remuneracao/previsao_remuneracao/venv/lib/python3.10/site-packages/airflow/example_dags/example_dag_decorator.py
[2023-04-05 21:17:04,555] {processor.py:641} INFO - Processing file /home/edinaldo/Documents/previsao_remuneracao/previsao_remuneracao/venv/lib/python3.10/site-packages/airflow/example_dags/example_dag_decorator.py for tasks to queue
[2023-04-05 21:17:04,556] {logging_mixin.py:115} INFO - [2023-04-05 21:17:04,556] {dagbag.py:507} INFO - Filling up the DagBag from /home/edinaldo/Documents/previsao_remuneracao/previsao_remuneracao/venv/lib/python3.10/site-packages/airflow/example_dags/example_dag_decorator.py
[2023-04-05 21:17:04,592] {processor.py:651} INFO - DAG(s) dict_keys(['example_dag_decorator']) retrieved from /home/edinaldo/Documents/previsao_remuneracao/previsao_remuneracao/venv/lib/python3.10/site-packages/airflow/example_dags/example_dag_decorator.py
[2023-04-05 21:17:04,608] {logging_mixin.py:115} INFO - [2023-04-05 21:17:04,608] {dag.py:2379} INFO - Sync 1 DAGs
[2023-04-05 21:17:04,627] {logging_mixin.py:115} INFO - [2023-04-05 21:17:04,627] {dag.py:2927} INFO - Setting next_dagrun for example_dag_decorator to None, run_after=None
[2023-04-05 21:17:04,713] {processor.py:161} INFO - Processing /home/edinaldo/Documents/previsao_remuneracao/previsao_remuneracao/venv/lib/python3.10/site-packages/airflow/example_dags/example_dag_decorator.py took 0.170 seconds
[2023-04-05 21:17:45,415] {processor.py:153} INFO - Started process (PID=53742) to work on /home/edinaldo/Documents/previsao_remuneracao/previsao_remuneracao/venv/lib/python3.10/site-packages/airflow/example_dags/example_dag_decorator.py
[2023-04-05 21:17:45,437] {processor.py:641} INFO - Processing file /home/edinaldo/Documents/previsao_remuneracao/previsao_remuneracao/venv/lib/python3.10/site-packages/airflow/example_dags/example_dag_decorator.py for tasks to queue
[2023-04-05 21:17:45,438] {logging_mixin.py:115} INFO - [2023-04-05 21:17:45,438] {dagbag.py:507} INFO - Filling up the DagBag from /home/edinaldo/Documents/previsao_remuneracao/previsao_remuneracao/venv/lib/python3.10/site-packages/airflow/example_dags/example_dag_decorator.py
[2023-04-05 21:17:45,488] {processor.py:651} INFO - DAG(s) dict_keys(['example_dag_decorator']) retrieved from /home/edinaldo/Documents/previsao_remuneracao/previsao_remuneracao/venv/lib/python3.10/site-packages/airflow/example_dags/example_dag_decorator.py
[2023-04-05 21:17:45,504] {logging_mixin.py:115} INFO - [2023-04-05 21:17:45,504] {dag.py:2379} INFO - Sync 1 DAGs
[2023-04-05 21:17:45,522] {logging_mixin.py:115} INFO - [2023-04-05 21:17:45,522] {dag.py:2927} INFO - Setting next_dagrun for example_dag_decorator to None, run_after=None
[2023-04-05 21:17:45,602] {processor.py:161} INFO - Processing /home/edinaldo/Documents/previsao_remuneracao/previsao_remuneracao/venv/lib/python3.10/site-packages/airflow/example_dags/example_dag_decorator.py took 0.191 seconds
[2023-04-05 21:18:33,822] {processor.py:153} INFO - Started process (PID=53792) to work on /home/edinaldo/Documents/previsao_remuneracao/previsao_remuneracao/venv/lib/python3.10/site-packages/airflow/example_dags/example_dag_decorator.py
[2023-04-05 21:18:33,831] {processor.py:641} INFO - Processing file /home/edinaldo/Documents/previsao_remuneracao/previsao_remuneracao/venv/lib/python3.10/site-packages/airflow/example_dags/example_dag_decorator.py for tasks to queue
[2023-04-05 21:18:33,831] {logging_mixin.py:115} INFO - [2023-04-05 21:18:33,831] {dagbag.py:507} INFO - Filling up the DagBag from /home/edinaldo/Documents/previsao_remuneracao/previsao_remuneracao/venv/lib/python3.10/site-packages/airflow/example_dags/example_dag_decorator.py
[2023-04-05 21:18:33,858] {processor.py:651} INFO - DAG(s) dict_keys(['example_dag_decorator']) retrieved from /home/edinaldo/Documents/previsao_remuneracao/previsao_remuneracao/venv/lib/python3.10/site-packages/airflow/example_dags/example_dag_decorator.py
[2023-04-05 21:18:33,875] {logging_mixin.py:115} INFO - [2023-04-05 21:18:33,875] {dag.py:2379} INFO - Sync 1 DAGs
[2023-04-05 21:18:33,893] {logging_mixin.py:115} INFO - [2023-04-05 21:18:33,893] {dag.py:2927} INFO - Setting next_dagrun for example_dag_decorator to None, run_after=None
[2023-04-05 21:18:33,955] {processor.py:161} INFO - Processing /home/edinaldo/Documents/previsao_remuneracao/previsao_remuneracao/venv/lib/python3.10/site-packages/airflow/example_dags/example_dag_decorator.py took 0.138 seconds
[2023-04-05 21:19:19,851] {processor.py:153} INFO - Started process (PID=53836) to work on /home/edinaldo/Documents/previsao_remuneracao/previsao_remuneracao/venv/lib/python3.10/site-packages/airflow/example_dags/example_dag_decorator.py
[2023-04-05 21:19:19,852] {processor.py:641} INFO - Processing file /home/edinaldo/Documents/previsao_remuneracao/previsao_remuneracao/venv/lib/python3.10/site-packages/airflow/example_dags/example_dag_decorator.py for tasks to queue
[2023-04-05 21:19:19,854] {logging_mixin.py:115} INFO - [2023-04-05 21:19:19,854] {dagbag.py:507} INFO - Filling up the DagBag from /home/edinaldo/Documents/previsao_remuneracao/previsao_remuneracao/venv/lib/python3.10/site-packages/airflow/example_dags/example_dag_decorator.py
[2023-04-05 21:19:19,889] {processor.py:651} INFO - DAG(s) dict_keys(['example_dag_decorator']) retrieved from /home/edinaldo/Documents/previsao_remuneracao/previsao_remuneracao/venv/lib/python3.10/site-packages/airflow/example_dags/example_dag_decorator.py
[2023-04-05 21:19:19,905] {logging_mixin.py:115} INFO - [2023-04-05 21:19:19,905] {dag.py:2379} INFO - Sync 1 DAGs
[2023-04-05 21:19:19,923] {logging_mixin.py:115} INFO - [2023-04-05 21:19:19,923] {dag.py:2927} INFO - Setting next_dagrun for example_dag_decorator to None, run_after=None
[2023-04-05 21:19:19,997] {processor.py:161} INFO - Processing /home/edinaldo/Documents/previsao_remuneracao/previsao_remuneracao/venv/lib/python3.10/site-packages/airflow/example_dags/example_dag_decorator.py took 0.155 seconds
[2023-04-05 21:20:00,562] {processor.py:153} INFO - Started process (PID=53880) to work on /home/edinaldo/Documents/previsao_remuneracao/previsao_remuneracao/venv/lib/python3.10/site-packages/airflow/example_dags/example_dag_decorator.py
[2023-04-05 21:20:00,563] {processor.py:641} INFO - Processing file /home/edinaldo/Documents/previsao_remuneracao/previsao_remuneracao/venv/lib/python3.10/site-packages/airflow/example_dags/example_dag_decorator.py for tasks to queue
[2023-04-05 21:20:00,563] {logging_mixin.py:115} INFO - [2023-04-05 21:20:00,563] {dagbag.py:507} INFO - Filling up the DagBag from /home/edinaldo/Documents/previsao_remuneracao/previsao_remuneracao/venv/lib/python3.10/site-packages/airflow/example_dags/example_dag_decorator.py
[2023-04-05 21:20:00,590] {processor.py:651} INFO - DAG(s) dict_keys(['example_dag_decorator']) retrieved from /home/edinaldo/Documents/previsao_remuneracao/previsao_remuneracao/venv/lib/python3.10/site-packages/airflow/example_dags/example_dag_decorator.py
[2023-04-05 21:20:00,606] {logging_mixin.py:115} INFO - [2023-04-05 21:20:00,606] {dag.py:2379} INFO - Sync 1 DAGs
[2023-04-05 21:20:00,625] {logging_mixin.py:115} INFO - [2023-04-05 21:20:00,625] {dag.py:2927} INFO - Setting next_dagrun for example_dag_decorator to None, run_after=None
[2023-04-05 21:20:00,685] {processor.py:161} INFO - Processing /home/edinaldo/Documents/previsao_remuneracao/previsao_remuneracao/venv/lib/python3.10/site-packages/airflow/example_dags/example_dag_decorator.py took 0.127 seconds
[2023-04-05 21:20:44,186] {processor.py:153} INFO - Started process (PID=53943) to work on /home/edinaldo/Documents/previsao_remuneracao/previsao_remuneracao/venv/lib/python3.10/site-packages/airflow/example_dags/example_dag_decorator.py
[2023-04-05 21:20:44,204] {processor.py:641} INFO - Processing file /home/edinaldo/Documents/previsao_remuneracao/previsao_remuneracao/venv/lib/python3.10/site-packages/airflow/example_dags/example_dag_decorator.py for tasks to queue
[2023-04-05 21:20:44,204] {logging_mixin.py:115} INFO - [2023-04-05 21:20:44,204] {dagbag.py:507} INFO - Filling up the DagBag from /home/edinaldo/Documents/previsao_remuneracao/previsao_remuneracao/venv/lib/python3.10/site-packages/airflow/example_dags/example_dag_decorator.py
[2023-04-05 21:20:44,232] {processor.py:651} INFO - DAG(s) dict_keys(['example_dag_decorator']) retrieved from /home/edinaldo/Documents/previsao_remuneracao/previsao_remuneracao/venv/lib/python3.10/site-packages/airflow/example_dags/example_dag_decorator.py
[2023-04-05 21:20:44,248] {logging_mixin.py:115} INFO - [2023-04-05 21:20:44,248] {dag.py:2379} INFO - Sync 1 DAGs
[2023-04-05 21:20:44,267] {logging_mixin.py:115} INFO - [2023-04-05 21:20:44,267] {dag.py:2927} INFO - Setting next_dagrun for example_dag_decorator to None, run_after=None
[2023-04-05 21:20:44,486] {processor.py:161} INFO - Processing /home/edinaldo/Documents/previsao_remuneracao/previsao_remuneracao/venv/lib/python3.10/site-packages/airflow/example_dags/example_dag_decorator.py took 0.303 seconds
[2023-04-05 21:21:27,804] {processor.py:153} INFO - Started process (PID=53980) to work on /home/edinaldo/Documents/previsao_remuneracao/previsao_remuneracao/venv/lib/python3.10/site-packages/airflow/example_dags/example_dag_decorator.py
[2023-04-05 21:21:27,815] {processor.py:641} INFO - Processing file /home/edinaldo/Documents/previsao_remuneracao/previsao_remuneracao/venv/lib/python3.10/site-packages/airflow/example_dags/example_dag_decorator.py for tasks to queue
[2023-04-05 21:21:27,815] {logging_mixin.py:115} INFO - [2023-04-05 21:21:27,815] {dagbag.py:507} INFO - Filling up the DagBag from /home/edinaldo/Documents/previsao_remuneracao/previsao_remuneracao/venv/lib/python3.10/site-packages/airflow/example_dags/example_dag_decorator.py
[2023-04-05 21:21:27,843] {processor.py:651} INFO - DAG(s) dict_keys(['example_dag_decorator']) retrieved from /home/edinaldo/Documents/previsao_remuneracao/previsao_remuneracao/venv/lib/python3.10/site-packages/airflow/example_dags/example_dag_decorator.py
[2023-04-05 21:21:27,922] {logging_mixin.py:115} INFO - [2023-04-05 21:21:27,922] {dag.py:2379} INFO - Sync 1 DAGs
[2023-04-05 21:21:27,937] {logging_mixin.py:115} INFO - [2023-04-05 21:21:27,937] {dag.py:2927} INFO - Setting next_dagrun for example_dag_decorator to None, run_after=None
[2023-04-05 21:21:28,025] {processor.py:161} INFO - Processing /home/edinaldo/Documents/previsao_remuneracao/previsao_remuneracao/venv/lib/python3.10/site-packages/airflow/example_dags/example_dag_decorator.py took 0.224 seconds
[2023-04-05 21:22:11,672] {processor.py:153} INFO - Started process (PID=54052) to work on /home/edinaldo/Documents/previsao_remuneracao/previsao_remuneracao/venv/lib/python3.10/site-packages/airflow/example_dags/example_dag_decorator.py
[2023-04-05 21:22:11,674] {processor.py:641} INFO - Processing file /home/edinaldo/Documents/previsao_remuneracao/previsao_remuneracao/venv/lib/python3.10/site-packages/airflow/example_dags/example_dag_decorator.py for tasks to queue
[2023-04-05 21:22:11,675] {logging_mixin.py:115} INFO - [2023-04-05 21:22:11,675] {dagbag.py:507} INFO - Filling up the DagBag from /home/edinaldo/Documents/previsao_remuneracao/previsao_remuneracao/venv/lib/python3.10/site-packages/airflow/example_dags/example_dag_decorator.py
[2023-04-05 21:22:11,706] {processor.py:651} INFO - DAG(s) dict_keys(['example_dag_decorator']) retrieved from /home/edinaldo/Documents/previsao_remuneracao/previsao_remuneracao/venv/lib/python3.10/site-packages/airflow/example_dags/example_dag_decorator.py
[2023-04-05 21:22:11,751] {logging_mixin.py:115} INFO - [2023-04-05 21:22:11,751] {dag.py:2379} INFO - Sync 1 DAGs
[2023-04-05 21:22:11,767] {logging_mixin.py:115} INFO - [2023-04-05 21:22:11,767] {dag.py:2927} INFO - Setting next_dagrun for example_dag_decorator to None, run_after=None
[2023-04-05 21:22:11,905] {processor.py:161} INFO - Processing /home/edinaldo/Documents/previsao_remuneracao/previsao_remuneracao/venv/lib/python3.10/site-packages/airflow/example_dags/example_dag_decorator.py took 0.242 seconds
[2023-04-05 21:22:57,237] {processor.py:153} INFO - Started process (PID=54095) to work on /home/edinaldo/Documents/previsao_remuneracao/previsao_remuneracao/venv/lib/python3.10/site-packages/airflow/example_dags/example_dag_decorator.py
[2023-04-05 21:22:57,238] {processor.py:641} INFO - Processing file /home/edinaldo/Documents/previsao_remuneracao/previsao_remuneracao/venv/lib/python3.10/site-packages/airflow/example_dags/example_dag_decorator.py for tasks to queue
[2023-04-05 21:22:57,238] {logging_mixin.py:115} INFO - [2023-04-05 21:22:57,238] {dagbag.py:507} INFO - Filling up the DagBag from /home/edinaldo/Documents/previsao_remuneracao/previsao_remuneracao/venv/lib/python3.10/site-packages/airflow/example_dags/example_dag_decorator.py
[2023-04-05 21:22:57,265] {processor.py:651} INFO - DAG(s) dict_keys(['example_dag_decorator']) retrieved from /home/edinaldo/Documents/previsao_remuneracao/previsao_remuneracao/venv/lib/python3.10/site-packages/airflow/example_dags/example_dag_decorator.py
[2023-04-05 21:22:57,281] {logging_mixin.py:115} INFO - [2023-04-05 21:22:57,281] {dag.py:2379} INFO - Sync 1 DAGs
[2023-04-05 21:22:57,299] {logging_mixin.py:115} INFO - [2023-04-05 21:22:57,299] {dag.py:2927} INFO - Setting next_dagrun for example_dag_decorator to None, run_after=None
[2023-04-05 21:22:57,390] {processor.py:161} INFO - Processing /home/edinaldo/Documents/previsao_remuneracao/previsao_remuneracao/venv/lib/python3.10/site-packages/airflow/example_dags/example_dag_decorator.py took 0.157 seconds
[2023-04-05 21:23:36,759] {processor.py:153} INFO - Started process (PID=54150) to work on /home/edinaldo/Documents/previsao_remuneracao/previsao_remuneracao/venv/lib/python3.10/site-packages/airflow/example_dags/example_dag_decorator.py
[2023-04-05 21:23:36,760] {processor.py:641} INFO - Processing file /home/edinaldo/Documents/previsao_remuneracao/previsao_remuneracao/venv/lib/python3.10/site-packages/airflow/example_dags/example_dag_decorator.py for tasks to queue
[2023-04-05 21:23:36,760] {logging_mixin.py:115} INFO - [2023-04-05 21:23:36,760] {dagbag.py:507} INFO - Filling up the DagBag from /home/edinaldo/Documents/previsao_remuneracao/previsao_remuneracao/venv/lib/python3.10/site-packages/airflow/example_dags/example_dag_decorator.py
[2023-04-05 21:23:36,787] {processor.py:651} INFO - DAG(s) dict_keys(['example_dag_decorator']) retrieved from /home/edinaldo/Documents/previsao_remuneracao/previsao_remuneracao/venv/lib/python3.10/site-packages/airflow/example_dags/example_dag_decorator.py
[2023-04-05 21:23:36,803] {logging_mixin.py:115} INFO - [2023-04-05 21:23:36,803] {dag.py:2379} INFO - Sync 1 DAGs
[2023-04-05 21:23:36,821] {logging_mixin.py:115} INFO - [2023-04-05 21:23:36,821] {dag.py:2927} INFO - Setting next_dagrun for example_dag_decorator to None, run_after=None
[2023-04-05 21:23:36,910] {processor.py:161} INFO - Processing /home/edinaldo/Documents/previsao_remuneracao/previsao_remuneracao/venv/lib/python3.10/site-packages/airflow/example_dags/example_dag_decorator.py took 0.155 seconds
[2023-04-05 21:24:17,579] {processor.py:153} INFO - Started process (PID=54186) to work on /home/edinaldo/Documents/previsao_remuneracao/previsao_remuneracao/venv/lib/python3.10/site-packages/airflow/example_dags/example_dag_decorator.py
[2023-04-05 21:24:17,584] {processor.py:641} INFO - Processing file /home/edinaldo/Documents/previsao_remuneracao/previsao_remuneracao/venv/lib/python3.10/site-packages/airflow/example_dags/example_dag_decorator.py for tasks to queue
[2023-04-05 21:24:17,585] {logging_mixin.py:115} INFO - [2023-04-05 21:24:17,584] {dagbag.py:507} INFO - Filling up the DagBag from /home/edinaldo/Documents/previsao_remuneracao/previsao_remuneracao/venv/lib/python3.10/site-packages/airflow/example_dags/example_dag_decorator.py
[2023-04-05 21:24:17,635] {processor.py:651} INFO - DAG(s) dict_keys(['example_dag_decorator']) retrieved from /home/edinaldo/Documents/previsao_remuneracao/previsao_remuneracao/venv/lib/python3.10/site-packages/airflow/example_dags/example_dag_decorator.py
[2023-04-05 21:24:17,657] {logging_mixin.py:115} INFO - [2023-04-05 21:24:17,657] {dag.py:2379} INFO - Sync 1 DAGs
[2023-04-05 21:24:17,676] {logging_mixin.py:115} INFO - [2023-04-05 21:24:17,676] {dag.py:2927} INFO - Setting next_dagrun for example_dag_decorator to None, run_after=None
[2023-04-05 21:24:17,756] {processor.py:161} INFO - Processing /home/edinaldo/Documents/previsao_remuneracao/previsao_remuneracao/venv/lib/python3.10/site-packages/airflow/example_dags/example_dag_decorator.py took 0.184 seconds
[2023-04-05 21:25:02,179] {processor.py:153} INFO - Started process (PID=54437) to work on /home/edinaldo/Documents/previsao_remuneracao/previsao_remuneracao/venv/lib/python3.10/site-packages/airflow/example_dags/example_dag_decorator.py
[2023-04-05 21:25:02,192] {processor.py:641} INFO - Processing file /home/edinaldo/Documents/previsao_remuneracao/previsao_remuneracao/venv/lib/python3.10/site-packages/airflow/example_dags/example_dag_decorator.py for tasks to queue
[2023-04-05 21:25:02,194] {logging_mixin.py:115} INFO - [2023-04-05 21:25:02,193] {dagbag.py:507} INFO - Filling up the DagBag from /home/edinaldo/Documents/previsao_remuneracao/previsao_remuneracao/venv/lib/python3.10/site-packages/airflow/example_dags/example_dag_decorator.py
[2023-04-05 21:25:02,265] {processor.py:651} INFO - DAG(s) dict_keys(['example_dag_decorator']) retrieved from /home/edinaldo/Documents/previsao_remuneracao/previsao_remuneracao/venv/lib/python3.10/site-packages/airflow/example_dags/example_dag_decorator.py
[2023-04-05 21:25:02,292] {logging_mixin.py:115} INFO - [2023-04-05 21:25:02,292] {dag.py:2379} INFO - Sync 1 DAGs
[2023-04-05 21:25:02,318] {logging_mixin.py:115} INFO - [2023-04-05 21:25:02,317] {dag.py:2927} INFO - Setting next_dagrun for example_dag_decorator to None, run_after=None
[2023-04-05 21:25:02,405] {processor.py:161} INFO - Processing /home/edinaldo/Documents/previsao_remuneracao/previsao_remuneracao/venv/lib/python3.10/site-packages/airflow/example_dags/example_dag_decorator.py took 0.232 seconds
[2023-04-05 21:25:45,230] {processor.py:153} INFO - Started process (PID=54685) to work on /home/edinaldo/Documents/previsao_remuneracao/previsao_remuneracao/venv/lib/python3.10/site-packages/airflow/example_dags/example_dag_decorator.py
[2023-04-05 21:25:45,231] {processor.py:641} INFO - Processing file /home/edinaldo/Documents/previsao_remuneracao/previsao_remuneracao/venv/lib/python3.10/site-packages/airflow/example_dags/example_dag_decorator.py for tasks to queue
[2023-04-05 21:25:45,232] {logging_mixin.py:115} INFO - [2023-04-05 21:25:45,232] {dagbag.py:507} INFO - Filling up the DagBag from /home/edinaldo/Documents/previsao_remuneracao/previsao_remuneracao/venv/lib/python3.10/site-packages/airflow/example_dags/example_dag_decorator.py
[2023-04-05 21:25:45,269] {processor.py:651} INFO - DAG(s) dict_keys(['example_dag_decorator']) retrieved from /home/edinaldo/Documents/previsao_remuneracao/previsao_remuneracao/venv/lib/python3.10/site-packages/airflow/example_dags/example_dag_decorator.py
[2023-04-05 21:25:45,300] {logging_mixin.py:115} INFO - [2023-04-05 21:25:45,300] {dag.py:2379} INFO - Sync 1 DAGs
[2023-04-05 21:25:45,336] {logging_mixin.py:115} INFO - [2023-04-05 21:25:45,336] {dag.py:2927} INFO - Setting next_dagrun for example_dag_decorator to None, run_after=None
[2023-04-05 21:25:45,416] {processor.py:161} INFO - Processing /home/edinaldo/Documents/previsao_remuneracao/previsao_remuneracao/venv/lib/python3.10/site-packages/airflow/example_dags/example_dag_decorator.py took 0.189 seconds
[2023-04-05 21:26:25,065] {processor.py:153} INFO - Started process (PID=54906) to work on /home/edinaldo/Documents/previsao_remuneracao/previsao_remuneracao/venv/lib/python3.10/site-packages/airflow/example_dags/example_dag_decorator.py
[2023-04-05 21:26:25,067] {processor.py:641} INFO - Processing file /home/edinaldo/Documents/previsao_remuneracao/previsao_remuneracao/venv/lib/python3.10/site-packages/airflow/example_dags/example_dag_decorator.py for tasks to queue
[2023-04-05 21:26:25,068] {logging_mixin.py:115} INFO - [2023-04-05 21:26:25,067] {dagbag.py:507} INFO - Filling up the DagBag from /home/edinaldo/Documents/previsao_remuneracao/previsao_remuneracao/venv/lib/python3.10/site-packages/airflow/example_dags/example_dag_decorator.py
[2023-04-05 21:26:25,112] {processor.py:651} INFO - DAG(s) dict_keys(['example_dag_decorator']) retrieved from /home/edinaldo/Documents/previsao_remuneracao/previsao_remuneracao/venv/lib/python3.10/site-packages/airflow/example_dags/example_dag_decorator.py
[2023-04-05 21:26:25,162] {logging_mixin.py:115} INFO - [2023-04-05 21:26:25,162] {dag.py:2379} INFO - Sync 1 DAGs
[2023-04-05 21:26:25,178] {logging_mixin.py:115} INFO - [2023-04-05 21:26:25,177] {dag.py:2927} INFO - Setting next_dagrun for example_dag_decorator to None, run_after=None
[2023-04-05 21:26:25,261] {processor.py:161} INFO - Processing /home/edinaldo/Documents/previsao_remuneracao/previsao_remuneracao/venv/lib/python3.10/site-packages/airflow/example_dags/example_dag_decorator.py took 0.204 seconds
[2023-04-05 21:27:14,024] {processor.py:153} INFO - Started process (PID=55187) to work on /home/edinaldo/Documents/previsao_remuneracao/previsao_remuneracao/venv/lib/python3.10/site-packages/airflow/example_dags/example_dag_decorator.py
[2023-04-05 21:27:14,025] {processor.py:641} INFO - Processing file /home/edinaldo/Documents/previsao_remuneracao/previsao_remuneracao/venv/lib/python3.10/site-packages/airflow/example_dags/example_dag_decorator.py for tasks to queue
[2023-04-05 21:27:14,026] {logging_mixin.py:115} INFO - [2023-04-05 21:27:14,026] {dagbag.py:507} INFO - Filling up the DagBag from /home/edinaldo/Documents/previsao_remuneracao/previsao_remuneracao/venv/lib/python3.10/site-packages/airflow/example_dags/example_dag_decorator.py
[2023-04-05 21:27:14,068] {processor.py:651} INFO - DAG(s) dict_keys(['example_dag_decorator']) retrieved from /home/edinaldo/Documents/previsao_remuneracao/previsao_remuneracao/venv/lib/python3.10/site-packages/airflow/example_dags/example_dag_decorator.py
[2023-04-05 21:27:14,086] {logging_mixin.py:115} INFO - [2023-04-05 21:27:14,086] {dag.py:2379} INFO - Sync 1 DAGs
[2023-04-05 21:27:14,105] {logging_mixin.py:115} INFO - [2023-04-05 21:27:14,105] {dag.py:2927} INFO - Setting next_dagrun for example_dag_decorator to None, run_after=None
[2023-04-05 21:27:14,182] {processor.py:161} INFO - Processing /home/edinaldo/Documents/previsao_remuneracao/previsao_remuneracao/venv/lib/python3.10/site-packages/airflow/example_dags/example_dag_decorator.py took 0.163 seconds
[2023-04-05 21:27:52,866] {processor.py:153} INFO - Started process (PID=55454) to work on /home/edinaldo/Documents/previsao_remuneracao/previsao_remuneracao/venv/lib/python3.10/site-packages/airflow/example_dags/example_dag_decorator.py
[2023-04-05 21:27:52,882] {processor.py:641} INFO - Processing file /home/edinaldo/Documents/previsao_remuneracao/previsao_remuneracao/venv/lib/python3.10/site-packages/airflow/example_dags/example_dag_decorator.py for tasks to queue
[2023-04-05 21:27:52,886] {logging_mixin.py:115} INFO - [2023-04-05 21:27:52,886] {dagbag.py:507} INFO - Filling up the DagBag from /home/edinaldo/Documents/previsao_remuneracao/previsao_remuneracao/venv/lib/python3.10/site-packages/airflow/example_dags/example_dag_decorator.py
[2023-04-05 21:27:53,064] {processor.py:651} INFO - DAG(s) dict_keys(['example_dag_decorator']) retrieved from /home/edinaldo/Documents/previsao_remuneracao/previsao_remuneracao/venv/lib/python3.10/site-packages/airflow/example_dags/example_dag_decorator.py
[2023-04-05 21:27:53,104] {logging_mixin.py:115} INFO - [2023-04-05 21:27:53,104] {dag.py:2379} INFO - Sync 1 DAGs
[2023-04-05 21:27:53,136] {logging_mixin.py:115} INFO - [2023-04-05 21:27:53,136] {dag.py:2927} INFO - Setting next_dagrun for example_dag_decorator to None, run_after=None
[2023-04-05 21:27:53,266] {processor.py:161} INFO - Processing /home/edinaldo/Documents/previsao_remuneracao/previsao_remuneracao/venv/lib/python3.10/site-packages/airflow/example_dags/example_dag_decorator.py took 0.418 seconds
[2023-04-05 21:28:58,106] {processor.py:153} INFO - Started process (PID=55603) to work on /home/edinaldo/Documents/previsao_remuneracao/previsao_remuneracao/venv/lib/python3.10/site-packages/airflow/example_dags/example_dag_decorator.py
[2023-04-05 21:28:58,116] {processor.py:641} INFO - Processing file /home/edinaldo/Documents/previsao_remuneracao/previsao_remuneracao/venv/lib/python3.10/site-packages/airflow/example_dags/example_dag_decorator.py for tasks to queue
[2023-04-05 21:28:58,117] {logging_mixin.py:115} INFO - [2023-04-05 21:28:58,117] {dagbag.py:507} INFO - Filling up the DagBag from /home/edinaldo/Documents/previsao_remuneracao/previsao_remuneracao/venv/lib/python3.10/site-packages/airflow/example_dags/example_dag_decorator.py
[2023-04-05 21:28:58,175] {processor.py:651} INFO - DAG(s) dict_keys(['example_dag_decorator']) retrieved from /home/edinaldo/Documents/previsao_remuneracao/previsao_remuneracao/venv/lib/python3.10/site-packages/airflow/example_dags/example_dag_decorator.py
[2023-04-05 21:28:58,200] {logging_mixin.py:115} INFO - [2023-04-05 21:28:58,200] {dag.py:2379} INFO - Sync 1 DAGs
[2023-04-05 21:28:58,228] {logging_mixin.py:115} INFO - [2023-04-05 21:28:58,228] {dag.py:2927} INFO - Setting next_dagrun for example_dag_decorator to None, run_after=None
[2023-04-05 21:28:58,309] {processor.py:161} INFO - Processing /home/edinaldo/Documents/previsao_remuneracao/previsao_remuneracao/venv/lib/python3.10/site-packages/airflow/example_dags/example_dag_decorator.py took 0.209 seconds
[2023-04-05 21:29:45,386] {processor.py:153} INFO - Started process (PID=55647) to work on /home/edinaldo/Documents/previsao_remuneracao/previsao_remuneracao/venv/lib/python3.10/site-packages/airflow/example_dags/example_dag_decorator.py
[2023-04-05 21:29:45,396] {processor.py:641} INFO - Processing file /home/edinaldo/Documents/previsao_remuneracao/previsao_remuneracao/venv/lib/python3.10/site-packages/airflow/example_dags/example_dag_decorator.py for tasks to queue
[2023-04-05 21:29:45,397] {logging_mixin.py:115} INFO - [2023-04-05 21:29:45,397] {dagbag.py:507} INFO - Filling up the DagBag from /home/edinaldo/Documents/previsao_remuneracao/previsao_remuneracao/venv/lib/python3.10/site-packages/airflow/example_dags/example_dag_decorator.py
[2023-04-05 21:29:45,455] {processor.py:651} INFO - DAG(s) dict_keys(['example_dag_decorator']) retrieved from /home/edinaldo/Documents/previsao_remuneracao/previsao_remuneracao/venv/lib/python3.10/site-packages/airflow/example_dags/example_dag_decorator.py
[2023-04-05 21:29:45,484] {logging_mixin.py:115} INFO - [2023-04-05 21:29:45,484] {dag.py:2379} INFO - Sync 1 DAGs
[2023-04-05 21:29:45,523] {logging_mixin.py:115} INFO - [2023-04-05 21:29:45,523] {dag.py:2927} INFO - Setting next_dagrun for example_dag_decorator to None, run_after=None
[2023-04-05 21:29:45,646] {processor.py:161} INFO - Processing /home/edinaldo/Documents/previsao_remuneracao/previsao_remuneracao/venv/lib/python3.10/site-packages/airflow/example_dags/example_dag_decorator.py took 0.266 seconds
[2023-04-05 21:30:29,096] {processor.py:153} INFO - Started process (PID=55686) to work on /home/edinaldo/Documents/previsao_remuneracao/previsao_remuneracao/venv/lib/python3.10/site-packages/airflow/example_dags/example_dag_decorator.py
[2023-04-05 21:30:29,097] {processor.py:641} INFO - Processing file /home/edinaldo/Documents/previsao_remuneracao/previsao_remuneracao/venv/lib/python3.10/site-packages/airflow/example_dags/example_dag_decorator.py for tasks to queue
[2023-04-05 21:30:29,098] {logging_mixin.py:115} INFO - [2023-04-05 21:30:29,098] {dagbag.py:507} INFO - Filling up the DagBag from /home/edinaldo/Documents/previsao_remuneracao/previsao_remuneracao/venv/lib/python3.10/site-packages/airflow/example_dags/example_dag_decorator.py
[2023-04-05 21:30:29,134] {processor.py:651} INFO - DAG(s) dict_keys(['example_dag_decorator']) retrieved from /home/edinaldo/Documents/previsao_remuneracao/previsao_remuneracao/venv/lib/python3.10/site-packages/airflow/example_dags/example_dag_decorator.py
[2023-04-05 21:30:29,156] {logging_mixin.py:115} INFO - [2023-04-05 21:30:29,156] {dag.py:2379} INFO - Sync 1 DAGs
[2023-04-05 21:30:29,176] {logging_mixin.py:115} INFO - [2023-04-05 21:30:29,176] {dag.py:2927} INFO - Setting next_dagrun for example_dag_decorator to None, run_after=None
[2023-04-05 21:30:29,250] {processor.py:161} INFO - Processing /home/edinaldo/Documents/previsao_remuneracao/previsao_remuneracao/venv/lib/python3.10/site-packages/airflow/example_dags/example_dag_decorator.py took 0.163 seconds
[2023-04-05 21:31:12,537] {processor.py:153} INFO - Started process (PID=55750) to work on /home/edinaldo/Documents/previsao_remuneracao/previsao_remuneracao/venv/lib/python3.10/site-packages/airflow/example_dags/example_dag_decorator.py
[2023-04-05 21:31:12,542] {processor.py:641} INFO - Processing file /home/edinaldo/Documents/previsao_remuneracao/previsao_remuneracao/venv/lib/python3.10/site-packages/airflow/example_dags/example_dag_decorator.py for tasks to queue
[2023-04-05 21:31:12,544] {logging_mixin.py:115} INFO - [2023-04-05 21:31:12,544] {dagbag.py:507} INFO - Filling up the DagBag from /home/edinaldo/Documents/previsao_remuneracao/previsao_remuneracao/venv/lib/python3.10/site-packages/airflow/example_dags/example_dag_decorator.py
[2023-04-05 21:31:12,587] {processor.py:651} INFO - DAG(s) dict_keys(['example_dag_decorator']) retrieved from /home/edinaldo/Documents/previsao_remuneracao/previsao_remuneracao/venv/lib/python3.10/site-packages/airflow/example_dags/example_dag_decorator.py
[2023-04-05 21:31:12,652] {logging_mixin.py:115} INFO - [2023-04-05 21:31:12,652] {dag.py:2379} INFO - Sync 1 DAGs
[2023-04-05 21:31:12,681] {logging_mixin.py:115} INFO - [2023-04-05 21:31:12,681] {dag.py:2927} INFO - Setting next_dagrun for example_dag_decorator to None, run_after=None
[2023-04-05 21:31:12,771] {processor.py:161} INFO - Processing /home/edinaldo/Documents/previsao_remuneracao/previsao_remuneracao/venv/lib/python3.10/site-packages/airflow/example_dags/example_dag_decorator.py took 0.238 seconds
[2023-04-05 21:31:57,978] {processor.py:153} INFO - Started process (PID=55891) to work on /home/edinaldo/Documents/previsao_remuneracao/previsao_remuneracao/venv/lib/python3.10/site-packages/airflow/example_dags/example_dag_decorator.py
[2023-04-05 21:31:58,022] {processor.py:641} INFO - Processing file /home/edinaldo/Documents/previsao_remuneracao/previsao_remuneracao/venv/lib/python3.10/site-packages/airflow/example_dags/example_dag_decorator.py for tasks to queue
[2023-04-05 21:31:58,024] {logging_mixin.py:115} INFO - [2023-04-05 21:31:58,024] {dagbag.py:507} INFO - Filling up the DagBag from /home/edinaldo/Documents/previsao_remuneracao/previsao_remuneracao/venv/lib/python3.10/site-packages/airflow/example_dags/example_dag_decorator.py
[2023-04-05 21:31:58,174] {processor.py:651} INFO - DAG(s) dict_keys(['example_dag_decorator']) retrieved from /home/edinaldo/Documents/previsao_remuneracao/previsao_remuneracao/venv/lib/python3.10/site-packages/airflow/example_dags/example_dag_decorator.py
[2023-04-05 21:31:58,289] {logging_mixin.py:115} INFO - [2023-04-05 21:31:58,288] {dag.py:2379} INFO - Sync 1 DAGs
[2023-04-05 21:31:58,316] {logging_mixin.py:115} INFO - [2023-04-05 21:31:58,316] {dag.py:2927} INFO - Setting next_dagrun for example_dag_decorator to None, run_after=None
[2023-04-05 21:31:58,575] {processor.py:161} INFO - Processing /home/edinaldo/Documents/previsao_remuneracao/previsao_remuneracao/venv/lib/python3.10/site-packages/airflow/example_dags/example_dag_decorator.py took 0.608 seconds
[2023-04-05 21:32:47,916] {processor.py:153} INFO - Started process (PID=56086) to work on /home/edinaldo/Documents/previsao_remuneracao/previsao_remuneracao/venv/lib/python3.10/site-packages/airflow/example_dags/example_dag_decorator.py
[2023-04-05 21:32:47,946] {processor.py:641} INFO - Processing file /home/edinaldo/Documents/previsao_remuneracao/previsao_remuneracao/venv/lib/python3.10/site-packages/airflow/example_dags/example_dag_decorator.py for tasks to queue
[2023-04-05 21:32:47,947] {logging_mixin.py:115} INFO - [2023-04-05 21:32:47,947] {dagbag.py:507} INFO - Filling up the DagBag from /home/edinaldo/Documents/previsao_remuneracao/previsao_remuneracao/venv/lib/python3.10/site-packages/airflow/example_dags/example_dag_decorator.py
[2023-04-05 21:32:48,057] {processor.py:651} INFO - DAG(s) dict_keys(['example_dag_decorator']) retrieved from /home/edinaldo/Documents/previsao_remuneracao/previsao_remuneracao/venv/lib/python3.10/site-packages/airflow/example_dags/example_dag_decorator.py
[2023-04-05 21:32:48,092] {logging_mixin.py:115} INFO - [2023-04-05 21:32:48,092] {dag.py:2379} INFO - Sync 1 DAGs
[2023-04-05 21:32:48,125] {logging_mixin.py:115} INFO - [2023-04-05 21:32:48,125] {dag.py:2927} INFO - Setting next_dagrun for example_dag_decorator to None, run_after=None
[2023-04-05 21:32:48,257] {processor.py:161} INFO - Processing /home/edinaldo/Documents/previsao_remuneracao/previsao_remuneracao/venv/lib/python3.10/site-packages/airflow/example_dags/example_dag_decorator.py took 0.345 seconds
[2023-04-05 21:33:30,478] {processor.py:153} INFO - Started process (PID=56132) to work on /home/edinaldo/Documents/previsao_remuneracao/previsao_remuneracao/venv/lib/python3.10/site-packages/airflow/example_dags/example_dag_decorator.py
[2023-04-05 21:33:30,479] {processor.py:641} INFO - Processing file /home/edinaldo/Documents/previsao_remuneracao/previsao_remuneracao/venv/lib/python3.10/site-packages/airflow/example_dags/example_dag_decorator.py for tasks to queue
[2023-04-05 21:33:30,481] {logging_mixin.py:115} INFO - [2023-04-05 21:33:30,480] {dagbag.py:507} INFO - Filling up the DagBag from /home/edinaldo/Documents/previsao_remuneracao/previsao_remuneracao/venv/lib/python3.10/site-packages/airflow/example_dags/example_dag_decorator.py
[2023-04-05 21:33:30,537] {processor.py:651} INFO - DAG(s) dict_keys(['example_dag_decorator']) retrieved from /home/edinaldo/Documents/previsao_remuneracao/previsao_remuneracao/venv/lib/python3.10/site-packages/airflow/example_dags/example_dag_decorator.py
[2023-04-05 21:33:30,562] {logging_mixin.py:115} INFO - [2023-04-05 21:33:30,562] {dag.py:2379} INFO - Sync 1 DAGs
[2023-04-05 21:33:30,597] {logging_mixin.py:115} INFO - [2023-04-05 21:33:30,597] {dag.py:2927} INFO - Setting next_dagrun for example_dag_decorator to None, run_after=None
[2023-04-05 21:33:30,721] {processor.py:161} INFO - Processing /home/edinaldo/Documents/previsao_remuneracao/previsao_remuneracao/venv/lib/python3.10/site-packages/airflow/example_dags/example_dag_decorator.py took 0.253 seconds
[2023-04-05 21:34:14,153] {processor.py:153} INFO - Started process (PID=56192) to work on /home/edinaldo/Documents/previsao_remuneracao/previsao_remuneracao/venv/lib/python3.10/site-packages/airflow/example_dags/example_dag_decorator.py
[2023-04-05 21:34:14,155] {processor.py:641} INFO - Processing file /home/edinaldo/Documents/previsao_remuneracao/previsao_remuneracao/venv/lib/python3.10/site-packages/airflow/example_dags/example_dag_decorator.py for tasks to queue
[2023-04-05 21:34:14,156] {logging_mixin.py:115} INFO - [2023-04-05 21:34:14,156] {dagbag.py:507} INFO - Filling up the DagBag from /home/edinaldo/Documents/previsao_remuneracao/previsao_remuneracao/venv/lib/python3.10/site-packages/airflow/example_dags/example_dag_decorator.py
[2023-04-05 21:34:14,189] {processor.py:651} INFO - DAG(s) dict_keys(['example_dag_decorator']) retrieved from /home/edinaldo/Documents/previsao_remuneracao/previsao_remuneracao/venv/lib/python3.10/site-packages/airflow/example_dags/example_dag_decorator.py
[2023-04-05 21:34:14,206] {logging_mixin.py:115} INFO - [2023-04-05 21:34:14,206] {dag.py:2379} INFO - Sync 1 DAGs
[2023-04-05 21:34:14,225] {logging_mixin.py:115} INFO - [2023-04-05 21:34:14,225] {dag.py:2927} INFO - Setting next_dagrun for example_dag_decorator to None, run_after=None
[2023-04-05 21:34:14,299] {processor.py:161} INFO - Processing /home/edinaldo/Documents/previsao_remuneracao/previsao_remuneracao/venv/lib/python3.10/site-packages/airflow/example_dags/example_dag_decorator.py took 0.157 seconds
[2023-04-05 21:35:00,085] {processor.py:153} INFO - Started process (PID=56251) to work on /home/edinaldo/Documents/previsao_remuneracao/previsao_remuneracao/venv/lib/python3.10/site-packages/airflow/example_dags/example_dag_decorator.py
[2023-04-05 21:35:00,086] {processor.py:641} INFO - Processing file /home/edinaldo/Documents/previsao_remuneracao/previsao_remuneracao/venv/lib/python3.10/site-packages/airflow/example_dags/example_dag_decorator.py for tasks to queue
[2023-04-05 21:35:00,087] {logging_mixin.py:115} INFO - [2023-04-05 21:35:00,087] {dagbag.py:507} INFO - Filling up the DagBag from /home/edinaldo/Documents/previsao_remuneracao/previsao_remuneracao/venv/lib/python3.10/site-packages/airflow/example_dags/example_dag_decorator.py
[2023-04-05 21:35:00,132] {processor.py:651} INFO - DAG(s) dict_keys(['example_dag_decorator']) retrieved from /home/edinaldo/Documents/previsao_remuneracao/previsao_remuneracao/venv/lib/python3.10/site-packages/airflow/example_dags/example_dag_decorator.py
[2023-04-05 21:35:00,159] {logging_mixin.py:115} INFO - [2023-04-05 21:35:00,158] {dag.py:2379} INFO - Sync 1 DAGs
[2023-04-05 21:35:00,191] {logging_mixin.py:115} INFO - [2023-04-05 21:35:00,191] {dag.py:2927} INFO - Setting next_dagrun for example_dag_decorator to None, run_after=None
[2023-04-05 21:35:00,270] {processor.py:161} INFO - Processing /home/edinaldo/Documents/previsao_remuneracao/previsao_remuneracao/venv/lib/python3.10/site-packages/airflow/example_dags/example_dag_decorator.py took 0.190 seconds
[2023-04-05 21:36:00,161] {processor.py:153} INFO - Started process (PID=56470) to work on /home/edinaldo/Documents/previsao_remuneracao/previsao_remuneracao/venv/lib/python3.10/site-packages/airflow/example_dags/example_dag_decorator.py
[2023-04-05 21:36:00,228] {processor.py:641} INFO - Processing file /home/edinaldo/Documents/previsao_remuneracao/previsao_remuneracao/venv/lib/python3.10/site-packages/airflow/example_dags/example_dag_decorator.py for tasks to queue
[2023-04-05 21:36:00,228] {logging_mixin.py:115} INFO - [2023-04-05 21:36:00,228] {dagbag.py:507} INFO - Filling up the DagBag from /home/edinaldo/Documents/previsao_remuneracao/previsao_remuneracao/venv/lib/python3.10/site-packages/airflow/example_dags/example_dag_decorator.py
[2023-04-05 21:36:01,420] {processor.py:651} INFO - DAG(s) dict_keys(['example_dag_decorator']) retrieved from /home/edinaldo/Documents/previsao_remuneracao/previsao_remuneracao/venv/lib/python3.10/site-packages/airflow/example_dags/example_dag_decorator.py
[2023-04-05 21:36:02,357] {logging_mixin.py:115} INFO - [2023-04-05 21:36:02,357] {dag.py:2379} INFO - Sync 1 DAGs
[2023-04-05 21:36:02,941] {logging_mixin.py:115} INFO - [2023-04-05 21:36:02,941] {dag.py:2927} INFO - Setting next_dagrun for example_dag_decorator to None, run_after=None
[2023-04-05 21:36:04,073] {processor.py:161} INFO - Processing /home/edinaldo/Documents/previsao_remuneracao/previsao_remuneracao/venv/lib/python3.10/site-packages/airflow/example_dags/example_dag_decorator.py took 3.916 seconds
[2023-04-05 21:37:32,846] {processor.py:153} INFO - Started process (PID=56820) to work on /home/edinaldo/Documents/previsao_remuneracao/previsao_remuneracao/venv/lib/python3.10/site-packages/airflow/example_dags/example_dag_decorator.py
[2023-04-05 21:37:32,863] {processor.py:641} INFO - Processing file /home/edinaldo/Documents/previsao_remuneracao/previsao_remuneracao/venv/lib/python3.10/site-packages/airflow/example_dags/example_dag_decorator.py for tasks to queue
[2023-04-05 21:37:32,864] {logging_mixin.py:115} INFO - [2023-04-05 21:37:32,864] {dagbag.py:507} INFO - Filling up the DagBag from /home/edinaldo/Documents/previsao_remuneracao/previsao_remuneracao/venv/lib/python3.10/site-packages/airflow/example_dags/example_dag_decorator.py
[2023-04-05 21:37:33,005] {processor.py:651} INFO - DAG(s) dict_keys(['example_dag_decorator']) retrieved from /home/edinaldo/Documents/previsao_remuneracao/previsao_remuneracao/venv/lib/python3.10/site-packages/airflow/example_dags/example_dag_decorator.py
[2023-04-05 21:37:33,132] {logging_mixin.py:115} INFO - [2023-04-05 21:37:33,132] {dag.py:2379} INFO - Sync 1 DAGs
[2023-04-05 21:37:33,173] {logging_mixin.py:115} INFO - [2023-04-05 21:37:33,173] {dag.py:2927} INFO - Setting next_dagrun for example_dag_decorator to None, run_after=None
[2023-04-05 21:37:33,321] {processor.py:161} INFO - Processing /home/edinaldo/Documents/previsao_remuneracao/previsao_remuneracao/venv/lib/python3.10/site-packages/airflow/example_dags/example_dag_decorator.py took 0.479 seconds
[2023-04-05 21:38:34,716] {processor.py:153} INFO - Started process (PID=57057) to work on /home/edinaldo/Documents/previsao_remuneracao/previsao_remuneracao/venv/lib/python3.10/site-packages/airflow/example_dags/example_dag_decorator.py
[2023-04-05 21:38:34,734] {processor.py:641} INFO - Processing file /home/edinaldo/Documents/previsao_remuneracao/previsao_remuneracao/venv/lib/python3.10/site-packages/airflow/example_dags/example_dag_decorator.py for tasks to queue
[2023-04-05 21:38:34,735] {logging_mixin.py:115} INFO - [2023-04-05 21:38:34,735] {dagbag.py:507} INFO - Filling up the DagBag from /home/edinaldo/Documents/previsao_remuneracao/previsao_remuneracao/venv/lib/python3.10/site-packages/airflow/example_dags/example_dag_decorator.py
[2023-04-05 21:38:34,865] {processor.py:651} INFO - DAG(s) dict_keys(['example_dag_decorator']) retrieved from /home/edinaldo/Documents/previsao_remuneracao/previsao_remuneracao/venv/lib/python3.10/site-packages/airflow/example_dags/example_dag_decorator.py
[2023-04-05 21:38:34,894] {logging_mixin.py:115} INFO - [2023-04-05 21:38:34,893] {dag.py:2379} INFO - Sync 1 DAGs
[2023-04-05 21:38:34,914] {logging_mixin.py:115} INFO - [2023-04-05 21:38:34,913] {dag.py:2927} INFO - Setting next_dagrun for example_dag_decorator to None, run_after=None
[2023-04-05 21:38:35,107] {processor.py:161} INFO - Processing /home/edinaldo/Documents/previsao_remuneracao/previsao_remuneracao/venv/lib/python3.10/site-packages/airflow/example_dags/example_dag_decorator.py took 0.401 seconds
[2023-04-05 21:40:00,642] {processor.py:153} INFO - Started process (PID=57523) to work on /home/edinaldo/Documents/previsao_remuneracao/previsao_remuneracao/venv/lib/python3.10/site-packages/airflow/example_dags/example_dag_decorator.py
[2023-04-05 21:40:00,659] {processor.py:641} INFO - Processing file /home/edinaldo/Documents/previsao_remuneracao/previsao_remuneracao/venv/lib/python3.10/site-packages/airflow/example_dags/example_dag_decorator.py for tasks to queue
[2023-04-05 21:40:00,661] {logging_mixin.py:115} INFO - [2023-04-05 21:40:00,661] {dagbag.py:507} INFO - Filling up the DagBag from /home/edinaldo/Documents/previsao_remuneracao/previsao_remuneracao/venv/lib/python3.10/site-packages/airflow/example_dags/example_dag_decorator.py
[2023-04-05 21:40:00,732] {processor.py:651} INFO - DAG(s) dict_keys(['example_dag_decorator']) retrieved from /home/edinaldo/Documents/previsao_remuneracao/previsao_remuneracao/venv/lib/python3.10/site-packages/airflow/example_dags/example_dag_decorator.py
[2023-04-05 21:40:00,749] {logging_mixin.py:115} INFO - [2023-04-05 21:40:00,749] {dag.py:2379} INFO - Sync 1 DAGs
[2023-04-05 21:40:00,767] {logging_mixin.py:115} INFO - [2023-04-05 21:40:00,767] {dag.py:2927} INFO - Setting next_dagrun for example_dag_decorator to None, run_after=None
[2023-04-05 21:40:00,841] {processor.py:161} INFO - Processing /home/edinaldo/Documents/previsao_remuneracao/previsao_remuneracao/venv/lib/python3.10/site-packages/airflow/example_dags/example_dag_decorator.py took 0.208 seconds
[2023-04-05 21:40:46,636] {processor.py:153} INFO - Started process (PID=57752) to work on /home/edinaldo/Documents/previsao_remuneracao/previsao_remuneracao/venv/lib/python3.10/site-packages/airflow/example_dags/example_dag_decorator.py
[2023-04-05 21:40:46,655] {processor.py:641} INFO - Processing file /home/edinaldo/Documents/previsao_remuneracao/previsao_remuneracao/venv/lib/python3.10/site-packages/airflow/example_dags/example_dag_decorator.py for tasks to queue
[2023-04-05 21:40:46,656] {logging_mixin.py:115} INFO - [2023-04-05 21:40:46,656] {dagbag.py:507} INFO - Filling up the DagBag from /home/edinaldo/Documents/previsao_remuneracao/previsao_remuneracao/venv/lib/python3.10/site-packages/airflow/example_dags/example_dag_decorator.py
[2023-04-05 21:40:46,845] {processor.py:651} INFO - DAG(s) dict_keys(['example_dag_decorator']) retrieved from /home/edinaldo/Documents/previsao_remuneracao/previsao_remuneracao/venv/lib/python3.10/site-packages/airflow/example_dags/example_dag_decorator.py
[2023-04-05 21:40:46,879] {logging_mixin.py:115} INFO - [2023-04-05 21:40:46,879] {dag.py:2379} INFO - Sync 1 DAGs
[2023-04-05 21:40:46,898] {logging_mixin.py:115} INFO - [2023-04-05 21:40:46,898] {dag.py:2927} INFO - Setting next_dagrun for example_dag_decorator to None, run_after=None
[2023-04-05 21:40:46,980] {processor.py:161} INFO - Processing /home/edinaldo/Documents/previsao_remuneracao/previsao_remuneracao/venv/lib/python3.10/site-packages/airflow/example_dags/example_dag_decorator.py took 0.348 seconds
[2023-04-05 21:41:25,022] {processor.py:153} INFO - Started process (PID=57973) to work on /home/edinaldo/Documents/previsao_remuneracao/previsao_remuneracao/venv/lib/python3.10/site-packages/airflow/example_dags/example_dag_decorator.py
[2023-04-05 21:41:25,024] {processor.py:641} INFO - Processing file /home/edinaldo/Documents/previsao_remuneracao/previsao_remuneracao/venv/lib/python3.10/site-packages/airflow/example_dags/example_dag_decorator.py for tasks to queue
[2023-04-05 21:41:25,025] {logging_mixin.py:115} INFO - [2023-04-05 21:41:25,025] {dagbag.py:507} INFO - Filling up the DagBag from /home/edinaldo/Documents/previsao_remuneracao/previsao_remuneracao/venv/lib/python3.10/site-packages/airflow/example_dags/example_dag_decorator.py
[2023-04-05 21:41:25,058] {processor.py:651} INFO - DAG(s) dict_keys(['example_dag_decorator']) retrieved from /home/edinaldo/Documents/previsao_remuneracao/previsao_remuneracao/venv/lib/python3.10/site-packages/airflow/example_dags/example_dag_decorator.py
[2023-04-05 21:41:25,075] {logging_mixin.py:115} INFO - [2023-04-05 21:41:25,075] {dag.py:2379} INFO - Sync 1 DAGs
[2023-04-05 21:41:25,093] {logging_mixin.py:115} INFO - [2023-04-05 21:41:25,093] {dag.py:2927} INFO - Setting next_dagrun for example_dag_decorator to None, run_after=None
[2023-04-05 21:41:25,172] {processor.py:161} INFO - Processing /home/edinaldo/Documents/previsao_remuneracao/previsao_remuneracao/venv/lib/python3.10/site-packages/airflow/example_dags/example_dag_decorator.py took 0.160 seconds
[2023-04-05 21:42:10,631] {processor.py:153} INFO - Started process (PID=58249) to work on /home/edinaldo/Documents/previsao_remuneracao/previsao_remuneracao/venv/lib/python3.10/site-packages/airflow/example_dags/example_dag_decorator.py
[2023-04-05 21:42:10,641] {processor.py:641} INFO - Processing file /home/edinaldo/Documents/previsao_remuneracao/previsao_remuneracao/venv/lib/python3.10/site-packages/airflow/example_dags/example_dag_decorator.py for tasks to queue
[2023-04-05 21:42:10,642] {logging_mixin.py:115} INFO - [2023-04-05 21:42:10,642] {dagbag.py:507} INFO - Filling up the DagBag from /home/edinaldo/Documents/previsao_remuneracao/previsao_remuneracao/venv/lib/python3.10/site-packages/airflow/example_dags/example_dag_decorator.py
[2023-04-05 21:42:10,682] {processor.py:651} INFO - DAG(s) dict_keys(['example_dag_decorator']) retrieved from /home/edinaldo/Documents/previsao_remuneracao/previsao_remuneracao/venv/lib/python3.10/site-packages/airflow/example_dags/example_dag_decorator.py
[2023-04-05 21:42:10,732] {logging_mixin.py:115} INFO - [2023-04-05 21:42:10,732] {dag.py:2379} INFO - Sync 1 DAGs
[2023-04-05 21:42:10,748] {logging_mixin.py:115} INFO - [2023-04-05 21:42:10,748] {dag.py:2927} INFO - Setting next_dagrun for example_dag_decorator to None, run_after=None
[2023-04-05 21:42:10,849] {processor.py:161} INFO - Processing /home/edinaldo/Documents/previsao_remuneracao/previsao_remuneracao/venv/lib/python3.10/site-packages/airflow/example_dags/example_dag_decorator.py took 0.224 seconds
[2023-04-05 21:42:59,879] {processor.py:153} INFO - Started process (PID=58523) to work on /home/edinaldo/Documents/previsao_remuneracao/previsao_remuneracao/venv/lib/python3.10/site-packages/airflow/example_dags/example_dag_decorator.py
[2023-04-05 21:42:59,903] {processor.py:641} INFO - Processing file /home/edinaldo/Documents/previsao_remuneracao/previsao_remuneracao/venv/lib/python3.10/site-packages/airflow/example_dags/example_dag_decorator.py for tasks to queue
[2023-04-05 21:42:59,904] {logging_mixin.py:115} INFO - [2023-04-05 21:42:59,903] {dagbag.py:507} INFO - Filling up the DagBag from /home/edinaldo/Documents/previsao_remuneracao/previsao_remuneracao/venv/lib/python3.10/site-packages/airflow/example_dags/example_dag_decorator.py
[2023-04-05 21:43:00,146] {processor.py:651} INFO - DAG(s) dict_keys(['example_dag_decorator']) retrieved from /home/edinaldo/Documents/previsao_remuneracao/previsao_remuneracao/venv/lib/python3.10/site-packages/airflow/example_dags/example_dag_decorator.py
[2023-04-05 21:43:00,183] {logging_mixin.py:115} INFO - [2023-04-05 21:43:00,183] {dag.py:2379} INFO - Sync 1 DAGs
[2023-04-05 21:43:00,207] {logging_mixin.py:115} INFO - [2023-04-05 21:43:00,207] {dag.py:2927} INFO - Setting next_dagrun for example_dag_decorator to None, run_after=None
[2023-04-05 21:43:00,418] {processor.py:161} INFO - Processing /home/edinaldo/Documents/previsao_remuneracao/previsao_remuneracao/venv/lib/python3.10/site-packages/airflow/example_dags/example_dag_decorator.py took 0.552 seconds
