[2023-04-05 21:00:23,069] {processor.py:153} INFO - Started process (PID=52111) to work on /home/edinaldo/Documents/previsao_remuneracao/previsao_remuneracao/venv/lib/python3.10/site-packages/airflow/example_dags/example_branch_operator.py
[2023-04-05 21:00:23,069] {processor.py:641} INFO - Processing file /home/edinaldo/Documents/previsao_remuneracao/previsao_remuneracao/venv/lib/python3.10/site-packages/airflow/example_dags/example_branch_operator.py for tasks to queue
[2023-04-05 21:00:23,070] {logging_mixin.py:115} INFO - [2023-04-05 21:00:23,070] {dagbag.py:507} INFO - Filling up the DagBag from /home/edinaldo/Documents/previsao_remuneracao/previsao_remuneracao/venv/lib/python3.10/site-packages/airflow/example_dags/example_branch_operator.py
[2023-04-05 21:00:23,085] {processor.py:651} INFO - DAG(s) dict_keys(['example_branch_operator']) retrieved from /home/edinaldo/Documents/previsao_remuneracao/previsao_remuneracao/venv/lib/python3.10/site-packages/airflow/example_dags/example_branch_operator.py
[2023-04-05 21:00:23,104] {logging_mixin.py:115} INFO - [2023-04-05 21:00:23,104] {dag.py:2379} INFO - Sync 1 DAGs
[2023-04-05 21:00:23,125] {logging_mixin.py:115} INFO - [2023-04-05 21:00:23,124] {dag.py:2927} INFO - Setting next_dagrun for example_branch_operator to 2023-04-05T00:00:00+00:00, run_after=2023-04-06T00:00:00+00:00
[2023-04-05 21:00:23,262] {processor.py:161} INFO - Processing /home/edinaldo/Documents/previsao_remuneracao/previsao_remuneracao/venv/lib/python3.10/site-packages/airflow/example_dags/example_branch_operator.py took 0.201 seconds
[2023-04-05 21:01:05,266] {processor.py:153} INFO - Started process (PID=52194) to work on /home/edinaldo/Documents/previsao_remuneracao/previsao_remuneracao/venv/lib/python3.10/site-packages/airflow/example_dags/example_branch_operator.py
[2023-04-05 21:01:05,268] {processor.py:641} INFO - Processing file /home/edinaldo/Documents/previsao_remuneracao/previsao_remuneracao/venv/lib/python3.10/site-packages/airflow/example_dags/example_branch_operator.py for tasks to queue
[2023-04-05 21:01:05,269] {logging_mixin.py:115} INFO - [2023-04-05 21:01:05,269] {dagbag.py:507} INFO - Filling up the DagBag from /home/edinaldo/Documents/previsao_remuneracao/previsao_remuneracao/venv/lib/python3.10/site-packages/airflow/example_dags/example_branch_operator.py
[2023-04-05 21:01:05,286] {processor.py:651} INFO - DAG(s) dict_keys(['example_branch_operator']) retrieved from /home/edinaldo/Documents/previsao_remuneracao/previsao_remuneracao/venv/lib/python3.10/site-packages/airflow/example_dags/example_branch_operator.py
[2023-04-05 21:01:05,304] {logging_mixin.py:115} INFO - [2023-04-05 21:01:05,304] {dag.py:2379} INFO - Sync 1 DAGs
[2023-04-05 21:01:05,325] {logging_mixin.py:115} INFO - [2023-04-05 21:01:05,325] {dag.py:2927} INFO - Setting next_dagrun for example_branch_operator to 2023-04-05T00:00:00+00:00, run_after=2023-04-06T00:00:00+00:00
[2023-04-05 21:01:05,410] {processor.py:161} INFO - Processing /home/edinaldo/Documents/previsao_remuneracao/previsao_remuneracao/venv/lib/python3.10/site-packages/airflow/example_dags/example_branch_operator.py took 0.155 seconds
[2023-04-05 21:01:51,093] {processor.py:153} INFO - Started process (PID=52302) to work on /home/edinaldo/Documents/previsao_remuneracao/previsao_remuneracao/venv/lib/python3.10/site-packages/airflow/example_dags/example_branch_operator.py
[2023-04-05 21:01:51,102] {processor.py:641} INFO - Processing file /home/edinaldo/Documents/previsao_remuneracao/previsao_remuneracao/venv/lib/python3.10/site-packages/airflow/example_dags/example_branch_operator.py for tasks to queue
[2023-04-05 21:01:51,103] {logging_mixin.py:115} INFO - [2023-04-05 21:01:51,103] {dagbag.py:507} INFO - Filling up the DagBag from /home/edinaldo/Documents/previsao_remuneracao/previsao_remuneracao/venv/lib/python3.10/site-packages/airflow/example_dags/example_branch_operator.py
[2023-04-05 21:01:51,143] {processor.py:651} INFO - DAG(s) dict_keys(['example_branch_operator']) retrieved from /home/edinaldo/Documents/previsao_remuneracao/previsao_remuneracao/venv/lib/python3.10/site-packages/airflow/example_dags/example_branch_operator.py
[2023-04-05 21:01:51,182] {logging_mixin.py:115} INFO - [2023-04-05 21:01:51,182] {dag.py:2379} INFO - Sync 1 DAGs
[2023-04-05 21:01:51,229] {logging_mixin.py:115} INFO - [2023-04-05 21:01:51,228] {dag.py:2927} INFO - Setting next_dagrun for example_branch_operator to 2023-04-05T00:00:00+00:00, run_after=2023-04-06T00:00:00+00:00
[2023-04-05 21:01:51,322] {processor.py:161} INFO - Processing /home/edinaldo/Documents/previsao_remuneracao/previsao_remuneracao/venv/lib/python3.10/site-packages/airflow/example_dags/example_branch_operator.py took 0.233 seconds
[2023-04-05 21:02:38,314] {processor.py:153} INFO - Started process (PID=52382) to work on /home/edinaldo/Documents/previsao_remuneracao/previsao_remuneracao/venv/lib/python3.10/site-packages/airflow/example_dags/example_branch_operator.py
[2023-04-05 21:02:38,315] {processor.py:641} INFO - Processing file /home/edinaldo/Documents/previsao_remuneracao/previsao_remuneracao/venv/lib/python3.10/site-packages/airflow/example_dags/example_branch_operator.py for tasks to queue
[2023-04-05 21:02:38,315] {logging_mixin.py:115} INFO - [2023-04-05 21:02:38,315] {dagbag.py:507} INFO - Filling up the DagBag from /home/edinaldo/Documents/previsao_remuneracao/previsao_remuneracao/venv/lib/python3.10/site-packages/airflow/example_dags/example_branch_operator.py
[2023-04-05 21:02:38,336] {processor.py:651} INFO - DAG(s) dict_keys(['example_branch_operator']) retrieved from /home/edinaldo/Documents/previsao_remuneracao/previsao_remuneracao/venv/lib/python3.10/site-packages/airflow/example_dags/example_branch_operator.py
[2023-04-05 21:02:38,356] {logging_mixin.py:115} INFO - [2023-04-05 21:02:38,356] {dag.py:2379} INFO - Sync 1 DAGs
[2023-04-05 21:02:38,376] {logging_mixin.py:115} INFO - [2023-04-05 21:02:38,376] {dag.py:2927} INFO - Setting next_dagrun for example_branch_operator to 2023-04-05T00:00:00+00:00, run_after=2023-04-06T00:00:00+00:00
[2023-04-05 21:02:38,498] {processor.py:161} INFO - Processing /home/edinaldo/Documents/previsao_remuneracao/previsao_remuneracao/venv/lib/python3.10/site-packages/airflow/example_dags/example_branch_operator.py took 0.187 seconds
[2023-04-05 21:03:30,429] {processor.py:153} INFO - Started process (PID=52468) to work on /home/edinaldo/Documents/previsao_remuneracao/previsao_remuneracao/venv/lib/python3.10/site-packages/airflow/example_dags/example_branch_operator.py
[2023-04-05 21:03:30,429] {processor.py:641} INFO - Processing file /home/edinaldo/Documents/previsao_remuneracao/previsao_remuneracao/venv/lib/python3.10/site-packages/airflow/example_dags/example_branch_operator.py for tasks to queue
[2023-04-05 21:03:30,430] {logging_mixin.py:115} INFO - [2023-04-05 21:03:30,430] {dagbag.py:507} INFO - Filling up the DagBag from /home/edinaldo/Documents/previsao_remuneracao/previsao_remuneracao/venv/lib/python3.10/site-packages/airflow/example_dags/example_branch_operator.py
[2023-04-05 21:03:30,457] {processor.py:651} INFO - DAG(s) dict_keys(['example_branch_operator']) retrieved from /home/edinaldo/Documents/previsao_remuneracao/previsao_remuneracao/venv/lib/python3.10/site-packages/airflow/example_dags/example_branch_operator.py
[2023-04-05 21:03:30,488] {logging_mixin.py:115} INFO - [2023-04-05 21:03:30,488] {dag.py:2379} INFO - Sync 1 DAGs
[2023-04-05 21:03:30,523] {logging_mixin.py:115} INFO - [2023-04-05 21:03:30,523] {dag.py:2927} INFO - Setting next_dagrun for example_branch_operator to 2023-04-05T00:00:00+00:00, run_after=2023-04-06T00:00:00+00:00
[2023-04-05 21:03:30,625] {processor.py:161} INFO - Processing /home/edinaldo/Documents/previsao_remuneracao/previsao_remuneracao/venv/lib/python3.10/site-packages/airflow/example_dags/example_branch_operator.py took 0.200 seconds
[2023-04-05 21:04:14,658] {processor.py:153} INFO - Started process (PID=52528) to work on /home/edinaldo/Documents/previsao_remuneracao/previsao_remuneracao/venv/lib/python3.10/site-packages/airflow/example_dags/example_branch_operator.py
[2023-04-05 21:04:14,662] {processor.py:641} INFO - Processing file /home/edinaldo/Documents/previsao_remuneracao/previsao_remuneracao/venv/lib/python3.10/site-packages/airflow/example_dags/example_branch_operator.py for tasks to queue
[2023-04-05 21:04:14,663] {logging_mixin.py:115} INFO - [2023-04-05 21:04:14,663] {dagbag.py:507} INFO - Filling up the DagBag from /home/edinaldo/Documents/previsao_remuneracao/previsao_remuneracao/venv/lib/python3.10/site-packages/airflow/example_dags/example_branch_operator.py
[2023-04-05 21:04:14,686] {processor.py:651} INFO - DAG(s) dict_keys(['example_branch_operator']) retrieved from /home/edinaldo/Documents/previsao_remuneracao/previsao_remuneracao/venv/lib/python3.10/site-packages/airflow/example_dags/example_branch_operator.py
[2023-04-05 21:04:14,704] {logging_mixin.py:115} INFO - [2023-04-05 21:04:14,704] {dag.py:2379} INFO - Sync 1 DAGs
[2023-04-05 21:04:14,724] {logging_mixin.py:115} INFO - [2023-04-05 21:04:14,724] {dag.py:2927} INFO - Setting next_dagrun for example_branch_operator to 2023-04-05T00:00:00+00:00, run_after=2023-04-06T00:00:00+00:00
[2023-04-05 21:04:14,822] {processor.py:161} INFO - Processing /home/edinaldo/Documents/previsao_remuneracao/previsao_remuneracao/venv/lib/python3.10/site-packages/airflow/example_dags/example_branch_operator.py took 0.173 seconds
[2023-04-05 21:04:59,070] {processor.py:153} INFO - Started process (PID=52598) to work on /home/edinaldo/Documents/previsao_remuneracao/previsao_remuneracao/venv/lib/python3.10/site-packages/airflow/example_dags/example_branch_operator.py
[2023-04-05 21:04:59,080] {processor.py:641} INFO - Processing file /home/edinaldo/Documents/previsao_remuneracao/previsao_remuneracao/venv/lib/python3.10/site-packages/airflow/example_dags/example_branch_operator.py for tasks to queue
[2023-04-05 21:04:59,081] {logging_mixin.py:115} INFO - [2023-04-05 21:04:59,081] {dagbag.py:507} INFO - Filling up the DagBag from /home/edinaldo/Documents/previsao_remuneracao/previsao_remuneracao/venv/lib/python3.10/site-packages/airflow/example_dags/example_branch_operator.py
[2023-04-05 21:04:59,109] {processor.py:651} INFO - DAG(s) dict_keys(['example_branch_operator']) retrieved from /home/edinaldo/Documents/previsao_remuneracao/previsao_remuneracao/venv/lib/python3.10/site-packages/airflow/example_dags/example_branch_operator.py
[2023-04-05 21:04:59,129] {logging_mixin.py:115} INFO - [2023-04-05 21:04:59,129] {dag.py:2379} INFO - Sync 1 DAGs
[2023-04-05 21:04:59,150] {logging_mixin.py:115} INFO - [2023-04-05 21:04:59,150] {dag.py:2927} INFO - Setting next_dagrun for example_branch_operator to 2023-04-05T00:00:00+00:00, run_after=2023-04-06T00:00:00+00:00
[2023-04-05 21:04:59,234] {processor.py:161} INFO - Processing /home/edinaldo/Documents/previsao_remuneracao/previsao_remuneracao/venv/lib/python3.10/site-packages/airflow/example_dags/example_branch_operator.py took 0.175 seconds
[2023-04-05 21:05:46,409] {processor.py:153} INFO - Started process (PID=52672) to work on /home/edinaldo/Documents/previsao_remuneracao/previsao_remuneracao/venv/lib/python3.10/site-packages/airflow/example_dags/example_branch_operator.py
[2023-04-05 21:05:46,426] {processor.py:641} INFO - Processing file /home/edinaldo/Documents/previsao_remuneracao/previsao_remuneracao/venv/lib/python3.10/site-packages/airflow/example_dags/example_branch_operator.py for tasks to queue
[2023-04-05 21:05:46,427] {logging_mixin.py:115} INFO - [2023-04-05 21:05:46,427] {dagbag.py:507} INFO - Filling up the DagBag from /home/edinaldo/Documents/previsao_remuneracao/previsao_remuneracao/venv/lib/python3.10/site-packages/airflow/example_dags/example_branch_operator.py
[2023-04-05 21:05:46,456] {processor.py:651} INFO - DAG(s) dict_keys(['example_branch_operator']) retrieved from /home/edinaldo/Documents/previsao_remuneracao/previsao_remuneracao/venv/lib/python3.10/site-packages/airflow/example_dags/example_branch_operator.py
[2023-04-05 21:05:46,474] {logging_mixin.py:115} INFO - [2023-04-05 21:05:46,474] {dag.py:2379} INFO - Sync 1 DAGs
[2023-04-05 21:05:46,498] {logging_mixin.py:115} INFO - [2023-04-05 21:05:46,498] {dag.py:2927} INFO - Setting next_dagrun for example_branch_operator to 2023-04-05T00:00:00+00:00, run_after=2023-04-06T00:00:00+00:00
[2023-04-05 21:05:46,669] {processor.py:161} INFO - Processing /home/edinaldo/Documents/previsao_remuneracao/previsao_remuneracao/venv/lib/python3.10/site-packages/airflow/example_dags/example_branch_operator.py took 0.271 seconds
[2023-04-05 21:06:29,083] {processor.py:153} INFO - Started process (PID=52715) to work on /home/edinaldo/Documents/previsao_remuneracao/previsao_remuneracao/venv/lib/python3.10/site-packages/airflow/example_dags/example_branch_operator.py
[2023-04-05 21:06:29,084] {processor.py:641} INFO - Processing file /home/edinaldo/Documents/previsao_remuneracao/previsao_remuneracao/venv/lib/python3.10/site-packages/airflow/example_dags/example_branch_operator.py for tasks to queue
[2023-04-05 21:06:29,085] {logging_mixin.py:115} INFO - [2023-04-05 21:06:29,085] {dagbag.py:507} INFO - Filling up the DagBag from /home/edinaldo/Documents/previsao_remuneracao/previsao_remuneracao/venv/lib/python3.10/site-packages/airflow/example_dags/example_branch_operator.py
[2023-04-05 21:06:29,107] {processor.py:651} INFO - DAG(s) dict_keys(['example_branch_operator']) retrieved from /home/edinaldo/Documents/previsao_remuneracao/previsao_remuneracao/venv/lib/python3.10/site-packages/airflow/example_dags/example_branch_operator.py
[2023-04-05 21:06:29,125] {logging_mixin.py:115} INFO - [2023-04-05 21:06:29,125] {dag.py:2379} INFO - Sync 1 DAGs
[2023-04-05 21:06:29,145] {logging_mixin.py:115} INFO - [2023-04-05 21:06:29,145] {dag.py:2927} INFO - Setting next_dagrun for example_branch_operator to 2023-04-05T00:00:00+00:00, run_after=2023-04-06T00:00:00+00:00
[2023-04-05 21:06:29,219] {processor.py:161} INFO - Processing /home/edinaldo/Documents/previsao_remuneracao/previsao_remuneracao/venv/lib/python3.10/site-packages/airflow/example_dags/example_branch_operator.py took 0.142 seconds
[2023-04-05 21:07:10,028] {processor.py:153} INFO - Started process (PID=52779) to work on /home/edinaldo/Documents/previsao_remuneracao/previsao_remuneracao/venv/lib/python3.10/site-packages/airflow/example_dags/example_branch_operator.py
[2023-04-05 21:07:10,034] {processor.py:641} INFO - Processing file /home/edinaldo/Documents/previsao_remuneracao/previsao_remuneracao/venv/lib/python3.10/site-packages/airflow/example_dags/example_branch_operator.py for tasks to queue
[2023-04-05 21:07:10,035] {logging_mixin.py:115} INFO - [2023-04-05 21:07:10,035] {dagbag.py:507} INFO - Filling up the DagBag from /home/edinaldo/Documents/previsao_remuneracao/previsao_remuneracao/venv/lib/python3.10/site-packages/airflow/example_dags/example_branch_operator.py
[2023-04-05 21:07:10,048] {processor.py:651} INFO - DAG(s) dict_keys(['example_branch_operator']) retrieved from /home/edinaldo/Documents/previsao_remuneracao/previsao_remuneracao/venv/lib/python3.10/site-packages/airflow/example_dags/example_branch_operator.py
[2023-04-05 21:07:10,066] {logging_mixin.py:115} INFO - [2023-04-05 21:07:10,066] {dag.py:2379} INFO - Sync 1 DAGs
[2023-04-05 21:07:10,087] {logging_mixin.py:115} INFO - [2023-04-05 21:07:10,086] {dag.py:2927} INFO - Setting next_dagrun for example_branch_operator to 2023-04-05T00:00:00+00:00, run_after=2023-04-06T00:00:00+00:00
[2023-04-05 21:07:10,176] {processor.py:161} INFO - Processing /home/edinaldo/Documents/previsao_remuneracao/previsao_remuneracao/venv/lib/python3.10/site-packages/airflow/example_dags/example_branch_operator.py took 0.151 seconds
[2023-04-05 21:07:48,559] {processor.py:153} INFO - Started process (PID=52818) to work on /home/edinaldo/Documents/previsao_remuneracao/previsao_remuneracao/venv/lib/python3.10/site-packages/airflow/example_dags/example_branch_operator.py
[2023-04-05 21:07:48,560] {processor.py:641} INFO - Processing file /home/edinaldo/Documents/previsao_remuneracao/previsao_remuneracao/venv/lib/python3.10/site-packages/airflow/example_dags/example_branch_operator.py for tasks to queue
[2023-04-05 21:07:48,562] {logging_mixin.py:115} INFO - [2023-04-05 21:07:48,562] {dagbag.py:507} INFO - Filling up the DagBag from /home/edinaldo/Documents/previsao_remuneracao/previsao_remuneracao/venv/lib/python3.10/site-packages/airflow/example_dags/example_branch_operator.py
[2023-04-05 21:07:48,582] {processor.py:651} INFO - DAG(s) dict_keys(['example_branch_operator']) retrieved from /home/edinaldo/Documents/previsao_remuneracao/previsao_remuneracao/venv/lib/python3.10/site-packages/airflow/example_dags/example_branch_operator.py
[2023-04-05 21:07:48,601] {logging_mixin.py:115} INFO - [2023-04-05 21:07:48,601] {dag.py:2379} INFO - Sync 1 DAGs
[2023-04-05 21:07:48,621] {logging_mixin.py:115} INFO - [2023-04-05 21:07:48,621] {dag.py:2927} INFO - Setting next_dagrun for example_branch_operator to 2023-04-05T00:00:00+00:00, run_after=2023-04-06T00:00:00+00:00
[2023-04-05 21:07:48,768] {processor.py:161} INFO - Processing /home/edinaldo/Documents/previsao_remuneracao/previsao_remuneracao/venv/lib/python3.10/site-packages/airflow/example_dags/example_branch_operator.py took 0.219 seconds
[2023-04-05 21:08:29,073] {processor.py:153} INFO - Started process (PID=52854) to work on /home/edinaldo/Documents/previsao_remuneracao/previsao_remuneracao/venv/lib/python3.10/site-packages/airflow/example_dags/example_branch_operator.py
[2023-04-05 21:08:29,074] {processor.py:641} INFO - Processing file /home/edinaldo/Documents/previsao_remuneracao/previsao_remuneracao/venv/lib/python3.10/site-packages/airflow/example_dags/example_branch_operator.py for tasks to queue
[2023-04-05 21:08:29,075] {logging_mixin.py:115} INFO - [2023-04-05 21:08:29,074] {dagbag.py:507} INFO - Filling up the DagBag from /home/edinaldo/Documents/previsao_remuneracao/previsao_remuneracao/venv/lib/python3.10/site-packages/airflow/example_dags/example_branch_operator.py
[2023-04-05 21:08:29,087] {processor.py:651} INFO - DAG(s) dict_keys(['example_branch_operator']) retrieved from /home/edinaldo/Documents/previsao_remuneracao/previsao_remuneracao/venv/lib/python3.10/site-packages/airflow/example_dags/example_branch_operator.py
[2023-04-05 21:08:29,105] {logging_mixin.py:115} INFO - [2023-04-05 21:08:29,105] {dag.py:2379} INFO - Sync 1 DAGs
[2023-04-05 21:08:29,126] {logging_mixin.py:115} INFO - [2023-04-05 21:08:29,125] {dag.py:2927} INFO - Setting next_dagrun for example_branch_operator to 2023-04-05T00:00:00+00:00, run_after=2023-04-06T00:00:00+00:00
[2023-04-05 21:08:29,226] {processor.py:161} INFO - Processing /home/edinaldo/Documents/previsao_remuneracao/previsao_remuneracao/venv/lib/python3.10/site-packages/airflow/example_dags/example_branch_operator.py took 0.156 seconds
[2023-04-05 21:09:15,023] {processor.py:153} INFO - Started process (PID=52897) to work on /home/edinaldo/Documents/previsao_remuneracao/previsao_remuneracao/venv/lib/python3.10/site-packages/airflow/example_dags/example_branch_operator.py
[2023-04-05 21:09:15,025] {processor.py:641} INFO - Processing file /home/edinaldo/Documents/previsao_remuneracao/previsao_remuneracao/venv/lib/python3.10/site-packages/airflow/example_dags/example_branch_operator.py for tasks to queue
[2023-04-05 21:09:15,027] {logging_mixin.py:115} INFO - [2023-04-05 21:09:15,027] {dagbag.py:507} INFO - Filling up the DagBag from /home/edinaldo/Documents/previsao_remuneracao/previsao_remuneracao/venv/lib/python3.10/site-packages/airflow/example_dags/example_branch_operator.py
[2023-04-05 21:09:15,046] {processor.py:651} INFO - DAG(s) dict_keys(['example_branch_operator']) retrieved from /home/edinaldo/Documents/previsao_remuneracao/previsao_remuneracao/venv/lib/python3.10/site-packages/airflow/example_dags/example_branch_operator.py
[2023-04-05 21:09:15,064] {logging_mixin.py:115} INFO - [2023-04-05 21:09:15,064] {dag.py:2379} INFO - Sync 1 DAGs
[2023-04-05 21:09:15,085] {logging_mixin.py:115} INFO - [2023-04-05 21:09:15,084] {dag.py:2927} INFO - Setting next_dagrun for example_branch_operator to 2023-04-05T00:00:00+00:00, run_after=2023-04-06T00:00:00+00:00
[2023-04-05 21:09:15,178] {processor.py:161} INFO - Processing /home/edinaldo/Documents/previsao_remuneracao/previsao_remuneracao/venv/lib/python3.10/site-packages/airflow/example_dags/example_branch_operator.py took 0.164 seconds
[2023-04-05 21:09:56,047] {processor.py:153} INFO - Started process (PID=52934) to work on /home/edinaldo/Documents/previsao_remuneracao/previsao_remuneracao/venv/lib/python3.10/site-packages/airflow/example_dags/example_branch_operator.py
[2023-04-05 21:09:56,049] {processor.py:641} INFO - Processing file /home/edinaldo/Documents/previsao_remuneracao/previsao_remuneracao/venv/lib/python3.10/site-packages/airflow/example_dags/example_branch_operator.py for tasks to queue
[2023-04-05 21:09:56,051] {logging_mixin.py:115} INFO - [2023-04-05 21:09:56,051] {dagbag.py:507} INFO - Filling up the DagBag from /home/edinaldo/Documents/previsao_remuneracao/previsao_remuneracao/venv/lib/python3.10/site-packages/airflow/example_dags/example_branch_operator.py
[2023-04-05 21:09:56,072] {processor.py:651} INFO - DAG(s) dict_keys(['example_branch_operator']) retrieved from /home/edinaldo/Documents/previsao_remuneracao/previsao_remuneracao/venv/lib/python3.10/site-packages/airflow/example_dags/example_branch_operator.py
[2023-04-05 21:09:56,090] {logging_mixin.py:115} INFO - [2023-04-05 21:09:56,090] {dag.py:2379} INFO - Sync 1 DAGs
[2023-04-05 21:09:56,110] {logging_mixin.py:115} INFO - [2023-04-05 21:09:56,110] {dag.py:2927} INFO - Setting next_dagrun for example_branch_operator to 2023-04-05T00:00:00+00:00, run_after=2023-04-06T00:00:00+00:00
[2023-04-05 21:09:56,268] {processor.py:161} INFO - Processing /home/edinaldo/Documents/previsao_remuneracao/previsao_remuneracao/venv/lib/python3.10/site-packages/airflow/example_dags/example_branch_operator.py took 0.230 seconds
[2023-04-05 21:10:46,198] {processor.py:153} INFO - Started process (PID=53061) to work on /home/edinaldo/Documents/previsao_remuneracao/previsao_remuneracao/venv/lib/python3.10/site-packages/airflow/example_dags/example_branch_operator.py
[2023-04-05 21:10:46,212] {processor.py:641} INFO - Processing file /home/edinaldo/Documents/previsao_remuneracao/previsao_remuneracao/venv/lib/python3.10/site-packages/airflow/example_dags/example_branch_operator.py for tasks to queue
[2023-04-05 21:10:46,213] {logging_mixin.py:115} INFO - [2023-04-05 21:10:46,213] {dagbag.py:507} INFO - Filling up the DagBag from /home/edinaldo/Documents/previsao_remuneracao/previsao_remuneracao/venv/lib/python3.10/site-packages/airflow/example_dags/example_branch_operator.py
[2023-04-05 21:10:46,244] {processor.py:651} INFO - DAG(s) dict_keys(['example_branch_operator']) retrieved from /home/edinaldo/Documents/previsao_remuneracao/previsao_remuneracao/venv/lib/python3.10/site-packages/airflow/example_dags/example_branch_operator.py
[2023-04-05 21:10:46,263] {logging_mixin.py:115} INFO - [2023-04-05 21:10:46,263] {dag.py:2379} INFO - Sync 1 DAGs
[2023-04-05 21:10:46,284] {logging_mixin.py:115} INFO - [2023-04-05 21:10:46,284] {dag.py:2927} INFO - Setting next_dagrun for example_branch_operator to 2023-04-05T00:00:00+00:00, run_after=2023-04-06T00:00:00+00:00
[2023-04-05 21:10:46,387] {processor.py:161} INFO - Processing /home/edinaldo/Documents/previsao_remuneracao/previsao_remuneracao/venv/lib/python3.10/site-packages/airflow/example_dags/example_branch_operator.py took 0.199 seconds
[2023-04-05 21:11:30,563] {processor.py:153} INFO - Started process (PID=53146) to work on /home/edinaldo/Documents/previsao_remuneracao/previsao_remuneracao/venv/lib/python3.10/site-packages/airflow/example_dags/example_branch_operator.py
[2023-04-05 21:11:30,569] {processor.py:641} INFO - Processing file /home/edinaldo/Documents/previsao_remuneracao/previsao_remuneracao/venv/lib/python3.10/site-packages/airflow/example_dags/example_branch_operator.py for tasks to queue
[2023-04-05 21:11:30,570] {logging_mixin.py:115} INFO - [2023-04-05 21:11:30,570] {dagbag.py:507} INFO - Filling up the DagBag from /home/edinaldo/Documents/previsao_remuneracao/previsao_remuneracao/venv/lib/python3.10/site-packages/airflow/example_dags/example_branch_operator.py
[2023-04-05 21:11:30,584] {processor.py:651} INFO - DAG(s) dict_keys(['example_branch_operator']) retrieved from /home/edinaldo/Documents/previsao_remuneracao/previsao_remuneracao/venv/lib/python3.10/site-packages/airflow/example_dags/example_branch_operator.py
[2023-04-05 21:11:30,604] {logging_mixin.py:115} INFO - [2023-04-05 21:11:30,603] {dag.py:2379} INFO - Sync 1 DAGs
[2023-04-05 21:11:30,624] {logging_mixin.py:115} INFO - [2023-04-05 21:11:30,624] {dag.py:2927} INFO - Setting next_dagrun for example_branch_operator to 2023-04-05T00:00:00+00:00, run_after=2023-04-06T00:00:00+00:00
[2023-04-05 21:11:30,804] {processor.py:161} INFO - Processing /home/edinaldo/Documents/previsao_remuneracao/previsao_remuneracao/venv/lib/python3.10/site-packages/airflow/example_dags/example_branch_operator.py took 0.245 seconds
[2023-04-05 21:12:15,524] {processor.py:153} INFO - Started process (PID=53223) to work on /home/edinaldo/Documents/previsao_remuneracao/previsao_remuneracao/venv/lib/python3.10/site-packages/airflow/example_dags/example_branch_operator.py
[2023-04-05 21:12:15,533] {processor.py:641} INFO - Processing file /home/edinaldo/Documents/previsao_remuneracao/previsao_remuneracao/venv/lib/python3.10/site-packages/airflow/example_dags/example_branch_operator.py for tasks to queue
[2023-04-05 21:12:15,534] {logging_mixin.py:115} INFO - [2023-04-05 21:12:15,534] {dagbag.py:507} INFO - Filling up the DagBag from /home/edinaldo/Documents/previsao_remuneracao/previsao_remuneracao/venv/lib/python3.10/site-packages/airflow/example_dags/example_branch_operator.py
[2023-04-05 21:12:15,563] {processor.py:651} INFO - DAG(s) dict_keys(['example_branch_operator']) retrieved from /home/edinaldo/Documents/previsao_remuneracao/previsao_remuneracao/venv/lib/python3.10/site-packages/airflow/example_dags/example_branch_operator.py
[2023-04-05 21:12:15,582] {logging_mixin.py:115} INFO - [2023-04-05 21:12:15,582] {dag.py:2379} INFO - Sync 1 DAGs
[2023-04-05 21:12:15,604] {logging_mixin.py:115} INFO - [2023-04-05 21:12:15,604] {dag.py:2927} INFO - Setting next_dagrun for example_branch_operator to 2023-04-05T00:00:00+00:00, run_after=2023-04-06T00:00:00+00:00
[2023-04-05 21:12:15,709] {processor.py:161} INFO - Processing /home/edinaldo/Documents/previsao_remuneracao/previsao_remuneracao/venv/lib/python3.10/site-packages/airflow/example_dags/example_branch_operator.py took 0.195 seconds
[2023-04-05 21:13:17,620] {processor.py:153} INFO - Started process (PID=53427) to work on /home/edinaldo/Documents/previsao_remuneracao/previsao_remuneracao/venv/lib/python3.10/site-packages/airflow/example_dags/example_branch_operator.py
[2023-04-05 21:13:17,622] {processor.py:641} INFO - Processing file /home/edinaldo/Documents/previsao_remuneracao/previsao_remuneracao/venv/lib/python3.10/site-packages/airflow/example_dags/example_branch_operator.py for tasks to queue
[2023-04-05 21:13:17,623] {logging_mixin.py:115} INFO - [2023-04-05 21:13:17,623] {dagbag.py:507} INFO - Filling up the DagBag from /home/edinaldo/Documents/previsao_remuneracao/previsao_remuneracao/venv/lib/python3.10/site-packages/airflow/example_dags/example_branch_operator.py
[2023-04-05 21:13:17,641] {processor.py:651} INFO - DAG(s) dict_keys(['example_branch_operator']) retrieved from /home/edinaldo/Documents/previsao_remuneracao/previsao_remuneracao/venv/lib/python3.10/site-packages/airflow/example_dags/example_branch_operator.py
[2023-04-05 21:13:17,661] {logging_mixin.py:115} INFO - [2023-04-05 21:13:17,661] {dag.py:2379} INFO - Sync 1 DAGs
[2023-04-05 21:13:17,682] {logging_mixin.py:115} INFO - [2023-04-05 21:13:17,682] {dag.py:2927} INFO - Setting next_dagrun for example_branch_operator to 2023-04-05T00:00:00+00:00, run_after=2023-04-06T00:00:00+00:00
[2023-04-05 21:13:17,790] {processor.py:161} INFO - Processing /home/edinaldo/Documents/previsao_remuneracao/previsao_remuneracao/venv/lib/python3.10/site-packages/airflow/example_dags/example_branch_operator.py took 0.180 seconds
[2023-04-05 21:14:01,892] {processor.py:153} INFO - Started process (PID=53466) to work on /home/edinaldo/Documents/previsao_remuneracao/previsao_remuneracao/venv/lib/python3.10/site-packages/airflow/example_dags/example_branch_operator.py
[2023-04-05 21:14:01,903] {processor.py:641} INFO - Processing file /home/edinaldo/Documents/previsao_remuneracao/previsao_remuneracao/venv/lib/python3.10/site-packages/airflow/example_dags/example_branch_operator.py for tasks to queue
[2023-04-05 21:14:01,905] {logging_mixin.py:115} INFO - [2023-04-05 21:14:01,905] {dagbag.py:507} INFO - Filling up the DagBag from /home/edinaldo/Documents/previsao_remuneracao/previsao_remuneracao/venv/lib/python3.10/site-packages/airflow/example_dags/example_branch_operator.py
[2023-04-05 21:14:01,931] {processor.py:651} INFO - DAG(s) dict_keys(['example_branch_operator']) retrieved from /home/edinaldo/Documents/previsao_remuneracao/previsao_remuneracao/venv/lib/python3.10/site-packages/airflow/example_dags/example_branch_operator.py
[2023-04-05 21:14:01,951] {logging_mixin.py:115} INFO - [2023-04-05 21:14:01,951] {dag.py:2379} INFO - Sync 1 DAGs
[2023-04-05 21:14:01,971] {logging_mixin.py:115} INFO - [2023-04-05 21:14:01,971] {dag.py:2927} INFO - Setting next_dagrun for example_branch_operator to 2023-04-05T00:00:00+00:00, run_after=2023-04-06T00:00:00+00:00
[2023-04-05 21:14:02,061] {processor.py:161} INFO - Processing /home/edinaldo/Documents/previsao_remuneracao/previsao_remuneracao/venv/lib/python3.10/site-packages/airflow/example_dags/example_branch_operator.py took 0.179 seconds
[2023-04-05 21:14:41,979] {processor.py:153} INFO - Started process (PID=53504) to work on /home/edinaldo/Documents/previsao_remuneracao/previsao_remuneracao/venv/lib/python3.10/site-packages/airflow/example_dags/example_branch_operator.py
[2023-04-05 21:14:41,980] {processor.py:641} INFO - Processing file /home/edinaldo/Documents/previsao_remuneracao/previsao_remuneracao/venv/lib/python3.10/site-packages/airflow/example_dags/example_branch_operator.py for tasks to queue
[2023-04-05 21:14:41,981] {logging_mixin.py:115} INFO - [2023-04-05 21:14:41,981] {dagbag.py:507} INFO - Filling up the DagBag from /home/edinaldo/Documents/previsao_remuneracao/previsao_remuneracao/venv/lib/python3.10/site-packages/airflow/example_dags/example_branch_operator.py
[2023-04-05 21:14:41,998] {processor.py:651} INFO - DAG(s) dict_keys(['example_branch_operator']) retrieved from /home/edinaldo/Documents/previsao_remuneracao/previsao_remuneracao/venv/lib/python3.10/site-packages/airflow/example_dags/example_branch_operator.py
[2023-04-05 21:14:42,015] {logging_mixin.py:115} INFO - [2023-04-05 21:14:42,015] {dag.py:2379} INFO - Sync 1 DAGs
[2023-04-05 21:14:42,036] {logging_mixin.py:115} INFO - [2023-04-05 21:14:42,035] {dag.py:2927} INFO - Setting next_dagrun for example_branch_operator to 2023-04-05T00:00:00+00:00, run_after=2023-04-06T00:00:00+00:00
[2023-04-05 21:14:42,113] {processor.py:161} INFO - Processing /home/edinaldo/Documents/previsao_remuneracao/previsao_remuneracao/venv/lib/python3.10/site-packages/airflow/example_dags/example_branch_operator.py took 0.144 seconds
[2023-04-05 21:15:19,991] {processor.py:153} INFO - Started process (PID=53541) to work on /home/edinaldo/Documents/previsao_remuneracao/previsao_remuneracao/venv/lib/python3.10/site-packages/airflow/example_dags/example_branch_operator.py
[2023-04-05 21:15:19,997] {processor.py:641} INFO - Processing file /home/edinaldo/Documents/previsao_remuneracao/previsao_remuneracao/venv/lib/python3.10/site-packages/airflow/example_dags/example_branch_operator.py for tasks to queue
[2023-04-05 21:15:19,999] {logging_mixin.py:115} INFO - [2023-04-05 21:15:19,999] {dagbag.py:507} INFO - Filling up the DagBag from /home/edinaldo/Documents/previsao_remuneracao/previsao_remuneracao/venv/lib/python3.10/site-packages/airflow/example_dags/example_branch_operator.py
[2023-04-05 21:15:20,051] {processor.py:651} INFO - DAG(s) dict_keys(['example_branch_operator']) retrieved from /home/edinaldo/Documents/previsao_remuneracao/previsao_remuneracao/venv/lib/python3.10/site-packages/airflow/example_dags/example_branch_operator.py
[2023-04-05 21:15:20,074] {logging_mixin.py:115} INFO - [2023-04-05 21:15:20,074] {dag.py:2379} INFO - Sync 1 DAGs
[2023-04-05 21:15:20,102] {logging_mixin.py:115} INFO - [2023-04-05 21:15:20,102] {dag.py:2927} INFO - Setting next_dagrun for example_branch_operator to 2023-04-05T00:00:00+00:00, run_after=2023-04-06T00:00:00+00:00
[2023-04-05 21:15:20,205] {processor.py:161} INFO - Processing /home/edinaldo/Documents/previsao_remuneracao/previsao_remuneracao/venv/lib/python3.10/site-packages/airflow/example_dags/example_branch_operator.py took 0.229 seconds
[2023-04-05 21:16:06,063] {processor.py:153} INFO - Started process (PID=53618) to work on /home/edinaldo/Documents/previsao_remuneracao/previsao_remuneracao/venv/lib/python3.10/site-packages/airflow/example_dags/example_branch_operator.py
[2023-04-05 21:16:06,092] {processor.py:641} INFO - Processing file /home/edinaldo/Documents/previsao_remuneracao/previsao_remuneracao/venv/lib/python3.10/site-packages/airflow/example_dags/example_branch_operator.py for tasks to queue
[2023-04-05 21:16:06,093] {logging_mixin.py:115} INFO - [2023-04-05 21:16:06,093] {dagbag.py:507} INFO - Filling up the DagBag from /home/edinaldo/Documents/previsao_remuneracao/previsao_remuneracao/venv/lib/python3.10/site-packages/airflow/example_dags/example_branch_operator.py
[2023-04-05 21:16:06,123] {processor.py:651} INFO - DAG(s) dict_keys(['example_branch_operator']) retrieved from /home/edinaldo/Documents/previsao_remuneracao/previsao_remuneracao/venv/lib/python3.10/site-packages/airflow/example_dags/example_branch_operator.py
[2023-04-05 21:16:06,144] {logging_mixin.py:115} INFO - [2023-04-05 21:16:06,144] {dag.py:2379} INFO - Sync 1 DAGs
[2023-04-05 21:16:06,164] {logging_mixin.py:115} INFO - [2023-04-05 21:16:06,164] {dag.py:2927} INFO - Setting next_dagrun for example_branch_operator to 2023-04-05T00:00:00+00:00, run_after=2023-04-06T00:00:00+00:00
[2023-04-05 21:16:06,243] {processor.py:161} INFO - Processing /home/edinaldo/Documents/previsao_remuneracao/previsao_remuneracao/venv/lib/python3.10/site-packages/airflow/example_dags/example_branch_operator.py took 0.183 seconds
[2023-04-05 21:16:51,415] {processor.py:153} INFO - Started process (PID=53683) to work on /home/edinaldo/Documents/previsao_remuneracao/previsao_remuneracao/venv/lib/python3.10/site-packages/airflow/example_dags/example_branch_operator.py
[2023-04-05 21:16:51,416] {processor.py:641} INFO - Processing file /home/edinaldo/Documents/previsao_remuneracao/previsao_remuneracao/venv/lib/python3.10/site-packages/airflow/example_dags/example_branch_operator.py for tasks to queue
[2023-04-05 21:16:51,418] {logging_mixin.py:115} INFO - [2023-04-05 21:16:51,418] {dagbag.py:507} INFO - Filling up the DagBag from /home/edinaldo/Documents/previsao_remuneracao/previsao_remuneracao/venv/lib/python3.10/site-packages/airflow/example_dags/example_branch_operator.py
[2023-04-05 21:16:51,443] {processor.py:651} INFO - DAG(s) dict_keys(['example_branch_operator']) retrieved from /home/edinaldo/Documents/previsao_remuneracao/previsao_remuneracao/venv/lib/python3.10/site-packages/airflow/example_dags/example_branch_operator.py
[2023-04-05 21:16:51,461] {logging_mixin.py:115} INFO - [2023-04-05 21:16:51,461] {dag.py:2379} INFO - Sync 1 DAGs
[2023-04-05 21:16:51,482] {logging_mixin.py:115} INFO - [2023-04-05 21:16:51,481] {dag.py:2927} INFO - Setting next_dagrun for example_branch_operator to 2023-04-05T00:00:00+00:00, run_after=2023-04-06T00:00:00+00:00
[2023-04-05 21:16:51,559] {processor.py:161} INFO - Processing /home/edinaldo/Documents/previsao_remuneracao/previsao_remuneracao/venv/lib/python3.10/site-packages/airflow/example_dags/example_branch_operator.py took 0.153 seconds
[2023-04-05 21:17:32,192] {processor.py:153} INFO - Started process (PID=53729) to work on /home/edinaldo/Documents/previsao_remuneracao/previsao_remuneracao/venv/lib/python3.10/site-packages/airflow/example_dags/example_branch_operator.py
[2023-04-05 21:17:32,204] {processor.py:641} INFO - Processing file /home/edinaldo/Documents/previsao_remuneracao/previsao_remuneracao/venv/lib/python3.10/site-packages/airflow/example_dags/example_branch_operator.py for tasks to queue
[2023-04-05 21:17:32,205] {logging_mixin.py:115} INFO - [2023-04-05 21:17:32,205] {dagbag.py:507} INFO - Filling up the DagBag from /home/edinaldo/Documents/previsao_remuneracao/previsao_remuneracao/venv/lib/python3.10/site-packages/airflow/example_dags/example_branch_operator.py
[2023-04-05 21:17:32,218] {processor.py:651} INFO - DAG(s) dict_keys(['example_branch_operator']) retrieved from /home/edinaldo/Documents/previsao_remuneracao/previsao_remuneracao/venv/lib/python3.10/site-packages/airflow/example_dags/example_branch_operator.py
[2023-04-05 21:17:32,316] {logging_mixin.py:115} INFO - [2023-04-05 21:17:32,316] {dag.py:2379} INFO - Sync 1 DAGs
[2023-04-05 21:17:32,349] {logging_mixin.py:115} INFO - [2023-04-05 21:17:32,349] {dag.py:2927} INFO - Setting next_dagrun for example_branch_operator to 2023-04-05T00:00:00+00:00, run_after=2023-04-06T00:00:00+00:00
[2023-04-05 21:17:33,142] {processor.py:161} INFO - Processing /home/edinaldo/Documents/previsao_remuneracao/previsao_remuneracao/venv/lib/python3.10/site-packages/airflow/example_dags/example_branch_operator.py took 0.953 seconds
[2023-04-05 21:18:11,133] {processor.py:153} INFO - Started process (PID=53765) to work on /home/edinaldo/Documents/previsao_remuneracao/previsao_remuneracao/venv/lib/python3.10/site-packages/airflow/example_dags/example_branch_operator.py
[2023-04-05 21:18:11,134] {processor.py:641} INFO - Processing file /home/edinaldo/Documents/previsao_remuneracao/previsao_remuneracao/venv/lib/python3.10/site-packages/airflow/example_dags/example_branch_operator.py for tasks to queue
[2023-04-05 21:18:11,134] {logging_mixin.py:115} INFO - [2023-04-05 21:18:11,134] {dagbag.py:507} INFO - Filling up the DagBag from /home/edinaldo/Documents/previsao_remuneracao/previsao_remuneracao/venv/lib/python3.10/site-packages/airflow/example_dags/example_branch_operator.py
[2023-04-05 21:18:11,149] {processor.py:651} INFO - DAG(s) dict_keys(['example_branch_operator']) retrieved from /home/edinaldo/Documents/previsao_remuneracao/previsao_remuneracao/venv/lib/python3.10/site-packages/airflow/example_dags/example_branch_operator.py
[2023-04-05 21:18:11,167] {logging_mixin.py:115} INFO - [2023-04-05 21:18:11,167] {dag.py:2379} INFO - Sync 1 DAGs
[2023-04-05 21:18:11,187] {logging_mixin.py:115} INFO - [2023-04-05 21:18:11,187] {dag.py:2927} INFO - Setting next_dagrun for example_branch_operator to 2023-04-05T00:00:00+00:00, run_after=2023-04-06T00:00:00+00:00
[2023-04-05 21:18:11,256] {processor.py:161} INFO - Processing /home/edinaldo/Documents/previsao_remuneracao/previsao_remuneracao/venv/lib/python3.10/site-packages/airflow/example_dags/example_branch_operator.py took 0.127 seconds
[2023-04-05 21:18:49,882] {processor.py:153} INFO - Started process (PID=53808) to work on /home/edinaldo/Documents/previsao_remuneracao/previsao_remuneracao/venv/lib/python3.10/site-packages/airflow/example_dags/example_branch_operator.py
[2023-04-05 21:18:49,883] {processor.py:641} INFO - Processing file /home/edinaldo/Documents/previsao_remuneracao/previsao_remuneracao/venv/lib/python3.10/site-packages/airflow/example_dags/example_branch_operator.py for tasks to queue
[2023-04-05 21:18:49,884] {logging_mixin.py:115} INFO - [2023-04-05 21:18:49,884] {dagbag.py:507} INFO - Filling up the DagBag from /home/edinaldo/Documents/previsao_remuneracao/previsao_remuneracao/venv/lib/python3.10/site-packages/airflow/example_dags/example_branch_operator.py
[2023-04-05 21:18:49,897] {processor.py:651} INFO - DAG(s) dict_keys(['example_branch_operator']) retrieved from /home/edinaldo/Documents/previsao_remuneracao/previsao_remuneracao/venv/lib/python3.10/site-packages/airflow/example_dags/example_branch_operator.py
[2023-04-05 21:18:49,915] {logging_mixin.py:115} INFO - [2023-04-05 21:18:49,915] {dag.py:2379} INFO - Sync 1 DAGs
[2023-04-05 21:18:49,936] {logging_mixin.py:115} INFO - [2023-04-05 21:18:49,935] {dag.py:2927} INFO - Setting next_dagrun for example_branch_operator to 2023-04-05T00:00:00+00:00, run_after=2023-04-06T00:00:00+00:00
[2023-04-05 21:18:50,012] {processor.py:161} INFO - Processing /home/edinaldo/Documents/previsao_remuneracao/previsao_remuneracao/venv/lib/python3.10/site-packages/airflow/example_dags/example_branch_operator.py took 0.134 seconds
[2023-04-05 21:19:28,172] {processor.py:153} INFO - Started process (PID=53844) to work on /home/edinaldo/Documents/previsao_remuneracao/previsao_remuneracao/venv/lib/python3.10/site-packages/airflow/example_dags/example_branch_operator.py
[2023-04-05 21:19:28,173] {processor.py:641} INFO - Processing file /home/edinaldo/Documents/previsao_remuneracao/previsao_remuneracao/venv/lib/python3.10/site-packages/airflow/example_dags/example_branch_operator.py for tasks to queue
[2023-04-05 21:19:28,174] {logging_mixin.py:115} INFO - [2023-04-05 21:19:28,174] {dagbag.py:507} INFO - Filling up the DagBag from /home/edinaldo/Documents/previsao_remuneracao/previsao_remuneracao/venv/lib/python3.10/site-packages/airflow/example_dags/example_branch_operator.py
[2023-04-05 21:19:28,188] {processor.py:651} INFO - DAG(s) dict_keys(['example_branch_operator']) retrieved from /home/edinaldo/Documents/previsao_remuneracao/previsao_remuneracao/venv/lib/python3.10/site-packages/airflow/example_dags/example_branch_operator.py
[2023-04-05 21:19:28,205] {logging_mixin.py:115} INFO - [2023-04-05 21:19:28,205] {dag.py:2379} INFO - Sync 1 DAGs
[2023-04-05 21:19:28,226] {logging_mixin.py:115} INFO - [2023-04-05 21:19:28,226] {dag.py:2927} INFO - Setting next_dagrun for example_branch_operator to 2023-04-05T00:00:00+00:00, run_after=2023-04-06T00:00:00+00:00
[2023-04-05 21:19:28,312] {processor.py:161} INFO - Processing /home/edinaldo/Documents/previsao_remuneracao/previsao_remuneracao/venv/lib/python3.10/site-packages/airflow/example_dags/example_branch_operator.py took 0.143 seconds
[2023-04-05 21:20:08,468] {processor.py:153} INFO - Started process (PID=53887) to work on /home/edinaldo/Documents/previsao_remuneracao/previsao_remuneracao/venv/lib/python3.10/site-packages/airflow/example_dags/example_branch_operator.py
[2023-04-05 21:20:08,469] {processor.py:641} INFO - Processing file /home/edinaldo/Documents/previsao_remuneracao/previsao_remuneracao/venv/lib/python3.10/site-packages/airflow/example_dags/example_branch_operator.py for tasks to queue
[2023-04-05 21:20:08,470] {logging_mixin.py:115} INFO - [2023-04-05 21:20:08,470] {dagbag.py:507} INFO - Filling up the DagBag from /home/edinaldo/Documents/previsao_remuneracao/previsao_remuneracao/venv/lib/python3.10/site-packages/airflow/example_dags/example_branch_operator.py
[2023-04-05 21:20:08,484] {processor.py:651} INFO - DAG(s) dict_keys(['example_branch_operator']) retrieved from /home/edinaldo/Documents/previsao_remuneracao/previsao_remuneracao/venv/lib/python3.10/site-packages/airflow/example_dags/example_branch_operator.py
[2023-04-05 21:20:08,503] {logging_mixin.py:115} INFO - [2023-04-05 21:20:08,503] {dag.py:2379} INFO - Sync 1 DAGs
[2023-04-05 21:20:08,524] {logging_mixin.py:115} INFO - [2023-04-05 21:20:08,524] {dag.py:2927} INFO - Setting next_dagrun for example_branch_operator to 2023-04-05T00:00:00+00:00, run_after=2023-04-06T00:00:00+00:00
[2023-04-05 21:20:08,597] {processor.py:161} INFO - Processing /home/edinaldo/Documents/previsao_remuneracao/previsao_remuneracao/venv/lib/python3.10/site-packages/airflow/example_dags/example_branch_operator.py took 0.132 seconds
[2023-04-05 21:20:55,810] {processor.py:153} INFO - Started process (PID=53952) to work on /home/edinaldo/Documents/previsao_remuneracao/previsao_remuneracao/venv/lib/python3.10/site-packages/airflow/example_dags/example_branch_operator.py
[2023-04-05 21:20:55,812] {processor.py:641} INFO - Processing file /home/edinaldo/Documents/previsao_remuneracao/previsao_remuneracao/venv/lib/python3.10/site-packages/airflow/example_dags/example_branch_operator.py for tasks to queue
[2023-04-05 21:20:55,813] {logging_mixin.py:115} INFO - [2023-04-05 21:20:55,813] {dagbag.py:507} INFO - Filling up the DagBag from /home/edinaldo/Documents/previsao_remuneracao/previsao_remuneracao/venv/lib/python3.10/site-packages/airflow/example_dags/example_branch_operator.py
[2023-04-05 21:20:55,835] {processor.py:651} INFO - DAG(s) dict_keys(['example_branch_operator']) retrieved from /home/edinaldo/Documents/previsao_remuneracao/previsao_remuneracao/venv/lib/python3.10/site-packages/airflow/example_dags/example_branch_operator.py
[2023-04-05 21:20:55,853] {logging_mixin.py:115} INFO - [2023-04-05 21:20:55,853] {dag.py:2379} INFO - Sync 1 DAGs
[2023-04-05 21:20:55,873] {logging_mixin.py:115} INFO - [2023-04-05 21:20:55,873] {dag.py:2927} INFO - Setting next_dagrun for example_branch_operator to 2023-04-05T00:00:00+00:00, run_after=2023-04-06T00:00:00+00:00
[2023-04-05 21:20:55,950] {processor.py:161} INFO - Processing /home/edinaldo/Documents/previsao_remuneracao/previsao_remuneracao/venv/lib/python3.10/site-packages/airflow/example_dags/example_branch_operator.py took 0.150 seconds
[2023-04-05 21:21:35,894] {processor.py:153} INFO - Started process (PID=54015) to work on /home/edinaldo/Documents/previsao_remuneracao/previsao_remuneracao/venv/lib/python3.10/site-packages/airflow/example_dags/example_branch_operator.py
[2023-04-05 21:21:35,904] {processor.py:641} INFO - Processing file /home/edinaldo/Documents/previsao_remuneracao/previsao_remuneracao/venv/lib/python3.10/site-packages/airflow/example_dags/example_branch_operator.py for tasks to queue
[2023-04-05 21:21:35,905] {logging_mixin.py:115} INFO - [2023-04-05 21:21:35,904] {dagbag.py:507} INFO - Filling up the DagBag from /home/edinaldo/Documents/previsao_remuneracao/previsao_remuneracao/venv/lib/python3.10/site-packages/airflow/example_dags/example_branch_operator.py
[2023-04-05 21:21:35,917] {processor.py:651} INFO - DAG(s) dict_keys(['example_branch_operator']) retrieved from /home/edinaldo/Documents/previsao_remuneracao/previsao_remuneracao/venv/lib/python3.10/site-packages/airflow/example_dags/example_branch_operator.py
[2023-04-05 21:21:35,935] {logging_mixin.py:115} INFO - [2023-04-05 21:21:35,935] {dag.py:2379} INFO - Sync 1 DAGs
[2023-04-05 21:21:35,956] {logging_mixin.py:115} INFO - [2023-04-05 21:21:35,956] {dag.py:2927} INFO - Setting next_dagrun for example_branch_operator to 2023-04-05T00:00:00+00:00, run_after=2023-04-06T00:00:00+00:00
[2023-04-05 21:21:36,035] {processor.py:161} INFO - Processing /home/edinaldo/Documents/previsao_remuneracao/previsao_remuneracao/venv/lib/python3.10/site-packages/airflow/example_dags/example_branch_operator.py took 0.145 seconds
[2023-04-05 21:22:22,195] {processor.py:153} INFO - Started process (PID=54061) to work on /home/edinaldo/Documents/previsao_remuneracao/previsao_remuneracao/venv/lib/python3.10/site-packages/airflow/example_dags/example_branch_operator.py
[2023-04-05 21:22:22,210] {processor.py:641} INFO - Processing file /home/edinaldo/Documents/previsao_remuneracao/previsao_remuneracao/venv/lib/python3.10/site-packages/airflow/example_dags/example_branch_operator.py for tasks to queue
[2023-04-05 21:22:22,211] {logging_mixin.py:115} INFO - [2023-04-05 21:22:22,210] {dagbag.py:507} INFO - Filling up the DagBag from /home/edinaldo/Documents/previsao_remuneracao/previsao_remuneracao/venv/lib/python3.10/site-packages/airflow/example_dags/example_branch_operator.py
[2023-04-05 21:22:22,234] {processor.py:651} INFO - DAG(s) dict_keys(['example_branch_operator']) retrieved from /home/edinaldo/Documents/previsao_remuneracao/previsao_remuneracao/venv/lib/python3.10/site-packages/airflow/example_dags/example_branch_operator.py
[2023-04-05 21:22:22,256] {logging_mixin.py:115} INFO - [2023-04-05 21:22:22,256] {dag.py:2379} INFO - Sync 1 DAGs
[2023-04-05 21:22:22,277] {logging_mixin.py:115} INFO - [2023-04-05 21:22:22,277] {dag.py:2927} INFO - Setting next_dagrun for example_branch_operator to 2023-04-05T00:00:00+00:00, run_after=2023-04-06T00:00:00+00:00
[2023-04-05 21:22:22,346] {processor.py:161} INFO - Processing /home/edinaldo/Documents/previsao_remuneracao/previsao_remuneracao/venv/lib/python3.10/site-packages/airflow/example_dags/example_branch_operator.py took 0.155 seconds
[2023-04-05 21:23:08,779] {processor.py:153} INFO - Started process (PID=54107) to work on /home/edinaldo/Documents/previsao_remuneracao/previsao_remuneracao/venv/lib/python3.10/site-packages/airflow/example_dags/example_branch_operator.py
[2023-04-05 21:23:08,779] {processor.py:641} INFO - Processing file /home/edinaldo/Documents/previsao_remuneracao/previsao_remuneracao/venv/lib/python3.10/site-packages/airflow/example_dags/example_branch_operator.py for tasks to queue
[2023-04-05 21:23:08,780] {logging_mixin.py:115} INFO - [2023-04-05 21:23:08,780] {dagbag.py:507} INFO - Filling up the DagBag from /home/edinaldo/Documents/previsao_remuneracao/previsao_remuneracao/venv/lib/python3.10/site-packages/airflow/example_dags/example_branch_operator.py
[2023-04-05 21:23:08,792] {processor.py:651} INFO - DAG(s) dict_keys(['example_branch_operator']) retrieved from /home/edinaldo/Documents/previsao_remuneracao/previsao_remuneracao/venv/lib/python3.10/site-packages/airflow/example_dags/example_branch_operator.py
[2023-04-05 21:23:08,810] {logging_mixin.py:115} INFO - [2023-04-05 21:23:08,810] {dag.py:2379} INFO - Sync 1 DAGs
[2023-04-05 21:23:08,831] {logging_mixin.py:115} INFO - [2023-04-05 21:23:08,831] {dag.py:2927} INFO - Setting next_dagrun for example_branch_operator to 2023-04-05T00:00:00+00:00, run_after=2023-04-06T00:00:00+00:00
[2023-04-05 21:23:08,909] {processor.py:161} INFO - Processing /home/edinaldo/Documents/previsao_remuneracao/previsao_remuneracao/venv/lib/python3.10/site-packages/airflow/example_dags/example_branch_operator.py took 0.134 seconds
[2023-04-05 21:23:48,733] {processor.py:153} INFO - Started process (PID=54161) to work on /home/edinaldo/Documents/previsao_remuneracao/previsao_remuneracao/venv/lib/python3.10/site-packages/airflow/example_dags/example_branch_operator.py
[2023-04-05 21:23:48,745] {processor.py:641} INFO - Processing file /home/edinaldo/Documents/previsao_remuneracao/previsao_remuneracao/venv/lib/python3.10/site-packages/airflow/example_dags/example_branch_operator.py for tasks to queue
[2023-04-05 21:23:48,746] {logging_mixin.py:115} INFO - [2023-04-05 21:23:48,746] {dagbag.py:507} INFO - Filling up the DagBag from /home/edinaldo/Documents/previsao_remuneracao/previsao_remuneracao/venv/lib/python3.10/site-packages/airflow/example_dags/example_branch_operator.py
[2023-04-05 21:23:48,758] {processor.py:651} INFO - DAG(s) dict_keys(['example_branch_operator']) retrieved from /home/edinaldo/Documents/previsao_remuneracao/previsao_remuneracao/venv/lib/python3.10/site-packages/airflow/example_dags/example_branch_operator.py
[2023-04-05 21:23:48,776] {logging_mixin.py:115} INFO - [2023-04-05 21:23:48,776] {dag.py:2379} INFO - Sync 1 DAGs
[2023-04-05 21:23:48,797] {logging_mixin.py:115} INFO - [2023-04-05 21:23:48,797] {dag.py:2927} INFO - Setting next_dagrun for example_branch_operator to 2023-04-05T00:00:00+00:00, run_after=2023-04-06T00:00:00+00:00
[2023-04-05 21:23:48,875] {processor.py:161} INFO - Processing /home/edinaldo/Documents/previsao_remuneracao/previsao_remuneracao/venv/lib/python3.10/site-packages/airflow/example_dags/example_branch_operator.py took 0.145 seconds
[2023-04-05 21:24:29,417] {processor.py:153} INFO - Started process (PID=54265) to work on /home/edinaldo/Documents/previsao_remuneracao/previsao_remuneracao/venv/lib/python3.10/site-packages/airflow/example_dags/example_branch_operator.py
[2023-04-05 21:24:29,438] {processor.py:641} INFO - Processing file /home/edinaldo/Documents/previsao_remuneracao/previsao_remuneracao/venv/lib/python3.10/site-packages/airflow/example_dags/example_branch_operator.py for tasks to queue
[2023-04-05 21:24:29,439] {logging_mixin.py:115} INFO - [2023-04-05 21:24:29,439] {dagbag.py:507} INFO - Filling up the DagBag from /home/edinaldo/Documents/previsao_remuneracao/previsao_remuneracao/venv/lib/python3.10/site-packages/airflow/example_dags/example_branch_operator.py
[2023-04-05 21:24:29,469] {processor.py:651} INFO - DAG(s) dict_keys(['example_branch_operator']) retrieved from /home/edinaldo/Documents/previsao_remuneracao/previsao_remuneracao/venv/lib/python3.10/site-packages/airflow/example_dags/example_branch_operator.py
[2023-04-05 21:24:29,509] {logging_mixin.py:115} INFO - [2023-04-05 21:24:29,508] {dag.py:2379} INFO - Sync 1 DAGs
[2023-04-05 21:24:29,555] {logging_mixin.py:115} INFO - [2023-04-05 21:24:29,555] {dag.py:2927} INFO - Setting next_dagrun for example_branch_operator to 2023-04-05T00:00:00+00:00, run_after=2023-04-06T00:00:00+00:00
[2023-04-05 21:24:29,641] {processor.py:161} INFO - Processing /home/edinaldo/Documents/previsao_remuneracao/previsao_remuneracao/venv/lib/python3.10/site-packages/airflow/example_dags/example_branch_operator.py took 0.232 seconds
[2023-04-05 21:25:13,329] {processor.py:153} INFO - Started process (PID=54493) to work on /home/edinaldo/Documents/previsao_remuneracao/previsao_remuneracao/venv/lib/python3.10/site-packages/airflow/example_dags/example_branch_operator.py
[2023-04-05 21:25:13,330] {processor.py:641} INFO - Processing file /home/edinaldo/Documents/previsao_remuneracao/previsao_remuneracao/venv/lib/python3.10/site-packages/airflow/example_dags/example_branch_operator.py for tasks to queue
[2023-04-05 21:25:13,330] {logging_mixin.py:115} INFO - [2023-04-05 21:25:13,330] {dagbag.py:507} INFO - Filling up the DagBag from /home/edinaldo/Documents/previsao_remuneracao/previsao_remuneracao/venv/lib/python3.10/site-packages/airflow/example_dags/example_branch_operator.py
[2023-04-05 21:25:13,343] {processor.py:651} INFO - DAG(s) dict_keys(['example_branch_operator']) retrieved from /home/edinaldo/Documents/previsao_remuneracao/previsao_remuneracao/venv/lib/python3.10/site-packages/airflow/example_dags/example_branch_operator.py
[2023-04-05 21:25:13,361] {logging_mixin.py:115} INFO - [2023-04-05 21:25:13,361] {dag.py:2379} INFO - Sync 1 DAGs
[2023-04-05 21:25:13,382] {logging_mixin.py:115} INFO - [2023-04-05 21:25:13,382] {dag.py:2927} INFO - Setting next_dagrun for example_branch_operator to 2023-04-05T00:00:00+00:00, run_after=2023-04-06T00:00:00+00:00
[2023-04-05 21:25:13,448] {processor.py:161} INFO - Processing /home/edinaldo/Documents/previsao_remuneracao/previsao_remuneracao/venv/lib/python3.10/site-packages/airflow/example_dags/example_branch_operator.py took 0.122 seconds
[2023-04-05 21:25:55,731] {processor.py:153} INFO - Started process (PID=54739) to work on /home/edinaldo/Documents/previsao_remuneracao/previsao_remuneracao/venv/lib/python3.10/site-packages/airflow/example_dags/example_branch_operator.py
[2023-04-05 21:25:55,732] {processor.py:641} INFO - Processing file /home/edinaldo/Documents/previsao_remuneracao/previsao_remuneracao/venv/lib/python3.10/site-packages/airflow/example_dags/example_branch_operator.py for tasks to queue
[2023-04-05 21:25:55,733] {logging_mixin.py:115} INFO - [2023-04-05 21:25:55,733] {dagbag.py:507} INFO - Filling up the DagBag from /home/edinaldo/Documents/previsao_remuneracao/previsao_remuneracao/venv/lib/python3.10/site-packages/airflow/example_dags/example_branch_operator.py
[2023-04-05 21:25:55,749] {processor.py:651} INFO - DAG(s) dict_keys(['example_branch_operator']) retrieved from /home/edinaldo/Documents/previsao_remuneracao/previsao_remuneracao/venv/lib/python3.10/site-packages/airflow/example_dags/example_branch_operator.py
[2023-04-05 21:25:55,772] {logging_mixin.py:115} INFO - [2023-04-05 21:25:55,772] {dag.py:2379} INFO - Sync 1 DAGs
[2023-04-05 21:25:55,797] {logging_mixin.py:115} INFO - [2023-04-05 21:25:55,797] {dag.py:2927} INFO - Setting next_dagrun for example_branch_operator to 2023-04-05T00:00:00+00:00, run_after=2023-04-06T00:00:00+00:00
[2023-04-05 21:25:55,950] {processor.py:161} INFO - Processing /home/edinaldo/Documents/previsao_remuneracao/previsao_remuneracao/venv/lib/python3.10/site-packages/airflow/example_dags/example_branch_operator.py took 0.225 seconds
[2023-04-05 21:26:36,718] {processor.py:153} INFO - Started process (PID=54988) to work on /home/edinaldo/Documents/previsao_remuneracao/previsao_remuneracao/venv/lib/python3.10/site-packages/airflow/example_dags/example_branch_operator.py
[2023-04-05 21:26:36,728] {processor.py:641} INFO - Processing file /home/edinaldo/Documents/previsao_remuneracao/previsao_remuneracao/venv/lib/python3.10/site-packages/airflow/example_dags/example_branch_operator.py for tasks to queue
[2023-04-05 21:26:36,729] {logging_mixin.py:115} INFO - [2023-04-05 21:26:36,729] {dagbag.py:507} INFO - Filling up the DagBag from /home/edinaldo/Documents/previsao_remuneracao/previsao_remuneracao/venv/lib/python3.10/site-packages/airflow/example_dags/example_branch_operator.py
[2023-04-05 21:26:36,745] {processor.py:651} INFO - DAG(s) dict_keys(['example_branch_operator']) retrieved from /home/edinaldo/Documents/previsao_remuneracao/previsao_remuneracao/venv/lib/python3.10/site-packages/airflow/example_dags/example_branch_operator.py
[2023-04-05 21:26:36,763] {logging_mixin.py:115} INFO - [2023-04-05 21:26:36,763] {dag.py:2379} INFO - Sync 1 DAGs
[2023-04-05 21:26:36,784] {logging_mixin.py:115} INFO - [2023-04-05 21:26:36,784] {dag.py:2927} INFO - Setting next_dagrun for example_branch_operator to 2023-04-05T00:00:00+00:00, run_after=2023-04-06T00:00:00+00:00
[2023-04-05 21:26:36,861] {processor.py:161} INFO - Processing /home/edinaldo/Documents/previsao_remuneracao/previsao_remuneracao/venv/lib/python3.10/site-packages/airflow/example_dags/example_branch_operator.py took 0.148 seconds
[2023-04-05 21:27:25,561] {processor.py:153} INFO - Started process (PID=55248) to work on /home/edinaldo/Documents/previsao_remuneracao/previsao_remuneracao/venv/lib/python3.10/site-packages/airflow/example_dags/example_branch_operator.py
[2023-04-05 21:27:25,567] {processor.py:641} INFO - Processing file /home/edinaldo/Documents/previsao_remuneracao/previsao_remuneracao/venv/lib/python3.10/site-packages/airflow/example_dags/example_branch_operator.py for tasks to queue
[2023-04-05 21:27:25,569] {logging_mixin.py:115} INFO - [2023-04-05 21:27:25,569] {dagbag.py:507} INFO - Filling up the DagBag from /home/edinaldo/Documents/previsao_remuneracao/previsao_remuneracao/venv/lib/python3.10/site-packages/airflow/example_dags/example_branch_operator.py
[2023-04-05 21:27:25,594] {processor.py:651} INFO - DAG(s) dict_keys(['example_branch_operator']) retrieved from /home/edinaldo/Documents/previsao_remuneracao/previsao_remuneracao/venv/lib/python3.10/site-packages/airflow/example_dags/example_branch_operator.py
[2023-04-05 21:27:25,612] {logging_mixin.py:115} INFO - [2023-04-05 21:27:25,612] {dag.py:2379} INFO - Sync 1 DAGs
[2023-04-05 21:27:25,633] {logging_mixin.py:115} INFO - [2023-04-05 21:27:25,633] {dag.py:2927} INFO - Setting next_dagrun for example_branch_operator to 2023-04-05T00:00:00+00:00, run_after=2023-04-06T00:00:00+00:00
[2023-04-05 21:27:25,703] {processor.py:161} INFO - Processing /home/edinaldo/Documents/previsao_remuneracao/previsao_remuneracao/venv/lib/python3.10/site-packages/airflow/example_dags/example_branch_operator.py took 0.152 seconds
[2023-04-05 21:28:21,114] {processor.py:153} INFO - Started process (PID=55565) to work on /home/edinaldo/Documents/previsao_remuneracao/previsao_remuneracao/venv/lib/python3.10/site-packages/airflow/example_dags/example_branch_operator.py
[2023-04-05 21:28:21,138] {processor.py:641} INFO - Processing file /home/edinaldo/Documents/previsao_remuneracao/previsao_remuneracao/venv/lib/python3.10/site-packages/airflow/example_dags/example_branch_operator.py for tasks to queue
[2023-04-05 21:28:21,140] {logging_mixin.py:115} INFO - [2023-04-05 21:28:21,140] {dagbag.py:507} INFO - Filling up the DagBag from /home/edinaldo/Documents/previsao_remuneracao/previsao_remuneracao/venv/lib/python3.10/site-packages/airflow/example_dags/example_branch_operator.py
[2023-04-05 21:28:21,209] {processor.py:651} INFO - DAG(s) dict_keys(['example_branch_operator']) retrieved from /home/edinaldo/Documents/previsao_remuneracao/previsao_remuneracao/venv/lib/python3.10/site-packages/airflow/example_dags/example_branch_operator.py
[2023-04-05 21:28:21,236] {logging_mixin.py:115} INFO - [2023-04-05 21:28:21,236] {dag.py:2379} INFO - Sync 1 DAGs
[2023-04-05 21:28:21,258] {logging_mixin.py:115} INFO - [2023-04-05 21:28:21,258] {dag.py:2927} INFO - Setting next_dagrun for example_branch_operator to 2023-04-05T00:00:00+00:00, run_after=2023-04-06T00:00:00+00:00
[2023-04-05 21:28:21,330] {processor.py:161} INFO - Processing /home/edinaldo/Documents/previsao_remuneracao/previsao_remuneracao/venv/lib/python3.10/site-packages/airflow/example_dags/example_branch_operator.py took 0.227 seconds
[2023-04-05 21:29:11,493] {processor.py:153} INFO - Started process (PID=55615) to work on /home/edinaldo/Documents/previsao_remuneracao/previsao_remuneracao/venv/lib/python3.10/site-packages/airflow/example_dags/example_branch_operator.py
[2023-04-05 21:29:11,501] {processor.py:641} INFO - Processing file /home/edinaldo/Documents/previsao_remuneracao/previsao_remuneracao/venv/lib/python3.10/site-packages/airflow/example_dags/example_branch_operator.py for tasks to queue
[2023-04-05 21:29:11,501] {logging_mixin.py:115} INFO - [2023-04-05 21:29:11,501] {dagbag.py:507} INFO - Filling up the DagBag from /home/edinaldo/Documents/previsao_remuneracao/previsao_remuneracao/venv/lib/python3.10/site-packages/airflow/example_dags/example_branch_operator.py
[2023-04-05 21:29:11,540] {processor.py:651} INFO - DAG(s) dict_keys(['example_branch_operator']) retrieved from /home/edinaldo/Documents/previsao_remuneracao/previsao_remuneracao/venv/lib/python3.10/site-packages/airflow/example_dags/example_branch_operator.py
[2023-04-05 21:29:11,575] {logging_mixin.py:115} INFO - [2023-04-05 21:29:11,574] {dag.py:2379} INFO - Sync 1 DAGs
[2023-04-05 21:29:11,618] {logging_mixin.py:115} INFO - [2023-04-05 21:29:11,618] {dag.py:2927} INFO - Setting next_dagrun for example_branch_operator to 2023-04-05T00:00:00+00:00, run_after=2023-04-06T00:00:00+00:00
[2023-04-05 21:29:11,719] {processor.py:161} INFO - Processing /home/edinaldo/Documents/previsao_remuneracao/previsao_remuneracao/venv/lib/python3.10/site-packages/airflow/example_dags/example_branch_operator.py took 0.234 seconds
[2023-04-05 21:29:57,547] {processor.py:153} INFO - Started process (PID=55657) to work on /home/edinaldo/Documents/previsao_remuneracao/previsao_remuneracao/venv/lib/python3.10/site-packages/airflow/example_dags/example_branch_operator.py
[2023-04-05 21:29:57,562] {processor.py:641} INFO - Processing file /home/edinaldo/Documents/previsao_remuneracao/previsao_remuneracao/venv/lib/python3.10/site-packages/airflow/example_dags/example_branch_operator.py for tasks to queue
[2023-04-05 21:29:57,564] {logging_mixin.py:115} INFO - [2023-04-05 21:29:57,563] {dagbag.py:507} INFO - Filling up the DagBag from /home/edinaldo/Documents/previsao_remuneracao/previsao_remuneracao/venv/lib/python3.10/site-packages/airflow/example_dags/example_branch_operator.py
[2023-04-05 21:29:57,584] {processor.py:651} INFO - DAG(s) dict_keys(['example_branch_operator']) retrieved from /home/edinaldo/Documents/previsao_remuneracao/previsao_remuneracao/venv/lib/python3.10/site-packages/airflow/example_dags/example_branch_operator.py
[2023-04-05 21:29:57,612] {logging_mixin.py:115} INFO - [2023-04-05 21:29:57,611] {dag.py:2379} INFO - Sync 1 DAGs
[2023-04-05 21:29:57,648] {logging_mixin.py:115} INFO - [2023-04-05 21:29:57,648] {dag.py:2927} INFO - Setting next_dagrun for example_branch_operator to 2023-04-05T00:00:00+00:00, run_after=2023-04-06T00:00:00+00:00
[2023-04-05 21:29:57,729] {processor.py:161} INFO - Processing /home/edinaldo/Documents/previsao_remuneracao/previsao_remuneracao/venv/lib/python3.10/site-packages/airflow/example_dags/example_branch_operator.py took 0.188 seconds
[2023-04-05 21:30:39,590] {processor.py:153} INFO - Started process (PID=55696) to work on /home/edinaldo/Documents/previsao_remuneracao/previsao_remuneracao/venv/lib/python3.10/site-packages/airflow/example_dags/example_branch_operator.py
[2023-04-05 21:30:39,591] {processor.py:641} INFO - Processing file /home/edinaldo/Documents/previsao_remuneracao/previsao_remuneracao/venv/lib/python3.10/site-packages/airflow/example_dags/example_branch_operator.py for tasks to queue
[2023-04-05 21:30:39,592] {logging_mixin.py:115} INFO - [2023-04-05 21:30:39,592] {dagbag.py:507} INFO - Filling up the DagBag from /home/edinaldo/Documents/previsao_remuneracao/previsao_remuneracao/venv/lib/python3.10/site-packages/airflow/example_dags/example_branch_operator.py
[2023-04-05 21:30:39,617] {processor.py:651} INFO - DAG(s) dict_keys(['example_branch_operator']) retrieved from /home/edinaldo/Documents/previsao_remuneracao/previsao_remuneracao/venv/lib/python3.10/site-packages/airflow/example_dags/example_branch_operator.py
[2023-04-05 21:30:39,641] {logging_mixin.py:115} INFO - [2023-04-05 21:30:39,640] {dag.py:2379} INFO - Sync 1 DAGs
[2023-04-05 21:30:39,673] {logging_mixin.py:115} INFO - [2023-04-05 21:30:39,673] {dag.py:2927} INFO - Setting next_dagrun for example_branch_operator to 2023-04-05T00:00:00+00:00, run_after=2023-04-06T00:00:00+00:00
[2023-04-05 21:30:39,754] {processor.py:161} INFO - Processing /home/edinaldo/Documents/previsao_remuneracao/previsao_remuneracao/venv/lib/python3.10/site-packages/airflow/example_dags/example_branch_operator.py took 0.173 seconds
[2023-04-05 21:31:22,337] {processor.py:153} INFO - Started process (PID=55759) to work on /home/edinaldo/Documents/previsao_remuneracao/previsao_remuneracao/venv/lib/python3.10/site-packages/airflow/example_dags/example_branch_operator.py
[2023-04-05 21:31:22,339] {processor.py:641} INFO - Processing file /home/edinaldo/Documents/previsao_remuneracao/previsao_remuneracao/venv/lib/python3.10/site-packages/airflow/example_dags/example_branch_operator.py for tasks to queue
[2023-04-05 21:31:22,340] {logging_mixin.py:115} INFO - [2023-04-05 21:31:22,340] {dagbag.py:507} INFO - Filling up the DagBag from /home/edinaldo/Documents/previsao_remuneracao/previsao_remuneracao/venv/lib/python3.10/site-packages/airflow/example_dags/example_branch_operator.py
[2023-04-05 21:31:22,355] {processor.py:651} INFO - DAG(s) dict_keys(['example_branch_operator']) retrieved from /home/edinaldo/Documents/previsao_remuneracao/previsao_remuneracao/venv/lib/python3.10/site-packages/airflow/example_dags/example_branch_operator.py
[2023-04-05 21:31:22,376] {logging_mixin.py:115} INFO - [2023-04-05 21:31:22,376] {dag.py:2379} INFO - Sync 1 DAGs
[2023-04-05 21:31:22,398] {logging_mixin.py:115} INFO - [2023-04-05 21:31:22,398] {dag.py:2927} INFO - Setting next_dagrun for example_branch_operator to 2023-04-05T00:00:00+00:00, run_after=2023-04-06T00:00:00+00:00
[2023-04-05 21:31:22,469] {processor.py:161} INFO - Processing /home/edinaldo/Documents/previsao_remuneracao/previsao_remuneracao/venv/lib/python3.10/site-packages/airflow/example_dags/example_branch_operator.py took 0.137 seconds
[2023-04-05 21:32:13,609] {processor.py:153} INFO - Started process (PID=56028) to work on /home/edinaldo/Documents/previsao_remuneracao/previsao_remuneracao/venv/lib/python3.10/site-packages/airflow/example_dags/example_branch_operator.py
[2023-04-05 21:32:13,629] {processor.py:641} INFO - Processing file /home/edinaldo/Documents/previsao_remuneracao/previsao_remuneracao/venv/lib/python3.10/site-packages/airflow/example_dags/example_branch_operator.py for tasks to queue
[2023-04-05 21:32:13,632] {logging_mixin.py:115} INFO - [2023-04-05 21:32:13,631] {dagbag.py:507} INFO - Filling up the DagBag from /home/edinaldo/Documents/previsao_remuneracao/previsao_remuneracao/venv/lib/python3.10/site-packages/airflow/example_dags/example_branch_operator.py
[2023-04-05 21:32:13,669] {processor.py:651} INFO - DAG(s) dict_keys(['example_branch_operator']) retrieved from /home/edinaldo/Documents/previsao_remuneracao/previsao_remuneracao/venv/lib/python3.10/site-packages/airflow/example_dags/example_branch_operator.py
[2023-04-05 21:32:13,703] {logging_mixin.py:115} INFO - [2023-04-05 21:32:13,703] {dag.py:2379} INFO - Sync 1 DAGs
[2023-04-05 21:32:13,743] {logging_mixin.py:115} INFO - [2023-04-05 21:32:13,743] {dag.py:2927} INFO - Setting next_dagrun for example_branch_operator to 2023-04-05T00:00:00+00:00, run_after=2023-04-06T00:00:00+00:00
[2023-04-05 21:32:13,829] {processor.py:161} INFO - Processing /home/edinaldo/Documents/previsao_remuneracao/previsao_remuneracao/venv/lib/python3.10/site-packages/airflow/example_dags/example_branch_operator.py took 0.226 seconds
[2023-04-05 21:33:02,870] {processor.py:153} INFO - Started process (PID=56101) to work on /home/edinaldo/Documents/previsao_remuneracao/previsao_remuneracao/venv/lib/python3.10/site-packages/airflow/example_dags/example_branch_operator.py
[2023-04-05 21:33:02,891] {processor.py:641} INFO - Processing file /home/edinaldo/Documents/previsao_remuneracao/previsao_remuneracao/venv/lib/python3.10/site-packages/airflow/example_dags/example_branch_operator.py for tasks to queue
[2023-04-05 21:33:02,891] {logging_mixin.py:115} INFO - [2023-04-05 21:33:02,891] {dagbag.py:507} INFO - Filling up the DagBag from /home/edinaldo/Documents/previsao_remuneracao/previsao_remuneracao/venv/lib/python3.10/site-packages/airflow/example_dags/example_branch_operator.py
[2023-04-05 21:33:02,927] {processor.py:651} INFO - DAG(s) dict_keys(['example_branch_operator']) retrieved from /home/edinaldo/Documents/previsao_remuneracao/previsao_remuneracao/venv/lib/python3.10/site-packages/airflow/example_dags/example_branch_operator.py
[2023-04-05 21:33:02,957] {logging_mixin.py:115} INFO - [2023-04-05 21:33:02,957] {dag.py:2379} INFO - Sync 1 DAGs
[2023-04-05 21:33:02,991] {logging_mixin.py:115} INFO - [2023-04-05 21:33:02,990] {dag.py:2927} INFO - Setting next_dagrun for example_branch_operator to 2023-04-05T00:00:00+00:00, run_after=2023-04-06T00:00:00+00:00
[2023-04-05 21:33:03,065] {processor.py:161} INFO - Processing /home/edinaldo/Documents/previsao_remuneracao/previsao_remuneracao/venv/lib/python3.10/site-packages/airflow/example_dags/example_branch_operator.py took 0.201 seconds
[2023-04-05 21:33:51,978] {processor.py:153} INFO - Started process (PID=56155) to work on /home/edinaldo/Documents/previsao_remuneracao/previsao_remuneracao/venv/lib/python3.10/site-packages/airflow/example_dags/example_branch_operator.py
[2023-04-05 21:33:51,978] {processor.py:641} INFO - Processing file /home/edinaldo/Documents/previsao_remuneracao/previsao_remuneracao/venv/lib/python3.10/site-packages/airflow/example_dags/example_branch_operator.py for tasks to queue
[2023-04-05 21:33:51,979] {logging_mixin.py:115} INFO - [2023-04-05 21:33:51,979] {dagbag.py:507} INFO - Filling up the DagBag from /home/edinaldo/Documents/previsao_remuneracao/previsao_remuneracao/venv/lib/python3.10/site-packages/airflow/example_dags/example_branch_operator.py
[2023-04-05 21:33:52,005] {processor.py:651} INFO - DAG(s) dict_keys(['example_branch_operator']) retrieved from /home/edinaldo/Documents/previsao_remuneracao/previsao_remuneracao/venv/lib/python3.10/site-packages/airflow/example_dags/example_branch_operator.py
[2023-04-05 21:33:52,036] {logging_mixin.py:115} INFO - [2023-04-05 21:33:52,035] {dag.py:2379} INFO - Sync 1 DAGs
[2023-04-05 21:33:52,065] {logging_mixin.py:115} INFO - [2023-04-05 21:33:52,064] {dag.py:2927} INFO - Setting next_dagrun for example_branch_operator to 2023-04-05T00:00:00+00:00, run_after=2023-04-06T00:00:00+00:00
[2023-04-05 21:33:52,151] {processor.py:161} INFO - Processing /home/edinaldo/Documents/previsao_remuneracao/previsao_remuneracao/venv/lib/python3.10/site-packages/airflow/example_dags/example_branch_operator.py took 0.177 seconds
[2023-04-05 21:34:32,909] {processor.py:153} INFO - Started process (PID=56218) to work on /home/edinaldo/Documents/previsao_remuneracao/previsao_remuneracao/venv/lib/python3.10/site-packages/airflow/example_dags/example_branch_operator.py
[2023-04-05 21:34:32,918] {processor.py:641} INFO - Processing file /home/edinaldo/Documents/previsao_remuneracao/previsao_remuneracao/venv/lib/python3.10/site-packages/airflow/example_dags/example_branch_operator.py for tasks to queue
[2023-04-05 21:34:32,919] {logging_mixin.py:115} INFO - [2023-04-05 21:34:32,919] {dagbag.py:507} INFO - Filling up the DagBag from /home/edinaldo/Documents/previsao_remuneracao/previsao_remuneracao/venv/lib/python3.10/site-packages/airflow/example_dags/example_branch_operator.py
[2023-04-05 21:34:32,938] {processor.py:651} INFO - DAG(s) dict_keys(['example_branch_operator']) retrieved from /home/edinaldo/Documents/previsao_remuneracao/previsao_remuneracao/venv/lib/python3.10/site-packages/airflow/example_dags/example_branch_operator.py
[2023-04-05 21:34:32,972] {logging_mixin.py:115} INFO - [2023-04-05 21:34:32,972] {dag.py:2379} INFO - Sync 1 DAGs
[2023-04-05 21:34:33,005] {logging_mixin.py:115} INFO - [2023-04-05 21:34:33,004] {dag.py:2927} INFO - Setting next_dagrun for example_branch_operator to 2023-04-05T00:00:00+00:00, run_after=2023-04-06T00:00:00+00:00
[2023-04-05 21:34:33,083] {processor.py:161} INFO - Processing /home/edinaldo/Documents/previsao_remuneracao/previsao_remuneracao/venv/lib/python3.10/site-packages/airflow/example_dags/example_branch_operator.py took 0.178 seconds
[2023-04-05 21:35:20,334] {processor.py:153} INFO - Started process (PID=56270) to work on /home/edinaldo/Documents/previsao_remuneracao/previsao_remuneracao/venv/lib/python3.10/site-packages/airflow/example_dags/example_branch_operator.py
[2023-04-05 21:35:20,345] {processor.py:641} INFO - Processing file /home/edinaldo/Documents/previsao_remuneracao/previsao_remuneracao/venv/lib/python3.10/site-packages/airflow/example_dags/example_branch_operator.py for tasks to queue
[2023-04-05 21:35:20,347] {logging_mixin.py:115} INFO - [2023-04-05 21:35:20,346] {dagbag.py:507} INFO - Filling up the DagBag from /home/edinaldo/Documents/previsao_remuneracao/previsao_remuneracao/venv/lib/python3.10/site-packages/airflow/example_dags/example_branch_operator.py
[2023-04-05 21:35:20,402] {processor.py:651} INFO - DAG(s) dict_keys(['example_branch_operator']) retrieved from /home/edinaldo/Documents/previsao_remuneracao/previsao_remuneracao/venv/lib/python3.10/site-packages/airflow/example_dags/example_branch_operator.py
[2023-04-05 21:35:20,438] {logging_mixin.py:115} INFO - [2023-04-05 21:35:20,438] {dag.py:2379} INFO - Sync 1 DAGs
[2023-04-05 21:35:20,470] {logging_mixin.py:115} INFO - [2023-04-05 21:35:20,469] {dag.py:2927} INFO - Setting next_dagrun for example_branch_operator to 2023-04-05T00:00:00+00:00, run_after=2023-04-06T00:00:00+00:00
[2023-04-05 21:35:20,584] {processor.py:161} INFO - Processing /home/edinaldo/Documents/previsao_remuneracao/previsao_remuneracao/venv/lib/python3.10/site-packages/airflow/example_dags/example_branch_operator.py took 0.255 seconds
[2023-04-05 21:36:49,954] {processor.py:153} INFO - Started process (PID=56699) to work on /home/edinaldo/Documents/previsao_remuneracao/previsao_remuneracao/venv/lib/python3.10/site-packages/airflow/example_dags/example_branch_operator.py
[2023-04-05 21:36:49,999] {processor.py:641} INFO - Processing file /home/edinaldo/Documents/previsao_remuneracao/previsao_remuneracao/venv/lib/python3.10/site-packages/airflow/example_dags/example_branch_operator.py for tasks to queue
[2023-04-05 21:36:49,999] {logging_mixin.py:115} INFO - [2023-04-05 21:36:49,999] {dagbag.py:507} INFO - Filling up the DagBag from /home/edinaldo/Documents/previsao_remuneracao/previsao_remuneracao/venv/lib/python3.10/site-packages/airflow/example_dags/example_branch_operator.py
[2023-04-05 21:36:50,087] {processor.py:651} INFO - DAG(s) dict_keys(['example_branch_operator']) retrieved from /home/edinaldo/Documents/previsao_remuneracao/previsao_remuneracao/venv/lib/python3.10/site-packages/airflow/example_dags/example_branch_operator.py
[2023-04-05 21:36:50,153] {logging_mixin.py:115} INFO - [2023-04-05 21:36:50,152] {dag.py:2379} INFO - Sync 1 DAGs
[2023-04-05 21:36:50,200] {logging_mixin.py:115} INFO - [2023-04-05 21:36:50,200] {dag.py:2927} INFO - Setting next_dagrun for example_branch_operator to 2023-04-05T00:00:00+00:00, run_after=2023-04-06T00:00:00+00:00
[2023-04-05 21:36:50,351] {processor.py:161} INFO - Processing /home/edinaldo/Documents/previsao_remuneracao/previsao_remuneracao/venv/lib/python3.10/site-packages/airflow/example_dags/example_branch_operator.py took 0.401 seconds
[2023-04-05 21:37:56,052] {processor.py:153} INFO - Started process (PID=56886) to work on /home/edinaldo/Documents/previsao_remuneracao/previsao_remuneracao/venv/lib/python3.10/site-packages/airflow/example_dags/example_branch_operator.py
[2023-04-05 21:37:56,076] {processor.py:641} INFO - Processing file /home/edinaldo/Documents/previsao_remuneracao/previsao_remuneracao/venv/lib/python3.10/site-packages/airflow/example_dags/example_branch_operator.py for tasks to queue
[2023-04-05 21:37:56,077] {logging_mixin.py:115} INFO - [2023-04-05 21:37:56,077] {dagbag.py:507} INFO - Filling up the DagBag from /home/edinaldo/Documents/previsao_remuneracao/previsao_remuneracao/venv/lib/python3.10/site-packages/airflow/example_dags/example_branch_operator.py
[2023-04-05 21:37:56,126] {processor.py:651} INFO - DAG(s) dict_keys(['example_branch_operator']) retrieved from /home/edinaldo/Documents/previsao_remuneracao/previsao_remuneracao/venv/lib/python3.10/site-packages/airflow/example_dags/example_branch_operator.py
[2023-04-05 21:37:56,147] {logging_mixin.py:115} INFO - [2023-04-05 21:37:56,147] {dag.py:2379} INFO - Sync 1 DAGs
[2023-04-05 21:37:56,169] {logging_mixin.py:115} INFO - [2023-04-05 21:37:56,169] {dag.py:2927} INFO - Setting next_dagrun for example_branch_operator to 2023-04-05T00:00:00+00:00, run_after=2023-04-06T00:00:00+00:00
[2023-04-05 21:37:56,242] {processor.py:161} INFO - Processing /home/edinaldo/Documents/previsao_remuneracao/previsao_remuneracao/venv/lib/python3.10/site-packages/airflow/example_dags/example_branch_operator.py took 0.200 seconds
[2023-04-05 21:38:54,879] {processor.py:153} INFO - Started process (PID=57221) to work on /home/edinaldo/Documents/previsao_remuneracao/previsao_remuneracao/venv/lib/python3.10/site-packages/airflow/example_dags/example_branch_operator.py
[2023-04-05 21:38:55,039] {processor.py:641} INFO - Processing file /home/edinaldo/Documents/previsao_remuneracao/previsao_remuneracao/venv/lib/python3.10/site-packages/airflow/example_dags/example_branch_operator.py for tasks to queue
[2023-04-05 21:38:55,042] {logging_mixin.py:115} INFO - [2023-04-05 21:38:55,041] {dagbag.py:507} INFO - Filling up the DagBag from /home/edinaldo/Documents/previsao_remuneracao/previsao_remuneracao/venv/lib/python3.10/site-packages/airflow/example_dags/example_branch_operator.py
[2023-04-05 21:38:55,284] {processor.py:651} INFO - DAG(s) dict_keys(['example_branch_operator']) retrieved from /home/edinaldo/Documents/previsao_remuneracao/previsao_remuneracao/venv/lib/python3.10/site-packages/airflow/example_dags/example_branch_operator.py
[2023-04-05 21:38:55,377] {logging_mixin.py:115} INFO - [2023-04-05 21:38:55,377] {dag.py:2379} INFO - Sync 1 DAGs
[2023-04-05 21:38:55,438] {logging_mixin.py:115} INFO - [2023-04-05 21:38:55,438] {dag.py:2927} INFO - Setting next_dagrun for example_branch_operator to 2023-04-05T00:00:00+00:00, run_after=2023-04-06T00:00:00+00:00
[2023-04-05 21:38:55,622] {processor.py:161} INFO - Processing /home/edinaldo/Documents/previsao_remuneracao/previsao_remuneracao/venv/lib/python3.10/site-packages/airflow/example_dags/example_branch_operator.py took 0.752 seconds
[2023-04-05 21:40:03,871] {processor.py:153} INFO - Started process (PID=57526) to work on /home/edinaldo/Documents/previsao_remuneracao/previsao_remuneracao/venv/lib/python3.10/site-packages/airflow/example_dags/example_branch_operator.py
[2023-04-05 21:40:03,882] {processor.py:641} INFO - Processing file /home/edinaldo/Documents/previsao_remuneracao/previsao_remuneracao/venv/lib/python3.10/site-packages/airflow/example_dags/example_branch_operator.py for tasks to queue
[2023-04-05 21:40:03,883] {logging_mixin.py:115} INFO - [2023-04-05 21:40:03,882] {dagbag.py:507} INFO - Filling up the DagBag from /home/edinaldo/Documents/previsao_remuneracao/previsao_remuneracao/venv/lib/python3.10/site-packages/airflow/example_dags/example_branch_operator.py
[2023-04-05 21:40:03,916] {processor.py:651} INFO - DAG(s) dict_keys(['example_branch_operator']) retrieved from /home/edinaldo/Documents/previsao_remuneracao/previsao_remuneracao/venv/lib/python3.10/site-packages/airflow/example_dags/example_branch_operator.py
[2023-04-05 21:40:03,936] {logging_mixin.py:115} INFO - [2023-04-05 21:40:03,936] {dag.py:2379} INFO - Sync 1 DAGs
[2023-04-05 21:40:03,958] {logging_mixin.py:115} INFO - [2023-04-05 21:40:03,958] {dag.py:2927} INFO - Setting next_dagrun for example_branch_operator to 2023-04-05T00:00:00+00:00, run_after=2023-04-06T00:00:00+00:00
[2023-04-05 21:40:04,059] {processor.py:161} INFO - Processing /home/edinaldo/Documents/previsao_remuneracao/previsao_remuneracao/venv/lib/python3.10/site-packages/airflow/example_dags/example_branch_operator.py took 0.196 seconds
[2023-04-05 21:40:50,657] {processor.py:153} INFO - Started process (PID=57778) to work on /home/edinaldo/Documents/previsao_remuneracao/previsao_remuneracao/venv/lib/python3.10/site-packages/airflow/example_dags/example_branch_operator.py
[2023-04-05 21:40:50,669] {processor.py:641} INFO - Processing file /home/edinaldo/Documents/previsao_remuneracao/previsao_remuneracao/venv/lib/python3.10/site-packages/airflow/example_dags/example_branch_operator.py for tasks to queue
[2023-04-05 21:40:50,670] {logging_mixin.py:115} INFO - [2023-04-05 21:40:50,670] {dagbag.py:507} INFO - Filling up the DagBag from /home/edinaldo/Documents/previsao_remuneracao/previsao_remuneracao/venv/lib/python3.10/site-packages/airflow/example_dags/example_branch_operator.py
[2023-04-05 21:40:50,706] {processor.py:651} INFO - DAG(s) dict_keys(['example_branch_operator']) retrieved from /home/edinaldo/Documents/previsao_remuneracao/previsao_remuneracao/venv/lib/python3.10/site-packages/airflow/example_dags/example_branch_operator.py
[2023-04-05 21:40:50,726] {logging_mixin.py:115} INFO - [2023-04-05 21:40:50,726] {dag.py:2379} INFO - Sync 1 DAGs
[2023-04-05 21:40:50,748] {logging_mixin.py:115} INFO - [2023-04-05 21:40:50,747] {dag.py:2927} INFO - Setting next_dagrun for example_branch_operator to 2023-04-05T00:00:00+00:00, run_after=2023-04-06T00:00:00+00:00
[2023-04-05 21:40:50,822] {processor.py:161} INFO - Processing /home/edinaldo/Documents/previsao_remuneracao/previsao_remuneracao/venv/lib/python3.10/site-packages/airflow/example_dags/example_branch_operator.py took 0.172 seconds
[2023-04-05 21:41:31,291] {processor.py:153} INFO - Started process (PID=58001) to work on /home/edinaldo/Documents/previsao_remuneracao/previsao_remuneracao/venv/lib/python3.10/site-packages/airflow/example_dags/example_branch_operator.py
[2023-04-05 21:41:31,292] {processor.py:641} INFO - Processing file /home/edinaldo/Documents/previsao_remuneracao/previsao_remuneracao/venv/lib/python3.10/site-packages/airflow/example_dags/example_branch_operator.py for tasks to queue
[2023-04-05 21:41:31,292] {logging_mixin.py:115} INFO - [2023-04-05 21:41:31,292] {dagbag.py:507} INFO - Filling up the DagBag from /home/edinaldo/Documents/previsao_remuneracao/previsao_remuneracao/venv/lib/python3.10/site-packages/airflow/example_dags/example_branch_operator.py
[2023-04-05 21:41:31,305] {processor.py:651} INFO - DAG(s) dict_keys(['example_branch_operator']) retrieved from /home/edinaldo/Documents/previsao_remuneracao/previsao_remuneracao/venv/lib/python3.10/site-packages/airflow/example_dags/example_branch_operator.py
[2023-04-05 21:41:31,323] {logging_mixin.py:115} INFO - [2023-04-05 21:41:31,323] {dag.py:2379} INFO - Sync 1 DAGs
[2023-04-05 21:41:31,344] {logging_mixin.py:115} INFO - [2023-04-05 21:41:31,344] {dag.py:2927} INFO - Setting next_dagrun for example_branch_operator to 2023-04-05T00:00:00+00:00, run_after=2023-04-06T00:00:00+00:00
[2023-04-05 21:41:31,431] {processor.py:161} INFO - Processing /home/edinaldo/Documents/previsao_remuneracao/previsao_remuneracao/venv/lib/python3.10/site-packages/airflow/example_dags/example_branch_operator.py took 0.144 seconds
[2023-04-05 21:42:20,070] {processor.py:153} INFO - Started process (PID=58303) to work on /home/edinaldo/Documents/previsao_remuneracao/previsao_remuneracao/venv/lib/python3.10/site-packages/airflow/example_dags/example_branch_operator.py
[2023-04-05 21:42:20,092] {processor.py:641} INFO - Processing file /home/edinaldo/Documents/previsao_remuneracao/previsao_remuneracao/venv/lib/python3.10/site-packages/airflow/example_dags/example_branch_operator.py for tasks to queue
[2023-04-05 21:42:20,093] {logging_mixin.py:115} INFO - [2023-04-05 21:42:20,093] {dagbag.py:507} INFO - Filling up the DagBag from /home/edinaldo/Documents/previsao_remuneracao/previsao_remuneracao/venv/lib/python3.10/site-packages/airflow/example_dags/example_branch_operator.py
[2023-04-05 21:42:20,106] {processor.py:651} INFO - DAG(s) dict_keys(['example_branch_operator']) retrieved from /home/edinaldo/Documents/previsao_remuneracao/previsao_remuneracao/venv/lib/python3.10/site-packages/airflow/example_dags/example_branch_operator.py
[2023-04-05 21:42:20,125] {logging_mixin.py:115} INFO - [2023-04-05 21:42:20,125] {dag.py:2379} INFO - Sync 1 DAGs
[2023-04-05 21:42:20,146] {logging_mixin.py:115} INFO - [2023-04-05 21:42:20,146] {dag.py:2927} INFO - Setting next_dagrun for example_branch_operator to 2023-04-05T00:00:00+00:00, run_after=2023-04-06T00:00:00+00:00
[2023-04-05 21:42:20,222] {processor.py:161} INFO - Processing /home/edinaldo/Documents/previsao_remuneracao/previsao_remuneracao/venv/lib/python3.10/site-packages/airflow/example_dags/example_branch_operator.py took 0.158 seconds
