[2023-04-05 21:00:35,466] {processor.py:153} INFO - Started process (PID=52135) to work on /home/edinaldo/Documents/previsao_remuneracao/previsao_remuneracao/venv/lib/python3.10/site-packages/airflow/example_dags/example_branch_operator_decorator.py
[2023-04-05 21:00:35,468] {processor.py:641} INFO - Processing file /home/edinaldo/Documents/previsao_remuneracao/previsao_remuneracao/venv/lib/python3.10/site-packages/airflow/example_dags/example_branch_operator_decorator.py for tasks to queue
[2023-04-05 21:00:35,469] {logging_mixin.py:115} INFO - [2023-04-05 21:00:35,469] {dagbag.py:507} INFO - Filling up the DagBag from /home/edinaldo/Documents/previsao_remuneracao/previsao_remuneracao/venv/lib/python3.10/site-packages/airflow/example_dags/example_branch_operator_decorator.py
[2023-04-05 21:00:35,513] {processor.py:651} INFO - DAG(s) dict_keys(['example_branch_python_operator_decorator']) retrieved from /home/edinaldo/Documents/previsao_remuneracao/previsao_remuneracao/venv/lib/python3.10/site-packages/airflow/example_dags/example_branch_operator_decorator.py
[2023-04-05 21:00:35,550] {logging_mixin.py:115} INFO - [2023-04-05 21:00:35,550] {dag.py:2379} INFO - Sync 1 DAGs
[2023-04-05 21:00:35,599] {logging_mixin.py:115} INFO - [2023-04-05 21:00:35,599] {dag.py:2927} INFO - Setting next_dagrun for example_branch_python_operator_decorator to 2023-04-05T00:00:00+00:00, run_after=2023-04-06T00:00:00+00:00
[2023-04-05 21:00:35,703] {processor.py:161} INFO - Processing /home/edinaldo/Documents/previsao_remuneracao/previsao_remuneracao/venv/lib/python3.10/site-packages/airflow/example_dags/example_branch_operator_decorator.py took 0.245 seconds
[2023-04-05 21:01:15,979] {processor.py:153} INFO - Started process (PID=52204) to work on /home/edinaldo/Documents/previsao_remuneracao/previsao_remuneracao/venv/lib/python3.10/site-packages/airflow/example_dags/example_branch_operator_decorator.py
[2023-04-05 21:01:15,981] {processor.py:641} INFO - Processing file /home/edinaldo/Documents/previsao_remuneracao/previsao_remuneracao/venv/lib/python3.10/site-packages/airflow/example_dags/example_branch_operator_decorator.py for tasks to queue
[2023-04-05 21:01:15,983] {logging_mixin.py:115} INFO - [2023-04-05 21:01:15,982] {dagbag.py:507} INFO - Filling up the DagBag from /home/edinaldo/Documents/previsao_remuneracao/previsao_remuneracao/venv/lib/python3.10/site-packages/airflow/example_dags/example_branch_operator_decorator.py
[2023-04-05 21:01:16,011] {processor.py:651} INFO - DAG(s) dict_keys(['example_branch_python_operator_decorator']) retrieved from /home/edinaldo/Documents/previsao_remuneracao/previsao_remuneracao/venv/lib/python3.10/site-packages/airflow/example_dags/example_branch_operator_decorator.py
[2023-04-05 21:01:16,029] {logging_mixin.py:115} INFO - [2023-04-05 21:01:16,029] {dag.py:2379} INFO - Sync 1 DAGs
[2023-04-05 21:01:16,050] {logging_mixin.py:115} INFO - [2023-04-05 21:01:16,050] {dag.py:2927} INFO - Setting next_dagrun for example_branch_python_operator_decorator to 2023-04-05T00:00:00+00:00, run_after=2023-04-06T00:00:00+00:00
[2023-04-05 21:01:16,131] {processor.py:161} INFO - Processing /home/edinaldo/Documents/previsao_remuneracao/previsao_remuneracao/venv/lib/python3.10/site-packages/airflow/example_dags/example_branch_operator_decorator.py took 0.162 seconds
[2023-04-05 21:02:03,111] {processor.py:153} INFO - Started process (PID=52320) to work on /home/edinaldo/Documents/previsao_remuneracao/previsao_remuneracao/venv/lib/python3.10/site-packages/airflow/example_dags/example_branch_operator_decorator.py
[2023-04-05 21:02:03,112] {processor.py:641} INFO - Processing file /home/edinaldo/Documents/previsao_remuneracao/previsao_remuneracao/venv/lib/python3.10/site-packages/airflow/example_dags/example_branch_operator_decorator.py for tasks to queue
[2023-04-05 21:02:03,113] {logging_mixin.py:115} INFO - [2023-04-05 21:02:03,112] {dagbag.py:507} INFO - Filling up the DagBag from /home/edinaldo/Documents/previsao_remuneracao/previsao_remuneracao/venv/lib/python3.10/site-packages/airflow/example_dags/example_branch_operator_decorator.py
[2023-04-05 21:02:03,135] {processor.py:651} INFO - DAG(s) dict_keys(['example_branch_python_operator_decorator']) retrieved from /home/edinaldo/Documents/previsao_remuneracao/previsao_remuneracao/venv/lib/python3.10/site-packages/airflow/example_dags/example_branch_operator_decorator.py
[2023-04-05 21:02:03,153] {logging_mixin.py:115} INFO - [2023-04-05 21:02:03,153] {dag.py:2379} INFO - Sync 1 DAGs
[2023-04-05 21:02:03,174] {logging_mixin.py:115} INFO - [2023-04-05 21:02:03,174] {dag.py:2927} INFO - Setting next_dagrun for example_branch_python_operator_decorator to 2023-04-05T00:00:00+00:00, run_after=2023-04-06T00:00:00+00:00
[2023-04-05 21:02:03,327] {processor.py:161} INFO - Processing /home/edinaldo/Documents/previsao_remuneracao/previsao_remuneracao/venv/lib/python3.10/site-packages/airflow/example_dags/example_branch_operator_decorator.py took 0.220 seconds
[2023-04-05 21:02:53,105] {processor.py:153} INFO - Started process (PID=52435) to work on /home/edinaldo/Documents/previsao_remuneracao/previsao_remuneracao/venv/lib/python3.10/site-packages/airflow/example_dags/example_branch_operator_decorator.py
[2023-04-05 21:02:53,113] {processor.py:641} INFO - Processing file /home/edinaldo/Documents/previsao_remuneracao/previsao_remuneracao/venv/lib/python3.10/site-packages/airflow/example_dags/example_branch_operator_decorator.py for tasks to queue
[2023-04-05 21:02:53,113] {logging_mixin.py:115} INFO - [2023-04-05 21:02:53,113] {dagbag.py:507} INFO - Filling up the DagBag from /home/edinaldo/Documents/previsao_remuneracao/previsao_remuneracao/venv/lib/python3.10/site-packages/airflow/example_dags/example_branch_operator_decorator.py
[2023-04-05 21:02:53,135] {processor.py:651} INFO - DAG(s) dict_keys(['example_branch_python_operator_decorator']) retrieved from /home/edinaldo/Documents/previsao_remuneracao/previsao_remuneracao/venv/lib/python3.10/site-packages/airflow/example_dags/example_branch_operator_decorator.py
[2023-04-05 21:02:53,153] {logging_mixin.py:115} INFO - [2023-04-05 21:02:53,153] {dag.py:2379} INFO - Sync 1 DAGs
[2023-04-05 21:02:53,175] {logging_mixin.py:115} INFO - [2023-04-05 21:02:53,175] {dag.py:2927} INFO - Setting next_dagrun for example_branch_python_operator_decorator to 2023-04-05T00:00:00+00:00, run_after=2023-04-06T00:00:00+00:00
[2023-04-05 21:02:53,273] {processor.py:161} INFO - Processing /home/edinaldo/Documents/previsao_remuneracao/previsao_remuneracao/venv/lib/python3.10/site-packages/airflow/example_dags/example_branch_operator_decorator.py took 0.173 seconds
[2023-04-05 21:03:41,119] {processor.py:153} INFO - Started process (PID=52477) to work on /home/edinaldo/Documents/previsao_remuneracao/previsao_remuneracao/venv/lib/python3.10/site-packages/airflow/example_dags/example_branch_operator_decorator.py
[2023-04-05 21:03:41,120] {processor.py:641} INFO - Processing file /home/edinaldo/Documents/previsao_remuneracao/previsao_remuneracao/venv/lib/python3.10/site-packages/airflow/example_dags/example_branch_operator_decorator.py for tasks to queue
[2023-04-05 21:03:41,120] {logging_mixin.py:115} INFO - [2023-04-05 21:03:41,120] {dagbag.py:507} INFO - Filling up the DagBag from /home/edinaldo/Documents/previsao_remuneracao/previsao_remuneracao/venv/lib/python3.10/site-packages/airflow/example_dags/example_branch_operator_decorator.py
[2023-04-05 21:03:41,142] {processor.py:651} INFO - DAG(s) dict_keys(['example_branch_python_operator_decorator']) retrieved from /home/edinaldo/Documents/previsao_remuneracao/previsao_remuneracao/venv/lib/python3.10/site-packages/airflow/example_dags/example_branch_operator_decorator.py
[2023-04-05 21:03:41,159] {logging_mixin.py:115} INFO - [2023-04-05 21:03:41,159] {dag.py:2379} INFO - Sync 1 DAGs
[2023-04-05 21:03:41,180] {logging_mixin.py:115} INFO - [2023-04-05 21:03:41,180] {dag.py:2927} INFO - Setting next_dagrun for example_branch_python_operator_decorator to 2023-04-05T00:00:00+00:00, run_after=2023-04-06T00:00:00+00:00
[2023-04-05 21:03:41,376] {processor.py:161} INFO - Processing /home/edinaldo/Documents/previsao_remuneracao/previsao_remuneracao/venv/lib/python3.10/site-packages/airflow/example_dags/example_branch_operator_decorator.py took 0.261 seconds
[2023-04-05 21:04:24,092] {processor.py:153} INFO - Started process (PID=52548) to work on /home/edinaldo/Documents/previsao_remuneracao/previsao_remuneracao/venv/lib/python3.10/site-packages/airflow/example_dags/example_branch_operator_decorator.py
[2023-04-05 21:04:24,094] {processor.py:641} INFO - Processing file /home/edinaldo/Documents/previsao_remuneracao/previsao_remuneracao/venv/lib/python3.10/site-packages/airflow/example_dags/example_branch_operator_decorator.py for tasks to queue
[2023-04-05 21:04:24,096] {logging_mixin.py:115} INFO - [2023-04-05 21:04:24,095] {dagbag.py:507} INFO - Filling up the DagBag from /home/edinaldo/Documents/previsao_remuneracao/previsao_remuneracao/venv/lib/python3.10/site-packages/airflow/example_dags/example_branch_operator_decorator.py
[2023-04-05 21:04:24,169] {processor.py:651} INFO - DAG(s) dict_keys(['example_branch_python_operator_decorator']) retrieved from /home/edinaldo/Documents/previsao_remuneracao/previsao_remuneracao/venv/lib/python3.10/site-packages/airflow/example_dags/example_branch_operator_decorator.py
[2023-04-05 21:04:24,192] {logging_mixin.py:115} INFO - [2023-04-05 21:04:24,192] {dag.py:2379} INFO - Sync 1 DAGs
[2023-04-05 21:04:24,221] {logging_mixin.py:115} INFO - [2023-04-05 21:04:24,221] {dag.py:2927} INFO - Setting next_dagrun for example_branch_python_operator_decorator to 2023-04-05T00:00:00+00:00, run_after=2023-04-06T00:00:00+00:00
[2023-04-05 21:04:24,316] {processor.py:161} INFO - Processing /home/edinaldo/Documents/previsao_remuneracao/previsao_remuneracao/venv/lib/python3.10/site-packages/airflow/example_dags/example_branch_operator_decorator.py took 0.237 seconds
[2023-04-05 21:05:06,824] {processor.py:153} INFO - Started process (PID=52606) to work on /home/edinaldo/Documents/previsao_remuneracao/previsao_remuneracao/venv/lib/python3.10/site-packages/airflow/example_dags/example_branch_operator_decorator.py
[2023-04-05 21:05:06,825] {processor.py:641} INFO - Processing file /home/edinaldo/Documents/previsao_remuneracao/previsao_remuneracao/venv/lib/python3.10/site-packages/airflow/example_dags/example_branch_operator_decorator.py for tasks to queue
[2023-04-05 21:05:06,827] {logging_mixin.py:115} INFO - [2023-04-05 21:05:06,827] {dagbag.py:507} INFO - Filling up the DagBag from /home/edinaldo/Documents/previsao_remuneracao/previsao_remuneracao/venv/lib/python3.10/site-packages/airflow/example_dags/example_branch_operator_decorator.py
[2023-04-05 21:05:06,855] {processor.py:651} INFO - DAG(s) dict_keys(['example_branch_python_operator_decorator']) retrieved from /home/edinaldo/Documents/previsao_remuneracao/previsao_remuneracao/venv/lib/python3.10/site-packages/airflow/example_dags/example_branch_operator_decorator.py
[2023-04-05 21:05:06,873] {logging_mixin.py:115} INFO - [2023-04-05 21:05:06,873] {dag.py:2379} INFO - Sync 1 DAGs
[2023-04-05 21:05:06,894] {logging_mixin.py:115} INFO - [2023-04-05 21:05:06,894] {dag.py:2927} INFO - Setting next_dagrun for example_branch_python_operator_decorator to 2023-04-05T00:00:00+00:00, run_after=2023-04-06T00:00:00+00:00
[2023-04-05 21:05:06,983] {processor.py:161} INFO - Processing /home/edinaldo/Documents/previsao_remuneracao/previsao_remuneracao/venv/lib/python3.10/site-packages/airflow/example_dags/example_branch_operator_decorator.py took 0.169 seconds
[2023-04-05 21:05:45,143] {processor.py:153} INFO - Started process (PID=52667) to work on /home/edinaldo/Documents/previsao_remuneracao/previsao_remuneracao/venv/lib/python3.10/site-packages/airflow/example_dags/example_branch_operator_decorator.py
[2023-04-05 21:05:45,143] {processor.py:641} INFO - Processing file /home/edinaldo/Documents/previsao_remuneracao/previsao_remuneracao/venv/lib/python3.10/site-packages/airflow/example_dags/example_branch_operator_decorator.py for tasks to queue
[2023-04-05 21:05:45,144] {logging_mixin.py:115} INFO - [2023-04-05 21:05:45,144] {dagbag.py:507} INFO - Filling up the DagBag from /home/edinaldo/Documents/previsao_remuneracao/previsao_remuneracao/venv/lib/python3.10/site-packages/airflow/example_dags/example_branch_operator_decorator.py
[2023-04-05 21:05:45,166] {processor.py:651} INFO - DAG(s) dict_keys(['example_branch_python_operator_decorator']) retrieved from /home/edinaldo/Documents/previsao_remuneracao/previsao_remuneracao/venv/lib/python3.10/site-packages/airflow/example_dags/example_branch_operator_decorator.py
[2023-04-05 21:05:45,183] {logging_mixin.py:115} INFO - [2023-04-05 21:05:45,183] {dag.py:2379} INFO - Sync 1 DAGs
[2023-04-05 21:05:45,205] {logging_mixin.py:115} INFO - [2023-04-05 21:05:45,204] {dag.py:2927} INFO - Setting next_dagrun for example_branch_python_operator_decorator to 2023-04-05T00:00:00+00:00, run_after=2023-04-06T00:00:00+00:00
[2023-04-05 21:05:45,303] {processor.py:161} INFO - Processing /home/edinaldo/Documents/previsao_remuneracao/previsao_remuneracao/venv/lib/python3.10/site-packages/airflow/example_dags/example_branch_operator_decorator.py took 0.164 seconds
[2023-04-05 21:06:28,796] {processor.py:153} INFO - Started process (PID=52714) to work on /home/edinaldo/Documents/previsao_remuneracao/previsao_remuneracao/venv/lib/python3.10/site-packages/airflow/example_dags/example_branch_operator_decorator.py
[2023-04-05 21:06:28,809] {processor.py:641} INFO - Processing file /home/edinaldo/Documents/previsao_remuneracao/previsao_remuneracao/venv/lib/python3.10/site-packages/airflow/example_dags/example_branch_operator_decorator.py for tasks to queue
[2023-04-05 21:06:28,809] {logging_mixin.py:115} INFO - [2023-04-05 21:06:28,809] {dagbag.py:507} INFO - Filling up the DagBag from /home/edinaldo/Documents/previsao_remuneracao/previsao_remuneracao/venv/lib/python3.10/site-packages/airflow/example_dags/example_branch_operator_decorator.py
[2023-04-05 21:06:28,832] {processor.py:651} INFO - DAG(s) dict_keys(['example_branch_python_operator_decorator']) retrieved from /home/edinaldo/Documents/previsao_remuneracao/previsao_remuneracao/venv/lib/python3.10/site-packages/airflow/example_dags/example_branch_operator_decorator.py
[2023-04-05 21:06:28,868] {logging_mixin.py:115} INFO - [2023-04-05 21:06:28,868] {dag.py:2379} INFO - Sync 1 DAGs
[2023-04-05 21:06:28,889] {logging_mixin.py:115} INFO - [2023-04-05 21:06:28,889] {dag.py:2927} INFO - Setting next_dagrun for example_branch_python_operator_decorator to 2023-04-05T00:00:00+00:00, run_after=2023-04-06T00:00:00+00:00
[2023-04-05 21:06:28,984] {processor.py:161} INFO - Processing /home/edinaldo/Documents/previsao_remuneracao/previsao_remuneracao/venv/lib/python3.10/site-packages/airflow/example_dags/example_branch_operator_decorator.py took 0.191 seconds
[2023-04-05 21:07:07,415] {processor.py:153} INFO - Started process (PID=52777) to work on /home/edinaldo/Documents/previsao_remuneracao/previsao_remuneracao/venv/lib/python3.10/site-packages/airflow/example_dags/example_branch_operator_decorator.py
[2023-04-05 21:07:07,423] {processor.py:641} INFO - Processing file /home/edinaldo/Documents/previsao_remuneracao/previsao_remuneracao/venv/lib/python3.10/site-packages/airflow/example_dags/example_branch_operator_decorator.py for tasks to queue
[2023-04-05 21:07:07,425] {logging_mixin.py:115} INFO - [2023-04-05 21:07:07,424] {dagbag.py:507} INFO - Filling up the DagBag from /home/edinaldo/Documents/previsao_remuneracao/previsao_remuneracao/venv/lib/python3.10/site-packages/airflow/example_dags/example_branch_operator_decorator.py
[2023-04-05 21:07:07,466] {processor.py:651} INFO - DAG(s) dict_keys(['example_branch_python_operator_decorator']) retrieved from /home/edinaldo/Documents/previsao_remuneracao/previsao_remuneracao/venv/lib/python3.10/site-packages/airflow/example_dags/example_branch_operator_decorator.py
[2023-04-05 21:07:07,483] {logging_mixin.py:115} INFO - [2023-04-05 21:07:07,483] {dag.py:2379} INFO - Sync 1 DAGs
[2023-04-05 21:07:07,504] {logging_mixin.py:115} INFO - [2023-04-05 21:07:07,504] {dag.py:2927} INFO - Setting next_dagrun for example_branch_python_operator_decorator to 2023-04-05T00:00:00+00:00, run_after=2023-04-06T00:00:00+00:00
[2023-04-05 21:07:07,580] {processor.py:161} INFO - Processing /home/edinaldo/Documents/previsao_remuneracao/previsao_remuneracao/venv/lib/python3.10/site-packages/airflow/example_dags/example_branch_operator_decorator.py took 0.169 seconds
[2023-04-05 21:07:45,920] {processor.py:153} INFO - Started process (PID=52816) to work on /home/edinaldo/Documents/previsao_remuneracao/previsao_remuneracao/venv/lib/python3.10/site-packages/airflow/example_dags/example_branch_operator_decorator.py
[2023-04-05 21:07:45,922] {processor.py:641} INFO - Processing file /home/edinaldo/Documents/previsao_remuneracao/previsao_remuneracao/venv/lib/python3.10/site-packages/airflow/example_dags/example_branch_operator_decorator.py for tasks to queue
[2023-04-05 21:07:45,923] {logging_mixin.py:115} INFO - [2023-04-05 21:07:45,923] {dagbag.py:507} INFO - Filling up the DagBag from /home/edinaldo/Documents/previsao_remuneracao/previsao_remuneracao/venv/lib/python3.10/site-packages/airflow/example_dags/example_branch_operator_decorator.py
[2023-04-05 21:07:45,952] {processor.py:651} INFO - DAG(s) dict_keys(['example_branch_python_operator_decorator']) retrieved from /home/edinaldo/Documents/previsao_remuneracao/previsao_remuneracao/venv/lib/python3.10/site-packages/airflow/example_dags/example_branch_operator_decorator.py
[2023-04-05 21:07:45,969] {logging_mixin.py:115} INFO - [2023-04-05 21:07:45,969] {dag.py:2379} INFO - Sync 1 DAGs
[2023-04-05 21:07:45,990] {logging_mixin.py:115} INFO - [2023-04-05 21:07:45,990] {dag.py:2927} INFO - Setting next_dagrun for example_branch_python_operator_decorator to 2023-04-05T00:00:00+00:00, run_after=2023-04-06T00:00:00+00:00
[2023-04-05 21:07:46,067] {processor.py:161} INFO - Processing /home/edinaldo/Documents/previsao_remuneracao/previsao_remuneracao/venv/lib/python3.10/site-packages/airflow/example_dags/example_branch_operator_decorator.py took 0.157 seconds
[2023-04-05 21:08:25,109] {processor.py:153} INFO - Started process (PID=52850) to work on /home/edinaldo/Documents/previsao_remuneracao/previsao_remuneracao/venv/lib/python3.10/site-packages/airflow/example_dags/example_branch_operator_decorator.py
[2023-04-05 21:08:25,116] {processor.py:641} INFO - Processing file /home/edinaldo/Documents/previsao_remuneracao/previsao_remuneracao/venv/lib/python3.10/site-packages/airflow/example_dags/example_branch_operator_decorator.py for tasks to queue
[2023-04-05 21:08:25,118] {logging_mixin.py:115} INFO - [2023-04-05 21:08:25,118] {dagbag.py:507} INFO - Filling up the DagBag from /home/edinaldo/Documents/previsao_remuneracao/previsao_remuneracao/venv/lib/python3.10/site-packages/airflow/example_dags/example_branch_operator_decorator.py
[2023-04-05 21:08:25,158] {processor.py:651} INFO - DAG(s) dict_keys(['example_branch_python_operator_decorator']) retrieved from /home/edinaldo/Documents/previsao_remuneracao/previsao_remuneracao/venv/lib/python3.10/site-packages/airflow/example_dags/example_branch_operator_decorator.py
[2023-04-05 21:08:25,176] {logging_mixin.py:115} INFO - [2023-04-05 21:08:25,176] {dag.py:2379} INFO - Sync 1 DAGs
[2023-04-05 21:08:25,197] {logging_mixin.py:115} INFO - [2023-04-05 21:08:25,197] {dag.py:2927} INFO - Setting next_dagrun for example_branch_python_operator_decorator to 2023-04-05T00:00:00+00:00, run_after=2023-04-06T00:00:00+00:00
[2023-04-05 21:08:25,296] {processor.py:161} INFO - Processing /home/edinaldo/Documents/previsao_remuneracao/previsao_remuneracao/venv/lib/python3.10/site-packages/airflow/example_dags/example_branch_operator_decorator.py took 0.197 seconds
[2023-04-05 21:09:03,481] {processor.py:153} INFO - Started process (PID=52886) to work on /home/edinaldo/Documents/previsao_remuneracao/previsao_remuneracao/venv/lib/python3.10/site-packages/airflow/example_dags/example_branch_operator_decorator.py
[2023-04-05 21:09:03,492] {processor.py:641} INFO - Processing file /home/edinaldo/Documents/previsao_remuneracao/previsao_remuneracao/venv/lib/python3.10/site-packages/airflow/example_dags/example_branch_operator_decorator.py for tasks to queue
[2023-04-05 21:09:03,492] {logging_mixin.py:115} INFO - [2023-04-05 21:09:03,492] {dagbag.py:507} INFO - Filling up the DagBag from /home/edinaldo/Documents/previsao_remuneracao/previsao_remuneracao/venv/lib/python3.10/site-packages/airflow/example_dags/example_branch_operator_decorator.py
[2023-04-05 21:09:03,517] {processor.py:651} INFO - DAG(s) dict_keys(['example_branch_python_operator_decorator']) retrieved from /home/edinaldo/Documents/previsao_remuneracao/previsao_remuneracao/venv/lib/python3.10/site-packages/airflow/example_dags/example_branch_operator_decorator.py
[2023-04-05 21:09:03,534] {logging_mixin.py:115} INFO - [2023-04-05 21:09:03,534] {dag.py:2379} INFO - Sync 1 DAGs
[2023-04-05 21:09:03,555] {logging_mixin.py:115} INFO - [2023-04-05 21:09:03,555] {dag.py:2927} INFO - Setting next_dagrun for example_branch_python_operator_decorator to 2023-04-05T00:00:00+00:00, run_after=2023-04-06T00:00:00+00:00
[2023-04-05 21:09:03,628] {processor.py:161} INFO - Processing /home/edinaldo/Documents/previsao_remuneracao/previsao_remuneracao/venv/lib/python3.10/site-packages/airflow/example_dags/example_branch_operator_decorator.py took 0.151 seconds
[2023-04-05 21:09:41,577] {processor.py:153} INFO - Started process (PID=52922) to work on /home/edinaldo/Documents/previsao_remuneracao/previsao_remuneracao/venv/lib/python3.10/site-packages/airflow/example_dags/example_branch_operator_decorator.py
[2023-04-05 21:09:41,589] {processor.py:641} INFO - Processing file /home/edinaldo/Documents/previsao_remuneracao/previsao_remuneracao/venv/lib/python3.10/site-packages/airflow/example_dags/example_branch_operator_decorator.py for tasks to queue
[2023-04-05 21:09:41,590] {logging_mixin.py:115} INFO - [2023-04-05 21:09:41,590] {dagbag.py:507} INFO - Filling up the DagBag from /home/edinaldo/Documents/previsao_remuneracao/previsao_remuneracao/venv/lib/python3.10/site-packages/airflow/example_dags/example_branch_operator_decorator.py
[2023-04-05 21:09:41,615] {processor.py:651} INFO - DAG(s) dict_keys(['example_branch_python_operator_decorator']) retrieved from /home/edinaldo/Documents/previsao_remuneracao/previsao_remuneracao/venv/lib/python3.10/site-packages/airflow/example_dags/example_branch_operator_decorator.py
[2023-04-05 21:09:41,632] {logging_mixin.py:115} INFO - [2023-04-05 21:09:41,632] {dag.py:2379} INFO - Sync 1 DAGs
[2023-04-05 21:09:41,654] {logging_mixin.py:115} INFO - [2023-04-05 21:09:41,654] {dag.py:2927} INFO - Setting next_dagrun for example_branch_python_operator_decorator to 2023-04-05T00:00:00+00:00, run_after=2023-04-06T00:00:00+00:00
[2023-04-05 21:09:41,739] {processor.py:161} INFO - Processing /home/edinaldo/Documents/previsao_remuneracao/previsao_remuneracao/venv/lib/python3.10/site-packages/airflow/example_dags/example_branch_operator_decorator.py took 0.166 seconds
[2023-04-05 21:10:21,484] {processor.py:153} INFO - Started process (PID=52960) to work on /home/edinaldo/Documents/previsao_remuneracao/previsao_remuneracao/venv/lib/python3.10/site-packages/airflow/example_dags/example_branch_operator_decorator.py
[2023-04-05 21:10:21,485] {processor.py:641} INFO - Processing file /home/edinaldo/Documents/previsao_remuneracao/previsao_remuneracao/venv/lib/python3.10/site-packages/airflow/example_dags/example_branch_operator_decorator.py for tasks to queue
[2023-04-05 21:10:21,485] {logging_mixin.py:115} INFO - [2023-04-05 21:10:21,485] {dagbag.py:507} INFO - Filling up the DagBag from /home/edinaldo/Documents/previsao_remuneracao/previsao_remuneracao/venv/lib/python3.10/site-packages/airflow/example_dags/example_branch_operator_decorator.py
[2023-04-05 21:10:21,512] {processor.py:651} INFO - DAG(s) dict_keys(['example_branch_python_operator_decorator']) retrieved from /home/edinaldo/Documents/previsao_remuneracao/previsao_remuneracao/venv/lib/python3.10/site-packages/airflow/example_dags/example_branch_operator_decorator.py
[2023-04-05 21:10:21,530] {logging_mixin.py:115} INFO - [2023-04-05 21:10:21,530] {dag.py:2379} INFO - Sync 1 DAGs
[2023-04-05 21:10:21,551] {logging_mixin.py:115} INFO - [2023-04-05 21:10:21,551] {dag.py:2927} INFO - Setting next_dagrun for example_branch_python_operator_decorator to 2023-04-05T00:00:00+00:00, run_after=2023-04-06T00:00:00+00:00
[2023-04-05 21:10:21,656] {processor.py:161} INFO - Processing /home/edinaldo/Documents/previsao_remuneracao/previsao_remuneracao/venv/lib/python3.10/site-packages/airflow/example_dags/example_branch_operator_decorator.py took 0.176 seconds
[2023-04-05 21:11:07,336] {processor.py:153} INFO - Started process (PID=53124) to work on /home/edinaldo/Documents/previsao_remuneracao/previsao_remuneracao/venv/lib/python3.10/site-packages/airflow/example_dags/example_branch_operator_decorator.py
[2023-04-05 21:11:07,350] {processor.py:641} INFO - Processing file /home/edinaldo/Documents/previsao_remuneracao/previsao_remuneracao/venv/lib/python3.10/site-packages/airflow/example_dags/example_branch_operator_decorator.py for tasks to queue
[2023-04-05 21:11:07,352] {logging_mixin.py:115} INFO - [2023-04-05 21:11:07,352] {dagbag.py:507} INFO - Filling up the DagBag from /home/edinaldo/Documents/previsao_remuneracao/previsao_remuneracao/venv/lib/python3.10/site-packages/airflow/example_dags/example_branch_operator_decorator.py
[2023-04-05 21:11:07,395] {processor.py:651} INFO - DAG(s) dict_keys(['example_branch_python_operator_decorator']) retrieved from /home/edinaldo/Documents/previsao_remuneracao/previsao_remuneracao/venv/lib/python3.10/site-packages/airflow/example_dags/example_branch_operator_decorator.py
[2023-04-05 21:11:07,418] {logging_mixin.py:115} INFO - [2023-04-05 21:11:07,418] {dag.py:2379} INFO - Sync 1 DAGs
[2023-04-05 21:11:07,443] {logging_mixin.py:115} INFO - [2023-04-05 21:11:07,443] {dag.py:2927} INFO - Setting next_dagrun for example_branch_python_operator_decorator to 2023-04-05T00:00:00+00:00, run_after=2023-04-06T00:00:00+00:00
[2023-04-05 21:11:07,545] {processor.py:161} INFO - Processing /home/edinaldo/Documents/previsao_remuneracao/previsao_remuneracao/venv/lib/python3.10/site-packages/airflow/example_dags/example_branch_operator_decorator.py took 0.221 seconds
[2023-04-05 21:11:46,654] {processor.py:153} INFO - Started process (PID=53186) to work on /home/edinaldo/Documents/previsao_remuneracao/previsao_remuneracao/venv/lib/python3.10/site-packages/airflow/example_dags/example_branch_operator_decorator.py
[2023-04-05 21:11:46,671] {processor.py:641} INFO - Processing file /home/edinaldo/Documents/previsao_remuneracao/previsao_remuneracao/venv/lib/python3.10/site-packages/airflow/example_dags/example_branch_operator_decorator.py for tasks to queue
[2023-04-05 21:11:46,673] {logging_mixin.py:115} INFO - [2023-04-05 21:11:46,673] {dagbag.py:507} INFO - Filling up the DagBag from /home/edinaldo/Documents/previsao_remuneracao/previsao_remuneracao/venv/lib/python3.10/site-packages/airflow/example_dags/example_branch_operator_decorator.py
[2023-04-05 21:11:46,712] {processor.py:651} INFO - DAG(s) dict_keys(['example_branch_python_operator_decorator']) retrieved from /home/edinaldo/Documents/previsao_remuneracao/previsao_remuneracao/venv/lib/python3.10/site-packages/airflow/example_dags/example_branch_operator_decorator.py
[2023-04-05 21:11:46,730] {logging_mixin.py:115} INFO - [2023-04-05 21:11:46,730] {dag.py:2379} INFO - Sync 1 DAGs
[2023-04-05 21:11:46,751] {logging_mixin.py:115} INFO - [2023-04-05 21:11:46,751] {dag.py:2927} INFO - Setting next_dagrun for example_branch_python_operator_decorator to 2023-04-05T00:00:00+00:00, run_after=2023-04-06T00:00:00+00:00
[2023-04-05 21:11:46,831] {processor.py:161} INFO - Processing /home/edinaldo/Documents/previsao_remuneracao/previsao_remuneracao/venv/lib/python3.10/site-packages/airflow/example_dags/example_branch_operator_decorator.py took 0.187 seconds
[2023-04-05 21:12:24,326] {processor.py:153} INFO - Started process (PID=53276) to work on /home/edinaldo/Documents/previsao_remuneracao/previsao_remuneracao/venv/lib/python3.10/site-packages/airflow/example_dags/example_branch_operator_decorator.py
[2023-04-05 21:12:24,342] {processor.py:641} INFO - Processing file /home/edinaldo/Documents/previsao_remuneracao/previsao_remuneracao/venv/lib/python3.10/site-packages/airflow/example_dags/example_branch_operator_decorator.py for tasks to queue
[2023-04-05 21:12:24,343] {logging_mixin.py:115} INFO - [2023-04-05 21:12:24,343] {dagbag.py:507} INFO - Filling up the DagBag from /home/edinaldo/Documents/previsao_remuneracao/previsao_remuneracao/venv/lib/python3.10/site-packages/airflow/example_dags/example_branch_operator_decorator.py
[2023-04-05 21:12:24,376] {processor.py:651} INFO - DAG(s) dict_keys(['example_branch_python_operator_decorator']) retrieved from /home/edinaldo/Documents/previsao_remuneracao/previsao_remuneracao/venv/lib/python3.10/site-packages/airflow/example_dags/example_branch_operator_decorator.py
[2023-04-05 21:12:24,394] {logging_mixin.py:115} INFO - [2023-04-05 21:12:24,394] {dag.py:2379} INFO - Sync 1 DAGs
[2023-04-05 21:12:24,415] {logging_mixin.py:115} INFO - [2023-04-05 21:12:24,414] {dag.py:2927} INFO - Setting next_dagrun for example_branch_python_operator_decorator to 2023-04-05T00:00:00+00:00, run_after=2023-04-06T00:00:00+00:00
[2023-04-05 21:12:24,532] {processor.py:161} INFO - Processing /home/edinaldo/Documents/previsao_remuneracao/previsao_remuneracao/venv/lib/python3.10/site-packages/airflow/example_dags/example_branch_operator_decorator.py took 0.214 seconds
[2023-04-05 21:13:15,837] {processor.py:153} INFO - Started process (PID=53416) to work on /home/edinaldo/Documents/previsao_remuneracao/previsao_remuneracao/venv/lib/python3.10/site-packages/airflow/example_dags/example_branch_operator_decorator.py
[2023-04-05 21:13:15,854] {processor.py:641} INFO - Processing file /home/edinaldo/Documents/previsao_remuneracao/previsao_remuneracao/venv/lib/python3.10/site-packages/airflow/example_dags/example_branch_operator_decorator.py for tasks to queue
[2023-04-05 21:13:15,857] {logging_mixin.py:115} INFO - [2023-04-05 21:13:15,856] {dagbag.py:507} INFO - Filling up the DagBag from /home/edinaldo/Documents/previsao_remuneracao/previsao_remuneracao/venv/lib/python3.10/site-packages/airflow/example_dags/example_branch_operator_decorator.py
[2023-04-05 21:13:15,885] {processor.py:651} INFO - DAG(s) dict_keys(['example_branch_python_operator_decorator']) retrieved from /home/edinaldo/Documents/previsao_remuneracao/previsao_remuneracao/venv/lib/python3.10/site-packages/airflow/example_dags/example_branch_operator_decorator.py
[2023-04-05 21:13:15,903] {logging_mixin.py:115} INFO - [2023-04-05 21:13:15,903] {dag.py:2379} INFO - Sync 1 DAGs
[2023-04-05 21:13:15,930] {logging_mixin.py:115} INFO - [2023-04-05 21:13:15,930] {dag.py:2927} INFO - Setting next_dagrun for example_branch_python_operator_decorator to 2023-04-05T00:00:00+00:00, run_after=2023-04-06T00:00:00+00:00
[2023-04-05 21:13:16,117] {processor.py:161} INFO - Processing /home/edinaldo/Documents/previsao_remuneracao/previsao_remuneracao/venv/lib/python3.10/site-packages/airflow/example_dags/example_branch_operator_decorator.py took 0.285 seconds
[2023-04-05 21:13:59,185] {processor.py:153} INFO - Started process (PID=53464) to work on /home/edinaldo/Documents/previsao_remuneracao/previsao_remuneracao/venv/lib/python3.10/site-packages/airflow/example_dags/example_branch_operator_decorator.py
[2023-04-05 21:13:59,204] {processor.py:641} INFO - Processing file /home/edinaldo/Documents/previsao_remuneracao/previsao_remuneracao/venv/lib/python3.10/site-packages/airflow/example_dags/example_branch_operator_decorator.py for tasks to queue
[2023-04-05 21:13:59,206] {logging_mixin.py:115} INFO - [2023-04-05 21:13:59,206] {dagbag.py:507} INFO - Filling up the DagBag from /home/edinaldo/Documents/previsao_remuneracao/previsao_remuneracao/venv/lib/python3.10/site-packages/airflow/example_dags/example_branch_operator_decorator.py
[2023-04-05 21:13:59,244] {processor.py:651} INFO - DAG(s) dict_keys(['example_branch_python_operator_decorator']) retrieved from /home/edinaldo/Documents/previsao_remuneracao/previsao_remuneracao/venv/lib/python3.10/site-packages/airflow/example_dags/example_branch_operator_decorator.py
[2023-04-05 21:13:59,262] {logging_mixin.py:115} INFO - [2023-04-05 21:13:59,262] {dag.py:2379} INFO - Sync 1 DAGs
[2023-04-05 21:13:59,283] {logging_mixin.py:115} INFO - [2023-04-05 21:13:59,283] {dag.py:2927} INFO - Setting next_dagrun for example_branch_python_operator_decorator to 2023-04-05T00:00:00+00:00, run_after=2023-04-06T00:00:00+00:00
[2023-04-05 21:13:59,367] {processor.py:161} INFO - Processing /home/edinaldo/Documents/previsao_remuneracao/previsao_remuneracao/venv/lib/python3.10/site-packages/airflow/example_dags/example_branch_operator_decorator.py took 0.192 seconds
[2023-04-05 21:14:39,372] {processor.py:153} INFO - Started process (PID=53502) to work on /home/edinaldo/Documents/previsao_remuneracao/previsao_remuneracao/venv/lib/python3.10/site-packages/airflow/example_dags/example_branch_operator_decorator.py
[2023-04-05 21:14:39,373] {processor.py:641} INFO - Processing file /home/edinaldo/Documents/previsao_remuneracao/previsao_remuneracao/venv/lib/python3.10/site-packages/airflow/example_dags/example_branch_operator_decorator.py for tasks to queue
[2023-04-05 21:14:39,374] {logging_mixin.py:115} INFO - [2023-04-05 21:14:39,374] {dagbag.py:507} INFO - Filling up the DagBag from /home/edinaldo/Documents/previsao_remuneracao/previsao_remuneracao/venv/lib/python3.10/site-packages/airflow/example_dags/example_branch_operator_decorator.py
[2023-04-05 21:14:39,400] {processor.py:651} INFO - DAG(s) dict_keys(['example_branch_python_operator_decorator']) retrieved from /home/edinaldo/Documents/previsao_remuneracao/previsao_remuneracao/venv/lib/python3.10/site-packages/airflow/example_dags/example_branch_operator_decorator.py
[2023-04-05 21:14:39,418] {logging_mixin.py:115} INFO - [2023-04-05 21:14:39,418] {dag.py:2379} INFO - Sync 1 DAGs
[2023-04-05 21:14:39,439] {logging_mixin.py:115} INFO - [2023-04-05 21:14:39,439] {dag.py:2927} INFO - Setting next_dagrun for example_branch_python_operator_decorator to 2023-04-05T00:00:00+00:00, run_after=2023-04-06T00:00:00+00:00
[2023-04-05 21:14:39,523] {processor.py:161} INFO - Processing /home/edinaldo/Documents/previsao_remuneracao/previsao_remuneracao/venv/lib/python3.10/site-packages/airflow/example_dags/example_branch_operator_decorator.py took 0.163 seconds
[2023-04-05 21:15:17,738] {processor.py:153} INFO - Started process (PID=53539) to work on /home/edinaldo/Documents/previsao_remuneracao/previsao_remuneracao/venv/lib/python3.10/site-packages/airflow/example_dags/example_branch_operator_decorator.py
[2023-04-05 21:15:17,740] {processor.py:641} INFO - Processing file /home/edinaldo/Documents/previsao_remuneracao/previsao_remuneracao/venv/lib/python3.10/site-packages/airflow/example_dags/example_branch_operator_decorator.py for tasks to queue
[2023-04-05 21:15:17,741] {logging_mixin.py:115} INFO - [2023-04-05 21:15:17,741] {dagbag.py:507} INFO - Filling up the DagBag from /home/edinaldo/Documents/previsao_remuneracao/previsao_remuneracao/venv/lib/python3.10/site-packages/airflow/example_dags/example_branch_operator_decorator.py
[2023-04-05 21:15:17,772] {processor.py:651} INFO - DAG(s) dict_keys(['example_branch_python_operator_decorator']) retrieved from /home/edinaldo/Documents/previsao_remuneracao/previsao_remuneracao/venv/lib/python3.10/site-packages/airflow/example_dags/example_branch_operator_decorator.py
[2023-04-05 21:15:17,790] {logging_mixin.py:115} INFO - [2023-04-05 21:15:17,790] {dag.py:2379} INFO - Sync 1 DAGs
[2023-04-05 21:15:17,811] {logging_mixin.py:115} INFO - [2023-04-05 21:15:17,810] {dag.py:2927} INFO - Setting next_dagrun for example_branch_python_operator_decorator to 2023-04-05T00:00:00+00:00, run_after=2023-04-06T00:00:00+00:00
[2023-04-05 21:15:17,889] {processor.py:161} INFO - Processing /home/edinaldo/Documents/previsao_remuneracao/previsao_remuneracao/venv/lib/python3.10/site-packages/airflow/example_dags/example_branch_operator_decorator.py took 0.161 seconds
[2023-04-05 21:16:04,056] {processor.py:153} INFO - Started process (PID=53616) to work on /home/edinaldo/Documents/previsao_remuneracao/previsao_remuneracao/venv/lib/python3.10/site-packages/airflow/example_dags/example_branch_operator_decorator.py
[2023-04-05 21:16:04,065] {processor.py:641} INFO - Processing file /home/edinaldo/Documents/previsao_remuneracao/previsao_remuneracao/venv/lib/python3.10/site-packages/airflow/example_dags/example_branch_operator_decorator.py for tasks to queue
[2023-04-05 21:16:04,066] {logging_mixin.py:115} INFO - [2023-04-05 21:16:04,065] {dagbag.py:507} INFO - Filling up the DagBag from /home/edinaldo/Documents/previsao_remuneracao/previsao_remuneracao/venv/lib/python3.10/site-packages/airflow/example_dags/example_branch_operator_decorator.py
[2023-04-05 21:16:04,096] {processor.py:651} INFO - DAG(s) dict_keys(['example_branch_python_operator_decorator']) retrieved from /home/edinaldo/Documents/previsao_remuneracao/previsao_remuneracao/venv/lib/python3.10/site-packages/airflow/example_dags/example_branch_operator_decorator.py
[2023-04-05 21:16:04,127] {logging_mixin.py:115} INFO - [2023-04-05 21:16:04,127] {dag.py:2379} INFO - Sync 1 DAGs
[2023-04-05 21:16:04,155] {logging_mixin.py:115} INFO - [2023-04-05 21:16:04,155] {dag.py:2927} INFO - Setting next_dagrun for example_branch_python_operator_decorator to 2023-04-05T00:00:00+00:00, run_after=2023-04-06T00:00:00+00:00
[2023-04-05 21:16:04,235] {processor.py:161} INFO - Processing /home/edinaldo/Documents/previsao_remuneracao/previsao_remuneracao/venv/lib/python3.10/site-packages/airflow/example_dags/example_branch_operator_decorator.py took 0.182 seconds
[2023-04-05 21:16:48,685] {processor.py:153} INFO - Started process (PID=53679) to work on /home/edinaldo/Documents/previsao_remuneracao/previsao_remuneracao/venv/lib/python3.10/site-packages/airflow/example_dags/example_branch_operator_decorator.py
[2023-04-05 21:16:48,687] {processor.py:641} INFO - Processing file /home/edinaldo/Documents/previsao_remuneracao/previsao_remuneracao/venv/lib/python3.10/site-packages/airflow/example_dags/example_branch_operator_decorator.py for tasks to queue
[2023-04-05 21:16:48,688] {logging_mixin.py:115} INFO - [2023-04-05 21:16:48,688] {dagbag.py:507} INFO - Filling up the DagBag from /home/edinaldo/Documents/previsao_remuneracao/previsao_remuneracao/venv/lib/python3.10/site-packages/airflow/example_dags/example_branch_operator_decorator.py
[2023-04-05 21:16:48,729] {processor.py:651} INFO - DAG(s) dict_keys(['example_branch_python_operator_decorator']) retrieved from /home/edinaldo/Documents/previsao_remuneracao/previsao_remuneracao/venv/lib/python3.10/site-packages/airflow/example_dags/example_branch_operator_decorator.py
[2023-04-05 21:16:48,746] {logging_mixin.py:115} INFO - [2023-04-05 21:16:48,746] {dag.py:2379} INFO - Sync 1 DAGs
[2023-04-05 21:16:48,767] {logging_mixin.py:115} INFO - [2023-04-05 21:16:48,767] {dag.py:2927} INFO - Setting next_dagrun for example_branch_python_operator_decorator to 2023-04-05T00:00:00+00:00, run_after=2023-04-06T00:00:00+00:00
[2023-04-05 21:16:48,838] {processor.py:161} INFO - Processing /home/edinaldo/Documents/previsao_remuneracao/previsao_remuneracao/venv/lib/python3.10/site-packages/airflow/example_dags/example_branch_operator_decorator.py took 0.163 seconds
[2023-04-05 21:17:29,572] {processor.py:153} INFO - Started process (PID=53723) to work on /home/edinaldo/Documents/previsao_remuneracao/previsao_remuneracao/venv/lib/python3.10/site-packages/airflow/example_dags/example_branch_operator_decorator.py
[2023-04-05 21:17:29,581] {processor.py:641} INFO - Processing file /home/edinaldo/Documents/previsao_remuneracao/previsao_remuneracao/venv/lib/python3.10/site-packages/airflow/example_dags/example_branch_operator_decorator.py for tasks to queue
[2023-04-05 21:17:29,582] {logging_mixin.py:115} INFO - [2023-04-05 21:17:29,582] {dagbag.py:507} INFO - Filling up the DagBag from /home/edinaldo/Documents/previsao_remuneracao/previsao_remuneracao/venv/lib/python3.10/site-packages/airflow/example_dags/example_branch_operator_decorator.py
[2023-04-05 21:17:29,606] {processor.py:651} INFO - DAG(s) dict_keys(['example_branch_python_operator_decorator']) retrieved from /home/edinaldo/Documents/previsao_remuneracao/previsao_remuneracao/venv/lib/python3.10/site-packages/airflow/example_dags/example_branch_operator_decorator.py
[2023-04-05 21:17:29,624] {logging_mixin.py:115} INFO - [2023-04-05 21:17:29,624] {dag.py:2379} INFO - Sync 1 DAGs
[2023-04-05 21:17:29,645] {logging_mixin.py:115} INFO - [2023-04-05 21:17:29,645] {dag.py:2927} INFO - Setting next_dagrun for example_branch_python_operator_decorator to 2023-04-05T00:00:00+00:00, run_after=2023-04-06T00:00:00+00:00
[2023-04-05 21:17:29,722] {processor.py:161} INFO - Processing /home/edinaldo/Documents/previsao_remuneracao/previsao_remuneracao/venv/lib/python3.10/site-packages/airflow/example_dags/example_branch_operator_decorator.py took 0.153 seconds
[2023-04-05 21:18:09,241] {processor.py:153} INFO - Started process (PID=53763) to work on /home/edinaldo/Documents/previsao_remuneracao/previsao_remuneracao/venv/lib/python3.10/site-packages/airflow/example_dags/example_branch_operator_decorator.py
[2023-04-05 21:18:09,246] {processor.py:641} INFO - Processing file /home/edinaldo/Documents/previsao_remuneracao/previsao_remuneracao/venv/lib/python3.10/site-packages/airflow/example_dags/example_branch_operator_decorator.py for tasks to queue
[2023-04-05 21:18:09,247] {logging_mixin.py:115} INFO - [2023-04-05 21:18:09,247] {dagbag.py:507} INFO - Filling up the DagBag from /home/edinaldo/Documents/previsao_remuneracao/previsao_remuneracao/venv/lib/python3.10/site-packages/airflow/example_dags/example_branch_operator_decorator.py
[2023-04-05 21:18:09,278] {processor.py:651} INFO - DAG(s) dict_keys(['example_branch_python_operator_decorator']) retrieved from /home/edinaldo/Documents/previsao_remuneracao/previsao_remuneracao/venv/lib/python3.10/site-packages/airflow/example_dags/example_branch_operator_decorator.py
[2023-04-05 21:18:09,295] {logging_mixin.py:115} INFO - [2023-04-05 21:18:09,295] {dag.py:2379} INFO - Sync 1 DAGs
[2023-04-05 21:18:09,316] {logging_mixin.py:115} INFO - [2023-04-05 21:18:09,316] {dag.py:2927} INFO - Setting next_dagrun for example_branch_python_operator_decorator to 2023-04-05T00:00:00+00:00, run_after=2023-04-06T00:00:00+00:00
[2023-04-05 21:18:09,412] {processor.py:161} INFO - Processing /home/edinaldo/Documents/previsao_remuneracao/previsao_remuneracao/venv/lib/python3.10/site-packages/airflow/example_dags/example_branch_operator_decorator.py took 0.175 seconds
[2023-04-05 21:18:47,122] {processor.py:153} INFO - Started process (PID=53805) to work on /home/edinaldo/Documents/previsao_remuneracao/previsao_remuneracao/venv/lib/python3.10/site-packages/airflow/example_dags/example_branch_operator_decorator.py
[2023-04-05 21:18:47,123] {processor.py:641} INFO - Processing file /home/edinaldo/Documents/previsao_remuneracao/previsao_remuneracao/venv/lib/python3.10/site-packages/airflow/example_dags/example_branch_operator_decorator.py for tasks to queue
[2023-04-05 21:18:47,123] {logging_mixin.py:115} INFO - [2023-04-05 21:18:47,123] {dagbag.py:507} INFO - Filling up the DagBag from /home/edinaldo/Documents/previsao_remuneracao/previsao_remuneracao/venv/lib/python3.10/site-packages/airflow/example_dags/example_branch_operator_decorator.py
[2023-04-05 21:18:47,145] {processor.py:651} INFO - DAG(s) dict_keys(['example_branch_python_operator_decorator']) retrieved from /home/edinaldo/Documents/previsao_remuneracao/previsao_remuneracao/venv/lib/python3.10/site-packages/airflow/example_dags/example_branch_operator_decorator.py
[2023-04-05 21:18:47,163] {logging_mixin.py:115} INFO - [2023-04-05 21:18:47,163] {dag.py:2379} INFO - Sync 1 DAGs
[2023-04-05 21:18:47,184] {logging_mixin.py:115} INFO - [2023-04-05 21:18:47,184] {dag.py:2927} INFO - Setting next_dagrun for example_branch_python_operator_decorator to 2023-04-05T00:00:00+00:00, run_after=2023-04-06T00:00:00+00:00
[2023-04-05 21:18:47,247] {processor.py:161} INFO - Processing /home/edinaldo/Documents/previsao_remuneracao/previsao_remuneracao/venv/lib/python3.10/site-packages/airflow/example_dags/example_branch_operator_decorator.py took 0.129 seconds
[2023-04-05 21:19:24,075] {processor.py:153} INFO - Started process (PID=53840) to work on /home/edinaldo/Documents/previsao_remuneracao/previsao_remuneracao/venv/lib/python3.10/site-packages/airflow/example_dags/example_branch_operator_decorator.py
[2023-04-05 21:19:24,079] {processor.py:641} INFO - Processing file /home/edinaldo/Documents/previsao_remuneracao/previsao_remuneracao/venv/lib/python3.10/site-packages/airflow/example_dags/example_branch_operator_decorator.py for tasks to queue
[2023-04-05 21:19:24,080] {logging_mixin.py:115} INFO - [2023-04-05 21:19:24,079] {dagbag.py:507} INFO - Filling up the DagBag from /home/edinaldo/Documents/previsao_remuneracao/previsao_remuneracao/venv/lib/python3.10/site-packages/airflow/example_dags/example_branch_operator_decorator.py
[2023-04-05 21:19:24,101] {processor.py:651} INFO - DAG(s) dict_keys(['example_branch_python_operator_decorator']) retrieved from /home/edinaldo/Documents/previsao_remuneracao/previsao_remuneracao/venv/lib/python3.10/site-packages/airflow/example_dags/example_branch_operator_decorator.py
[2023-04-05 21:19:24,119] {logging_mixin.py:115} INFO - [2023-04-05 21:19:24,119] {dag.py:2379} INFO - Sync 1 DAGs
[2023-04-05 21:19:24,140] {logging_mixin.py:115} INFO - [2023-04-05 21:19:24,140] {dag.py:2927} INFO - Setting next_dagrun for example_branch_python_operator_decorator to 2023-04-05T00:00:00+00:00, run_after=2023-04-06T00:00:00+00:00
[2023-04-05 21:19:24,218] {processor.py:161} INFO - Processing /home/edinaldo/Documents/previsao_remuneracao/previsao_remuneracao/venv/lib/python3.10/site-packages/airflow/example_dags/example_branch_operator_decorator.py took 0.147 seconds
[2023-04-05 21:20:03,777] {processor.py:153} INFO - Started process (PID=53883) to work on /home/edinaldo/Documents/previsao_remuneracao/previsao_remuneracao/venv/lib/python3.10/site-packages/airflow/example_dags/example_branch_operator_decorator.py
[2023-04-05 21:20:03,778] {processor.py:641} INFO - Processing file /home/edinaldo/Documents/previsao_remuneracao/previsao_remuneracao/venv/lib/python3.10/site-packages/airflow/example_dags/example_branch_operator_decorator.py for tasks to queue
[2023-04-05 21:20:03,779] {logging_mixin.py:115} INFO - [2023-04-05 21:20:03,779] {dagbag.py:507} INFO - Filling up the DagBag from /home/edinaldo/Documents/previsao_remuneracao/previsao_remuneracao/venv/lib/python3.10/site-packages/airflow/example_dags/example_branch_operator_decorator.py
[2023-04-05 21:20:03,800] {processor.py:651} INFO - DAG(s) dict_keys(['example_branch_python_operator_decorator']) retrieved from /home/edinaldo/Documents/previsao_remuneracao/previsao_remuneracao/venv/lib/python3.10/site-packages/airflow/example_dags/example_branch_operator_decorator.py
[2023-04-05 21:20:03,818] {logging_mixin.py:115} INFO - [2023-04-05 21:20:03,818] {dag.py:2379} INFO - Sync 1 DAGs
[2023-04-05 21:20:03,839] {logging_mixin.py:115} INFO - [2023-04-05 21:20:03,839] {dag.py:2927} INFO - Setting next_dagrun for example_branch_python_operator_decorator to 2023-04-05T00:00:00+00:00, run_after=2023-04-06T00:00:00+00:00
[2023-04-05 21:20:03,913] {processor.py:161} INFO - Processing /home/edinaldo/Documents/previsao_remuneracao/previsao_remuneracao/venv/lib/python3.10/site-packages/airflow/example_dags/example_branch_operator_decorator.py took 0.139 seconds
[2023-04-05 21:20:39,138] {processor.py:153} INFO - Started process (PID=53916) to work on /home/edinaldo/Documents/previsao_remuneracao/previsao_remuneracao/venv/lib/python3.10/site-packages/airflow/example_dags/example_branch_operator_decorator.py
[2023-04-05 21:20:39,140] {processor.py:641} INFO - Processing file /home/edinaldo/Documents/previsao_remuneracao/previsao_remuneracao/venv/lib/python3.10/site-packages/airflow/example_dags/example_branch_operator_decorator.py for tasks to queue
[2023-04-05 21:20:39,142] {logging_mixin.py:115} INFO - [2023-04-05 21:20:39,141] {dagbag.py:507} INFO - Filling up the DagBag from /home/edinaldo/Documents/previsao_remuneracao/previsao_remuneracao/venv/lib/python3.10/site-packages/airflow/example_dags/example_branch_operator_decorator.py
[2023-04-05 21:20:39,173] {processor.py:651} INFO - DAG(s) dict_keys(['example_branch_python_operator_decorator']) retrieved from /home/edinaldo/Documents/previsao_remuneracao/previsao_remuneracao/venv/lib/python3.10/site-packages/airflow/example_dags/example_branch_operator_decorator.py
[2023-04-05 21:20:39,191] {logging_mixin.py:115} INFO - [2023-04-05 21:20:39,191] {dag.py:2379} INFO - Sync 1 DAGs
[2023-04-05 21:20:39,212] {logging_mixin.py:115} INFO - [2023-04-05 21:20:39,212] {dag.py:2927} INFO - Setting next_dagrun for example_branch_python_operator_decorator to 2023-04-05T00:00:00+00:00, run_after=2023-04-06T00:00:00+00:00
[2023-04-05 21:20:39,275] {processor.py:161} INFO - Processing /home/edinaldo/Documents/previsao_remuneracao/previsao_remuneracao/venv/lib/python3.10/site-packages/airflow/example_dags/example_branch_operator_decorator.py took 0.146 seconds
[2023-04-05 21:21:23,941] {processor.py:153} INFO - Started process (PID=53977) to work on /home/edinaldo/Documents/previsao_remuneracao/previsao_remuneracao/venv/lib/python3.10/site-packages/airflow/example_dags/example_branch_operator_decorator.py
[2023-04-05 21:21:23,942] {processor.py:641} INFO - Processing file /home/edinaldo/Documents/previsao_remuneracao/previsao_remuneracao/venv/lib/python3.10/site-packages/airflow/example_dags/example_branch_operator_decorator.py for tasks to queue
[2023-04-05 21:21:23,943] {logging_mixin.py:115} INFO - [2023-04-05 21:21:23,943] {dagbag.py:507} INFO - Filling up the DagBag from /home/edinaldo/Documents/previsao_remuneracao/previsao_remuneracao/venv/lib/python3.10/site-packages/airflow/example_dags/example_branch_operator_decorator.py
[2023-04-05 21:21:23,964] {processor.py:651} INFO - DAG(s) dict_keys(['example_branch_python_operator_decorator']) retrieved from /home/edinaldo/Documents/previsao_remuneracao/previsao_remuneracao/venv/lib/python3.10/site-packages/airflow/example_dags/example_branch_operator_decorator.py
[2023-04-05 21:21:23,982] {logging_mixin.py:115} INFO - [2023-04-05 21:21:23,982] {dag.py:2379} INFO - Sync 1 DAGs
[2023-04-05 21:21:24,002] {logging_mixin.py:115} INFO - [2023-04-05 21:21:24,002] {dag.py:2927} INFO - Setting next_dagrun for example_branch_python_operator_decorator to 2023-04-05T00:00:00+00:00, run_after=2023-04-06T00:00:00+00:00
[2023-04-05 21:21:24,084] {processor.py:161} INFO - Processing /home/edinaldo/Documents/previsao_remuneracao/previsao_remuneracao/venv/lib/python3.10/site-packages/airflow/example_dags/example_branch_operator_decorator.py took 0.146 seconds
[2023-04-05 21:22:02,356] {processor.py:153} INFO - Started process (PID=54040) to work on /home/edinaldo/Documents/previsao_remuneracao/previsao_remuneracao/venv/lib/python3.10/site-packages/airflow/example_dags/example_branch_operator_decorator.py
[2023-04-05 21:22:02,358] {processor.py:641} INFO - Processing file /home/edinaldo/Documents/previsao_remuneracao/previsao_remuneracao/venv/lib/python3.10/site-packages/airflow/example_dags/example_branch_operator_decorator.py for tasks to queue
[2023-04-05 21:22:02,360] {logging_mixin.py:115} INFO - [2023-04-05 21:22:02,360] {dagbag.py:507} INFO - Filling up the DagBag from /home/edinaldo/Documents/previsao_remuneracao/previsao_remuneracao/venv/lib/python3.10/site-packages/airflow/example_dags/example_branch_operator_decorator.py
[2023-04-05 21:22:02,388] {processor.py:651} INFO - DAG(s) dict_keys(['example_branch_python_operator_decorator']) retrieved from /home/edinaldo/Documents/previsao_remuneracao/previsao_remuneracao/venv/lib/python3.10/site-packages/airflow/example_dags/example_branch_operator_decorator.py
[2023-04-05 21:22:02,405] {logging_mixin.py:115} INFO - [2023-04-05 21:22:02,405] {dag.py:2379} INFO - Sync 1 DAGs
[2023-04-05 21:22:02,426] {logging_mixin.py:115} INFO - [2023-04-05 21:22:02,426] {dag.py:2927} INFO - Setting next_dagrun for example_branch_python_operator_decorator to 2023-04-05T00:00:00+00:00, run_after=2023-04-06T00:00:00+00:00
[2023-04-05 21:22:02,508] {processor.py:161} INFO - Processing /home/edinaldo/Documents/previsao_remuneracao/previsao_remuneracao/venv/lib/python3.10/site-packages/airflow/example_dags/example_branch_operator_decorator.py took 0.162 seconds
[2023-04-05 21:22:46,969] {processor.py:153} INFO - Started process (PID=54087) to work on /home/edinaldo/Documents/previsao_remuneracao/previsao_remuneracao/venv/lib/python3.10/site-packages/airflow/example_dags/example_branch_operator_decorator.py
[2023-04-05 21:22:47,011] {processor.py:641} INFO - Processing file /home/edinaldo/Documents/previsao_remuneracao/previsao_remuneracao/venv/lib/python3.10/site-packages/airflow/example_dags/example_branch_operator_decorator.py for tasks to queue
[2023-04-05 21:22:47,013] {logging_mixin.py:115} INFO - [2023-04-05 21:22:47,013] {dagbag.py:507} INFO - Filling up the DagBag from /home/edinaldo/Documents/previsao_remuneracao/previsao_remuneracao/venv/lib/python3.10/site-packages/airflow/example_dags/example_branch_operator_decorator.py
[2023-04-05 21:22:47,055] {processor.py:651} INFO - DAG(s) dict_keys(['example_branch_python_operator_decorator']) retrieved from /home/edinaldo/Documents/previsao_remuneracao/previsao_remuneracao/venv/lib/python3.10/site-packages/airflow/example_dags/example_branch_operator_decorator.py
[2023-04-05 21:22:47,073] {logging_mixin.py:115} INFO - [2023-04-05 21:22:47,073] {dag.py:2379} INFO - Sync 1 DAGs
[2023-04-05 21:22:47,094] {logging_mixin.py:115} INFO - [2023-04-05 21:22:47,094] {dag.py:2927} INFO - Setting next_dagrun for example_branch_python_operator_decorator to 2023-04-05T00:00:00+00:00, run_after=2023-04-06T00:00:00+00:00
[2023-04-05 21:22:47,165] {processor.py:161} INFO - Processing /home/edinaldo/Documents/previsao_remuneracao/previsao_remuneracao/venv/lib/python3.10/site-packages/airflow/example_dags/example_branch_operator_decorator.py took 0.199 seconds
[2023-04-05 21:23:26,509] {processor.py:153} INFO - Started process (PID=54142) to work on /home/edinaldo/Documents/previsao_remuneracao/previsao_remuneracao/venv/lib/python3.10/site-packages/airflow/example_dags/example_branch_operator_decorator.py
[2023-04-05 21:23:26,530] {processor.py:641} INFO - Processing file /home/edinaldo/Documents/previsao_remuneracao/previsao_remuneracao/venv/lib/python3.10/site-packages/airflow/example_dags/example_branch_operator_decorator.py for tasks to queue
[2023-04-05 21:23:26,531] {logging_mixin.py:115} INFO - [2023-04-05 21:23:26,531] {dagbag.py:507} INFO - Filling up the DagBag from /home/edinaldo/Documents/previsao_remuneracao/previsao_remuneracao/venv/lib/python3.10/site-packages/airflow/example_dags/example_branch_operator_decorator.py
[2023-04-05 21:23:26,566] {processor.py:651} INFO - DAG(s) dict_keys(['example_branch_python_operator_decorator']) retrieved from /home/edinaldo/Documents/previsao_remuneracao/previsao_remuneracao/venv/lib/python3.10/site-packages/airflow/example_dags/example_branch_operator_decorator.py
[2023-04-05 21:23:26,584] {logging_mixin.py:115} INFO - [2023-04-05 21:23:26,584] {dag.py:2379} INFO - Sync 1 DAGs
[2023-04-05 21:23:26,605] {logging_mixin.py:115} INFO - [2023-04-05 21:23:26,605] {dag.py:2927} INFO - Setting next_dagrun for example_branch_python_operator_decorator to 2023-04-05T00:00:00+00:00, run_after=2023-04-06T00:00:00+00:00
[2023-04-05 21:23:26,683] {processor.py:161} INFO - Processing /home/edinaldo/Documents/previsao_remuneracao/previsao_remuneracao/venv/lib/python3.10/site-packages/airflow/example_dags/example_branch_operator_decorator.py took 0.177 seconds
[2023-04-05 21:24:08,563] {processor.py:153} INFO - Started process (PID=54178) to work on /home/edinaldo/Documents/previsao_remuneracao/previsao_remuneracao/venv/lib/python3.10/site-packages/airflow/example_dags/example_branch_operator_decorator.py
[2023-04-05 21:24:08,574] {processor.py:641} INFO - Processing file /home/edinaldo/Documents/previsao_remuneracao/previsao_remuneracao/venv/lib/python3.10/site-packages/airflow/example_dags/example_branch_operator_decorator.py for tasks to queue
[2023-04-05 21:24:08,575] {logging_mixin.py:115} INFO - [2023-04-05 21:24:08,574] {dagbag.py:507} INFO - Filling up the DagBag from /home/edinaldo/Documents/previsao_remuneracao/previsao_remuneracao/venv/lib/python3.10/site-packages/airflow/example_dags/example_branch_operator_decorator.py
[2023-04-05 21:24:08,604] {processor.py:651} INFO - DAG(s) dict_keys(['example_branch_python_operator_decorator']) retrieved from /home/edinaldo/Documents/previsao_remuneracao/previsao_remuneracao/venv/lib/python3.10/site-packages/airflow/example_dags/example_branch_operator_decorator.py
[2023-04-05 21:24:08,621] {logging_mixin.py:115} INFO - [2023-04-05 21:24:08,621] {dag.py:2379} INFO - Sync 1 DAGs
[2023-04-05 21:24:08,642] {logging_mixin.py:115} INFO - [2023-04-05 21:24:08,642] {dag.py:2927} INFO - Setting next_dagrun for example_branch_python_operator_decorator to 2023-04-05T00:00:00+00:00, run_after=2023-04-06T00:00:00+00:00
[2023-04-05 21:24:08,723] {processor.py:161} INFO - Processing /home/edinaldo/Documents/previsao_remuneracao/previsao_remuneracao/venv/lib/python3.10/site-packages/airflow/example_dags/example_branch_operator_decorator.py took 0.165 seconds
[2023-04-05 21:24:50,257] {processor.py:153} INFO - Started process (PID=54378) to work on /home/edinaldo/Documents/previsao_remuneracao/previsao_remuneracao/venv/lib/python3.10/site-packages/airflow/example_dags/example_branch_operator_decorator.py
[2023-04-05 21:24:50,285] {processor.py:641} INFO - Processing file /home/edinaldo/Documents/previsao_remuneracao/previsao_remuneracao/venv/lib/python3.10/site-packages/airflow/example_dags/example_branch_operator_decorator.py for tasks to queue
[2023-04-05 21:24:50,286] {logging_mixin.py:115} INFO - [2023-04-05 21:24:50,286] {dagbag.py:507} INFO - Filling up the DagBag from /home/edinaldo/Documents/previsao_remuneracao/previsao_remuneracao/venv/lib/python3.10/site-packages/airflow/example_dags/example_branch_operator_decorator.py
[2023-04-05 21:24:50,332] {processor.py:651} INFO - DAG(s) dict_keys(['example_branch_python_operator_decorator']) retrieved from /home/edinaldo/Documents/previsao_remuneracao/previsao_remuneracao/venv/lib/python3.10/site-packages/airflow/example_dags/example_branch_operator_decorator.py
[2023-04-05 21:24:50,384] {logging_mixin.py:115} INFO - [2023-04-05 21:24:50,384] {dag.py:2379} INFO - Sync 1 DAGs
[2023-04-05 21:24:50,444] {logging_mixin.py:115} INFO - [2023-04-05 21:24:50,443] {dag.py:2927} INFO - Setting next_dagrun for example_branch_python_operator_decorator to 2023-04-05T00:00:00+00:00, run_after=2023-04-06T00:00:00+00:00
[2023-04-05 21:24:50,522] {processor.py:161} INFO - Processing /home/edinaldo/Documents/previsao_remuneracao/previsao_remuneracao/venv/lib/python3.10/site-packages/airflow/example_dags/example_branch_operator_decorator.py took 0.272 seconds
[2023-04-05 21:25:34,625] {processor.py:153} INFO - Started process (PID=54605) to work on /home/edinaldo/Documents/previsao_remuneracao/previsao_remuneracao/venv/lib/python3.10/site-packages/airflow/example_dags/example_branch_operator_decorator.py
[2023-04-05 21:25:34,626] {processor.py:641} INFO - Processing file /home/edinaldo/Documents/previsao_remuneracao/previsao_remuneracao/venv/lib/python3.10/site-packages/airflow/example_dags/example_branch_operator_decorator.py for tasks to queue
[2023-04-05 21:25:34,627] {logging_mixin.py:115} INFO - [2023-04-05 21:25:34,627] {dagbag.py:507} INFO - Filling up the DagBag from /home/edinaldo/Documents/previsao_remuneracao/previsao_remuneracao/venv/lib/python3.10/site-packages/airflow/example_dags/example_branch_operator_decorator.py
[2023-04-05 21:25:34,659] {processor.py:651} INFO - DAG(s) dict_keys(['example_branch_python_operator_decorator']) retrieved from /home/edinaldo/Documents/previsao_remuneracao/previsao_remuneracao/venv/lib/python3.10/site-packages/airflow/example_dags/example_branch_operator_decorator.py
[2023-04-05 21:25:34,684] {logging_mixin.py:115} INFO - [2023-04-05 21:25:34,683] {dag.py:2379} INFO - Sync 1 DAGs
[2023-04-05 21:25:34,711] {logging_mixin.py:115} INFO - [2023-04-05 21:25:34,711] {dag.py:2927} INFO - Setting next_dagrun for example_branch_python_operator_decorator to 2023-04-05T00:00:00+00:00, run_after=2023-04-06T00:00:00+00:00
[2023-04-05 21:25:34,856] {processor.py:161} INFO - Processing /home/edinaldo/Documents/previsao_remuneracao/previsao_remuneracao/venv/lib/python3.10/site-packages/airflow/example_dags/example_branch_operator_decorator.py took 0.235 seconds
[2023-04-05 21:26:13,133] {processor.py:153} INFO - Started process (PID=54850) to work on /home/edinaldo/Documents/previsao_remuneracao/previsao_remuneracao/venv/lib/python3.10/site-packages/airflow/example_dags/example_branch_operator_decorator.py
[2023-04-05 21:26:13,143] {processor.py:641} INFO - Processing file /home/edinaldo/Documents/previsao_remuneracao/previsao_remuneracao/venv/lib/python3.10/site-packages/airflow/example_dags/example_branch_operator_decorator.py for tasks to queue
[2023-04-05 21:26:13,145] {logging_mixin.py:115} INFO - [2023-04-05 21:26:13,144] {dagbag.py:507} INFO - Filling up the DagBag from /home/edinaldo/Documents/previsao_remuneracao/previsao_remuneracao/venv/lib/python3.10/site-packages/airflow/example_dags/example_branch_operator_decorator.py
[2023-04-05 21:26:13,184] {processor.py:651} INFO - DAG(s) dict_keys(['example_branch_python_operator_decorator']) retrieved from /home/edinaldo/Documents/previsao_remuneracao/previsao_remuneracao/venv/lib/python3.10/site-packages/airflow/example_dags/example_branch_operator_decorator.py
[2023-04-05 21:26:13,327] {logging_mixin.py:115} INFO - [2023-04-05 21:26:13,326] {dag.py:2379} INFO - Sync 1 DAGs
[2023-04-05 21:26:13,354] {logging_mixin.py:115} INFO - [2023-04-05 21:26:13,354] {dag.py:2927} INFO - Setting next_dagrun for example_branch_python_operator_decorator to 2023-04-05T00:00:00+00:00, run_after=2023-04-06T00:00:00+00:00
[2023-04-05 21:26:13,440] {processor.py:161} INFO - Processing /home/edinaldo/Documents/previsao_remuneracao/previsao_remuneracao/venv/lib/python3.10/site-packages/airflow/example_dags/example_branch_operator_decorator.py took 0.319 seconds
[2023-04-05 21:27:01,259] {processor.py:153} INFO - Started process (PID=55129) to work on /home/edinaldo/Documents/previsao_remuneracao/previsao_remuneracao/venv/lib/python3.10/site-packages/airflow/example_dags/example_branch_operator_decorator.py
[2023-04-05 21:27:01,262] {processor.py:641} INFO - Processing file /home/edinaldo/Documents/previsao_remuneracao/previsao_remuneracao/venv/lib/python3.10/site-packages/airflow/example_dags/example_branch_operator_decorator.py for tasks to queue
[2023-04-05 21:27:01,264] {logging_mixin.py:115} INFO - [2023-04-05 21:27:01,264] {dagbag.py:507} INFO - Filling up the DagBag from /home/edinaldo/Documents/previsao_remuneracao/previsao_remuneracao/venv/lib/python3.10/site-packages/airflow/example_dags/example_branch_operator_decorator.py
[2023-04-05 21:27:01,329] {processor.py:651} INFO - DAG(s) dict_keys(['example_branch_python_operator_decorator']) retrieved from /home/edinaldo/Documents/previsao_remuneracao/previsao_remuneracao/venv/lib/python3.10/site-packages/airflow/example_dags/example_branch_operator_decorator.py
[2023-04-05 21:27:01,355] {logging_mixin.py:115} INFO - [2023-04-05 21:27:01,355] {dag.py:2379} INFO - Sync 1 DAGs
[2023-04-05 21:27:01,409] {logging_mixin.py:115} INFO - [2023-04-05 21:27:01,408] {dag.py:2927} INFO - Setting next_dagrun for example_branch_python_operator_decorator to 2023-04-05T00:00:00+00:00, run_after=2023-04-06T00:00:00+00:00
[2023-04-05 21:27:01,491] {processor.py:161} INFO - Processing /home/edinaldo/Documents/previsao_remuneracao/previsao_remuneracao/venv/lib/python3.10/site-packages/airflow/example_dags/example_branch_operator_decorator.py took 0.244 seconds
[2023-04-05 21:27:42,212] {processor.py:153} INFO - Started process (PID=55390) to work on /home/edinaldo/Documents/previsao_remuneracao/previsao_remuneracao/venv/lib/python3.10/site-packages/airflow/example_dags/example_branch_operator_decorator.py
[2023-04-05 21:27:42,213] {processor.py:641} INFO - Processing file /home/edinaldo/Documents/previsao_remuneracao/previsao_remuneracao/venv/lib/python3.10/site-packages/airflow/example_dags/example_branch_operator_decorator.py for tasks to queue
[2023-04-05 21:27:42,214] {logging_mixin.py:115} INFO - [2023-04-05 21:27:42,213] {dagbag.py:507} INFO - Filling up the DagBag from /home/edinaldo/Documents/previsao_remuneracao/previsao_remuneracao/venv/lib/python3.10/site-packages/airflow/example_dags/example_branch_operator_decorator.py
[2023-04-05 21:27:42,255] {processor.py:651} INFO - DAG(s) dict_keys(['example_branch_python_operator_decorator']) retrieved from /home/edinaldo/Documents/previsao_remuneracao/previsao_remuneracao/venv/lib/python3.10/site-packages/airflow/example_dags/example_branch_operator_decorator.py
[2023-04-05 21:27:42,275] {logging_mixin.py:115} INFO - [2023-04-05 21:27:42,275] {dag.py:2379} INFO - Sync 1 DAGs
[2023-04-05 21:27:42,302] {logging_mixin.py:115} INFO - [2023-04-05 21:27:42,302] {dag.py:2927} INFO - Setting next_dagrun for example_branch_python_operator_decorator to 2023-04-05T00:00:00+00:00, run_after=2023-04-06T00:00:00+00:00
[2023-04-05 21:27:42,384] {processor.py:161} INFO - Processing /home/edinaldo/Documents/previsao_remuneracao/previsao_remuneracao/venv/lib/python3.10/site-packages/airflow/example_dags/example_branch_operator_decorator.py took 0.177 seconds
[2023-04-05 21:28:35,014] {processor.py:153} INFO - Started process (PID=55585) to work on /home/edinaldo/Documents/previsao_remuneracao/previsao_remuneracao/venv/lib/python3.10/site-packages/airflow/example_dags/example_branch_operator_decorator.py
[2023-04-05 21:28:35,031] {processor.py:641} INFO - Processing file /home/edinaldo/Documents/previsao_remuneracao/previsao_remuneracao/venv/lib/python3.10/site-packages/airflow/example_dags/example_branch_operator_decorator.py for tasks to queue
[2023-04-05 21:28:35,033] {logging_mixin.py:115} INFO - [2023-04-05 21:28:35,032] {dagbag.py:507} INFO - Filling up the DagBag from /home/edinaldo/Documents/previsao_remuneracao/previsao_remuneracao/venv/lib/python3.10/site-packages/airflow/example_dags/example_branch_operator_decorator.py
[2023-04-05 21:28:35,112] {processor.py:651} INFO - DAG(s) dict_keys(['example_branch_python_operator_decorator']) retrieved from /home/edinaldo/Documents/previsao_remuneracao/previsao_remuneracao/venv/lib/python3.10/site-packages/airflow/example_dags/example_branch_operator_decorator.py
[2023-04-05 21:28:35,162] {logging_mixin.py:115} INFO - [2023-04-05 21:28:35,162] {dag.py:2379} INFO - Sync 1 DAGs
[2023-04-05 21:28:35,201] {logging_mixin.py:115} INFO - [2023-04-05 21:28:35,201] {dag.py:2927} INFO - Setting next_dagrun for example_branch_python_operator_decorator to 2023-04-05T00:00:00+00:00, run_after=2023-04-06T00:00:00+00:00
[2023-04-05 21:28:35,274] {processor.py:161} INFO - Processing /home/edinaldo/Documents/previsao_remuneracao/previsao_remuneracao/venv/lib/python3.10/site-packages/airflow/example_dags/example_branch_operator_decorator.py took 0.265 seconds
[2023-04-05 21:29:16,935] {processor.py:153} INFO - Started process (PID=55620) to work on /home/edinaldo/Documents/previsao_remuneracao/previsao_remuneracao/venv/lib/python3.10/site-packages/airflow/example_dags/example_branch_operator_decorator.py
[2023-04-05 21:29:16,942] {processor.py:641} INFO - Processing file /home/edinaldo/Documents/previsao_remuneracao/previsao_remuneracao/venv/lib/python3.10/site-packages/airflow/example_dags/example_branch_operator_decorator.py for tasks to queue
[2023-04-05 21:29:16,943] {logging_mixin.py:115} INFO - [2023-04-05 21:29:16,943] {dagbag.py:507} INFO - Filling up the DagBag from /home/edinaldo/Documents/previsao_remuneracao/previsao_remuneracao/venv/lib/python3.10/site-packages/airflow/example_dags/example_branch_operator_decorator.py
[2023-04-05 21:29:16,998] {processor.py:651} INFO - DAG(s) dict_keys(['example_branch_python_operator_decorator']) retrieved from /home/edinaldo/Documents/previsao_remuneracao/previsao_remuneracao/venv/lib/python3.10/site-packages/airflow/example_dags/example_branch_operator_decorator.py
[2023-04-05 21:29:17,028] {logging_mixin.py:115} INFO - [2023-04-05 21:29:17,028] {dag.py:2379} INFO - Sync 1 DAGs
[2023-04-05 21:29:17,062] {logging_mixin.py:115} INFO - [2023-04-05 21:29:17,062] {dag.py:2927} INFO - Setting next_dagrun for example_branch_python_operator_decorator to 2023-04-05T00:00:00+00:00, run_after=2023-04-06T00:00:00+00:00
[2023-04-05 21:29:17,127] {processor.py:161} INFO - Processing /home/edinaldo/Documents/previsao_remuneracao/previsao_remuneracao/venv/lib/python3.10/site-packages/airflow/example_dags/example_branch_operator_decorator.py took 0.200 seconds
[2023-04-05 21:29:54,832] {processor.py:153} INFO - Started process (PID=55655) to work on /home/edinaldo/Documents/previsao_remuneracao/previsao_remuneracao/venv/lib/python3.10/site-packages/airflow/example_dags/example_branch_operator_decorator.py
[2023-04-05 21:29:54,843] {processor.py:641} INFO - Processing file /home/edinaldo/Documents/previsao_remuneracao/previsao_remuneracao/venv/lib/python3.10/site-packages/airflow/example_dags/example_branch_operator_decorator.py for tasks to queue
[2023-04-05 21:29:54,847] {logging_mixin.py:115} INFO - [2023-04-05 21:29:54,846] {dagbag.py:507} INFO - Filling up the DagBag from /home/edinaldo/Documents/previsao_remuneracao/previsao_remuneracao/venv/lib/python3.10/site-packages/airflow/example_dags/example_branch_operator_decorator.py
[2023-04-05 21:29:54,932] {processor.py:651} INFO - DAG(s) dict_keys(['example_branch_python_operator_decorator']) retrieved from /home/edinaldo/Documents/previsao_remuneracao/previsao_remuneracao/venv/lib/python3.10/site-packages/airflow/example_dags/example_branch_operator_decorator.py
[2023-04-05 21:29:54,962] {logging_mixin.py:115} INFO - [2023-04-05 21:29:54,962] {dag.py:2379} INFO - Sync 1 DAGs
[2023-04-05 21:29:55,004] {logging_mixin.py:115} INFO - [2023-04-05 21:29:55,004] {dag.py:2927} INFO - Setting next_dagrun for example_branch_python_operator_decorator to 2023-04-05T00:00:00+00:00, run_after=2023-04-06T00:00:00+00:00
[2023-04-05 21:29:55,100] {processor.py:161} INFO - Processing /home/edinaldo/Documents/previsao_remuneracao/previsao_remuneracao/venv/lib/python3.10/site-packages/airflow/example_dags/example_branch_operator_decorator.py took 0.274 seconds
[2023-04-05 21:30:37,195] {processor.py:153} INFO - Started process (PID=55694) to work on /home/edinaldo/Documents/previsao_remuneracao/previsao_remuneracao/venv/lib/python3.10/site-packages/airflow/example_dags/example_branch_operator_decorator.py
[2023-04-05 21:30:37,196] {processor.py:641} INFO - Processing file /home/edinaldo/Documents/previsao_remuneracao/previsao_remuneracao/venv/lib/python3.10/site-packages/airflow/example_dags/example_branch_operator_decorator.py for tasks to queue
[2023-04-05 21:30:37,197] {logging_mixin.py:115} INFO - [2023-04-05 21:30:37,197] {dagbag.py:507} INFO - Filling up the DagBag from /home/edinaldo/Documents/previsao_remuneracao/previsao_remuneracao/venv/lib/python3.10/site-packages/airflow/example_dags/example_branch_operator_decorator.py
[2023-04-05 21:30:37,225] {processor.py:651} INFO - DAG(s) dict_keys(['example_branch_python_operator_decorator']) retrieved from /home/edinaldo/Documents/previsao_remuneracao/previsao_remuneracao/venv/lib/python3.10/site-packages/airflow/example_dags/example_branch_operator_decorator.py
[2023-04-05 21:30:37,247] {logging_mixin.py:115} INFO - [2023-04-05 21:30:37,247] {dag.py:2379} INFO - Sync 1 DAGs
[2023-04-05 21:30:37,271] {logging_mixin.py:115} INFO - [2023-04-05 21:30:37,271] {dag.py:2927} INFO - Setting next_dagrun for example_branch_python_operator_decorator to 2023-04-05T00:00:00+00:00, run_after=2023-04-06T00:00:00+00:00
[2023-04-05 21:30:37,490] {processor.py:161} INFO - Processing /home/edinaldo/Documents/previsao_remuneracao/previsao_remuneracao/venv/lib/python3.10/site-packages/airflow/example_dags/example_branch_operator_decorator.py took 0.302 seconds
[2023-04-05 21:31:16,621] {processor.py:153} INFO - Started process (PID=55754) to work on /home/edinaldo/Documents/previsao_remuneracao/previsao_remuneracao/venv/lib/python3.10/site-packages/airflow/example_dags/example_branch_operator_decorator.py
[2023-04-05 21:31:16,623] {processor.py:641} INFO - Processing file /home/edinaldo/Documents/previsao_remuneracao/previsao_remuneracao/venv/lib/python3.10/site-packages/airflow/example_dags/example_branch_operator_decorator.py for tasks to queue
[2023-04-05 21:31:16,624] {logging_mixin.py:115} INFO - [2023-04-05 21:31:16,624] {dagbag.py:507} INFO - Filling up the DagBag from /home/edinaldo/Documents/previsao_remuneracao/previsao_remuneracao/venv/lib/python3.10/site-packages/airflow/example_dags/example_branch_operator_decorator.py
[2023-04-05 21:31:16,655] {processor.py:651} INFO - DAG(s) dict_keys(['example_branch_python_operator_decorator']) retrieved from /home/edinaldo/Documents/previsao_remuneracao/previsao_remuneracao/venv/lib/python3.10/site-packages/airflow/example_dags/example_branch_operator_decorator.py
[2023-04-05 21:31:16,676] {logging_mixin.py:115} INFO - [2023-04-05 21:31:16,676] {dag.py:2379} INFO - Sync 1 DAGs
[2023-04-05 21:31:16,702] {logging_mixin.py:115} INFO - [2023-04-05 21:31:16,702] {dag.py:2927} INFO - Setting next_dagrun for example_branch_python_operator_decorator to 2023-04-05T00:00:00+00:00, run_after=2023-04-06T00:00:00+00:00
[2023-04-05 21:31:16,783] {processor.py:161} INFO - Processing /home/edinaldo/Documents/previsao_remuneracao/previsao_remuneracao/venv/lib/python3.10/site-packages/airflow/example_dags/example_branch_operator_decorator.py took 0.167 seconds
[2023-04-05 21:31:54,002] {processor.py:153} INFO - Started process (PID=55823) to work on /home/edinaldo/Documents/previsao_remuneracao/previsao_remuneracao/venv/lib/python3.10/site-packages/airflow/example_dags/example_branch_operator_decorator.py
[2023-04-05 21:31:54,026] {processor.py:641} INFO - Processing file /home/edinaldo/Documents/previsao_remuneracao/previsao_remuneracao/venv/lib/python3.10/site-packages/airflow/example_dags/example_branch_operator_decorator.py for tasks to queue
[2023-04-05 21:31:54,028] {logging_mixin.py:115} INFO - [2023-04-05 21:31:54,028] {dagbag.py:507} INFO - Filling up the DagBag from /home/edinaldo/Documents/previsao_remuneracao/previsao_remuneracao/venv/lib/python3.10/site-packages/airflow/example_dags/example_branch_operator_decorator.py
[2023-04-05 21:31:54,324] {processor.py:651} INFO - DAG(s) dict_keys(['example_branch_python_operator_decorator']) retrieved from /home/edinaldo/Documents/previsao_remuneracao/previsao_remuneracao/venv/lib/python3.10/site-packages/airflow/example_dags/example_branch_operator_decorator.py
[2023-04-05 21:31:54,356] {logging_mixin.py:115} INFO - [2023-04-05 21:31:54,355] {dag.py:2379} INFO - Sync 1 DAGs
[2023-04-05 21:31:54,552] {logging_mixin.py:115} INFO - [2023-04-05 21:31:54,552] {dag.py:2927} INFO - Setting next_dagrun for example_branch_python_operator_decorator to 2023-04-05T00:00:00+00:00, run_after=2023-04-06T00:00:00+00:00
[2023-04-05 21:31:55,499] {processor.py:161} INFO - Processing /home/edinaldo/Documents/previsao_remuneracao/previsao_remuneracao/venv/lib/python3.10/site-packages/airflow/example_dags/example_branch_operator_decorator.py took 1.504 seconds
[2023-04-05 21:32:47,058] {processor.py:153} INFO - Started process (PID=56085) to work on /home/edinaldo/Documents/previsao_remuneracao/previsao_remuneracao/venv/lib/python3.10/site-packages/airflow/example_dags/example_branch_operator_decorator.py
[2023-04-05 21:32:47,084] {processor.py:641} INFO - Processing file /home/edinaldo/Documents/previsao_remuneracao/previsao_remuneracao/venv/lib/python3.10/site-packages/airflow/example_dags/example_branch_operator_decorator.py for tasks to queue
[2023-04-05 21:32:47,086] {logging_mixin.py:115} INFO - [2023-04-05 21:32:47,085] {dagbag.py:507} INFO - Filling up the DagBag from /home/edinaldo/Documents/previsao_remuneracao/previsao_remuneracao/venv/lib/python3.10/site-packages/airflow/example_dags/example_branch_operator_decorator.py
[2023-04-05 21:32:47,152] {processor.py:651} INFO - DAG(s) dict_keys(['example_branch_python_operator_decorator']) retrieved from /home/edinaldo/Documents/previsao_remuneracao/previsao_remuneracao/venv/lib/python3.10/site-packages/airflow/example_dags/example_branch_operator_decorator.py
[2023-04-05 21:32:47,194] {logging_mixin.py:115} INFO - [2023-04-05 21:32:47,194] {dag.py:2379} INFO - Sync 1 DAGs
[2023-04-05 21:32:47,239] {logging_mixin.py:115} INFO - [2023-04-05 21:32:47,239] {dag.py:2927} INFO - Setting next_dagrun for example_branch_python_operator_decorator to 2023-04-05T00:00:00+00:00, run_after=2023-04-06T00:00:00+00:00
[2023-04-05 21:32:47,321] {processor.py:161} INFO - Processing /home/edinaldo/Documents/previsao_remuneracao/previsao_remuneracao/venv/lib/python3.10/site-packages/airflow/example_dags/example_branch_operator_decorator.py took 0.270 seconds
[2023-04-05 21:33:29,705] {processor.py:153} INFO - Started process (PID=56131) to work on /home/edinaldo/Documents/previsao_remuneracao/previsao_remuneracao/venv/lib/python3.10/site-packages/airflow/example_dags/example_branch_operator_decorator.py
[2023-04-05 21:33:29,706] {processor.py:641} INFO - Processing file /home/edinaldo/Documents/previsao_remuneracao/previsao_remuneracao/venv/lib/python3.10/site-packages/airflow/example_dags/example_branch_operator_decorator.py for tasks to queue
[2023-04-05 21:33:29,707] {logging_mixin.py:115} INFO - [2023-04-05 21:33:29,707] {dagbag.py:507} INFO - Filling up the DagBag from /home/edinaldo/Documents/previsao_remuneracao/previsao_remuneracao/venv/lib/python3.10/site-packages/airflow/example_dags/example_branch_operator_decorator.py
[2023-04-05 21:33:29,743] {processor.py:651} INFO - DAG(s) dict_keys(['example_branch_python_operator_decorator']) retrieved from /home/edinaldo/Documents/previsao_remuneracao/previsao_remuneracao/venv/lib/python3.10/site-packages/airflow/example_dags/example_branch_operator_decorator.py
[2023-04-05 21:33:29,774] {logging_mixin.py:115} INFO - [2023-04-05 21:33:29,773] {dag.py:2379} INFO - Sync 1 DAGs
[2023-04-05 21:33:29,812] {logging_mixin.py:115} INFO - [2023-04-05 21:33:29,812] {dag.py:2927} INFO - Setting next_dagrun for example_branch_python_operator_decorator to 2023-04-05T00:00:00+00:00, run_after=2023-04-06T00:00:00+00:00
[2023-04-05 21:33:29,910] {processor.py:161} INFO - Processing /home/edinaldo/Documents/previsao_remuneracao/previsao_remuneracao/venv/lib/python3.10/site-packages/airflow/example_dags/example_branch_operator_decorator.py took 0.210 seconds
[2023-04-05 21:34:13,364] {processor.py:153} INFO - Started process (PID=56191) to work on /home/edinaldo/Documents/previsao_remuneracao/previsao_remuneracao/venv/lib/python3.10/site-packages/airflow/example_dags/example_branch_operator_decorator.py
[2023-04-05 21:34:13,366] {processor.py:641} INFO - Processing file /home/edinaldo/Documents/previsao_remuneracao/previsao_remuneracao/venv/lib/python3.10/site-packages/airflow/example_dags/example_branch_operator_decorator.py for tasks to queue
[2023-04-05 21:34:13,367] {logging_mixin.py:115} INFO - [2023-04-05 21:34:13,367] {dagbag.py:507} INFO - Filling up the DagBag from /home/edinaldo/Documents/previsao_remuneracao/previsao_remuneracao/venv/lib/python3.10/site-packages/airflow/example_dags/example_branch_operator_decorator.py
[2023-04-05 21:34:13,392] {processor.py:651} INFO - DAG(s) dict_keys(['example_branch_python_operator_decorator']) retrieved from /home/edinaldo/Documents/previsao_remuneracao/previsao_remuneracao/venv/lib/python3.10/site-packages/airflow/example_dags/example_branch_operator_decorator.py
[2023-04-05 21:34:13,410] {logging_mixin.py:115} INFO - [2023-04-05 21:34:13,410] {dag.py:2379} INFO - Sync 1 DAGs
[2023-04-05 21:34:13,432] {logging_mixin.py:115} INFO - [2023-04-05 21:34:13,431] {dag.py:2927} INFO - Setting next_dagrun for example_branch_python_operator_decorator to 2023-04-05T00:00:00+00:00, run_after=2023-04-06T00:00:00+00:00
[2023-04-05 21:34:13,511] {processor.py:161} INFO - Processing /home/edinaldo/Documents/previsao_remuneracao/previsao_remuneracao/venv/lib/python3.10/site-packages/airflow/example_dags/example_branch_operator_decorator.py took 0.156 seconds
[2023-04-05 21:34:57,765] {processor.py:153} INFO - Started process (PID=56249) to work on /home/edinaldo/Documents/previsao_remuneracao/previsao_remuneracao/venv/lib/python3.10/site-packages/airflow/example_dags/example_branch_operator_decorator.py
[2023-04-05 21:34:57,782] {processor.py:641} INFO - Processing file /home/edinaldo/Documents/previsao_remuneracao/previsao_remuneracao/venv/lib/python3.10/site-packages/airflow/example_dags/example_branch_operator_decorator.py for tasks to queue
[2023-04-05 21:34:57,798] {logging_mixin.py:115} INFO - [2023-04-05 21:34:57,798] {dagbag.py:507} INFO - Filling up the DagBag from /home/edinaldo/Documents/previsao_remuneracao/previsao_remuneracao/venv/lib/python3.10/site-packages/airflow/example_dags/example_branch_operator_decorator.py
[2023-04-05 21:34:57,834] {processor.py:651} INFO - DAG(s) dict_keys(['example_branch_python_operator_decorator']) retrieved from /home/edinaldo/Documents/previsao_remuneracao/previsao_remuneracao/venv/lib/python3.10/site-packages/airflow/example_dags/example_branch_operator_decorator.py
[2023-04-05 21:34:57,864] {logging_mixin.py:115} INFO - [2023-04-05 21:34:57,863] {dag.py:2379} INFO - Sync 1 DAGs
[2023-04-05 21:34:57,898] {logging_mixin.py:115} INFO - [2023-04-05 21:34:57,897] {dag.py:2927} INFO - Setting next_dagrun for example_branch_python_operator_decorator to 2023-04-05T00:00:00+00:00, run_after=2023-04-06T00:00:00+00:00
[2023-04-05 21:34:57,968] {processor.py:161} INFO - Processing /home/edinaldo/Documents/previsao_remuneracao/previsao_remuneracao/venv/lib/python3.10/site-packages/airflow/example_dags/example_branch_operator_decorator.py took 0.210 seconds
[2023-04-05 21:35:53,331] {processor.py:153} INFO - Started process (PID=56465) to work on /home/edinaldo/Documents/previsao_remuneracao/previsao_remuneracao/venv/lib/python3.10/site-packages/airflow/example_dags/example_branch_operator_decorator.py
[2023-04-05 21:35:53,382] {processor.py:641} INFO - Processing file /home/edinaldo/Documents/previsao_remuneracao/previsao_remuneracao/venv/lib/python3.10/site-packages/airflow/example_dags/example_branch_operator_decorator.py for tasks to queue
[2023-04-05 21:35:53,383] {logging_mixin.py:115} INFO - [2023-04-05 21:35:53,383] {dagbag.py:507} INFO - Filling up the DagBag from /home/edinaldo/Documents/previsao_remuneracao/previsao_remuneracao/venv/lib/python3.10/site-packages/airflow/example_dags/example_branch_operator_decorator.py
[2023-04-05 21:35:53,610] {processor.py:651} INFO - DAG(s) dict_keys(['example_branch_python_operator_decorator']) retrieved from /home/edinaldo/Documents/previsao_remuneracao/previsao_remuneracao/venv/lib/python3.10/site-packages/airflow/example_dags/example_branch_operator_decorator.py
[2023-04-05 21:35:53,776] {logging_mixin.py:115} INFO - [2023-04-05 21:35:53,776] {dag.py:2379} INFO - Sync 1 DAGs
[2023-04-05 21:35:53,847] {logging_mixin.py:115} INFO - [2023-04-05 21:35:53,847] {dag.py:2927} INFO - Setting next_dagrun for example_branch_python_operator_decorator to 2023-04-05T00:00:00+00:00, run_after=2023-04-06T00:00:00+00:00
[2023-04-05 21:35:54,006] {processor.py:161} INFO - Processing /home/edinaldo/Documents/previsao_remuneracao/previsao_remuneracao/venv/lib/python3.10/site-packages/airflow/example_dags/example_branch_operator_decorator.py took 0.679 seconds
[2023-04-05 21:37:28,707] {processor.py:153} INFO - Started process (PID=56817) to work on /home/edinaldo/Documents/previsao_remuneracao/previsao_remuneracao/venv/lib/python3.10/site-packages/airflow/example_dags/example_branch_operator_decorator.py
[2023-04-05 21:37:28,750] {processor.py:641} INFO - Processing file /home/edinaldo/Documents/previsao_remuneracao/previsao_remuneracao/venv/lib/python3.10/site-packages/airflow/example_dags/example_branch_operator_decorator.py for tasks to queue
[2023-04-05 21:37:28,752] {logging_mixin.py:115} INFO - [2023-04-05 21:37:28,752] {dagbag.py:507} INFO - Filling up the DagBag from /home/edinaldo/Documents/previsao_remuneracao/previsao_remuneracao/venv/lib/python3.10/site-packages/airflow/example_dags/example_branch_operator_decorator.py
[2023-04-05 21:37:28,879] {processor.py:651} INFO - DAG(s) dict_keys(['example_branch_python_operator_decorator']) retrieved from /home/edinaldo/Documents/previsao_remuneracao/previsao_remuneracao/venv/lib/python3.10/site-packages/airflow/example_dags/example_branch_operator_decorator.py
[2023-04-05 21:37:28,911] {logging_mixin.py:115} INFO - [2023-04-05 21:37:28,911] {dag.py:2379} INFO - Sync 1 DAGs
[2023-04-05 21:37:28,950] {logging_mixin.py:115} INFO - [2023-04-05 21:37:28,949] {dag.py:2927} INFO - Setting next_dagrun for example_branch_python_operator_decorator to 2023-04-05T00:00:00+00:00, run_after=2023-04-06T00:00:00+00:00
[2023-04-05 21:37:29,052] {processor.py:161} INFO - Processing /home/edinaldo/Documents/previsao_remuneracao/previsao_remuneracao/venv/lib/python3.10/site-packages/airflow/example_dags/example_branch_operator_decorator.py took 0.356 seconds
[2023-04-05 21:38:20,072] {processor.py:153} INFO - Started process (PID=56999) to work on /home/edinaldo/Documents/previsao_remuneracao/previsao_remuneracao/venv/lib/python3.10/site-packages/airflow/example_dags/example_branch_operator_decorator.py
[2023-04-05 21:38:20,096] {processor.py:641} INFO - Processing file /home/edinaldo/Documents/previsao_remuneracao/previsao_remuneracao/venv/lib/python3.10/site-packages/airflow/example_dags/example_branch_operator_decorator.py for tasks to queue
[2023-04-05 21:38:20,097] {logging_mixin.py:115} INFO - [2023-04-05 21:38:20,097] {dagbag.py:507} INFO - Filling up the DagBag from /home/edinaldo/Documents/previsao_remuneracao/previsao_remuneracao/venv/lib/python3.10/site-packages/airflow/example_dags/example_branch_operator_decorator.py
[2023-04-05 21:38:20,142] {processor.py:651} INFO - DAG(s) dict_keys(['example_branch_python_operator_decorator']) retrieved from /home/edinaldo/Documents/previsao_remuneracao/previsao_remuneracao/venv/lib/python3.10/site-packages/airflow/example_dags/example_branch_operator_decorator.py
[2023-04-05 21:38:20,160] {logging_mixin.py:115} INFO - [2023-04-05 21:38:20,160] {dag.py:2379} INFO - Sync 1 DAGs
[2023-04-05 21:38:20,182] {logging_mixin.py:115} INFO - [2023-04-05 21:38:20,182] {dag.py:2927} INFO - Setting next_dagrun for example_branch_python_operator_decorator to 2023-04-05T00:00:00+00:00, run_after=2023-04-06T00:00:00+00:00
[2023-04-05 21:38:20,283] {processor.py:161} INFO - Processing /home/edinaldo/Documents/previsao_remuneracao/previsao_remuneracao/venv/lib/python3.10/site-packages/airflow/example_dags/example_branch_operator_decorator.py took 0.218 seconds
[2023-04-05 21:39:30,428] {processor.py:153} INFO - Started process (PID=57398) to work on /home/edinaldo/Documents/previsao_remuneracao/previsao_remuneracao/venv/lib/python3.10/site-packages/airflow/example_dags/example_branch_operator_decorator.py
[2023-04-05 21:39:30,478] {processor.py:641} INFO - Processing file /home/edinaldo/Documents/previsao_remuneracao/previsao_remuneracao/venv/lib/python3.10/site-packages/airflow/example_dags/example_branch_operator_decorator.py for tasks to queue
[2023-04-05 21:39:30,479] {logging_mixin.py:115} INFO - [2023-04-05 21:39:30,479] {dagbag.py:507} INFO - Filling up the DagBag from /home/edinaldo/Documents/previsao_remuneracao/previsao_remuneracao/venv/lib/python3.10/site-packages/airflow/example_dags/example_branch_operator_decorator.py
[2023-04-05 21:39:31,116] {processor.py:651} INFO - DAG(s) dict_keys(['example_branch_python_operator_decorator']) retrieved from /home/edinaldo/Documents/previsao_remuneracao/previsao_remuneracao/venv/lib/python3.10/site-packages/airflow/example_dags/example_branch_operator_decorator.py
[2023-04-05 21:39:31,188] {logging_mixin.py:115} INFO - [2023-04-05 21:39:31,188] {dag.py:2379} INFO - Sync 1 DAGs
[2023-04-05 21:39:31,302] {logging_mixin.py:115} INFO - [2023-04-05 21:39:31,302] {dag.py:2927} INFO - Setting next_dagrun for example_branch_python_operator_decorator to 2023-04-05T00:00:00+00:00, run_after=2023-04-06T00:00:00+00:00
[2023-04-05 21:39:31,686] {processor.py:161} INFO - Processing /home/edinaldo/Documents/previsao_remuneracao/previsao_remuneracao/venv/lib/python3.10/site-packages/airflow/example_dags/example_branch_operator_decorator.py took 1.264 seconds
[2023-04-05 21:40:28,533] {processor.py:153} INFO - Started process (PID=57665) to work on /home/edinaldo/Documents/previsao_remuneracao/previsao_remuneracao/venv/lib/python3.10/site-packages/airflow/example_dags/example_branch_operator_decorator.py
[2023-04-05 21:40:28,562] {processor.py:641} INFO - Processing file /home/edinaldo/Documents/previsao_remuneracao/previsao_remuneracao/venv/lib/python3.10/site-packages/airflow/example_dags/example_branch_operator_decorator.py for tasks to queue
[2023-04-05 21:40:28,563] {logging_mixin.py:115} INFO - [2023-04-05 21:40:28,563] {dagbag.py:507} INFO - Filling up the DagBag from /home/edinaldo/Documents/previsao_remuneracao/previsao_remuneracao/venv/lib/python3.10/site-packages/airflow/example_dags/example_branch_operator_decorator.py
[2023-04-05 21:40:28,658] {processor.py:651} INFO - DAG(s) dict_keys(['example_branch_python_operator_decorator']) retrieved from /home/edinaldo/Documents/previsao_remuneracao/previsao_remuneracao/venv/lib/python3.10/site-packages/airflow/example_dags/example_branch_operator_decorator.py
[2023-04-05 21:40:28,682] {logging_mixin.py:115} INFO - [2023-04-05 21:40:28,682] {dag.py:2379} INFO - Sync 1 DAGs
[2023-04-05 21:40:28,711] {logging_mixin.py:115} INFO - [2023-04-05 21:40:28,711] {dag.py:2927} INFO - Setting next_dagrun for example_branch_python_operator_decorator to 2023-04-05T00:00:00+00:00, run_after=2023-04-06T00:00:00+00:00
[2023-04-05 21:40:28,783] {processor.py:161} INFO - Processing /home/edinaldo/Documents/previsao_remuneracao/previsao_remuneracao/venv/lib/python3.10/site-packages/airflow/example_dags/example_branch_operator_decorator.py took 0.255 seconds
[2023-04-05 21:41:17,313] {processor.py:153} INFO - Started process (PID=57942) to work on /home/edinaldo/Documents/previsao_remuneracao/previsao_remuneracao/venv/lib/python3.10/site-packages/airflow/example_dags/example_branch_operator_decorator.py
[2023-04-05 21:41:17,336] {processor.py:641} INFO - Processing file /home/edinaldo/Documents/previsao_remuneracao/previsao_remuneracao/venv/lib/python3.10/site-packages/airflow/example_dags/example_branch_operator_decorator.py for tasks to queue
[2023-04-05 21:41:17,337] {logging_mixin.py:115} INFO - [2023-04-05 21:41:17,337] {dagbag.py:507} INFO - Filling up the DagBag from /home/edinaldo/Documents/previsao_remuneracao/previsao_remuneracao/venv/lib/python3.10/site-packages/airflow/example_dags/example_branch_operator_decorator.py
[2023-04-05 21:41:17,360] {processor.py:651} INFO - DAG(s) dict_keys(['example_branch_python_operator_decorator']) retrieved from /home/edinaldo/Documents/previsao_remuneracao/previsao_remuneracao/venv/lib/python3.10/site-packages/airflow/example_dags/example_branch_operator_decorator.py
[2023-04-05 21:41:17,378] {logging_mixin.py:115} INFO - [2023-04-05 21:41:17,378] {dag.py:2379} INFO - Sync 1 DAGs
[2023-04-05 21:41:17,401] {logging_mixin.py:115} INFO - [2023-04-05 21:41:17,401] {dag.py:2927} INFO - Setting next_dagrun for example_branch_python_operator_decorator to 2023-04-05T00:00:00+00:00, run_after=2023-04-06T00:00:00+00:00
[2023-04-05 21:41:17,479] {processor.py:161} INFO - Processing /home/edinaldo/Documents/previsao_remuneracao/previsao_remuneracao/venv/lib/python3.10/site-packages/airflow/example_dags/example_branch_operator_decorator.py took 0.170 seconds
[2023-04-05 21:42:04,934] {processor.py:153} INFO - Started process (PID=58221) to work on /home/edinaldo/Documents/previsao_remuneracao/previsao_remuneracao/venv/lib/python3.10/site-packages/airflow/example_dags/example_branch_operator_decorator.py
[2023-04-05 21:42:04,960] {processor.py:641} INFO - Processing file /home/edinaldo/Documents/previsao_remuneracao/previsao_remuneracao/venv/lib/python3.10/site-packages/airflow/example_dags/example_branch_operator_decorator.py for tasks to queue
[2023-04-05 21:42:04,962] {logging_mixin.py:115} INFO - [2023-04-05 21:42:04,961] {dagbag.py:507} INFO - Filling up the DagBag from /home/edinaldo/Documents/previsao_remuneracao/previsao_remuneracao/venv/lib/python3.10/site-packages/airflow/example_dags/example_branch_operator_decorator.py
[2023-04-05 21:42:05,014] {processor.py:651} INFO - DAG(s) dict_keys(['example_branch_python_operator_decorator']) retrieved from /home/edinaldo/Documents/previsao_remuneracao/previsao_remuneracao/venv/lib/python3.10/site-packages/airflow/example_dags/example_branch_operator_decorator.py
[2023-04-05 21:42:05,032] {logging_mixin.py:115} INFO - [2023-04-05 21:42:05,032] {dag.py:2379} INFO - Sync 1 DAGs
[2023-04-05 21:42:05,053] {logging_mixin.py:115} INFO - [2023-04-05 21:42:05,053] {dag.py:2927} INFO - Setting next_dagrun for example_branch_python_operator_decorator to 2023-04-05T00:00:00+00:00, run_after=2023-04-06T00:00:00+00:00
[2023-04-05 21:42:05,111] {processor.py:161} INFO - Processing /home/edinaldo/Documents/previsao_remuneracao/previsao_remuneracao/venv/lib/python3.10/site-packages/airflow/example_dags/example_branch_operator_decorator.py took 0.183 seconds
[2023-04-05 21:42:51,265] {processor.py:153} INFO - Started process (PID=58474) to work on /home/edinaldo/Documents/previsao_remuneracao/previsao_remuneracao/venv/lib/python3.10/site-packages/airflow/example_dags/example_branch_operator_decorator.py
[2023-04-05 21:42:51,299] {processor.py:641} INFO - Processing file /home/edinaldo/Documents/previsao_remuneracao/previsao_remuneracao/venv/lib/python3.10/site-packages/airflow/example_dags/example_branch_operator_decorator.py for tasks to queue
[2023-04-05 21:42:51,301] {logging_mixin.py:115} INFO - [2023-04-05 21:42:51,301] {dagbag.py:507} INFO - Filling up the DagBag from /home/edinaldo/Documents/previsao_remuneracao/previsao_remuneracao/venv/lib/python3.10/site-packages/airflow/example_dags/example_branch_operator_decorator.py
[2023-04-05 21:42:51,355] {processor.py:651} INFO - DAG(s) dict_keys(['example_branch_python_operator_decorator']) retrieved from /home/edinaldo/Documents/previsao_remuneracao/previsao_remuneracao/venv/lib/python3.10/site-packages/airflow/example_dags/example_branch_operator_decorator.py
[2023-04-05 21:42:51,386] {logging_mixin.py:115} INFO - [2023-04-05 21:42:51,386] {dag.py:2379} INFO - Sync 1 DAGs
[2023-04-05 21:42:51,418] {logging_mixin.py:115} INFO - [2023-04-05 21:42:51,418] {dag.py:2927} INFO - Setting next_dagrun for example_branch_python_operator_decorator to 2023-04-05T00:00:00+00:00, run_after=2023-04-06T00:00:00+00:00
[2023-04-05 21:42:51,613] {processor.py:161} INFO - Processing /home/edinaldo/Documents/previsao_remuneracao/previsao_remuneracao/venv/lib/python3.10/site-packages/airflow/example_dags/example_branch_operator_decorator.py took 0.358 seconds
