[2023-04-05 21:00:03,317] {processor.py:153} INFO - Started process (PID=52070) to work on /home/edinaldo/Documents/previsao_remuneracao/previsao_remuneracao/venv/lib/python3.10/site-packages/airflow/example_dags/example_skip_dag.py
[2023-04-05 21:00:03,318] {processor.py:641} INFO - Processing file /home/edinaldo/Documents/previsao_remuneracao/previsao_remuneracao/venv/lib/python3.10/site-packages/airflow/example_dags/example_skip_dag.py for tasks to queue
[2023-04-05 21:00:03,318] {logging_mixin.py:115} INFO - [2023-04-05 21:00:03,318] {dagbag.py:507} INFO - Filling up the DagBag from /home/edinaldo/Documents/previsao_remuneracao/previsao_remuneracao/venv/lib/python3.10/site-packages/airflow/example_dags/example_skip_dag.py
[2023-04-05 21:00:03,325] {processor.py:651} INFO - DAG(s) dict_keys(['example_skip_dag']) retrieved from /home/edinaldo/Documents/previsao_remuneracao/previsao_remuneracao/venv/lib/python3.10/site-packages/airflow/example_dags/example_skip_dag.py
[2023-04-05 21:00:03,343] {logging_mixin.py:115} INFO - [2023-04-05 21:00:03,343] {dag.py:2379} INFO - Sync 1 DAGs
[2023-04-05 21:00:03,363] {logging_mixin.py:115} INFO - [2023-04-05 21:00:03,363] {dag.py:2927} INFO - Setting next_dagrun for example_skip_dag to 2023-04-05T00:00:03.362817+00:00, run_after=2023-04-06T00:00:03.362817+00:00
[2023-04-05 21:00:03,485] {processor.py:161} INFO - Processing /home/edinaldo/Documents/previsao_remuneracao/previsao_remuneracao/venv/lib/python3.10/site-packages/airflow/example_dags/example_skip_dag.py took 0.171 seconds
[2023-04-05 21:00:42,279] {processor.py:153} INFO - Started process (PID=52174) to work on /home/edinaldo/Documents/previsao_remuneracao/previsao_remuneracao/venv/lib/python3.10/site-packages/airflow/example_dags/example_skip_dag.py
[2023-04-05 21:00:42,280] {processor.py:641} INFO - Processing file /home/edinaldo/Documents/previsao_remuneracao/previsao_remuneracao/venv/lib/python3.10/site-packages/airflow/example_dags/example_skip_dag.py for tasks to queue
[2023-04-05 21:00:42,281] {logging_mixin.py:115} INFO - [2023-04-05 21:00:42,281] {dagbag.py:507} INFO - Filling up the DagBag from /home/edinaldo/Documents/previsao_remuneracao/previsao_remuneracao/venv/lib/python3.10/site-packages/airflow/example_dags/example_skip_dag.py
[2023-04-05 21:00:42,296] {processor.py:651} INFO - DAG(s) dict_keys(['example_skip_dag']) retrieved from /home/edinaldo/Documents/previsao_remuneracao/previsao_remuneracao/venv/lib/python3.10/site-packages/airflow/example_dags/example_skip_dag.py
[2023-04-05 21:00:42,361] {logging_mixin.py:115} INFO - [2023-04-05 21:00:42,361] {dag.py:2379} INFO - Sync 1 DAGs
[2023-04-05 21:00:42,413] {logging_mixin.py:115} INFO - [2023-04-05 21:00:42,412] {dag.py:2927} INFO - Setting next_dagrun for example_skip_dag to 2023-04-05T00:00:42.412055+00:00, run_after=2023-04-06T00:00:42.412055+00:00
[2023-04-05 21:00:42,559] {processor.py:161} INFO - Processing /home/edinaldo/Documents/previsao_remuneracao/previsao_remuneracao/venv/lib/python3.10/site-packages/airflow/example_dags/example_skip_dag.py took 0.290 seconds
[2023-04-05 21:01:19,832] {processor.py:153} INFO - Started process (PID=52207) to work on /home/edinaldo/Documents/previsao_remuneracao/previsao_remuneracao/venv/lib/python3.10/site-packages/airflow/example_dags/example_skip_dag.py
[2023-04-05 21:01:19,834] {processor.py:641} INFO - Processing file /home/edinaldo/Documents/previsao_remuneracao/previsao_remuneracao/venv/lib/python3.10/site-packages/airflow/example_dags/example_skip_dag.py for tasks to queue
[2023-04-05 21:01:19,836] {logging_mixin.py:115} INFO - [2023-04-05 21:01:19,835] {dagbag.py:507} INFO - Filling up the DagBag from /home/edinaldo/Documents/previsao_remuneracao/previsao_remuneracao/venv/lib/python3.10/site-packages/airflow/example_dags/example_skip_dag.py
[2023-04-05 21:01:19,848] {processor.py:651} INFO - DAG(s) dict_keys(['example_skip_dag']) retrieved from /home/edinaldo/Documents/previsao_remuneracao/previsao_remuneracao/venv/lib/python3.10/site-packages/airflow/example_dags/example_skip_dag.py
[2023-04-05 21:01:19,868] {logging_mixin.py:115} INFO - [2023-04-05 21:01:19,868] {dag.py:2379} INFO - Sync 1 DAGs
[2023-04-05 21:01:19,887] {logging_mixin.py:115} INFO - [2023-04-05 21:01:19,887] {dag.py:2927} INFO - Setting next_dagrun for example_skip_dag to 2023-04-05T00:01:19.886900+00:00, run_after=2023-04-06T00:01:19.886900+00:00
[2023-04-05 21:01:20,001] {processor.py:161} INFO - Processing /home/edinaldo/Documents/previsao_remuneracao/previsao_remuneracao/venv/lib/python3.10/site-packages/airflow/example_dags/example_skip_dag.py took 0.179 seconds
[2023-04-05 21:01:56,264] {processor.py:153} INFO - Started process (PID=52310) to work on /home/edinaldo/Documents/previsao_remuneracao/previsao_remuneracao/venv/lib/python3.10/site-packages/airflow/example_dags/example_skip_dag.py
[2023-04-05 21:01:56,273] {processor.py:641} INFO - Processing file /home/edinaldo/Documents/previsao_remuneracao/previsao_remuneracao/venv/lib/python3.10/site-packages/airflow/example_dags/example_skip_dag.py for tasks to queue
[2023-04-05 21:01:56,274] {logging_mixin.py:115} INFO - [2023-04-05 21:01:56,274] {dagbag.py:507} INFO - Filling up the DagBag from /home/edinaldo/Documents/previsao_remuneracao/previsao_remuneracao/venv/lib/python3.10/site-packages/airflow/example_dags/example_skip_dag.py
[2023-04-05 21:01:56,304] {processor.py:651} INFO - DAG(s) dict_keys(['example_skip_dag']) retrieved from /home/edinaldo/Documents/previsao_remuneracao/previsao_remuneracao/venv/lib/python3.10/site-packages/airflow/example_dags/example_skip_dag.py
[2023-04-05 21:01:56,330] {logging_mixin.py:115} INFO - [2023-04-05 21:01:56,330] {dag.py:2379} INFO - Sync 1 DAGs
[2023-04-05 21:01:56,350] {logging_mixin.py:115} INFO - [2023-04-05 21:01:56,350] {dag.py:2927} INFO - Setting next_dagrun for example_skip_dag to 2023-04-05T00:01:56.349934+00:00, run_after=2023-04-06T00:01:56.349934+00:00
[2023-04-05 21:01:56,474] {processor.py:161} INFO - Processing /home/edinaldo/Documents/previsao_remuneracao/previsao_remuneracao/venv/lib/python3.10/site-packages/airflow/example_dags/example_skip_dag.py took 0.220 seconds
[2023-04-05 21:02:34,006] {processor.py:153} INFO - Started process (PID=52379) to work on /home/edinaldo/Documents/previsao_remuneracao/previsao_remuneracao/venv/lib/python3.10/site-packages/airflow/example_dags/example_skip_dag.py
[2023-04-05 21:02:34,011] {processor.py:641} INFO - Processing file /home/edinaldo/Documents/previsao_remuneracao/previsao_remuneracao/venv/lib/python3.10/site-packages/airflow/example_dags/example_skip_dag.py for tasks to queue
[2023-04-05 21:02:34,012] {logging_mixin.py:115} INFO - [2023-04-05 21:02:34,012] {dagbag.py:507} INFO - Filling up the DagBag from /home/edinaldo/Documents/previsao_remuneracao/previsao_remuneracao/venv/lib/python3.10/site-packages/airflow/example_dags/example_skip_dag.py
[2023-04-05 21:02:34,022] {processor.py:651} INFO - DAG(s) dict_keys(['example_skip_dag']) retrieved from /home/edinaldo/Documents/previsao_remuneracao/previsao_remuneracao/venv/lib/python3.10/site-packages/airflow/example_dags/example_skip_dag.py
[2023-04-05 21:02:34,042] {logging_mixin.py:115} INFO - [2023-04-05 21:02:34,042] {dag.py:2379} INFO - Sync 1 DAGs
[2023-04-05 21:02:34,063] {logging_mixin.py:115} INFO - [2023-04-05 21:02:34,063] {dag.py:2927} INFO - Setting next_dagrun for example_skip_dag to 2023-04-05T00:02:34.062985+00:00, run_after=2023-04-06T00:02:34.062985+00:00
[2023-04-05 21:02:34,290] {processor.py:161} INFO - Processing /home/edinaldo/Documents/previsao_remuneracao/previsao_remuneracao/venv/lib/python3.10/site-packages/airflow/example_dags/example_skip_dag.py took 0.293 seconds
[2023-04-05 21:03:12,879] {processor.py:153} INFO - Started process (PID=52451) to work on /home/edinaldo/Documents/previsao_remuneracao/previsao_remuneracao/venv/lib/python3.10/site-packages/airflow/example_dags/example_skip_dag.py
[2023-04-05 21:03:12,889] {processor.py:641} INFO - Processing file /home/edinaldo/Documents/previsao_remuneracao/previsao_remuneracao/venv/lib/python3.10/site-packages/airflow/example_dags/example_skip_dag.py for tasks to queue
[2023-04-05 21:03:12,890] {logging_mixin.py:115} INFO - [2023-04-05 21:03:12,890] {dagbag.py:507} INFO - Filling up the DagBag from /home/edinaldo/Documents/previsao_remuneracao/previsao_remuneracao/venv/lib/python3.10/site-packages/airflow/example_dags/example_skip_dag.py
[2023-04-05 21:03:12,933] {processor.py:651} INFO - DAG(s) dict_keys(['example_skip_dag']) retrieved from /home/edinaldo/Documents/previsao_remuneracao/previsao_remuneracao/venv/lib/python3.10/site-packages/airflow/example_dags/example_skip_dag.py
[2023-04-05 21:03:12,958] {logging_mixin.py:115} INFO - [2023-04-05 21:03:12,958] {dag.py:2379} INFO - Sync 1 DAGs
[2023-04-05 21:03:12,978] {logging_mixin.py:115} INFO - [2023-04-05 21:03:12,978] {dag.py:2927} INFO - Setting next_dagrun for example_skip_dag to 2023-04-05T00:03:12.977872+00:00, run_after=2023-04-06T00:03:12.977872+00:00
[2023-04-05 21:03:13,091] {processor.py:161} INFO - Processing /home/edinaldo/Documents/previsao_remuneracao/previsao_remuneracao/venv/lib/python3.10/site-packages/airflow/example_dags/example_skip_dag.py took 0.215 seconds
[2023-04-05 21:03:49,001] {processor.py:153} INFO - Started process (PID=52493) to work on /home/edinaldo/Documents/previsao_remuneracao/previsao_remuneracao/venv/lib/python3.10/site-packages/airflow/example_dags/example_skip_dag.py
[2023-04-05 21:03:49,028] {processor.py:641} INFO - Processing file /home/edinaldo/Documents/previsao_remuneracao/previsao_remuneracao/venv/lib/python3.10/site-packages/airflow/example_dags/example_skip_dag.py for tasks to queue
[2023-04-05 21:03:49,029] {logging_mixin.py:115} INFO - [2023-04-05 21:03:49,028] {dagbag.py:507} INFO - Filling up the DagBag from /home/edinaldo/Documents/previsao_remuneracao/previsao_remuneracao/venv/lib/python3.10/site-packages/airflow/example_dags/example_skip_dag.py
[2023-04-05 21:03:49,037] {processor.py:651} INFO - DAG(s) dict_keys(['example_skip_dag']) retrieved from /home/edinaldo/Documents/previsao_remuneracao/previsao_remuneracao/venv/lib/python3.10/site-packages/airflow/example_dags/example_skip_dag.py
[2023-04-05 21:03:49,062] {logging_mixin.py:115} INFO - [2023-04-05 21:03:49,062] {dag.py:2379} INFO - Sync 1 DAGs
[2023-04-05 21:03:49,085] {logging_mixin.py:115} INFO - [2023-04-05 21:03:49,085] {dag.py:2927} INFO - Setting next_dagrun for example_skip_dag to 2023-04-05T00:03:49.085047+00:00, run_after=2023-04-06T00:03:49.085047+00:00
[2023-04-05 21:03:49,212] {processor.py:161} INFO - Processing /home/edinaldo/Documents/previsao_remuneracao/previsao_remuneracao/venv/lib/python3.10/site-packages/airflow/example_dags/example_skip_dag.py took 0.214 seconds
[2023-04-05 21:04:33,156] {processor.py:153} INFO - Started process (PID=52558) to work on /home/edinaldo/Documents/previsao_remuneracao/previsao_remuneracao/venv/lib/python3.10/site-packages/airflow/example_dags/example_skip_dag.py
[2023-04-05 21:04:33,174] {processor.py:641} INFO - Processing file /home/edinaldo/Documents/previsao_remuneracao/previsao_remuneracao/venv/lib/python3.10/site-packages/airflow/example_dags/example_skip_dag.py for tasks to queue
[2023-04-05 21:04:33,176] {logging_mixin.py:115} INFO - [2023-04-05 21:04:33,176] {dagbag.py:507} INFO - Filling up the DagBag from /home/edinaldo/Documents/previsao_remuneracao/previsao_remuneracao/venv/lib/python3.10/site-packages/airflow/example_dags/example_skip_dag.py
[2023-04-05 21:04:33,197] {processor.py:651} INFO - DAG(s) dict_keys(['example_skip_dag']) retrieved from /home/edinaldo/Documents/previsao_remuneracao/previsao_remuneracao/venv/lib/python3.10/site-packages/airflow/example_dags/example_skip_dag.py
[2023-04-05 21:04:33,225] {logging_mixin.py:115} INFO - [2023-04-05 21:04:33,225] {dag.py:2379} INFO - Sync 1 DAGs
[2023-04-05 21:04:33,246] {logging_mixin.py:115} INFO - [2023-04-05 21:04:33,246] {dag.py:2927} INFO - Setting next_dagrun for example_skip_dag to 2023-04-05T00:04:33.245969+00:00, run_after=2023-04-06T00:04:33.245969+00:00
[2023-04-05 21:04:33,348] {processor.py:161} INFO - Processing /home/edinaldo/Documents/previsao_remuneracao/previsao_remuneracao/venv/lib/python3.10/site-packages/airflow/example_dags/example_skip_dag.py took 0.199 seconds
[2023-04-05 21:05:11,857] {processor.py:153} INFO - Started process (PID=52611) to work on /home/edinaldo/Documents/previsao_remuneracao/previsao_remuneracao/venv/lib/python3.10/site-packages/airflow/example_dags/example_skip_dag.py
[2023-04-05 21:05:11,866] {processor.py:641} INFO - Processing file /home/edinaldo/Documents/previsao_remuneracao/previsao_remuneracao/venv/lib/python3.10/site-packages/airflow/example_dags/example_skip_dag.py for tasks to queue
[2023-04-05 21:05:11,867] {logging_mixin.py:115} INFO - [2023-04-05 21:05:11,867] {dagbag.py:507} INFO - Filling up the DagBag from /home/edinaldo/Documents/previsao_remuneracao/previsao_remuneracao/venv/lib/python3.10/site-packages/airflow/example_dags/example_skip_dag.py
[2023-04-05 21:05:11,873] {processor.py:651} INFO - DAG(s) dict_keys(['example_skip_dag']) retrieved from /home/edinaldo/Documents/previsao_remuneracao/previsao_remuneracao/venv/lib/python3.10/site-packages/airflow/example_dags/example_skip_dag.py
[2023-04-05 21:05:11,892] {logging_mixin.py:115} INFO - [2023-04-05 21:05:11,892] {dag.py:2379} INFO - Sync 1 DAGs
[2023-04-05 21:05:11,911] {logging_mixin.py:115} INFO - [2023-04-05 21:05:11,911] {dag.py:2927} INFO - Setting next_dagrun for example_skip_dag to 2023-04-05T00:05:11.911112+00:00, run_after=2023-04-06T00:05:11.911112+00:00
[2023-04-05 21:05:12,037] {processor.py:161} INFO - Processing /home/edinaldo/Documents/previsao_remuneracao/previsao_remuneracao/venv/lib/python3.10/site-packages/airflow/example_dags/example_skip_dag.py took 0.183 seconds
[2023-04-05 21:05:52,872] {processor.py:153} INFO - Started process (PID=52683) to work on /home/edinaldo/Documents/previsao_remuneracao/previsao_remuneracao/venv/lib/python3.10/site-packages/airflow/example_dags/example_skip_dag.py
[2023-04-05 21:05:52,880] {processor.py:641} INFO - Processing file /home/edinaldo/Documents/previsao_remuneracao/previsao_remuneracao/venv/lib/python3.10/site-packages/airflow/example_dags/example_skip_dag.py for tasks to queue
[2023-04-05 21:05:52,881] {logging_mixin.py:115} INFO - [2023-04-05 21:05:52,881] {dagbag.py:507} INFO - Filling up the DagBag from /home/edinaldo/Documents/previsao_remuneracao/previsao_remuneracao/venv/lib/python3.10/site-packages/airflow/example_dags/example_skip_dag.py
[2023-04-05 21:05:52,888] {processor.py:651} INFO - DAG(s) dict_keys(['example_skip_dag']) retrieved from /home/edinaldo/Documents/previsao_remuneracao/previsao_remuneracao/venv/lib/python3.10/site-packages/airflow/example_dags/example_skip_dag.py
[2023-04-05 21:05:52,915] {logging_mixin.py:115} INFO - [2023-04-05 21:05:52,915] {dag.py:2379} INFO - Sync 1 DAGs
[2023-04-05 21:05:52,947] {logging_mixin.py:115} INFO - [2023-04-05 21:05:52,947] {dag.py:2927} INFO - Setting next_dagrun for example_skip_dag to 2023-04-05T00:05:52.946551+00:00, run_after=2023-04-06T00:05:52.946551+00:00
[2023-04-05 21:05:53,060] {processor.py:161} INFO - Processing /home/edinaldo/Documents/previsao_remuneracao/previsao_remuneracao/venv/lib/python3.10/site-packages/airflow/example_dags/example_skip_dag.py took 0.191 seconds
[2023-04-05 21:06:31,476] {processor.py:153} INFO - Started process (PID=52717) to work on /home/edinaldo/Documents/previsao_remuneracao/previsao_remuneracao/venv/lib/python3.10/site-packages/airflow/example_dags/example_skip_dag.py
[2023-04-05 21:06:31,492] {processor.py:641} INFO - Processing file /home/edinaldo/Documents/previsao_remuneracao/previsao_remuneracao/venv/lib/python3.10/site-packages/airflow/example_dags/example_skip_dag.py for tasks to queue
[2023-04-05 21:06:31,493] {logging_mixin.py:115} INFO - [2023-04-05 21:06:31,493] {dagbag.py:507} INFO - Filling up the DagBag from /home/edinaldo/Documents/previsao_remuneracao/previsao_remuneracao/venv/lib/python3.10/site-packages/airflow/example_dags/example_skip_dag.py
[2023-04-05 21:06:31,499] {processor.py:651} INFO - DAG(s) dict_keys(['example_skip_dag']) retrieved from /home/edinaldo/Documents/previsao_remuneracao/previsao_remuneracao/venv/lib/python3.10/site-packages/airflow/example_dags/example_skip_dag.py
[2023-04-05 21:06:31,517] {logging_mixin.py:115} INFO - [2023-04-05 21:06:31,517] {dag.py:2379} INFO - Sync 1 DAGs
[2023-04-05 21:06:31,536] {logging_mixin.py:115} INFO - [2023-04-05 21:06:31,536] {dag.py:2927} INFO - Setting next_dagrun for example_skip_dag to 2023-04-05T00:06:31.536366+00:00, run_after=2023-04-06T00:06:31.536366+00:00
[2023-04-05 21:06:31,720] {processor.py:161} INFO - Processing /home/edinaldo/Documents/previsao_remuneracao/previsao_remuneracao/venv/lib/python3.10/site-packages/airflow/example_dags/example_skip_dag.py took 0.247 seconds
[2023-04-05 21:07:10,724] {processor.py:153} INFO - Started process (PID=52781) to work on /home/edinaldo/Documents/previsao_remuneracao/previsao_remuneracao/venv/lib/python3.10/site-packages/airflow/example_dags/example_skip_dag.py
[2023-04-05 21:07:10,740] {processor.py:641} INFO - Processing file /home/edinaldo/Documents/previsao_remuneracao/previsao_remuneracao/venv/lib/python3.10/site-packages/airflow/example_dags/example_skip_dag.py for tasks to queue
[2023-04-05 21:07:10,741] {logging_mixin.py:115} INFO - [2023-04-05 21:07:10,741] {dagbag.py:507} INFO - Filling up the DagBag from /home/edinaldo/Documents/previsao_remuneracao/previsao_remuneracao/venv/lib/python3.10/site-packages/airflow/example_dags/example_skip_dag.py
[2023-04-05 21:07:10,748] {processor.py:651} INFO - DAG(s) dict_keys(['example_skip_dag']) retrieved from /home/edinaldo/Documents/previsao_remuneracao/previsao_remuneracao/venv/lib/python3.10/site-packages/airflow/example_dags/example_skip_dag.py
[2023-04-05 21:07:10,769] {logging_mixin.py:115} INFO - [2023-04-05 21:07:10,769] {dag.py:2379} INFO - Sync 1 DAGs
[2023-04-05 21:07:10,790] {logging_mixin.py:115} INFO - [2023-04-05 21:07:10,790] {dag.py:2927} INFO - Setting next_dagrun for example_skip_dag to 2023-04-05T00:07:10.790027+00:00, run_after=2023-04-06T00:07:10.790027+00:00
[2023-04-05 21:07:10,874] {processor.py:161} INFO - Processing /home/edinaldo/Documents/previsao_remuneracao/previsao_remuneracao/venv/lib/python3.10/site-packages/airflow/example_dags/example_skip_dag.py took 0.157 seconds
[2023-04-05 21:07:42,316] {processor.py:153} INFO - Started process (PID=52813) to work on /home/edinaldo/Documents/previsao_remuneracao/previsao_remuneracao/venv/lib/python3.10/site-packages/airflow/example_dags/example_skip_dag.py
[2023-04-05 21:07:42,318] {processor.py:641} INFO - Processing file /home/edinaldo/Documents/previsao_remuneracao/previsao_remuneracao/venv/lib/python3.10/site-packages/airflow/example_dags/example_skip_dag.py for tasks to queue
[2023-04-05 21:07:42,320] {logging_mixin.py:115} INFO - [2023-04-05 21:07:42,319] {dagbag.py:507} INFO - Filling up the DagBag from /home/edinaldo/Documents/previsao_remuneracao/previsao_remuneracao/venv/lib/python3.10/site-packages/airflow/example_dags/example_skip_dag.py
[2023-04-05 21:07:42,332] {processor.py:651} INFO - DAG(s) dict_keys(['example_skip_dag']) retrieved from /home/edinaldo/Documents/previsao_remuneracao/previsao_remuneracao/venv/lib/python3.10/site-packages/airflow/example_dags/example_skip_dag.py
[2023-04-05 21:07:42,352] {logging_mixin.py:115} INFO - [2023-04-05 21:07:42,352] {dag.py:2379} INFO - Sync 1 DAGs
[2023-04-05 21:07:42,371] {logging_mixin.py:115} INFO - [2023-04-05 21:07:42,371] {dag.py:2927} INFO - Setting next_dagrun for example_skip_dag to 2023-04-05T00:07:42.371254+00:00, run_after=2023-04-06T00:07:42.371254+00:00
[2023-04-05 21:07:42,476] {processor.py:161} INFO - Processing /home/edinaldo/Documents/previsao_remuneracao/previsao_remuneracao/venv/lib/python3.10/site-packages/airflow/example_dags/example_skip_dag.py took 0.169 seconds
[2023-04-05 21:08:20,972] {processor.py:153} INFO - Started process (PID=52847) to work on /home/edinaldo/Documents/previsao_remuneracao/previsao_remuneracao/venv/lib/python3.10/site-packages/airflow/example_dags/example_skip_dag.py
[2023-04-05 21:08:20,980] {processor.py:641} INFO - Processing file /home/edinaldo/Documents/previsao_remuneracao/previsao_remuneracao/venv/lib/python3.10/site-packages/airflow/example_dags/example_skip_dag.py for tasks to queue
[2023-04-05 21:08:20,981] {logging_mixin.py:115} INFO - [2023-04-05 21:08:20,981] {dagbag.py:507} INFO - Filling up the DagBag from /home/edinaldo/Documents/previsao_remuneracao/previsao_remuneracao/venv/lib/python3.10/site-packages/airflow/example_dags/example_skip_dag.py
[2023-04-05 21:08:20,996] {processor.py:651} INFO - DAG(s) dict_keys(['example_skip_dag']) retrieved from /home/edinaldo/Documents/previsao_remuneracao/previsao_remuneracao/venv/lib/python3.10/site-packages/airflow/example_dags/example_skip_dag.py
[2023-04-05 21:08:21,017] {logging_mixin.py:115} INFO - [2023-04-05 21:08:21,017] {dag.py:2379} INFO - Sync 1 DAGs
[2023-04-05 21:08:21,036] {logging_mixin.py:115} INFO - [2023-04-05 21:08:21,036] {dag.py:2927} INFO - Setting next_dagrun for example_skip_dag to 2023-04-05T00:08:21.035974+00:00, run_after=2023-04-06T00:08:21.035974+00:00
[2023-04-05 21:08:21,133] {processor.py:161} INFO - Processing /home/edinaldo/Documents/previsao_remuneracao/previsao_remuneracao/venv/lib/python3.10/site-packages/airflow/example_dags/example_skip_dag.py took 0.171 seconds
[2023-04-05 21:08:59,690] {processor.py:153} INFO - Started process (PID=52883) to work on /home/edinaldo/Documents/previsao_remuneracao/previsao_remuneracao/venv/lib/python3.10/site-packages/airflow/example_dags/example_skip_dag.py
[2023-04-05 21:08:59,691] {processor.py:641} INFO - Processing file /home/edinaldo/Documents/previsao_remuneracao/previsao_remuneracao/venv/lib/python3.10/site-packages/airflow/example_dags/example_skip_dag.py for tasks to queue
[2023-04-05 21:08:59,692] {logging_mixin.py:115} INFO - [2023-04-05 21:08:59,692] {dagbag.py:507} INFO - Filling up the DagBag from /home/edinaldo/Documents/previsao_remuneracao/previsao_remuneracao/venv/lib/python3.10/site-packages/airflow/example_dags/example_skip_dag.py
[2023-04-05 21:08:59,698] {processor.py:651} INFO - DAG(s) dict_keys(['example_skip_dag']) retrieved from /home/edinaldo/Documents/previsao_remuneracao/previsao_remuneracao/venv/lib/python3.10/site-packages/airflow/example_dags/example_skip_dag.py
[2023-04-05 21:08:59,716] {logging_mixin.py:115} INFO - [2023-04-05 21:08:59,716] {dag.py:2379} INFO - Sync 1 DAGs
[2023-04-05 21:08:59,735] {logging_mixin.py:115} INFO - [2023-04-05 21:08:59,735] {dag.py:2927} INFO - Setting next_dagrun for example_skip_dag to 2023-04-05T00:08:59.735457+00:00, run_after=2023-04-06T00:08:59.735457+00:00
[2023-04-05 21:08:59,835] {processor.py:161} INFO - Processing /home/edinaldo/Documents/previsao_remuneracao/previsao_remuneracao/venv/lib/python3.10/site-packages/airflow/example_dags/example_skip_dag.py took 0.148 seconds
[2023-04-05 21:09:36,574] {processor.py:153} INFO - Started process (PID=52918) to work on /home/edinaldo/Documents/previsao_remuneracao/previsao_remuneracao/venv/lib/python3.10/site-packages/airflow/example_dags/example_skip_dag.py
[2023-04-05 21:09:36,575] {processor.py:641} INFO - Processing file /home/edinaldo/Documents/previsao_remuneracao/previsao_remuneracao/venv/lib/python3.10/site-packages/airflow/example_dags/example_skip_dag.py for tasks to queue
[2023-04-05 21:09:36,576] {logging_mixin.py:115} INFO - [2023-04-05 21:09:36,576] {dagbag.py:507} INFO - Filling up the DagBag from /home/edinaldo/Documents/previsao_remuneracao/previsao_remuneracao/venv/lib/python3.10/site-packages/airflow/example_dags/example_skip_dag.py
[2023-04-05 21:09:36,584] {processor.py:651} INFO - DAG(s) dict_keys(['example_skip_dag']) retrieved from /home/edinaldo/Documents/previsao_remuneracao/previsao_remuneracao/venv/lib/python3.10/site-packages/airflow/example_dags/example_skip_dag.py
[2023-04-05 21:09:36,606] {logging_mixin.py:115} INFO - [2023-04-05 21:09:36,606] {dag.py:2379} INFO - Sync 1 DAGs
[2023-04-05 21:09:36,626] {logging_mixin.py:115} INFO - [2023-04-05 21:09:36,625] {dag.py:2927} INFO - Setting next_dagrun for example_skip_dag to 2023-04-05T00:09:36.625541+00:00, run_after=2023-04-06T00:09:36.625541+00:00
[2023-04-05 21:09:36,741] {processor.py:161} INFO - Processing /home/edinaldo/Documents/previsao_remuneracao/previsao_remuneracao/venv/lib/python3.10/site-packages/airflow/example_dags/example_skip_dag.py took 0.170 seconds
[2023-04-05 21:10:10,678] {processor.py:153} INFO - Started process (PID=52950) to work on /home/edinaldo/Documents/previsao_remuneracao/previsao_remuneracao/venv/lib/python3.10/site-packages/airflow/example_dags/example_skip_dag.py
[2023-04-05 21:10:10,680] {processor.py:641} INFO - Processing file /home/edinaldo/Documents/previsao_remuneracao/previsao_remuneracao/venv/lib/python3.10/site-packages/airflow/example_dags/example_skip_dag.py for tasks to queue
[2023-04-05 21:10:10,681] {logging_mixin.py:115} INFO - [2023-04-05 21:10:10,681] {dagbag.py:507} INFO - Filling up the DagBag from /home/edinaldo/Documents/previsao_remuneracao/previsao_remuneracao/venv/lib/python3.10/site-packages/airflow/example_dags/example_skip_dag.py
[2023-04-05 21:10:10,692] {processor.py:651} INFO - DAG(s) dict_keys(['example_skip_dag']) retrieved from /home/edinaldo/Documents/previsao_remuneracao/previsao_remuneracao/venv/lib/python3.10/site-packages/airflow/example_dags/example_skip_dag.py
[2023-04-05 21:10:10,712] {logging_mixin.py:115} INFO - [2023-04-05 21:10:10,712] {dag.py:2379} INFO - Sync 1 DAGs
[2023-04-05 21:10:10,731] {logging_mixin.py:115} INFO - [2023-04-05 21:10:10,731] {dag.py:2927} INFO - Setting next_dagrun for example_skip_dag to 2023-04-05T00:10:10.731209+00:00, run_after=2023-04-06T00:10:10.731209+00:00
[2023-04-05 21:10:10,839] {processor.py:161} INFO - Processing /home/edinaldo/Documents/previsao_remuneracao/previsao_remuneracao/venv/lib/python3.10/site-packages/airflow/example_dags/example_skip_dag.py took 0.171 seconds
[2023-04-05 21:10:52,958] {processor.py:153} INFO - Started process (PID=53109) to work on /home/edinaldo/Documents/previsao_remuneracao/previsao_remuneracao/venv/lib/python3.10/site-packages/airflow/example_dags/example_skip_dag.py
[2023-04-05 21:10:52,979] {processor.py:641} INFO - Processing file /home/edinaldo/Documents/previsao_remuneracao/previsao_remuneracao/venv/lib/python3.10/site-packages/airflow/example_dags/example_skip_dag.py for tasks to queue
[2023-04-05 21:10:52,980] {logging_mixin.py:115} INFO - [2023-04-05 21:10:52,980] {dagbag.py:507} INFO - Filling up the DagBag from /home/edinaldo/Documents/previsao_remuneracao/previsao_remuneracao/venv/lib/python3.10/site-packages/airflow/example_dags/example_skip_dag.py
[2023-04-05 21:10:53,008] {processor.py:651} INFO - DAG(s) dict_keys(['example_skip_dag']) retrieved from /home/edinaldo/Documents/previsao_remuneracao/previsao_remuneracao/venv/lib/python3.10/site-packages/airflow/example_dags/example_skip_dag.py
[2023-04-05 21:10:53,037] {logging_mixin.py:115} INFO - [2023-04-05 21:10:53,037] {dag.py:2379} INFO - Sync 1 DAGs
[2023-04-05 21:10:53,057] {logging_mixin.py:115} INFO - [2023-04-05 21:10:53,056] {dag.py:2927} INFO - Setting next_dagrun for example_skip_dag to 2023-04-05T00:10:53.056653+00:00, run_after=2023-04-06T00:10:53.056653+00:00
[2023-04-05 21:10:53,176] {processor.py:161} INFO - Processing /home/edinaldo/Documents/previsao_remuneracao/previsao_remuneracao/venv/lib/python3.10/site-packages/airflow/example_dags/example_skip_dag.py took 0.222 seconds
[2023-04-05 21:11:28,514] {processor.py:153} INFO - Started process (PID=53144) to work on /home/edinaldo/Documents/previsao_remuneracao/previsao_remuneracao/venv/lib/python3.10/site-packages/airflow/example_dags/example_skip_dag.py
[2023-04-05 21:11:28,524] {processor.py:641} INFO - Processing file /home/edinaldo/Documents/previsao_remuneracao/previsao_remuneracao/venv/lib/python3.10/site-packages/airflow/example_dags/example_skip_dag.py for tasks to queue
[2023-04-05 21:11:28,525] {logging_mixin.py:115} INFO - [2023-04-05 21:11:28,525] {dagbag.py:507} INFO - Filling up the DagBag from /home/edinaldo/Documents/previsao_remuneracao/previsao_remuneracao/venv/lib/python3.10/site-packages/airflow/example_dags/example_skip_dag.py
[2023-04-05 21:11:28,533] {processor.py:651} INFO - DAG(s) dict_keys(['example_skip_dag']) retrieved from /home/edinaldo/Documents/previsao_remuneracao/previsao_remuneracao/venv/lib/python3.10/site-packages/airflow/example_dags/example_skip_dag.py
[2023-04-05 21:11:28,556] {logging_mixin.py:115} INFO - [2023-04-05 21:11:28,556] {dag.py:2379} INFO - Sync 1 DAGs
[2023-04-05 21:11:28,575] {logging_mixin.py:115} INFO - [2023-04-05 21:11:28,574] {dag.py:2927} INFO - Setting next_dagrun for example_skip_dag to 2023-04-05T00:11:28.574634+00:00, run_after=2023-04-06T00:11:28.574634+00:00
[2023-04-05 21:11:28,689] {processor.py:161} INFO - Processing /home/edinaldo/Documents/previsao_remuneracao/previsao_remuneracao/venv/lib/python3.10/site-packages/airflow/example_dags/example_skip_dag.py took 0.179 seconds
[2023-04-05 21:12:05,278] {processor.py:153} INFO - Started process (PID=53214) to work on /home/edinaldo/Documents/previsao_remuneracao/previsao_remuneracao/venv/lib/python3.10/site-packages/airflow/example_dags/example_skip_dag.py
[2023-04-05 21:12:05,281] {processor.py:641} INFO - Processing file /home/edinaldo/Documents/previsao_remuneracao/previsao_remuneracao/venv/lib/python3.10/site-packages/airflow/example_dags/example_skip_dag.py for tasks to queue
[2023-04-05 21:12:05,282] {logging_mixin.py:115} INFO - [2023-04-05 21:12:05,282] {dagbag.py:507} INFO - Filling up the DagBag from /home/edinaldo/Documents/previsao_remuneracao/previsao_remuneracao/venv/lib/python3.10/site-packages/airflow/example_dags/example_skip_dag.py
[2023-04-05 21:12:05,288] {processor.py:651} INFO - DAG(s) dict_keys(['example_skip_dag']) retrieved from /home/edinaldo/Documents/previsao_remuneracao/previsao_remuneracao/venv/lib/python3.10/site-packages/airflow/example_dags/example_skip_dag.py
[2023-04-05 21:12:05,306] {logging_mixin.py:115} INFO - [2023-04-05 21:12:05,306] {dag.py:2379} INFO - Sync 1 DAGs
[2023-04-05 21:12:05,325] {logging_mixin.py:115} INFO - [2023-04-05 21:12:05,325] {dag.py:2927} INFO - Setting next_dagrun for example_skip_dag to 2023-04-05T00:12:05.325137+00:00, run_after=2023-04-06T00:12:05.325137+00:00
[2023-04-05 21:12:05,421] {processor.py:161} INFO - Processing /home/edinaldo/Documents/previsao_remuneracao/previsao_remuneracao/venv/lib/python3.10/site-packages/airflow/example_dags/example_skip_dag.py took 0.146 seconds
[2023-04-05 21:12:51,527] {processor.py:153} INFO - Started process (PID=53394) to work on /home/edinaldo/Documents/previsao_remuneracao/previsao_remuneracao/venv/lib/python3.10/site-packages/airflow/example_dags/example_skip_dag.py
[2023-04-05 21:12:51,576] {processor.py:641} INFO - Processing file /home/edinaldo/Documents/previsao_remuneracao/previsao_remuneracao/venv/lib/python3.10/site-packages/airflow/example_dags/example_skip_dag.py for tasks to queue
[2023-04-05 21:12:51,578] {logging_mixin.py:115} INFO - [2023-04-05 21:12:51,578] {dagbag.py:507} INFO - Filling up the DagBag from /home/edinaldo/Documents/previsao_remuneracao/previsao_remuneracao/venv/lib/python3.10/site-packages/airflow/example_dags/example_skip_dag.py
[2023-04-05 21:12:51,605] {processor.py:651} INFO - DAG(s) dict_keys(['example_skip_dag']) retrieved from /home/edinaldo/Documents/previsao_remuneracao/previsao_remuneracao/venv/lib/python3.10/site-packages/airflow/example_dags/example_skip_dag.py
[2023-04-05 21:12:51,653] {logging_mixin.py:115} INFO - [2023-04-05 21:12:51,653] {dag.py:2379} INFO - Sync 1 DAGs
[2023-04-05 21:12:51,776] {logging_mixin.py:115} INFO - [2023-04-05 21:12:51,775] {dag.py:2927} INFO - Setting next_dagrun for example_skip_dag to 2023-04-05T00:12:51.774955+00:00, run_after=2023-04-06T00:12:51.774955+00:00
[2023-04-05 21:12:51,893] {processor.py:161} INFO - Processing /home/edinaldo/Documents/previsao_remuneracao/previsao_remuneracao/venv/lib/python3.10/site-packages/airflow/example_dags/example_skip_dag.py took 0.378 seconds
[2023-04-05 21:13:36,265] {processor.py:153} INFO - Started process (PID=53443) to work on /home/edinaldo/Documents/previsao_remuneracao/previsao_remuneracao/venv/lib/python3.10/site-packages/airflow/example_dags/example_skip_dag.py
[2023-04-05 21:13:36,275] {processor.py:641} INFO - Processing file /home/edinaldo/Documents/previsao_remuneracao/previsao_remuneracao/venv/lib/python3.10/site-packages/airflow/example_dags/example_skip_dag.py for tasks to queue
[2023-04-05 21:13:36,276] {logging_mixin.py:115} INFO - [2023-04-05 21:13:36,276] {dagbag.py:507} INFO - Filling up the DagBag from /home/edinaldo/Documents/previsao_remuneracao/previsao_remuneracao/venv/lib/python3.10/site-packages/airflow/example_dags/example_skip_dag.py
[2023-04-05 21:13:36,283] {processor.py:651} INFO - DAG(s) dict_keys(['example_skip_dag']) retrieved from /home/edinaldo/Documents/previsao_remuneracao/previsao_remuneracao/venv/lib/python3.10/site-packages/airflow/example_dags/example_skip_dag.py
[2023-04-05 21:13:36,302] {logging_mixin.py:115} INFO - [2023-04-05 21:13:36,302] {dag.py:2379} INFO - Sync 1 DAGs
[2023-04-05 21:13:36,321] {logging_mixin.py:115} INFO - [2023-04-05 21:13:36,321] {dag.py:2927} INFO - Setting next_dagrun for example_skip_dag to 2023-04-05T00:13:36.321267+00:00, run_after=2023-04-06T00:13:36.321267+00:00
[2023-04-05 21:13:36,422] {processor.py:161} INFO - Processing /home/edinaldo/Documents/previsao_remuneracao/previsao_remuneracao/venv/lib/python3.10/site-packages/airflow/example_dags/example_skip_dag.py took 0.161 seconds
[2023-04-05 21:14:15,126] {processor.py:153} INFO - Started process (PID=53478) to work on /home/edinaldo/Documents/previsao_remuneracao/previsao_remuneracao/venv/lib/python3.10/site-packages/airflow/example_dags/example_skip_dag.py
[2023-04-05 21:14:15,128] {processor.py:641} INFO - Processing file /home/edinaldo/Documents/previsao_remuneracao/previsao_remuneracao/venv/lib/python3.10/site-packages/airflow/example_dags/example_skip_dag.py for tasks to queue
[2023-04-05 21:14:15,130] {logging_mixin.py:115} INFO - [2023-04-05 21:14:15,129] {dagbag.py:507} INFO - Filling up the DagBag from /home/edinaldo/Documents/previsao_remuneracao/previsao_remuneracao/venv/lib/python3.10/site-packages/airflow/example_dags/example_skip_dag.py
[2023-04-05 21:14:15,142] {processor.py:651} INFO - DAG(s) dict_keys(['example_skip_dag']) retrieved from /home/edinaldo/Documents/previsao_remuneracao/previsao_remuneracao/venv/lib/python3.10/site-packages/airflow/example_dags/example_skip_dag.py
[2023-04-05 21:14:15,163] {logging_mixin.py:115} INFO - [2023-04-05 21:14:15,163] {dag.py:2379} INFO - Sync 1 DAGs
[2023-04-05 21:14:15,182] {logging_mixin.py:115} INFO - [2023-04-05 21:14:15,182] {dag.py:2927} INFO - Setting next_dagrun for example_skip_dag to 2023-04-05T00:14:15.181698+00:00, run_after=2023-04-06T00:14:15.181698+00:00
[2023-04-05 21:14:15,299] {processor.py:161} INFO - Processing /home/edinaldo/Documents/previsao_remuneracao/previsao_remuneracao/venv/lib/python3.10/site-packages/airflow/example_dags/example_skip_dag.py took 0.183 seconds
[2023-04-05 21:14:50,826] {processor.py:153} INFO - Started process (PID=53515) to work on /home/edinaldo/Documents/previsao_remuneracao/previsao_remuneracao/venv/lib/python3.10/site-packages/airflow/example_dags/example_skip_dag.py
[2023-04-05 21:14:50,838] {processor.py:641} INFO - Processing file /home/edinaldo/Documents/previsao_remuneracao/previsao_remuneracao/venv/lib/python3.10/site-packages/airflow/example_dags/example_skip_dag.py for tasks to queue
[2023-04-05 21:14:50,840] {logging_mixin.py:115} INFO - [2023-04-05 21:14:50,839] {dagbag.py:507} INFO - Filling up the DagBag from /home/edinaldo/Documents/previsao_remuneracao/previsao_remuneracao/venv/lib/python3.10/site-packages/airflow/example_dags/example_skip_dag.py
[2023-04-05 21:14:50,858] {processor.py:651} INFO - DAG(s) dict_keys(['example_skip_dag']) retrieved from /home/edinaldo/Documents/previsao_remuneracao/previsao_remuneracao/venv/lib/python3.10/site-packages/airflow/example_dags/example_skip_dag.py
[2023-04-05 21:14:50,879] {logging_mixin.py:115} INFO - [2023-04-05 21:14:50,879] {dag.py:2379} INFO - Sync 1 DAGs
[2023-04-05 21:14:50,898] {logging_mixin.py:115} INFO - [2023-04-05 21:14:50,898] {dag.py:2927} INFO - Setting next_dagrun for example_skip_dag to 2023-04-05T00:14:50.898396+00:00, run_after=2023-04-06T00:14:50.898396+00:00
[2023-04-05 21:14:51,002] {processor.py:161} INFO - Processing /home/edinaldo/Documents/previsao_remuneracao/previsao_remuneracao/venv/lib/python3.10/site-packages/airflow/example_dags/example_skip_dag.py took 0.187 seconds
[2023-04-05 21:15:28,386] {processor.py:153} INFO - Started process (PID=53550) to work on /home/edinaldo/Documents/previsao_remuneracao/previsao_remuneracao/venv/lib/python3.10/site-packages/airflow/example_dags/example_skip_dag.py
[2023-04-05 21:15:28,397] {processor.py:641} INFO - Processing file /home/edinaldo/Documents/previsao_remuneracao/previsao_remuneracao/venv/lib/python3.10/site-packages/airflow/example_dags/example_skip_dag.py for tasks to queue
[2023-04-05 21:15:28,397] {logging_mixin.py:115} INFO - [2023-04-05 21:15:28,397] {dagbag.py:507} INFO - Filling up the DagBag from /home/edinaldo/Documents/previsao_remuneracao/previsao_remuneracao/venv/lib/python3.10/site-packages/airflow/example_dags/example_skip_dag.py
[2023-04-05 21:15:28,408] {processor.py:651} INFO - DAG(s) dict_keys(['example_skip_dag']) retrieved from /home/edinaldo/Documents/previsao_remuneracao/previsao_remuneracao/venv/lib/python3.10/site-packages/airflow/example_dags/example_skip_dag.py
[2023-04-05 21:15:28,433] {logging_mixin.py:115} INFO - [2023-04-05 21:15:28,433] {dag.py:2379} INFO - Sync 1 DAGs
[2023-04-05 21:15:28,455] {logging_mixin.py:115} INFO - [2023-04-05 21:15:28,455] {dag.py:2927} INFO - Setting next_dagrun for example_skip_dag to 2023-04-05T00:15:28.455355+00:00, run_after=2023-04-06T00:15:28.455355+00:00
[2023-04-05 21:15:28,556] {processor.py:161} INFO - Processing /home/edinaldo/Documents/previsao_remuneracao/previsao_remuneracao/venv/lib/python3.10/site-packages/airflow/example_dags/example_skip_dag.py took 0.175 seconds
[2023-04-05 21:16:12,031] {processor.py:153} INFO - Started process (PID=53624) to work on /home/edinaldo/Documents/previsao_remuneracao/previsao_remuneracao/venv/lib/python3.10/site-packages/airflow/example_dags/example_skip_dag.py
[2023-04-05 21:16:12,045] {processor.py:641} INFO - Processing file /home/edinaldo/Documents/previsao_remuneracao/previsao_remuneracao/venv/lib/python3.10/site-packages/airflow/example_dags/example_skip_dag.py for tasks to queue
[2023-04-05 21:16:12,046] {logging_mixin.py:115} INFO - [2023-04-05 21:16:12,045] {dagbag.py:507} INFO - Filling up the DagBag from /home/edinaldo/Documents/previsao_remuneracao/previsao_remuneracao/venv/lib/python3.10/site-packages/airflow/example_dags/example_skip_dag.py
[2023-04-05 21:16:12,052] {processor.py:651} INFO - DAG(s) dict_keys(['example_skip_dag']) retrieved from /home/edinaldo/Documents/previsao_remuneracao/previsao_remuneracao/venv/lib/python3.10/site-packages/airflow/example_dags/example_skip_dag.py
[2023-04-05 21:16:12,070] {logging_mixin.py:115} INFO - [2023-04-05 21:16:12,070] {dag.py:2379} INFO - Sync 1 DAGs
[2023-04-05 21:16:12,089] {logging_mixin.py:115} INFO - [2023-04-05 21:16:12,089] {dag.py:2927} INFO - Setting next_dagrun for example_skip_dag to 2023-04-05T00:16:12.089057+00:00, run_after=2023-04-06T00:16:12.089057+00:00
[2023-04-05 21:16:12,197] {processor.py:161} INFO - Processing /home/edinaldo/Documents/previsao_remuneracao/previsao_remuneracao/venv/lib/python3.10/site-packages/airflow/example_dags/example_skip_dag.py took 0.170 seconds
[2023-04-05 21:16:46,155] {processor.py:153} INFO - Started process (PID=53676) to work on /home/edinaldo/Documents/previsao_remuneracao/previsao_remuneracao/venv/lib/python3.10/site-packages/airflow/example_dags/example_skip_dag.py
[2023-04-05 21:16:46,156] {processor.py:641} INFO - Processing file /home/edinaldo/Documents/previsao_remuneracao/previsao_remuneracao/venv/lib/python3.10/site-packages/airflow/example_dags/example_skip_dag.py for tasks to queue
[2023-04-05 21:16:46,156] {logging_mixin.py:115} INFO - [2023-04-05 21:16:46,156] {dagbag.py:507} INFO - Filling up the DagBag from /home/edinaldo/Documents/previsao_remuneracao/previsao_remuneracao/venv/lib/python3.10/site-packages/airflow/example_dags/example_skip_dag.py
[2023-04-05 21:16:46,163] {processor.py:651} INFO - DAG(s) dict_keys(['example_skip_dag']) retrieved from /home/edinaldo/Documents/previsao_remuneracao/previsao_remuneracao/venv/lib/python3.10/site-packages/airflow/example_dags/example_skip_dag.py
[2023-04-05 21:16:46,181] {logging_mixin.py:115} INFO - [2023-04-05 21:16:46,181] {dag.py:2379} INFO - Sync 1 DAGs
[2023-04-05 21:16:46,201] {logging_mixin.py:115} INFO - [2023-04-05 21:16:46,201] {dag.py:2927} INFO - Setting next_dagrun for example_skip_dag to 2023-04-05T00:16:46.200888+00:00, run_after=2023-04-06T00:16:46.200888+00:00
[2023-04-05 21:16:46,298] {processor.py:161} INFO - Processing /home/edinaldo/Documents/previsao_remuneracao/previsao_remuneracao/venv/lib/python3.10/site-packages/airflow/example_dags/example_skip_dag.py took 0.145 seconds
[2023-04-05 21:17:21,831] {processor.py:153} INFO - Started process (PID=53716) to work on /home/edinaldo/Documents/previsao_remuneracao/previsao_remuneracao/venv/lib/python3.10/site-packages/airflow/example_dags/example_skip_dag.py
[2023-04-05 21:17:21,841] {processor.py:641} INFO - Processing file /home/edinaldo/Documents/previsao_remuneracao/previsao_remuneracao/venv/lib/python3.10/site-packages/airflow/example_dags/example_skip_dag.py for tasks to queue
[2023-04-05 21:17:21,842] {logging_mixin.py:115} INFO - [2023-04-05 21:17:21,842] {dagbag.py:507} INFO - Filling up the DagBag from /home/edinaldo/Documents/previsao_remuneracao/previsao_remuneracao/venv/lib/python3.10/site-packages/airflow/example_dags/example_skip_dag.py
[2023-04-05 21:17:21,860] {processor.py:651} INFO - DAG(s) dict_keys(['example_skip_dag']) retrieved from /home/edinaldo/Documents/previsao_remuneracao/previsao_remuneracao/venv/lib/python3.10/site-packages/airflow/example_dags/example_skip_dag.py
[2023-04-05 21:17:21,884] {logging_mixin.py:115} INFO - [2023-04-05 21:17:21,884] {dag.py:2379} INFO - Sync 1 DAGs
[2023-04-05 21:17:21,903] {logging_mixin.py:115} INFO - [2023-04-05 21:17:21,903] {dag.py:2927} INFO - Setting next_dagrun for example_skip_dag to 2023-04-05T00:17:21.903290+00:00, run_after=2023-04-06T00:17:21.903290+00:00
[2023-04-05 21:17:21,995] {processor.py:161} INFO - Processing /home/edinaldo/Documents/previsao_remuneracao/previsao_remuneracao/venv/lib/python3.10/site-packages/airflow/example_dags/example_skip_dag.py took 0.168 seconds
[2023-04-05 21:18:01,525] {processor.py:153} INFO - Started process (PID=53756) to work on /home/edinaldo/Documents/previsao_remuneracao/previsao_remuneracao/venv/lib/python3.10/site-packages/airflow/example_dags/example_skip_dag.py
[2023-04-05 21:18:01,537] {processor.py:641} INFO - Processing file /home/edinaldo/Documents/previsao_remuneracao/previsao_remuneracao/venv/lib/python3.10/site-packages/airflow/example_dags/example_skip_dag.py for tasks to queue
[2023-04-05 21:18:01,537] {logging_mixin.py:115} INFO - [2023-04-05 21:18:01,537] {dagbag.py:507} INFO - Filling up the DagBag from /home/edinaldo/Documents/previsao_remuneracao/previsao_remuneracao/venv/lib/python3.10/site-packages/airflow/example_dags/example_skip_dag.py
[2023-04-05 21:18:01,545] {processor.py:651} INFO - DAG(s) dict_keys(['example_skip_dag']) retrieved from /home/edinaldo/Documents/previsao_remuneracao/previsao_remuneracao/venv/lib/python3.10/site-packages/airflow/example_dags/example_skip_dag.py
[2023-04-05 21:18:01,568] {logging_mixin.py:115} INFO - [2023-04-05 21:18:01,568] {dag.py:2379} INFO - Sync 1 DAGs
[2023-04-05 21:18:01,587] {logging_mixin.py:115} INFO - [2023-04-05 21:18:01,587] {dag.py:2927} INFO - Setting next_dagrun for example_skip_dag to 2023-04-05T00:18:01.587003+00:00, run_after=2023-04-06T00:18:01.587003+00:00
[2023-04-05 21:18:01,682] {processor.py:161} INFO - Processing /home/edinaldo/Documents/previsao_remuneracao/previsao_remuneracao/venv/lib/python3.10/site-packages/airflow/example_dags/example_skip_dag.py took 0.161 seconds
[2023-04-05 21:18:40,398] {processor.py:153} INFO - Started process (PID=53799) to work on /home/edinaldo/Documents/previsao_remuneracao/previsao_remuneracao/venv/lib/python3.10/site-packages/airflow/example_dags/example_skip_dag.py
[2023-04-05 21:18:40,414] {processor.py:641} INFO - Processing file /home/edinaldo/Documents/previsao_remuneracao/previsao_remuneracao/venv/lib/python3.10/site-packages/airflow/example_dags/example_skip_dag.py for tasks to queue
[2023-04-05 21:18:40,415] {logging_mixin.py:115} INFO - [2023-04-05 21:18:40,415] {dagbag.py:507} INFO - Filling up the DagBag from /home/edinaldo/Documents/previsao_remuneracao/previsao_remuneracao/venv/lib/python3.10/site-packages/airflow/example_dags/example_skip_dag.py
[2023-04-05 21:18:40,431] {processor.py:651} INFO - DAG(s) dict_keys(['example_skip_dag']) retrieved from /home/edinaldo/Documents/previsao_remuneracao/previsao_remuneracao/venv/lib/python3.10/site-packages/airflow/example_dags/example_skip_dag.py
[2023-04-05 21:18:40,459] {logging_mixin.py:115} INFO - [2023-04-05 21:18:40,459] {dag.py:2379} INFO - Sync 1 DAGs
[2023-04-05 21:18:40,478] {logging_mixin.py:115} INFO - [2023-04-05 21:18:40,478] {dag.py:2927} INFO - Setting next_dagrun for example_skip_dag to 2023-04-05T00:18:40.478241+00:00, run_after=2023-04-06T00:18:40.478241+00:00
[2023-04-05 21:18:40,569] {processor.py:161} INFO - Processing /home/edinaldo/Documents/previsao_remuneracao/previsao_remuneracao/venv/lib/python3.10/site-packages/airflow/example_dags/example_skip_dag.py took 0.175 seconds
[2023-04-05 21:19:17,566] {processor.py:153} INFO - Started process (PID=53832) to work on /home/edinaldo/Documents/previsao_remuneracao/previsao_remuneracao/venv/lib/python3.10/site-packages/airflow/example_dags/example_skip_dag.py
[2023-04-05 21:19:17,567] {processor.py:641} INFO - Processing file /home/edinaldo/Documents/previsao_remuneracao/previsao_remuneracao/venv/lib/python3.10/site-packages/airflow/example_dags/example_skip_dag.py for tasks to queue
[2023-04-05 21:19:17,568] {logging_mixin.py:115} INFO - [2023-04-05 21:19:17,568] {dagbag.py:507} INFO - Filling up the DagBag from /home/edinaldo/Documents/previsao_remuneracao/previsao_remuneracao/venv/lib/python3.10/site-packages/airflow/example_dags/example_skip_dag.py
[2023-04-05 21:19:17,575] {processor.py:651} INFO - DAG(s) dict_keys(['example_skip_dag']) retrieved from /home/edinaldo/Documents/previsao_remuneracao/previsao_remuneracao/venv/lib/python3.10/site-packages/airflow/example_dags/example_skip_dag.py
[2023-04-05 21:19:17,595] {logging_mixin.py:115} INFO - [2023-04-05 21:19:17,595] {dag.py:2379} INFO - Sync 1 DAGs
[2023-04-05 21:19:17,614] {logging_mixin.py:115} INFO - [2023-04-05 21:19:17,614] {dag.py:2927} INFO - Setting next_dagrun for example_skip_dag to 2023-04-05T00:19:17.614048+00:00, run_after=2023-04-06T00:19:17.614048+00:00
[2023-04-05 21:19:17,723] {processor.py:161} INFO - Processing /home/edinaldo/Documents/previsao_remuneracao/previsao_remuneracao/venv/lib/python3.10/site-packages/airflow/example_dags/example_skip_dag.py took 0.160 seconds
[2023-04-05 21:19:56,786] {processor.py:153} INFO - Started process (PID=53877) to work on /home/edinaldo/Documents/previsao_remuneracao/previsao_remuneracao/venv/lib/python3.10/site-packages/airflow/example_dags/example_skip_dag.py
[2023-04-05 21:19:56,802] {processor.py:641} INFO - Processing file /home/edinaldo/Documents/previsao_remuneracao/previsao_remuneracao/venv/lib/python3.10/site-packages/airflow/example_dags/example_skip_dag.py for tasks to queue
[2023-04-05 21:19:56,804] {logging_mixin.py:115} INFO - [2023-04-05 21:19:56,803] {dagbag.py:507} INFO - Filling up the DagBag from /home/edinaldo/Documents/previsao_remuneracao/previsao_remuneracao/venv/lib/python3.10/site-packages/airflow/example_dags/example_skip_dag.py
[2023-04-05 21:19:56,821] {processor.py:651} INFO - DAG(s) dict_keys(['example_skip_dag']) retrieved from /home/edinaldo/Documents/previsao_remuneracao/previsao_remuneracao/venv/lib/python3.10/site-packages/airflow/example_dags/example_skip_dag.py
[2023-04-05 21:19:56,845] {logging_mixin.py:115} INFO - [2023-04-05 21:19:56,845] {dag.py:2379} INFO - Sync 1 DAGs
[2023-04-05 21:19:56,864] {logging_mixin.py:115} INFO - [2023-04-05 21:19:56,864] {dag.py:2927} INFO - Setting next_dagrun for example_skip_dag to 2023-04-05T00:19:56.864461+00:00, run_after=2023-04-06T00:19:56.864461+00:00
[2023-04-05 21:19:56,965] {processor.py:161} INFO - Processing /home/edinaldo/Documents/previsao_remuneracao/previsao_remuneracao/venv/lib/python3.10/site-packages/airflow/example_dags/example_skip_dag.py took 0.189 seconds
[2023-04-05 21:20:31,153] {processor.py:153} INFO - Started process (PID=53909) to work on /home/edinaldo/Documents/previsao_remuneracao/previsao_remuneracao/venv/lib/python3.10/site-packages/airflow/example_dags/example_skip_dag.py
[2023-04-05 21:20:31,155] {processor.py:641} INFO - Processing file /home/edinaldo/Documents/previsao_remuneracao/previsao_remuneracao/venv/lib/python3.10/site-packages/airflow/example_dags/example_skip_dag.py for tasks to queue
[2023-04-05 21:20:31,155] {logging_mixin.py:115} INFO - [2023-04-05 21:20:31,155] {dagbag.py:507} INFO - Filling up the DagBag from /home/edinaldo/Documents/previsao_remuneracao/previsao_remuneracao/venv/lib/python3.10/site-packages/airflow/example_dags/example_skip_dag.py
[2023-04-05 21:20:31,166] {processor.py:651} INFO - DAG(s) dict_keys(['example_skip_dag']) retrieved from /home/edinaldo/Documents/previsao_remuneracao/previsao_remuneracao/venv/lib/python3.10/site-packages/airflow/example_dags/example_skip_dag.py
[2023-04-05 21:20:31,198] {logging_mixin.py:115} INFO - [2023-04-05 21:20:31,198] {dag.py:2379} INFO - Sync 1 DAGs
[2023-04-05 21:20:31,225] {logging_mixin.py:115} INFO - [2023-04-05 21:20:31,225] {dag.py:2927} INFO - Setting next_dagrun for example_skip_dag to 2023-04-05T00:20:31.225247+00:00, run_after=2023-04-06T00:20:31.225247+00:00
[2023-04-05 21:20:31,324] {processor.py:161} INFO - Processing /home/edinaldo/Documents/previsao_remuneracao/previsao_remuneracao/venv/lib/python3.10/site-packages/airflow/example_dags/example_skip_dag.py took 0.178 seconds
[2023-04-05 21:21:13,296] {processor.py:153} INFO - Started process (PID=53968) to work on /home/edinaldo/Documents/previsao_remuneracao/previsao_remuneracao/venv/lib/python3.10/site-packages/airflow/example_dags/example_skip_dag.py
[2023-04-05 21:21:13,296] {processor.py:641} INFO - Processing file /home/edinaldo/Documents/previsao_remuneracao/previsao_remuneracao/venv/lib/python3.10/site-packages/airflow/example_dags/example_skip_dag.py for tasks to queue
[2023-04-05 21:21:13,297] {logging_mixin.py:115} INFO - [2023-04-05 21:21:13,297] {dagbag.py:507} INFO - Filling up the DagBag from /home/edinaldo/Documents/previsao_remuneracao/previsao_remuneracao/venv/lib/python3.10/site-packages/airflow/example_dags/example_skip_dag.py
[2023-04-05 21:21:13,303] {processor.py:651} INFO - DAG(s) dict_keys(['example_skip_dag']) retrieved from /home/edinaldo/Documents/previsao_remuneracao/previsao_remuneracao/venv/lib/python3.10/site-packages/airflow/example_dags/example_skip_dag.py
[2023-04-05 21:21:13,322] {logging_mixin.py:115} INFO - [2023-04-05 21:21:13,322] {dag.py:2379} INFO - Sync 1 DAGs
[2023-04-05 21:21:13,341] {logging_mixin.py:115} INFO - [2023-04-05 21:21:13,341] {dag.py:2927} INFO - Setting next_dagrun for example_skip_dag to 2023-04-05T00:21:13.340866+00:00, run_after=2023-04-06T00:21:13.340866+00:00
[2023-04-05 21:21:13,438] {processor.py:161} INFO - Processing /home/edinaldo/Documents/previsao_remuneracao/previsao_remuneracao/venv/lib/python3.10/site-packages/airflow/example_dags/example_skip_dag.py took 0.146 seconds
[2023-04-05 21:21:51,751] {processor.py:153} INFO - Started process (PID=54029) to work on /home/edinaldo/Documents/previsao_remuneracao/previsao_remuneracao/venv/lib/python3.10/site-packages/airflow/example_dags/example_skip_dag.py
[2023-04-05 21:21:51,753] {processor.py:641} INFO - Processing file /home/edinaldo/Documents/previsao_remuneracao/previsao_remuneracao/venv/lib/python3.10/site-packages/airflow/example_dags/example_skip_dag.py for tasks to queue
[2023-04-05 21:21:51,755] {logging_mixin.py:115} INFO - [2023-04-05 21:21:51,754] {dagbag.py:507} INFO - Filling up the DagBag from /home/edinaldo/Documents/previsao_remuneracao/previsao_remuneracao/venv/lib/python3.10/site-packages/airflow/example_dags/example_skip_dag.py
[2023-04-05 21:21:51,768] {processor.py:651} INFO - DAG(s) dict_keys(['example_skip_dag']) retrieved from /home/edinaldo/Documents/previsao_remuneracao/previsao_remuneracao/venv/lib/python3.10/site-packages/airflow/example_dags/example_skip_dag.py
[2023-04-05 21:21:51,788] {logging_mixin.py:115} INFO - [2023-04-05 21:21:51,788] {dag.py:2379} INFO - Sync 1 DAGs
[2023-04-05 21:21:51,807] {logging_mixin.py:115} INFO - [2023-04-05 21:21:51,806] {dag.py:2927} INFO - Setting next_dagrun for example_skip_dag to 2023-04-05T00:21:51.806639+00:00, run_after=2023-04-06T00:21:51.806639+00:00
[2023-04-05 21:21:51,914] {processor.py:161} INFO - Processing /home/edinaldo/Documents/previsao_remuneracao/previsao_remuneracao/venv/lib/python3.10/site-packages/airflow/example_dags/example_skip_dag.py took 0.172 seconds
[2023-04-05 21:22:28,891] {processor.py:153} INFO - Started process (PID=54068) to work on /home/edinaldo/Documents/previsao_remuneracao/previsao_remuneracao/venv/lib/python3.10/site-packages/airflow/example_dags/example_skip_dag.py
[2023-04-05 21:22:28,891] {processor.py:641} INFO - Processing file /home/edinaldo/Documents/previsao_remuneracao/previsao_remuneracao/venv/lib/python3.10/site-packages/airflow/example_dags/example_skip_dag.py for tasks to queue
[2023-04-05 21:22:28,892] {logging_mixin.py:115} INFO - [2023-04-05 21:22:28,892] {dagbag.py:507} INFO - Filling up the DagBag from /home/edinaldo/Documents/previsao_remuneracao/previsao_remuneracao/venv/lib/python3.10/site-packages/airflow/example_dags/example_skip_dag.py
[2023-04-05 21:22:28,899] {processor.py:651} INFO - DAG(s) dict_keys(['example_skip_dag']) retrieved from /home/edinaldo/Documents/previsao_remuneracao/previsao_remuneracao/venv/lib/python3.10/site-packages/airflow/example_dags/example_skip_dag.py
[2023-04-05 21:22:28,919] {logging_mixin.py:115} INFO - [2023-04-05 21:22:28,919] {dag.py:2379} INFO - Sync 1 DAGs
[2023-04-05 21:22:28,939] {logging_mixin.py:115} INFO - [2023-04-05 21:22:28,939] {dag.py:2927} INFO - Setting next_dagrun for example_skip_dag to 2023-04-05T00:22:28.938901+00:00, run_after=2023-04-06T00:22:28.938901+00:00
[2023-04-05 21:22:29,052] {processor.py:161} INFO - Processing /home/edinaldo/Documents/previsao_remuneracao/previsao_remuneracao/venv/lib/python3.10/site-packages/airflow/example_dags/example_skip_dag.py took 0.165 seconds
[2023-04-05 21:23:05,354] {processor.py:153} INFO - Started process (PID=54104) to work on /home/edinaldo/Documents/previsao_remuneracao/previsao_remuneracao/venv/lib/python3.10/site-packages/airflow/example_dags/example_skip_dag.py
[2023-04-05 21:23:05,355] {processor.py:641} INFO - Processing file /home/edinaldo/Documents/previsao_remuneracao/previsao_remuneracao/venv/lib/python3.10/site-packages/airflow/example_dags/example_skip_dag.py for tasks to queue
[2023-04-05 21:23:05,355] {logging_mixin.py:115} INFO - [2023-04-05 21:23:05,355] {dagbag.py:507} INFO - Filling up the DagBag from /home/edinaldo/Documents/previsao_remuneracao/previsao_remuneracao/venv/lib/python3.10/site-packages/airflow/example_dags/example_skip_dag.py
[2023-04-05 21:23:05,362] {processor.py:651} INFO - DAG(s) dict_keys(['example_skip_dag']) retrieved from /home/edinaldo/Documents/previsao_remuneracao/previsao_remuneracao/venv/lib/python3.10/site-packages/airflow/example_dags/example_skip_dag.py
[2023-04-05 21:23:05,380] {logging_mixin.py:115} INFO - [2023-04-05 21:23:05,380] {dag.py:2379} INFO - Sync 1 DAGs
[2023-04-05 21:23:05,399] {logging_mixin.py:115} INFO - [2023-04-05 21:23:05,399] {dag.py:2927} INFO - Setting next_dagrun for example_skip_dag to 2023-04-05T00:23:05.398915+00:00, run_after=2023-04-06T00:23:05.398915+00:00
[2023-04-05 21:23:05,496] {processor.py:161} INFO - Processing /home/edinaldo/Documents/previsao_remuneracao/previsao_remuneracao/venv/lib/python3.10/site-packages/airflow/example_dags/example_skip_dag.py took 0.145 seconds
[2023-04-05 21:23:44,617] {processor.py:153} INFO - Started process (PID=54157) to work on /home/edinaldo/Documents/previsao_remuneracao/previsao_remuneracao/venv/lib/python3.10/site-packages/airflow/example_dags/example_skip_dag.py
[2023-04-05 21:23:44,618] {processor.py:641} INFO - Processing file /home/edinaldo/Documents/previsao_remuneracao/previsao_remuneracao/venv/lib/python3.10/site-packages/airflow/example_dags/example_skip_dag.py for tasks to queue
[2023-04-05 21:23:44,619] {logging_mixin.py:115} INFO - [2023-04-05 21:23:44,619] {dagbag.py:507} INFO - Filling up the DagBag from /home/edinaldo/Documents/previsao_remuneracao/previsao_remuneracao/venv/lib/python3.10/site-packages/airflow/example_dags/example_skip_dag.py
[2023-04-05 21:23:44,629] {processor.py:651} INFO - DAG(s) dict_keys(['example_skip_dag']) retrieved from /home/edinaldo/Documents/previsao_remuneracao/previsao_remuneracao/venv/lib/python3.10/site-packages/airflow/example_dags/example_skip_dag.py
[2023-04-05 21:23:44,649] {logging_mixin.py:115} INFO - [2023-04-05 21:23:44,648] {dag.py:2379} INFO - Sync 1 DAGs
[2023-04-05 21:23:44,668] {logging_mixin.py:115} INFO - [2023-04-05 21:23:44,668] {dag.py:2927} INFO - Setting next_dagrun for example_skip_dag to 2023-04-05T00:23:44.667683+00:00, run_after=2023-04-06T00:23:44.667683+00:00
[2023-04-05 21:23:44,764] {processor.py:161} INFO - Processing /home/edinaldo/Documents/previsao_remuneracao/previsao_remuneracao/venv/lib/python3.10/site-packages/airflow/example_dags/example_skip_dag.py took 0.152 seconds
[2023-04-05 21:24:23,037] {processor.py:153} INFO - Started process (PID=54191) to work on /home/edinaldo/Documents/previsao_remuneracao/previsao_remuneracao/venv/lib/python3.10/site-packages/airflow/example_dags/example_skip_dag.py
[2023-04-05 21:24:23,037] {processor.py:641} INFO - Processing file /home/edinaldo/Documents/previsao_remuneracao/previsao_remuneracao/venv/lib/python3.10/site-packages/airflow/example_dags/example_skip_dag.py for tasks to queue
[2023-04-05 21:24:23,038] {logging_mixin.py:115} INFO - [2023-04-05 21:24:23,038] {dagbag.py:507} INFO - Filling up the DagBag from /home/edinaldo/Documents/previsao_remuneracao/previsao_remuneracao/venv/lib/python3.10/site-packages/airflow/example_dags/example_skip_dag.py
[2023-04-05 21:24:23,048] {processor.py:651} INFO - DAG(s) dict_keys(['example_skip_dag']) retrieved from /home/edinaldo/Documents/previsao_remuneracao/previsao_remuneracao/venv/lib/python3.10/site-packages/airflow/example_dags/example_skip_dag.py
[2023-04-05 21:24:23,074] {logging_mixin.py:115} INFO - [2023-04-05 21:24:23,074] {dag.py:2379} INFO - Sync 1 DAGs
[2023-04-05 21:24:23,106] {logging_mixin.py:115} INFO - [2023-04-05 21:24:23,106] {dag.py:2927} INFO - Setting next_dagrun for example_skip_dag to 2023-04-05T00:24:23.105976+00:00, run_after=2023-04-06T00:24:23.105976+00:00
[2023-04-05 21:24:23,249] {processor.py:161} INFO - Processing /home/edinaldo/Documents/previsao_remuneracao/previsao_remuneracao/venv/lib/python3.10/site-packages/airflow/example_dags/example_skip_dag.py took 0.217 seconds
[2023-04-05 21:25:08,252] {processor.py:153} INFO - Started process (PID=54465) to work on /home/edinaldo/Documents/previsao_remuneracao/previsao_remuneracao/venv/lib/python3.10/site-packages/airflow/example_dags/example_skip_dag.py
[2023-04-05 21:25:08,265] {processor.py:641} INFO - Processing file /home/edinaldo/Documents/previsao_remuneracao/previsao_remuneracao/venv/lib/python3.10/site-packages/airflow/example_dags/example_skip_dag.py for tasks to queue
[2023-04-05 21:25:08,266] {logging_mixin.py:115} INFO - [2023-04-05 21:25:08,265] {dagbag.py:507} INFO - Filling up the DagBag from /home/edinaldo/Documents/previsao_remuneracao/previsao_remuneracao/venv/lib/python3.10/site-packages/airflow/example_dags/example_skip_dag.py
[2023-04-05 21:25:08,286] {processor.py:651} INFO - DAG(s) dict_keys(['example_skip_dag']) retrieved from /home/edinaldo/Documents/previsao_remuneracao/previsao_remuneracao/venv/lib/python3.10/site-packages/airflow/example_dags/example_skip_dag.py
[2023-04-05 21:25:08,308] {logging_mixin.py:115} INFO - [2023-04-05 21:25:08,308] {dag.py:2379} INFO - Sync 1 DAGs
[2023-04-05 21:25:08,334] {logging_mixin.py:115} INFO - [2023-04-05 21:25:08,334] {dag.py:2927} INFO - Setting next_dagrun for example_skip_dag to 2023-04-05T00:25:08.333550+00:00, run_after=2023-04-06T00:25:08.333550+00:00
[2023-04-05 21:25:08,430] {processor.py:161} INFO - Processing /home/edinaldo/Documents/previsao_remuneracao/previsao_remuneracao/venv/lib/python3.10/site-packages/airflow/example_dags/example_skip_dag.py took 0.182 seconds
[2023-04-05 21:25:50,725] {processor.py:153} INFO - Started process (PID=54735) to work on /home/edinaldo/Documents/previsao_remuneracao/previsao_remuneracao/venv/lib/python3.10/site-packages/airflow/example_dags/example_skip_dag.py
[2023-04-05 21:25:50,732] {processor.py:641} INFO - Processing file /home/edinaldo/Documents/previsao_remuneracao/previsao_remuneracao/venv/lib/python3.10/site-packages/airflow/example_dags/example_skip_dag.py for tasks to queue
[2023-04-05 21:25:50,733] {logging_mixin.py:115} INFO - [2023-04-05 21:25:50,733] {dagbag.py:507} INFO - Filling up the DagBag from /home/edinaldo/Documents/previsao_remuneracao/previsao_remuneracao/venv/lib/python3.10/site-packages/airflow/example_dags/example_skip_dag.py
[2023-04-05 21:25:50,739] {processor.py:651} INFO - DAG(s) dict_keys(['example_skip_dag']) retrieved from /home/edinaldo/Documents/previsao_remuneracao/previsao_remuneracao/venv/lib/python3.10/site-packages/airflow/example_dags/example_skip_dag.py
[2023-04-05 21:25:50,758] {logging_mixin.py:115} INFO - [2023-04-05 21:25:50,758] {dag.py:2379} INFO - Sync 1 DAGs
[2023-04-05 21:25:50,778] {logging_mixin.py:115} INFO - [2023-04-05 21:25:50,778] {dag.py:2927} INFO - Setting next_dagrun for example_skip_dag to 2023-04-05T00:25:50.777694+00:00, run_after=2023-04-06T00:25:50.777694+00:00
[2023-04-05 21:25:50,892] {processor.py:161} INFO - Processing /home/edinaldo/Documents/previsao_remuneracao/previsao_remuneracao/venv/lib/python3.10/site-packages/airflow/example_dags/example_skip_dag.py took 0.170 seconds
[2023-04-05 21:26:30,206] {processor.py:153} INFO - Started process (PID=54935) to work on /home/edinaldo/Documents/previsao_remuneracao/previsao_remuneracao/venv/lib/python3.10/site-packages/airflow/example_dags/example_skip_dag.py
[2023-04-05 21:26:30,219] {processor.py:641} INFO - Processing file /home/edinaldo/Documents/previsao_remuneracao/previsao_remuneracao/venv/lib/python3.10/site-packages/airflow/example_dags/example_skip_dag.py for tasks to queue
[2023-04-05 21:26:30,220] {logging_mixin.py:115} INFO - [2023-04-05 21:26:30,220] {dagbag.py:507} INFO - Filling up the DagBag from /home/edinaldo/Documents/previsao_remuneracao/previsao_remuneracao/venv/lib/python3.10/site-packages/airflow/example_dags/example_skip_dag.py
[2023-04-05 21:26:30,229] {processor.py:651} INFO - DAG(s) dict_keys(['example_skip_dag']) retrieved from /home/edinaldo/Documents/previsao_remuneracao/previsao_remuneracao/venv/lib/python3.10/site-packages/airflow/example_dags/example_skip_dag.py
[2023-04-05 21:26:30,252] {logging_mixin.py:115} INFO - [2023-04-05 21:26:30,252] {dag.py:2379} INFO - Sync 1 DAGs
[2023-04-05 21:26:30,272] {logging_mixin.py:115} INFO - [2023-04-05 21:26:30,272] {dag.py:2927} INFO - Setting next_dagrun for example_skip_dag to 2023-04-05T00:26:30.271939+00:00, run_after=2023-04-06T00:26:30.271939+00:00
[2023-04-05 21:26:30,370] {processor.py:161} INFO - Processing /home/edinaldo/Documents/previsao_remuneracao/previsao_remuneracao/venv/lib/python3.10/site-packages/airflow/example_dags/example_skip_dag.py took 0.170 seconds
[2023-04-05 21:27:06,490] {processor.py:153} INFO - Started process (PID=55157) to work on /home/edinaldo/Documents/previsao_remuneracao/previsao_remuneracao/venv/lib/python3.10/site-packages/airflow/example_dags/example_skip_dag.py
[2023-04-05 21:27:06,491] {processor.py:641} INFO - Processing file /home/edinaldo/Documents/previsao_remuneracao/previsao_remuneracao/venv/lib/python3.10/site-packages/airflow/example_dags/example_skip_dag.py for tasks to queue
[2023-04-05 21:27:06,493] {logging_mixin.py:115} INFO - [2023-04-05 21:27:06,493] {dagbag.py:507} INFO - Filling up the DagBag from /home/edinaldo/Documents/previsao_remuneracao/previsao_remuneracao/venv/lib/python3.10/site-packages/airflow/example_dags/example_skip_dag.py
[2023-04-05 21:27:06,505] {processor.py:651} INFO - DAG(s) dict_keys(['example_skip_dag']) retrieved from /home/edinaldo/Documents/previsao_remuneracao/previsao_remuneracao/venv/lib/python3.10/site-packages/airflow/example_dags/example_skip_dag.py
[2023-04-05 21:27:06,525] {logging_mixin.py:115} INFO - [2023-04-05 21:27:06,525] {dag.py:2379} INFO - Sync 1 DAGs
[2023-04-05 21:27:06,544] {logging_mixin.py:115} INFO - [2023-04-05 21:27:06,544] {dag.py:2927} INFO - Setting next_dagrun for example_skip_dag to 2023-04-05T00:27:06.544320+00:00, run_after=2023-04-06T00:27:06.544320+00:00
[2023-04-05 21:27:06,644] {processor.py:161} INFO - Processing /home/edinaldo/Documents/previsao_remuneracao/previsao_remuneracao/venv/lib/python3.10/site-packages/airflow/example_dags/example_skip_dag.py took 0.164 seconds
[2023-04-05 21:27:44,906] {processor.py:153} INFO - Started process (PID=55417) to work on /home/edinaldo/Documents/previsao_remuneracao/previsao_remuneracao/venv/lib/python3.10/site-packages/airflow/example_dags/example_skip_dag.py
[2023-04-05 21:27:44,907] {processor.py:641} INFO - Processing file /home/edinaldo/Documents/previsao_remuneracao/previsao_remuneracao/venv/lib/python3.10/site-packages/airflow/example_dags/example_skip_dag.py for tasks to queue
[2023-04-05 21:27:44,909] {logging_mixin.py:115} INFO - [2023-04-05 21:27:44,908] {dagbag.py:507} INFO - Filling up the DagBag from /home/edinaldo/Documents/previsao_remuneracao/previsao_remuneracao/venv/lib/python3.10/site-packages/airflow/example_dags/example_skip_dag.py
[2023-04-05 21:27:44,922] {processor.py:651} INFO - DAG(s) dict_keys(['example_skip_dag']) retrieved from /home/edinaldo/Documents/previsao_remuneracao/previsao_remuneracao/venv/lib/python3.10/site-packages/airflow/example_dags/example_skip_dag.py
[2023-04-05 21:27:44,958] {logging_mixin.py:115} INFO - [2023-04-05 21:27:44,957] {dag.py:2379} INFO - Sync 1 DAGs
[2023-04-05 21:27:44,989] {logging_mixin.py:115} INFO - [2023-04-05 21:27:44,989] {dag.py:2927} INFO - Setting next_dagrun for example_skip_dag to 2023-04-05T00:27:44.989094+00:00, run_after=2023-04-06T00:27:44.989094+00:00
[2023-04-05 21:27:45,104] {processor.py:161} INFO - Processing /home/edinaldo/Documents/previsao_remuneracao/previsao_remuneracao/venv/lib/python3.10/site-packages/airflow/example_dags/example_skip_dag.py took 0.204 seconds
[2023-04-05 21:28:26,861] {processor.py:153} INFO - Started process (PID=55574) to work on /home/edinaldo/Documents/previsao_remuneracao/previsao_remuneracao/venv/lib/python3.10/site-packages/airflow/example_dags/example_skip_dag.py
[2023-04-05 21:28:26,924] {processor.py:641} INFO - Processing file /home/edinaldo/Documents/previsao_remuneracao/previsao_remuneracao/venv/lib/python3.10/site-packages/airflow/example_dags/example_skip_dag.py for tasks to queue
[2023-04-05 21:28:26,925] {logging_mixin.py:115} INFO - [2023-04-05 21:28:26,925] {dagbag.py:507} INFO - Filling up the DagBag from /home/edinaldo/Documents/previsao_remuneracao/previsao_remuneracao/venv/lib/python3.10/site-packages/airflow/example_dags/example_skip_dag.py
[2023-04-05 21:28:26,952] {processor.py:651} INFO - DAG(s) dict_keys(['example_skip_dag']) retrieved from /home/edinaldo/Documents/previsao_remuneracao/previsao_remuneracao/venv/lib/python3.10/site-packages/airflow/example_dags/example_skip_dag.py
[2023-04-05 21:28:26,988] {logging_mixin.py:115} INFO - [2023-04-05 21:28:26,988] {dag.py:2379} INFO - Sync 1 DAGs
[2023-04-05 21:28:27,016] {logging_mixin.py:115} INFO - [2023-04-05 21:28:27,016] {dag.py:2927} INFO - Setting next_dagrun for example_skip_dag to 2023-04-05T00:28:27.016506+00:00, run_after=2023-04-06T00:28:27.016506+00:00
[2023-04-05 21:28:27,118] {processor.py:161} INFO - Processing /home/edinaldo/Documents/previsao_remuneracao/previsao_remuneracao/venv/lib/python3.10/site-packages/airflow/example_dags/example_skip_dag.py took 0.263 seconds
[2023-04-05 21:29:03,345] {processor.py:153} INFO - Started process (PID=55608) to work on /home/edinaldo/Documents/previsao_remuneracao/previsao_remuneracao/venv/lib/python3.10/site-packages/airflow/example_dags/example_skip_dag.py
[2023-04-05 21:29:03,358] {processor.py:641} INFO - Processing file /home/edinaldo/Documents/previsao_remuneracao/previsao_remuneracao/venv/lib/python3.10/site-packages/airflow/example_dags/example_skip_dag.py for tasks to queue
[2023-04-05 21:29:03,359] {logging_mixin.py:115} INFO - [2023-04-05 21:29:03,359] {dagbag.py:507} INFO - Filling up the DagBag from /home/edinaldo/Documents/previsao_remuneracao/previsao_remuneracao/venv/lib/python3.10/site-packages/airflow/example_dags/example_skip_dag.py
[2023-04-05 21:29:03,370] {processor.py:651} INFO - DAG(s) dict_keys(['example_skip_dag']) retrieved from /home/edinaldo/Documents/previsao_remuneracao/previsao_remuneracao/venv/lib/python3.10/site-packages/airflow/example_dags/example_skip_dag.py
[2023-04-05 21:29:03,400] {logging_mixin.py:115} INFO - [2023-04-05 21:29:03,400] {dag.py:2379} INFO - Sync 1 DAGs
[2023-04-05 21:29:03,429] {logging_mixin.py:115} INFO - [2023-04-05 21:29:03,429] {dag.py:2927} INFO - Setting next_dagrun for example_skip_dag to 2023-04-05T00:29:03.429195+00:00, run_after=2023-04-06T00:29:03.429195+00:00
[2023-04-05 21:29:03,526] {processor.py:161} INFO - Processing /home/edinaldo/Documents/previsao_remuneracao/previsao_remuneracao/venv/lib/python3.10/site-packages/airflow/example_dags/example_skip_dag.py took 0.186 seconds
[2023-04-05 21:29:40,451] {processor.py:153} INFO - Started process (PID=55643) to work on /home/edinaldo/Documents/previsao_remuneracao/previsao_remuneracao/venv/lib/python3.10/site-packages/airflow/example_dags/example_skip_dag.py
[2023-04-05 21:29:40,463] {processor.py:641} INFO - Processing file /home/edinaldo/Documents/previsao_remuneracao/previsao_remuneracao/venv/lib/python3.10/site-packages/airflow/example_dags/example_skip_dag.py for tasks to queue
[2023-04-05 21:29:40,465] {logging_mixin.py:115} INFO - [2023-04-05 21:29:40,465] {dagbag.py:507} INFO - Filling up the DagBag from /home/edinaldo/Documents/previsao_remuneracao/previsao_remuneracao/venv/lib/python3.10/site-packages/airflow/example_dags/example_skip_dag.py
[2023-04-05 21:29:40,476] {processor.py:651} INFO - DAG(s) dict_keys(['example_skip_dag']) retrieved from /home/edinaldo/Documents/previsao_remuneracao/previsao_remuneracao/venv/lib/python3.10/site-packages/airflow/example_dags/example_skip_dag.py
[2023-04-05 21:29:40,516] {logging_mixin.py:115} INFO - [2023-04-05 21:29:40,516] {dag.py:2379} INFO - Sync 1 DAGs
[2023-04-05 21:29:40,559] {logging_mixin.py:115} INFO - [2023-04-05 21:29:40,559] {dag.py:2927} INFO - Setting next_dagrun for example_skip_dag to 2023-04-05T00:29:40.558743+00:00, run_after=2023-04-06T00:29:40.558743+00:00
[2023-04-05 21:29:40,674] {processor.py:161} INFO - Processing /home/edinaldo/Documents/previsao_remuneracao/previsao_remuneracao/venv/lib/python3.10/site-packages/airflow/example_dags/example_skip_dag.py took 0.231 seconds
[2023-04-05 21:30:21,167] {processor.py:153} INFO - Started process (PID=55679) to work on /home/edinaldo/Documents/previsao_remuneracao/previsao_remuneracao/venv/lib/python3.10/site-packages/airflow/example_dags/example_skip_dag.py
[2023-04-05 21:30:21,178] {processor.py:641} INFO - Processing file /home/edinaldo/Documents/previsao_remuneracao/previsao_remuneracao/venv/lib/python3.10/site-packages/airflow/example_dags/example_skip_dag.py for tasks to queue
[2023-04-05 21:30:21,178] {logging_mixin.py:115} INFO - [2023-04-05 21:30:21,178] {dagbag.py:507} INFO - Filling up the DagBag from /home/edinaldo/Documents/previsao_remuneracao/previsao_remuneracao/venv/lib/python3.10/site-packages/airflow/example_dags/example_skip_dag.py
[2023-04-05 21:30:21,184] {processor.py:651} INFO - DAG(s) dict_keys(['example_skip_dag']) retrieved from /home/edinaldo/Documents/previsao_remuneracao/previsao_remuneracao/venv/lib/python3.10/site-packages/airflow/example_dags/example_skip_dag.py
[2023-04-05 21:30:21,207] {logging_mixin.py:115} INFO - [2023-04-05 21:30:21,207] {dag.py:2379} INFO - Sync 1 DAGs
[2023-04-05 21:30:21,231] {logging_mixin.py:115} INFO - [2023-04-05 21:30:21,231] {dag.py:2927} INFO - Setting next_dagrun for example_skip_dag to 2023-04-05T00:30:21.230843+00:00, run_after=2023-04-06T00:30:21.230843+00:00
[2023-04-05 21:30:21,324] {processor.py:161} INFO - Processing /home/edinaldo/Documents/previsao_remuneracao/previsao_remuneracao/venv/lib/python3.10/site-packages/airflow/example_dags/example_skip_dag.py took 0.163 seconds
[2023-04-05 21:30:57,261] {processor.py:153} INFO - Started process (PID=55736) to work on /home/edinaldo/Documents/previsao_remuneracao/previsao_remuneracao/venv/lib/python3.10/site-packages/airflow/example_dags/example_skip_dag.py
[2023-04-05 21:30:57,262] {processor.py:641} INFO - Processing file /home/edinaldo/Documents/previsao_remuneracao/previsao_remuneracao/venv/lib/python3.10/site-packages/airflow/example_dags/example_skip_dag.py for tasks to queue
[2023-04-05 21:30:57,262] {logging_mixin.py:115} INFO - [2023-04-05 21:30:57,262] {dagbag.py:507} INFO - Filling up the DagBag from /home/edinaldo/Documents/previsao_remuneracao/previsao_remuneracao/venv/lib/python3.10/site-packages/airflow/example_dags/example_skip_dag.py
[2023-04-05 21:30:57,269] {processor.py:651} INFO - DAG(s) dict_keys(['example_skip_dag']) retrieved from /home/edinaldo/Documents/previsao_remuneracao/previsao_remuneracao/venv/lib/python3.10/site-packages/airflow/example_dags/example_skip_dag.py
[2023-04-05 21:30:57,294] {logging_mixin.py:115} INFO - [2023-04-05 21:30:57,294] {dag.py:2379} INFO - Sync 1 DAGs
[2023-04-05 21:30:57,318] {logging_mixin.py:115} INFO - [2023-04-05 21:30:57,318] {dag.py:2927} INFO - Setting next_dagrun for example_skip_dag to 2023-04-05T00:30:57.318126+00:00, run_after=2023-04-06T00:30:57.318126+00:00
[2023-04-05 21:30:57,414] {processor.py:161} INFO - Processing /home/edinaldo/Documents/previsao_remuneracao/previsao_remuneracao/venv/lib/python3.10/site-packages/airflow/example_dags/example_skip_dag.py took 0.157 seconds
[2023-04-05 21:31:34,877] {processor.py:153} INFO - Started process (PID=55796) to work on /home/edinaldo/Documents/previsao_remuneracao/previsao_remuneracao/venv/lib/python3.10/site-packages/airflow/example_dags/example_skip_dag.py
[2023-04-05 21:31:34,894] {processor.py:641} INFO - Processing file /home/edinaldo/Documents/previsao_remuneracao/previsao_remuneracao/venv/lib/python3.10/site-packages/airflow/example_dags/example_skip_dag.py for tasks to queue
[2023-04-05 21:31:34,896] {logging_mixin.py:115} INFO - [2023-04-05 21:31:34,896] {dagbag.py:507} INFO - Filling up the DagBag from /home/edinaldo/Documents/previsao_remuneracao/previsao_remuneracao/venv/lib/python3.10/site-packages/airflow/example_dags/example_skip_dag.py
[2023-04-05 21:31:34,924] {processor.py:651} INFO - DAG(s) dict_keys(['example_skip_dag']) retrieved from /home/edinaldo/Documents/previsao_remuneracao/previsao_remuneracao/venv/lib/python3.10/site-packages/airflow/example_dags/example_skip_dag.py
[2023-04-05 21:31:34,979] {logging_mixin.py:115} INFO - [2023-04-05 21:31:34,979] {dag.py:2379} INFO - Sync 1 DAGs
[2023-04-05 21:31:35,008] {logging_mixin.py:115} INFO - [2023-04-05 21:31:35,008] {dag.py:2927} INFO - Setting next_dagrun for example_skip_dag to 2023-04-05T00:31:35.008401+00:00, run_after=2023-04-06T00:31:35.008401+00:00
[2023-04-05 21:31:35,244] {processor.py:161} INFO - Processing /home/edinaldo/Documents/previsao_remuneracao/previsao_remuneracao/venv/lib/python3.10/site-packages/airflow/example_dags/example_skip_dag.py took 0.379 seconds
[2023-04-05 21:32:24,356] {processor.py:153} INFO - Started process (PID=56045) to work on /home/edinaldo/Documents/previsao_remuneracao/previsao_remuneracao/venv/lib/python3.10/site-packages/airflow/example_dags/example_skip_dag.py
[2023-04-05 21:32:24,376] {processor.py:641} INFO - Processing file /home/edinaldo/Documents/previsao_remuneracao/previsao_remuneracao/venv/lib/python3.10/site-packages/airflow/example_dags/example_skip_dag.py for tasks to queue
[2023-04-05 21:32:24,376] {logging_mixin.py:115} INFO - [2023-04-05 21:32:24,376] {dagbag.py:507} INFO - Filling up the DagBag from /home/edinaldo/Documents/previsao_remuneracao/previsao_remuneracao/venv/lib/python3.10/site-packages/airflow/example_dags/example_skip_dag.py
[2023-04-05 21:32:24,408] {processor.py:651} INFO - DAG(s) dict_keys(['example_skip_dag']) retrieved from /home/edinaldo/Documents/previsao_remuneracao/previsao_remuneracao/venv/lib/python3.10/site-packages/airflow/example_dags/example_skip_dag.py
[2023-04-05 21:32:24,771] {logging_mixin.py:115} INFO - [2023-04-05 21:32:24,771] {dag.py:2379} INFO - Sync 1 DAGs
[2023-04-05 21:32:24,809] {logging_mixin.py:115} INFO - [2023-04-05 21:32:24,809] {dag.py:2927} INFO - Setting next_dagrun for example_skip_dag to 2023-04-05T00:32:24.809087+00:00, run_after=2023-04-06T00:32:24.809087+00:00
[2023-04-05 21:32:24,910] {processor.py:161} INFO - Processing /home/edinaldo/Documents/previsao_remuneracao/previsao_remuneracao/venv/lib/python3.10/site-packages/airflow/example_dags/example_skip_dag.py took 0.560 seconds
[2023-04-05 21:33:10,364] {processor.py:153} INFO - Started process (PID=56111) to work on /home/edinaldo/Documents/previsao_remuneracao/previsao_remuneracao/venv/lib/python3.10/site-packages/airflow/example_dags/example_skip_dag.py
[2023-04-05 21:33:10,380] {processor.py:641} INFO - Processing file /home/edinaldo/Documents/previsao_remuneracao/previsao_remuneracao/venv/lib/python3.10/site-packages/airflow/example_dags/example_skip_dag.py for tasks to queue
[2023-04-05 21:33:10,381] {logging_mixin.py:115} INFO - [2023-04-05 21:33:10,381] {dagbag.py:507} INFO - Filling up the DagBag from /home/edinaldo/Documents/previsao_remuneracao/previsao_remuneracao/venv/lib/python3.10/site-packages/airflow/example_dags/example_skip_dag.py
[2023-04-05 21:33:10,406] {processor.py:651} INFO - DAG(s) dict_keys(['example_skip_dag']) retrieved from /home/edinaldo/Documents/previsao_remuneracao/previsao_remuneracao/venv/lib/python3.10/site-packages/airflow/example_dags/example_skip_dag.py
[2023-04-05 21:33:10,437] {logging_mixin.py:115} INFO - [2023-04-05 21:33:10,437] {dag.py:2379} INFO - Sync 1 DAGs
[2023-04-05 21:33:10,470] {logging_mixin.py:115} INFO - [2023-04-05 21:33:10,469] {dag.py:2927} INFO - Setting next_dagrun for example_skip_dag to 2023-04-05T00:33:10.469594+00:00, run_after=2023-04-06T00:33:10.469594+00:00
[2023-04-05 21:33:10,572] {processor.py:161} INFO - Processing /home/edinaldo/Documents/previsao_remuneracao/previsao_remuneracao/venv/lib/python3.10/site-packages/airflow/example_dags/example_skip_dag.py took 0.212 seconds
[2023-04-05 21:33:47,982] {processor.py:153} INFO - Started process (PID=56151) to work on /home/edinaldo/Documents/previsao_remuneracao/previsao_remuneracao/venv/lib/python3.10/site-packages/airflow/example_dags/example_skip_dag.py
[2023-04-05 21:33:47,996] {processor.py:641} INFO - Processing file /home/edinaldo/Documents/previsao_remuneracao/previsao_remuneracao/venv/lib/python3.10/site-packages/airflow/example_dags/example_skip_dag.py for tasks to queue
[2023-04-05 21:33:47,998] {logging_mixin.py:115} INFO - [2023-04-05 21:33:47,997] {dagbag.py:507} INFO - Filling up the DagBag from /home/edinaldo/Documents/previsao_remuneracao/previsao_remuneracao/venv/lib/python3.10/site-packages/airflow/example_dags/example_skip_dag.py
[2023-04-05 21:33:48,008] {processor.py:651} INFO - DAG(s) dict_keys(['example_skip_dag']) retrieved from /home/edinaldo/Documents/previsao_remuneracao/previsao_remuneracao/venv/lib/python3.10/site-packages/airflow/example_dags/example_skip_dag.py
[2023-04-05 21:33:48,045] {logging_mixin.py:115} INFO - [2023-04-05 21:33:48,045] {dag.py:2379} INFO - Sync 1 DAGs
[2023-04-05 21:33:48,084] {logging_mixin.py:115} INFO - [2023-04-05 21:33:48,084] {dag.py:2927} INFO - Setting next_dagrun for example_skip_dag to 2023-04-05T00:33:48.083893+00:00, run_after=2023-04-06T00:33:48.083893+00:00
[2023-04-05 21:33:48,177] {processor.py:161} INFO - Processing /home/edinaldo/Documents/previsao_remuneracao/previsao_remuneracao/venv/lib/python3.10/site-packages/airflow/example_dags/example_skip_dag.py took 0.199 seconds
[2023-04-05 21:34:28,250] {processor.py:153} INFO - Started process (PID=56213) to work on /home/edinaldo/Documents/previsao_remuneracao/previsao_remuneracao/venv/lib/python3.10/site-packages/airflow/example_dags/example_skip_dag.py
[2023-04-05 21:34:28,253] {processor.py:641} INFO - Processing file /home/edinaldo/Documents/previsao_remuneracao/previsao_remuneracao/venv/lib/python3.10/site-packages/airflow/example_dags/example_skip_dag.py for tasks to queue
[2023-04-05 21:34:28,254] {logging_mixin.py:115} INFO - [2023-04-05 21:34:28,254] {dagbag.py:507} INFO - Filling up the DagBag from /home/edinaldo/Documents/previsao_remuneracao/previsao_remuneracao/venv/lib/python3.10/site-packages/airflow/example_dags/example_skip_dag.py
[2023-04-05 21:34:28,267] {processor.py:651} INFO - DAG(s) dict_keys(['example_skip_dag']) retrieved from /home/edinaldo/Documents/previsao_remuneracao/previsao_remuneracao/venv/lib/python3.10/site-packages/airflow/example_dags/example_skip_dag.py
[2023-04-05 21:34:28,311] {logging_mixin.py:115} INFO - [2023-04-05 21:34:28,311] {dag.py:2379} INFO - Sync 1 DAGs
[2023-04-05 21:34:28,341] {logging_mixin.py:115} INFO - [2023-04-05 21:34:28,341] {dag.py:2927} INFO - Setting next_dagrun for example_skip_dag to 2023-04-05T00:34:28.340892+00:00, run_after=2023-04-06T00:34:28.340892+00:00
[2023-04-05 21:34:28,437] {processor.py:161} INFO - Processing /home/edinaldo/Documents/previsao_remuneracao/previsao_remuneracao/venv/lib/python3.10/site-packages/airflow/example_dags/example_skip_dag.py took 0.193 seconds
[2023-04-05 21:35:02,734] {processor.py:153} INFO - Started process (PID=56254) to work on /home/edinaldo/Documents/previsao_remuneracao/previsao_remuneracao/venv/lib/python3.10/site-packages/airflow/example_dags/example_skip_dag.py
[2023-04-05 21:35:02,735] {processor.py:641} INFO - Processing file /home/edinaldo/Documents/previsao_remuneracao/previsao_remuneracao/venv/lib/python3.10/site-packages/airflow/example_dags/example_skip_dag.py for tasks to queue
[2023-04-05 21:35:02,736] {logging_mixin.py:115} INFO - [2023-04-05 21:35:02,736] {dagbag.py:507} INFO - Filling up the DagBag from /home/edinaldo/Documents/previsao_remuneracao/previsao_remuneracao/venv/lib/python3.10/site-packages/airflow/example_dags/example_skip_dag.py
[2023-04-05 21:35:02,747] {processor.py:651} INFO - DAG(s) dict_keys(['example_skip_dag']) retrieved from /home/edinaldo/Documents/previsao_remuneracao/previsao_remuneracao/venv/lib/python3.10/site-packages/airflow/example_dags/example_skip_dag.py
[2023-04-05 21:35:02,859] {logging_mixin.py:115} INFO - [2023-04-05 21:35:02,858] {dag.py:2379} INFO - Sync 1 DAGs
[2023-04-05 21:35:02,891] {logging_mixin.py:115} INFO - [2023-04-05 21:35:02,891] {dag.py:2927} INFO - Setting next_dagrun for example_skip_dag to 2023-04-05T00:35:02.891252+00:00, run_after=2023-04-06T00:35:02.891252+00:00
[2023-04-05 21:35:02,967] {processor.py:161} INFO - Processing /home/edinaldo/Documents/previsao_remuneracao/previsao_remuneracao/venv/lib/python3.10/site-packages/airflow/example_dags/example_skip_dag.py took 0.238 seconds
[2023-04-05 21:35:41,028] {processor.py:153} INFO - Started process (PID=56395) to work on /home/edinaldo/Documents/previsao_remuneracao/previsao_remuneracao/venv/lib/python3.10/site-packages/airflow/example_dags/example_skip_dag.py
[2023-04-05 21:35:41,156] {processor.py:641} INFO - Processing file /home/edinaldo/Documents/previsao_remuneracao/previsao_remuneracao/venv/lib/python3.10/site-packages/airflow/example_dags/example_skip_dag.py for tasks to queue
[2023-04-05 21:35:41,157] {logging_mixin.py:115} INFO - [2023-04-05 21:35:41,157] {dagbag.py:507} INFO - Filling up the DagBag from /home/edinaldo/Documents/previsao_remuneracao/previsao_remuneracao/venv/lib/python3.10/site-packages/airflow/example_dags/example_skip_dag.py
[2023-04-05 21:35:41,329] {processor.py:651} INFO - DAG(s) dict_keys(['example_skip_dag']) retrieved from /home/edinaldo/Documents/previsao_remuneracao/previsao_remuneracao/venv/lib/python3.10/site-packages/airflow/example_dags/example_skip_dag.py
[2023-04-05 21:35:41,684] {logging_mixin.py:115} INFO - [2023-04-05 21:35:41,684] {dag.py:2379} INFO - Sync 1 DAGs
[2023-04-05 21:35:41,714] {logging_mixin.py:115} INFO - [2023-04-05 21:35:41,714] {dag.py:2927} INFO - Setting next_dagrun for example_skip_dag to 2023-04-05T00:35:41.713658+00:00, run_after=2023-04-06T00:35:41.713658+00:00
[2023-04-05 21:35:41,953] {processor.py:161} INFO - Processing /home/edinaldo/Documents/previsao_remuneracao/previsao_remuneracao/venv/lib/python3.10/site-packages/airflow/example_dags/example_skip_dag.py took 0.930 seconds
[2023-04-05 21:37:13,354] {processor.py:153} INFO - Started process (PID=56785) to work on /home/edinaldo/Documents/previsao_remuneracao/previsao_remuneracao/venv/lib/python3.10/site-packages/airflow/example_dags/example_skip_dag.py
[2023-04-05 21:37:13,992] {processor.py:641} INFO - Processing file /home/edinaldo/Documents/previsao_remuneracao/previsao_remuneracao/venv/lib/python3.10/site-packages/airflow/example_dags/example_skip_dag.py for tasks to queue
[2023-04-05 21:37:13,994] {logging_mixin.py:115} INFO - [2023-04-05 21:37:13,994] {dagbag.py:507} INFO - Filling up the DagBag from /home/edinaldo/Documents/previsao_remuneracao/previsao_remuneracao/venv/lib/python3.10/site-packages/airflow/example_dags/example_skip_dag.py
[2023-04-05 21:37:14,166] {processor.py:651} INFO - DAG(s) dict_keys(['example_skip_dag']) retrieved from /home/edinaldo/Documents/previsao_remuneracao/previsao_remuneracao/venv/lib/python3.10/site-packages/airflow/example_dags/example_skip_dag.py
[2023-04-05 21:37:14,238] {logging_mixin.py:115} INFO - [2023-04-05 21:37:14,238] {dag.py:2379} INFO - Sync 1 DAGs
[2023-04-05 21:37:14,496] {logging_mixin.py:115} INFO - [2023-04-05 21:37:14,496] {dag.py:2927} INFO - Setting next_dagrun for example_skip_dag to 2023-04-05T00:37:14.272313+00:00, run_after=2023-04-06T00:37:14.272313+00:00
[2023-04-05 21:37:15,281] {processor.py:161} INFO - Processing /home/edinaldo/Documents/previsao_remuneracao/previsao_remuneracao/venv/lib/python3.10/site-packages/airflow/example_dags/example_skip_dag.py took 1.944 seconds
[2023-04-05 21:38:06,787] {processor.py:153} INFO - Started process (PID=56940) to work on /home/edinaldo/Documents/previsao_remuneracao/previsao_remuneracao/venv/lib/python3.10/site-packages/airflow/example_dags/example_skip_dag.py
[2023-04-05 21:38:06,818] {processor.py:641} INFO - Processing file /home/edinaldo/Documents/previsao_remuneracao/previsao_remuneracao/venv/lib/python3.10/site-packages/airflow/example_dags/example_skip_dag.py for tasks to queue
[2023-04-05 21:38:06,819] {logging_mixin.py:115} INFO - [2023-04-05 21:38:06,819] {dagbag.py:507} INFO - Filling up the DagBag from /home/edinaldo/Documents/previsao_remuneracao/previsao_remuneracao/venv/lib/python3.10/site-packages/airflow/example_dags/example_skip_dag.py
[2023-04-05 21:38:06,849] {processor.py:651} INFO - DAG(s) dict_keys(['example_skip_dag']) retrieved from /home/edinaldo/Documents/previsao_remuneracao/previsao_remuneracao/venv/lib/python3.10/site-packages/airflow/example_dags/example_skip_dag.py
[2023-04-05 21:38:06,878] {logging_mixin.py:115} INFO - [2023-04-05 21:38:06,878] {dag.py:2379} INFO - Sync 1 DAGs
[2023-04-05 21:38:06,898] {logging_mixin.py:115} INFO - [2023-04-05 21:38:06,898] {dag.py:2927} INFO - Setting next_dagrun for example_skip_dag to 2023-04-05T00:38:06.897784+00:00, run_after=2023-04-06T00:38:06.897784+00:00
[2023-04-05 21:38:07,001] {processor.py:161} INFO - Processing /home/edinaldo/Documents/previsao_remuneracao/previsao_remuneracao/venv/lib/python3.10/site-packages/airflow/example_dags/example_skip_dag.py took 0.225 seconds
[2023-04-05 21:39:07,641] {processor.py:153} INFO - Started process (PID=57232) to work on /home/edinaldo/Documents/previsao_remuneracao/previsao_remuneracao/venv/lib/python3.10/site-packages/airflow/example_dags/example_skip_dag.py
[2023-04-05 21:39:07,669] {processor.py:641} INFO - Processing file /home/edinaldo/Documents/previsao_remuneracao/previsao_remuneracao/venv/lib/python3.10/site-packages/airflow/example_dags/example_skip_dag.py for tasks to queue
[2023-04-05 21:39:07,672] {logging_mixin.py:115} INFO - [2023-04-05 21:39:07,671] {dagbag.py:507} INFO - Filling up the DagBag from /home/edinaldo/Documents/previsao_remuneracao/previsao_remuneracao/venv/lib/python3.10/site-packages/airflow/example_dags/example_skip_dag.py
[2023-04-05 21:39:07,693] {processor.py:651} INFO - DAG(s) dict_keys(['example_skip_dag']) retrieved from /home/edinaldo/Documents/previsao_remuneracao/previsao_remuneracao/venv/lib/python3.10/site-packages/airflow/example_dags/example_skip_dag.py
[2023-04-05 21:39:07,723] {logging_mixin.py:115} INFO - [2023-04-05 21:39:07,722] {dag.py:2379} INFO - Sync 1 DAGs
[2023-04-05 21:39:07,750] {logging_mixin.py:115} INFO - [2023-04-05 21:39:07,750] {dag.py:2927} INFO - Setting next_dagrun for example_skip_dag to 2023-04-05T00:39:07.749956+00:00, run_after=2023-04-06T00:39:07.749956+00:00
[2023-04-05 21:39:07,855] {processor.py:161} INFO - Processing /home/edinaldo/Documents/previsao_remuneracao/previsao_remuneracao/venv/lib/python3.10/site-packages/airflow/example_dags/example_skip_dag.py took 0.227 seconds
[2023-04-05 21:40:14,555] {processor.py:153} INFO - Started process (PID=57582) to work on /home/edinaldo/Documents/previsao_remuneracao/previsao_remuneracao/venv/lib/python3.10/site-packages/airflow/example_dags/example_skip_dag.py
[2023-04-05 21:40:14,585] {processor.py:641} INFO - Processing file /home/edinaldo/Documents/previsao_remuneracao/previsao_remuneracao/venv/lib/python3.10/site-packages/airflow/example_dags/example_skip_dag.py for tasks to queue
[2023-04-05 21:40:14,586] {logging_mixin.py:115} INFO - [2023-04-05 21:40:14,586] {dagbag.py:507} INFO - Filling up the DagBag from /home/edinaldo/Documents/previsao_remuneracao/previsao_remuneracao/venv/lib/python3.10/site-packages/airflow/example_dags/example_skip_dag.py
[2023-04-05 21:40:14,599] {processor.py:651} INFO - DAG(s) dict_keys(['example_skip_dag']) retrieved from /home/edinaldo/Documents/previsao_remuneracao/previsao_remuneracao/venv/lib/python3.10/site-packages/airflow/example_dags/example_skip_dag.py
[2023-04-05 21:40:14,722] {logging_mixin.py:115} INFO - [2023-04-05 21:40:14,722] {dag.py:2379} INFO - Sync 1 DAGs
[2023-04-05 21:40:14,744] {logging_mixin.py:115} INFO - [2023-04-05 21:40:14,744] {dag.py:2927} INFO - Setting next_dagrun for example_skip_dag to 2023-04-05T00:40:14.744060+00:00, run_after=2023-04-06T00:40:14.744060+00:00
[2023-04-05 21:40:14,845] {processor.py:161} INFO - Processing /home/edinaldo/Documents/previsao_remuneracao/previsao_remuneracao/venv/lib/python3.10/site-packages/airflow/example_dags/example_skip_dag.py took 0.302 seconds
[2023-04-05 21:40:58,620] {processor.py:153} INFO - Started process (PID=57808) to work on /home/edinaldo/Documents/previsao_remuneracao/previsao_remuneracao/venv/lib/python3.10/site-packages/airflow/example_dags/example_skip_dag.py
[2023-04-05 21:40:58,643] {processor.py:641} INFO - Processing file /home/edinaldo/Documents/previsao_remuneracao/previsao_remuneracao/venv/lib/python3.10/site-packages/airflow/example_dags/example_skip_dag.py for tasks to queue
[2023-04-05 21:40:58,643] {logging_mixin.py:115} INFO - [2023-04-05 21:40:58,643] {dagbag.py:507} INFO - Filling up the DagBag from /home/edinaldo/Documents/previsao_remuneracao/previsao_remuneracao/venv/lib/python3.10/site-packages/airflow/example_dags/example_skip_dag.py
[2023-04-05 21:40:58,650] {processor.py:651} INFO - DAG(s) dict_keys(['example_skip_dag']) retrieved from /home/edinaldo/Documents/previsao_remuneracao/previsao_remuneracao/venv/lib/python3.10/site-packages/airflow/example_dags/example_skip_dag.py
[2023-04-05 21:40:58,669] {logging_mixin.py:115} INFO - [2023-04-05 21:40:58,669] {dag.py:2379} INFO - Sync 1 DAGs
[2023-04-05 21:40:58,689] {logging_mixin.py:115} INFO - [2023-04-05 21:40:58,689] {dag.py:2927} INFO - Setting next_dagrun for example_skip_dag to 2023-04-05T00:40:58.688955+00:00, run_after=2023-04-06T00:40:58.688955+00:00
[2023-04-05 21:40:58,792] {processor.py:161} INFO - Processing /home/edinaldo/Documents/previsao_remuneracao/previsao_remuneracao/venv/lib/python3.10/site-packages/airflow/example_dags/example_skip_dag.py took 0.177 seconds
[2023-04-05 21:41:37,149] {processor.py:153} INFO - Started process (PID=58053) to work on /home/edinaldo/Documents/previsao_remuneracao/previsao_remuneracao/venv/lib/python3.10/site-packages/airflow/example_dags/example_skip_dag.py
[2023-04-05 21:41:37,163] {processor.py:641} INFO - Processing file /home/edinaldo/Documents/previsao_remuneracao/previsao_remuneracao/venv/lib/python3.10/site-packages/airflow/example_dags/example_skip_dag.py for tasks to queue
[2023-04-05 21:41:37,164] {logging_mixin.py:115} INFO - [2023-04-05 21:41:37,164] {dagbag.py:507} INFO - Filling up the DagBag from /home/edinaldo/Documents/previsao_remuneracao/previsao_remuneracao/venv/lib/python3.10/site-packages/airflow/example_dags/example_skip_dag.py
[2023-04-05 21:41:37,172] {processor.py:651} INFO - DAG(s) dict_keys(['example_skip_dag']) retrieved from /home/edinaldo/Documents/previsao_remuneracao/previsao_remuneracao/venv/lib/python3.10/site-packages/airflow/example_dags/example_skip_dag.py
[2023-04-05 21:41:37,192] {logging_mixin.py:115} INFO - [2023-04-05 21:41:37,192] {dag.py:2379} INFO - Sync 1 DAGs
[2023-04-05 21:41:37,213] {logging_mixin.py:115} INFO - [2023-04-05 21:41:37,212] {dag.py:2927} INFO - Setting next_dagrun for example_skip_dag to 2023-04-05T00:41:37.212545+00:00, run_after=2023-04-06T00:41:37.212545+00:00
[2023-04-05 21:41:37,299] {processor.py:161} INFO - Processing /home/edinaldo/Documents/previsao_remuneracao/previsao_remuneracao/venv/lib/python3.10/site-packages/airflow/example_dags/example_skip_dag.py took 0.162 seconds
[2023-04-05 21:42:13,382] {processor.py:153} INFO - Started process (PID=58274) to work on /home/edinaldo/Documents/previsao_remuneracao/previsao_remuneracao/venv/lib/python3.10/site-packages/airflow/example_dags/example_skip_dag.py
[2023-04-05 21:42:13,407] {processor.py:641} INFO - Processing file /home/edinaldo/Documents/previsao_remuneracao/previsao_remuneracao/venv/lib/python3.10/site-packages/airflow/example_dags/example_skip_dag.py for tasks to queue
[2023-04-05 21:42:13,409] {logging_mixin.py:115} INFO - [2023-04-05 21:42:13,409] {dagbag.py:507} INFO - Filling up the DagBag from /home/edinaldo/Documents/previsao_remuneracao/previsao_remuneracao/venv/lib/python3.10/site-packages/airflow/example_dags/example_skip_dag.py
[2023-04-05 21:42:13,429] {processor.py:651} INFO - DAG(s) dict_keys(['example_skip_dag']) retrieved from /home/edinaldo/Documents/previsao_remuneracao/previsao_remuneracao/venv/lib/python3.10/site-packages/airflow/example_dags/example_skip_dag.py
[2023-04-05 21:42:13,452] {logging_mixin.py:115} INFO - [2023-04-05 21:42:13,451] {dag.py:2379} INFO - Sync 1 DAGs
[2023-04-05 21:42:13,472] {logging_mixin.py:115} INFO - [2023-04-05 21:42:13,472] {dag.py:2927} INFO - Setting next_dagrun for example_skip_dag to 2023-04-05T00:42:13.471851+00:00, run_after=2023-04-06T00:42:13.471851+00:00
[2023-04-05 21:42:13,571] {processor.py:161} INFO - Processing /home/edinaldo/Documents/previsao_remuneracao/previsao_remuneracao/venv/lib/python3.10/site-packages/airflow/example_dags/example_skip_dag.py took 0.199 seconds
[2023-04-05 21:42:47,288] {processor.py:153} INFO - Started process (PID=58445) to work on /home/edinaldo/Documents/previsao_remuneracao/previsao_remuneracao/venv/lib/python3.10/site-packages/airflow/example_dags/example_skip_dag.py
[2023-04-05 21:42:47,304] {processor.py:641} INFO - Processing file /home/edinaldo/Documents/previsao_remuneracao/previsao_remuneracao/venv/lib/python3.10/site-packages/airflow/example_dags/example_skip_dag.py for tasks to queue
[2023-04-05 21:42:47,306] {logging_mixin.py:115} INFO - [2023-04-05 21:42:47,306] {dagbag.py:507} INFO - Filling up the DagBag from /home/edinaldo/Documents/previsao_remuneracao/previsao_remuneracao/venv/lib/python3.10/site-packages/airflow/example_dags/example_skip_dag.py
[2023-04-05 21:42:47,332] {processor.py:651} INFO - DAG(s) dict_keys(['example_skip_dag']) retrieved from /home/edinaldo/Documents/previsao_remuneracao/previsao_remuneracao/venv/lib/python3.10/site-packages/airflow/example_dags/example_skip_dag.py
[2023-04-05 21:42:47,388] {logging_mixin.py:115} INFO - [2023-04-05 21:42:47,387] {dag.py:2379} INFO - Sync 1 DAGs
[2023-04-05 21:42:47,411] {logging_mixin.py:115} INFO - [2023-04-05 21:42:47,411] {dag.py:2927} INFO - Setting next_dagrun for example_skip_dag to 2023-04-05T00:42:47.411289+00:00, run_after=2023-04-06T00:42:47.411289+00:00
[2023-04-05 21:42:47,777] {processor.py:161} INFO - Processing /home/edinaldo/Documents/previsao_remuneracao/previsao_remuneracao/venv/lib/python3.10/site-packages/airflow/example_dags/example_skip_dag.py took 0.503 seconds
