[2023-04-05 21:00:17,342] {processor.py:153} INFO - Started process (PID=52083) to work on /home/edinaldo/Documents/previsao_remuneracao/previsao_remuneracao/venv/lib/python3.10/site-packages/airflow/example_dags/example_task_group_decorator.py
[2023-04-05 21:00:17,344] {processor.py:641} INFO - Processing file /home/edinaldo/Documents/previsao_remuneracao/previsao_remuneracao/venv/lib/python3.10/site-packages/airflow/example_dags/example_task_group_decorator.py for tasks to queue
[2023-04-05 21:00:17,345] {logging_mixin.py:115} INFO - [2023-04-05 21:00:17,345] {dagbag.py:507} INFO - Filling up the DagBag from /home/edinaldo/Documents/previsao_remuneracao/previsao_remuneracao/venv/lib/python3.10/site-packages/airflow/example_dags/example_task_group_decorator.py
[2023-04-05 21:00:17,381] {processor.py:651} INFO - DAG(s) dict_keys(['example_task_group_decorator']) retrieved from /home/edinaldo/Documents/previsao_remuneracao/previsao_remuneracao/venv/lib/python3.10/site-packages/airflow/example_dags/example_task_group_decorator.py
[2023-04-05 21:00:17,400] {logging_mixin.py:115} INFO - [2023-04-05 21:00:17,400] {dag.py:2379} INFO - Sync 1 DAGs
[2023-04-05 21:00:17,420] {logging_mixin.py:115} INFO - [2023-04-05 21:00:17,419] {dag.py:2927} INFO - Setting next_dagrun for example_task_group_decorator to 2023-04-05T00:00:17.419568+00:00, run_after=2023-04-06T00:00:17.419568+00:00
[2023-04-05 21:00:17,544] {processor.py:161} INFO - Processing /home/edinaldo/Documents/previsao_remuneracao/previsao_remuneracao/venv/lib/python3.10/site-packages/airflow/example_dags/example_task_group_decorator.py took 0.212 seconds
[2023-04-05 21:00:59,812] {processor.py:153} INFO - Started process (PID=52189) to work on /home/edinaldo/Documents/previsao_remuneracao/previsao_remuneracao/venv/lib/python3.10/site-packages/airflow/example_dags/example_task_group_decorator.py
[2023-04-05 21:00:59,814] {processor.py:641} INFO - Processing file /home/edinaldo/Documents/previsao_remuneracao/previsao_remuneracao/venv/lib/python3.10/site-packages/airflow/example_dags/example_task_group_decorator.py for tasks to queue
[2023-04-05 21:00:59,816] {logging_mixin.py:115} INFO - [2023-04-05 21:00:59,815] {dagbag.py:507} INFO - Filling up the DagBag from /home/edinaldo/Documents/previsao_remuneracao/previsao_remuneracao/venv/lib/python3.10/site-packages/airflow/example_dags/example_task_group_decorator.py
[2023-04-05 21:00:59,851] {processor.py:651} INFO - DAG(s) dict_keys(['example_task_group_decorator']) retrieved from /home/edinaldo/Documents/previsao_remuneracao/previsao_remuneracao/venv/lib/python3.10/site-packages/airflow/example_dags/example_task_group_decorator.py
[2023-04-05 21:00:59,870] {logging_mixin.py:115} INFO - [2023-04-05 21:00:59,870] {dag.py:2379} INFO - Sync 1 DAGs
[2023-04-05 21:00:59,890] {logging_mixin.py:115} INFO - [2023-04-05 21:00:59,889] {dag.py:2927} INFO - Setting next_dagrun for example_task_group_decorator to 2023-04-05T00:00:59.889587+00:00, run_after=2023-04-06T00:00:59.889587+00:00
[2023-04-05 21:01:00,009] {processor.py:161} INFO - Processing /home/edinaldo/Documents/previsao_remuneracao/previsao_remuneracao/venv/lib/python3.10/site-packages/airflow/example_dags/example_task_group_decorator.py took 0.207 seconds
[2023-04-05 21:01:37,117] {processor.py:153} INFO - Started process (PID=52249) to work on /home/edinaldo/Documents/previsao_remuneracao/previsao_remuneracao/venv/lib/python3.10/site-packages/airflow/example_dags/example_task_group_decorator.py
[2023-04-05 21:01:37,132] {processor.py:641} INFO - Processing file /home/edinaldo/Documents/previsao_remuneracao/previsao_remuneracao/venv/lib/python3.10/site-packages/airflow/example_dags/example_task_group_decorator.py for tasks to queue
[2023-04-05 21:01:37,133] {logging_mixin.py:115} INFO - [2023-04-05 21:01:37,132] {dagbag.py:507} INFO - Filling up the DagBag from /home/edinaldo/Documents/previsao_remuneracao/previsao_remuneracao/venv/lib/python3.10/site-packages/airflow/example_dags/example_task_group_decorator.py
[2023-04-05 21:01:37,161] {processor.py:651} INFO - DAG(s) dict_keys(['example_task_group_decorator']) retrieved from /home/edinaldo/Documents/previsao_remuneracao/previsao_remuneracao/venv/lib/python3.10/site-packages/airflow/example_dags/example_task_group_decorator.py
[2023-04-05 21:01:37,210] {logging_mixin.py:115} INFO - [2023-04-05 21:01:37,210] {dag.py:2379} INFO - Sync 1 DAGs
[2023-04-05 21:01:37,237] {logging_mixin.py:115} INFO - [2023-04-05 21:01:37,237] {dag.py:2927} INFO - Setting next_dagrun for example_task_group_decorator to 2023-04-05T00:01:37.236578+00:00, run_after=2023-04-06T00:01:37.236578+00:00
[2023-04-05 21:01:37,346] {processor.py:161} INFO - Processing /home/edinaldo/Documents/previsao_remuneracao/previsao_remuneracao/venv/lib/python3.10/site-packages/airflow/example_dags/example_task_group_decorator.py took 0.232 seconds
[2023-04-05 21:02:23,634] {processor.py:153} INFO - Started process (PID=52339) to work on /home/edinaldo/Documents/previsao_remuneracao/previsao_remuneracao/venv/lib/python3.10/site-packages/airflow/example_dags/example_task_group_decorator.py
[2023-04-05 21:02:23,635] {processor.py:641} INFO - Processing file /home/edinaldo/Documents/previsao_remuneracao/previsao_remuneracao/venv/lib/python3.10/site-packages/airflow/example_dags/example_task_group_decorator.py for tasks to queue
[2023-04-05 21:02:23,635] {logging_mixin.py:115} INFO - [2023-04-05 21:02:23,635] {dagbag.py:507} INFO - Filling up the DagBag from /home/edinaldo/Documents/previsao_remuneracao/previsao_remuneracao/venv/lib/python3.10/site-packages/airflow/example_dags/example_task_group_decorator.py
[2023-04-05 21:02:23,666] {processor.py:651} INFO - DAG(s) dict_keys(['example_task_group_decorator']) retrieved from /home/edinaldo/Documents/previsao_remuneracao/previsao_remuneracao/venv/lib/python3.10/site-packages/airflow/example_dags/example_task_group_decorator.py
[2023-04-05 21:02:23,686] {logging_mixin.py:115} INFO - [2023-04-05 21:02:23,686] {dag.py:2379} INFO - Sync 1 DAGs
[2023-04-05 21:02:23,706] {logging_mixin.py:115} INFO - [2023-04-05 21:02:23,706] {dag.py:2927} INFO - Setting next_dagrun for example_task_group_decorator to 2023-04-05T00:02:23.706285+00:00, run_after=2023-04-06T00:02:23.706285+00:00
[2023-04-05 21:02:23,830] {processor.py:161} INFO - Processing /home/edinaldo/Documents/previsao_remuneracao/previsao_remuneracao/venv/lib/python3.10/site-packages/airflow/example_dags/example_task_group_decorator.py took 0.201 seconds
[2023-04-05 21:03:15,354] {processor.py:153} INFO - Started process (PID=52453) to work on /home/edinaldo/Documents/previsao_remuneracao/previsao_remuneracao/venv/lib/python3.10/site-packages/airflow/example_dags/example_task_group_decorator.py
[2023-04-05 21:03:15,368] {processor.py:641} INFO - Processing file /home/edinaldo/Documents/previsao_remuneracao/previsao_remuneracao/venv/lib/python3.10/site-packages/airflow/example_dags/example_task_group_decorator.py for tasks to queue
[2023-04-05 21:03:15,370] {logging_mixin.py:115} INFO - [2023-04-05 21:03:15,370] {dagbag.py:507} INFO - Filling up the DagBag from /home/edinaldo/Documents/previsao_remuneracao/previsao_remuneracao/venv/lib/python3.10/site-packages/airflow/example_dags/example_task_group_decorator.py
[2023-04-05 21:03:15,412] {processor.py:651} INFO - DAG(s) dict_keys(['example_task_group_decorator']) retrieved from /home/edinaldo/Documents/previsao_remuneracao/previsao_remuneracao/venv/lib/python3.10/site-packages/airflow/example_dags/example_task_group_decorator.py
[2023-04-05 21:03:15,432] {logging_mixin.py:115} INFO - [2023-04-05 21:03:15,432] {dag.py:2379} INFO - Sync 1 DAGs
[2023-04-05 21:03:15,452] {logging_mixin.py:115} INFO - [2023-04-05 21:03:15,452] {dag.py:2927} INFO - Setting next_dagrun for example_task_group_decorator to 2023-04-05T00:03:15.451956+00:00, run_after=2023-04-06T00:03:15.451956+00:00
[2023-04-05 21:03:15,559] {processor.py:161} INFO - Processing /home/edinaldo/Documents/previsao_remuneracao/previsao_remuneracao/venv/lib/python3.10/site-packages/airflow/example_dags/example_task_group_decorator.py took 0.215 seconds
[2023-04-05 21:04:00,748] {processor.py:153} INFO - Started process (PID=52516) to work on /home/edinaldo/Documents/previsao_remuneracao/previsao_remuneracao/venv/lib/python3.10/site-packages/airflow/example_dags/example_task_group_decorator.py
[2023-04-05 21:04:00,766] {processor.py:641} INFO - Processing file /home/edinaldo/Documents/previsao_remuneracao/previsao_remuneracao/venv/lib/python3.10/site-packages/airflow/example_dags/example_task_group_decorator.py for tasks to queue
[2023-04-05 21:04:00,768] {logging_mixin.py:115} INFO - [2023-04-05 21:04:00,768] {dagbag.py:507} INFO - Filling up the DagBag from /home/edinaldo/Documents/previsao_remuneracao/previsao_remuneracao/venv/lib/python3.10/site-packages/airflow/example_dags/example_task_group_decorator.py
[2023-04-05 21:04:00,841] {processor.py:651} INFO - DAG(s) dict_keys(['example_task_group_decorator']) retrieved from /home/edinaldo/Documents/previsao_remuneracao/previsao_remuneracao/venv/lib/python3.10/site-packages/airflow/example_dags/example_task_group_decorator.py
[2023-04-05 21:04:00,863] {logging_mixin.py:115} INFO - [2023-04-05 21:04:00,863] {dag.py:2379} INFO - Sync 1 DAGs
[2023-04-05 21:04:00,886] {logging_mixin.py:115} INFO - [2023-04-05 21:04:00,886] {dag.py:2927} INFO - Setting next_dagrun for example_task_group_decorator to 2023-04-05T00:04:00.886069+00:00, run_after=2023-04-06T00:04:00.886069+00:00
[2023-04-05 21:04:01,007] {processor.py:161} INFO - Processing /home/edinaldo/Documents/previsao_remuneracao/previsao_remuneracao/venv/lib/python3.10/site-packages/airflow/example_dags/example_task_group_decorator.py took 0.272 seconds
[2023-04-05 21:04:44,015] {processor.py:153} INFO - Started process (PID=52567) to work on /home/edinaldo/Documents/previsao_remuneracao/previsao_remuneracao/venv/lib/python3.10/site-packages/airflow/example_dags/example_task_group_decorator.py
[2023-04-05 21:04:44,017] {processor.py:641} INFO - Processing file /home/edinaldo/Documents/previsao_remuneracao/previsao_remuneracao/venv/lib/python3.10/site-packages/airflow/example_dags/example_task_group_decorator.py for tasks to queue
[2023-04-05 21:04:44,019] {logging_mixin.py:115} INFO - [2023-04-05 21:04:44,018] {dagbag.py:507} INFO - Filling up the DagBag from /home/edinaldo/Documents/previsao_remuneracao/previsao_remuneracao/venv/lib/python3.10/site-packages/airflow/example_dags/example_task_group_decorator.py
[2023-04-05 21:04:44,071] {processor.py:651} INFO - DAG(s) dict_keys(['example_task_group_decorator']) retrieved from /home/edinaldo/Documents/previsao_remuneracao/previsao_remuneracao/venv/lib/python3.10/site-packages/airflow/example_dags/example_task_group_decorator.py
[2023-04-05 21:04:44,094] {logging_mixin.py:115} INFO - [2023-04-05 21:04:44,094] {dag.py:2379} INFO - Sync 1 DAGs
[2023-04-05 21:04:44,115] {logging_mixin.py:115} INFO - [2023-04-05 21:04:44,115] {dag.py:2927} INFO - Setting next_dagrun for example_task_group_decorator to 2023-04-05T00:04:44.115193+00:00, run_after=2023-04-06T00:04:44.115193+00:00
[2023-04-05 21:04:44,220] {processor.py:161} INFO - Processing /home/edinaldo/Documents/previsao_remuneracao/previsao_remuneracao/venv/lib/python3.10/site-packages/airflow/example_dags/example_task_group_decorator.py took 0.216 seconds
[2023-04-05 21:05:21,369] {processor.py:153} INFO - Started process (PID=52620) to work on /home/edinaldo/Documents/previsao_remuneracao/previsao_remuneracao/venv/lib/python3.10/site-packages/airflow/example_dags/example_task_group_decorator.py
[2023-04-05 21:05:21,382] {processor.py:641} INFO - Processing file /home/edinaldo/Documents/previsao_remuneracao/previsao_remuneracao/venv/lib/python3.10/site-packages/airflow/example_dags/example_task_group_decorator.py for tasks to queue
[2023-04-05 21:05:21,383] {logging_mixin.py:115} INFO - [2023-04-05 21:05:21,383] {dagbag.py:507} INFO - Filling up the DagBag from /home/edinaldo/Documents/previsao_remuneracao/previsao_remuneracao/venv/lib/python3.10/site-packages/airflow/example_dags/example_task_group_decorator.py
[2023-04-05 21:05:21,417] {processor.py:651} INFO - DAG(s) dict_keys(['example_task_group_decorator']) retrieved from /home/edinaldo/Documents/previsao_remuneracao/previsao_remuneracao/venv/lib/python3.10/site-packages/airflow/example_dags/example_task_group_decorator.py
[2023-04-05 21:05:21,436] {logging_mixin.py:115} INFO - [2023-04-05 21:05:21,436] {dag.py:2379} INFO - Sync 1 DAGs
[2023-04-05 21:05:21,457] {logging_mixin.py:115} INFO - [2023-04-05 21:05:21,457] {dag.py:2927} INFO - Setting next_dagrun for example_task_group_decorator to 2023-04-05T00:05:21.457560+00:00, run_after=2023-04-06T00:05:21.457560+00:00
[2023-04-05 21:05:21,558] {processor.py:161} INFO - Processing /home/edinaldo/Documents/previsao_remuneracao/previsao_remuneracao/venv/lib/python3.10/site-packages/airflow/example_dags/example_task_group_decorator.py took 0.196 seconds
[2023-04-05 21:06:08,309] {processor.py:153} INFO - Started process (PID=52696) to work on /home/edinaldo/Documents/previsao_remuneracao/previsao_remuneracao/venv/lib/python3.10/site-packages/airflow/example_dags/example_task_group_decorator.py
[2023-04-05 21:06:08,326] {processor.py:641} INFO - Processing file /home/edinaldo/Documents/previsao_remuneracao/previsao_remuneracao/venv/lib/python3.10/site-packages/airflow/example_dags/example_task_group_decorator.py for tasks to queue
[2023-04-05 21:06:08,327] {logging_mixin.py:115} INFO - [2023-04-05 21:06:08,327] {dagbag.py:507} INFO - Filling up the DagBag from /home/edinaldo/Documents/previsao_remuneracao/previsao_remuneracao/venv/lib/python3.10/site-packages/airflow/example_dags/example_task_group_decorator.py
[2023-04-05 21:06:08,379] {processor.py:651} INFO - DAG(s) dict_keys(['example_task_group_decorator']) retrieved from /home/edinaldo/Documents/previsao_remuneracao/previsao_remuneracao/venv/lib/python3.10/site-packages/airflow/example_dags/example_task_group_decorator.py
[2023-04-05 21:06:08,397] {logging_mixin.py:115} INFO - [2023-04-05 21:06:08,397] {dag.py:2379} INFO - Sync 1 DAGs
[2023-04-05 21:06:08,417] {logging_mixin.py:115} INFO - [2023-04-05 21:06:08,417] {dag.py:2927} INFO - Setting next_dagrun for example_task_group_decorator to 2023-04-05T00:06:08.417033+00:00, run_after=2023-04-06T00:06:08.417033+00:00
[2023-04-05 21:06:08,516] {processor.py:161} INFO - Processing /home/edinaldo/Documents/previsao_remuneracao/previsao_remuneracao/venv/lib/python3.10/site-packages/airflow/example_dags/example_task_group_decorator.py took 0.211 seconds
[2023-04-05 21:06:47,383] {processor.py:153} INFO - Started process (PID=52756) to work on /home/edinaldo/Documents/previsao_remuneracao/previsao_remuneracao/venv/lib/python3.10/site-packages/airflow/example_dags/example_task_group_decorator.py
[2023-04-05 21:06:47,392] {processor.py:641} INFO - Processing file /home/edinaldo/Documents/previsao_remuneracao/previsao_remuneracao/venv/lib/python3.10/site-packages/airflow/example_dags/example_task_group_decorator.py for tasks to queue
[2023-04-05 21:06:47,393] {logging_mixin.py:115} INFO - [2023-04-05 21:06:47,393] {dagbag.py:507} INFO - Filling up the DagBag from /home/edinaldo/Documents/previsao_remuneracao/previsao_remuneracao/venv/lib/python3.10/site-packages/airflow/example_dags/example_task_group_decorator.py
[2023-04-05 21:06:47,436] {processor.py:651} INFO - DAG(s) dict_keys(['example_task_group_decorator']) retrieved from /home/edinaldo/Documents/previsao_remuneracao/previsao_remuneracao/venv/lib/python3.10/site-packages/airflow/example_dags/example_task_group_decorator.py
[2023-04-05 21:06:47,484] {logging_mixin.py:115} INFO - [2023-04-05 21:06:47,484] {dag.py:2379} INFO - Sync 1 DAGs
[2023-04-05 21:06:47,501] {logging_mixin.py:115} INFO - [2023-04-05 21:06:47,500] {dag.py:2927} INFO - Setting next_dagrun for example_task_group_decorator to 2023-04-05T00:06:47.500671+00:00, run_after=2023-04-06T00:06:47.500671+00:00
[2023-04-05 21:06:47,599] {processor.py:161} INFO - Processing /home/edinaldo/Documents/previsao_remuneracao/previsao_remuneracao/venv/lib/python3.10/site-packages/airflow/example_dags/example_task_group_decorator.py took 0.226 seconds
[2023-04-05 21:07:24,780] {processor.py:153} INFO - Started process (PID=52794) to work on /home/edinaldo/Documents/previsao_remuneracao/previsao_remuneracao/venv/lib/python3.10/site-packages/airflow/example_dags/example_task_group_decorator.py
[2023-04-05 21:07:24,797] {processor.py:641} INFO - Processing file /home/edinaldo/Documents/previsao_remuneracao/previsao_remuneracao/venv/lib/python3.10/site-packages/airflow/example_dags/example_task_group_decorator.py for tasks to queue
[2023-04-05 21:07:24,799] {logging_mixin.py:115} INFO - [2023-04-05 21:07:24,798] {dagbag.py:507} INFO - Filling up the DagBag from /home/edinaldo/Documents/previsao_remuneracao/previsao_remuneracao/venv/lib/python3.10/site-packages/airflow/example_dags/example_task_group_decorator.py
[2023-04-05 21:07:24,842] {processor.py:651} INFO - DAG(s) dict_keys(['example_task_group_decorator']) retrieved from /home/edinaldo/Documents/previsao_remuneracao/previsao_remuneracao/venv/lib/python3.10/site-packages/airflow/example_dags/example_task_group_decorator.py
[2023-04-05 21:07:24,861] {logging_mixin.py:115} INFO - [2023-04-05 21:07:24,861] {dag.py:2379} INFO - Sync 1 DAGs
[2023-04-05 21:07:24,880] {logging_mixin.py:115} INFO - [2023-04-05 21:07:24,880] {dag.py:2927} INFO - Setting next_dagrun for example_task_group_decorator to 2023-04-05T00:07:24.880509+00:00, run_after=2023-04-06T00:07:24.880509+00:00
[2023-04-05 21:07:24,976] {processor.py:161} INFO - Processing /home/edinaldo/Documents/previsao_remuneracao/previsao_remuneracao/venv/lib/python3.10/site-packages/airflow/example_dags/example_task_group_decorator.py took 0.205 seconds
[2023-04-05 21:08:06,668] {processor.py:153} INFO - Started process (PID=52834) to work on /home/edinaldo/Documents/previsao_remuneracao/previsao_remuneracao/venv/lib/python3.10/site-packages/airflow/example_dags/example_task_group_decorator.py
[2023-04-05 21:08:06,670] {processor.py:641} INFO - Processing file /home/edinaldo/Documents/previsao_remuneracao/previsao_remuneracao/venv/lib/python3.10/site-packages/airflow/example_dags/example_task_group_decorator.py for tasks to queue
[2023-04-05 21:08:06,672] {logging_mixin.py:115} INFO - [2023-04-05 21:08:06,672] {dagbag.py:507} INFO - Filling up the DagBag from /home/edinaldo/Documents/previsao_remuneracao/previsao_remuneracao/venv/lib/python3.10/site-packages/airflow/example_dags/example_task_group_decorator.py
[2023-04-05 21:08:06,706] {processor.py:651} INFO - DAG(s) dict_keys(['example_task_group_decorator']) retrieved from /home/edinaldo/Documents/previsao_remuneracao/previsao_remuneracao/venv/lib/python3.10/site-packages/airflow/example_dags/example_task_group_decorator.py
[2023-04-05 21:08:06,726] {logging_mixin.py:115} INFO - [2023-04-05 21:08:06,725] {dag.py:2379} INFO - Sync 1 DAGs
[2023-04-05 21:08:06,745] {logging_mixin.py:115} INFO - [2023-04-05 21:08:06,745] {dag.py:2927} INFO - Setting next_dagrun for example_task_group_decorator to 2023-04-05T00:08:06.745276+00:00, run_after=2023-04-06T00:08:06.745276+00:00
[2023-04-05 21:08:06,897] {processor.py:161} INFO - Processing /home/edinaldo/Documents/previsao_remuneracao/previsao_remuneracao/venv/lib/python3.10/site-packages/airflow/example_dags/example_task_group_decorator.py took 0.239 seconds
[2023-04-05 21:08:46,462] {processor.py:153} INFO - Started process (PID=52870) to work on /home/edinaldo/Documents/previsao_remuneracao/previsao_remuneracao/venv/lib/python3.10/site-packages/airflow/example_dags/example_task_group_decorator.py
[2023-04-05 21:08:46,464] {processor.py:641} INFO - Processing file /home/edinaldo/Documents/previsao_remuneracao/previsao_remuneracao/venv/lib/python3.10/site-packages/airflow/example_dags/example_task_group_decorator.py for tasks to queue
[2023-04-05 21:08:46,465] {logging_mixin.py:115} INFO - [2023-04-05 21:08:46,465] {dagbag.py:507} INFO - Filling up the DagBag from /home/edinaldo/Documents/previsao_remuneracao/previsao_remuneracao/venv/lib/python3.10/site-packages/airflow/example_dags/example_task_group_decorator.py
[2023-04-05 21:08:46,499] {processor.py:651} INFO - DAG(s) dict_keys(['example_task_group_decorator']) retrieved from /home/edinaldo/Documents/previsao_remuneracao/previsao_remuneracao/venv/lib/python3.10/site-packages/airflow/example_dags/example_task_group_decorator.py
[2023-04-05 21:08:46,518] {logging_mixin.py:115} INFO - [2023-04-05 21:08:46,518] {dag.py:2379} INFO - Sync 1 DAGs
[2023-04-05 21:08:46,538] {logging_mixin.py:115} INFO - [2023-04-05 21:08:46,538] {dag.py:2927} INFO - Setting next_dagrun for example_task_group_decorator to 2023-04-05T00:08:46.538147+00:00, run_after=2023-04-06T00:08:46.538147+00:00
[2023-04-05 21:08:46,673] {processor.py:161} INFO - Processing /home/edinaldo/Documents/previsao_remuneracao/previsao_remuneracao/venv/lib/python3.10/site-packages/airflow/example_dags/example_task_group_decorator.py took 0.222 seconds
[2023-04-05 21:09:33,573] {processor.py:153} INFO - Started process (PID=52915) to work on /home/edinaldo/Documents/previsao_remuneracao/previsao_remuneracao/venv/lib/python3.10/site-packages/airflow/example_dags/example_task_group_decorator.py
[2023-04-05 21:09:33,574] {processor.py:641} INFO - Processing file /home/edinaldo/Documents/previsao_remuneracao/previsao_remuneracao/venv/lib/python3.10/site-packages/airflow/example_dags/example_task_group_decorator.py for tasks to queue
[2023-04-05 21:09:33,574] {logging_mixin.py:115} INFO - [2023-04-05 21:09:33,574] {dagbag.py:507} INFO - Filling up the DagBag from /home/edinaldo/Documents/previsao_remuneracao/previsao_remuneracao/venv/lib/python3.10/site-packages/airflow/example_dags/example_task_group_decorator.py
[2023-04-05 21:09:33,607] {processor.py:651} INFO - DAG(s) dict_keys(['example_task_group_decorator']) retrieved from /home/edinaldo/Documents/previsao_remuneracao/previsao_remuneracao/venv/lib/python3.10/site-packages/airflow/example_dags/example_task_group_decorator.py
[2023-04-05 21:09:33,735] {logging_mixin.py:115} INFO - [2023-04-05 21:09:33,735] {dag.py:2379} INFO - Sync 1 DAGs
[2023-04-05 21:09:33,779] {logging_mixin.py:115} INFO - [2023-04-05 21:09:33,779] {dag.py:2927} INFO - Setting next_dagrun for example_task_group_decorator to 2023-04-05T00:09:33.778704+00:00, run_after=2023-04-06T00:09:33.778704+00:00
[2023-04-05 21:09:33,872] {processor.py:161} INFO - Processing /home/edinaldo/Documents/previsao_remuneracao/previsao_remuneracao/venv/lib/python3.10/site-packages/airflow/example_dags/example_task_group_decorator.py took 0.303 seconds
[2023-04-05 21:10:14,679] {processor.py:153} INFO - Started process (PID=52954) to work on /home/edinaldo/Documents/previsao_remuneracao/previsao_remuneracao/venv/lib/python3.10/site-packages/airflow/example_dags/example_task_group_decorator.py
[2023-04-05 21:10:14,681] {processor.py:641} INFO - Processing file /home/edinaldo/Documents/previsao_remuneracao/previsao_remuneracao/venv/lib/python3.10/site-packages/airflow/example_dags/example_task_group_decorator.py for tasks to queue
[2023-04-05 21:10:14,683] {logging_mixin.py:115} INFO - [2023-04-05 21:10:14,683] {dagbag.py:507} INFO - Filling up the DagBag from /home/edinaldo/Documents/previsao_remuneracao/previsao_remuneracao/venv/lib/python3.10/site-packages/airflow/example_dags/example_task_group_decorator.py
[2023-04-05 21:10:14,718] {processor.py:651} INFO - DAG(s) dict_keys(['example_task_group_decorator']) retrieved from /home/edinaldo/Documents/previsao_remuneracao/previsao_remuneracao/venv/lib/python3.10/site-packages/airflow/example_dags/example_task_group_decorator.py
[2023-04-05 21:10:14,737] {logging_mixin.py:115} INFO - [2023-04-05 21:10:14,737] {dag.py:2379} INFO - Sync 1 DAGs
[2023-04-05 21:10:14,757] {logging_mixin.py:115} INFO - [2023-04-05 21:10:14,757] {dag.py:2927} INFO - Setting next_dagrun for example_task_group_decorator to 2023-04-05T00:10:14.756922+00:00, run_after=2023-04-06T00:10:14.756922+00:00
[2023-04-05 21:10:14,877] {processor.py:161} INFO - Processing /home/edinaldo/Documents/previsao_remuneracao/previsao_remuneracao/venv/lib/python3.10/site-packages/airflow/example_dags/example_task_group_decorator.py took 0.208 seconds
[2023-04-05 21:10:58,509] {processor.py:153} INFO - Started process (PID=53114) to work on /home/edinaldo/Documents/previsao_remuneracao/previsao_remuneracao/venv/lib/python3.10/site-packages/airflow/example_dags/example_task_group_decorator.py
[2023-04-05 21:10:58,525] {processor.py:641} INFO - Processing file /home/edinaldo/Documents/previsao_remuneracao/previsao_remuneracao/venv/lib/python3.10/site-packages/airflow/example_dags/example_task_group_decorator.py for tasks to queue
[2023-04-05 21:10:58,526] {logging_mixin.py:115} INFO - [2023-04-05 21:10:58,526] {dagbag.py:507} INFO - Filling up the DagBag from /home/edinaldo/Documents/previsao_remuneracao/previsao_remuneracao/venv/lib/python3.10/site-packages/airflow/example_dags/example_task_group_decorator.py
[2023-04-05 21:10:58,591] {processor.py:651} INFO - DAG(s) dict_keys(['example_task_group_decorator']) retrieved from /home/edinaldo/Documents/previsao_remuneracao/previsao_remuneracao/venv/lib/python3.10/site-packages/airflow/example_dags/example_task_group_decorator.py
[2023-04-05 21:10:58,616] {logging_mixin.py:115} INFO - [2023-04-05 21:10:58,616] {dag.py:2379} INFO - Sync 1 DAGs
[2023-04-05 21:10:58,637] {logging_mixin.py:115} INFO - [2023-04-05 21:10:58,636] {dag.py:2927} INFO - Setting next_dagrun for example_task_group_decorator to 2023-04-05T00:10:58.636653+00:00, run_after=2023-04-06T00:10:58.636653+00:00
[2023-04-05 21:10:58,745] {processor.py:161} INFO - Processing /home/edinaldo/Documents/previsao_remuneracao/previsao_remuneracao/venv/lib/python3.10/site-packages/airflow/example_dags/example_task_group_decorator.py took 0.245 seconds
[2023-04-05 21:11:38,651] {processor.py:153} INFO - Started process (PID=53178) to work on /home/edinaldo/Documents/previsao_remuneracao/previsao_remuneracao/venv/lib/python3.10/site-packages/airflow/example_dags/example_task_group_decorator.py
[2023-04-05 21:11:38,652] {processor.py:641} INFO - Processing file /home/edinaldo/Documents/previsao_remuneracao/previsao_remuneracao/venv/lib/python3.10/site-packages/airflow/example_dags/example_task_group_decorator.py for tasks to queue
[2023-04-05 21:11:38,653] {logging_mixin.py:115} INFO - [2023-04-05 21:11:38,652] {dagbag.py:507} INFO - Filling up the DagBag from /home/edinaldo/Documents/previsao_remuneracao/previsao_remuneracao/venv/lib/python3.10/site-packages/airflow/example_dags/example_task_group_decorator.py
[2023-04-05 21:11:38,681] {processor.py:651} INFO - DAG(s) dict_keys(['example_task_group_decorator']) retrieved from /home/edinaldo/Documents/previsao_remuneracao/previsao_remuneracao/venv/lib/python3.10/site-packages/airflow/example_dags/example_task_group_decorator.py
[2023-04-05 21:11:38,730] {logging_mixin.py:115} INFO - [2023-04-05 21:11:38,730] {dag.py:2379} INFO - Sync 1 DAGs
[2023-04-05 21:11:38,746] {logging_mixin.py:115} INFO - [2023-04-05 21:11:38,746] {dag.py:2927} INFO - Setting next_dagrun for example_task_group_decorator to 2023-04-05T00:11:38.746357+00:00, run_after=2023-04-06T00:11:38.746357+00:00
[2023-04-05 21:11:38,874] {processor.py:161} INFO - Processing /home/edinaldo/Documents/previsao_remuneracao/previsao_remuneracao/venv/lib/python3.10/site-packages/airflow/example_dags/example_task_group_decorator.py took 0.226 seconds
[2023-04-05 21:12:14,619] {processor.py:153} INFO - Started process (PID=53222) to work on /home/edinaldo/Documents/previsao_remuneracao/previsao_remuneracao/venv/lib/python3.10/site-packages/airflow/example_dags/example_task_group_decorator.py
[2023-04-05 21:12:14,620] {processor.py:641} INFO - Processing file /home/edinaldo/Documents/previsao_remuneracao/previsao_remuneracao/venv/lib/python3.10/site-packages/airflow/example_dags/example_task_group_decorator.py for tasks to queue
[2023-04-05 21:12:14,620] {logging_mixin.py:115} INFO - [2023-04-05 21:12:14,620] {dagbag.py:507} INFO - Filling up the DagBag from /home/edinaldo/Documents/previsao_remuneracao/previsao_remuneracao/venv/lib/python3.10/site-packages/airflow/example_dags/example_task_group_decorator.py
[2023-04-05 21:12:14,649] {processor.py:651} INFO - DAG(s) dict_keys(['example_task_group_decorator']) retrieved from /home/edinaldo/Documents/previsao_remuneracao/previsao_remuneracao/venv/lib/python3.10/site-packages/airflow/example_dags/example_task_group_decorator.py
[2023-04-05 21:12:14,668] {logging_mixin.py:115} INFO - [2023-04-05 21:12:14,668] {dag.py:2379} INFO - Sync 1 DAGs
[2023-04-05 21:12:14,687] {logging_mixin.py:115} INFO - [2023-04-05 21:12:14,687] {dag.py:2927} INFO - Setting next_dagrun for example_task_group_decorator to 2023-04-05T00:12:14.687506+00:00, run_after=2023-04-06T00:12:14.687506+00:00
[2023-04-05 21:12:14,775] {processor.py:161} INFO - Processing /home/edinaldo/Documents/previsao_remuneracao/previsao_remuneracao/venv/lib/python3.10/site-packages/airflow/example_dags/example_task_group_decorator.py took 0.159 seconds
[2023-04-05 21:13:11,894] {processor.py:153} INFO - Started process (PID=53409) to work on /home/edinaldo/Documents/previsao_remuneracao/previsao_remuneracao/venv/lib/python3.10/site-packages/airflow/example_dags/example_task_group_decorator.py
[2023-04-05 21:13:11,915] {processor.py:641} INFO - Processing file /home/edinaldo/Documents/previsao_remuneracao/previsao_remuneracao/venv/lib/python3.10/site-packages/airflow/example_dags/example_task_group_decorator.py for tasks to queue
[2023-04-05 21:13:11,917] {logging_mixin.py:115} INFO - [2023-04-05 21:13:11,917] {dagbag.py:507} INFO - Filling up the DagBag from /home/edinaldo/Documents/previsao_remuneracao/previsao_remuneracao/venv/lib/python3.10/site-packages/airflow/example_dags/example_task_group_decorator.py
[2023-04-05 21:13:11,968] {processor.py:651} INFO - DAG(s) dict_keys(['example_task_group_decorator']) retrieved from /home/edinaldo/Documents/previsao_remuneracao/previsao_remuneracao/venv/lib/python3.10/site-packages/airflow/example_dags/example_task_group_decorator.py
[2023-04-05 21:13:11,989] {logging_mixin.py:115} INFO - [2023-04-05 21:13:11,989] {dag.py:2379} INFO - Sync 1 DAGs
[2023-04-05 21:13:12,012] {logging_mixin.py:115} INFO - [2023-04-05 21:13:12,012] {dag.py:2927} INFO - Setting next_dagrun for example_task_group_decorator to 2023-04-05T00:13:12.011876+00:00, run_after=2023-04-06T00:13:12.011876+00:00
[2023-04-05 21:13:12,128] {processor.py:161} INFO - Processing /home/edinaldo/Documents/previsao_remuneracao/previsao_remuneracao/venv/lib/python3.10/site-packages/airflow/example_dags/example_task_group_decorator.py took 0.245 seconds
[2023-04-05 21:13:51,535] {processor.py:153} INFO - Started process (PID=53457) to work on /home/edinaldo/Documents/previsao_remuneracao/previsao_remuneracao/venv/lib/python3.10/site-packages/airflow/example_dags/example_task_group_decorator.py
[2023-04-05 21:13:51,536] {processor.py:641} INFO - Processing file /home/edinaldo/Documents/previsao_remuneracao/previsao_remuneracao/venv/lib/python3.10/site-packages/airflow/example_dags/example_task_group_decorator.py for tasks to queue
[2023-04-05 21:13:51,538] {logging_mixin.py:115} INFO - [2023-04-05 21:13:51,538] {dagbag.py:507} INFO - Filling up the DagBag from /home/edinaldo/Documents/previsao_remuneracao/previsao_remuneracao/venv/lib/python3.10/site-packages/airflow/example_dags/example_task_group_decorator.py
[2023-04-05 21:13:51,577] {processor.py:651} INFO - DAG(s) dict_keys(['example_task_group_decorator']) retrieved from /home/edinaldo/Documents/previsao_remuneracao/previsao_remuneracao/venv/lib/python3.10/site-packages/airflow/example_dags/example_task_group_decorator.py
[2023-04-05 21:13:51,596] {logging_mixin.py:115} INFO - [2023-04-05 21:13:51,596] {dag.py:2379} INFO - Sync 1 DAGs
[2023-04-05 21:13:51,617] {logging_mixin.py:115} INFO - [2023-04-05 21:13:51,617] {dag.py:2927} INFO - Setting next_dagrun for example_task_group_decorator to 2023-04-05T00:13:51.617288+00:00, run_after=2023-04-06T00:13:51.617288+00:00
[2023-04-05 21:13:51,719] {processor.py:161} INFO - Processing /home/edinaldo/Documents/previsao_remuneracao/previsao_remuneracao/venv/lib/python3.10/site-packages/airflow/example_dags/example_task_group_decorator.py took 0.194 seconds
[2023-04-05 21:14:29,788] {processor.py:153} INFO - Started process (PID=53490) to work on /home/edinaldo/Documents/previsao_remuneracao/previsao_remuneracao/venv/lib/python3.10/site-packages/airflow/example_dags/example_task_group_decorator.py
[2023-04-05 21:14:29,803] {processor.py:641} INFO - Processing file /home/edinaldo/Documents/previsao_remuneracao/previsao_remuneracao/venv/lib/python3.10/site-packages/airflow/example_dags/example_task_group_decorator.py for tasks to queue
[2023-04-05 21:14:29,805] {logging_mixin.py:115} INFO - [2023-04-05 21:14:29,805] {dagbag.py:507} INFO - Filling up the DagBag from /home/edinaldo/Documents/previsao_remuneracao/previsao_remuneracao/venv/lib/python3.10/site-packages/airflow/example_dags/example_task_group_decorator.py
[2023-04-05 21:14:29,897] {processor.py:651} INFO - DAG(s) dict_keys(['example_task_group_decorator']) retrieved from /home/edinaldo/Documents/previsao_remuneracao/previsao_remuneracao/venv/lib/python3.10/site-packages/airflow/example_dags/example_task_group_decorator.py
[2023-04-05 21:14:29,922] {logging_mixin.py:115} INFO - [2023-04-05 21:14:29,922] {dag.py:2379} INFO - Sync 1 DAGs
[2023-04-05 21:14:29,946] {logging_mixin.py:115} INFO - [2023-04-05 21:14:29,946] {dag.py:2927} INFO - Setting next_dagrun for example_task_group_decorator to 2023-04-05T00:14:29.945999+00:00, run_after=2023-04-06T00:14:29.945999+00:00
[2023-04-05 21:14:30,077] {processor.py:161} INFO - Processing /home/edinaldo/Documents/previsao_remuneracao/previsao_remuneracao/venv/lib/python3.10/site-packages/airflow/example_dags/example_task_group_decorator.py took 0.303 seconds
[2023-04-05 21:15:11,022] {processor.py:153} INFO - Started process (PID=53533) to work on /home/edinaldo/Documents/previsao_remuneracao/previsao_remuneracao/venv/lib/python3.10/site-packages/airflow/example_dags/example_task_group_decorator.py
[2023-04-05 21:15:11,024] {processor.py:641} INFO - Processing file /home/edinaldo/Documents/previsao_remuneracao/previsao_remuneracao/venv/lib/python3.10/site-packages/airflow/example_dags/example_task_group_decorator.py for tasks to queue
[2023-04-05 21:15:11,026] {logging_mixin.py:115} INFO - [2023-04-05 21:15:11,025] {dagbag.py:507} INFO - Filling up the DagBag from /home/edinaldo/Documents/previsao_remuneracao/previsao_remuneracao/venv/lib/python3.10/site-packages/airflow/example_dags/example_task_group_decorator.py
[2023-04-05 21:15:11,065] {processor.py:651} INFO - DAG(s) dict_keys(['example_task_group_decorator']) retrieved from /home/edinaldo/Documents/previsao_remuneracao/previsao_remuneracao/venv/lib/python3.10/site-packages/airflow/example_dags/example_task_group_decorator.py
[2023-04-05 21:15:11,084] {logging_mixin.py:115} INFO - [2023-04-05 21:15:11,084] {dag.py:2379} INFO - Sync 1 DAGs
[2023-04-05 21:15:11,104] {logging_mixin.py:115} INFO - [2023-04-05 21:15:11,104] {dag.py:2927} INFO - Setting next_dagrun for example_task_group_decorator to 2023-04-05T00:15:11.103927+00:00, run_after=2023-04-06T00:15:11.103927+00:00
[2023-04-05 21:15:11,205] {processor.py:161} INFO - Processing /home/edinaldo/Documents/previsao_remuneracao/previsao_remuneracao/venv/lib/python3.10/site-packages/airflow/example_dags/example_task_group_decorator.py took 0.193 seconds
[2023-04-05 21:15:52,394] {processor.py:153} INFO - Started process (PID=53605) to work on /home/edinaldo/Documents/previsao_remuneracao/previsao_remuneracao/venv/lib/python3.10/site-packages/airflow/example_dags/example_task_group_decorator.py
[2023-04-05 21:15:52,395] {processor.py:641} INFO - Processing file /home/edinaldo/Documents/previsao_remuneracao/previsao_remuneracao/venv/lib/python3.10/site-packages/airflow/example_dags/example_task_group_decorator.py for tasks to queue
[2023-04-05 21:15:52,396] {logging_mixin.py:115} INFO - [2023-04-05 21:15:52,395] {dagbag.py:507} INFO - Filling up the DagBag from /home/edinaldo/Documents/previsao_remuneracao/previsao_remuneracao/venv/lib/python3.10/site-packages/airflow/example_dags/example_task_group_decorator.py
[2023-04-05 21:15:52,425] {processor.py:651} INFO - DAG(s) dict_keys(['example_task_group_decorator']) retrieved from /home/edinaldo/Documents/previsao_remuneracao/previsao_remuneracao/venv/lib/python3.10/site-packages/airflow/example_dags/example_task_group_decorator.py
[2023-04-05 21:15:52,444] {logging_mixin.py:115} INFO - [2023-04-05 21:15:52,443] {dag.py:2379} INFO - Sync 1 DAGs
[2023-04-05 21:15:52,463] {logging_mixin.py:115} INFO - [2023-04-05 21:15:52,463] {dag.py:2927} INFO - Setting next_dagrun for example_task_group_decorator to 2023-04-05T00:15:52.462873+00:00, run_after=2023-04-06T00:15:52.462873+00:00
[2023-04-05 21:15:52,567] {processor.py:161} INFO - Processing /home/edinaldo/Documents/previsao_remuneracao/previsao_remuneracao/venv/lib/python3.10/site-packages/airflow/example_dags/example_task_group_decorator.py took 0.176 seconds
[2023-04-05 21:16:29,227] {processor.py:153} INFO - Started process (PID=53639) to work on /home/edinaldo/Documents/previsao_remuneracao/previsao_remuneracao/venv/lib/python3.10/site-packages/airflow/example_dags/example_task_group_decorator.py
[2023-04-05 21:16:29,228] {processor.py:641} INFO - Processing file /home/edinaldo/Documents/previsao_remuneracao/previsao_remuneracao/venv/lib/python3.10/site-packages/airflow/example_dags/example_task_group_decorator.py for tasks to queue
[2023-04-05 21:16:29,228] {logging_mixin.py:115} INFO - [2023-04-05 21:16:29,228] {dagbag.py:507} INFO - Filling up the DagBag from /home/edinaldo/Documents/previsao_remuneracao/previsao_remuneracao/venv/lib/python3.10/site-packages/airflow/example_dags/example_task_group_decorator.py
[2023-04-05 21:16:29,257] {processor.py:651} INFO - DAG(s) dict_keys(['example_task_group_decorator']) retrieved from /home/edinaldo/Documents/previsao_remuneracao/previsao_remuneracao/venv/lib/python3.10/site-packages/airflow/example_dags/example_task_group_decorator.py
[2023-04-05 21:16:29,305] {logging_mixin.py:115} INFO - [2023-04-05 21:16:29,305] {dag.py:2379} INFO - Sync 1 DAGs
[2023-04-05 21:16:29,322] {logging_mixin.py:115} INFO - [2023-04-05 21:16:29,322] {dag.py:2927} INFO - Setting next_dagrun for example_task_group_decorator to 2023-04-05T00:16:29.321825+00:00, run_after=2023-04-06T00:16:29.321825+00:00
[2023-04-05 21:16:29,433] {processor.py:161} INFO - Processing /home/edinaldo/Documents/previsao_remuneracao/previsao_remuneracao/venv/lib/python3.10/site-packages/airflow/example_dags/example_task_group_decorator.py took 0.209 seconds
[2023-04-05 21:17:13,847] {processor.py:153} INFO - Started process (PID=53709) to work on /home/edinaldo/Documents/previsao_remuneracao/previsao_remuneracao/venv/lib/python3.10/site-packages/airflow/example_dags/example_task_group_decorator.py
[2023-04-05 21:17:13,853] {processor.py:641} INFO - Processing file /home/edinaldo/Documents/previsao_remuneracao/previsao_remuneracao/venv/lib/python3.10/site-packages/airflow/example_dags/example_task_group_decorator.py for tasks to queue
[2023-04-05 21:17:13,854] {logging_mixin.py:115} INFO - [2023-04-05 21:17:13,854] {dagbag.py:507} INFO - Filling up the DagBag from /home/edinaldo/Documents/previsao_remuneracao/previsao_remuneracao/venv/lib/python3.10/site-packages/airflow/example_dags/example_task_group_decorator.py
[2023-04-05 21:17:13,890] {processor.py:651} INFO - DAG(s) dict_keys(['example_task_group_decorator']) retrieved from /home/edinaldo/Documents/previsao_remuneracao/previsao_remuneracao/venv/lib/python3.10/site-packages/airflow/example_dags/example_task_group_decorator.py
[2023-04-05 21:17:13,908] {logging_mixin.py:115} INFO - [2023-04-05 21:17:13,908] {dag.py:2379} INFO - Sync 1 DAGs
[2023-04-05 21:17:13,928] {logging_mixin.py:115} INFO - [2023-04-05 21:17:13,928] {dag.py:2927} INFO - Setting next_dagrun for example_task_group_decorator to 2023-04-05T00:17:13.927731+00:00, run_after=2023-04-06T00:17:13.927731+00:00
[2023-04-05 21:17:14,018] {processor.py:161} INFO - Processing /home/edinaldo/Documents/previsao_remuneracao/previsao_remuneracao/venv/lib/python3.10/site-packages/airflow/example_dags/example_task_group_decorator.py took 0.175 seconds
[2023-04-05 21:17:53,390] {processor.py:153} INFO - Started process (PID=53749) to work on /home/edinaldo/Documents/previsao_remuneracao/previsao_remuneracao/venv/lib/python3.10/site-packages/airflow/example_dags/example_task_group_decorator.py
[2023-04-05 21:17:53,395] {processor.py:641} INFO - Processing file /home/edinaldo/Documents/previsao_remuneracao/previsao_remuneracao/venv/lib/python3.10/site-packages/airflow/example_dags/example_task_group_decorator.py for tasks to queue
[2023-04-05 21:17:53,396] {logging_mixin.py:115} INFO - [2023-04-05 21:17:53,396] {dagbag.py:507} INFO - Filling up the DagBag from /home/edinaldo/Documents/previsao_remuneracao/previsao_remuneracao/venv/lib/python3.10/site-packages/airflow/example_dags/example_task_group_decorator.py
[2023-04-05 21:17:53,426] {processor.py:651} INFO - DAG(s) dict_keys(['example_task_group_decorator']) retrieved from /home/edinaldo/Documents/previsao_remuneracao/previsao_remuneracao/venv/lib/python3.10/site-packages/airflow/example_dags/example_task_group_decorator.py
[2023-04-05 21:17:53,444] {logging_mixin.py:115} INFO - [2023-04-05 21:17:53,444] {dag.py:2379} INFO - Sync 1 DAGs
[2023-04-05 21:17:53,464] {logging_mixin.py:115} INFO - [2023-04-05 21:17:53,464] {dag.py:2927} INFO - Setting next_dagrun for example_task_group_decorator to 2023-04-05T00:17:53.463891+00:00, run_after=2023-04-06T00:17:53.463891+00:00
[2023-04-05 21:17:53,557] {processor.py:161} INFO - Processing /home/edinaldo/Documents/previsao_remuneracao/previsao_remuneracao/venv/lib/python3.10/site-packages/airflow/example_dags/example_task_group_decorator.py took 0.176 seconds
[2023-04-05 21:18:31,309] {processor.py:153} INFO - Started process (PID=53784) to work on /home/edinaldo/Documents/previsao_remuneracao/previsao_remuneracao/venv/lib/python3.10/site-packages/airflow/example_dags/example_task_group_decorator.py
[2023-04-05 21:18:31,310] {processor.py:641} INFO - Processing file /home/edinaldo/Documents/previsao_remuneracao/previsao_remuneracao/venv/lib/python3.10/site-packages/airflow/example_dags/example_task_group_decorator.py for tasks to queue
[2023-04-05 21:18:31,310] {logging_mixin.py:115} INFO - [2023-04-05 21:18:31,310] {dagbag.py:507} INFO - Filling up the DagBag from /home/edinaldo/Documents/previsao_remuneracao/previsao_remuneracao/venv/lib/python3.10/site-packages/airflow/example_dags/example_task_group_decorator.py
[2023-04-05 21:18:31,340] {processor.py:651} INFO - DAG(s) dict_keys(['example_task_group_decorator']) retrieved from /home/edinaldo/Documents/previsao_remuneracao/previsao_remuneracao/venv/lib/python3.10/site-packages/airflow/example_dags/example_task_group_decorator.py
[2023-04-05 21:18:31,359] {logging_mixin.py:115} INFO - [2023-04-05 21:18:31,359] {dag.py:2379} INFO - Sync 1 DAGs
[2023-04-05 21:18:31,378] {logging_mixin.py:115} INFO - [2023-04-05 21:18:31,378] {dag.py:2927} INFO - Setting next_dagrun for example_task_group_decorator to 2023-04-05T00:18:31.378087+00:00, run_after=2023-04-06T00:18:31.378087+00:00
[2023-04-05 21:18:31,474] {processor.py:161} INFO - Processing /home/edinaldo/Documents/previsao_remuneracao/previsao_remuneracao/venv/lib/python3.10/site-packages/airflow/example_dags/example_task_group_decorator.py took 0.168 seconds
[2023-04-05 21:19:09,575] {processor.py:153} INFO - Started process (PID=53825) to work on /home/edinaldo/Documents/previsao_remuneracao/previsao_remuneracao/venv/lib/python3.10/site-packages/airflow/example_dags/example_task_group_decorator.py
[2023-04-05 21:19:09,577] {processor.py:641} INFO - Processing file /home/edinaldo/Documents/previsao_remuneracao/previsao_remuneracao/venv/lib/python3.10/site-packages/airflow/example_dags/example_task_group_decorator.py for tasks to queue
[2023-04-05 21:19:09,577] {logging_mixin.py:115} INFO - [2023-04-05 21:19:09,577] {dagbag.py:507} INFO - Filling up the DagBag from /home/edinaldo/Documents/previsao_remuneracao/previsao_remuneracao/venv/lib/python3.10/site-packages/airflow/example_dags/example_task_group_decorator.py
[2023-04-05 21:19:09,612] {processor.py:651} INFO - DAG(s) dict_keys(['example_task_group_decorator']) retrieved from /home/edinaldo/Documents/previsao_remuneracao/previsao_remuneracao/venv/lib/python3.10/site-packages/airflow/example_dags/example_task_group_decorator.py
[2023-04-05 21:19:09,631] {logging_mixin.py:115} INFO - [2023-04-05 21:19:09,631] {dag.py:2379} INFO - Sync 1 DAGs
[2023-04-05 21:19:09,650] {logging_mixin.py:115} INFO - [2023-04-05 21:19:09,650] {dag.py:2927} INFO - Setting next_dagrun for example_task_group_decorator to 2023-04-05T00:19:09.650166+00:00, run_after=2023-04-06T00:19:09.650166+00:00
[2023-04-05 21:19:09,741] {processor.py:161} INFO - Processing /home/edinaldo/Documents/previsao_remuneracao/previsao_remuneracao/venv/lib/python3.10/site-packages/airflow/example_dags/example_task_group_decorator.py took 0.170 seconds
[2023-04-05 21:19:50,696] {processor.py:153} INFO - Started process (PID=53871) to work on /home/edinaldo/Documents/previsao_remuneracao/previsao_remuneracao/venv/lib/python3.10/site-packages/airflow/example_dags/example_task_group_decorator.py
[2023-04-05 21:19:50,697] {processor.py:641} INFO - Processing file /home/edinaldo/Documents/previsao_remuneracao/previsao_remuneracao/venv/lib/python3.10/site-packages/airflow/example_dags/example_task_group_decorator.py for tasks to queue
[2023-04-05 21:19:50,698] {logging_mixin.py:115} INFO - [2023-04-05 21:19:50,698] {dagbag.py:507} INFO - Filling up the DagBag from /home/edinaldo/Documents/previsao_remuneracao/previsao_remuneracao/venv/lib/python3.10/site-packages/airflow/example_dags/example_task_group_decorator.py
[2023-04-05 21:19:50,749] {processor.py:651} INFO - DAG(s) dict_keys(['example_task_group_decorator']) retrieved from /home/edinaldo/Documents/previsao_remuneracao/previsao_remuneracao/venv/lib/python3.10/site-packages/airflow/example_dags/example_task_group_decorator.py
[2023-04-05 21:19:50,769] {logging_mixin.py:115} INFO - [2023-04-05 21:19:50,769] {dag.py:2379} INFO - Sync 1 DAGs
[2023-04-05 21:19:50,788] {logging_mixin.py:115} INFO - [2023-04-05 21:19:50,788] {dag.py:2927} INFO - Setting next_dagrun for example_task_group_decorator to 2023-04-05T00:19:50.787879+00:00, run_after=2023-04-06T00:19:50.787879+00:00
[2023-04-05 21:19:50,887] {processor.py:161} INFO - Processing /home/edinaldo/Documents/previsao_remuneracao/previsao_remuneracao/venv/lib/python3.10/site-packages/airflow/example_dags/example_task_group_decorator.py took 0.196 seconds
[2023-04-05 21:20:32,898] {processor.py:153} INFO - Started process (PID=53911) to work on /home/edinaldo/Documents/previsao_remuneracao/previsao_remuneracao/venv/lib/python3.10/site-packages/airflow/example_dags/example_task_group_decorator.py
[2023-04-05 21:20:32,899] {processor.py:641} INFO - Processing file /home/edinaldo/Documents/previsao_remuneracao/previsao_remuneracao/venv/lib/python3.10/site-packages/airflow/example_dags/example_task_group_decorator.py for tasks to queue
[2023-04-05 21:20:32,899] {logging_mixin.py:115} INFO - [2023-04-05 21:20:32,899] {dagbag.py:507} INFO - Filling up the DagBag from /home/edinaldo/Documents/previsao_remuneracao/previsao_remuneracao/venv/lib/python3.10/site-packages/airflow/example_dags/example_task_group_decorator.py
[2023-04-05 21:20:32,929] {processor.py:651} INFO - DAG(s) dict_keys(['example_task_group_decorator']) retrieved from /home/edinaldo/Documents/previsao_remuneracao/previsao_remuneracao/venv/lib/python3.10/site-packages/airflow/example_dags/example_task_group_decorator.py
[2023-04-05 21:20:32,948] {logging_mixin.py:115} INFO - [2023-04-05 21:20:32,948] {dag.py:2379} INFO - Sync 1 DAGs
[2023-04-05 21:20:32,967] {logging_mixin.py:115} INFO - [2023-04-05 21:20:32,967] {dag.py:2927} INFO - Setting next_dagrun for example_task_group_decorator to 2023-04-05T00:20:32.966858+00:00, run_after=2023-04-06T00:20:32.966858+00:00
[2023-04-05 21:20:33,065] {processor.py:161} INFO - Processing /home/edinaldo/Documents/previsao_remuneracao/previsao_remuneracao/venv/lib/python3.10/site-packages/airflow/example_dags/example_task_group_decorator.py took 0.171 seconds
[2023-04-05 21:21:16,132] {processor.py:153} INFO - Started process (PID=53971) to work on /home/edinaldo/Documents/previsao_remuneracao/previsao_remuneracao/venv/lib/python3.10/site-packages/airflow/example_dags/example_task_group_decorator.py
[2023-04-05 21:21:16,133] {processor.py:641} INFO - Processing file /home/edinaldo/Documents/previsao_remuneracao/previsao_remuneracao/venv/lib/python3.10/site-packages/airflow/example_dags/example_task_group_decorator.py for tasks to queue
[2023-04-05 21:21:16,134] {logging_mixin.py:115} INFO - [2023-04-05 21:21:16,134] {dagbag.py:507} INFO - Filling up the DagBag from /home/edinaldo/Documents/previsao_remuneracao/previsao_remuneracao/venv/lib/python3.10/site-packages/airflow/example_dags/example_task_group_decorator.py
[2023-04-05 21:21:16,163] {processor.py:651} INFO - DAG(s) dict_keys(['example_task_group_decorator']) retrieved from /home/edinaldo/Documents/previsao_remuneracao/previsao_remuneracao/venv/lib/python3.10/site-packages/airflow/example_dags/example_task_group_decorator.py
[2023-04-05 21:21:16,181] {logging_mixin.py:115} INFO - [2023-04-05 21:21:16,181] {dag.py:2379} INFO - Sync 1 DAGs
[2023-04-05 21:21:16,201] {logging_mixin.py:115} INFO - [2023-04-05 21:21:16,200] {dag.py:2927} INFO - Setting next_dagrun for example_task_group_decorator to 2023-04-05T00:21:16.200574+00:00, run_after=2023-04-06T00:21:16.200574+00:00
[2023-04-05 21:21:16,293] {processor.py:161} INFO - Processing /home/edinaldo/Documents/previsao_remuneracao/previsao_remuneracao/venv/lib/python3.10/site-packages/airflow/example_dags/example_task_group_decorator.py took 0.164 seconds
[2023-04-05 21:21:55,623] {processor.py:153} INFO - Started process (PID=54032) to work on /home/edinaldo/Documents/previsao_remuneracao/previsao_remuneracao/venv/lib/python3.10/site-packages/airflow/example_dags/example_task_group_decorator.py
[2023-04-05 21:21:55,635] {processor.py:641} INFO - Processing file /home/edinaldo/Documents/previsao_remuneracao/previsao_remuneracao/venv/lib/python3.10/site-packages/airflow/example_dags/example_task_group_decorator.py for tasks to queue
[2023-04-05 21:21:55,635] {logging_mixin.py:115} INFO - [2023-04-05 21:21:55,635] {dagbag.py:507} INFO - Filling up the DagBag from /home/edinaldo/Documents/previsao_remuneracao/previsao_remuneracao/venv/lib/python3.10/site-packages/airflow/example_dags/example_task_group_decorator.py
[2023-04-05 21:21:55,671] {processor.py:651} INFO - DAG(s) dict_keys(['example_task_group_decorator']) retrieved from /home/edinaldo/Documents/previsao_remuneracao/previsao_remuneracao/venv/lib/python3.10/site-packages/airflow/example_dags/example_task_group_decorator.py
[2023-04-05 21:21:55,731] {logging_mixin.py:115} INFO - [2023-04-05 21:21:55,731] {dag.py:2379} INFO - Sync 1 DAGs
[2023-04-05 21:21:55,748] {logging_mixin.py:115} INFO - [2023-04-05 21:21:55,748] {dag.py:2927} INFO - Setting next_dagrun for example_task_group_decorator to 2023-04-05T00:21:55.748103+00:00, run_after=2023-04-06T00:21:55.748103+00:00
[2023-04-05 21:21:55,852] {processor.py:161} INFO - Processing /home/edinaldo/Documents/previsao_remuneracao/previsao_remuneracao/venv/lib/python3.10/site-packages/airflow/example_dags/example_task_group_decorator.py took 0.232 seconds
[2023-04-05 21:22:36,725] {processor.py:153} INFO - Started process (PID=54079) to work on /home/edinaldo/Documents/previsao_remuneracao/previsao_remuneracao/venv/lib/python3.10/site-packages/airflow/example_dags/example_task_group_decorator.py
[2023-04-05 21:22:36,737] {processor.py:641} INFO - Processing file /home/edinaldo/Documents/previsao_remuneracao/previsao_remuneracao/venv/lib/python3.10/site-packages/airflow/example_dags/example_task_group_decorator.py for tasks to queue
[2023-04-05 21:22:36,738] {logging_mixin.py:115} INFO - [2023-04-05 21:22:36,738] {dagbag.py:507} INFO - Filling up the DagBag from /home/edinaldo/Documents/previsao_remuneracao/previsao_remuneracao/venv/lib/python3.10/site-packages/airflow/example_dags/example_task_group_decorator.py
[2023-04-05 21:22:36,773] {processor.py:651} INFO - DAG(s) dict_keys(['example_task_group_decorator']) retrieved from /home/edinaldo/Documents/previsao_remuneracao/previsao_remuneracao/venv/lib/python3.10/site-packages/airflow/example_dags/example_task_group_decorator.py
[2023-04-05 21:22:36,821] {logging_mixin.py:115} INFO - [2023-04-05 21:22:36,821] {dag.py:2379} INFO - Sync 1 DAGs
[2023-04-05 21:22:36,838] {logging_mixin.py:115} INFO - [2023-04-05 21:22:36,838] {dag.py:2927} INFO - Setting next_dagrun for example_task_group_decorator to 2023-04-05T00:22:36.837758+00:00, run_after=2023-04-06T00:22:36.837758+00:00
[2023-04-05 21:22:36,956] {processor.py:161} INFO - Processing /home/edinaldo/Documents/previsao_remuneracao/previsao_remuneracao/venv/lib/python3.10/site-packages/airflow/example_dags/example_task_group_decorator.py took 0.234 seconds
[2023-04-05 21:23:15,066] {processor.py:153} INFO - Started process (PID=54121) to work on /home/edinaldo/Documents/previsao_remuneracao/previsao_remuneracao/venv/lib/python3.10/site-packages/airflow/example_dags/example_task_group_decorator.py
[2023-04-05 21:23:15,072] {processor.py:641} INFO - Processing file /home/edinaldo/Documents/previsao_remuneracao/previsao_remuneracao/venv/lib/python3.10/site-packages/airflow/example_dags/example_task_group_decorator.py for tasks to queue
[2023-04-05 21:23:15,073] {logging_mixin.py:115} INFO - [2023-04-05 21:23:15,073] {dagbag.py:507} INFO - Filling up the DagBag from /home/edinaldo/Documents/previsao_remuneracao/previsao_remuneracao/venv/lib/python3.10/site-packages/airflow/example_dags/example_task_group_decorator.py
[2023-04-05 21:23:15,110] {processor.py:651} INFO - DAG(s) dict_keys(['example_task_group_decorator']) retrieved from /home/edinaldo/Documents/previsao_remuneracao/previsao_remuneracao/venv/lib/python3.10/site-packages/airflow/example_dags/example_task_group_decorator.py
[2023-04-05 21:23:15,130] {logging_mixin.py:115} INFO - [2023-04-05 21:23:15,130] {dag.py:2379} INFO - Sync 1 DAGs
[2023-04-05 21:23:15,149] {logging_mixin.py:115} INFO - [2023-04-05 21:23:15,149] {dag.py:2927} INFO - Setting next_dagrun for example_task_group_decorator to 2023-04-05T00:23:15.149432+00:00, run_after=2023-04-06T00:23:15.149432+00:00
[2023-04-05 21:23:15,250] {processor.py:161} INFO - Processing /home/edinaldo/Documents/previsao_remuneracao/previsao_remuneracao/venv/lib/python3.10/site-packages/airflow/example_dags/example_task_group_decorator.py took 0.193 seconds
[2023-04-05 21:23:56,278] {processor.py:153} INFO - Started process (PID=54167) to work on /home/edinaldo/Documents/previsao_remuneracao/previsao_remuneracao/venv/lib/python3.10/site-packages/airflow/example_dags/example_task_group_decorator.py
[2023-04-05 21:23:56,285] {processor.py:641} INFO - Processing file /home/edinaldo/Documents/previsao_remuneracao/previsao_remuneracao/venv/lib/python3.10/site-packages/airflow/example_dags/example_task_group_decorator.py for tasks to queue
[2023-04-05 21:23:56,285] {logging_mixin.py:115} INFO - [2023-04-05 21:23:56,285] {dagbag.py:507} INFO - Filling up the DagBag from /home/edinaldo/Documents/previsao_remuneracao/previsao_remuneracao/venv/lib/python3.10/site-packages/airflow/example_dags/example_task_group_decorator.py
[2023-04-05 21:23:56,317] {processor.py:651} INFO - DAG(s) dict_keys(['example_task_group_decorator']) retrieved from /home/edinaldo/Documents/previsao_remuneracao/previsao_remuneracao/venv/lib/python3.10/site-packages/airflow/example_dags/example_task_group_decorator.py
[2023-04-05 21:23:56,336] {logging_mixin.py:115} INFO - [2023-04-05 21:23:56,336] {dag.py:2379} INFO - Sync 1 DAGs
[2023-04-05 21:23:56,355] {logging_mixin.py:115} INFO - [2023-04-05 21:23:56,355] {dag.py:2927} INFO - Setting next_dagrun for example_task_group_decorator to 2023-04-05T00:23:56.355493+00:00, run_after=2023-04-06T00:23:56.355493+00:00
[2023-04-05 21:23:56,452] {processor.py:161} INFO - Processing /home/edinaldo/Documents/previsao_remuneracao/previsao_remuneracao/venv/lib/python3.10/site-packages/airflow/example_dags/example_task_group_decorator.py took 0.178 seconds
[2023-04-05 21:24:36,063] {processor.py:153} INFO - Started process (PID=54317) to work on /home/edinaldo/Documents/previsao_remuneracao/previsao_remuneracao/venv/lib/python3.10/site-packages/airflow/example_dags/example_task_group_decorator.py
[2023-04-05 21:24:36,081] {processor.py:641} INFO - Processing file /home/edinaldo/Documents/previsao_remuneracao/previsao_remuneracao/venv/lib/python3.10/site-packages/airflow/example_dags/example_task_group_decorator.py for tasks to queue
[2023-04-05 21:24:36,082] {logging_mixin.py:115} INFO - [2023-04-05 21:24:36,082] {dagbag.py:507} INFO - Filling up the DagBag from /home/edinaldo/Documents/previsao_remuneracao/previsao_remuneracao/venv/lib/python3.10/site-packages/airflow/example_dags/example_task_group_decorator.py
[2023-04-05 21:24:36,158] {processor.py:651} INFO - DAG(s) dict_keys(['example_task_group_decorator']) retrieved from /home/edinaldo/Documents/previsao_remuneracao/previsao_remuneracao/venv/lib/python3.10/site-packages/airflow/example_dags/example_task_group_decorator.py
[2023-04-05 21:24:36,187] {logging_mixin.py:115} INFO - [2023-04-05 21:24:36,187] {dag.py:2379} INFO - Sync 1 DAGs
[2023-04-05 21:24:36,211] {logging_mixin.py:115} INFO - [2023-04-05 21:24:36,210] {dag.py:2927} INFO - Setting next_dagrun for example_task_group_decorator to 2023-04-05T00:24:36.210612+00:00, run_after=2023-04-06T00:24:36.210612+00:00
[2023-04-05 21:24:36,319] {processor.py:161} INFO - Processing /home/edinaldo/Documents/previsao_remuneracao/previsao_remuneracao/venv/lib/python3.10/site-packages/airflow/example_dags/example_task_group_decorator.py took 0.261 seconds
[2023-04-05 21:25:21,087] {processor.py:153} INFO - Started process (PID=54545) to work on /home/edinaldo/Documents/previsao_remuneracao/previsao_remuneracao/venv/lib/python3.10/site-packages/airflow/example_dags/example_task_group_decorator.py
[2023-04-05 21:25:21,100] {processor.py:641} INFO - Processing file /home/edinaldo/Documents/previsao_remuneracao/previsao_remuneracao/venv/lib/python3.10/site-packages/airflow/example_dags/example_task_group_decorator.py for tasks to queue
[2023-04-05 21:25:21,101] {logging_mixin.py:115} INFO - [2023-04-05 21:25:21,101] {dagbag.py:507} INFO - Filling up the DagBag from /home/edinaldo/Documents/previsao_remuneracao/previsao_remuneracao/venv/lib/python3.10/site-packages/airflow/example_dags/example_task_group_decorator.py
[2023-04-05 21:25:21,158] {processor.py:651} INFO - DAG(s) dict_keys(['example_task_group_decorator']) retrieved from /home/edinaldo/Documents/previsao_remuneracao/previsao_remuneracao/venv/lib/python3.10/site-packages/airflow/example_dags/example_task_group_decorator.py
[2023-04-05 21:25:21,177] {logging_mixin.py:115} INFO - [2023-04-05 21:25:21,177] {dag.py:2379} INFO - Sync 1 DAGs
[2023-04-05 21:25:21,197] {logging_mixin.py:115} INFO - [2023-04-05 21:25:21,197] {dag.py:2927} INFO - Setting next_dagrun for example_task_group_decorator to 2023-04-05T00:25:21.196832+00:00, run_after=2023-04-06T00:25:21.196832+00:00
[2023-04-05 21:25:21,292] {processor.py:161} INFO - Processing /home/edinaldo/Documents/previsao_remuneracao/previsao_remuneracao/venv/lib/python3.10/site-packages/airflow/example_dags/example_task_group_decorator.py took 0.209 seconds
[2023-04-05 21:26:00,911] {processor.py:153} INFO - Started process (PID=54769) to work on /home/edinaldo/Documents/previsao_remuneracao/previsao_remuneracao/venv/lib/python3.10/site-packages/airflow/example_dags/example_task_group_decorator.py
[2023-04-05 21:26:00,912] {processor.py:641} INFO - Processing file /home/edinaldo/Documents/previsao_remuneracao/previsao_remuneracao/venv/lib/python3.10/site-packages/airflow/example_dags/example_task_group_decorator.py for tasks to queue
[2023-04-05 21:26:00,914] {logging_mixin.py:115} INFO - [2023-04-05 21:26:00,914] {dagbag.py:507} INFO - Filling up the DagBag from /home/edinaldo/Documents/previsao_remuneracao/previsao_remuneracao/venv/lib/python3.10/site-packages/airflow/example_dags/example_task_group_decorator.py
[2023-04-05 21:26:00,963] {processor.py:651} INFO - DAG(s) dict_keys(['example_task_group_decorator']) retrieved from /home/edinaldo/Documents/previsao_remuneracao/previsao_remuneracao/venv/lib/python3.10/site-packages/airflow/example_dags/example_task_group_decorator.py
[2023-04-05 21:26:00,983] {logging_mixin.py:115} INFO - [2023-04-05 21:26:00,983] {dag.py:2379} INFO - Sync 1 DAGs
[2023-04-05 21:26:01,004] {logging_mixin.py:115} INFO - [2023-04-05 21:26:01,003] {dag.py:2927} INFO - Setting next_dagrun for example_task_group_decorator to 2023-04-05T00:26:01.003485+00:00, run_after=2023-04-06T00:26:01.003485+00:00
[2023-04-05 21:26:01,099] {processor.py:161} INFO - Processing /home/edinaldo/Documents/previsao_remuneracao/previsao_remuneracao/venv/lib/python3.10/site-packages/airflow/example_dags/example_task_group_decorator.py took 0.201 seconds
[2023-04-05 21:26:43,255] {processor.py:153} INFO - Started process (PID=55022) to work on /home/edinaldo/Documents/previsao_remuneracao/previsao_remuneracao/venv/lib/python3.10/site-packages/airflow/example_dags/example_task_group_decorator.py
[2023-04-05 21:26:43,264] {processor.py:641} INFO - Processing file /home/edinaldo/Documents/previsao_remuneracao/previsao_remuneracao/venv/lib/python3.10/site-packages/airflow/example_dags/example_task_group_decorator.py for tasks to queue
[2023-04-05 21:26:43,264] {logging_mixin.py:115} INFO - [2023-04-05 21:26:43,264] {dagbag.py:507} INFO - Filling up the DagBag from /home/edinaldo/Documents/previsao_remuneracao/previsao_remuneracao/venv/lib/python3.10/site-packages/airflow/example_dags/example_task_group_decorator.py
[2023-04-05 21:26:43,300] {processor.py:651} INFO - DAG(s) dict_keys(['example_task_group_decorator']) retrieved from /home/edinaldo/Documents/previsao_remuneracao/previsao_remuneracao/venv/lib/python3.10/site-packages/airflow/example_dags/example_task_group_decorator.py
[2023-04-05 21:26:43,355] {logging_mixin.py:115} INFO - [2023-04-05 21:26:43,355] {dag.py:2379} INFO - Sync 1 DAGs
[2023-04-05 21:26:43,373] {logging_mixin.py:115} INFO - [2023-04-05 21:26:43,373] {dag.py:2927} INFO - Setting next_dagrun for example_task_group_decorator to 2023-04-05T00:26:43.372909+00:00, run_after=2023-04-06T00:26:43.372909+00:00
[2023-04-05 21:26:43,521] {processor.py:161} INFO - Processing /home/edinaldo/Documents/previsao_remuneracao/previsao_remuneracao/venv/lib/python3.10/site-packages/airflow/example_dags/example_task_group_decorator.py took 0.271 seconds
[2023-04-05 21:27:20,859] {processor.py:153} INFO - Started process (PID=55221) to work on /home/edinaldo/Documents/previsao_remuneracao/previsao_remuneracao/venv/lib/python3.10/site-packages/airflow/example_dags/example_task_group_decorator.py
[2023-04-05 21:27:20,860] {processor.py:641} INFO - Processing file /home/edinaldo/Documents/previsao_remuneracao/previsao_remuneracao/venv/lib/python3.10/site-packages/airflow/example_dags/example_task_group_decorator.py for tasks to queue
[2023-04-05 21:27:20,861] {logging_mixin.py:115} INFO - [2023-04-05 21:27:20,861] {dagbag.py:507} INFO - Filling up the DagBag from /home/edinaldo/Documents/previsao_remuneracao/previsao_remuneracao/venv/lib/python3.10/site-packages/airflow/example_dags/example_task_group_decorator.py
[2023-04-05 21:27:20,894] {processor.py:651} INFO - DAG(s) dict_keys(['example_task_group_decorator']) retrieved from /home/edinaldo/Documents/previsao_remuneracao/previsao_remuneracao/venv/lib/python3.10/site-packages/airflow/example_dags/example_task_group_decorator.py
[2023-04-05 21:27:20,914] {logging_mixin.py:115} INFO - [2023-04-05 21:27:20,914] {dag.py:2379} INFO - Sync 1 DAGs
[2023-04-05 21:27:20,934] {logging_mixin.py:115} INFO - [2023-04-05 21:27:20,934] {dag.py:2927} INFO - Setting next_dagrun for example_task_group_decorator to 2023-04-05T00:27:20.934061+00:00, run_after=2023-04-06T00:27:20.934061+00:00
[2023-04-05 21:27:21,038] {processor.py:161} INFO - Processing /home/edinaldo/Documents/previsao_remuneracao/previsao_remuneracao/venv/lib/python3.10/site-packages/airflow/example_dags/example_task_group_decorator.py took 0.189 seconds
[2023-04-05 21:28:00,198] {processor.py:153} INFO - Started process (PID=55483) to work on /home/edinaldo/Documents/previsao_remuneracao/previsao_remuneracao/venv/lib/python3.10/site-packages/airflow/example_dags/example_task_group_decorator.py
[2023-04-05 21:28:00,204] {processor.py:641} INFO - Processing file /home/edinaldo/Documents/previsao_remuneracao/previsao_remuneracao/venv/lib/python3.10/site-packages/airflow/example_dags/example_task_group_decorator.py for tasks to queue
[2023-04-05 21:28:00,206] {logging_mixin.py:115} INFO - [2023-04-05 21:28:00,205] {dagbag.py:507} INFO - Filling up the DagBag from /home/edinaldo/Documents/previsao_remuneracao/previsao_remuneracao/venv/lib/python3.10/site-packages/airflow/example_dags/example_task_group_decorator.py
[2023-04-05 21:28:00,270] {processor.py:651} INFO - DAG(s) dict_keys(['example_task_group_decorator']) retrieved from /home/edinaldo/Documents/previsao_remuneracao/previsao_remuneracao/venv/lib/python3.10/site-packages/airflow/example_dags/example_task_group_decorator.py
[2023-04-05 21:28:00,289] {logging_mixin.py:115} INFO - [2023-04-05 21:28:00,289] {dag.py:2379} INFO - Sync 1 DAGs
[2023-04-05 21:28:00,309] {logging_mixin.py:115} INFO - [2023-04-05 21:28:00,309] {dag.py:2927} INFO - Setting next_dagrun for example_task_group_decorator to 2023-04-05T00:28:00.308758+00:00, run_after=2023-04-06T00:28:00.308758+00:00
[2023-04-05 21:28:00,401] {processor.py:161} INFO - Processing /home/edinaldo/Documents/previsao_remuneracao/previsao_remuneracao/venv/lib/python3.10/site-packages/airflow/example_dags/example_task_group_decorator.py took 0.213 seconds
[2023-04-05 21:28:55,309] {processor.py:153} INFO - Started process (PID=55601) to work on /home/edinaldo/Documents/previsao_remuneracao/previsao_remuneracao/venv/lib/python3.10/site-packages/airflow/example_dags/example_task_group_decorator.py
[2023-04-05 21:28:55,332] {processor.py:641} INFO - Processing file /home/edinaldo/Documents/previsao_remuneracao/previsao_remuneracao/venv/lib/python3.10/site-packages/airflow/example_dags/example_task_group_decorator.py for tasks to queue
[2023-04-05 21:28:55,333] {logging_mixin.py:115} INFO - [2023-04-05 21:28:55,333] {dagbag.py:507} INFO - Filling up the DagBag from /home/edinaldo/Documents/previsao_remuneracao/previsao_remuneracao/venv/lib/python3.10/site-packages/airflow/example_dags/example_task_group_decorator.py
[2023-04-05 21:28:55,382] {processor.py:651} INFO - DAG(s) dict_keys(['example_task_group_decorator']) retrieved from /home/edinaldo/Documents/previsao_remuneracao/previsao_remuneracao/venv/lib/python3.10/site-packages/airflow/example_dags/example_task_group_decorator.py
[2023-04-05 21:28:55,413] {logging_mixin.py:115} INFO - [2023-04-05 21:28:55,413] {dag.py:2379} INFO - Sync 1 DAGs
[2023-04-05 21:28:55,446] {logging_mixin.py:115} INFO - [2023-04-05 21:28:55,445] {dag.py:2927} INFO - Setting next_dagrun for example_task_group_decorator to 2023-04-05T00:28:55.445576+00:00, run_after=2023-04-06T00:28:55.445576+00:00
[2023-04-05 21:28:55,545] {processor.py:161} INFO - Processing /home/edinaldo/Documents/previsao_remuneracao/previsao_remuneracao/venv/lib/python3.10/site-packages/airflow/example_dags/example_task_group_decorator.py took 0.243 seconds
[2023-04-05 21:29:35,978] {processor.py:153} INFO - Started process (PID=55639) to work on /home/edinaldo/Documents/previsao_remuneracao/previsao_remuneracao/venv/lib/python3.10/site-packages/airflow/example_dags/example_task_group_decorator.py
[2023-04-05 21:29:35,991] {processor.py:641} INFO - Processing file /home/edinaldo/Documents/previsao_remuneracao/previsao_remuneracao/venv/lib/python3.10/site-packages/airflow/example_dags/example_task_group_decorator.py for tasks to queue
[2023-04-05 21:29:35,992] {logging_mixin.py:115} INFO - [2023-04-05 21:29:35,992] {dagbag.py:507} INFO - Filling up the DagBag from /home/edinaldo/Documents/previsao_remuneracao/previsao_remuneracao/venv/lib/python3.10/site-packages/airflow/example_dags/example_task_group_decorator.py
[2023-04-05 21:29:36,040] {processor.py:651} INFO - DAG(s) dict_keys(['example_task_group_decorator']) retrieved from /home/edinaldo/Documents/previsao_remuneracao/previsao_remuneracao/venv/lib/python3.10/site-packages/airflow/example_dags/example_task_group_decorator.py
[2023-04-05 21:29:36,071] {logging_mixin.py:115} INFO - [2023-04-05 21:29:36,070] {dag.py:2379} INFO - Sync 1 DAGs
[2023-04-05 21:29:36,103] {logging_mixin.py:115} INFO - [2023-04-05 21:29:36,103] {dag.py:2927} INFO - Setting next_dagrun for example_task_group_decorator to 2023-04-05T00:29:36.102760+00:00, run_after=2023-04-06T00:29:36.102760+00:00
[2023-04-05 21:29:36,192] {processor.py:161} INFO - Processing /home/edinaldo/Documents/previsao_remuneracao/previsao_remuneracao/venv/lib/python3.10/site-packages/airflow/example_dags/example_task_group_decorator.py took 0.219 seconds
[2023-04-05 21:30:19,798] {processor.py:153} INFO - Started process (PID=55678) to work on /home/edinaldo/Documents/previsao_remuneracao/previsao_remuneracao/venv/lib/python3.10/site-packages/airflow/example_dags/example_task_group_decorator.py
[2023-04-05 21:30:19,799] {processor.py:641} INFO - Processing file /home/edinaldo/Documents/previsao_remuneracao/previsao_remuneracao/venv/lib/python3.10/site-packages/airflow/example_dags/example_task_group_decorator.py for tasks to queue
[2023-04-05 21:30:19,799] {logging_mixin.py:115} INFO - [2023-04-05 21:30:19,799] {dagbag.py:507} INFO - Filling up the DagBag from /home/edinaldo/Documents/previsao_remuneracao/previsao_remuneracao/venv/lib/python3.10/site-packages/airflow/example_dags/example_task_group_decorator.py
[2023-04-05 21:30:19,835] {processor.py:651} INFO - DAG(s) dict_keys(['example_task_group_decorator']) retrieved from /home/edinaldo/Documents/previsao_remuneracao/previsao_remuneracao/venv/lib/python3.10/site-packages/airflow/example_dags/example_task_group_decorator.py
[2023-04-05 21:30:19,858] {logging_mixin.py:115} INFO - [2023-04-05 21:30:19,857] {dag.py:2379} INFO - Sync 1 DAGs
[2023-04-05 21:30:19,882] {logging_mixin.py:115} INFO - [2023-04-05 21:30:19,882] {dag.py:2927} INFO - Setting next_dagrun for example_task_group_decorator to 2023-04-05T00:30:19.882472+00:00, run_after=2023-04-06T00:30:19.882472+00:00
[2023-04-05 21:30:19,995] {processor.py:161} INFO - Processing /home/edinaldo/Documents/previsao_remuneracao/previsao_remuneracao/venv/lib/python3.10/site-packages/airflow/example_dags/example_task_group_decorator.py took 0.202 seconds
[2023-04-05 21:31:04,411] {processor.py:153} INFO - Started process (PID=55743) to work on /home/edinaldo/Documents/previsao_remuneracao/previsao_remuneracao/venv/lib/python3.10/site-packages/airflow/example_dags/example_task_group_decorator.py
[2023-04-05 21:31:04,412] {processor.py:641} INFO - Processing file /home/edinaldo/Documents/previsao_remuneracao/previsao_remuneracao/venv/lib/python3.10/site-packages/airflow/example_dags/example_task_group_decorator.py for tasks to queue
[2023-04-05 21:31:04,413] {logging_mixin.py:115} INFO - [2023-04-05 21:31:04,413] {dagbag.py:507} INFO - Filling up the DagBag from /home/edinaldo/Documents/previsao_remuneracao/previsao_remuneracao/venv/lib/python3.10/site-packages/airflow/example_dags/example_task_group_decorator.py
[2023-04-05 21:31:04,456] {processor.py:651} INFO - DAG(s) dict_keys(['example_task_group_decorator']) retrieved from /home/edinaldo/Documents/previsao_remuneracao/previsao_remuneracao/venv/lib/python3.10/site-packages/airflow/example_dags/example_task_group_decorator.py
[2023-04-05 21:31:04,478] {logging_mixin.py:115} INFO - [2023-04-05 21:31:04,478] {dag.py:2379} INFO - Sync 1 DAGs
[2023-04-05 21:31:04,505] {logging_mixin.py:115} INFO - [2023-04-05 21:31:04,505] {dag.py:2927} INFO - Setting next_dagrun for example_task_group_decorator to 2023-04-05T00:31:04.505353+00:00, run_after=2023-04-06T00:31:04.505353+00:00
[2023-04-05 21:31:04,606] {processor.py:161} INFO - Processing /home/edinaldo/Documents/previsao_remuneracao/previsao_remuneracao/venv/lib/python3.10/site-packages/airflow/example_dags/example_task_group_decorator.py took 0.201 seconds
[2023-04-05 21:31:46,270] {processor.py:153} INFO - Started process (PID=55809) to work on /home/edinaldo/Documents/previsao_remuneracao/previsao_remuneracao/venv/lib/python3.10/site-packages/airflow/example_dags/example_task_group_decorator.py
[2023-04-05 21:31:46,271] {processor.py:641} INFO - Processing file /home/edinaldo/Documents/previsao_remuneracao/previsao_remuneracao/venv/lib/python3.10/site-packages/airflow/example_dags/example_task_group_decorator.py for tasks to queue
[2023-04-05 21:31:46,272] {logging_mixin.py:115} INFO - [2023-04-05 21:31:46,272] {dagbag.py:507} INFO - Filling up the DagBag from /home/edinaldo/Documents/previsao_remuneracao/previsao_remuneracao/venv/lib/python3.10/site-packages/airflow/example_dags/example_task_group_decorator.py
[2023-04-05 21:31:46,308] {processor.py:651} INFO - DAG(s) dict_keys(['example_task_group_decorator']) retrieved from /home/edinaldo/Documents/previsao_remuneracao/previsao_remuneracao/venv/lib/python3.10/site-packages/airflow/example_dags/example_task_group_decorator.py
[2023-04-05 21:31:46,369] {logging_mixin.py:115} INFO - [2023-04-05 21:31:46,369] {dag.py:2379} INFO - Sync 1 DAGs
[2023-04-05 21:31:46,389] {logging_mixin.py:115} INFO - [2023-04-05 21:31:46,389] {dag.py:2927} INFO - Setting next_dagrun for example_task_group_decorator to 2023-04-05T00:31:46.388863+00:00, run_after=2023-04-06T00:31:46.388863+00:00
[2023-04-05 21:31:46,485] {processor.py:161} INFO - Processing /home/edinaldo/Documents/previsao_remuneracao/previsao_remuneracao/venv/lib/python3.10/site-packages/airflow/example_dags/example_task_group_decorator.py took 0.221 seconds
[2023-04-05 21:32:34,507] {processor.py:153} INFO - Started process (PID=56066) to work on /home/edinaldo/Documents/previsao_remuneracao/previsao_remuneracao/venv/lib/python3.10/site-packages/airflow/example_dags/example_task_group_decorator.py
[2023-04-05 21:32:34,534] {processor.py:641} INFO - Processing file /home/edinaldo/Documents/previsao_remuneracao/previsao_remuneracao/venv/lib/python3.10/site-packages/airflow/example_dags/example_task_group_decorator.py for tasks to queue
[2023-04-05 21:32:34,534] {logging_mixin.py:115} INFO - [2023-04-05 21:32:34,534] {dagbag.py:507} INFO - Filling up the DagBag from /home/edinaldo/Documents/previsao_remuneracao/previsao_remuneracao/venv/lib/python3.10/site-packages/airflow/example_dags/example_task_group_decorator.py
[2023-04-05 21:32:34,580] {processor.py:651} INFO - DAG(s) dict_keys(['example_task_group_decorator']) retrieved from /home/edinaldo/Documents/previsao_remuneracao/previsao_remuneracao/venv/lib/python3.10/site-packages/airflow/example_dags/example_task_group_decorator.py
[2023-04-05 21:32:34,606] {logging_mixin.py:115} INFO - [2023-04-05 21:32:34,606] {dag.py:2379} INFO - Sync 1 DAGs
[2023-04-05 21:32:34,628] {logging_mixin.py:115} INFO - [2023-04-05 21:32:34,628] {dag.py:2927} INFO - Setting next_dagrun for example_task_group_decorator to 2023-04-05T00:32:34.628316+00:00, run_after=2023-04-06T00:32:34.628316+00:00
[2023-04-05 21:32:35,002] {processor.py:161} INFO - Processing /home/edinaldo/Documents/previsao_remuneracao/previsao_remuneracao/venv/lib/python3.10/site-packages/airflow/example_dags/example_task_group_decorator.py took 0.500 seconds
[2023-04-05 21:33:19,351] {processor.py:153} INFO - Started process (PID=56118) to work on /home/edinaldo/Documents/previsao_remuneracao/previsao_remuneracao/venv/lib/python3.10/site-packages/airflow/example_dags/example_task_group_decorator.py
[2023-04-05 21:33:19,352] {processor.py:641} INFO - Processing file /home/edinaldo/Documents/previsao_remuneracao/previsao_remuneracao/venv/lib/python3.10/site-packages/airflow/example_dags/example_task_group_decorator.py for tasks to queue
[2023-04-05 21:33:19,353] {logging_mixin.py:115} INFO - [2023-04-05 21:33:19,353] {dagbag.py:507} INFO - Filling up the DagBag from /home/edinaldo/Documents/previsao_remuneracao/previsao_remuneracao/venv/lib/python3.10/site-packages/airflow/example_dags/example_task_group_decorator.py
[2023-04-05 21:33:19,403] {processor.py:651} INFO - DAG(s) dict_keys(['example_task_group_decorator']) retrieved from /home/edinaldo/Documents/previsao_remuneracao/previsao_remuneracao/venv/lib/python3.10/site-packages/airflow/example_dags/example_task_group_decorator.py
[2023-04-05 21:33:19,435] {logging_mixin.py:115} INFO - [2023-04-05 21:33:19,434] {dag.py:2379} INFO - Sync 1 DAGs
[2023-04-05 21:33:19,466] {logging_mixin.py:115} INFO - [2023-04-05 21:33:19,465] {dag.py:2927} INFO - Setting next_dagrun for example_task_group_decorator to 2023-04-05T00:33:19.465583+00:00, run_after=2023-04-06T00:33:19.465583+00:00
[2023-04-05 21:33:19,561] {processor.py:161} INFO - Processing /home/edinaldo/Documents/previsao_remuneracao/previsao_remuneracao/venv/lib/python3.10/site-packages/airflow/example_dags/example_task_group_decorator.py took 0.215 seconds
[2023-04-05 21:34:03,946] {processor.py:153} INFO - Started process (PID=56173) to work on /home/edinaldo/Documents/previsao_remuneracao/previsao_remuneracao/venv/lib/python3.10/site-packages/airflow/example_dags/example_task_group_decorator.py
[2023-04-05 21:34:03,947] {processor.py:641} INFO - Processing file /home/edinaldo/Documents/previsao_remuneracao/previsao_remuneracao/venv/lib/python3.10/site-packages/airflow/example_dags/example_task_group_decorator.py for tasks to queue
[2023-04-05 21:34:03,948] {logging_mixin.py:115} INFO - [2023-04-05 21:34:03,948] {dagbag.py:507} INFO - Filling up the DagBag from /home/edinaldo/Documents/previsao_remuneracao/previsao_remuneracao/venv/lib/python3.10/site-packages/airflow/example_dags/example_task_group_decorator.py
[2023-04-05 21:34:04,015] {processor.py:651} INFO - DAG(s) dict_keys(['example_task_group_decorator']) retrieved from /home/edinaldo/Documents/previsao_remuneracao/previsao_remuneracao/venv/lib/python3.10/site-packages/airflow/example_dags/example_task_group_decorator.py
[2023-04-05 21:34:04,050] {logging_mixin.py:115} INFO - [2023-04-05 21:34:04,050] {dag.py:2379} INFO - Sync 1 DAGs
[2023-04-05 21:34:04,076] {logging_mixin.py:115} INFO - [2023-04-05 21:34:04,076] {dag.py:2927} INFO - Setting next_dagrun for example_task_group_decorator to 2023-04-05T00:34:04.076153+00:00, run_after=2023-04-06T00:34:04.076153+00:00
[2023-04-05 21:34:04,250] {processor.py:161} INFO - Processing /home/edinaldo/Documents/previsao_remuneracao/previsao_remuneracao/venv/lib/python3.10/site-packages/airflow/example_dags/example_task_group_decorator.py took 0.310 seconds
[2023-04-05 21:34:47,042] {processor.py:153} INFO - Started process (PID=56238) to work on /home/edinaldo/Documents/previsao_remuneracao/previsao_remuneracao/venv/lib/python3.10/site-packages/airflow/example_dags/example_task_group_decorator.py
[2023-04-05 21:34:47,055] {processor.py:641} INFO - Processing file /home/edinaldo/Documents/previsao_remuneracao/previsao_remuneracao/venv/lib/python3.10/site-packages/airflow/example_dags/example_task_group_decorator.py for tasks to queue
[2023-04-05 21:34:47,056] {logging_mixin.py:115} INFO - [2023-04-05 21:34:47,056] {dagbag.py:507} INFO - Filling up the DagBag from /home/edinaldo/Documents/previsao_remuneracao/previsao_remuneracao/venv/lib/python3.10/site-packages/airflow/example_dags/example_task_group_decorator.py
[2023-04-05 21:34:47,107] {processor.py:651} INFO - DAG(s) dict_keys(['example_task_group_decorator']) retrieved from /home/edinaldo/Documents/previsao_remuneracao/previsao_remuneracao/venv/lib/python3.10/site-packages/airflow/example_dags/example_task_group_decorator.py
[2023-04-05 21:34:47,215] {logging_mixin.py:115} INFO - [2023-04-05 21:34:47,215] {dag.py:2379} INFO - Sync 1 DAGs
[2023-04-05 21:34:47,246] {logging_mixin.py:115} INFO - [2023-04-05 21:34:47,246] {dag.py:2927} INFO - Setting next_dagrun for example_task_group_decorator to 2023-04-05T00:34:47.246043+00:00, run_after=2023-04-06T00:34:47.246043+00:00
[2023-04-05 21:34:47,347] {processor.py:161} INFO - Processing /home/edinaldo/Documents/previsao_remuneracao/previsao_remuneracao/venv/lib/python3.10/site-packages/airflow/example_dags/example_task_group_decorator.py took 0.313 seconds
[2023-04-05 21:35:35,367] {processor.py:153} INFO - Started process (PID=56367) to work on /home/edinaldo/Documents/previsao_remuneracao/previsao_remuneracao/venv/lib/python3.10/site-packages/airflow/example_dags/example_task_group_decorator.py
[2023-04-05 21:35:35,520] {processor.py:641} INFO - Processing file /home/edinaldo/Documents/previsao_remuneracao/previsao_remuneracao/venv/lib/python3.10/site-packages/airflow/example_dags/example_task_group_decorator.py for tasks to queue
[2023-04-05 21:35:35,523] {logging_mixin.py:115} INFO - [2023-04-05 21:35:35,522] {dagbag.py:507} INFO - Filling up the DagBag from /home/edinaldo/Documents/previsao_remuneracao/previsao_remuneracao/venv/lib/python3.10/site-packages/airflow/example_dags/example_task_group_decorator.py
[2023-04-05 21:35:35,918] {processor.py:651} INFO - DAG(s) dict_keys(['example_task_group_decorator']) retrieved from /home/edinaldo/Documents/previsao_remuneracao/previsao_remuneracao/venv/lib/python3.10/site-packages/airflow/example_dags/example_task_group_decorator.py
[2023-04-05 21:35:35,945] {logging_mixin.py:115} INFO - [2023-04-05 21:35:35,945] {dag.py:2379} INFO - Sync 1 DAGs
[2023-04-05 21:35:35,972] {logging_mixin.py:115} INFO - [2023-04-05 21:35:35,972] {dag.py:2927} INFO - Setting next_dagrun for example_task_group_decorator to 2023-04-05T00:35:35.971938+00:00, run_after=2023-04-06T00:35:35.971938+00:00
[2023-04-05 21:35:36,278] {processor.py:161} INFO - Processing /home/edinaldo/Documents/previsao_remuneracao/previsao_remuneracao/venv/lib/python3.10/site-packages/airflow/example_dags/example_task_group_decorator.py took 0.924 seconds
[2023-04-05 21:37:24,976] {processor.py:153} INFO - Started process (PID=56791) to work on /home/edinaldo/Documents/previsao_remuneracao/previsao_remuneracao/venv/lib/python3.10/site-packages/airflow/example_dags/example_task_group_decorator.py
[2023-04-05 21:37:24,999] {processor.py:641} INFO - Processing file /home/edinaldo/Documents/previsao_remuneracao/previsao_remuneracao/venv/lib/python3.10/site-packages/airflow/example_dags/example_task_group_decorator.py for tasks to queue
[2023-04-05 21:37:25,001] {logging_mixin.py:115} INFO - [2023-04-05 21:37:25,001] {dagbag.py:507} INFO - Filling up the DagBag from /home/edinaldo/Documents/previsao_remuneracao/previsao_remuneracao/venv/lib/python3.10/site-packages/airflow/example_dags/example_task_group_decorator.py
[2023-04-05 21:37:25,062] {processor.py:651} INFO - DAG(s) dict_keys(['example_task_group_decorator']) retrieved from /home/edinaldo/Documents/previsao_remuneracao/previsao_remuneracao/venv/lib/python3.10/site-packages/airflow/example_dags/example_task_group_decorator.py
[2023-04-05 21:37:25,110] {logging_mixin.py:115} INFO - [2023-04-05 21:37:25,110] {dag.py:2379} INFO - Sync 1 DAGs
[2023-04-05 21:37:25,134] {logging_mixin.py:115} INFO - [2023-04-05 21:37:25,133] {dag.py:2927} INFO - Setting next_dagrun for example_task_group_decorator to 2023-04-05T00:37:25.133654+00:00, run_after=2023-04-06T00:37:25.133654+00:00
[2023-04-05 21:37:25,233] {processor.py:161} INFO - Processing /home/edinaldo/Documents/previsao_remuneracao/previsao_remuneracao/venv/lib/python3.10/site-packages/airflow/example_dags/example_task_group_decorator.py took 0.267 seconds
[2023-04-05 21:38:14,770] {processor.py:153} INFO - Started process (PID=56969) to work on /home/edinaldo/Documents/previsao_remuneracao/previsao_remuneracao/venv/lib/python3.10/site-packages/airflow/example_dags/example_task_group_decorator.py
[2023-04-05 21:38:14,792] {processor.py:641} INFO - Processing file /home/edinaldo/Documents/previsao_remuneracao/previsao_remuneracao/venv/lib/python3.10/site-packages/airflow/example_dags/example_task_group_decorator.py for tasks to queue
[2023-04-05 21:38:14,793] {logging_mixin.py:115} INFO - [2023-04-05 21:38:14,793] {dagbag.py:507} INFO - Filling up the DagBag from /home/edinaldo/Documents/previsao_remuneracao/previsao_remuneracao/venv/lib/python3.10/site-packages/airflow/example_dags/example_task_group_decorator.py
[2023-04-05 21:38:14,857] {processor.py:651} INFO - DAG(s) dict_keys(['example_task_group_decorator']) retrieved from /home/edinaldo/Documents/previsao_remuneracao/previsao_remuneracao/venv/lib/python3.10/site-packages/airflow/example_dags/example_task_group_decorator.py
[2023-04-05 21:38:14,875] {logging_mixin.py:115} INFO - [2023-04-05 21:38:14,875] {dag.py:2379} INFO - Sync 1 DAGs
[2023-04-05 21:38:14,895] {logging_mixin.py:115} INFO - [2023-04-05 21:38:14,895] {dag.py:2927} INFO - Setting next_dagrun for example_task_group_decorator to 2023-04-05T00:38:14.894861+00:00, run_after=2023-04-06T00:38:14.894861+00:00
[2023-04-05 21:38:15,149] {processor.py:161} INFO - Processing /home/edinaldo/Documents/previsao_remuneracao/previsao_remuneracao/venv/lib/python3.10/site-packages/airflow/example_dags/example_task_group_decorator.py took 0.389 seconds
[2023-04-05 21:39:20,779] {processor.py:153} INFO - Started process (PID=57373) to work on /home/edinaldo/Documents/previsao_remuneracao/previsao_remuneracao/venv/lib/python3.10/site-packages/airflow/example_dags/example_task_group_decorator.py
[2023-04-05 21:39:21,019] {processor.py:641} INFO - Processing file /home/edinaldo/Documents/previsao_remuneracao/previsao_remuneracao/venv/lib/python3.10/site-packages/airflow/example_dags/example_task_group_decorator.py for tasks to queue
[2023-04-05 21:39:21,021] {logging_mixin.py:115} INFO - [2023-04-05 21:39:21,021] {dagbag.py:507} INFO - Filling up the DagBag from /home/edinaldo/Documents/previsao_remuneracao/previsao_remuneracao/venv/lib/python3.10/site-packages/airflow/example_dags/example_task_group_decorator.py
[2023-04-05 21:39:22,870] {processor.py:651} INFO - DAG(s) dict_keys(['example_task_group_decorator']) retrieved from /home/edinaldo/Documents/previsao_remuneracao/previsao_remuneracao/venv/lib/python3.10/site-packages/airflow/example_dags/example_task_group_decorator.py
[2023-04-05 21:39:23,880] {logging_mixin.py:115} INFO - [2023-04-05 21:39:23,880] {dag.py:2379} INFO - Sync 1 DAGs
[2023-04-05 21:39:25,383] {logging_mixin.py:115} INFO - [2023-04-05 21:39:25,382] {dag.py:2927} INFO - Setting next_dagrun for example_task_group_decorator to 2023-04-05T00:39:25.379401+00:00, run_after=2023-04-06T00:39:25.379401+00:00
[2023-04-05 21:39:25,844] {processor.py:161} INFO - Processing /home/edinaldo/Documents/previsao_remuneracao/previsao_remuneracao/venv/lib/python3.10/site-packages/airflow/example_dags/example_task_group_decorator.py took 5.520 seconds
[2023-04-05 21:40:23,682] {processor.py:153} INFO - Started process (PID=57637) to work on /home/edinaldo/Documents/previsao_remuneracao/previsao_remuneracao/venv/lib/python3.10/site-packages/airflow/example_dags/example_task_group_decorator.py
[2023-04-05 21:40:23,696] {processor.py:641} INFO - Processing file /home/edinaldo/Documents/previsao_remuneracao/previsao_remuneracao/venv/lib/python3.10/site-packages/airflow/example_dags/example_task_group_decorator.py for tasks to queue
[2023-04-05 21:40:23,697] {logging_mixin.py:115} INFO - [2023-04-05 21:40:23,697] {dagbag.py:507} INFO - Filling up the DagBag from /home/edinaldo/Documents/previsao_remuneracao/previsao_remuneracao/venv/lib/python3.10/site-packages/airflow/example_dags/example_task_group_decorator.py
[2023-04-05 21:40:23,818] {processor.py:651} INFO - DAG(s) dict_keys(['example_task_group_decorator']) retrieved from /home/edinaldo/Documents/previsao_remuneracao/previsao_remuneracao/venv/lib/python3.10/site-packages/airflow/example_dags/example_task_group_decorator.py
[2023-04-05 21:40:23,868] {logging_mixin.py:115} INFO - [2023-04-05 21:40:23,867] {dag.py:2379} INFO - Sync 1 DAGs
[2023-04-05 21:40:23,913] {logging_mixin.py:115} INFO - [2023-04-05 21:40:23,913] {dag.py:2927} INFO - Setting next_dagrun for example_task_group_decorator to 2023-04-05T00:40:23.912655+00:00, run_after=2023-04-06T00:40:23.912655+00:00
[2023-04-05 21:40:24,037] {processor.py:161} INFO - Processing /home/edinaldo/Documents/previsao_remuneracao/previsao_remuneracao/venv/lib/python3.10/site-packages/airflow/example_dags/example_task_group_decorator.py took 0.363 seconds
[2023-04-05 21:41:05,741] {processor.py:153} INFO - Started process (PID=57863) to work on /home/edinaldo/Documents/previsao_remuneracao/previsao_remuneracao/venv/lib/python3.10/site-packages/airflow/example_dags/example_task_group_decorator.py
[2023-04-05 21:41:05,762] {processor.py:641} INFO - Processing file /home/edinaldo/Documents/previsao_remuneracao/previsao_remuneracao/venv/lib/python3.10/site-packages/airflow/example_dags/example_task_group_decorator.py for tasks to queue
[2023-04-05 21:41:05,762] {logging_mixin.py:115} INFO - [2023-04-05 21:41:05,762] {dagbag.py:507} INFO - Filling up the DagBag from /home/edinaldo/Documents/previsao_remuneracao/previsao_remuneracao/venv/lib/python3.10/site-packages/airflow/example_dags/example_task_group_decorator.py
[2023-04-05 21:41:05,857] {processor.py:651} INFO - DAG(s) dict_keys(['example_task_group_decorator']) retrieved from /home/edinaldo/Documents/previsao_remuneracao/previsao_remuneracao/venv/lib/python3.10/site-packages/airflow/example_dags/example_task_group_decorator.py
[2023-04-05 21:41:05,896] {logging_mixin.py:115} INFO - [2023-04-05 21:41:05,896] {dag.py:2379} INFO - Sync 1 DAGs
[2023-04-05 21:41:05,918] {logging_mixin.py:115} INFO - [2023-04-05 21:41:05,918] {dag.py:2927} INFO - Setting next_dagrun for example_task_group_decorator to 2023-04-05T00:41:05.917891+00:00, run_after=2023-04-06T00:41:05.917891+00:00
[2023-04-05 21:41:06,005] {processor.py:161} INFO - Processing /home/edinaldo/Documents/previsao_remuneracao/previsao_remuneracao/venv/lib/python3.10/site-packages/airflow/example_dags/example_task_group_decorator.py took 0.268 seconds
[2023-04-05 21:41:55,921] {processor.py:153} INFO - Started process (PID=58167) to work on /home/edinaldo/Documents/previsao_remuneracao/previsao_remuneracao/venv/lib/python3.10/site-packages/airflow/example_dags/example_task_group_decorator.py
[2023-04-05 21:41:55,963] {processor.py:641} INFO - Processing file /home/edinaldo/Documents/previsao_remuneracao/previsao_remuneracao/venv/lib/python3.10/site-packages/airflow/example_dags/example_task_group_decorator.py for tasks to queue
[2023-04-05 21:41:55,964] {logging_mixin.py:115} INFO - [2023-04-05 21:41:55,963] {dagbag.py:507} INFO - Filling up the DagBag from /home/edinaldo/Documents/previsao_remuneracao/previsao_remuneracao/venv/lib/python3.10/site-packages/airflow/example_dags/example_task_group_decorator.py
[2023-04-05 21:41:56,009] {processor.py:651} INFO - DAG(s) dict_keys(['example_task_group_decorator']) retrieved from /home/edinaldo/Documents/previsao_remuneracao/previsao_remuneracao/venv/lib/python3.10/site-packages/airflow/example_dags/example_task_group_decorator.py
[2023-04-05 21:41:56,058] {logging_mixin.py:115} INFO - [2023-04-05 21:41:56,058] {dag.py:2379} INFO - Sync 1 DAGs
[2023-04-05 21:41:56,075] {logging_mixin.py:115} INFO - [2023-04-05 21:41:56,075] {dag.py:2927} INFO - Setting next_dagrun for example_task_group_decorator to 2023-04-05T00:41:56.075455+00:00, run_after=2023-04-06T00:41:56.075455+00:00
[2023-04-05 21:41:56,176] {processor.py:161} INFO - Processing /home/edinaldo/Documents/previsao_remuneracao/previsao_remuneracao/venv/lib/python3.10/site-packages/airflow/example_dags/example_task_group_decorator.py took 0.259 seconds
[2023-04-05 21:42:41,718] {processor.py:153} INFO - Started process (PID=58418) to work on /home/edinaldo/Documents/previsao_remuneracao/previsao_remuneracao/venv/lib/python3.10/site-packages/airflow/example_dags/example_task_group_decorator.py
[2023-04-05 21:42:41,749] {processor.py:641} INFO - Processing file /home/edinaldo/Documents/previsao_remuneracao/previsao_remuneracao/venv/lib/python3.10/site-packages/airflow/example_dags/example_task_group_decorator.py for tasks to queue
[2023-04-05 21:42:41,751] {logging_mixin.py:115} INFO - [2023-04-05 21:42:41,750] {dagbag.py:507} INFO - Filling up the DagBag from /home/edinaldo/Documents/previsao_remuneracao/previsao_remuneracao/venv/lib/python3.10/site-packages/airflow/example_dags/example_task_group_decorator.py
[2023-04-05 21:42:41,824] {processor.py:651} INFO - DAG(s) dict_keys(['example_task_group_decorator']) retrieved from /home/edinaldo/Documents/previsao_remuneracao/previsao_remuneracao/venv/lib/python3.10/site-packages/airflow/example_dags/example_task_group_decorator.py
[2023-04-05 21:42:41,846] {logging_mixin.py:115} INFO - [2023-04-05 21:42:41,846] {dag.py:2379} INFO - Sync 1 DAGs
[2023-04-05 21:42:41,866] {logging_mixin.py:115} INFO - [2023-04-05 21:42:41,866] {dag.py:2927} INFO - Setting next_dagrun for example_task_group_decorator to 2023-04-05T00:42:41.865942+00:00, run_after=2023-04-06T00:42:41.865942+00:00
[2023-04-05 21:42:41,966] {processor.py:161} INFO - Processing /home/edinaldo/Documents/previsao_remuneracao/previsao_remuneracao/venv/lib/python3.10/site-packages/airflow/example_dags/example_task_group_decorator.py took 0.258 seconds
