[2023-04-05 21:00:09,214] {processor.py:153} INFO - Started process (PID=52075) to work on /home/edinaldo/Documents/previsao_remuneracao/previsao_remuneracao/venv/lib/python3.10/site-packages/airflow/example_dags/example_bash_operator.py
[2023-04-05 21:00:09,216] {processor.py:641} INFO - Processing file /home/edinaldo/Documents/previsao_remuneracao/previsao_remuneracao/venv/lib/python3.10/site-packages/airflow/example_dags/example_bash_operator.py for tasks to queue
[2023-04-05 21:00:09,217] {logging_mixin.py:115} INFO - [2023-04-05 21:00:09,217] {dagbag.py:507} INFO - Filling up the DagBag from /home/edinaldo/Documents/previsao_remuneracao/previsao_remuneracao/venv/lib/python3.10/site-packages/airflow/example_dags/example_bash_operator.py
[2023-04-05 21:00:09,237] {processor.py:651} INFO - DAG(s) dict_keys(['example_bash_operator']) retrieved from /home/edinaldo/Documents/previsao_remuneracao/previsao_remuneracao/venv/lib/python3.10/site-packages/airflow/example_dags/example_bash_operator.py
[2023-04-05 21:00:09,254] {logging_mixin.py:115} INFO - [2023-04-05 21:00:09,254] {dag.py:2379} INFO - Sync 1 DAGs
[2023-04-05 21:00:09,274] {logging_mixin.py:115} INFO - [2023-04-05 21:00:09,274] {dag.py:2927} INFO - Setting next_dagrun for example_bash_operator to 2023-04-05T00:00:00+00:00, run_after=2023-04-06T00:00:00+00:00
[2023-04-05 21:00:09,371] {processor.py:161} INFO - Processing /home/edinaldo/Documents/previsao_remuneracao/previsao_remuneracao/venv/lib/python3.10/site-packages/airflow/example_dags/example_bash_operator.py took 0.167 seconds
[2023-04-05 21:00:52,067] {processor.py:153} INFO - Started process (PID=52182) to work on /home/edinaldo/Documents/previsao_remuneracao/previsao_remuneracao/venv/lib/python3.10/site-packages/airflow/example_dags/example_bash_operator.py
[2023-04-05 21:00:52,069] {processor.py:641} INFO - Processing file /home/edinaldo/Documents/previsao_remuneracao/previsao_remuneracao/venv/lib/python3.10/site-packages/airflow/example_dags/example_bash_operator.py for tasks to queue
[2023-04-05 21:00:52,070] {logging_mixin.py:115} INFO - [2023-04-05 21:00:52,070] {dagbag.py:507} INFO - Filling up the DagBag from /home/edinaldo/Documents/previsao_remuneracao/previsao_remuneracao/venv/lib/python3.10/site-packages/airflow/example_dags/example_bash_operator.py
[2023-04-05 21:00:52,093] {processor.py:651} INFO - DAG(s) dict_keys(['example_bash_operator']) retrieved from /home/edinaldo/Documents/previsao_remuneracao/previsao_remuneracao/venv/lib/python3.10/site-packages/airflow/example_dags/example_bash_operator.py
[2023-04-05 21:00:52,111] {logging_mixin.py:115} INFO - [2023-04-05 21:00:52,111] {dag.py:2379} INFO - Sync 1 DAGs
[2023-04-05 21:00:52,131] {logging_mixin.py:115} INFO - [2023-04-05 21:00:52,131] {dag.py:2927} INFO - Setting next_dagrun for example_bash_operator to 2023-04-05T00:00:00+00:00, run_after=2023-04-06T00:00:00+00:00
[2023-04-05 21:00:52,214] {processor.py:161} INFO - Processing /home/edinaldo/Documents/previsao_remuneracao/previsao_remuneracao/venv/lib/python3.10/site-packages/airflow/example_dags/example_bash_operator.py took 0.157 seconds
[2023-04-05 21:01:30,399] {processor.py:153} INFO - Started process (PID=52216) to work on /home/edinaldo/Documents/previsao_remuneracao/previsao_remuneracao/venv/lib/python3.10/site-packages/airflow/example_dags/example_bash_operator.py
[2023-04-05 21:01:30,413] {processor.py:641} INFO - Processing file /home/edinaldo/Documents/previsao_remuneracao/previsao_remuneracao/venv/lib/python3.10/site-packages/airflow/example_dags/example_bash_operator.py for tasks to queue
[2023-04-05 21:01:30,414] {logging_mixin.py:115} INFO - [2023-04-05 21:01:30,414] {dagbag.py:507} INFO - Filling up the DagBag from /home/edinaldo/Documents/previsao_remuneracao/previsao_remuneracao/venv/lib/python3.10/site-packages/airflow/example_dags/example_bash_operator.py
[2023-04-05 21:01:30,446] {processor.py:651} INFO - DAG(s) dict_keys(['example_bash_operator']) retrieved from /home/edinaldo/Documents/previsao_remuneracao/previsao_remuneracao/venv/lib/python3.10/site-packages/airflow/example_dags/example_bash_operator.py
[2023-04-05 21:01:30,465] {logging_mixin.py:115} INFO - [2023-04-05 21:01:30,465] {dag.py:2379} INFO - Sync 1 DAGs
[2023-04-05 21:01:30,485] {logging_mixin.py:115} INFO - [2023-04-05 21:01:30,485] {dag.py:2927} INFO - Setting next_dagrun for example_bash_operator to 2023-04-05T00:00:00+00:00, run_after=2023-04-06T00:00:00+00:00
[2023-04-05 21:01:30,566] {processor.py:161} INFO - Processing /home/edinaldo/Documents/previsao_remuneracao/previsao_remuneracao/venv/lib/python3.10/site-packages/airflow/example_dags/example_bash_operator.py took 0.171 seconds
[2023-04-05 21:02:12,121] {processor.py:153} INFO - Started process (PID=52329) to work on /home/edinaldo/Documents/previsao_remuneracao/previsao_remuneracao/venv/lib/python3.10/site-packages/airflow/example_dags/example_bash_operator.py
[2023-04-05 21:02:12,122] {processor.py:641} INFO - Processing file /home/edinaldo/Documents/previsao_remuneracao/previsao_remuneracao/venv/lib/python3.10/site-packages/airflow/example_dags/example_bash_operator.py for tasks to queue
[2023-04-05 21:02:12,122] {logging_mixin.py:115} INFO - [2023-04-05 21:02:12,122] {dagbag.py:507} INFO - Filling up the DagBag from /home/edinaldo/Documents/previsao_remuneracao/previsao_remuneracao/venv/lib/python3.10/site-packages/airflow/example_dags/example_bash_operator.py
[2023-04-05 21:02:12,138] {processor.py:651} INFO - DAG(s) dict_keys(['example_bash_operator']) retrieved from /home/edinaldo/Documents/previsao_remuneracao/previsao_remuneracao/venv/lib/python3.10/site-packages/airflow/example_dags/example_bash_operator.py
[2023-04-05 21:02:12,156] {logging_mixin.py:115} INFO - [2023-04-05 21:02:12,156] {dag.py:2379} INFO - Sync 1 DAGs
[2023-04-05 21:02:12,178] {logging_mixin.py:115} INFO - [2023-04-05 21:02:12,178] {dag.py:2927} INFO - Setting next_dagrun for example_bash_operator to 2023-04-05T00:00:00+00:00, run_after=2023-04-06T00:00:00+00:00
[2023-04-05 21:02:12,283] {processor.py:161} INFO - Processing /home/edinaldo/Documents/previsao_remuneracao/previsao_remuneracao/venv/lib/python3.10/site-packages/airflow/example_dags/example_bash_operator.py took 0.166 seconds
[2023-04-05 21:03:02,171] {processor.py:153} INFO - Started process (PID=52443) to work on /home/edinaldo/Documents/previsao_remuneracao/previsao_remuneracao/venv/lib/python3.10/site-packages/airflow/example_dags/example_bash_operator.py
[2023-04-05 21:03:02,194] {processor.py:641} INFO - Processing file /home/edinaldo/Documents/previsao_remuneracao/previsao_remuneracao/venv/lib/python3.10/site-packages/airflow/example_dags/example_bash_operator.py for tasks to queue
[2023-04-05 21:03:02,195] {logging_mixin.py:115} INFO - [2023-04-05 21:03:02,195] {dagbag.py:507} INFO - Filling up the DagBag from /home/edinaldo/Documents/previsao_remuneracao/previsao_remuneracao/venv/lib/python3.10/site-packages/airflow/example_dags/example_bash_operator.py
[2023-04-05 21:03:02,209] {processor.py:651} INFO - DAG(s) dict_keys(['example_bash_operator']) retrieved from /home/edinaldo/Documents/previsao_remuneracao/previsao_remuneracao/venv/lib/python3.10/site-packages/airflow/example_dags/example_bash_operator.py
[2023-04-05 21:03:02,322] {logging_mixin.py:115} INFO - [2023-04-05 21:03:02,322] {dag.py:2379} INFO - Sync 1 DAGs
[2023-04-05 21:03:02,344] {logging_mixin.py:115} INFO - [2023-04-05 21:03:02,344] {dag.py:2927} INFO - Setting next_dagrun for example_bash_operator to 2023-04-05T00:00:00+00:00, run_after=2023-04-06T00:00:00+00:00
[2023-04-05 21:03:02,436] {processor.py:161} INFO - Processing /home/edinaldo/Documents/previsao_remuneracao/previsao_remuneracao/venv/lib/python3.10/site-packages/airflow/example_dags/example_bash_operator.py took 0.269 seconds
[2023-04-05 21:03:43,831] {processor.py:153} INFO - Started process (PID=52479) to work on /home/edinaldo/Documents/previsao_remuneracao/previsao_remuneracao/venv/lib/python3.10/site-packages/airflow/example_dags/example_bash_operator.py
[2023-04-05 21:03:43,839] {processor.py:641} INFO - Processing file /home/edinaldo/Documents/previsao_remuneracao/previsao_remuneracao/venv/lib/python3.10/site-packages/airflow/example_dags/example_bash_operator.py for tasks to queue
[2023-04-05 21:03:43,839] {logging_mixin.py:115} INFO - [2023-04-05 21:03:43,839] {dagbag.py:507} INFO - Filling up the DagBag from /home/edinaldo/Documents/previsao_remuneracao/previsao_remuneracao/venv/lib/python3.10/site-packages/airflow/example_dags/example_bash_operator.py
[2023-04-05 21:03:43,854] {processor.py:651} INFO - DAG(s) dict_keys(['example_bash_operator']) retrieved from /home/edinaldo/Documents/previsao_remuneracao/previsao_remuneracao/venv/lib/python3.10/site-packages/airflow/example_dags/example_bash_operator.py
[2023-04-05 21:03:43,871] {logging_mixin.py:115} INFO - [2023-04-05 21:03:43,871] {dag.py:2379} INFO - Sync 1 DAGs
[2023-04-05 21:03:43,890] {logging_mixin.py:115} INFO - [2023-04-05 21:03:43,890] {dag.py:2927} INFO - Setting next_dagrun for example_bash_operator to 2023-04-05T00:00:00+00:00, run_after=2023-04-06T00:00:00+00:00
[2023-04-05 21:03:43,977] {processor.py:161} INFO - Processing /home/edinaldo/Documents/previsao_remuneracao/previsao_remuneracao/venv/lib/python3.10/site-packages/airflow/example_dags/example_bash_operator.py took 0.150 seconds
[2023-04-05 21:04:26,839] {processor.py:153} INFO - Started process (PID=52550) to work on /home/edinaldo/Documents/previsao_remuneracao/previsao_remuneracao/venv/lib/python3.10/site-packages/airflow/example_dags/example_bash_operator.py
[2023-04-05 21:04:26,840] {processor.py:641} INFO - Processing file /home/edinaldo/Documents/previsao_remuneracao/previsao_remuneracao/venv/lib/python3.10/site-packages/airflow/example_dags/example_bash_operator.py for tasks to queue
[2023-04-05 21:04:26,842] {logging_mixin.py:115} INFO - [2023-04-05 21:04:26,841] {dagbag.py:507} INFO - Filling up the DagBag from /home/edinaldo/Documents/previsao_remuneracao/previsao_remuneracao/venv/lib/python3.10/site-packages/airflow/example_dags/example_bash_operator.py
[2023-04-05 21:04:26,877] {processor.py:651} INFO - DAG(s) dict_keys(['example_bash_operator']) retrieved from /home/edinaldo/Documents/previsao_remuneracao/previsao_remuneracao/venv/lib/python3.10/site-packages/airflow/example_dags/example_bash_operator.py
[2023-04-05 21:04:26,915] {logging_mixin.py:115} INFO - [2023-04-05 21:04:26,915] {dag.py:2379} INFO - Sync 1 DAGs
[2023-04-05 21:04:26,939] {logging_mixin.py:115} INFO - [2023-04-05 21:04:26,939] {dag.py:2927} INFO - Setting next_dagrun for example_bash_operator to 2023-04-05T00:00:00+00:00, run_after=2023-04-06T00:00:00+00:00
[2023-04-05 21:04:27,038] {processor.py:161} INFO - Processing /home/edinaldo/Documents/previsao_remuneracao/previsao_remuneracao/venv/lib/python3.10/site-packages/airflow/example_dags/example_bash_operator.py took 0.207 seconds
[2023-04-05 21:05:08,503] {processor.py:153} INFO - Started process (PID=52608) to work on /home/edinaldo/Documents/previsao_remuneracao/previsao_remuneracao/venv/lib/python3.10/site-packages/airflow/example_dags/example_bash_operator.py
[2023-04-05 21:05:08,504] {processor.py:641} INFO - Processing file /home/edinaldo/Documents/previsao_remuneracao/previsao_remuneracao/venv/lib/python3.10/site-packages/airflow/example_dags/example_bash_operator.py for tasks to queue
[2023-04-05 21:05:08,505] {logging_mixin.py:115} INFO - [2023-04-05 21:05:08,505] {dagbag.py:507} INFO - Filling up the DagBag from /home/edinaldo/Documents/previsao_remuneracao/previsao_remuneracao/venv/lib/python3.10/site-packages/airflow/example_dags/example_bash_operator.py
[2023-04-05 21:05:08,521] {processor.py:651} INFO - DAG(s) dict_keys(['example_bash_operator']) retrieved from /home/edinaldo/Documents/previsao_remuneracao/previsao_remuneracao/venv/lib/python3.10/site-packages/airflow/example_dags/example_bash_operator.py
[2023-04-05 21:05:08,538] {logging_mixin.py:115} INFO - [2023-04-05 21:05:08,538] {dag.py:2379} INFO - Sync 1 DAGs
[2023-04-05 21:05:08,559] {logging_mixin.py:115} INFO - [2023-04-05 21:05:08,558] {dag.py:2927} INFO - Setting next_dagrun for example_bash_operator to 2023-04-05T00:00:00+00:00, run_after=2023-04-06T00:00:00+00:00
[2023-04-05 21:05:08,678] {processor.py:161} INFO - Processing /home/edinaldo/Documents/previsao_remuneracao/previsao_remuneracao/venv/lib/python3.10/site-packages/airflow/example_dags/example_bash_operator.py took 0.181 seconds
[2023-04-05 21:05:56,941] {processor.py:153} INFO - Started process (PID=52686) to work on /home/edinaldo/Documents/previsao_remuneracao/previsao_remuneracao/venv/lib/python3.10/site-packages/airflow/example_dags/example_bash_operator.py
[2023-04-05 21:05:56,960] {processor.py:641} INFO - Processing file /home/edinaldo/Documents/previsao_remuneracao/previsao_remuneracao/venv/lib/python3.10/site-packages/airflow/example_dags/example_bash_operator.py for tasks to queue
[2023-04-05 21:05:56,961] {logging_mixin.py:115} INFO - [2023-04-05 21:05:56,961] {dagbag.py:507} INFO - Filling up the DagBag from /home/edinaldo/Documents/previsao_remuneracao/previsao_remuneracao/venv/lib/python3.10/site-packages/airflow/example_dags/example_bash_operator.py
[2023-04-05 21:05:56,991] {processor.py:651} INFO - DAG(s) dict_keys(['example_bash_operator']) retrieved from /home/edinaldo/Documents/previsao_remuneracao/previsao_remuneracao/venv/lib/python3.10/site-packages/airflow/example_dags/example_bash_operator.py
[2023-04-05 21:05:57,010] {logging_mixin.py:115} INFO - [2023-04-05 21:05:57,010] {dag.py:2379} INFO - Sync 1 DAGs
[2023-04-05 21:05:57,029] {logging_mixin.py:115} INFO - [2023-04-05 21:05:57,029] {dag.py:2927} INFO - Setting next_dagrun for example_bash_operator to 2023-04-05T00:00:00+00:00, run_after=2023-04-06T00:00:00+00:00
[2023-04-05 21:05:57,122] {processor.py:161} INFO - Processing /home/edinaldo/Documents/previsao_remuneracao/previsao_remuneracao/venv/lib/python3.10/site-packages/airflow/example_dags/example_bash_operator.py took 0.191 seconds
[2023-04-05 21:06:35,714] {processor.py:153} INFO - Started process (PID=52746) to work on /home/edinaldo/Documents/previsao_remuneracao/previsao_remuneracao/venv/lib/python3.10/site-packages/airflow/example_dags/example_bash_operator.py
[2023-04-05 21:06:35,726] {processor.py:641} INFO - Processing file /home/edinaldo/Documents/previsao_remuneracao/previsao_remuneracao/venv/lib/python3.10/site-packages/airflow/example_dags/example_bash_operator.py for tasks to queue
[2023-04-05 21:06:35,728] {logging_mixin.py:115} INFO - [2023-04-05 21:06:35,728] {dagbag.py:507} INFO - Filling up the DagBag from /home/edinaldo/Documents/previsao_remuneracao/previsao_remuneracao/venv/lib/python3.10/site-packages/airflow/example_dags/example_bash_operator.py
[2023-04-05 21:06:35,756] {processor.py:651} INFO - DAG(s) dict_keys(['example_bash_operator']) retrieved from /home/edinaldo/Documents/previsao_remuneracao/previsao_remuneracao/venv/lib/python3.10/site-packages/airflow/example_dags/example_bash_operator.py
[2023-04-05 21:06:35,773] {logging_mixin.py:115} INFO - [2023-04-05 21:06:35,773] {dag.py:2379} INFO - Sync 1 DAGs
[2023-04-05 21:06:35,793] {logging_mixin.py:115} INFO - [2023-04-05 21:06:35,793] {dag.py:2927} INFO - Setting next_dagrun for example_bash_operator to 2023-04-05T00:00:00+00:00, run_after=2023-04-06T00:00:00+00:00
[2023-04-05 21:06:35,876] {processor.py:161} INFO - Processing /home/edinaldo/Documents/previsao_remuneracao/previsao_remuneracao/venv/lib/python3.10/site-packages/airflow/example_dags/example_bash_operator.py took 0.172 seconds
[2023-04-05 21:07:14,017] {processor.py:153} INFO - Started process (PID=52784) to work on /home/edinaldo/Documents/previsao_remuneracao/previsao_remuneracao/venv/lib/python3.10/site-packages/airflow/example_dags/example_bash_operator.py
[2023-04-05 21:07:14,027] {processor.py:641} INFO - Processing file /home/edinaldo/Documents/previsao_remuneracao/previsao_remuneracao/venv/lib/python3.10/site-packages/airflow/example_dags/example_bash_operator.py for tasks to queue
[2023-04-05 21:07:14,028] {logging_mixin.py:115} INFO - [2023-04-05 21:07:14,028] {dagbag.py:507} INFO - Filling up the DagBag from /home/edinaldo/Documents/previsao_remuneracao/previsao_remuneracao/venv/lib/python3.10/site-packages/airflow/example_dags/example_bash_operator.py
[2023-04-05 21:07:14,043] {processor.py:651} INFO - DAG(s) dict_keys(['example_bash_operator']) retrieved from /home/edinaldo/Documents/previsao_remuneracao/previsao_remuneracao/venv/lib/python3.10/site-packages/airflow/example_dags/example_bash_operator.py
[2023-04-05 21:07:14,063] {logging_mixin.py:115} INFO - [2023-04-05 21:07:14,063] {dag.py:2379} INFO - Sync 1 DAGs
[2023-04-05 21:07:14,083] {logging_mixin.py:115} INFO - [2023-04-05 21:07:14,083] {dag.py:2927} INFO - Setting next_dagrun for example_bash_operator to 2023-04-05T00:00:00+00:00, run_after=2023-04-06T00:00:00+00:00
[2023-04-05 21:07:14,166] {processor.py:161} INFO - Processing /home/edinaldo/Documents/previsao_remuneracao/previsao_remuneracao/venv/lib/python3.10/site-packages/airflow/example_dags/example_bash_operator.py took 0.153 seconds
[2023-04-05 21:07:53,926] {processor.py:153} INFO - Started process (PID=52822) to work on /home/edinaldo/Documents/previsao_remuneracao/previsao_remuneracao/venv/lib/python3.10/site-packages/airflow/example_dags/example_bash_operator.py
[2023-04-05 21:07:53,941] {processor.py:641} INFO - Processing file /home/edinaldo/Documents/previsao_remuneracao/previsao_remuneracao/venv/lib/python3.10/site-packages/airflow/example_dags/example_bash_operator.py for tasks to queue
[2023-04-05 21:07:53,943] {logging_mixin.py:115} INFO - [2023-04-05 21:07:53,942] {dagbag.py:507} INFO - Filling up the DagBag from /home/edinaldo/Documents/previsao_remuneracao/previsao_remuneracao/venv/lib/python3.10/site-packages/airflow/example_dags/example_bash_operator.py
[2023-04-05 21:07:53,970] {processor.py:651} INFO - DAG(s) dict_keys(['example_bash_operator']) retrieved from /home/edinaldo/Documents/previsao_remuneracao/previsao_remuneracao/venv/lib/python3.10/site-packages/airflow/example_dags/example_bash_operator.py
[2023-04-05 21:07:53,987] {logging_mixin.py:115} INFO - [2023-04-05 21:07:53,987] {dag.py:2379} INFO - Sync 1 DAGs
[2023-04-05 21:07:54,007] {logging_mixin.py:115} INFO - [2023-04-05 21:07:54,007] {dag.py:2927} INFO - Setting next_dagrun for example_bash_operator to 2023-04-05T00:00:00+00:00, run_after=2023-04-06T00:00:00+00:00
[2023-04-05 21:07:54,116] {processor.py:161} INFO - Processing /home/edinaldo/Documents/previsao_remuneracao/previsao_remuneracao/venv/lib/python3.10/site-packages/airflow/example_dags/example_bash_operator.py took 0.200 seconds
[2023-04-05 21:08:34,465] {processor.py:153} INFO - Started process (PID=52859) to work on /home/edinaldo/Documents/previsao_remuneracao/previsao_remuneracao/venv/lib/python3.10/site-packages/airflow/example_dags/example_bash_operator.py
[2023-04-05 21:08:34,467] {processor.py:641} INFO - Processing file /home/edinaldo/Documents/previsao_remuneracao/previsao_remuneracao/venv/lib/python3.10/site-packages/airflow/example_dags/example_bash_operator.py for tasks to queue
[2023-04-05 21:08:34,469] {logging_mixin.py:115} INFO - [2023-04-05 21:08:34,468] {dagbag.py:507} INFO - Filling up the DagBag from /home/edinaldo/Documents/previsao_remuneracao/previsao_remuneracao/venv/lib/python3.10/site-packages/airflow/example_dags/example_bash_operator.py
[2023-04-05 21:08:34,493] {processor.py:651} INFO - DAG(s) dict_keys(['example_bash_operator']) retrieved from /home/edinaldo/Documents/previsao_remuneracao/previsao_remuneracao/venv/lib/python3.10/site-packages/airflow/example_dags/example_bash_operator.py
[2023-04-05 21:08:34,510] {logging_mixin.py:115} INFO - [2023-04-05 21:08:34,510] {dag.py:2379} INFO - Sync 1 DAGs
[2023-04-05 21:08:34,529] {logging_mixin.py:115} INFO - [2023-04-05 21:08:34,529] {dag.py:2927} INFO - Setting next_dagrun for example_bash_operator to 2023-04-05T00:00:00+00:00, run_after=2023-04-06T00:00:00+00:00
[2023-04-05 21:08:34,611] {processor.py:161} INFO - Processing /home/edinaldo/Documents/previsao_remuneracao/previsao_remuneracao/venv/lib/python3.10/site-packages/airflow/example_dags/example_bash_operator.py took 0.156 seconds
[2023-04-05 21:09:11,931] {processor.py:153} INFO - Started process (PID=52894) to work on /home/edinaldo/Documents/previsao_remuneracao/previsao_remuneracao/venv/lib/python3.10/site-packages/airflow/example_dags/example_bash_operator.py
[2023-04-05 21:09:11,950] {processor.py:641} INFO - Processing file /home/edinaldo/Documents/previsao_remuneracao/previsao_remuneracao/venv/lib/python3.10/site-packages/airflow/example_dags/example_bash_operator.py for tasks to queue
[2023-04-05 21:09:11,951] {logging_mixin.py:115} INFO - [2023-04-05 21:09:11,950] {dagbag.py:507} INFO - Filling up the DagBag from /home/edinaldo/Documents/previsao_remuneracao/previsao_remuneracao/venv/lib/python3.10/site-packages/airflow/example_dags/example_bash_operator.py
[2023-04-05 21:09:11,973] {processor.py:651} INFO - DAG(s) dict_keys(['example_bash_operator']) retrieved from /home/edinaldo/Documents/previsao_remuneracao/previsao_remuneracao/venv/lib/python3.10/site-packages/airflow/example_dags/example_bash_operator.py
[2023-04-05 21:09:11,992] {logging_mixin.py:115} INFO - [2023-04-05 21:09:11,992] {dag.py:2379} INFO - Sync 1 DAGs
[2023-04-05 21:09:12,012] {logging_mixin.py:115} INFO - [2023-04-05 21:09:12,011] {dag.py:2927} INFO - Setting next_dagrun for example_bash_operator to 2023-04-05T00:00:00+00:00, run_after=2023-04-06T00:00:00+00:00
[2023-04-05 21:09:12,102] {processor.py:161} INFO - Processing /home/edinaldo/Documents/previsao_remuneracao/previsao_remuneracao/venv/lib/python3.10/site-packages/airflow/example_dags/example_bash_operator.py took 0.174 seconds
[2023-04-05 21:09:50,734] {processor.py:153} INFO - Started process (PID=52929) to work on /home/edinaldo/Documents/previsao_remuneracao/previsao_remuneracao/venv/lib/python3.10/site-packages/airflow/example_dags/example_bash_operator.py
[2023-04-05 21:09:50,736] {processor.py:641} INFO - Processing file /home/edinaldo/Documents/previsao_remuneracao/previsao_remuneracao/venv/lib/python3.10/site-packages/airflow/example_dags/example_bash_operator.py for tasks to queue
[2023-04-05 21:09:50,737] {logging_mixin.py:115} INFO - [2023-04-05 21:09:50,737] {dagbag.py:507} INFO - Filling up the DagBag from /home/edinaldo/Documents/previsao_remuneracao/previsao_remuneracao/venv/lib/python3.10/site-packages/airflow/example_dags/example_bash_operator.py
[2023-04-05 21:09:50,759] {processor.py:651} INFO - DAG(s) dict_keys(['example_bash_operator']) retrieved from /home/edinaldo/Documents/previsao_remuneracao/previsao_remuneracao/venv/lib/python3.10/site-packages/airflow/example_dags/example_bash_operator.py
[2023-04-05 21:09:50,778] {logging_mixin.py:115} INFO - [2023-04-05 21:09:50,778] {dag.py:2379} INFO - Sync 1 DAGs
[2023-04-05 21:09:50,815] {logging_mixin.py:115} INFO - [2023-04-05 21:09:50,815] {dag.py:2927} INFO - Setting next_dagrun for example_bash_operator to 2023-04-05T00:00:00+00:00, run_after=2023-04-06T00:00:00+00:00
[2023-04-05 21:09:50,905] {processor.py:161} INFO - Processing /home/edinaldo/Documents/previsao_remuneracao/previsao_remuneracao/venv/lib/python3.10/site-packages/airflow/example_dags/example_bash_operator.py took 0.181 seconds
[2023-04-05 21:10:28,845] {processor.py:153} INFO - Started process (PID=52969) to work on /home/edinaldo/Documents/previsao_remuneracao/previsao_remuneracao/venv/lib/python3.10/site-packages/airflow/example_dags/example_bash_operator.py
[2023-04-05 21:10:28,854] {processor.py:641} INFO - Processing file /home/edinaldo/Documents/previsao_remuneracao/previsao_remuneracao/venv/lib/python3.10/site-packages/airflow/example_dags/example_bash_operator.py for tasks to queue
[2023-04-05 21:10:28,855] {logging_mixin.py:115} INFO - [2023-04-05 21:10:28,855] {dagbag.py:507} INFO - Filling up the DagBag from /home/edinaldo/Documents/previsao_remuneracao/previsao_remuneracao/venv/lib/python3.10/site-packages/airflow/example_dags/example_bash_operator.py
[2023-04-05 21:10:28,876] {processor.py:651} INFO - DAG(s) dict_keys(['example_bash_operator']) retrieved from /home/edinaldo/Documents/previsao_remuneracao/previsao_remuneracao/venv/lib/python3.10/site-packages/airflow/example_dags/example_bash_operator.py
[2023-04-05 21:10:28,897] {logging_mixin.py:115} INFO - [2023-04-05 21:10:28,897] {dag.py:2379} INFO - Sync 1 DAGs
[2023-04-05 21:10:28,917] {logging_mixin.py:115} INFO - [2023-04-05 21:10:28,917] {dag.py:2927} INFO - Setting next_dagrun for example_bash_operator to 2023-04-05T00:00:00+00:00, run_after=2023-04-06T00:00:00+00:00
[2023-04-05 21:10:28,980] {processor.py:161} INFO - Processing /home/edinaldo/Documents/previsao_remuneracao/previsao_remuneracao/venv/lib/python3.10/site-packages/airflow/example_dags/example_bash_operator.py took 0.146 seconds
[2023-04-05 21:11:09,433] {processor.py:153} INFO - Started process (PID=53126) to work on /home/edinaldo/Documents/previsao_remuneracao/previsao_remuneracao/venv/lib/python3.10/site-packages/airflow/example_dags/example_bash_operator.py
[2023-04-05 21:11:09,434] {processor.py:641} INFO - Processing file /home/edinaldo/Documents/previsao_remuneracao/previsao_remuneracao/venv/lib/python3.10/site-packages/airflow/example_dags/example_bash_operator.py for tasks to queue
[2023-04-05 21:11:09,435] {logging_mixin.py:115} INFO - [2023-04-05 21:11:09,435] {dagbag.py:507} INFO - Filling up the DagBag from /home/edinaldo/Documents/previsao_remuneracao/previsao_remuneracao/venv/lib/python3.10/site-packages/airflow/example_dags/example_bash_operator.py
[2023-04-05 21:11:09,465] {processor.py:651} INFO - DAG(s) dict_keys(['example_bash_operator']) retrieved from /home/edinaldo/Documents/previsao_remuneracao/previsao_remuneracao/venv/lib/python3.10/site-packages/airflow/example_dags/example_bash_operator.py
[2023-04-05 21:11:09,485] {logging_mixin.py:115} INFO - [2023-04-05 21:11:09,485] {dag.py:2379} INFO - Sync 1 DAGs
[2023-04-05 21:11:09,507] {logging_mixin.py:115} INFO - [2023-04-05 21:11:09,507] {dag.py:2927} INFO - Setting next_dagrun for example_bash_operator to 2023-04-05T00:00:00+00:00, run_after=2023-04-06T00:00:00+00:00
[2023-04-05 21:11:09,604] {processor.py:161} INFO - Processing /home/edinaldo/Documents/previsao_remuneracao/previsao_remuneracao/venv/lib/python3.10/site-packages/airflow/example_dags/example_bash_operator.py took 0.175 seconds
[2023-04-05 21:11:48,909] {processor.py:153} INFO - Started process (PID=53190) to work on /home/edinaldo/Documents/previsao_remuneracao/previsao_remuneracao/venv/lib/python3.10/site-packages/airflow/example_dags/example_bash_operator.py
[2023-04-05 21:11:48,910] {processor.py:641} INFO - Processing file /home/edinaldo/Documents/previsao_remuneracao/previsao_remuneracao/venv/lib/python3.10/site-packages/airflow/example_dags/example_bash_operator.py for tasks to queue
[2023-04-05 21:11:48,911] {logging_mixin.py:115} INFO - [2023-04-05 21:11:48,911] {dagbag.py:507} INFO - Filling up the DagBag from /home/edinaldo/Documents/previsao_remuneracao/previsao_remuneracao/venv/lib/python3.10/site-packages/airflow/example_dags/example_bash_operator.py
[2023-04-05 21:11:48,927] {processor.py:651} INFO - DAG(s) dict_keys(['example_bash_operator']) retrieved from /home/edinaldo/Documents/previsao_remuneracao/previsao_remuneracao/venv/lib/python3.10/site-packages/airflow/example_dags/example_bash_operator.py
[2023-04-05 21:11:48,944] {logging_mixin.py:115} INFO - [2023-04-05 21:11:48,944] {dag.py:2379} INFO - Sync 1 DAGs
[2023-04-05 21:11:48,964] {logging_mixin.py:115} INFO - [2023-04-05 21:11:48,964] {dag.py:2927} INFO - Setting next_dagrun for example_bash_operator to 2023-04-05T00:00:00+00:00, run_after=2023-04-06T00:00:00+00:00
[2023-04-05 21:11:49,058] {processor.py:161} INFO - Processing /home/edinaldo/Documents/previsao_remuneracao/previsao_remuneracao/venv/lib/python3.10/site-packages/airflow/example_dags/example_bash_operator.py took 0.152 seconds
[2023-04-05 21:12:38,129] {processor.py:153} INFO - Started process (PID=53333) to work on /home/edinaldo/Documents/previsao_remuneracao/previsao_remuneracao/venv/lib/python3.10/site-packages/airflow/example_dags/example_bash_operator.py
[2023-04-05 21:12:38,158] {processor.py:641} INFO - Processing file /home/edinaldo/Documents/previsao_remuneracao/previsao_remuneracao/venv/lib/python3.10/site-packages/airflow/example_dags/example_bash_operator.py for tasks to queue
[2023-04-05 21:12:38,159] {logging_mixin.py:115} INFO - [2023-04-05 21:12:38,159] {dagbag.py:507} INFO - Filling up the DagBag from /home/edinaldo/Documents/previsao_remuneracao/previsao_remuneracao/venv/lib/python3.10/site-packages/airflow/example_dags/example_bash_operator.py
[2023-04-05 21:12:38,208] {processor.py:651} INFO - DAG(s) dict_keys(['example_bash_operator']) retrieved from /home/edinaldo/Documents/previsao_remuneracao/previsao_remuneracao/venv/lib/python3.10/site-packages/airflow/example_dags/example_bash_operator.py
[2023-04-05 21:12:38,243] {logging_mixin.py:115} INFO - [2023-04-05 21:12:38,243] {dag.py:2379} INFO - Sync 1 DAGs
[2023-04-05 21:12:38,269] {logging_mixin.py:115} INFO - [2023-04-05 21:12:38,269] {dag.py:2927} INFO - Setting next_dagrun for example_bash_operator to 2023-04-05T00:00:00+00:00, run_after=2023-04-06T00:00:00+00:00
[2023-04-05 21:12:38,377] {processor.py:161} INFO - Processing /home/edinaldo/Documents/previsao_remuneracao/previsao_remuneracao/venv/lib/python3.10/site-packages/airflow/example_dags/example_bash_operator.py took 0.258 seconds
[2023-04-05 21:13:30,800] {processor.py:153} INFO - Started process (PID=53438) to work on /home/edinaldo/Documents/previsao_remuneracao/previsao_remuneracao/venv/lib/python3.10/site-packages/airflow/example_dags/example_bash_operator.py
[2023-04-05 21:13:30,834] {processor.py:641} INFO - Processing file /home/edinaldo/Documents/previsao_remuneracao/previsao_remuneracao/venv/lib/python3.10/site-packages/airflow/example_dags/example_bash_operator.py for tasks to queue
[2023-04-05 21:13:30,835] {logging_mixin.py:115} INFO - [2023-04-05 21:13:30,835] {dagbag.py:507} INFO - Filling up the DagBag from /home/edinaldo/Documents/previsao_remuneracao/previsao_remuneracao/venv/lib/python3.10/site-packages/airflow/example_dags/example_bash_operator.py
[2023-04-05 21:13:30,882] {processor.py:651} INFO - DAG(s) dict_keys(['example_bash_operator']) retrieved from /home/edinaldo/Documents/previsao_remuneracao/previsao_remuneracao/venv/lib/python3.10/site-packages/airflow/example_dags/example_bash_operator.py
[2023-04-05 21:13:30,899] {logging_mixin.py:115} INFO - [2023-04-05 21:13:30,899] {dag.py:2379} INFO - Sync 1 DAGs
[2023-04-05 21:13:30,921] {logging_mixin.py:115} INFO - [2023-04-05 21:13:30,921] {dag.py:2927} INFO - Setting next_dagrun for example_bash_operator to 2023-04-05T00:00:00+00:00, run_after=2023-04-06T00:00:00+00:00
[2023-04-05 21:13:31,002] {processor.py:161} INFO - Processing /home/edinaldo/Documents/previsao_remuneracao/previsao_remuneracao/venv/lib/python3.10/site-packages/airflow/example_dags/example_bash_operator.py took 0.211 seconds
[2023-04-05 21:14:11,131] {processor.py:153} INFO - Started process (PID=53474) to work on /home/edinaldo/Documents/previsao_remuneracao/previsao_remuneracao/venv/lib/python3.10/site-packages/airflow/example_dags/example_bash_operator.py
[2023-04-05 21:14:11,150] {processor.py:641} INFO - Processing file /home/edinaldo/Documents/previsao_remuneracao/previsao_remuneracao/venv/lib/python3.10/site-packages/airflow/example_dags/example_bash_operator.py for tasks to queue
[2023-04-05 21:14:11,151] {logging_mixin.py:115} INFO - [2023-04-05 21:14:11,151] {dagbag.py:507} INFO - Filling up the DagBag from /home/edinaldo/Documents/previsao_remuneracao/previsao_remuneracao/venv/lib/python3.10/site-packages/airflow/example_dags/example_bash_operator.py
[2023-04-05 21:14:11,202] {processor.py:651} INFO - DAG(s) dict_keys(['example_bash_operator']) retrieved from /home/edinaldo/Documents/previsao_remuneracao/previsao_remuneracao/venv/lib/python3.10/site-packages/airflow/example_dags/example_bash_operator.py
[2023-04-05 21:14:11,317] {logging_mixin.py:115} INFO - [2023-04-05 21:14:11,317] {dag.py:2379} INFO - Sync 1 DAGs
[2023-04-05 21:14:11,355] {logging_mixin.py:115} INFO - [2023-04-05 21:14:11,355] {dag.py:2927} INFO - Setting next_dagrun for example_bash_operator to 2023-04-05T00:00:00+00:00, run_after=2023-04-06T00:00:00+00:00
[2023-04-05 21:14:11,456] {processor.py:161} INFO - Processing /home/edinaldo/Documents/previsao_remuneracao/previsao_remuneracao/venv/lib/python3.10/site-packages/airflow/example_dags/example_bash_operator.py took 0.335 seconds
[2023-04-05 21:14:52,662] {processor.py:153} INFO - Started process (PID=53517) to work on /home/edinaldo/Documents/previsao_remuneracao/previsao_remuneracao/venv/lib/python3.10/site-packages/airflow/example_dags/example_bash_operator.py
[2023-04-05 21:14:52,664] {processor.py:641} INFO - Processing file /home/edinaldo/Documents/previsao_remuneracao/previsao_remuneracao/venv/lib/python3.10/site-packages/airflow/example_dags/example_bash_operator.py for tasks to queue
[2023-04-05 21:14:52,665] {logging_mixin.py:115} INFO - [2023-04-05 21:14:52,665] {dagbag.py:507} INFO - Filling up the DagBag from /home/edinaldo/Documents/previsao_remuneracao/previsao_remuneracao/venv/lib/python3.10/site-packages/airflow/example_dags/example_bash_operator.py
[2023-04-05 21:14:52,686] {processor.py:651} INFO - DAG(s) dict_keys(['example_bash_operator']) retrieved from /home/edinaldo/Documents/previsao_remuneracao/previsao_remuneracao/venv/lib/python3.10/site-packages/airflow/example_dags/example_bash_operator.py
[2023-04-05 21:14:52,703] {logging_mixin.py:115} INFO - [2023-04-05 21:14:52,703] {dag.py:2379} INFO - Sync 1 DAGs
[2023-04-05 21:14:52,722] {logging_mixin.py:115} INFO - [2023-04-05 21:14:52,722] {dag.py:2927} INFO - Setting next_dagrun for example_bash_operator to 2023-04-05T00:00:00+00:00, run_after=2023-04-06T00:00:00+00:00
[2023-04-05 21:14:52,790] {processor.py:161} INFO - Processing /home/edinaldo/Documents/previsao_remuneracao/previsao_remuneracao/venv/lib/python3.10/site-packages/airflow/example_dags/example_bash_operator.py took 0.138 seconds
[2023-04-05 21:15:31,617] {processor.py:153} INFO - Started process (PID=53566) to work on /home/edinaldo/Documents/previsao_remuneracao/previsao_remuneracao/venv/lib/python3.10/site-packages/airflow/example_dags/example_bash_operator.py
[2023-04-05 21:15:31,631] {processor.py:641} INFO - Processing file /home/edinaldo/Documents/previsao_remuneracao/previsao_remuneracao/venv/lib/python3.10/site-packages/airflow/example_dags/example_bash_operator.py for tasks to queue
[2023-04-05 21:15:31,632] {logging_mixin.py:115} INFO - [2023-04-05 21:15:31,632] {dagbag.py:507} INFO - Filling up the DagBag from /home/edinaldo/Documents/previsao_remuneracao/previsao_remuneracao/venv/lib/python3.10/site-packages/airflow/example_dags/example_bash_operator.py
[2023-04-05 21:15:31,666] {processor.py:651} INFO - DAG(s) dict_keys(['example_bash_operator']) retrieved from /home/edinaldo/Documents/previsao_remuneracao/previsao_remuneracao/venv/lib/python3.10/site-packages/airflow/example_dags/example_bash_operator.py
[2023-04-05 21:15:31,685] {logging_mixin.py:115} INFO - [2023-04-05 21:15:31,685] {dag.py:2379} INFO - Sync 1 DAGs
[2023-04-05 21:15:31,705] {logging_mixin.py:115} INFO - [2023-04-05 21:15:31,705] {dag.py:2927} INFO - Setting next_dagrun for example_bash_operator to 2023-04-05T00:00:00+00:00, run_after=2023-04-06T00:00:00+00:00
[2023-04-05 21:15:31,790] {processor.py:161} INFO - Processing /home/edinaldo/Documents/previsao_remuneracao/previsao_remuneracao/venv/lib/python3.10/site-packages/airflow/example_dags/example_bash_operator.py took 0.181 seconds
[2023-04-05 21:16:16,559] {processor.py:153} INFO - Started process (PID=53628) to work on /home/edinaldo/Documents/previsao_remuneracao/previsao_remuneracao/venv/lib/python3.10/site-packages/airflow/example_dags/example_bash_operator.py
[2023-04-05 21:16:16,560] {processor.py:641} INFO - Processing file /home/edinaldo/Documents/previsao_remuneracao/previsao_remuneracao/venv/lib/python3.10/site-packages/airflow/example_dags/example_bash_operator.py for tasks to queue
[2023-04-05 21:16:16,560] {logging_mixin.py:115} INFO - [2023-04-05 21:16:16,560] {dagbag.py:507} INFO - Filling up the DagBag from /home/edinaldo/Documents/previsao_remuneracao/previsao_remuneracao/venv/lib/python3.10/site-packages/airflow/example_dags/example_bash_operator.py
[2023-04-05 21:16:16,574] {processor.py:651} INFO - DAG(s) dict_keys(['example_bash_operator']) retrieved from /home/edinaldo/Documents/previsao_remuneracao/previsao_remuneracao/venv/lib/python3.10/site-packages/airflow/example_dags/example_bash_operator.py
[2023-04-05 21:16:16,591] {logging_mixin.py:115} INFO - [2023-04-05 21:16:16,591] {dag.py:2379} INFO - Sync 1 DAGs
[2023-04-05 21:16:16,610] {logging_mixin.py:115} INFO - [2023-04-05 21:16:16,610] {dag.py:2927} INFO - Setting next_dagrun for example_bash_operator to 2023-04-05T00:00:00+00:00, run_after=2023-04-06T00:00:00+00:00
[2023-04-05 21:16:16,707] {processor.py:161} INFO - Processing /home/edinaldo/Documents/previsao_remuneracao/previsao_remuneracao/venv/lib/python3.10/site-packages/airflow/example_dags/example_bash_operator.py took 0.151 seconds
[2023-04-05 21:17:02,056] {processor.py:153} INFO - Started process (PID=53699) to work on /home/edinaldo/Documents/previsao_remuneracao/previsao_remuneracao/venv/lib/python3.10/site-packages/airflow/example_dags/example_bash_operator.py
[2023-04-05 21:17:02,058] {processor.py:641} INFO - Processing file /home/edinaldo/Documents/previsao_remuneracao/previsao_remuneracao/venv/lib/python3.10/site-packages/airflow/example_dags/example_bash_operator.py for tasks to queue
[2023-04-05 21:17:02,060] {logging_mixin.py:115} INFO - [2023-04-05 21:17:02,059] {dagbag.py:507} INFO - Filling up the DagBag from /home/edinaldo/Documents/previsao_remuneracao/previsao_remuneracao/venv/lib/python3.10/site-packages/airflow/example_dags/example_bash_operator.py
[2023-04-05 21:17:02,083] {processor.py:651} INFO - DAG(s) dict_keys(['example_bash_operator']) retrieved from /home/edinaldo/Documents/previsao_remuneracao/previsao_remuneracao/venv/lib/python3.10/site-packages/airflow/example_dags/example_bash_operator.py
[2023-04-05 21:17:02,100] {logging_mixin.py:115} INFO - [2023-04-05 21:17:02,100] {dag.py:2379} INFO - Sync 1 DAGs
[2023-04-05 21:17:02,120] {logging_mixin.py:115} INFO - [2023-04-05 21:17:02,120] {dag.py:2927} INFO - Setting next_dagrun for example_bash_operator to 2023-04-05T00:00:00+00:00, run_after=2023-04-06T00:00:00+00:00
[2023-04-05 21:17:02,220] {processor.py:161} INFO - Processing /home/edinaldo/Documents/previsao_remuneracao/previsao_remuneracao/venv/lib/python3.10/site-packages/airflow/example_dags/example_bash_operator.py took 0.173 seconds
[2023-04-05 21:17:42,897] {processor.py:153} INFO - Started process (PID=53740) to work on /home/edinaldo/Documents/previsao_remuneracao/previsao_remuneracao/venv/lib/python3.10/site-packages/airflow/example_dags/example_bash_operator.py
[2023-04-05 21:17:42,898] {processor.py:641} INFO - Processing file /home/edinaldo/Documents/previsao_remuneracao/previsao_remuneracao/venv/lib/python3.10/site-packages/airflow/example_dags/example_bash_operator.py for tasks to queue
[2023-04-05 21:17:42,898] {logging_mixin.py:115} INFO - [2023-04-05 21:17:42,898] {dagbag.py:507} INFO - Filling up the DagBag from /home/edinaldo/Documents/previsao_remuneracao/previsao_remuneracao/venv/lib/python3.10/site-packages/airflow/example_dags/example_bash_operator.py
[2023-04-05 21:17:42,913] {processor.py:651} INFO - DAG(s) dict_keys(['example_bash_operator']) retrieved from /home/edinaldo/Documents/previsao_remuneracao/previsao_remuneracao/venv/lib/python3.10/site-packages/airflow/example_dags/example_bash_operator.py
[2023-04-05 21:17:42,929] {logging_mixin.py:115} INFO - [2023-04-05 21:17:42,929] {dag.py:2379} INFO - Sync 1 DAGs
[2023-04-05 21:17:42,949] {logging_mixin.py:115} INFO - [2023-04-05 21:17:42,949] {dag.py:2927} INFO - Setting next_dagrun for example_bash_operator to 2023-04-05T00:00:00+00:00, run_after=2023-04-06T00:00:00+00:00
[2023-04-05 21:17:43,019] {processor.py:161} INFO - Processing /home/edinaldo/Documents/previsao_remuneracao/previsao_remuneracao/venv/lib/python3.10/site-packages/airflow/example_dags/example_bash_operator.py took 0.126 seconds
[2023-04-05 21:18:22,215] {processor.py:153} INFO - Started process (PID=53774) to work on /home/edinaldo/Documents/previsao_remuneracao/previsao_remuneracao/venv/lib/python3.10/site-packages/airflow/example_dags/example_bash_operator.py
[2023-04-05 21:18:22,215] {processor.py:641} INFO - Processing file /home/edinaldo/Documents/previsao_remuneracao/previsao_remuneracao/venv/lib/python3.10/site-packages/airflow/example_dags/example_bash_operator.py for tasks to queue
[2023-04-05 21:18:22,216] {logging_mixin.py:115} INFO - [2023-04-05 21:18:22,216] {dagbag.py:507} INFO - Filling up the DagBag from /home/edinaldo/Documents/previsao_remuneracao/previsao_remuneracao/venv/lib/python3.10/site-packages/airflow/example_dags/example_bash_operator.py
[2023-04-05 21:18:22,230] {processor.py:651} INFO - DAG(s) dict_keys(['example_bash_operator']) retrieved from /home/edinaldo/Documents/previsao_remuneracao/previsao_remuneracao/venv/lib/python3.10/site-packages/airflow/example_dags/example_bash_operator.py
[2023-04-05 21:18:22,247] {logging_mixin.py:115} INFO - [2023-04-05 21:18:22,247] {dag.py:2379} INFO - Sync 1 DAGs
[2023-04-05 21:18:22,267] {logging_mixin.py:115} INFO - [2023-04-05 21:18:22,266] {dag.py:2927} INFO - Setting next_dagrun for example_bash_operator to 2023-04-05T00:00:00+00:00, run_after=2023-04-06T00:00:00+00:00
[2023-04-05 21:18:22,355] {processor.py:161} INFO - Processing /home/edinaldo/Documents/previsao_remuneracao/previsao_remuneracao/venv/lib/python3.10/site-packages/airflow/example_dags/example_bash_operator.py took 0.144 seconds
[2023-04-05 21:19:00,390] {processor.py:153} INFO - Started process (PID=53817) to work on /home/edinaldo/Documents/previsao_remuneracao/previsao_remuneracao/venv/lib/python3.10/site-packages/airflow/example_dags/example_bash_operator.py
[2023-04-05 21:19:00,397] {processor.py:641} INFO - Processing file /home/edinaldo/Documents/previsao_remuneracao/previsao_remuneracao/venv/lib/python3.10/site-packages/airflow/example_dags/example_bash_operator.py for tasks to queue
[2023-04-05 21:19:00,398] {logging_mixin.py:115} INFO - [2023-04-05 21:19:00,398] {dagbag.py:507} INFO - Filling up the DagBag from /home/edinaldo/Documents/previsao_remuneracao/previsao_remuneracao/venv/lib/python3.10/site-packages/airflow/example_dags/example_bash_operator.py
[2023-04-05 21:19:00,425] {processor.py:651} INFO - DAG(s) dict_keys(['example_bash_operator']) retrieved from /home/edinaldo/Documents/previsao_remuneracao/previsao_remuneracao/venv/lib/python3.10/site-packages/airflow/example_dags/example_bash_operator.py
[2023-04-05 21:19:00,442] {logging_mixin.py:115} INFO - [2023-04-05 21:19:00,442] {dag.py:2379} INFO - Sync 1 DAGs
[2023-04-05 21:19:00,462] {logging_mixin.py:115} INFO - [2023-04-05 21:19:00,462] {dag.py:2927} INFO - Setting next_dagrun for example_bash_operator to 2023-04-05T00:00:00+00:00, run_after=2023-04-06T00:00:00+00:00
[2023-04-05 21:19:00,548] {processor.py:161} INFO - Processing /home/edinaldo/Documents/previsao_remuneracao/previsao_remuneracao/venv/lib/python3.10/site-packages/airflow/example_dags/example_bash_operator.py took 0.168 seconds
[2023-04-05 21:19:43,194] {processor.py:153} INFO - Started process (PID=53865) to work on /home/edinaldo/Documents/previsao_remuneracao/previsao_remuneracao/venv/lib/python3.10/site-packages/airflow/example_dags/example_bash_operator.py
[2023-04-05 21:19:43,195] {processor.py:641} INFO - Processing file /home/edinaldo/Documents/previsao_remuneracao/previsao_remuneracao/venv/lib/python3.10/site-packages/airflow/example_dags/example_bash_operator.py for tasks to queue
[2023-04-05 21:19:43,195] {logging_mixin.py:115} INFO - [2023-04-05 21:19:43,195] {dagbag.py:507} INFO - Filling up the DagBag from /home/edinaldo/Documents/previsao_remuneracao/previsao_remuneracao/venv/lib/python3.10/site-packages/airflow/example_dags/example_bash_operator.py
[2023-04-05 21:19:43,209] {processor.py:651} INFO - DAG(s) dict_keys(['example_bash_operator']) retrieved from /home/edinaldo/Documents/previsao_remuneracao/previsao_remuneracao/venv/lib/python3.10/site-packages/airflow/example_dags/example_bash_operator.py
[2023-04-05 21:19:43,226] {logging_mixin.py:115} INFO - [2023-04-05 21:19:43,226] {dag.py:2379} INFO - Sync 1 DAGs
[2023-04-05 21:19:43,246] {logging_mixin.py:115} INFO - [2023-04-05 21:19:43,246] {dag.py:2927} INFO - Setting next_dagrun for example_bash_operator to 2023-04-05T00:00:00+00:00, run_after=2023-04-06T00:00:00+00:00
[2023-04-05 21:19:43,325] {processor.py:161} INFO - Processing /home/edinaldo/Documents/previsao_remuneracao/previsao_remuneracao/venv/lib/python3.10/site-packages/airflow/example_dags/example_bash_operator.py took 0.134 seconds
[2023-04-05 21:20:25,141] {processor.py:153} INFO - Started process (PID=53902) to work on /home/edinaldo/Documents/previsao_remuneracao/previsao_remuneracao/venv/lib/python3.10/site-packages/airflow/example_dags/example_bash_operator.py
[2023-04-05 21:20:25,159] {processor.py:641} INFO - Processing file /home/edinaldo/Documents/previsao_remuneracao/previsao_remuneracao/venv/lib/python3.10/site-packages/airflow/example_dags/example_bash_operator.py for tasks to queue
[2023-04-05 21:20:25,160] {logging_mixin.py:115} INFO - [2023-04-05 21:20:25,160] {dagbag.py:507} INFO - Filling up the DagBag from /home/edinaldo/Documents/previsao_remuneracao/previsao_remuneracao/venv/lib/python3.10/site-packages/airflow/example_dags/example_bash_operator.py
[2023-04-05 21:20:25,193] {processor.py:651} INFO - DAG(s) dict_keys(['example_bash_operator']) retrieved from /home/edinaldo/Documents/previsao_remuneracao/previsao_remuneracao/venv/lib/python3.10/site-packages/airflow/example_dags/example_bash_operator.py
[2023-04-05 21:20:25,248] {logging_mixin.py:115} INFO - [2023-04-05 21:20:25,248] {dag.py:2379} INFO - Sync 1 DAGs
[2023-04-05 21:20:25,269] {logging_mixin.py:115} INFO - [2023-04-05 21:20:25,269] {dag.py:2927} INFO - Setting next_dagrun for example_bash_operator to 2023-04-05T00:00:00+00:00, run_after=2023-04-06T00:00:00+00:00
[2023-04-05 21:20:25,347] {processor.py:161} INFO - Processing /home/edinaldo/Documents/previsao_remuneracao/previsao_remuneracao/venv/lib/python3.10/site-packages/airflow/example_dags/example_bash_operator.py took 0.210 seconds
[2023-04-05 21:21:03,521] {processor.py:153} INFO - Started process (PID=53959) to work on /home/edinaldo/Documents/previsao_remuneracao/previsao_remuneracao/venv/lib/python3.10/site-packages/airflow/example_dags/example_bash_operator.py
[2023-04-05 21:21:03,529] {processor.py:641} INFO - Processing file /home/edinaldo/Documents/previsao_remuneracao/previsao_remuneracao/venv/lib/python3.10/site-packages/airflow/example_dags/example_bash_operator.py for tasks to queue
[2023-04-05 21:21:03,530] {logging_mixin.py:115} INFO - [2023-04-05 21:21:03,530] {dagbag.py:507} INFO - Filling up the DagBag from /home/edinaldo/Documents/previsao_remuneracao/previsao_remuneracao/venv/lib/python3.10/site-packages/airflow/example_dags/example_bash_operator.py
[2023-04-05 21:21:03,545] {processor.py:651} INFO - DAG(s) dict_keys(['example_bash_operator']) retrieved from /home/edinaldo/Documents/previsao_remuneracao/previsao_remuneracao/venv/lib/python3.10/site-packages/airflow/example_dags/example_bash_operator.py
[2023-04-05 21:21:03,562] {logging_mixin.py:115} INFO - [2023-04-05 21:21:03,562] {dag.py:2379} INFO - Sync 1 DAGs
[2023-04-05 21:21:03,582] {logging_mixin.py:115} INFO - [2023-04-05 21:21:03,582] {dag.py:2927} INFO - Setting next_dagrun for example_bash_operator to 2023-04-05T00:00:00+00:00, run_after=2023-04-06T00:00:00+00:00
[2023-04-05 21:21:03,674] {processor.py:161} INFO - Processing /home/edinaldo/Documents/previsao_remuneracao/previsao_remuneracao/venv/lib/python3.10/site-packages/airflow/example_dags/example_bash_operator.py took 0.158 seconds
[2023-04-05 21:21:42,504] {processor.py:153} INFO - Started process (PID=54020) to work on /home/edinaldo/Documents/previsao_remuneracao/previsao_remuneracao/venv/lib/python3.10/site-packages/airflow/example_dags/example_bash_operator.py
[2023-04-05 21:21:42,518] {processor.py:641} INFO - Processing file /home/edinaldo/Documents/previsao_remuneracao/previsao_remuneracao/venv/lib/python3.10/site-packages/airflow/example_dags/example_bash_operator.py for tasks to queue
[2023-04-05 21:21:42,519] {logging_mixin.py:115} INFO - [2023-04-05 21:21:42,518] {dagbag.py:507} INFO - Filling up the DagBag from /home/edinaldo/Documents/previsao_remuneracao/previsao_remuneracao/venv/lib/python3.10/site-packages/airflow/example_dags/example_bash_operator.py
[2023-04-05 21:21:42,533] {processor.py:651} INFO - DAG(s) dict_keys(['example_bash_operator']) retrieved from /home/edinaldo/Documents/previsao_remuneracao/previsao_remuneracao/venv/lib/python3.10/site-packages/airflow/example_dags/example_bash_operator.py
[2023-04-05 21:21:42,549] {logging_mixin.py:115} INFO - [2023-04-05 21:21:42,549] {dag.py:2379} INFO - Sync 1 DAGs
[2023-04-05 21:21:42,570] {logging_mixin.py:115} INFO - [2023-04-05 21:21:42,569] {dag.py:2927} INFO - Setting next_dagrun for example_bash_operator to 2023-04-05T00:00:00+00:00, run_after=2023-04-06T00:00:00+00:00
[2023-04-05 21:21:42,656] {processor.py:161} INFO - Processing /home/edinaldo/Documents/previsao_remuneracao/previsao_remuneracao/venv/lib/python3.10/site-packages/airflow/example_dags/example_bash_operator.py took 0.156 seconds
[2023-04-05 21:22:19,704] {processor.py:153} INFO - Started process (PID=54059) to work on /home/edinaldo/Documents/previsao_remuneracao/previsao_remuneracao/venv/lib/python3.10/site-packages/airflow/example_dags/example_bash_operator.py
[2023-04-05 21:22:19,706] {processor.py:641} INFO - Processing file /home/edinaldo/Documents/previsao_remuneracao/previsao_remuneracao/venv/lib/python3.10/site-packages/airflow/example_dags/example_bash_operator.py for tasks to queue
[2023-04-05 21:22:19,708] {logging_mixin.py:115} INFO - [2023-04-05 21:22:19,707] {dagbag.py:507} INFO - Filling up the DagBag from /home/edinaldo/Documents/previsao_remuneracao/previsao_remuneracao/venv/lib/python3.10/site-packages/airflow/example_dags/example_bash_operator.py
[2023-04-05 21:22:19,733] {processor.py:651} INFO - DAG(s) dict_keys(['example_bash_operator']) retrieved from /home/edinaldo/Documents/previsao_remuneracao/previsao_remuneracao/venv/lib/python3.10/site-packages/airflow/example_dags/example_bash_operator.py
[2023-04-05 21:22:19,750] {logging_mixin.py:115} INFO - [2023-04-05 21:22:19,749] {dag.py:2379} INFO - Sync 1 DAGs
[2023-04-05 21:22:19,770] {logging_mixin.py:115} INFO - [2023-04-05 21:22:19,770] {dag.py:2927} INFO - Setting next_dagrun for example_bash_operator to 2023-04-05T00:00:00+00:00, run_after=2023-04-06T00:00:00+00:00
[2023-04-05 21:22:19,872] {processor.py:161} INFO - Processing /home/edinaldo/Documents/previsao_remuneracao/previsao_remuneracao/venv/lib/python3.10/site-packages/airflow/example_dags/example_bash_operator.py took 0.178 seconds
[2023-04-05 21:22:55,972] {processor.py:153} INFO - Started process (PID=54094) to work on /home/edinaldo/Documents/previsao_remuneracao/previsao_remuneracao/venv/lib/python3.10/site-packages/airflow/example_dags/example_bash_operator.py
[2023-04-05 21:22:55,973] {processor.py:641} INFO - Processing file /home/edinaldo/Documents/previsao_remuneracao/previsao_remuneracao/venv/lib/python3.10/site-packages/airflow/example_dags/example_bash_operator.py for tasks to queue
[2023-04-05 21:22:55,973] {logging_mixin.py:115} INFO - [2023-04-05 21:22:55,973] {dagbag.py:507} INFO - Filling up the DagBag from /home/edinaldo/Documents/previsao_remuneracao/previsao_remuneracao/venv/lib/python3.10/site-packages/airflow/example_dags/example_bash_operator.py
[2023-04-05 21:22:55,987] {processor.py:651} INFO - DAG(s) dict_keys(['example_bash_operator']) retrieved from /home/edinaldo/Documents/previsao_remuneracao/previsao_remuneracao/venv/lib/python3.10/site-packages/airflow/example_dags/example_bash_operator.py
[2023-04-05 21:22:56,004] {logging_mixin.py:115} INFO - [2023-04-05 21:22:56,004] {dag.py:2379} INFO - Sync 1 DAGs
[2023-04-05 21:22:56,024] {logging_mixin.py:115} INFO - [2023-04-05 21:22:56,024] {dag.py:2927} INFO - Setting next_dagrun for example_bash_operator to 2023-04-05T00:00:00+00:00, run_after=2023-04-06T00:00:00+00:00
[2023-04-05 21:22:56,095] {processor.py:161} INFO - Processing /home/edinaldo/Documents/previsao_remuneracao/previsao_remuneracao/venv/lib/python3.10/site-packages/airflow/example_dags/example_bash_operator.py took 0.127 seconds
[2023-04-05 21:23:34,246] {processor.py:153} INFO - Started process (PID=54148) to work on /home/edinaldo/Documents/previsao_remuneracao/previsao_remuneracao/venv/lib/python3.10/site-packages/airflow/example_dags/example_bash_operator.py
[2023-04-05 21:23:34,261] {processor.py:641} INFO - Processing file /home/edinaldo/Documents/previsao_remuneracao/previsao_remuneracao/venv/lib/python3.10/site-packages/airflow/example_dags/example_bash_operator.py for tasks to queue
[2023-04-05 21:23:34,261] {logging_mixin.py:115} INFO - [2023-04-05 21:23:34,261] {dagbag.py:507} INFO - Filling up the DagBag from /home/edinaldo/Documents/previsao_remuneracao/previsao_remuneracao/venv/lib/python3.10/site-packages/airflow/example_dags/example_bash_operator.py
[2023-04-05 21:23:34,275] {processor.py:651} INFO - DAG(s) dict_keys(['example_bash_operator']) retrieved from /home/edinaldo/Documents/previsao_remuneracao/previsao_remuneracao/venv/lib/python3.10/site-packages/airflow/example_dags/example_bash_operator.py
[2023-04-05 21:23:34,292] {logging_mixin.py:115} INFO - [2023-04-05 21:23:34,292] {dag.py:2379} INFO - Sync 1 DAGs
[2023-04-05 21:23:34,312] {logging_mixin.py:115} INFO - [2023-04-05 21:23:34,312] {dag.py:2927} INFO - Setting next_dagrun for example_bash_operator to 2023-04-05T00:00:00+00:00, run_after=2023-04-06T00:00:00+00:00
[2023-04-05 21:23:34,381] {processor.py:161} INFO - Processing /home/edinaldo/Documents/previsao_remuneracao/previsao_remuneracao/venv/lib/python3.10/site-packages/airflow/example_dags/example_bash_operator.py took 0.138 seconds
[2023-04-05 21:24:15,259] {processor.py:153} INFO - Started process (PID=54184) to work on /home/edinaldo/Documents/previsao_remuneracao/previsao_remuneracao/venv/lib/python3.10/site-packages/airflow/example_dags/example_bash_operator.py
[2023-04-05 21:24:15,264] {processor.py:641} INFO - Processing file /home/edinaldo/Documents/previsao_remuneracao/previsao_remuneracao/venv/lib/python3.10/site-packages/airflow/example_dags/example_bash_operator.py for tasks to queue
[2023-04-05 21:24:15,265] {logging_mixin.py:115} INFO - [2023-04-05 21:24:15,264] {dagbag.py:507} INFO - Filling up the DagBag from /home/edinaldo/Documents/previsao_remuneracao/previsao_remuneracao/venv/lib/python3.10/site-packages/airflow/example_dags/example_bash_operator.py
[2023-04-05 21:24:15,282] {processor.py:651} INFO - DAG(s) dict_keys(['example_bash_operator']) retrieved from /home/edinaldo/Documents/previsao_remuneracao/previsao_remuneracao/venv/lib/python3.10/site-packages/airflow/example_dags/example_bash_operator.py
[2023-04-05 21:24:15,302] {logging_mixin.py:115} INFO - [2023-04-05 21:24:15,302] {dag.py:2379} INFO - Sync 1 DAGs
[2023-04-05 21:24:15,322] {logging_mixin.py:115} INFO - [2023-04-05 21:24:15,322] {dag.py:2927} INFO - Setting next_dagrun for example_bash_operator to 2023-04-05T00:00:00+00:00, run_after=2023-04-06T00:00:00+00:00
[2023-04-05 21:24:15,403] {processor.py:161} INFO - Processing /home/edinaldo/Documents/previsao_remuneracao/previsao_remuneracao/venv/lib/python3.10/site-packages/airflow/example_dags/example_bash_operator.py took 0.148 seconds
[2023-04-05 21:24:59,269] {processor.py:153} INFO - Started process (PID=54435) to work on /home/edinaldo/Documents/previsao_remuneracao/previsao_remuneracao/venv/lib/python3.10/site-packages/airflow/example_dags/example_bash_operator.py
[2023-04-05 21:24:59,289] {processor.py:641} INFO - Processing file /home/edinaldo/Documents/previsao_remuneracao/previsao_remuneracao/venv/lib/python3.10/site-packages/airflow/example_dags/example_bash_operator.py for tasks to queue
[2023-04-05 21:24:59,290] {logging_mixin.py:115} INFO - [2023-04-05 21:24:59,289] {dagbag.py:507} INFO - Filling up the DagBag from /home/edinaldo/Documents/previsao_remuneracao/previsao_remuneracao/venv/lib/python3.10/site-packages/airflow/example_dags/example_bash_operator.py
[2023-04-05 21:24:59,327] {processor.py:651} INFO - DAG(s) dict_keys(['example_bash_operator']) retrieved from /home/edinaldo/Documents/previsao_remuneracao/previsao_remuneracao/venv/lib/python3.10/site-packages/airflow/example_dags/example_bash_operator.py
[2023-04-05 21:24:59,347] {logging_mixin.py:115} INFO - [2023-04-05 21:24:59,347] {dag.py:2379} INFO - Sync 1 DAGs
[2023-04-05 21:24:59,370] {logging_mixin.py:115} INFO - [2023-04-05 21:24:59,370] {dag.py:2927} INFO - Setting next_dagrun for example_bash_operator to 2023-04-05T00:00:00+00:00, run_after=2023-04-06T00:00:00+00:00
[2023-04-05 21:24:59,450] {processor.py:161} INFO - Processing /home/edinaldo/Documents/previsao_remuneracao/previsao_remuneracao/venv/lib/python3.10/site-packages/airflow/example_dags/example_bash_operator.py took 0.190 seconds
[2023-04-05 21:25:43,008] {processor.py:153} INFO - Started process (PID=54658) to work on /home/edinaldo/Documents/previsao_remuneracao/previsao_remuneracao/venv/lib/python3.10/site-packages/airflow/example_dags/example_bash_operator.py
[2023-04-05 21:25:43,009] {processor.py:641} INFO - Processing file /home/edinaldo/Documents/previsao_remuneracao/previsao_remuneracao/venv/lib/python3.10/site-packages/airflow/example_dags/example_bash_operator.py for tasks to queue
[2023-04-05 21:25:43,010] {logging_mixin.py:115} INFO - [2023-04-05 21:25:43,010] {dagbag.py:507} INFO - Filling up the DagBag from /home/edinaldo/Documents/previsao_remuneracao/previsao_remuneracao/venv/lib/python3.10/site-packages/airflow/example_dags/example_bash_operator.py
[2023-04-05 21:25:43,024] {processor.py:651} INFO - DAG(s) dict_keys(['example_bash_operator']) retrieved from /home/edinaldo/Documents/previsao_remuneracao/previsao_remuneracao/venv/lib/python3.10/site-packages/airflow/example_dags/example_bash_operator.py
[2023-04-05 21:25:43,041] {logging_mixin.py:115} INFO - [2023-04-05 21:25:43,041] {dag.py:2379} INFO - Sync 1 DAGs
[2023-04-05 21:25:43,062] {logging_mixin.py:115} INFO - [2023-04-05 21:25:43,062] {dag.py:2927} INFO - Setting next_dagrun for example_bash_operator to 2023-04-05T00:00:00+00:00, run_after=2023-04-06T00:00:00+00:00
[2023-04-05 21:25:43,178] {processor.py:161} INFO - Processing /home/edinaldo/Documents/previsao_remuneracao/previsao_remuneracao/venv/lib/python3.10/site-packages/airflow/example_dags/example_bash_operator.py took 0.173 seconds
[2023-04-05 21:26:22,449] {processor.py:153} INFO - Started process (PID=54884) to work on /home/edinaldo/Documents/previsao_remuneracao/previsao_remuneracao/venv/lib/python3.10/site-packages/airflow/example_dags/example_bash_operator.py
[2023-04-05 21:26:22,451] {processor.py:641} INFO - Processing file /home/edinaldo/Documents/previsao_remuneracao/previsao_remuneracao/venv/lib/python3.10/site-packages/airflow/example_dags/example_bash_operator.py for tasks to queue
[2023-04-05 21:26:22,454] {logging_mixin.py:115} INFO - [2023-04-05 21:26:22,453] {dagbag.py:507} INFO - Filling up the DagBag from /home/edinaldo/Documents/previsao_remuneracao/previsao_remuneracao/venv/lib/python3.10/site-packages/airflow/example_dags/example_bash_operator.py
[2023-04-05 21:26:22,488] {processor.py:651} INFO - DAG(s) dict_keys(['example_bash_operator']) retrieved from /home/edinaldo/Documents/previsao_remuneracao/previsao_remuneracao/venv/lib/python3.10/site-packages/airflow/example_dags/example_bash_operator.py
[2023-04-05 21:26:22,517] {logging_mixin.py:115} INFO - [2023-04-05 21:26:22,517] {dag.py:2379} INFO - Sync 1 DAGs
[2023-04-05 21:26:22,553] {logging_mixin.py:115} INFO - [2023-04-05 21:26:22,552] {dag.py:2927} INFO - Setting next_dagrun for example_bash_operator to 2023-04-05T00:00:00+00:00, run_after=2023-04-06T00:00:00+00:00
[2023-04-05 21:26:22,624] {processor.py:161} INFO - Processing /home/edinaldo/Documents/previsao_remuneracao/previsao_remuneracao/venv/lib/python3.10/site-packages/airflow/example_dags/example_bash_operator.py took 0.189 seconds
[2023-04-05 21:27:10,345] {processor.py:153} INFO - Started process (PID=55160) to work on /home/edinaldo/Documents/previsao_remuneracao/previsao_remuneracao/venv/lib/python3.10/site-packages/airflow/example_dags/example_bash_operator.py
[2023-04-05 21:27:10,346] {processor.py:641} INFO - Processing file /home/edinaldo/Documents/previsao_remuneracao/previsao_remuneracao/venv/lib/python3.10/site-packages/airflow/example_dags/example_bash_operator.py for tasks to queue
[2023-04-05 21:27:10,347] {logging_mixin.py:115} INFO - [2023-04-05 21:27:10,347] {dagbag.py:507} INFO - Filling up the DagBag from /home/edinaldo/Documents/previsao_remuneracao/previsao_remuneracao/venv/lib/python3.10/site-packages/airflow/example_dags/example_bash_operator.py
[2023-04-05 21:27:10,366] {processor.py:651} INFO - DAG(s) dict_keys(['example_bash_operator']) retrieved from /home/edinaldo/Documents/previsao_remuneracao/previsao_remuneracao/venv/lib/python3.10/site-packages/airflow/example_dags/example_bash_operator.py
[2023-04-05 21:27:10,383] {logging_mixin.py:115} INFO - [2023-04-05 21:27:10,383] {dag.py:2379} INFO - Sync 1 DAGs
[2023-04-05 21:27:10,403] {logging_mixin.py:115} INFO - [2023-04-05 21:27:10,403] {dag.py:2927} INFO - Setting next_dagrun for example_bash_operator to 2023-04-05T00:00:00+00:00, run_after=2023-04-06T00:00:00+00:00
[2023-04-05 21:27:10,487] {processor.py:161} INFO - Processing /home/edinaldo/Documents/previsao_remuneracao/previsao_remuneracao/venv/lib/python3.10/site-packages/airflow/example_dags/example_bash_operator.py took 0.148 seconds
[2023-04-05 21:27:49,013] {processor.py:153} INFO - Started process (PID=55443) to work on /home/edinaldo/Documents/previsao_remuneracao/previsao_remuneracao/venv/lib/python3.10/site-packages/airflow/example_dags/example_bash_operator.py
[2023-04-05 21:27:49,015] {processor.py:641} INFO - Processing file /home/edinaldo/Documents/previsao_remuneracao/previsao_remuneracao/venv/lib/python3.10/site-packages/airflow/example_dags/example_bash_operator.py for tasks to queue
[2023-04-05 21:27:49,016] {logging_mixin.py:115} INFO - [2023-04-05 21:27:49,016] {dagbag.py:507} INFO - Filling up the DagBag from /home/edinaldo/Documents/previsao_remuneracao/previsao_remuneracao/venv/lib/python3.10/site-packages/airflow/example_dags/example_bash_operator.py
[2023-04-05 21:27:49,062] {processor.py:651} INFO - DAG(s) dict_keys(['example_bash_operator']) retrieved from /home/edinaldo/Documents/previsao_remuneracao/previsao_remuneracao/venv/lib/python3.10/site-packages/airflow/example_dags/example_bash_operator.py
[2023-04-05 21:27:49,097] {logging_mixin.py:115} INFO - [2023-04-05 21:27:49,097] {dag.py:2379} INFO - Sync 1 DAGs
[2023-04-05 21:27:49,121] {logging_mixin.py:115} INFO - [2023-04-05 21:27:49,121] {dag.py:2927} INFO - Setting next_dagrun for example_bash_operator to 2023-04-05T00:00:00+00:00, run_after=2023-04-06T00:00:00+00:00
[2023-04-05 21:27:49,201] {processor.py:161} INFO - Processing /home/edinaldo/Documents/previsao_remuneracao/previsao_remuneracao/venv/lib/python3.10/site-packages/airflow/example_dags/example_bash_operator.py took 0.198 seconds
[2023-04-05 21:28:37,717] {processor.py:153} INFO - Started process (PID=55587) to work on /home/edinaldo/Documents/previsao_remuneracao/previsao_remuneracao/venv/lib/python3.10/site-packages/airflow/example_dags/example_bash_operator.py
[2023-04-05 21:28:37,730] {processor.py:641} INFO - Processing file /home/edinaldo/Documents/previsao_remuneracao/previsao_remuneracao/venv/lib/python3.10/site-packages/airflow/example_dags/example_bash_operator.py for tasks to queue
[2023-04-05 21:28:37,731] {logging_mixin.py:115} INFO - [2023-04-05 21:28:37,731] {dagbag.py:507} INFO - Filling up the DagBag from /home/edinaldo/Documents/previsao_remuneracao/previsao_remuneracao/venv/lib/python3.10/site-packages/airflow/example_dags/example_bash_operator.py
[2023-04-05 21:28:37,768] {processor.py:651} INFO - DAG(s) dict_keys(['example_bash_operator']) retrieved from /home/edinaldo/Documents/previsao_remuneracao/previsao_remuneracao/venv/lib/python3.10/site-packages/airflow/example_dags/example_bash_operator.py
[2023-04-05 21:28:37,793] {logging_mixin.py:115} INFO - [2023-04-05 21:28:37,792] {dag.py:2379} INFO - Sync 1 DAGs
[2023-04-05 21:28:37,827] {logging_mixin.py:115} INFO - [2023-04-05 21:28:37,827] {dag.py:2927} INFO - Setting next_dagrun for example_bash_operator to 2023-04-05T00:00:00+00:00, run_after=2023-04-06T00:00:00+00:00
[2023-04-05 21:28:37,925] {processor.py:161} INFO - Processing /home/edinaldo/Documents/previsao_remuneracao/previsao_remuneracao/venv/lib/python3.10/site-packages/airflow/example_dags/example_bash_operator.py took 0.215 seconds
[2023-04-05 21:29:19,631] {processor.py:153} INFO - Started process (PID=55622) to work on /home/edinaldo/Documents/previsao_remuneracao/previsao_remuneracao/venv/lib/python3.10/site-packages/airflow/example_dags/example_bash_operator.py
[2023-04-05 21:29:19,642] {processor.py:641} INFO - Processing file /home/edinaldo/Documents/previsao_remuneracao/previsao_remuneracao/venv/lib/python3.10/site-packages/airflow/example_dags/example_bash_operator.py for tasks to queue
[2023-04-05 21:29:19,644] {logging_mixin.py:115} INFO - [2023-04-05 21:29:19,643] {dagbag.py:507} INFO - Filling up the DagBag from /home/edinaldo/Documents/previsao_remuneracao/previsao_remuneracao/venv/lib/python3.10/site-packages/airflow/example_dags/example_bash_operator.py
[2023-04-05 21:29:19,671] {processor.py:651} INFO - DAG(s) dict_keys(['example_bash_operator']) retrieved from /home/edinaldo/Documents/previsao_remuneracao/previsao_remuneracao/venv/lib/python3.10/site-packages/airflow/example_dags/example_bash_operator.py
[2023-04-05 21:29:19,703] {logging_mixin.py:115} INFO - [2023-04-05 21:29:19,702] {dag.py:2379} INFO - Sync 1 DAGs
[2023-04-05 21:29:19,740] {logging_mixin.py:115} INFO - [2023-04-05 21:29:19,739] {dag.py:2927} INFO - Setting next_dagrun for example_bash_operator to 2023-04-05T00:00:00+00:00, run_after=2023-04-06T00:00:00+00:00
[2023-04-05 21:29:19,907] {processor.py:161} INFO - Processing /home/edinaldo/Documents/previsao_remuneracao/previsao_remuneracao/venv/lib/python3.10/site-packages/airflow/example_dags/example_bash_operator.py took 0.282 seconds
[2023-04-05 21:30:03,978] {processor.py:153} INFO - Started process (PID=55664) to work on /home/edinaldo/Documents/previsao_remuneracao/previsao_remuneracao/venv/lib/python3.10/site-packages/airflow/example_dags/example_bash_operator.py
[2023-04-05 21:30:03,979] {processor.py:641} INFO - Processing file /home/edinaldo/Documents/previsao_remuneracao/previsao_remuneracao/venv/lib/python3.10/site-packages/airflow/example_dags/example_bash_operator.py for tasks to queue
[2023-04-05 21:30:03,980] {logging_mixin.py:115} INFO - [2023-04-05 21:30:03,980] {dagbag.py:507} INFO - Filling up the DagBag from /home/edinaldo/Documents/previsao_remuneracao/previsao_remuneracao/venv/lib/python3.10/site-packages/airflow/example_dags/example_bash_operator.py
[2023-04-05 21:30:04,006] {processor.py:651} INFO - DAG(s) dict_keys(['example_bash_operator']) retrieved from /home/edinaldo/Documents/previsao_remuneracao/previsao_remuneracao/venv/lib/python3.10/site-packages/airflow/example_dags/example_bash_operator.py
[2023-04-05 21:30:04,038] {logging_mixin.py:115} INFO - [2023-04-05 21:30:04,038] {dag.py:2379} INFO - Sync 1 DAGs
[2023-04-05 21:30:04,079] {logging_mixin.py:115} INFO - [2023-04-05 21:30:04,078] {dag.py:2927} INFO - Setting next_dagrun for example_bash_operator to 2023-04-05T00:00:00+00:00, run_after=2023-04-06T00:00:00+00:00
[2023-04-05 21:30:04,149] {processor.py:161} INFO - Processing /home/edinaldo/Documents/previsao_remuneracao/previsao_remuneracao/venv/lib/python3.10/site-packages/airflow/example_dags/example_bash_operator.py took 0.178 seconds
[2023-04-05 21:30:42,454] {processor.py:153} INFO - Started process (PID=55699) to work on /home/edinaldo/Documents/previsao_remuneracao/previsao_remuneracao/venv/lib/python3.10/site-packages/airflow/example_dags/example_bash_operator.py
[2023-04-05 21:30:42,468] {processor.py:641} INFO - Processing file /home/edinaldo/Documents/previsao_remuneracao/previsao_remuneracao/venv/lib/python3.10/site-packages/airflow/example_dags/example_bash_operator.py for tasks to queue
[2023-04-05 21:30:42,471] {logging_mixin.py:115} INFO - [2023-04-05 21:30:42,470] {dagbag.py:507} INFO - Filling up the DagBag from /home/edinaldo/Documents/previsao_remuneracao/previsao_remuneracao/venv/lib/python3.10/site-packages/airflow/example_dags/example_bash_operator.py
[2023-04-05 21:30:42,495] {processor.py:651} INFO - DAG(s) dict_keys(['example_bash_operator']) retrieved from /home/edinaldo/Documents/previsao_remuneracao/previsao_remuneracao/venv/lib/python3.10/site-packages/airflow/example_dags/example_bash_operator.py
[2023-04-05 21:30:42,513] {logging_mixin.py:115} INFO - [2023-04-05 21:30:42,513] {dag.py:2379} INFO - Sync 1 DAGs
[2023-04-05 21:30:42,538] {logging_mixin.py:115} INFO - [2023-04-05 21:30:42,538] {dag.py:2927} INFO - Setting next_dagrun for example_bash_operator to 2023-04-05T00:00:00+00:00, run_after=2023-04-06T00:00:00+00:00
[2023-04-05 21:30:42,611] {processor.py:161} INFO - Processing /home/edinaldo/Documents/previsao_remuneracao/previsao_remuneracao/venv/lib/python3.10/site-packages/airflow/example_dags/example_bash_operator.py took 0.164 seconds
[2023-04-05 21:31:19,103] {processor.py:153} INFO - Started process (PID=55756) to work on /home/edinaldo/Documents/previsao_remuneracao/previsao_remuneracao/venv/lib/python3.10/site-packages/airflow/example_dags/example_bash_operator.py
[2023-04-05 21:31:19,111] {processor.py:641} INFO - Processing file /home/edinaldo/Documents/previsao_remuneracao/previsao_remuneracao/venv/lib/python3.10/site-packages/airflow/example_dags/example_bash_operator.py for tasks to queue
[2023-04-05 21:31:19,112] {logging_mixin.py:115} INFO - [2023-04-05 21:31:19,112] {dagbag.py:507} INFO - Filling up the DagBag from /home/edinaldo/Documents/previsao_remuneracao/previsao_remuneracao/venv/lib/python3.10/site-packages/airflow/example_dags/example_bash_operator.py
[2023-04-05 21:31:19,135] {processor.py:651} INFO - DAG(s) dict_keys(['example_bash_operator']) retrieved from /home/edinaldo/Documents/previsao_remuneracao/previsao_remuneracao/venv/lib/python3.10/site-packages/airflow/example_dags/example_bash_operator.py
[2023-04-05 21:31:19,160] {logging_mixin.py:115} INFO - [2023-04-05 21:31:19,160] {dag.py:2379} INFO - Sync 1 DAGs
[2023-04-05 21:31:19,186] {logging_mixin.py:115} INFO - [2023-04-05 21:31:19,186] {dag.py:2927} INFO - Setting next_dagrun for example_bash_operator to 2023-04-05T00:00:00+00:00, run_after=2023-04-06T00:00:00+00:00
[2023-04-05 21:31:19,263] {processor.py:161} INFO - Processing /home/edinaldo/Documents/previsao_remuneracao/previsao_remuneracao/venv/lib/python3.10/site-packages/airflow/example_dags/example_bash_operator.py took 0.165 seconds
[2023-04-05 21:32:08,328] {processor.py:153} INFO - Started process (PID=56000) to work on /home/edinaldo/Documents/previsao_remuneracao/previsao_remuneracao/venv/lib/python3.10/site-packages/airflow/example_dags/example_bash_operator.py
[2023-04-05 21:32:08,350] {processor.py:641} INFO - Processing file /home/edinaldo/Documents/previsao_remuneracao/previsao_remuneracao/venv/lib/python3.10/site-packages/airflow/example_dags/example_bash_operator.py for tasks to queue
[2023-04-05 21:32:08,352] {logging_mixin.py:115} INFO - [2023-04-05 21:32:08,352] {dagbag.py:507} INFO - Filling up the DagBag from /home/edinaldo/Documents/previsao_remuneracao/previsao_remuneracao/venv/lib/python3.10/site-packages/airflow/example_dags/example_bash_operator.py
[2023-04-05 21:32:08,401] {processor.py:651} INFO - DAG(s) dict_keys(['example_bash_operator']) retrieved from /home/edinaldo/Documents/previsao_remuneracao/previsao_remuneracao/venv/lib/python3.10/site-packages/airflow/example_dags/example_bash_operator.py
[2023-04-05 21:32:08,428] {logging_mixin.py:115} INFO - [2023-04-05 21:32:08,428] {dag.py:2379} INFO - Sync 1 DAGs
[2023-04-05 21:32:08,453] {logging_mixin.py:115} INFO - [2023-04-05 21:32:08,453] {dag.py:2927} INFO - Setting next_dagrun for example_bash_operator to 2023-04-05T00:00:00+00:00, run_after=2023-04-06T00:00:00+00:00
[2023-04-05 21:32:08,565] {processor.py:161} INFO - Processing /home/edinaldo/Documents/previsao_remuneracao/previsao_remuneracao/venv/lib/python3.10/site-packages/airflow/example_dags/example_bash_operator.py took 0.240 seconds
[2023-04-05 21:32:57,622] {processor.py:153} INFO - Started process (PID=56094) to work on /home/edinaldo/Documents/previsao_remuneracao/previsao_remuneracao/venv/lib/python3.10/site-packages/airflow/example_dags/example_bash_operator.py
[2023-04-05 21:32:57,644] {processor.py:641} INFO - Processing file /home/edinaldo/Documents/previsao_remuneracao/previsao_remuneracao/venv/lib/python3.10/site-packages/airflow/example_dags/example_bash_operator.py for tasks to queue
[2023-04-05 21:32:57,645] {logging_mixin.py:115} INFO - [2023-04-05 21:32:57,645] {dagbag.py:507} INFO - Filling up the DagBag from /home/edinaldo/Documents/previsao_remuneracao/previsao_remuneracao/venv/lib/python3.10/site-packages/airflow/example_dags/example_bash_operator.py
[2023-04-05 21:32:57,672] {processor.py:651} INFO - DAG(s) dict_keys(['example_bash_operator']) retrieved from /home/edinaldo/Documents/previsao_remuneracao/previsao_remuneracao/venv/lib/python3.10/site-packages/airflow/example_dags/example_bash_operator.py
[2023-04-05 21:32:57,704] {logging_mixin.py:115} INFO - [2023-04-05 21:32:57,704] {dag.py:2379} INFO - Sync 1 DAGs
[2023-04-05 21:32:57,745] {logging_mixin.py:115} INFO - [2023-04-05 21:32:57,745] {dag.py:2927} INFO - Setting next_dagrun for example_bash_operator to 2023-04-05T00:00:00+00:00, run_after=2023-04-06T00:00:00+00:00
[2023-04-05 21:32:57,833] {processor.py:161} INFO - Processing /home/edinaldo/Documents/previsao_remuneracao/previsao_remuneracao/venv/lib/python3.10/site-packages/airflow/example_dags/example_bash_operator.py took 0.215 seconds
[2023-04-05 21:33:38,681] {processor.py:153} INFO - Started process (PID=56141) to work on /home/edinaldo/Documents/previsao_remuneracao/previsao_remuneracao/venv/lib/python3.10/site-packages/airflow/example_dags/example_bash_operator.py
[2023-04-05 21:33:38,687] {processor.py:641} INFO - Processing file /home/edinaldo/Documents/previsao_remuneracao/previsao_remuneracao/venv/lib/python3.10/site-packages/airflow/example_dags/example_bash_operator.py for tasks to queue
[2023-04-05 21:33:38,688] {logging_mixin.py:115} INFO - [2023-04-05 21:33:38,688] {dagbag.py:507} INFO - Filling up the DagBag from /home/edinaldo/Documents/previsao_remuneracao/previsao_remuneracao/venv/lib/python3.10/site-packages/airflow/example_dags/example_bash_operator.py
[2023-04-05 21:33:38,720] {processor.py:651} INFO - DAG(s) dict_keys(['example_bash_operator']) retrieved from /home/edinaldo/Documents/previsao_remuneracao/previsao_remuneracao/venv/lib/python3.10/site-packages/airflow/example_dags/example_bash_operator.py
[2023-04-05 21:33:38,749] {logging_mixin.py:115} INFO - [2023-04-05 21:33:38,749] {dag.py:2379} INFO - Sync 1 DAGs
[2023-04-05 21:33:38,799] {logging_mixin.py:115} INFO - [2023-04-05 21:33:38,798] {dag.py:2927} INFO - Setting next_dagrun for example_bash_operator to 2023-04-05T00:00:00+00:00, run_after=2023-04-06T00:00:00+00:00
[2023-04-05 21:33:38,874] {processor.py:161} INFO - Processing /home/edinaldo/Documents/previsao_remuneracao/previsao_remuneracao/venv/lib/python3.10/site-packages/airflow/example_dags/example_bash_operator.py took 0.198 seconds
[2023-04-05 21:34:18,715] {processor.py:153} INFO - Started process (PID=56199) to work on /home/edinaldo/Documents/previsao_remuneracao/previsao_remuneracao/venv/lib/python3.10/site-packages/airflow/example_dags/example_bash_operator.py
[2023-04-05 21:34:18,735] {processor.py:641} INFO - Processing file /home/edinaldo/Documents/previsao_remuneracao/previsao_remuneracao/venv/lib/python3.10/site-packages/airflow/example_dags/example_bash_operator.py for tasks to queue
[2023-04-05 21:34:18,736] {logging_mixin.py:115} INFO - [2023-04-05 21:34:18,736] {dagbag.py:507} INFO - Filling up the DagBag from /home/edinaldo/Documents/previsao_remuneracao/previsao_remuneracao/venv/lib/python3.10/site-packages/airflow/example_dags/example_bash_operator.py
[2023-04-05 21:34:18,762] {processor.py:651} INFO - DAG(s) dict_keys(['example_bash_operator']) retrieved from /home/edinaldo/Documents/previsao_remuneracao/previsao_remuneracao/venv/lib/python3.10/site-packages/airflow/example_dags/example_bash_operator.py
[2023-04-05 21:34:18,796] {logging_mixin.py:115} INFO - [2023-04-05 21:34:18,796] {dag.py:2379} INFO - Sync 1 DAGs
[2023-04-05 21:34:18,829] {logging_mixin.py:115} INFO - [2023-04-05 21:34:18,829] {dag.py:2927} INFO - Setting next_dagrun for example_bash_operator to 2023-04-05T00:00:00+00:00, run_after=2023-04-06T00:00:00+00:00
[2023-04-05 21:34:18,930] {processor.py:161} INFO - Processing /home/edinaldo/Documents/previsao_remuneracao/previsao_remuneracao/venv/lib/python3.10/site-packages/airflow/example_dags/example_bash_operator.py took 0.219 seconds
[2023-04-05 21:35:06,680] {processor.py:153} INFO - Started process (PID=56257) to work on /home/edinaldo/Documents/previsao_remuneracao/previsao_remuneracao/venv/lib/python3.10/site-packages/airflow/example_dags/example_bash_operator.py
[2023-04-05 21:35:06,689] {processor.py:641} INFO - Processing file /home/edinaldo/Documents/previsao_remuneracao/previsao_remuneracao/venv/lib/python3.10/site-packages/airflow/example_dags/example_bash_operator.py for tasks to queue
[2023-04-05 21:35:06,689] {logging_mixin.py:115} INFO - [2023-04-05 21:35:06,689] {dagbag.py:507} INFO - Filling up the DagBag from /home/edinaldo/Documents/previsao_remuneracao/previsao_remuneracao/venv/lib/python3.10/site-packages/airflow/example_dags/example_bash_operator.py
[2023-04-05 21:35:06,712] {processor.py:651} INFO - DAG(s) dict_keys(['example_bash_operator']) retrieved from /home/edinaldo/Documents/previsao_remuneracao/previsao_remuneracao/venv/lib/python3.10/site-packages/airflow/example_dags/example_bash_operator.py
[2023-04-05 21:35:06,738] {logging_mixin.py:115} INFO - [2023-04-05 21:35:06,738] {dag.py:2379} INFO - Sync 1 DAGs
[2023-04-05 21:35:06,769] {logging_mixin.py:115} INFO - [2023-04-05 21:35:06,768] {dag.py:2927} INFO - Setting next_dagrun for example_bash_operator to 2023-04-05T00:00:00+00:00, run_after=2023-04-06T00:00:00+00:00
[2023-04-05 21:35:06,848] {processor.py:161} INFO - Processing /home/edinaldo/Documents/previsao_remuneracao/previsao_remuneracao/venv/lib/python3.10/site-packages/airflow/example_dags/example_bash_operator.py took 0.173 seconds
[2023-04-05 21:35:57,167] {processor.py:153} INFO - Started process (PID=56467) to work on /home/edinaldo/Documents/previsao_remuneracao/previsao_remuneracao/venv/lib/python3.10/site-packages/airflow/example_dags/example_bash_operator.py
[2023-04-05 21:35:57,212] {processor.py:641} INFO - Processing file /home/edinaldo/Documents/previsao_remuneracao/previsao_remuneracao/venv/lib/python3.10/site-packages/airflow/example_dags/example_bash_operator.py for tasks to queue
[2023-04-05 21:35:57,213] {logging_mixin.py:115} INFO - [2023-04-05 21:35:57,213] {dagbag.py:507} INFO - Filling up the DagBag from /home/edinaldo/Documents/previsao_remuneracao/previsao_remuneracao/venv/lib/python3.10/site-packages/airflow/example_dags/example_bash_operator.py
[2023-04-05 21:35:57,641] {processor.py:651} INFO - DAG(s) dict_keys(['example_bash_operator']) retrieved from /home/edinaldo/Documents/previsao_remuneracao/previsao_remuneracao/venv/lib/python3.10/site-packages/airflow/example_dags/example_bash_operator.py
[2023-04-05 21:35:57,972] {logging_mixin.py:115} INFO - [2023-04-05 21:35:57,972] {dag.py:2379} INFO - Sync 1 DAGs
[2023-04-05 21:35:58,275] {logging_mixin.py:115} INFO - [2023-04-05 21:35:58,275] {dag.py:2927} INFO - Setting next_dagrun for example_bash_operator to 2023-04-05T00:00:00+00:00, run_after=2023-04-06T00:00:00+00:00
[2023-04-05 21:35:58,673] {processor.py:161} INFO - Processing /home/edinaldo/Documents/previsao_remuneracao/previsao_remuneracao/venv/lib/python3.10/site-packages/airflow/example_dags/example_bash_operator.py took 1.549 seconds
[2023-04-05 21:37:31,615] {processor.py:153} INFO - Started process (PID=56819) to work on /home/edinaldo/Documents/previsao_remuneracao/previsao_remuneracao/venv/lib/python3.10/site-packages/airflow/example_dags/example_bash_operator.py
[2023-04-05 21:37:31,628] {processor.py:641} INFO - Processing file /home/edinaldo/Documents/previsao_remuneracao/previsao_remuneracao/venv/lib/python3.10/site-packages/airflow/example_dags/example_bash_operator.py for tasks to queue
[2023-04-05 21:37:31,629] {logging_mixin.py:115} INFO - [2023-04-05 21:37:31,629] {dagbag.py:507} INFO - Filling up the DagBag from /home/edinaldo/Documents/previsao_remuneracao/previsao_remuneracao/venv/lib/python3.10/site-packages/airflow/example_dags/example_bash_operator.py
[2023-04-05 21:37:31,656] {processor.py:651} INFO - DAG(s) dict_keys(['example_bash_operator']) retrieved from /home/edinaldo/Documents/previsao_remuneracao/previsao_remuneracao/venv/lib/python3.10/site-packages/airflow/example_dags/example_bash_operator.py
[2023-04-05 21:37:31,674] {logging_mixin.py:115} INFO - [2023-04-05 21:37:31,674] {dag.py:2379} INFO - Sync 1 DAGs
[2023-04-05 21:37:31,695] {logging_mixin.py:115} INFO - [2023-04-05 21:37:31,695] {dag.py:2927} INFO - Setting next_dagrun for example_bash_operator to 2023-04-05T00:00:00+00:00, run_after=2023-04-06T00:00:00+00:00
[2023-04-05 21:37:31,781] {processor.py:161} INFO - Processing /home/edinaldo/Documents/previsao_remuneracao/previsao_remuneracao/venv/lib/python3.10/site-packages/airflow/example_dags/example_bash_operator.py took 0.177 seconds
[2023-04-05 21:38:33,513] {processor.py:153} INFO - Started process (PID=57056) to work on /home/edinaldo/Documents/previsao_remuneracao/previsao_remuneracao/venv/lib/python3.10/site-packages/airflow/example_dags/example_bash_operator.py
[2023-04-05 21:38:33,537] {processor.py:641} INFO - Processing file /home/edinaldo/Documents/previsao_remuneracao/previsao_remuneracao/venv/lib/python3.10/site-packages/airflow/example_dags/example_bash_operator.py for tasks to queue
[2023-04-05 21:38:33,538] {logging_mixin.py:115} INFO - [2023-04-05 21:38:33,538] {dagbag.py:507} INFO - Filling up the DagBag from /home/edinaldo/Documents/previsao_remuneracao/previsao_remuneracao/venv/lib/python3.10/site-packages/airflow/example_dags/example_bash_operator.py
[2023-04-05 21:38:33,578] {processor.py:651} INFO - DAG(s) dict_keys(['example_bash_operator']) retrieved from /home/edinaldo/Documents/previsao_remuneracao/previsao_remuneracao/venv/lib/python3.10/site-packages/airflow/example_dags/example_bash_operator.py
[2023-04-05 21:38:33,600] {logging_mixin.py:115} INFO - [2023-04-05 21:38:33,600] {dag.py:2379} INFO - Sync 1 DAGs
[2023-04-05 21:38:33,636] {logging_mixin.py:115} INFO - [2023-04-05 21:38:33,635] {dag.py:2927} INFO - Setting next_dagrun for example_bash_operator to 2023-04-05T00:00:00+00:00, run_after=2023-04-06T00:00:00+00:00
[2023-04-05 21:38:33,715] {processor.py:161} INFO - Processing /home/edinaldo/Documents/previsao_remuneracao/previsao_remuneracao/venv/lib/python3.10/site-packages/airflow/example_dags/example_bash_operator.py took 0.209 seconds
[2023-04-05 21:39:56,651] {processor.py:153} INFO - Started process (PID=57497) to work on /home/edinaldo/Documents/previsao_remuneracao/previsao_remuneracao/venv/lib/python3.10/site-packages/airflow/example_dags/example_bash_operator.py
[2023-04-05 21:39:56,673] {processor.py:641} INFO - Processing file /home/edinaldo/Documents/previsao_remuneracao/previsao_remuneracao/venv/lib/python3.10/site-packages/airflow/example_dags/example_bash_operator.py for tasks to queue
[2023-04-05 21:39:56,675] {logging_mixin.py:115} INFO - [2023-04-05 21:39:56,674] {dagbag.py:507} INFO - Filling up the DagBag from /home/edinaldo/Documents/previsao_remuneracao/previsao_remuneracao/venv/lib/python3.10/site-packages/airflow/example_dags/example_bash_operator.py
[2023-04-05 21:39:56,702] {processor.py:651} INFO - DAG(s) dict_keys(['example_bash_operator']) retrieved from /home/edinaldo/Documents/previsao_remuneracao/previsao_remuneracao/venv/lib/python3.10/site-packages/airflow/example_dags/example_bash_operator.py
[2023-04-05 21:39:56,728] {logging_mixin.py:115} INFO - [2023-04-05 21:39:56,727] {dag.py:2379} INFO - Sync 1 DAGs
[2023-04-05 21:39:56,766] {logging_mixin.py:115} INFO - [2023-04-05 21:39:56,766] {dag.py:2927} INFO - Setting next_dagrun for example_bash_operator to 2023-04-05T00:00:00+00:00, run_after=2023-04-06T00:00:00+00:00
[2023-04-05 21:39:56,842] {processor.py:161} INFO - Processing /home/edinaldo/Documents/previsao_remuneracao/previsao_remuneracao/venv/lib/python3.10/site-packages/airflow/example_dags/example_bash_operator.py took 0.198 seconds
[2023-04-05 21:40:38,766] {processor.py:153} INFO - Started process (PID=57699) to work on /home/edinaldo/Documents/previsao_remuneracao/previsao_remuneracao/venv/lib/python3.10/site-packages/airflow/example_dags/example_bash_operator.py
[2023-04-05 21:40:38,778] {processor.py:641} INFO - Processing file /home/edinaldo/Documents/previsao_remuneracao/previsao_remuneracao/venv/lib/python3.10/site-packages/airflow/example_dags/example_bash_operator.py for tasks to queue
[2023-04-05 21:40:38,779] {logging_mixin.py:115} INFO - [2023-04-05 21:40:38,779] {dagbag.py:507} INFO - Filling up the DagBag from /home/edinaldo/Documents/previsao_remuneracao/previsao_remuneracao/venv/lib/python3.10/site-packages/airflow/example_dags/example_bash_operator.py
[2023-04-05 21:40:38,846] {processor.py:651} INFO - DAG(s) dict_keys(['example_bash_operator']) retrieved from /home/edinaldo/Documents/previsao_remuneracao/previsao_remuneracao/venv/lib/python3.10/site-packages/airflow/example_dags/example_bash_operator.py
[2023-04-05 21:40:38,893] {logging_mixin.py:115} INFO - [2023-04-05 21:40:38,893] {dag.py:2379} INFO - Sync 1 DAGs
[2023-04-05 21:40:39,036] {logging_mixin.py:115} INFO - [2023-04-05 21:40:39,035] {dag.py:2927} INFO - Setting next_dagrun for example_bash_operator to 2023-04-05T00:00:00+00:00, run_after=2023-04-06T00:00:00+00:00
[2023-04-05 21:40:39,123] {processor.py:161} INFO - Processing /home/edinaldo/Documents/previsao_remuneracao/previsao_remuneracao/venv/lib/python3.10/site-packages/airflow/example_dags/example_bash_operator.py took 0.363 seconds
[2023-04-05 21:41:22,747] {processor.py:153} INFO - Started process (PID=57970) to work on /home/edinaldo/Documents/previsao_remuneracao/previsao_remuneracao/venv/lib/python3.10/site-packages/airflow/example_dags/example_bash_operator.py
[2023-04-05 21:41:22,749] {processor.py:641} INFO - Processing file /home/edinaldo/Documents/previsao_remuneracao/previsao_remuneracao/venv/lib/python3.10/site-packages/airflow/example_dags/example_bash_operator.py for tasks to queue
[2023-04-05 21:41:22,750] {logging_mixin.py:115} INFO - [2023-04-05 21:41:22,750] {dagbag.py:507} INFO - Filling up the DagBag from /home/edinaldo/Documents/previsao_remuneracao/previsao_remuneracao/venv/lib/python3.10/site-packages/airflow/example_dags/example_bash_operator.py
[2023-04-05 21:41:22,769] {processor.py:651} INFO - DAG(s) dict_keys(['example_bash_operator']) retrieved from /home/edinaldo/Documents/previsao_remuneracao/previsao_remuneracao/venv/lib/python3.10/site-packages/airflow/example_dags/example_bash_operator.py
[2023-04-05 21:41:22,786] {logging_mixin.py:115} INFO - [2023-04-05 21:41:22,786] {dag.py:2379} INFO - Sync 1 DAGs
[2023-04-05 21:41:22,807] {logging_mixin.py:115} INFO - [2023-04-05 21:41:22,807] {dag.py:2927} INFO - Setting next_dagrun for example_bash_operator to 2023-04-05T00:00:00+00:00, run_after=2023-04-06T00:00:00+00:00
[2023-04-05 21:41:22,886] {processor.py:161} INFO - Processing /home/edinaldo/Documents/previsao_remuneracao/previsao_remuneracao/venv/lib/python3.10/site-packages/airflow/example_dags/example_bash_operator.py took 0.149 seconds
[2023-04-05 21:42:07,445] {processor.py:153} INFO - Started process (PID=58246) to work on /home/edinaldo/Documents/previsao_remuneracao/previsao_remuneracao/venv/lib/python3.10/site-packages/airflow/example_dags/example_bash_operator.py
[2023-04-05 21:42:07,459] {processor.py:641} INFO - Processing file /home/edinaldo/Documents/previsao_remuneracao/previsao_remuneracao/venv/lib/python3.10/site-packages/airflow/example_dags/example_bash_operator.py for tasks to queue
[2023-04-05 21:42:07,459] {logging_mixin.py:115} INFO - [2023-04-05 21:42:07,459] {dagbag.py:507} INFO - Filling up the DagBag from /home/edinaldo/Documents/previsao_remuneracao/previsao_remuneracao/venv/lib/python3.10/site-packages/airflow/example_dags/example_bash_operator.py
[2023-04-05 21:42:07,499] {processor.py:651} INFO - DAG(s) dict_keys(['example_bash_operator']) retrieved from /home/edinaldo/Documents/previsao_remuneracao/previsao_remuneracao/venv/lib/python3.10/site-packages/airflow/example_dags/example_bash_operator.py
[2023-04-05 21:42:07,521] {logging_mixin.py:115} INFO - [2023-04-05 21:42:07,521] {dag.py:2379} INFO - Sync 1 DAGs
[2023-04-05 21:42:07,555] {logging_mixin.py:115} INFO - [2023-04-05 21:42:07,555] {dag.py:2927} INFO - Setting next_dagrun for example_bash_operator to 2023-04-05T00:00:00+00:00, run_after=2023-04-06T00:00:00+00:00
[2023-04-05 21:42:07,627] {processor.py:161} INFO - Processing /home/edinaldo/Documents/previsao_remuneracao/previsao_remuneracao/venv/lib/python3.10/site-packages/airflow/example_dags/example_bash_operator.py took 0.186 seconds
[2023-04-05 21:42:54,579] {processor.py:153} INFO - Started process (PID=58481) to work on /home/edinaldo/Documents/previsao_remuneracao/previsao_remuneracao/venv/lib/python3.10/site-packages/airflow/example_dags/example_bash_operator.py
[2023-04-05 21:42:54,616] {processor.py:641} INFO - Processing file /home/edinaldo/Documents/previsao_remuneracao/previsao_remuneracao/venv/lib/python3.10/site-packages/airflow/example_dags/example_bash_operator.py for tasks to queue
[2023-04-05 21:42:54,618] {logging_mixin.py:115} INFO - [2023-04-05 21:42:54,617] {dagbag.py:507} INFO - Filling up the DagBag from /home/edinaldo/Documents/previsao_remuneracao/previsao_remuneracao/venv/lib/python3.10/site-packages/airflow/example_dags/example_bash_operator.py
[2023-04-05 21:42:54,722] {processor.py:651} INFO - DAG(s) dict_keys(['example_bash_operator']) retrieved from /home/edinaldo/Documents/previsao_remuneracao/previsao_remuneracao/venv/lib/python3.10/site-packages/airflow/example_dags/example_bash_operator.py
[2023-04-05 21:42:54,751] {logging_mixin.py:115} INFO - [2023-04-05 21:42:54,751] {dag.py:2379} INFO - Sync 1 DAGs
[2023-04-05 21:42:54,816] {logging_mixin.py:115} INFO - [2023-04-05 21:42:54,815] {dag.py:2927} INFO - Setting next_dagrun for example_bash_operator to 2023-04-05T00:00:00+00:00, run_after=2023-04-06T00:00:00+00:00
[2023-04-05 21:42:54,898] {processor.py:161} INFO - Processing /home/edinaldo/Documents/previsao_remuneracao/previsao_remuneracao/venv/lib/python3.10/site-packages/airflow/example_dags/example_bash_operator.py took 0.333 seconds
