[2023-04-05 21:00:36,229] {processor.py:153} INFO - Started process (PID=52150) to work on /home/edinaldo/Documents/previsao_remuneracao/previsao_remuneracao/venv/lib/python3.10/site-packages/airflow/example_dags/example_complex.py
[2023-04-05 21:00:36,231] {processor.py:641} INFO - Processing file /home/edinaldo/Documents/previsao_remuneracao/previsao_remuneracao/venv/lib/python3.10/site-packages/airflow/example_dags/example_complex.py for tasks to queue
[2023-04-05 21:00:36,233] {logging_mixin.py:115} INFO - [2023-04-05 21:00:36,233] {dagbag.py:507} INFO - Filling up the DagBag from /home/edinaldo/Documents/previsao_remuneracao/previsao_remuneracao/venv/lib/python3.10/site-packages/airflow/example_dags/example_complex.py
[2023-04-05 21:00:36,317] {processor.py:651} INFO - DAG(s) dict_keys(['example_complex']) retrieved from /home/edinaldo/Documents/previsao_remuneracao/previsao_remuneracao/venv/lib/python3.10/site-packages/airflow/example_dags/example_complex.py
[2023-04-05 21:00:36,357] {logging_mixin.py:115} INFO - [2023-04-05 21:00:36,357] {dag.py:2379} INFO - Sync 1 DAGs
[2023-04-05 21:00:36,388] {logging_mixin.py:115} INFO - [2023-04-05 21:00:36,388] {dag.py:2927} INFO - Setting next_dagrun for example_complex to None, run_after=None
[2023-04-05 21:00:36,838] {processor.py:161} INFO - Processing /home/edinaldo/Documents/previsao_remuneracao/previsao_remuneracao/venv/lib/python3.10/site-packages/airflow/example_dags/example_complex.py took 0.622 seconds
[2023-04-05 21:01:23,137] {processor.py:153} INFO - Started process (PID=52210) to work on /home/edinaldo/Documents/previsao_remuneracao/previsao_remuneracao/venv/lib/python3.10/site-packages/airflow/example_dags/example_complex.py
[2023-04-05 21:01:23,157] {processor.py:641} INFO - Processing file /home/edinaldo/Documents/previsao_remuneracao/previsao_remuneracao/venv/lib/python3.10/site-packages/airflow/example_dags/example_complex.py for tasks to queue
[2023-04-05 21:01:23,158] {logging_mixin.py:115} INFO - [2023-04-05 21:01:23,158] {dagbag.py:507} INFO - Filling up the DagBag from /home/edinaldo/Documents/previsao_remuneracao/previsao_remuneracao/venv/lib/python3.10/site-packages/airflow/example_dags/example_complex.py
[2023-04-05 21:01:23,184] {processor.py:651} INFO - DAG(s) dict_keys(['example_complex']) retrieved from /home/edinaldo/Documents/previsao_remuneracao/previsao_remuneracao/venv/lib/python3.10/site-packages/airflow/example_dags/example_complex.py
[2023-04-05 21:01:23,208] {logging_mixin.py:115} INFO - [2023-04-05 21:01:23,208] {dag.py:2379} INFO - Sync 1 DAGs
[2023-04-05 21:01:23,227] {logging_mixin.py:115} INFO - [2023-04-05 21:01:23,227] {dag.py:2927} INFO - Setting next_dagrun for example_complex to None, run_after=None
[2023-04-05 21:01:23,387] {processor.py:161} INFO - Processing /home/edinaldo/Documents/previsao_remuneracao/previsao_remuneracao/venv/lib/python3.10/site-packages/airflow/example_dags/example_complex.py took 0.253 seconds
[2023-04-05 21:02:11,422] {processor.py:153} INFO - Started process (PID=52328) to work on /home/edinaldo/Documents/previsao_remuneracao/previsao_remuneracao/venv/lib/python3.10/site-packages/airflow/example_dags/example_complex.py
[2023-04-05 21:02:11,433] {processor.py:641} INFO - Processing file /home/edinaldo/Documents/previsao_remuneracao/previsao_remuneracao/venv/lib/python3.10/site-packages/airflow/example_dags/example_complex.py for tasks to queue
[2023-04-05 21:02:11,433] {logging_mixin.py:115} INFO - [2023-04-05 21:02:11,433] {dagbag.py:507} INFO - Filling up the DagBag from /home/edinaldo/Documents/previsao_remuneracao/previsao_remuneracao/venv/lib/python3.10/site-packages/airflow/example_dags/example_complex.py
[2023-04-05 21:02:11,448] {processor.py:651} INFO - DAG(s) dict_keys(['example_complex']) retrieved from /home/edinaldo/Documents/previsao_remuneracao/previsao_remuneracao/venv/lib/python3.10/site-packages/airflow/example_dags/example_complex.py
[2023-04-05 21:02:11,469] {logging_mixin.py:115} INFO - [2023-04-05 21:02:11,469] {dag.py:2379} INFO - Sync 1 DAGs
[2023-04-05 21:02:11,488] {logging_mixin.py:115} INFO - [2023-04-05 21:02:11,488] {dag.py:2927} INFO - Setting next_dagrun for example_complex to None, run_after=None
[2023-04-05 21:02:11,582] {processor.py:161} INFO - Processing /home/edinaldo/Documents/previsao_remuneracao/previsao_remuneracao/venv/lib/python3.10/site-packages/airflow/example_dags/example_complex.py took 0.164 seconds
[2023-04-05 21:03:00,928] {processor.py:153} INFO - Started process (PID=52442) to work on /home/edinaldo/Documents/previsao_remuneracao/previsao_remuneracao/venv/lib/python3.10/site-packages/airflow/example_dags/example_complex.py
[2023-04-05 21:03:00,939] {processor.py:641} INFO - Processing file /home/edinaldo/Documents/previsao_remuneracao/previsao_remuneracao/venv/lib/python3.10/site-packages/airflow/example_dags/example_complex.py for tasks to queue
[2023-04-05 21:03:00,940] {logging_mixin.py:115} INFO - [2023-04-05 21:03:00,940] {dagbag.py:507} INFO - Filling up the DagBag from /home/edinaldo/Documents/previsao_remuneracao/previsao_remuneracao/venv/lib/python3.10/site-packages/airflow/example_dags/example_complex.py
[2023-04-05 21:03:00,961] {processor.py:651} INFO - DAG(s) dict_keys(['example_complex']) retrieved from /home/edinaldo/Documents/previsao_remuneracao/previsao_remuneracao/venv/lib/python3.10/site-packages/airflow/example_dags/example_complex.py
[2023-04-05 21:03:00,983] {logging_mixin.py:115} INFO - [2023-04-05 21:03:00,983] {dag.py:2379} INFO - Sync 1 DAGs
[2023-04-05 21:03:01,002] {logging_mixin.py:115} INFO - [2023-04-05 21:03:01,002] {dag.py:2927} INFO - Setting next_dagrun for example_complex to None, run_after=None
[2023-04-05 21:03:01,103] {processor.py:161} INFO - Processing /home/edinaldo/Documents/previsao_remuneracao/previsao_remuneracao/venv/lib/python3.10/site-packages/airflow/example_dags/example_complex.py took 0.181 seconds
[2023-04-05 21:03:42,469] {processor.py:153} INFO - Started process (PID=52478) to work on /home/edinaldo/Documents/previsao_remuneracao/previsao_remuneracao/venv/lib/python3.10/site-packages/airflow/example_dags/example_complex.py
[2023-04-05 21:03:42,496] {processor.py:641} INFO - Processing file /home/edinaldo/Documents/previsao_remuneracao/previsao_remuneracao/venv/lib/python3.10/site-packages/airflow/example_dags/example_complex.py for tasks to queue
[2023-04-05 21:03:42,498] {logging_mixin.py:115} INFO - [2023-04-05 21:03:42,498] {dagbag.py:507} INFO - Filling up the DagBag from /home/edinaldo/Documents/previsao_remuneracao/previsao_remuneracao/venv/lib/python3.10/site-packages/airflow/example_dags/example_complex.py
[2023-04-05 21:03:42,531] {processor.py:651} INFO - DAG(s) dict_keys(['example_complex']) retrieved from /home/edinaldo/Documents/previsao_remuneracao/previsao_remuneracao/venv/lib/python3.10/site-packages/airflow/example_dags/example_complex.py
[2023-04-05 21:03:42,553] {logging_mixin.py:115} INFO - [2023-04-05 21:03:42,553] {dag.py:2379} INFO - Sync 1 DAGs
[2023-04-05 21:03:42,571] {logging_mixin.py:115} INFO - [2023-04-05 21:03:42,571] {dag.py:2927} INFO - Setting next_dagrun for example_complex to None, run_after=None
[2023-04-05 21:03:42,670] {processor.py:161} INFO - Processing /home/edinaldo/Documents/previsao_remuneracao/previsao_remuneracao/venv/lib/python3.10/site-packages/airflow/example_dags/example_complex.py took 0.205 seconds
[2023-04-05 21:04:25,498] {processor.py:153} INFO - Started process (PID=52549) to work on /home/edinaldo/Documents/previsao_remuneracao/previsao_remuneracao/venv/lib/python3.10/site-packages/airflow/example_dags/example_complex.py
[2023-04-05 21:04:25,503] {processor.py:641} INFO - Processing file /home/edinaldo/Documents/previsao_remuneracao/previsao_remuneracao/venv/lib/python3.10/site-packages/airflow/example_dags/example_complex.py for tasks to queue
[2023-04-05 21:04:25,504] {logging_mixin.py:115} INFO - [2023-04-05 21:04:25,504] {dagbag.py:507} INFO - Filling up the DagBag from /home/edinaldo/Documents/previsao_remuneracao/previsao_remuneracao/venv/lib/python3.10/site-packages/airflow/example_dags/example_complex.py
[2023-04-05 21:04:25,533] {processor.py:651} INFO - DAG(s) dict_keys(['example_complex']) retrieved from /home/edinaldo/Documents/previsao_remuneracao/previsao_remuneracao/venv/lib/python3.10/site-packages/airflow/example_dags/example_complex.py
[2023-04-05 21:04:25,560] {logging_mixin.py:115} INFO - [2023-04-05 21:04:25,560] {dag.py:2379} INFO - Sync 1 DAGs
[2023-04-05 21:04:25,589] {logging_mixin.py:115} INFO - [2023-04-05 21:04:25,589] {dag.py:2927} INFO - Setting next_dagrun for example_complex to None, run_after=None
[2023-04-05 21:04:25,687] {processor.py:161} INFO - Processing /home/edinaldo/Documents/previsao_remuneracao/previsao_remuneracao/venv/lib/python3.10/site-packages/airflow/example_dags/example_complex.py took 0.204 seconds
[2023-04-05 21:05:08,095] {processor.py:153} INFO - Started process (PID=52607) to work on /home/edinaldo/Documents/previsao_remuneracao/previsao_remuneracao/venv/lib/python3.10/site-packages/airflow/example_dags/example_complex.py
[2023-04-05 21:05:08,097] {processor.py:641} INFO - Processing file /home/edinaldo/Documents/previsao_remuneracao/previsao_remuneracao/venv/lib/python3.10/site-packages/airflow/example_dags/example_complex.py for tasks to queue
[2023-04-05 21:05:08,099] {logging_mixin.py:115} INFO - [2023-04-05 21:05:08,098] {dagbag.py:507} INFO - Filling up the DagBag from /home/edinaldo/Documents/previsao_remuneracao/previsao_remuneracao/venv/lib/python3.10/site-packages/airflow/example_dags/example_complex.py
[2023-04-05 21:05:08,120] {processor.py:651} INFO - DAG(s) dict_keys(['example_complex']) retrieved from /home/edinaldo/Documents/previsao_remuneracao/previsao_remuneracao/venv/lib/python3.10/site-packages/airflow/example_dags/example_complex.py
[2023-04-05 21:05:08,141] {logging_mixin.py:115} INFO - [2023-04-05 21:05:08,141] {dag.py:2379} INFO - Sync 1 DAGs
[2023-04-05 21:05:08,160] {logging_mixin.py:115} INFO - [2023-04-05 21:05:08,160] {dag.py:2927} INFO - Setting next_dagrun for example_complex to None, run_after=None
[2023-04-05 21:05:08,237] {processor.py:161} INFO - Processing /home/edinaldo/Documents/previsao_remuneracao/previsao_remuneracao/venv/lib/python3.10/site-packages/airflow/example_dags/example_complex.py took 0.152 seconds
[2023-04-05 21:05:55,562] {processor.py:153} INFO - Started process (PID=52685) to work on /home/edinaldo/Documents/previsao_remuneracao/previsao_remuneracao/venv/lib/python3.10/site-packages/airflow/example_dags/example_complex.py
[2023-04-05 21:05:55,582] {processor.py:641} INFO - Processing file /home/edinaldo/Documents/previsao_remuneracao/previsao_remuneracao/venv/lib/python3.10/site-packages/airflow/example_dags/example_complex.py for tasks to queue
[2023-04-05 21:05:55,583] {logging_mixin.py:115} INFO - [2023-04-05 21:05:55,583] {dagbag.py:507} INFO - Filling up the DagBag from /home/edinaldo/Documents/previsao_remuneracao/previsao_remuneracao/venv/lib/python3.10/site-packages/airflow/example_dags/example_complex.py
[2023-04-05 21:05:55,652] {processor.py:651} INFO - DAG(s) dict_keys(['example_complex']) retrieved from /home/edinaldo/Documents/previsao_remuneracao/previsao_remuneracao/venv/lib/python3.10/site-packages/airflow/example_dags/example_complex.py
[2023-04-05 21:05:55,688] {logging_mixin.py:115} INFO - [2023-04-05 21:05:55,688] {dag.py:2379} INFO - Sync 1 DAGs
[2023-04-05 21:05:55,707] {logging_mixin.py:115} INFO - [2023-04-05 21:05:55,707] {dag.py:2927} INFO - Setting next_dagrun for example_complex to None, run_after=None
[2023-04-05 21:05:55,808] {processor.py:161} INFO - Processing /home/edinaldo/Documents/previsao_remuneracao/previsao_remuneracao/venv/lib/python3.10/site-packages/airflow/example_dags/example_complex.py took 0.250 seconds
[2023-04-05 21:06:34,365] {processor.py:153} INFO - Started process (PID=52745) to work on /home/edinaldo/Documents/previsao_remuneracao/previsao_remuneracao/venv/lib/python3.10/site-packages/airflow/example_dags/example_complex.py
[2023-04-05 21:06:34,382] {processor.py:641} INFO - Processing file /home/edinaldo/Documents/previsao_remuneracao/previsao_remuneracao/venv/lib/python3.10/site-packages/airflow/example_dags/example_complex.py for tasks to queue
[2023-04-05 21:06:34,383] {logging_mixin.py:115} INFO - [2023-04-05 21:06:34,383] {dagbag.py:507} INFO - Filling up the DagBag from /home/edinaldo/Documents/previsao_remuneracao/previsao_remuneracao/venv/lib/python3.10/site-packages/airflow/example_dags/example_complex.py
[2023-04-05 21:06:34,403] {processor.py:651} INFO - DAG(s) dict_keys(['example_complex']) retrieved from /home/edinaldo/Documents/previsao_remuneracao/previsao_remuneracao/venv/lib/python3.10/site-packages/airflow/example_dags/example_complex.py
[2023-04-05 21:06:34,426] {logging_mixin.py:115} INFO - [2023-04-05 21:06:34,426] {dag.py:2379} INFO - Sync 1 DAGs
[2023-04-05 21:06:34,446] {logging_mixin.py:115} INFO - [2023-04-05 21:06:34,446] {dag.py:2927} INFO - Setting next_dagrun for example_complex to None, run_after=None
[2023-04-05 21:06:34,586] {processor.py:161} INFO - Processing /home/edinaldo/Documents/previsao_remuneracao/previsao_remuneracao/venv/lib/python3.10/site-packages/airflow/example_dags/example_complex.py took 0.232 seconds
[2023-04-05 21:07:13,254] {processor.py:153} INFO - Started process (PID=52783) to work on /home/edinaldo/Documents/previsao_remuneracao/previsao_remuneracao/venv/lib/python3.10/site-packages/airflow/example_dags/example_complex.py
[2023-04-05 21:07:13,256] {processor.py:641} INFO - Processing file /home/edinaldo/Documents/previsao_remuneracao/previsao_remuneracao/venv/lib/python3.10/site-packages/airflow/example_dags/example_complex.py for tasks to queue
[2023-04-05 21:07:13,257] {logging_mixin.py:115} INFO - [2023-04-05 21:07:13,257] {dagbag.py:507} INFO - Filling up the DagBag from /home/edinaldo/Documents/previsao_remuneracao/previsao_remuneracao/venv/lib/python3.10/site-packages/airflow/example_dags/example_complex.py
[2023-04-05 21:07:13,280] {processor.py:651} INFO - DAG(s) dict_keys(['example_complex']) retrieved from /home/edinaldo/Documents/previsao_remuneracao/previsao_remuneracao/venv/lib/python3.10/site-packages/airflow/example_dags/example_complex.py
[2023-04-05 21:07:13,301] {logging_mixin.py:115} INFO - [2023-04-05 21:07:13,301] {dag.py:2379} INFO - Sync 1 DAGs
[2023-04-05 21:07:13,319] {logging_mixin.py:115} INFO - [2023-04-05 21:07:13,319] {dag.py:2927} INFO - Setting next_dagrun for example_complex to None, run_after=None
[2023-04-05 21:07:13,405] {processor.py:161} INFO - Processing /home/edinaldo/Documents/previsao_remuneracao/previsao_remuneracao/venv/lib/python3.10/site-packages/airflow/example_dags/example_complex.py took 0.162 seconds
[2023-04-05 21:07:52,641] {processor.py:153} INFO - Started process (PID=52821) to work on /home/edinaldo/Documents/previsao_remuneracao/previsao_remuneracao/venv/lib/python3.10/site-packages/airflow/example_dags/example_complex.py
[2023-04-05 21:07:52,642] {processor.py:641} INFO - Processing file /home/edinaldo/Documents/previsao_remuneracao/previsao_remuneracao/venv/lib/python3.10/site-packages/airflow/example_dags/example_complex.py for tasks to queue
[2023-04-05 21:07:52,642] {logging_mixin.py:115} INFO - [2023-04-05 21:07:52,642] {dagbag.py:507} INFO - Filling up the DagBag from /home/edinaldo/Documents/previsao_remuneracao/previsao_remuneracao/venv/lib/python3.10/site-packages/airflow/example_dags/example_complex.py
[2023-04-05 21:07:52,656] {processor.py:651} INFO - DAG(s) dict_keys(['example_complex']) retrieved from /home/edinaldo/Documents/previsao_remuneracao/previsao_remuneracao/venv/lib/python3.10/site-packages/airflow/example_dags/example_complex.py
[2023-04-05 21:07:52,676] {logging_mixin.py:115} INFO - [2023-04-05 21:07:52,676] {dag.py:2379} INFO - Sync 1 DAGs
[2023-04-05 21:07:52,694] {logging_mixin.py:115} INFO - [2023-04-05 21:07:52,694] {dag.py:2927} INFO - Setting next_dagrun for example_complex to None, run_after=None
[2023-04-05 21:07:52,776] {processor.py:161} INFO - Processing /home/edinaldo/Documents/previsao_remuneracao/previsao_remuneracao/venv/lib/python3.10/site-packages/airflow/example_dags/example_complex.py took 0.139 seconds
[2023-04-05 21:08:33,090] {processor.py:153} INFO - Started process (PID=52858) to work on /home/edinaldo/Documents/previsao_remuneracao/previsao_remuneracao/venv/lib/python3.10/site-packages/airflow/example_dags/example_complex.py
[2023-04-05 21:08:33,105] {processor.py:641} INFO - Processing file /home/edinaldo/Documents/previsao_remuneracao/previsao_remuneracao/venv/lib/python3.10/site-packages/airflow/example_dags/example_complex.py for tasks to queue
[2023-04-05 21:08:33,107] {logging_mixin.py:115} INFO - [2023-04-05 21:08:33,107] {dagbag.py:507} INFO - Filling up the DagBag from /home/edinaldo/Documents/previsao_remuneracao/previsao_remuneracao/venv/lib/python3.10/site-packages/airflow/example_dags/example_complex.py
[2023-04-05 21:08:33,136] {processor.py:651} INFO - DAG(s) dict_keys(['example_complex']) retrieved from /home/edinaldo/Documents/previsao_remuneracao/previsao_remuneracao/venv/lib/python3.10/site-packages/airflow/example_dags/example_complex.py
[2023-04-05 21:08:33,158] {logging_mixin.py:115} INFO - [2023-04-05 21:08:33,158] {dag.py:2379} INFO - Sync 1 DAGs
[2023-04-05 21:08:33,177] {logging_mixin.py:115} INFO - [2023-04-05 21:08:33,177] {dag.py:2927} INFO - Setting next_dagrun for example_complex to None, run_after=None
[2023-04-05 21:08:33,264] {processor.py:161} INFO - Processing /home/edinaldo/Documents/previsao_remuneracao/previsao_remuneracao/venv/lib/python3.10/site-packages/airflow/example_dags/example_complex.py took 0.184 seconds
[2023-04-05 21:09:10,560] {processor.py:153} INFO - Started process (PID=52893) to work on /home/edinaldo/Documents/previsao_remuneracao/previsao_remuneracao/venv/lib/python3.10/site-packages/airflow/example_dags/example_complex.py
[2023-04-05 21:09:10,566] {processor.py:641} INFO - Processing file /home/edinaldo/Documents/previsao_remuneracao/previsao_remuneracao/venv/lib/python3.10/site-packages/airflow/example_dags/example_complex.py for tasks to queue
[2023-04-05 21:09:10,567] {logging_mixin.py:115} INFO - [2023-04-05 21:09:10,566] {dagbag.py:507} INFO - Filling up the DagBag from /home/edinaldo/Documents/previsao_remuneracao/previsao_remuneracao/venv/lib/python3.10/site-packages/airflow/example_dags/example_complex.py
[2023-04-05 21:09:10,586] {processor.py:651} INFO - DAG(s) dict_keys(['example_complex']) retrieved from /home/edinaldo/Documents/previsao_remuneracao/previsao_remuneracao/venv/lib/python3.10/site-packages/airflow/example_dags/example_complex.py
[2023-04-05 21:09:10,608] {logging_mixin.py:115} INFO - [2023-04-05 21:09:10,608] {dag.py:2379} INFO - Sync 1 DAGs
[2023-04-05 21:09:10,627] {logging_mixin.py:115} INFO - [2023-04-05 21:09:10,627] {dag.py:2927} INFO - Setting next_dagrun for example_complex to None, run_after=None
[2023-04-05 21:09:10,700] {processor.py:161} INFO - Processing /home/edinaldo/Documents/previsao_remuneracao/previsao_remuneracao/venv/lib/python3.10/site-packages/airflow/example_dags/example_complex.py took 0.145 seconds
[2023-04-05 21:09:49,453] {processor.py:153} INFO - Started process (PID=52928) to work on /home/edinaldo/Documents/previsao_remuneracao/previsao_remuneracao/venv/lib/python3.10/site-packages/airflow/example_dags/example_complex.py
[2023-04-05 21:09:49,465] {processor.py:641} INFO - Processing file /home/edinaldo/Documents/previsao_remuneracao/previsao_remuneracao/venv/lib/python3.10/site-packages/airflow/example_dags/example_complex.py for tasks to queue
[2023-04-05 21:09:49,466] {logging_mixin.py:115} INFO - [2023-04-05 21:09:49,466] {dagbag.py:507} INFO - Filling up the DagBag from /home/edinaldo/Documents/previsao_remuneracao/previsao_remuneracao/venv/lib/python3.10/site-packages/airflow/example_dags/example_complex.py
[2023-04-05 21:09:49,480] {processor.py:651} INFO - DAG(s) dict_keys(['example_complex']) retrieved from /home/edinaldo/Documents/previsao_remuneracao/previsao_remuneracao/venv/lib/python3.10/site-packages/airflow/example_dags/example_complex.py
[2023-04-05 21:09:49,501] {logging_mixin.py:115} INFO - [2023-04-05 21:09:49,501] {dag.py:2379} INFO - Sync 1 DAGs
[2023-04-05 21:09:49,520] {logging_mixin.py:115} INFO - [2023-04-05 21:09:49,519] {dag.py:2927} INFO - Setting next_dagrun for example_complex to None, run_after=None
[2023-04-05 21:09:49,613] {processor.py:161} INFO - Processing /home/edinaldo/Documents/previsao_remuneracao/previsao_remuneracao/venv/lib/python3.10/site-packages/airflow/example_dags/example_complex.py took 0.164 seconds
[2023-04-05 21:10:28,189] {processor.py:153} INFO - Started process (PID=52968) to work on /home/edinaldo/Documents/previsao_remuneracao/previsao_remuneracao/venv/lib/python3.10/site-packages/airflow/example_dags/example_complex.py
[2023-04-05 21:10:28,200] {processor.py:641} INFO - Processing file /home/edinaldo/Documents/previsao_remuneracao/previsao_remuneracao/venv/lib/python3.10/site-packages/airflow/example_dags/example_complex.py for tasks to queue
[2023-04-05 21:10:28,200] {logging_mixin.py:115} INFO - [2023-04-05 21:10:28,200] {dagbag.py:507} INFO - Filling up the DagBag from /home/edinaldo/Documents/previsao_remuneracao/previsao_remuneracao/venv/lib/python3.10/site-packages/airflow/example_dags/example_complex.py
[2023-04-05 21:10:28,214] {processor.py:651} INFO - DAG(s) dict_keys(['example_complex']) retrieved from /home/edinaldo/Documents/previsao_remuneracao/previsao_remuneracao/venv/lib/python3.10/site-packages/airflow/example_dags/example_complex.py
[2023-04-05 21:10:28,235] {logging_mixin.py:115} INFO - [2023-04-05 21:10:28,235] {dag.py:2379} INFO - Sync 1 DAGs
[2023-04-05 21:10:28,254] {logging_mixin.py:115} INFO - [2023-04-05 21:10:28,254] {dag.py:2927} INFO - Setting next_dagrun for example_complex to None, run_after=None
[2023-04-05 21:10:28,335] {processor.py:161} INFO - Processing /home/edinaldo/Documents/previsao_remuneracao/previsao_remuneracao/venv/lib/python3.10/site-packages/airflow/example_dags/example_complex.py took 0.152 seconds
[2023-04-05 21:11:08,700] {processor.py:153} INFO - Started process (PID=53125) to work on /home/edinaldo/Documents/previsao_remuneracao/previsao_remuneracao/venv/lib/python3.10/site-packages/airflow/example_dags/example_complex.py
[2023-04-05 21:11:08,705] {processor.py:641} INFO - Processing file /home/edinaldo/Documents/previsao_remuneracao/previsao_remuneracao/venv/lib/python3.10/site-packages/airflow/example_dags/example_complex.py for tasks to queue
[2023-04-05 21:11:08,707] {logging_mixin.py:115} INFO - [2023-04-05 21:11:08,706] {dagbag.py:507} INFO - Filling up the DagBag from /home/edinaldo/Documents/previsao_remuneracao/previsao_remuneracao/venv/lib/python3.10/site-packages/airflow/example_dags/example_complex.py
[2023-04-05 21:11:08,734] {processor.py:651} INFO - DAG(s) dict_keys(['example_complex']) retrieved from /home/edinaldo/Documents/previsao_remuneracao/previsao_remuneracao/venv/lib/python3.10/site-packages/airflow/example_dags/example_complex.py
[2023-04-05 21:11:08,768] {logging_mixin.py:115} INFO - [2023-04-05 21:11:08,768] {dag.py:2379} INFO - Sync 1 DAGs
[2023-04-05 21:11:08,787] {logging_mixin.py:115} INFO - [2023-04-05 21:11:08,786] {dag.py:2927} INFO - Setting next_dagrun for example_complex to None, run_after=None
[2023-04-05 21:11:08,885] {processor.py:161} INFO - Processing /home/edinaldo/Documents/previsao_remuneracao/previsao_remuneracao/venv/lib/python3.10/site-packages/airflow/example_dags/example_complex.py took 0.195 seconds
[2023-04-05 21:11:47,643] {processor.py:153} INFO - Started process (PID=53189) to work on /home/edinaldo/Documents/previsao_remuneracao/previsao_remuneracao/venv/lib/python3.10/site-packages/airflow/example_dags/example_complex.py
[2023-04-05 21:11:47,648] {processor.py:641} INFO - Processing file /home/edinaldo/Documents/previsao_remuneracao/previsao_remuneracao/venv/lib/python3.10/site-packages/airflow/example_dags/example_complex.py for tasks to queue
[2023-04-05 21:11:47,649] {logging_mixin.py:115} INFO - [2023-04-05 21:11:47,649] {dagbag.py:507} INFO - Filling up the DagBag from /home/edinaldo/Documents/previsao_remuneracao/previsao_remuneracao/venv/lib/python3.10/site-packages/airflow/example_dags/example_complex.py
[2023-04-05 21:11:47,670] {processor.py:651} INFO - DAG(s) dict_keys(['example_complex']) retrieved from /home/edinaldo/Documents/previsao_remuneracao/previsao_remuneracao/venv/lib/python3.10/site-packages/airflow/example_dags/example_complex.py
[2023-04-05 21:11:47,694] {logging_mixin.py:115} INFO - [2023-04-05 21:11:47,694] {dag.py:2379} INFO - Sync 1 DAGs
[2023-04-05 21:11:47,712] {logging_mixin.py:115} INFO - [2023-04-05 21:11:47,712] {dag.py:2927} INFO - Setting next_dagrun for example_complex to None, run_after=None
[2023-04-05 21:11:47,806] {processor.py:161} INFO - Processing /home/edinaldo/Documents/previsao_remuneracao/previsao_remuneracao/venv/lib/python3.10/site-packages/airflow/example_dags/example_complex.py took 0.167 seconds
[2023-04-05 21:12:25,841] {processor.py:153} INFO - Started process (PID=53282) to work on /home/edinaldo/Documents/previsao_remuneracao/previsao_remuneracao/venv/lib/python3.10/site-packages/airflow/example_dags/example_complex.py
[2023-04-05 21:12:25,846] {processor.py:641} INFO - Processing file /home/edinaldo/Documents/previsao_remuneracao/previsao_remuneracao/venv/lib/python3.10/site-packages/airflow/example_dags/example_complex.py for tasks to queue
[2023-04-05 21:12:25,847] {logging_mixin.py:115} INFO - [2023-04-05 21:12:25,847] {dagbag.py:507} INFO - Filling up the DagBag from /home/edinaldo/Documents/previsao_remuneracao/previsao_remuneracao/venv/lib/python3.10/site-packages/airflow/example_dags/example_complex.py
[2023-04-05 21:12:25,868] {processor.py:651} INFO - DAG(s) dict_keys(['example_complex']) retrieved from /home/edinaldo/Documents/previsao_remuneracao/previsao_remuneracao/venv/lib/python3.10/site-packages/airflow/example_dags/example_complex.py
[2023-04-05 21:12:25,893] {logging_mixin.py:115} INFO - [2023-04-05 21:12:25,893] {dag.py:2379} INFO - Sync 1 DAGs
[2023-04-05 21:12:25,919] {logging_mixin.py:115} INFO - [2023-04-05 21:12:25,919] {dag.py:2927} INFO - Setting next_dagrun for example_complex to None, run_after=None
[2023-04-05 21:12:25,998] {processor.py:161} INFO - Processing /home/edinaldo/Documents/previsao_remuneracao/previsao_remuneracao/venv/lib/python3.10/site-packages/airflow/example_dags/example_complex.py took 0.164 seconds
[2023-04-05 21:13:17,206] {processor.py:153} INFO - Started process (PID=53426) to work on /home/edinaldo/Documents/previsao_remuneracao/previsao_remuneracao/venv/lib/python3.10/site-packages/airflow/example_dags/example_complex.py
[2023-04-05 21:13:17,222] {processor.py:641} INFO - Processing file /home/edinaldo/Documents/previsao_remuneracao/previsao_remuneracao/venv/lib/python3.10/site-packages/airflow/example_dags/example_complex.py for tasks to queue
[2023-04-05 21:13:17,223] {logging_mixin.py:115} INFO - [2023-04-05 21:13:17,223] {dagbag.py:507} INFO - Filling up the DagBag from /home/edinaldo/Documents/previsao_remuneracao/previsao_remuneracao/venv/lib/python3.10/site-packages/airflow/example_dags/example_complex.py
[2023-04-05 21:13:17,252] {processor.py:651} INFO - DAG(s) dict_keys(['example_complex']) retrieved from /home/edinaldo/Documents/previsao_remuneracao/previsao_remuneracao/venv/lib/python3.10/site-packages/airflow/example_dags/example_complex.py
[2023-04-05 21:13:17,275] {logging_mixin.py:115} INFO - [2023-04-05 21:13:17,275] {dag.py:2379} INFO - Sync 1 DAGs
[2023-04-05 21:13:17,294] {logging_mixin.py:115} INFO - [2023-04-05 21:13:17,294] {dag.py:2927} INFO - Setting next_dagrun for example_complex to None, run_after=None
[2023-04-05 21:13:17,362] {processor.py:161} INFO - Processing /home/edinaldo/Documents/previsao_remuneracao/previsao_remuneracao/venv/lib/python3.10/site-packages/airflow/example_dags/example_complex.py took 0.166 seconds
[2023-04-05 21:14:00,532] {processor.py:153} INFO - Started process (PID=53465) to work on /home/edinaldo/Documents/previsao_remuneracao/previsao_remuneracao/venv/lib/python3.10/site-packages/airflow/example_dags/example_complex.py
[2023-04-05 21:14:00,538] {processor.py:641} INFO - Processing file /home/edinaldo/Documents/previsao_remuneracao/previsao_remuneracao/venv/lib/python3.10/site-packages/airflow/example_dags/example_complex.py for tasks to queue
[2023-04-05 21:14:00,539] {logging_mixin.py:115} INFO - [2023-04-05 21:14:00,538] {dagbag.py:507} INFO - Filling up the DagBag from /home/edinaldo/Documents/previsao_remuneracao/previsao_remuneracao/venv/lib/python3.10/site-packages/airflow/example_dags/example_complex.py
[2023-04-05 21:14:00,561] {processor.py:651} INFO - DAG(s) dict_keys(['example_complex']) retrieved from /home/edinaldo/Documents/previsao_remuneracao/previsao_remuneracao/venv/lib/python3.10/site-packages/airflow/example_dags/example_complex.py
[2023-04-05 21:14:00,585] {logging_mixin.py:115} INFO - [2023-04-05 21:14:00,585] {dag.py:2379} INFO - Sync 1 DAGs
[2023-04-05 21:14:00,604] {logging_mixin.py:115} INFO - [2023-04-05 21:14:00,604] {dag.py:2927} INFO - Setting next_dagrun for example_complex to None, run_after=None
[2023-04-05 21:14:00,672] {processor.py:161} INFO - Processing /home/edinaldo/Documents/previsao_remuneracao/previsao_remuneracao/venv/lib/python3.10/site-packages/airflow/example_dags/example_complex.py took 0.144 seconds
[2023-04-05 21:14:40,634] {processor.py:153} INFO - Started process (PID=53503) to work on /home/edinaldo/Documents/previsao_remuneracao/previsao_remuneracao/venv/lib/python3.10/site-packages/airflow/example_dags/example_complex.py
[2023-04-05 21:14:40,643] {processor.py:641} INFO - Processing file /home/edinaldo/Documents/previsao_remuneracao/previsao_remuneracao/venv/lib/python3.10/site-packages/airflow/example_dags/example_complex.py for tasks to queue
[2023-04-05 21:14:40,644] {logging_mixin.py:115} INFO - [2023-04-05 21:14:40,644] {dagbag.py:507} INFO - Filling up the DagBag from /home/edinaldo/Documents/previsao_remuneracao/previsao_remuneracao/venv/lib/python3.10/site-packages/airflow/example_dags/example_complex.py
[2023-04-05 21:14:40,658] {processor.py:651} INFO - DAG(s) dict_keys(['example_complex']) retrieved from /home/edinaldo/Documents/previsao_remuneracao/previsao_remuneracao/venv/lib/python3.10/site-packages/airflow/example_dags/example_complex.py
[2023-04-05 21:14:40,679] {logging_mixin.py:115} INFO - [2023-04-05 21:14:40,679] {dag.py:2379} INFO - Sync 1 DAGs
[2023-04-05 21:14:40,698] {logging_mixin.py:115} INFO - [2023-04-05 21:14:40,698] {dag.py:2927} INFO - Setting next_dagrun for example_complex to None, run_after=None
[2023-04-05 21:14:40,802] {processor.py:161} INFO - Processing /home/edinaldo/Documents/previsao_remuneracao/previsao_remuneracao/venv/lib/python3.10/site-packages/airflow/example_dags/example_complex.py took 0.176 seconds
[2023-04-05 21:15:19,071] {processor.py:153} INFO - Started process (PID=53540) to work on /home/edinaldo/Documents/previsao_remuneracao/previsao_remuneracao/venv/lib/python3.10/site-packages/airflow/example_dags/example_complex.py
[2023-04-05 21:15:19,089] {processor.py:641} INFO - Processing file /home/edinaldo/Documents/previsao_remuneracao/previsao_remuneracao/venv/lib/python3.10/site-packages/airflow/example_dags/example_complex.py for tasks to queue
[2023-04-05 21:15:19,090] {logging_mixin.py:115} INFO - [2023-04-05 21:15:19,090] {dagbag.py:507} INFO - Filling up the DagBag from /home/edinaldo/Documents/previsao_remuneracao/previsao_remuneracao/venv/lib/python3.10/site-packages/airflow/example_dags/example_complex.py
[2023-04-05 21:15:19,107] {processor.py:651} INFO - DAG(s) dict_keys(['example_complex']) retrieved from /home/edinaldo/Documents/previsao_remuneracao/previsao_remuneracao/venv/lib/python3.10/site-packages/airflow/example_dags/example_complex.py
[2023-04-05 21:15:19,128] {logging_mixin.py:115} INFO - [2023-04-05 21:15:19,128] {dag.py:2379} INFO - Sync 1 DAGs
[2023-04-05 21:15:19,148] {logging_mixin.py:115} INFO - [2023-04-05 21:15:19,148] {dag.py:2927} INFO - Setting next_dagrun for example_complex to None, run_after=None
[2023-04-05 21:15:19,223] {processor.py:161} INFO - Processing /home/edinaldo/Documents/previsao_remuneracao/previsao_remuneracao/venv/lib/python3.10/site-packages/airflow/example_dags/example_complex.py took 0.159 seconds
[2023-04-05 21:16:04,708] {processor.py:153} INFO - Started process (PID=53617) to work on /home/edinaldo/Documents/previsao_remuneracao/previsao_remuneracao/venv/lib/python3.10/site-packages/airflow/example_dags/example_complex.py
[2023-04-05 21:16:04,720] {processor.py:641} INFO - Processing file /home/edinaldo/Documents/previsao_remuneracao/previsao_remuneracao/venv/lib/python3.10/site-packages/airflow/example_dags/example_complex.py for tasks to queue
[2023-04-05 21:16:04,722] {logging_mixin.py:115} INFO - [2023-04-05 21:16:04,722] {dagbag.py:507} INFO - Filling up the DagBag from /home/edinaldo/Documents/previsao_remuneracao/previsao_remuneracao/venv/lib/python3.10/site-packages/airflow/example_dags/example_complex.py
[2023-04-05 21:16:04,757] {processor.py:651} INFO - DAG(s) dict_keys(['example_complex']) retrieved from /home/edinaldo/Documents/previsao_remuneracao/previsao_remuneracao/venv/lib/python3.10/site-packages/airflow/example_dags/example_complex.py
[2023-04-05 21:16:04,785] {logging_mixin.py:115} INFO - [2023-04-05 21:16:04,785] {dag.py:2379} INFO - Sync 1 DAGs
[2023-04-05 21:16:04,806] {logging_mixin.py:115} INFO - [2023-04-05 21:16:04,806] {dag.py:2927} INFO - Setting next_dagrun for example_complex to None, run_after=None
[2023-04-05 21:16:04,909] {processor.py:161} INFO - Processing /home/edinaldo/Documents/previsao_remuneracao/previsao_remuneracao/venv/lib/python3.10/site-packages/airflow/example_dags/example_complex.py took 0.211 seconds
[2023-04-05 21:16:50,050] {processor.py:153} INFO - Started process (PID=53682) to work on /home/edinaldo/Documents/previsao_remuneracao/previsao_remuneracao/venv/lib/python3.10/site-packages/airflow/example_dags/example_complex.py
[2023-04-05 21:16:50,056] {processor.py:641} INFO - Processing file /home/edinaldo/Documents/previsao_remuneracao/previsao_remuneracao/venv/lib/python3.10/site-packages/airflow/example_dags/example_complex.py for tasks to queue
[2023-04-05 21:16:50,057] {logging_mixin.py:115} INFO - [2023-04-05 21:16:50,057] {dagbag.py:507} INFO - Filling up the DagBag from /home/edinaldo/Documents/previsao_remuneracao/previsao_remuneracao/venv/lib/python3.10/site-packages/airflow/example_dags/example_complex.py
[2023-04-05 21:16:50,075] {processor.py:651} INFO - DAG(s) dict_keys(['example_complex']) retrieved from /home/edinaldo/Documents/previsao_remuneracao/previsao_remuneracao/venv/lib/python3.10/site-packages/airflow/example_dags/example_complex.py
[2023-04-05 21:16:50,098] {logging_mixin.py:115} INFO - [2023-04-05 21:16:50,098] {dag.py:2379} INFO - Sync 1 DAGs
[2023-04-05 21:16:50,116] {logging_mixin.py:115} INFO - [2023-04-05 21:16:50,116] {dag.py:2927} INFO - Setting next_dagrun for example_complex to None, run_after=None
[2023-04-05 21:16:50,184] {processor.py:161} INFO - Processing /home/edinaldo/Documents/previsao_remuneracao/previsao_remuneracao/venv/lib/python3.10/site-packages/airflow/example_dags/example_complex.py took 0.138 seconds
[2023-04-05 21:17:30,830] {processor.py:153} INFO - Started process (PID=53724) to work on /home/edinaldo/Documents/previsao_remuneracao/previsao_remuneracao/venv/lib/python3.10/site-packages/airflow/example_dags/example_complex.py
[2023-04-05 21:17:30,838] {processor.py:641} INFO - Processing file /home/edinaldo/Documents/previsao_remuneracao/previsao_remuneracao/venv/lib/python3.10/site-packages/airflow/example_dags/example_complex.py for tasks to queue
[2023-04-05 21:17:30,838] {logging_mixin.py:115} INFO - [2023-04-05 21:17:30,838] {dagbag.py:507} INFO - Filling up the DagBag from /home/edinaldo/Documents/previsao_remuneracao/previsao_remuneracao/venv/lib/python3.10/site-packages/airflow/example_dags/example_complex.py
[2023-04-05 21:17:30,853] {processor.py:651} INFO - DAG(s) dict_keys(['example_complex']) retrieved from /home/edinaldo/Documents/previsao_remuneracao/previsao_remuneracao/venv/lib/python3.10/site-packages/airflow/example_dags/example_complex.py
[2023-04-05 21:17:30,874] {logging_mixin.py:115} INFO - [2023-04-05 21:17:30,874] {dag.py:2379} INFO - Sync 1 DAGs
[2023-04-05 21:17:30,901] {logging_mixin.py:115} INFO - [2023-04-05 21:17:30,901] {dag.py:2927} INFO - Setting next_dagrun for example_complex to None, run_after=None
[2023-04-05 21:17:30,975] {processor.py:161} INFO - Processing /home/edinaldo/Documents/previsao_remuneracao/previsao_remuneracao/venv/lib/python3.10/site-packages/airflow/example_dags/example_complex.py took 0.148 seconds
[2023-04-05 21:18:09,896] {processor.py:153} INFO - Started process (PID=53764) to work on /home/edinaldo/Documents/previsao_remuneracao/previsao_remuneracao/venv/lib/python3.10/site-packages/airflow/example_dags/example_complex.py
[2023-04-05 21:18:09,898] {processor.py:641} INFO - Processing file /home/edinaldo/Documents/previsao_remuneracao/previsao_remuneracao/venv/lib/python3.10/site-packages/airflow/example_dags/example_complex.py for tasks to queue
[2023-04-05 21:18:09,899] {logging_mixin.py:115} INFO - [2023-04-05 21:18:09,898] {dagbag.py:507} INFO - Filling up the DagBag from /home/edinaldo/Documents/previsao_remuneracao/previsao_remuneracao/venv/lib/python3.10/site-packages/airflow/example_dags/example_complex.py
[2023-04-05 21:18:09,916] {processor.py:651} INFO - DAG(s) dict_keys(['example_complex']) retrieved from /home/edinaldo/Documents/previsao_remuneracao/previsao_remuneracao/venv/lib/python3.10/site-packages/airflow/example_dags/example_complex.py
[2023-04-05 21:18:09,938] {logging_mixin.py:115} INFO - [2023-04-05 21:18:09,937] {dag.py:2379} INFO - Sync 1 DAGs
[2023-04-05 21:18:09,956] {logging_mixin.py:115} INFO - [2023-04-05 21:18:09,956] {dag.py:2927} INFO - Setting next_dagrun for example_complex to None, run_after=None
[2023-04-05 21:18:10,052] {processor.py:161} INFO - Processing /home/edinaldo/Documents/previsao_remuneracao/previsao_remuneracao/venv/lib/python3.10/site-packages/airflow/example_dags/example_complex.py took 0.166 seconds
[2023-04-05 21:18:48,401] {processor.py:153} INFO - Started process (PID=53806) to work on /home/edinaldo/Documents/previsao_remuneracao/previsao_remuneracao/venv/lib/python3.10/site-packages/airflow/example_dags/example_complex.py
[2023-04-05 21:18:48,403] {processor.py:641} INFO - Processing file /home/edinaldo/Documents/previsao_remuneracao/previsao_remuneracao/venv/lib/python3.10/site-packages/airflow/example_dags/example_complex.py for tasks to queue
[2023-04-05 21:18:48,405] {logging_mixin.py:115} INFO - [2023-04-05 21:18:48,405] {dagbag.py:507} INFO - Filling up the DagBag from /home/edinaldo/Documents/previsao_remuneracao/previsao_remuneracao/venv/lib/python3.10/site-packages/airflow/example_dags/example_complex.py
[2023-04-05 21:18:48,428] {processor.py:651} INFO - DAG(s) dict_keys(['example_complex']) retrieved from /home/edinaldo/Documents/previsao_remuneracao/previsao_remuneracao/venv/lib/python3.10/site-packages/airflow/example_dags/example_complex.py
[2023-04-05 21:18:48,449] {logging_mixin.py:115} INFO - [2023-04-05 21:18:48,449] {dag.py:2379} INFO - Sync 1 DAGs
[2023-04-05 21:18:48,467] {logging_mixin.py:115} INFO - [2023-04-05 21:18:48,467] {dag.py:2927} INFO - Setting next_dagrun for example_complex to None, run_after=None
[2023-04-05 21:18:48,535] {processor.py:161} INFO - Processing /home/edinaldo/Documents/previsao_remuneracao/previsao_remuneracao/venv/lib/python3.10/site-packages/airflow/example_dags/example_complex.py took 0.143 seconds
[2023-04-05 21:19:25,344] {processor.py:153} INFO - Started process (PID=53841) to work on /home/edinaldo/Documents/previsao_remuneracao/previsao_remuneracao/venv/lib/python3.10/site-packages/airflow/example_dags/example_complex.py
[2023-04-05 21:19:25,375] {processor.py:641} INFO - Processing file /home/edinaldo/Documents/previsao_remuneracao/previsao_remuneracao/venv/lib/python3.10/site-packages/airflow/example_dags/example_complex.py for tasks to queue
[2023-04-05 21:19:25,376] {logging_mixin.py:115} INFO - [2023-04-05 21:19:25,375] {dagbag.py:507} INFO - Filling up the DagBag from /home/edinaldo/Documents/previsao_remuneracao/previsao_remuneracao/venv/lib/python3.10/site-packages/airflow/example_dags/example_complex.py
[2023-04-05 21:19:25,408] {processor.py:651} INFO - DAG(s) dict_keys(['example_complex']) retrieved from /home/edinaldo/Documents/previsao_remuneracao/previsao_remuneracao/venv/lib/python3.10/site-packages/airflow/example_dags/example_complex.py
[2023-04-05 21:19:25,431] {logging_mixin.py:115} INFO - [2023-04-05 21:19:25,431] {dag.py:2379} INFO - Sync 1 DAGs
[2023-04-05 21:19:25,449] {logging_mixin.py:115} INFO - [2023-04-05 21:19:25,449] {dag.py:2927} INFO - Setting next_dagrun for example_complex to None, run_after=None
[2023-04-05 21:19:25,515] {processor.py:161} INFO - Processing /home/edinaldo/Documents/previsao_remuneracao/previsao_remuneracao/venv/lib/python3.10/site-packages/airflow/example_dags/example_complex.py took 0.174 seconds
[2023-04-05 21:20:04,574] {processor.py:153} INFO - Started process (PID=53884) to work on /home/edinaldo/Documents/previsao_remuneracao/previsao_remuneracao/venv/lib/python3.10/site-packages/airflow/example_dags/example_complex.py
[2023-04-05 21:20:04,576] {processor.py:641} INFO - Processing file /home/edinaldo/Documents/previsao_remuneracao/previsao_remuneracao/venv/lib/python3.10/site-packages/airflow/example_dags/example_complex.py for tasks to queue
[2023-04-05 21:20:04,577] {logging_mixin.py:115} INFO - [2023-04-05 21:20:04,577] {dagbag.py:507} INFO - Filling up the DagBag from /home/edinaldo/Documents/previsao_remuneracao/previsao_remuneracao/venv/lib/python3.10/site-packages/airflow/example_dags/example_complex.py
[2023-04-05 21:20:04,599] {processor.py:651} INFO - DAG(s) dict_keys(['example_complex']) retrieved from /home/edinaldo/Documents/previsao_remuneracao/previsao_remuneracao/venv/lib/python3.10/site-packages/airflow/example_dags/example_complex.py
[2023-04-05 21:20:04,620] {logging_mixin.py:115} INFO - [2023-04-05 21:20:04,620] {dag.py:2379} INFO - Sync 1 DAGs
[2023-04-05 21:20:04,638] {logging_mixin.py:115} INFO - [2023-04-05 21:20:04,638] {dag.py:2927} INFO - Setting next_dagrun for example_complex to None, run_after=None
[2023-04-05 21:20:04,708] {processor.py:161} INFO - Processing /home/edinaldo/Documents/previsao_remuneracao/previsao_remuneracao/venv/lib/python3.10/site-packages/airflow/example_dags/example_complex.py took 0.144 seconds
[2023-04-05 21:20:40,375] {processor.py:153} INFO - Started process (PID=53917) to work on /home/edinaldo/Documents/previsao_remuneracao/previsao_remuneracao/venv/lib/python3.10/site-packages/airflow/example_dags/example_complex.py
[2023-04-05 21:20:40,376] {processor.py:641} INFO - Processing file /home/edinaldo/Documents/previsao_remuneracao/previsao_remuneracao/venv/lib/python3.10/site-packages/airflow/example_dags/example_complex.py for tasks to queue
[2023-04-05 21:20:40,377] {logging_mixin.py:115} INFO - [2023-04-05 21:20:40,376] {dagbag.py:507} INFO - Filling up the DagBag from /home/edinaldo/Documents/previsao_remuneracao/previsao_remuneracao/venv/lib/python3.10/site-packages/airflow/example_dags/example_complex.py
[2023-04-05 21:20:40,392] {processor.py:651} INFO - DAG(s) dict_keys(['example_complex']) retrieved from /home/edinaldo/Documents/previsao_remuneracao/previsao_remuneracao/venv/lib/python3.10/site-packages/airflow/example_dags/example_complex.py
[2023-04-05 21:20:40,414] {logging_mixin.py:115} INFO - [2023-04-05 21:20:40,414] {dag.py:2379} INFO - Sync 1 DAGs
[2023-04-05 21:20:40,432] {logging_mixin.py:115} INFO - [2023-04-05 21:20:40,432] {dag.py:2927} INFO - Setting next_dagrun for example_complex to None, run_after=None
[2023-04-05 21:20:40,509] {processor.py:161} INFO - Processing /home/edinaldo/Documents/previsao_remuneracao/previsao_remuneracao/venv/lib/python3.10/site-packages/airflow/example_dags/example_complex.py took 0.137 seconds
[2023-04-05 21:21:25,212] {processor.py:153} INFO - Started process (PID=53978) to work on /home/edinaldo/Documents/previsao_remuneracao/previsao_remuneracao/venv/lib/python3.10/site-packages/airflow/example_dags/example_complex.py
[2023-04-05 21:21:25,213] {processor.py:641} INFO - Processing file /home/edinaldo/Documents/previsao_remuneracao/previsao_remuneracao/venv/lib/python3.10/site-packages/airflow/example_dags/example_complex.py for tasks to queue
[2023-04-05 21:21:25,214] {logging_mixin.py:115} INFO - [2023-04-05 21:21:25,214] {dagbag.py:507} INFO - Filling up the DagBag from /home/edinaldo/Documents/previsao_remuneracao/previsao_remuneracao/venv/lib/python3.10/site-packages/airflow/example_dags/example_complex.py
[2023-04-05 21:21:25,227] {processor.py:651} INFO - DAG(s) dict_keys(['example_complex']) retrieved from /home/edinaldo/Documents/previsao_remuneracao/previsao_remuneracao/venv/lib/python3.10/site-packages/airflow/example_dags/example_complex.py
[2023-04-05 21:21:25,248] {logging_mixin.py:115} INFO - [2023-04-05 21:21:25,248] {dag.py:2379} INFO - Sync 1 DAGs
[2023-04-05 21:21:25,267] {logging_mixin.py:115} INFO - [2023-04-05 21:21:25,267] {dag.py:2927} INFO - Setting next_dagrun for example_complex to None, run_after=None
[2023-04-05 21:21:25,368] {processor.py:161} INFO - Processing /home/edinaldo/Documents/previsao_remuneracao/previsao_remuneracao/venv/lib/python3.10/site-packages/airflow/example_dags/example_complex.py took 0.159 seconds
[2023-04-05 21:22:03,691] {processor.py:153} INFO - Started process (PID=54041) to work on /home/edinaldo/Documents/previsao_remuneracao/previsao_remuneracao/venv/lib/python3.10/site-packages/airflow/example_dags/example_complex.py
[2023-04-05 21:22:03,692] {processor.py:641} INFO - Processing file /home/edinaldo/Documents/previsao_remuneracao/previsao_remuneracao/venv/lib/python3.10/site-packages/airflow/example_dags/example_complex.py for tasks to queue
[2023-04-05 21:22:03,693] {logging_mixin.py:115} INFO - [2023-04-05 21:22:03,692] {dagbag.py:507} INFO - Filling up the DagBag from /home/edinaldo/Documents/previsao_remuneracao/previsao_remuneracao/venv/lib/python3.10/site-packages/airflow/example_dags/example_complex.py
[2023-04-05 21:22:03,706] {processor.py:651} INFO - DAG(s) dict_keys(['example_complex']) retrieved from /home/edinaldo/Documents/previsao_remuneracao/previsao_remuneracao/venv/lib/python3.10/site-packages/airflow/example_dags/example_complex.py
[2023-04-05 21:22:03,728] {logging_mixin.py:115} INFO - [2023-04-05 21:22:03,728] {dag.py:2379} INFO - Sync 1 DAGs
[2023-04-05 21:22:03,748] {logging_mixin.py:115} INFO - [2023-04-05 21:22:03,748] {dag.py:2927} INFO - Setting next_dagrun for example_complex to None, run_after=None
[2023-04-05 21:22:03,823] {processor.py:161} INFO - Processing /home/edinaldo/Documents/previsao_remuneracao/previsao_remuneracao/venv/lib/python3.10/site-packages/airflow/example_dags/example_complex.py took 0.135 seconds
[2023-04-05 21:22:48,338] {processor.py:153} INFO - Started process (PID=54088) to work on /home/edinaldo/Documents/previsao_remuneracao/previsao_remuneracao/venv/lib/python3.10/site-packages/airflow/example_dags/example_complex.py
[2023-04-05 21:22:48,350] {processor.py:641} INFO - Processing file /home/edinaldo/Documents/previsao_remuneracao/previsao_remuneracao/venv/lib/python3.10/site-packages/airflow/example_dags/example_complex.py for tasks to queue
[2023-04-05 21:22:48,351] {logging_mixin.py:115} INFO - [2023-04-05 21:22:48,351] {dagbag.py:507} INFO - Filling up the DagBag from /home/edinaldo/Documents/previsao_remuneracao/previsao_remuneracao/venv/lib/python3.10/site-packages/airflow/example_dags/example_complex.py
[2023-04-05 21:22:48,371] {processor.py:651} INFO - DAG(s) dict_keys(['example_complex']) retrieved from /home/edinaldo/Documents/previsao_remuneracao/previsao_remuneracao/venv/lib/python3.10/site-packages/airflow/example_dags/example_complex.py
[2023-04-05 21:22:48,396] {logging_mixin.py:115} INFO - [2023-04-05 21:22:48,396] {dag.py:2379} INFO - Sync 1 DAGs
[2023-04-05 21:22:48,415] {logging_mixin.py:115} INFO - [2023-04-05 21:22:48,415] {dag.py:2927} INFO - Setting next_dagrun for example_complex to None, run_after=None
[2023-04-05 21:22:48,485] {processor.py:161} INFO - Processing /home/edinaldo/Documents/previsao_remuneracao/previsao_remuneracao/venv/lib/python3.10/site-packages/airflow/example_dags/example_complex.py took 0.150 seconds
[2023-04-05 21:23:27,864] {processor.py:153} INFO - Started process (PID=54143) to work on /home/edinaldo/Documents/previsao_remuneracao/previsao_remuneracao/venv/lib/python3.10/site-packages/airflow/example_dags/example_complex.py
[2023-04-05 21:23:27,870] {processor.py:641} INFO - Processing file /home/edinaldo/Documents/previsao_remuneracao/previsao_remuneracao/venv/lib/python3.10/site-packages/airflow/example_dags/example_complex.py for tasks to queue
[2023-04-05 21:23:27,870] {logging_mixin.py:115} INFO - [2023-04-05 21:23:27,870] {dagbag.py:507} INFO - Filling up the DagBag from /home/edinaldo/Documents/previsao_remuneracao/previsao_remuneracao/venv/lib/python3.10/site-packages/airflow/example_dags/example_complex.py
[2023-04-05 21:23:27,885] {processor.py:651} INFO - DAG(s) dict_keys(['example_complex']) retrieved from /home/edinaldo/Documents/previsao_remuneracao/previsao_remuneracao/venv/lib/python3.10/site-packages/airflow/example_dags/example_complex.py
[2023-04-05 21:23:27,907] {logging_mixin.py:115} INFO - [2023-04-05 21:23:27,907] {dag.py:2379} INFO - Sync 1 DAGs
[2023-04-05 21:23:27,926] {logging_mixin.py:115} INFO - [2023-04-05 21:23:27,926] {dag.py:2927} INFO - Setting next_dagrun for example_complex to None, run_after=None
[2023-04-05 21:23:28,028] {processor.py:161} INFO - Processing /home/edinaldo/Documents/previsao_remuneracao/previsao_remuneracao/venv/lib/python3.10/site-packages/airflow/example_dags/example_complex.py took 0.167 seconds
[2023-04-05 21:24:09,903] {processor.py:153} INFO - Started process (PID=54179) to work on /home/edinaldo/Documents/previsao_remuneracao/previsao_remuneracao/venv/lib/python3.10/site-packages/airflow/example_dags/example_complex.py
[2023-04-05 21:24:09,910] {processor.py:641} INFO - Processing file /home/edinaldo/Documents/previsao_remuneracao/previsao_remuneracao/venv/lib/python3.10/site-packages/airflow/example_dags/example_complex.py for tasks to queue
[2023-04-05 21:24:09,911] {logging_mixin.py:115} INFO - [2023-04-05 21:24:09,911] {dagbag.py:507} INFO - Filling up the DagBag from /home/edinaldo/Documents/previsao_remuneracao/previsao_remuneracao/venv/lib/python3.10/site-packages/airflow/example_dags/example_complex.py
[2023-04-05 21:24:09,932] {processor.py:651} INFO - DAG(s) dict_keys(['example_complex']) retrieved from /home/edinaldo/Documents/previsao_remuneracao/previsao_remuneracao/venv/lib/python3.10/site-packages/airflow/example_dags/example_complex.py
[2023-04-05 21:24:09,956] {logging_mixin.py:115} INFO - [2023-04-05 21:24:09,955] {dag.py:2379} INFO - Sync 1 DAGs
[2023-04-05 21:24:09,975] {logging_mixin.py:115} INFO - [2023-04-05 21:24:09,974] {dag.py:2927} INFO - Setting next_dagrun for example_complex to None, run_after=None
[2023-04-05 21:24:10,064] {processor.py:161} INFO - Processing /home/edinaldo/Documents/previsao_remuneracao/previsao_remuneracao/venv/lib/python3.10/site-packages/airflow/example_dags/example_complex.py took 0.165 seconds
[2023-04-05 21:24:51,630] {processor.py:153} INFO - Started process (PID=54379) to work on /home/edinaldo/Documents/previsao_remuneracao/previsao_remuneracao/venv/lib/python3.10/site-packages/airflow/example_dags/example_complex.py
[2023-04-05 21:24:51,644] {processor.py:641} INFO - Processing file /home/edinaldo/Documents/previsao_remuneracao/previsao_remuneracao/venv/lib/python3.10/site-packages/airflow/example_dags/example_complex.py for tasks to queue
[2023-04-05 21:24:51,646] {logging_mixin.py:115} INFO - [2023-04-05 21:24:51,646] {dagbag.py:507} INFO - Filling up the DagBag from /home/edinaldo/Documents/previsao_remuneracao/previsao_remuneracao/venv/lib/python3.10/site-packages/airflow/example_dags/example_complex.py
[2023-04-05 21:24:51,670] {processor.py:651} INFO - DAG(s) dict_keys(['example_complex']) retrieved from /home/edinaldo/Documents/previsao_remuneracao/previsao_remuneracao/venv/lib/python3.10/site-packages/airflow/example_dags/example_complex.py
[2023-04-05 21:24:51,713] {logging_mixin.py:115} INFO - [2023-04-05 21:24:51,713] {dag.py:2379} INFO - Sync 1 DAGs
[2023-04-05 21:24:51,768] {logging_mixin.py:115} INFO - [2023-04-05 21:24:51,768] {dag.py:2927} INFO - Setting next_dagrun for example_complex to None, run_after=None
[2023-04-05 21:24:51,913] {processor.py:161} INFO - Processing /home/edinaldo/Documents/previsao_remuneracao/previsao_remuneracao/venv/lib/python3.10/site-packages/airflow/example_dags/example_complex.py took 0.298 seconds
[2023-04-05 21:25:36,058] {processor.py:153} INFO - Started process (PID=54629) to work on /home/edinaldo/Documents/previsao_remuneracao/previsao_remuneracao/venv/lib/python3.10/site-packages/airflow/example_dags/example_complex.py
[2023-04-05 21:25:36,059] {processor.py:641} INFO - Processing file /home/edinaldo/Documents/previsao_remuneracao/previsao_remuneracao/venv/lib/python3.10/site-packages/airflow/example_dags/example_complex.py for tasks to queue
[2023-04-05 21:25:36,059] {logging_mixin.py:115} INFO - [2023-04-05 21:25:36,059] {dagbag.py:507} INFO - Filling up the DagBag from /home/edinaldo/Documents/previsao_remuneracao/previsao_remuneracao/venv/lib/python3.10/site-packages/airflow/example_dags/example_complex.py
[2023-04-05 21:25:36,073] {processor.py:651} INFO - DAG(s) dict_keys(['example_complex']) retrieved from /home/edinaldo/Documents/previsao_remuneracao/previsao_remuneracao/venv/lib/python3.10/site-packages/airflow/example_dags/example_complex.py
[2023-04-05 21:25:36,094] {logging_mixin.py:115} INFO - [2023-04-05 21:25:36,094] {dag.py:2379} INFO - Sync 1 DAGs
[2023-04-05 21:25:36,113] {logging_mixin.py:115} INFO - [2023-04-05 21:25:36,113] {dag.py:2927} INFO - Setting next_dagrun for example_complex to None, run_after=None
[2023-04-05 21:25:36,191] {processor.py:161} INFO - Processing /home/edinaldo/Documents/previsao_remuneracao/previsao_remuneracao/venv/lib/python3.10/site-packages/airflow/example_dags/example_complex.py took 0.136 seconds
[2023-04-05 21:26:14,573] {processor.py:153} INFO - Started process (PID=54852) to work on /home/edinaldo/Documents/previsao_remuneracao/previsao_remuneracao/venv/lib/python3.10/site-packages/airflow/example_dags/example_complex.py
[2023-04-05 21:26:14,575] {processor.py:641} INFO - Processing file /home/edinaldo/Documents/previsao_remuneracao/previsao_remuneracao/venv/lib/python3.10/site-packages/airflow/example_dags/example_complex.py for tasks to queue
[2023-04-05 21:26:14,577] {logging_mixin.py:115} INFO - [2023-04-05 21:26:14,576] {dagbag.py:507} INFO - Filling up the DagBag from /home/edinaldo/Documents/previsao_remuneracao/previsao_remuneracao/venv/lib/python3.10/site-packages/airflow/example_dags/example_complex.py
[2023-04-05 21:26:14,604] {processor.py:651} INFO - DAG(s) dict_keys(['example_complex']) retrieved from /home/edinaldo/Documents/previsao_remuneracao/previsao_remuneracao/venv/lib/python3.10/site-packages/airflow/example_dags/example_complex.py
[2023-04-05 21:26:14,649] {logging_mixin.py:115} INFO - [2023-04-05 21:26:14,649] {dag.py:2379} INFO - Sync 1 DAGs
[2023-04-05 21:26:14,685] {logging_mixin.py:115} INFO - [2023-04-05 21:26:14,684] {dag.py:2927} INFO - Setting next_dagrun for example_complex to None, run_after=None
[2023-04-05 21:26:14,758] {processor.py:161} INFO - Processing /home/edinaldo/Documents/previsao_remuneracao/previsao_remuneracao/venv/lib/python3.10/site-packages/airflow/example_dags/example_complex.py took 0.193 seconds
[2023-04-05 21:27:02,540] {processor.py:153} INFO - Started process (PID=55130) to work on /home/edinaldo/Documents/previsao_remuneracao/previsao_remuneracao/venv/lib/python3.10/site-packages/airflow/example_dags/example_complex.py
[2023-04-05 21:27:02,554] {processor.py:641} INFO - Processing file /home/edinaldo/Documents/previsao_remuneracao/previsao_remuneracao/venv/lib/python3.10/site-packages/airflow/example_dags/example_complex.py for tasks to queue
[2023-04-05 21:27:02,556] {logging_mixin.py:115} INFO - [2023-04-05 21:27:02,556] {dagbag.py:507} INFO - Filling up the DagBag from /home/edinaldo/Documents/previsao_remuneracao/previsao_remuneracao/venv/lib/python3.10/site-packages/airflow/example_dags/example_complex.py
[2023-04-05 21:27:02,589] {processor.py:651} INFO - DAG(s) dict_keys(['example_complex']) retrieved from /home/edinaldo/Documents/previsao_remuneracao/previsao_remuneracao/venv/lib/python3.10/site-packages/airflow/example_dags/example_complex.py
[2023-04-05 21:27:02,612] {logging_mixin.py:115} INFO - [2023-04-05 21:27:02,612] {dag.py:2379} INFO - Sync 1 DAGs
[2023-04-05 21:27:02,631] {logging_mixin.py:115} INFO - [2023-04-05 21:27:02,631] {dag.py:2927} INFO - Setting next_dagrun for example_complex to None, run_after=None
[2023-04-05 21:27:02,697] {processor.py:161} INFO - Processing /home/edinaldo/Documents/previsao_remuneracao/previsao_remuneracao/venv/lib/python3.10/site-packages/airflow/example_dags/example_complex.py took 0.167 seconds
[2023-04-05 21:27:43,566] {processor.py:153} INFO - Started process (PID=55415) to work on /home/edinaldo/Documents/previsao_remuneracao/previsao_remuneracao/venv/lib/python3.10/site-packages/airflow/example_dags/example_complex.py
[2023-04-05 21:27:43,571] {processor.py:641} INFO - Processing file /home/edinaldo/Documents/previsao_remuneracao/previsao_remuneracao/venv/lib/python3.10/site-packages/airflow/example_dags/example_complex.py for tasks to queue
[2023-04-05 21:27:43,573] {logging_mixin.py:115} INFO - [2023-04-05 21:27:43,573] {dagbag.py:507} INFO - Filling up the DagBag from /home/edinaldo/Documents/previsao_remuneracao/previsao_remuneracao/venv/lib/python3.10/site-packages/airflow/example_dags/example_complex.py
[2023-04-05 21:27:43,623] {processor.py:651} INFO - DAG(s) dict_keys(['example_complex']) retrieved from /home/edinaldo/Documents/previsao_remuneracao/previsao_remuneracao/venv/lib/python3.10/site-packages/airflow/example_dags/example_complex.py
[2023-04-05 21:27:43,657] {logging_mixin.py:115} INFO - [2023-04-05 21:27:43,657] {dag.py:2379} INFO - Sync 1 DAGs
[2023-04-05 21:27:43,690] {logging_mixin.py:115} INFO - [2023-04-05 21:27:43,690] {dag.py:2927} INFO - Setting next_dagrun for example_complex to None, run_after=None
[2023-04-05 21:27:43,771] {processor.py:161} INFO - Processing /home/edinaldo/Documents/previsao_remuneracao/previsao_remuneracao/venv/lib/python3.10/site-packages/airflow/example_dags/example_complex.py took 0.219 seconds
[2023-04-05 21:28:36,365] {processor.py:153} INFO - Started process (PID=55586) to work on /home/edinaldo/Documents/previsao_remuneracao/previsao_remuneracao/venv/lib/python3.10/site-packages/airflow/example_dags/example_complex.py
[2023-04-05 21:28:36,386] {processor.py:641} INFO - Processing file /home/edinaldo/Documents/previsao_remuneracao/previsao_remuneracao/venv/lib/python3.10/site-packages/airflow/example_dags/example_complex.py for tasks to queue
[2023-04-05 21:28:36,387] {logging_mixin.py:115} INFO - [2023-04-05 21:28:36,387] {dagbag.py:507} INFO - Filling up the DagBag from /home/edinaldo/Documents/previsao_remuneracao/previsao_remuneracao/venv/lib/python3.10/site-packages/airflow/example_dags/example_complex.py
[2023-04-05 21:28:36,412] {processor.py:651} INFO - DAG(s) dict_keys(['example_complex']) retrieved from /home/edinaldo/Documents/previsao_remuneracao/previsao_remuneracao/venv/lib/python3.10/site-packages/airflow/example_dags/example_complex.py
[2023-04-05 21:28:36,457] {logging_mixin.py:115} INFO - [2023-04-05 21:28:36,457] {dag.py:2379} INFO - Sync 1 DAGs
[2023-04-05 21:28:36,488] {logging_mixin.py:115} INFO - [2023-04-05 21:28:36,488] {dag.py:2927} INFO - Setting next_dagrun for example_complex to None, run_after=None
[2023-04-05 21:28:36,560] {processor.py:161} INFO - Processing /home/edinaldo/Documents/previsao_remuneracao/previsao_remuneracao/venv/lib/python3.10/site-packages/airflow/example_dags/example_complex.py took 0.200 seconds
[2023-04-05 21:29:18,376] {processor.py:153} INFO - Started process (PID=55621) to work on /home/edinaldo/Documents/previsao_remuneracao/previsao_remuneracao/venv/lib/python3.10/site-packages/airflow/example_dags/example_complex.py
[2023-04-05 21:29:18,385] {processor.py:641} INFO - Processing file /home/edinaldo/Documents/previsao_remuneracao/previsao_remuneracao/venv/lib/python3.10/site-packages/airflow/example_dags/example_complex.py for tasks to queue
[2023-04-05 21:29:18,387] {logging_mixin.py:115} INFO - [2023-04-05 21:29:18,386] {dagbag.py:507} INFO - Filling up the DagBag from /home/edinaldo/Documents/previsao_remuneracao/previsao_remuneracao/venv/lib/python3.10/site-packages/airflow/example_dags/example_complex.py
[2023-04-05 21:29:18,408] {processor.py:651} INFO - DAG(s) dict_keys(['example_complex']) retrieved from /home/edinaldo/Documents/previsao_remuneracao/previsao_remuneracao/venv/lib/python3.10/site-packages/airflow/example_dags/example_complex.py
[2023-04-05 21:29:18,442] {logging_mixin.py:115} INFO - [2023-04-05 21:29:18,441] {dag.py:2379} INFO - Sync 1 DAGs
[2023-04-05 21:29:18,469] {logging_mixin.py:115} INFO - [2023-04-05 21:29:18,469] {dag.py:2927} INFO - Setting next_dagrun for example_complex to None, run_after=None
[2023-04-05 21:29:18,541] {processor.py:161} INFO - Processing /home/edinaldo/Documents/previsao_remuneracao/previsao_remuneracao/venv/lib/python3.10/site-packages/airflow/example_dags/example_complex.py took 0.169 seconds
[2023-04-05 21:30:02,617] {processor.py:153} INFO - Started process (PID=55663) to work on /home/edinaldo/Documents/previsao_remuneracao/previsao_remuneracao/venv/lib/python3.10/site-packages/airflow/example_dags/example_complex.py
[2023-04-05 21:30:02,631] {processor.py:641} INFO - Processing file /home/edinaldo/Documents/previsao_remuneracao/previsao_remuneracao/venv/lib/python3.10/site-packages/airflow/example_dags/example_complex.py for tasks to queue
[2023-04-05 21:30:02,632] {logging_mixin.py:115} INFO - [2023-04-05 21:30:02,632] {dagbag.py:507} INFO - Filling up the DagBag from /home/edinaldo/Documents/previsao_remuneracao/previsao_remuneracao/venv/lib/python3.10/site-packages/airflow/example_dags/example_complex.py
[2023-04-05 21:30:02,664] {processor.py:651} INFO - DAG(s) dict_keys(['example_complex']) retrieved from /home/edinaldo/Documents/previsao_remuneracao/previsao_remuneracao/venv/lib/python3.10/site-packages/airflow/example_dags/example_complex.py
[2023-04-05 21:30:02,704] {logging_mixin.py:115} INFO - [2023-04-05 21:30:02,703] {dag.py:2379} INFO - Sync 1 DAGs
[2023-04-05 21:30:02,736] {logging_mixin.py:115} INFO - [2023-04-05 21:30:02,736] {dag.py:2927} INFO - Setting next_dagrun for example_complex to None, run_after=None
[2023-04-05 21:30:02,819] {processor.py:161} INFO - Processing /home/edinaldo/Documents/previsao_remuneracao/previsao_remuneracao/venv/lib/python3.10/site-packages/airflow/example_dags/example_complex.py took 0.206 seconds
[2023-04-05 21:30:41,973] {processor.py:153} INFO - Started process (PID=55698) to work on /home/edinaldo/Documents/previsao_remuneracao/previsao_remuneracao/venv/lib/python3.10/site-packages/airflow/example_dags/example_complex.py
[2023-04-05 21:30:41,984] {processor.py:641} INFO - Processing file /home/edinaldo/Documents/previsao_remuneracao/previsao_remuneracao/venv/lib/python3.10/site-packages/airflow/example_dags/example_complex.py for tasks to queue
[2023-04-05 21:30:41,985] {logging_mixin.py:115} INFO - [2023-04-05 21:30:41,984] {dagbag.py:507} INFO - Filling up the DagBag from /home/edinaldo/Documents/previsao_remuneracao/previsao_remuneracao/venv/lib/python3.10/site-packages/airflow/example_dags/example_complex.py
[2023-04-05 21:30:42,005] {processor.py:651} INFO - DAG(s) dict_keys(['example_complex']) retrieved from /home/edinaldo/Documents/previsao_remuneracao/previsao_remuneracao/venv/lib/python3.10/site-packages/airflow/example_dags/example_complex.py
[2023-04-05 21:30:42,030] {logging_mixin.py:115} INFO - [2023-04-05 21:30:42,030] {dag.py:2379} INFO - Sync 1 DAGs
[2023-04-05 21:30:42,055] {logging_mixin.py:115} INFO - [2023-04-05 21:30:42,054] {dag.py:2927} INFO - Setting next_dagrun for example_complex to None, run_after=None
[2023-04-05 21:30:42,124] {processor.py:161} INFO - Processing /home/edinaldo/Documents/previsao_remuneracao/previsao_remuneracao/venv/lib/python3.10/site-packages/airflow/example_dags/example_complex.py took 0.157 seconds
[2023-04-05 21:31:17,863] {processor.py:153} INFO - Started process (PID=55755) to work on /home/edinaldo/Documents/previsao_remuneracao/previsao_remuneracao/venv/lib/python3.10/site-packages/airflow/example_dags/example_complex.py
[2023-04-05 21:31:17,872] {processor.py:641} INFO - Processing file /home/edinaldo/Documents/previsao_remuneracao/previsao_remuneracao/venv/lib/python3.10/site-packages/airflow/example_dags/example_complex.py for tasks to queue
[2023-04-05 21:31:17,873] {logging_mixin.py:115} INFO - [2023-04-05 21:31:17,873] {dagbag.py:507} INFO - Filling up the DagBag from /home/edinaldo/Documents/previsao_remuneracao/previsao_remuneracao/venv/lib/python3.10/site-packages/airflow/example_dags/example_complex.py
[2023-04-05 21:31:17,889] {processor.py:651} INFO - DAG(s) dict_keys(['example_complex']) retrieved from /home/edinaldo/Documents/previsao_remuneracao/previsao_remuneracao/venv/lib/python3.10/site-packages/airflow/example_dags/example_complex.py
[2023-04-05 21:31:17,914] {logging_mixin.py:115} INFO - [2023-04-05 21:31:17,914] {dag.py:2379} INFO - Sync 1 DAGs
[2023-04-05 21:31:17,939] {logging_mixin.py:115} INFO - [2023-04-05 21:31:17,938] {dag.py:2927} INFO - Setting next_dagrun for example_complex to None, run_after=None
[2023-04-05 21:31:18,011] {processor.py:161} INFO - Processing /home/edinaldo/Documents/previsao_remuneracao/previsao_remuneracao/venv/lib/python3.10/site-packages/airflow/example_dags/example_complex.py took 0.153 seconds
[2023-04-05 21:32:06,990] {processor.py:153} INFO - Started process (PID=55999) to work on /home/edinaldo/Documents/previsao_remuneracao/previsao_remuneracao/venv/lib/python3.10/site-packages/airflow/example_dags/example_complex.py
[2023-04-05 21:32:07,023] {processor.py:641} INFO - Processing file /home/edinaldo/Documents/previsao_remuneracao/previsao_remuneracao/venv/lib/python3.10/site-packages/airflow/example_dags/example_complex.py for tasks to queue
[2023-04-05 21:32:07,025] {logging_mixin.py:115} INFO - [2023-04-05 21:32:07,025] {dagbag.py:507} INFO - Filling up the DagBag from /home/edinaldo/Documents/previsao_remuneracao/previsao_remuneracao/venv/lib/python3.10/site-packages/airflow/example_dags/example_complex.py
[2023-04-05 21:32:07,102] {processor.py:651} INFO - DAG(s) dict_keys(['example_complex']) retrieved from /home/edinaldo/Documents/previsao_remuneracao/previsao_remuneracao/venv/lib/python3.10/site-packages/airflow/example_dags/example_complex.py
[2023-04-05 21:32:07,151] {logging_mixin.py:115} INFO - [2023-04-05 21:32:07,151] {dag.py:2379} INFO - Sync 1 DAGs
[2023-04-05 21:32:07,182] {logging_mixin.py:115} INFO - [2023-04-05 21:32:07,181] {dag.py:2927} INFO - Setting next_dagrun for example_complex to None, run_after=None
[2023-04-05 21:32:07,259] {processor.py:161} INFO - Processing /home/edinaldo/Documents/previsao_remuneracao/previsao_remuneracao/venv/lib/python3.10/site-packages/airflow/example_dags/example_complex.py took 0.280 seconds
[2023-04-05 21:32:56,179] {processor.py:153} INFO - Started process (PID=56092) to work on /home/edinaldo/Documents/previsao_remuneracao/previsao_remuneracao/venv/lib/python3.10/site-packages/airflow/example_dags/example_complex.py
[2023-04-05 21:32:56,206] {processor.py:641} INFO - Processing file /home/edinaldo/Documents/previsao_remuneracao/previsao_remuneracao/venv/lib/python3.10/site-packages/airflow/example_dags/example_complex.py for tasks to queue
[2023-04-05 21:32:56,207] {logging_mixin.py:115} INFO - [2023-04-05 21:32:56,207] {dagbag.py:507} INFO - Filling up the DagBag from /home/edinaldo/Documents/previsao_remuneracao/previsao_remuneracao/venv/lib/python3.10/site-packages/airflow/example_dags/example_complex.py
[2023-04-05 21:32:56,258] {processor.py:651} INFO - DAG(s) dict_keys(['example_complex']) retrieved from /home/edinaldo/Documents/previsao_remuneracao/previsao_remuneracao/venv/lib/python3.10/site-packages/airflow/example_dags/example_complex.py
[2023-04-05 21:32:56,305] {logging_mixin.py:115} INFO - [2023-04-05 21:32:56,305] {dag.py:2379} INFO - Sync 1 DAGs
[2023-04-05 21:32:56,341] {logging_mixin.py:115} INFO - [2023-04-05 21:32:56,341] {dag.py:2927} INFO - Setting next_dagrun for example_complex to None, run_after=None
[2023-04-05 21:32:56,432] {processor.py:161} INFO - Processing /home/edinaldo/Documents/previsao_remuneracao/previsao_remuneracao/venv/lib/python3.10/site-packages/airflow/example_dags/example_complex.py took 0.258 seconds
[2023-04-05 21:33:37,329] {processor.py:153} INFO - Started process (PID=56139) to work on /home/edinaldo/Documents/previsao_remuneracao/previsao_remuneracao/venv/lib/python3.10/site-packages/airflow/example_dags/example_complex.py
[2023-04-05 21:33:37,330] {processor.py:641} INFO - Processing file /home/edinaldo/Documents/previsao_remuneracao/previsao_remuneracao/venv/lib/python3.10/site-packages/airflow/example_dags/example_complex.py for tasks to queue
[2023-04-05 21:33:37,331] {logging_mixin.py:115} INFO - [2023-04-05 21:33:37,331] {dagbag.py:507} INFO - Filling up the DagBag from /home/edinaldo/Documents/previsao_remuneracao/previsao_remuneracao/venv/lib/python3.10/site-packages/airflow/example_dags/example_complex.py
[2023-04-05 21:33:37,356] {processor.py:651} INFO - DAG(s) dict_keys(['example_complex']) retrieved from /home/edinaldo/Documents/previsao_remuneracao/previsao_remuneracao/venv/lib/python3.10/site-packages/airflow/example_dags/example_complex.py
[2023-04-05 21:33:37,403] {logging_mixin.py:115} INFO - [2023-04-05 21:33:37,403] {dag.py:2379} INFO - Sync 1 DAGs
[2023-04-05 21:33:37,436] {logging_mixin.py:115} INFO - [2023-04-05 21:33:37,436] {dag.py:2927} INFO - Setting next_dagrun for example_complex to None, run_after=None
[2023-04-05 21:33:37,518] {processor.py:161} INFO - Processing /home/edinaldo/Documents/previsao_remuneracao/previsao_remuneracao/venv/lib/python3.10/site-packages/airflow/example_dags/example_complex.py took 0.196 seconds
[2023-04-05 21:34:17,881] {processor.py:153} INFO - Started process (PID=56196) to work on /home/edinaldo/Documents/previsao_remuneracao/previsao_remuneracao/venv/lib/python3.10/site-packages/airflow/example_dags/example_complex.py
[2023-04-05 21:34:17,894] {processor.py:641} INFO - Processing file /home/edinaldo/Documents/previsao_remuneracao/previsao_remuneracao/venv/lib/python3.10/site-packages/airflow/example_dags/example_complex.py for tasks to queue
[2023-04-05 21:34:17,895] {logging_mixin.py:115} INFO - [2023-04-05 21:34:17,895] {dagbag.py:507} INFO - Filling up the DagBag from /home/edinaldo/Documents/previsao_remuneracao/previsao_remuneracao/venv/lib/python3.10/site-packages/airflow/example_dags/example_complex.py
[2023-04-05 21:34:17,914] {processor.py:651} INFO - DAG(s) dict_keys(['example_complex']) retrieved from /home/edinaldo/Documents/previsao_remuneracao/previsao_remuneracao/venv/lib/python3.10/site-packages/airflow/example_dags/example_complex.py
[2023-04-05 21:34:17,944] {logging_mixin.py:115} INFO - [2023-04-05 21:34:17,943] {dag.py:2379} INFO - Sync 1 DAGs
[2023-04-05 21:34:17,969] {logging_mixin.py:115} INFO - [2023-04-05 21:34:17,969] {dag.py:2927} INFO - Setting next_dagrun for example_complex to None, run_after=None
[2023-04-05 21:34:18,045] {processor.py:161} INFO - Processing /home/edinaldo/Documents/previsao_remuneracao/previsao_remuneracao/venv/lib/python3.10/site-packages/airflow/example_dags/example_complex.py took 0.169 seconds
[2023-04-05 21:34:59,110] {processor.py:153} INFO - Started process (PID=56250) to work on /home/edinaldo/Documents/previsao_remuneracao/previsao_remuneracao/venv/lib/python3.10/site-packages/airflow/example_dags/example_complex.py
[2023-04-05 21:34:59,119] {processor.py:641} INFO - Processing file /home/edinaldo/Documents/previsao_remuneracao/previsao_remuneracao/venv/lib/python3.10/site-packages/airflow/example_dags/example_complex.py for tasks to queue
[2023-04-05 21:34:59,120] {logging_mixin.py:115} INFO - [2023-04-05 21:34:59,120] {dagbag.py:507} INFO - Filling up the DagBag from /home/edinaldo/Documents/previsao_remuneracao/previsao_remuneracao/venv/lib/python3.10/site-packages/airflow/example_dags/example_complex.py
[2023-04-05 21:34:59,138] {processor.py:651} INFO - DAG(s) dict_keys(['example_complex']) retrieved from /home/edinaldo/Documents/previsao_remuneracao/previsao_remuneracao/venv/lib/python3.10/site-packages/airflow/example_dags/example_complex.py
[2023-04-05 21:34:59,169] {logging_mixin.py:115} INFO - [2023-04-05 21:34:59,169] {dag.py:2379} INFO - Sync 1 DAGs
[2023-04-05 21:34:59,204] {logging_mixin.py:115} INFO - [2023-04-05 21:34:59,203] {dag.py:2927} INFO - Setting next_dagrun for example_complex to None, run_after=None
[2023-04-05 21:34:59,297] {processor.py:161} INFO - Processing /home/edinaldo/Documents/previsao_remuneracao/previsao_remuneracao/venv/lib/python3.10/site-packages/airflow/example_dags/example_complex.py took 0.194 seconds
[2023-04-05 21:35:54,403] {processor.py:153} INFO - Started process (PID=56466) to work on /home/edinaldo/Documents/previsao_remuneracao/previsao_remuneracao/venv/lib/python3.10/site-packages/airflow/example_dags/example_complex.py
[2023-04-05 21:35:54,439] {processor.py:641} INFO - Processing file /home/edinaldo/Documents/previsao_remuneracao/previsao_remuneracao/venv/lib/python3.10/site-packages/airflow/example_dags/example_complex.py for tasks to queue
[2023-04-05 21:35:54,440] {logging_mixin.py:115} INFO - [2023-04-05 21:35:54,439] {dagbag.py:507} INFO - Filling up the DagBag from /home/edinaldo/Documents/previsao_remuneracao/previsao_remuneracao/venv/lib/python3.10/site-packages/airflow/example_dags/example_complex.py
[2023-04-05 21:35:54,666] {processor.py:651} INFO - DAG(s) dict_keys(['example_complex']) retrieved from /home/edinaldo/Documents/previsao_remuneracao/previsao_remuneracao/venv/lib/python3.10/site-packages/airflow/example_dags/example_complex.py
[2023-04-05 21:35:54,864] {logging_mixin.py:115} INFO - [2023-04-05 21:35:54,864] {dag.py:2379} INFO - Sync 1 DAGs
[2023-04-05 21:35:55,159] {logging_mixin.py:115} INFO - [2023-04-05 21:35:55,159] {dag.py:2927} INFO - Setting next_dagrun for example_complex to None, run_after=None
[2023-04-05 21:35:55,609] {processor.py:161} INFO - Processing /home/edinaldo/Documents/previsao_remuneracao/previsao_remuneracao/venv/lib/python3.10/site-packages/airflow/example_dags/example_complex.py took 1.210 seconds
[2023-04-05 21:37:30,254] {processor.py:153} INFO - Started process (PID=56818) to work on /home/edinaldo/Documents/previsao_remuneracao/previsao_remuneracao/venv/lib/python3.10/site-packages/airflow/example_dags/example_complex.py
[2023-04-05 21:37:30,283] {processor.py:641} INFO - Processing file /home/edinaldo/Documents/previsao_remuneracao/previsao_remuneracao/venv/lib/python3.10/site-packages/airflow/example_dags/example_complex.py for tasks to queue
[2023-04-05 21:37:30,285] {logging_mixin.py:115} INFO - [2023-04-05 21:37:30,284] {dagbag.py:507} INFO - Filling up the DagBag from /home/edinaldo/Documents/previsao_remuneracao/previsao_remuneracao/venv/lib/python3.10/site-packages/airflow/example_dags/example_complex.py
[2023-04-05 21:37:30,362] {processor.py:651} INFO - DAG(s) dict_keys(['example_complex']) retrieved from /home/edinaldo/Documents/previsao_remuneracao/previsao_remuneracao/venv/lib/python3.10/site-packages/airflow/example_dags/example_complex.py
[2023-04-05 21:37:30,406] {logging_mixin.py:115} INFO - [2023-04-05 21:37:30,406] {dag.py:2379} INFO - Sync 1 DAGs
[2023-04-05 21:37:30,433] {logging_mixin.py:115} INFO - [2023-04-05 21:37:30,433] {dag.py:2927} INFO - Setting next_dagrun for example_complex to None, run_after=None
[2023-04-05 21:37:30,511] {processor.py:161} INFO - Processing /home/edinaldo/Documents/previsao_remuneracao/previsao_remuneracao/venv/lib/python3.10/site-packages/airflow/example_dags/example_complex.py took 0.268 seconds
[2023-04-05 21:38:32,158] {processor.py:153} INFO - Started process (PID=57055) to work on /home/edinaldo/Documents/previsao_remuneracao/previsao_remuneracao/venv/lib/python3.10/site-packages/airflow/example_dags/example_complex.py
[2023-04-05 21:38:32,186] {processor.py:641} INFO - Processing file /home/edinaldo/Documents/previsao_remuneracao/previsao_remuneracao/venv/lib/python3.10/site-packages/airflow/example_dags/example_complex.py for tasks to queue
[2023-04-05 21:38:32,188] {logging_mixin.py:115} INFO - [2023-04-05 21:38:32,188] {dagbag.py:507} INFO - Filling up the DagBag from /home/edinaldo/Documents/previsao_remuneracao/previsao_remuneracao/venv/lib/python3.10/site-packages/airflow/example_dags/example_complex.py
[2023-04-05 21:38:32,243] {processor.py:651} INFO - DAG(s) dict_keys(['example_complex']) retrieved from /home/edinaldo/Documents/previsao_remuneracao/previsao_remuneracao/venv/lib/python3.10/site-packages/airflow/example_dags/example_complex.py
[2023-04-05 21:38:32,267] {logging_mixin.py:115} INFO - [2023-04-05 21:38:32,267] {dag.py:2379} INFO - Sync 1 DAGs
[2023-04-05 21:38:32,286] {logging_mixin.py:115} INFO - [2023-04-05 21:38:32,286] {dag.py:2927} INFO - Setting next_dagrun for example_complex to None, run_after=None
[2023-04-05 21:38:32,369] {processor.py:161} INFO - Processing /home/edinaldo/Documents/previsao_remuneracao/previsao_remuneracao/venv/lib/python3.10/site-packages/airflow/example_dags/example_complex.py took 0.222 seconds
[2023-04-05 21:39:56,271] {processor.py:153} INFO - Started process (PID=57496) to work on /home/edinaldo/Documents/previsao_remuneracao/previsao_remuneracao/venv/lib/python3.10/site-packages/airflow/example_dags/example_complex.py
[2023-04-05 21:39:56,283] {processor.py:641} INFO - Processing file /home/edinaldo/Documents/previsao_remuneracao/previsao_remuneracao/venv/lib/python3.10/site-packages/airflow/example_dags/example_complex.py for tasks to queue
[2023-04-05 21:39:56,285] {logging_mixin.py:115} INFO - [2023-04-05 21:39:56,285] {dagbag.py:507} INFO - Filling up the DagBag from /home/edinaldo/Documents/previsao_remuneracao/previsao_remuneracao/venv/lib/python3.10/site-packages/airflow/example_dags/example_complex.py
[2023-04-05 21:39:56,339] {processor.py:651} INFO - DAG(s) dict_keys(['example_complex']) retrieved from /home/edinaldo/Documents/previsao_remuneracao/previsao_remuneracao/venv/lib/python3.10/site-packages/airflow/example_dags/example_complex.py
[2023-04-05 21:39:56,361] {logging_mixin.py:115} INFO - [2023-04-05 21:39:56,361] {dag.py:2379} INFO - Sync 1 DAGs
[2023-04-05 21:39:56,380] {logging_mixin.py:115} INFO - [2023-04-05 21:39:56,380] {dag.py:2927} INFO - Setting next_dagrun for example_complex to None, run_after=None
[2023-04-05 21:39:56,464] {processor.py:161} INFO - Processing /home/edinaldo/Documents/previsao_remuneracao/previsao_remuneracao/venv/lib/python3.10/site-packages/airflow/example_dags/example_complex.py took 0.204 seconds
[2023-04-05 21:40:37,416] {processor.py:153} INFO - Started process (PID=57696) to work on /home/edinaldo/Documents/previsao_remuneracao/previsao_remuneracao/venv/lib/python3.10/site-packages/airflow/example_dags/example_complex.py
[2023-04-05 21:40:37,430] {processor.py:641} INFO - Processing file /home/edinaldo/Documents/previsao_remuneracao/previsao_remuneracao/venv/lib/python3.10/site-packages/airflow/example_dags/example_complex.py for tasks to queue
[2023-04-05 21:40:37,431] {logging_mixin.py:115} INFO - [2023-04-05 21:40:37,430] {dagbag.py:507} INFO - Filling up the DagBag from /home/edinaldo/Documents/previsao_remuneracao/previsao_remuneracao/venv/lib/python3.10/site-packages/airflow/example_dags/example_complex.py
[2023-04-05 21:40:37,462] {processor.py:651} INFO - DAG(s) dict_keys(['example_complex']) retrieved from /home/edinaldo/Documents/previsao_remuneracao/previsao_remuneracao/venv/lib/python3.10/site-packages/airflow/example_dags/example_complex.py
[2023-04-05 21:40:37,486] {logging_mixin.py:115} INFO - [2023-04-05 21:40:37,486] {dag.py:2379} INFO - Sync 1 DAGs
[2023-04-05 21:40:37,505] {logging_mixin.py:115} INFO - [2023-04-05 21:40:37,505] {dag.py:2927} INFO - Setting next_dagrun for example_complex to None, run_after=None
[2023-04-05 21:40:37,622] {processor.py:161} INFO - Processing /home/edinaldo/Documents/previsao_remuneracao/previsao_remuneracao/venv/lib/python3.10/site-packages/airflow/example_dags/example_complex.py took 0.214 seconds
[2023-04-05 21:41:21,484] {processor.py:153} INFO - Started process (PID=57946) to work on /home/edinaldo/Documents/previsao_remuneracao/previsao_remuneracao/venv/lib/python3.10/site-packages/airflow/example_dags/example_complex.py
[2023-04-05 21:41:21,485] {processor.py:641} INFO - Processing file /home/edinaldo/Documents/previsao_remuneracao/previsao_remuneracao/venv/lib/python3.10/site-packages/airflow/example_dags/example_complex.py for tasks to queue
[2023-04-05 21:41:21,486] {logging_mixin.py:115} INFO - [2023-04-05 21:41:21,486] {dagbag.py:507} INFO - Filling up the DagBag from /home/edinaldo/Documents/previsao_remuneracao/previsao_remuneracao/venv/lib/python3.10/site-packages/airflow/example_dags/example_complex.py
[2023-04-05 21:41:21,501] {processor.py:651} INFO - DAG(s) dict_keys(['example_complex']) retrieved from /home/edinaldo/Documents/previsao_remuneracao/previsao_remuneracao/venv/lib/python3.10/site-packages/airflow/example_dags/example_complex.py
[2023-04-05 21:41:21,523] {logging_mixin.py:115} INFO - [2023-04-05 21:41:21,522] {dag.py:2379} INFO - Sync 1 DAGs
[2023-04-05 21:41:21,544] {logging_mixin.py:115} INFO - [2023-04-05 21:41:21,544] {dag.py:2927} INFO - Setting next_dagrun for example_complex to None, run_after=None
[2023-04-05 21:41:21,653] {processor.py:161} INFO - Processing /home/edinaldo/Documents/previsao_remuneracao/previsao_remuneracao/venv/lib/python3.10/site-packages/airflow/example_dags/example_complex.py took 0.174 seconds
[2023-04-05 21:42:06,196] {processor.py:153} INFO - Started process (PID=58222) to work on /home/edinaldo/Documents/previsao_remuneracao/previsao_remuneracao/venv/lib/python3.10/site-packages/airflow/example_dags/example_complex.py
[2023-04-05 21:42:06,199] {processor.py:641} INFO - Processing file /home/edinaldo/Documents/previsao_remuneracao/previsao_remuneracao/venv/lib/python3.10/site-packages/airflow/example_dags/example_complex.py for tasks to queue
[2023-04-05 21:42:06,201] {logging_mixin.py:115} INFO - [2023-04-05 21:42:06,201] {dagbag.py:507} INFO - Filling up the DagBag from /home/edinaldo/Documents/previsao_remuneracao/previsao_remuneracao/venv/lib/python3.10/site-packages/airflow/example_dags/example_complex.py
[2023-04-05 21:42:06,222] {processor.py:651} INFO - DAG(s) dict_keys(['example_complex']) retrieved from /home/edinaldo/Documents/previsao_remuneracao/previsao_remuneracao/venv/lib/python3.10/site-packages/airflow/example_dags/example_complex.py
[2023-04-05 21:42:06,244] {logging_mixin.py:115} INFO - [2023-04-05 21:42:06,244] {dag.py:2379} INFO - Sync 1 DAGs
[2023-04-05 21:42:06,263] {logging_mixin.py:115} INFO - [2023-04-05 21:42:06,263] {dag.py:2927} INFO - Setting next_dagrun for example_complex to None, run_after=None
[2023-04-05 21:42:06,332] {processor.py:161} INFO - Processing /home/edinaldo/Documents/previsao_remuneracao/previsao_remuneracao/venv/lib/python3.10/site-packages/airflow/example_dags/example_complex.py took 0.145 seconds
[2023-04-05 21:42:52,924] {processor.py:153} INFO - Started process (PID=58480) to work on /home/edinaldo/Documents/previsao_remuneracao/previsao_remuneracao/venv/lib/python3.10/site-packages/airflow/example_dags/example_complex.py
[2023-04-05 21:42:52,951] {processor.py:641} INFO - Processing file /home/edinaldo/Documents/previsao_remuneracao/previsao_remuneracao/venv/lib/python3.10/site-packages/airflow/example_dags/example_complex.py for tasks to queue
[2023-04-05 21:42:52,953] {logging_mixin.py:115} INFO - [2023-04-05 21:42:52,953] {dagbag.py:507} INFO - Filling up the DagBag from /home/edinaldo/Documents/previsao_remuneracao/previsao_remuneracao/venv/lib/python3.10/site-packages/airflow/example_dags/example_complex.py
[2023-04-05 21:42:53,081] {processor.py:651} INFO - DAG(s) dict_keys(['example_complex']) retrieved from /home/edinaldo/Documents/previsao_remuneracao/previsao_remuneracao/venv/lib/python3.10/site-packages/airflow/example_dags/example_complex.py
[2023-04-05 21:42:53,163] {logging_mixin.py:115} INFO - [2023-04-05 21:42:53,163] {dag.py:2379} INFO - Sync 1 DAGs
[2023-04-05 21:42:53,256] {logging_mixin.py:115} INFO - [2023-04-05 21:42:53,255] {dag.py:2927} INFO - Setting next_dagrun for example_complex to None, run_after=None
[2023-04-05 21:42:53,406] {processor.py:161} INFO - Processing /home/edinaldo/Documents/previsao_remuneracao/previsao_remuneracao/venv/lib/python3.10/site-packages/airflow/example_dags/example_complex.py took 0.495 seconds
