[2023-04-05 21:00:38,304] {processor.py:153} INFO - Started process (PID=52160) to work on /home/edinaldo/Documents/previsao_remuneracao/previsao_remuneracao/venv/lib/python3.10/site-packages/airflow/example_dags/example_branch_datetime_operator.py
[2023-04-05 21:00:38,307] {processor.py:641} INFO - Processing file /home/edinaldo/Documents/previsao_remuneracao/previsao_remuneracao/venv/lib/python3.10/site-packages/airflow/example_dags/example_branch_datetime_operator.py for tasks to queue
[2023-04-05 21:00:38,309] {logging_mixin.py:115} INFO - [2023-04-05 21:00:38,309] {dagbag.py:507} INFO - Filling up the DagBag from /home/edinaldo/Documents/previsao_remuneracao/previsao_remuneracao/venv/lib/python3.10/site-packages/airflow/example_dags/example_branch_datetime_operator.py
[2023-04-05 21:00:38,886] {processor.py:651} INFO - DAG(s) dict_keys(['example_branch_datetime_operator_2']) retrieved from /home/edinaldo/Documents/previsao_remuneracao/previsao_remuneracao/venv/lib/python3.10/site-packages/airflow/example_dags/example_branch_datetime_operator.py
[2023-04-05 21:00:38,931] {logging_mixin.py:115} INFO - [2023-04-05 21:00:38,931] {dag.py:2379} INFO - Sync 1 DAGs
[2023-04-05 21:00:39,113] {logging_mixin.py:115} INFO - [2023-04-05 21:00:39,113] {dag.py:2927} INFO - Setting next_dagrun for example_branch_datetime_operator_2 to 2023-04-05T00:00:00+00:00, run_after=2023-04-06T00:00:00+00:00
[2023-04-05 21:00:39,399] {processor.py:161} INFO - Processing /home/edinaldo/Documents/previsao_remuneracao/previsao_remuneracao/venv/lib/python3.10/site-packages/airflow/example_dags/example_branch_datetime_operator.py took 1.111 seconds
[2023-04-05 21:01:24,493] {processor.py:153} INFO - Started process (PID=52211) to work on /home/edinaldo/Documents/previsao_remuneracao/previsao_remuneracao/venv/lib/python3.10/site-packages/airflow/example_dags/example_branch_datetime_operator.py
[2023-04-05 21:01:24,503] {processor.py:641} INFO - Processing file /home/edinaldo/Documents/previsao_remuneracao/previsao_remuneracao/venv/lib/python3.10/site-packages/airflow/example_dags/example_branch_datetime_operator.py for tasks to queue
[2023-04-05 21:01:24,504] {logging_mixin.py:115} INFO - [2023-04-05 21:01:24,504] {dagbag.py:507} INFO - Filling up the DagBag from /home/edinaldo/Documents/previsao_remuneracao/previsao_remuneracao/venv/lib/python3.10/site-packages/airflow/example_dags/example_branch_datetime_operator.py
[2023-04-05 21:01:24,515] {processor.py:651} INFO - DAG(s) dict_keys(['example_branch_datetime_operator_2']) retrieved from /home/edinaldo/Documents/previsao_remuneracao/previsao_remuneracao/venv/lib/python3.10/site-packages/airflow/example_dags/example_branch_datetime_operator.py
[2023-04-05 21:01:24,533] {logging_mixin.py:115} INFO - [2023-04-05 21:01:24,533] {dag.py:2379} INFO - Sync 1 DAGs
[2023-04-05 21:01:24,554] {logging_mixin.py:115} INFO - [2023-04-05 21:01:24,554] {dag.py:2927} INFO - Setting next_dagrun for example_branch_datetime_operator_2 to 2023-04-05T00:00:00+00:00, run_after=2023-04-06T00:00:00+00:00
[2023-04-05 21:01:24,652] {processor.py:161} INFO - Processing /home/edinaldo/Documents/previsao_remuneracao/previsao_remuneracao/venv/lib/python3.10/site-packages/airflow/example_dags/example_branch_datetime_operator.py took 0.163 seconds
[2023-04-05 21:02:13,388] {processor.py:153} INFO - Started process (PID=52330) to work on /home/edinaldo/Documents/previsao_remuneracao/previsao_remuneracao/venv/lib/python3.10/site-packages/airflow/example_dags/example_branch_datetime_operator.py
[2023-04-05 21:02:13,390] {processor.py:641} INFO - Processing file /home/edinaldo/Documents/previsao_remuneracao/previsao_remuneracao/venv/lib/python3.10/site-packages/airflow/example_dags/example_branch_datetime_operator.py for tasks to queue
[2023-04-05 21:02:13,391] {logging_mixin.py:115} INFO - [2023-04-05 21:02:13,391] {dagbag.py:507} INFO - Filling up the DagBag from /home/edinaldo/Documents/previsao_remuneracao/previsao_remuneracao/venv/lib/python3.10/site-packages/airflow/example_dags/example_branch_datetime_operator.py
[2023-04-05 21:02:13,410] {processor.py:651} INFO - DAG(s) dict_keys(['example_branch_datetime_operator_2']) retrieved from /home/edinaldo/Documents/previsao_remuneracao/previsao_remuneracao/venv/lib/python3.10/site-packages/airflow/example_dags/example_branch_datetime_operator.py
[2023-04-05 21:02:13,429] {logging_mixin.py:115} INFO - [2023-04-05 21:02:13,429] {dag.py:2379} INFO - Sync 1 DAGs
[2023-04-05 21:02:13,450] {logging_mixin.py:115} INFO - [2023-04-05 21:02:13,450] {dag.py:2927} INFO - Setting next_dagrun for example_branch_datetime_operator_2 to 2023-04-05T00:00:00+00:00, run_after=2023-04-06T00:00:00+00:00
[2023-04-05 21:02:13,580] {processor.py:161} INFO - Processing /home/edinaldo/Documents/previsao_remuneracao/previsao_remuneracao/venv/lib/python3.10/site-packages/airflow/example_dags/example_branch_datetime_operator.py took 0.202 seconds
[2023-04-05 21:03:03,610] {processor.py:153} INFO - Started process (PID=52444) to work on /home/edinaldo/Documents/previsao_remuneracao/previsao_remuneracao/venv/lib/python3.10/site-packages/airflow/example_dags/example_branch_datetime_operator.py
[2023-04-05 21:03:03,630] {processor.py:641} INFO - Processing file /home/edinaldo/Documents/previsao_remuneracao/previsao_remuneracao/venv/lib/python3.10/site-packages/airflow/example_dags/example_branch_datetime_operator.py for tasks to queue
[2023-04-05 21:03:03,632] {logging_mixin.py:115} INFO - [2023-04-05 21:03:03,631] {dagbag.py:507} INFO - Filling up the DagBag from /home/edinaldo/Documents/previsao_remuneracao/previsao_remuneracao/venv/lib/python3.10/site-packages/airflow/example_dags/example_branch_datetime_operator.py
[2023-04-05 21:03:03,671] {processor.py:651} INFO - DAG(s) dict_keys(['example_branch_datetime_operator_2']) retrieved from /home/edinaldo/Documents/previsao_remuneracao/previsao_remuneracao/venv/lib/python3.10/site-packages/airflow/example_dags/example_branch_datetime_operator.py
[2023-04-05 21:03:03,693] {logging_mixin.py:115} INFO - [2023-04-05 21:03:03,693] {dag.py:2379} INFO - Sync 1 DAGs
[2023-04-05 21:03:03,714] {logging_mixin.py:115} INFO - [2023-04-05 21:03:03,714] {dag.py:2927} INFO - Setting next_dagrun for example_branch_datetime_operator_2 to 2023-04-05T00:00:00+00:00, run_after=2023-04-06T00:00:00+00:00
[2023-04-05 21:03:03,891] {processor.py:161} INFO - Processing /home/edinaldo/Documents/previsao_remuneracao/previsao_remuneracao/venv/lib/python3.10/site-packages/airflow/example_dags/example_branch_datetime_operator.py took 0.291 seconds
[2023-04-05 21:03:51,855] {processor.py:153} INFO - Started process (PID=52495) to work on /home/edinaldo/Documents/previsao_remuneracao/previsao_remuneracao/venv/lib/python3.10/site-packages/airflow/example_dags/example_branch_datetime_operator.py
[2023-04-05 21:03:51,873] {processor.py:641} INFO - Processing file /home/edinaldo/Documents/previsao_remuneracao/previsao_remuneracao/venv/lib/python3.10/site-packages/airflow/example_dags/example_branch_datetime_operator.py for tasks to queue
[2023-04-05 21:03:51,874] {logging_mixin.py:115} INFO - [2023-04-05 21:03:51,874] {dagbag.py:507} INFO - Filling up the DagBag from /home/edinaldo/Documents/previsao_remuneracao/previsao_remuneracao/venv/lib/python3.10/site-packages/airflow/example_dags/example_branch_datetime_operator.py
[2023-04-05 21:03:51,906] {processor.py:651} INFO - DAG(s) dict_keys(['example_branch_datetime_operator_2']) retrieved from /home/edinaldo/Documents/previsao_remuneracao/previsao_remuneracao/venv/lib/python3.10/site-packages/airflow/example_dags/example_branch_datetime_operator.py
[2023-04-05 21:03:51,932] {logging_mixin.py:115} INFO - [2023-04-05 21:03:51,932] {dag.py:2379} INFO - Sync 1 DAGs
[2023-04-05 21:03:51,961] {logging_mixin.py:115} INFO - [2023-04-05 21:03:51,961] {dag.py:2927} INFO - Setting next_dagrun for example_branch_datetime_operator_2 to 2023-04-05T00:00:00+00:00, run_after=2023-04-06T00:00:00+00:00
[2023-04-05 21:03:52,057] {processor.py:161} INFO - Processing /home/edinaldo/Documents/previsao_remuneracao/previsao_remuneracao/venv/lib/python3.10/site-packages/airflow/example_dags/example_branch_datetime_operator.py took 0.213 seconds
[2023-04-05 21:04:35,854] {processor.py:153} INFO - Started process (PID=52560) to work on /home/edinaldo/Documents/previsao_remuneracao/previsao_remuneracao/venv/lib/python3.10/site-packages/airflow/example_dags/example_branch_datetime_operator.py
[2023-04-05 21:04:35,873] {processor.py:641} INFO - Processing file /home/edinaldo/Documents/previsao_remuneracao/previsao_remuneracao/venv/lib/python3.10/site-packages/airflow/example_dags/example_branch_datetime_operator.py for tasks to queue
[2023-04-05 21:04:35,875] {logging_mixin.py:115} INFO - [2023-04-05 21:04:35,875] {dagbag.py:507} INFO - Filling up the DagBag from /home/edinaldo/Documents/previsao_remuneracao/previsao_remuneracao/venv/lib/python3.10/site-packages/airflow/example_dags/example_branch_datetime_operator.py
[2023-04-05 21:04:35,910] {processor.py:651} INFO - DAG(s) dict_keys(['example_branch_datetime_operator_2']) retrieved from /home/edinaldo/Documents/previsao_remuneracao/previsao_remuneracao/venv/lib/python3.10/site-packages/airflow/example_dags/example_branch_datetime_operator.py
[2023-04-05 21:04:35,935] {logging_mixin.py:115} INFO - [2023-04-05 21:04:35,935] {dag.py:2379} INFO - Sync 1 DAGs
[2023-04-05 21:04:35,958] {logging_mixin.py:115} INFO - [2023-04-05 21:04:35,958] {dag.py:2927} INFO - Setting next_dagrun for example_branch_datetime_operator_2 to 2023-04-05T00:00:00+00:00, run_after=2023-04-06T00:00:00+00:00
[2023-04-05 21:04:36,056] {processor.py:161} INFO - Processing /home/edinaldo/Documents/previsao_remuneracao/previsao_remuneracao/venv/lib/python3.10/site-packages/airflow/example_dags/example_branch_datetime_operator.py took 0.213 seconds
[2023-04-05 21:05:14,584] {processor.py:153} INFO - Started process (PID=52613) to work on /home/edinaldo/Documents/previsao_remuneracao/previsao_remuneracao/venv/lib/python3.10/site-packages/airflow/example_dags/example_branch_datetime_operator.py
[2023-04-05 21:05:14,596] {processor.py:641} INFO - Processing file /home/edinaldo/Documents/previsao_remuneracao/previsao_remuneracao/venv/lib/python3.10/site-packages/airflow/example_dags/example_branch_datetime_operator.py for tasks to queue
[2023-04-05 21:05:14,597] {logging_mixin.py:115} INFO - [2023-04-05 21:05:14,597] {dagbag.py:507} INFO - Filling up the DagBag from /home/edinaldo/Documents/previsao_remuneracao/previsao_remuneracao/venv/lib/python3.10/site-packages/airflow/example_dags/example_branch_datetime_operator.py
[2023-04-05 21:05:14,617] {processor.py:651} INFO - DAG(s) dict_keys(['example_branch_datetime_operator_2']) retrieved from /home/edinaldo/Documents/previsao_remuneracao/previsao_remuneracao/venv/lib/python3.10/site-packages/airflow/example_dags/example_branch_datetime_operator.py
[2023-04-05 21:05:14,733] {logging_mixin.py:115} INFO - [2023-04-05 21:05:14,733] {dag.py:2379} INFO - Sync 1 DAGs
[2023-04-05 21:05:14,758] {logging_mixin.py:115} INFO - [2023-04-05 21:05:14,758] {dag.py:2927} INFO - Setting next_dagrun for example_branch_datetime_operator_2 to 2023-04-05T00:00:00+00:00, run_after=2023-04-06T00:00:00+00:00
[2023-04-05 21:05:14,881] {processor.py:161} INFO - Processing /home/edinaldo/Documents/previsao_remuneracao/previsao_remuneracao/venv/lib/python3.10/site-packages/airflow/example_dags/example_branch_datetime_operator.py took 0.301 seconds
[2023-04-05 21:05:58,032] {processor.py:153} INFO - Started process (PID=52687) to work on /home/edinaldo/Documents/previsao_remuneracao/previsao_remuneracao/venv/lib/python3.10/site-packages/airflow/example_dags/example_branch_datetime_operator.py
[2023-04-05 21:05:58,045] {processor.py:641} INFO - Processing file /home/edinaldo/Documents/previsao_remuneracao/previsao_remuneracao/venv/lib/python3.10/site-packages/airflow/example_dags/example_branch_datetime_operator.py for tasks to queue
[2023-04-05 21:05:58,046] {logging_mixin.py:115} INFO - [2023-04-05 21:05:58,046] {dagbag.py:507} INFO - Filling up the DagBag from /home/edinaldo/Documents/previsao_remuneracao/previsao_remuneracao/venv/lib/python3.10/site-packages/airflow/example_dags/example_branch_datetime_operator.py
[2023-04-05 21:05:58,061] {processor.py:651} INFO - DAG(s) dict_keys(['example_branch_datetime_operator_2']) retrieved from /home/edinaldo/Documents/previsao_remuneracao/previsao_remuneracao/venv/lib/python3.10/site-packages/airflow/example_dags/example_branch_datetime_operator.py
[2023-04-05 21:05:58,079] {logging_mixin.py:115} INFO - [2023-04-05 21:05:58,079] {dag.py:2379} INFO - Sync 1 DAGs
[2023-04-05 21:05:58,100] {logging_mixin.py:115} INFO - [2023-04-05 21:05:58,100] {dag.py:2927} INFO - Setting next_dagrun for example_branch_datetime_operator_2 to 2023-04-05T00:00:00+00:00, run_after=2023-04-06T00:00:00+00:00
[2023-04-05 21:05:58,241] {processor.py:161} INFO - Processing /home/edinaldo/Documents/previsao_remuneracao/previsao_remuneracao/venv/lib/python3.10/site-packages/airflow/example_dags/example_branch_datetime_operator.py took 0.218 seconds
[2023-04-05 21:06:36,971] {processor.py:153} INFO - Started process (PID=52747) to work on /home/edinaldo/Documents/previsao_remuneracao/previsao_remuneracao/venv/lib/python3.10/site-packages/airflow/example_dags/example_branch_datetime_operator.py
[2023-04-05 21:06:36,990] {processor.py:641} INFO - Processing file /home/edinaldo/Documents/previsao_remuneracao/previsao_remuneracao/venv/lib/python3.10/site-packages/airflow/example_dags/example_branch_datetime_operator.py for tasks to queue
[2023-04-05 21:06:36,992] {logging_mixin.py:115} INFO - [2023-04-05 21:06:36,992] {dagbag.py:507} INFO - Filling up the DagBag from /home/edinaldo/Documents/previsao_remuneracao/previsao_remuneracao/venv/lib/python3.10/site-packages/airflow/example_dags/example_branch_datetime_operator.py
[2023-04-05 21:06:37,016] {processor.py:651} INFO - DAG(s) dict_keys(['example_branch_datetime_operator_2']) retrieved from /home/edinaldo/Documents/previsao_remuneracao/previsao_remuneracao/venv/lib/python3.10/site-packages/airflow/example_dags/example_branch_datetime_operator.py
[2023-04-05 21:06:37,035] {logging_mixin.py:115} INFO - [2023-04-05 21:06:37,035] {dag.py:2379} INFO - Sync 1 DAGs
[2023-04-05 21:06:37,058] {logging_mixin.py:115} INFO - [2023-04-05 21:06:37,058] {dag.py:2927} INFO - Setting next_dagrun for example_branch_datetime_operator_2 to 2023-04-05T00:00:00+00:00, run_after=2023-04-06T00:00:00+00:00
[2023-04-05 21:06:37,142] {processor.py:161} INFO - Processing /home/edinaldo/Documents/previsao_remuneracao/previsao_remuneracao/venv/lib/python3.10/site-packages/airflow/example_dags/example_branch_datetime_operator.py took 0.181 seconds
[2023-04-05 21:07:15,379] {processor.py:153} INFO - Started process (PID=52785) to work on /home/edinaldo/Documents/previsao_remuneracao/previsao_remuneracao/venv/lib/python3.10/site-packages/airflow/example_dags/example_branch_datetime_operator.py
[2023-04-05 21:07:15,391] {processor.py:641} INFO - Processing file /home/edinaldo/Documents/previsao_remuneracao/previsao_remuneracao/venv/lib/python3.10/site-packages/airflow/example_dags/example_branch_datetime_operator.py for tasks to queue
[2023-04-05 21:07:15,392] {logging_mixin.py:115} INFO - [2023-04-05 21:07:15,392] {dagbag.py:507} INFO - Filling up the DagBag from /home/edinaldo/Documents/previsao_remuneracao/previsao_remuneracao/venv/lib/python3.10/site-packages/airflow/example_dags/example_branch_datetime_operator.py
[2023-04-05 21:07:15,411] {processor.py:651} INFO - DAG(s) dict_keys(['example_branch_datetime_operator_2']) retrieved from /home/edinaldo/Documents/previsao_remuneracao/previsao_remuneracao/venv/lib/python3.10/site-packages/airflow/example_dags/example_branch_datetime_operator.py
[2023-04-05 21:07:15,434] {logging_mixin.py:115} INFO - [2023-04-05 21:07:15,434] {dag.py:2379} INFO - Sync 1 DAGs
[2023-04-05 21:07:15,454] {logging_mixin.py:115} INFO - [2023-04-05 21:07:15,454] {dag.py:2927} INFO - Setting next_dagrun for example_branch_datetime_operator_2 to 2023-04-05T00:00:00+00:00, run_after=2023-04-06T00:00:00+00:00
[2023-04-05 21:07:15,539] {processor.py:161} INFO - Processing /home/edinaldo/Documents/previsao_remuneracao/previsao_remuneracao/venv/lib/python3.10/site-packages/airflow/example_dags/example_branch_datetime_operator.py took 0.164 seconds
[2023-04-05 21:07:55,285] {processor.py:153} INFO - Started process (PID=52823) to work on /home/edinaldo/Documents/previsao_remuneracao/previsao_remuneracao/venv/lib/python3.10/site-packages/airflow/example_dags/example_branch_datetime_operator.py
[2023-04-05 21:07:55,291] {processor.py:641} INFO - Processing file /home/edinaldo/Documents/previsao_remuneracao/previsao_remuneracao/venv/lib/python3.10/site-packages/airflow/example_dags/example_branch_datetime_operator.py for tasks to queue
[2023-04-05 21:07:55,291] {logging_mixin.py:115} INFO - [2023-04-05 21:07:55,291] {dagbag.py:507} INFO - Filling up the DagBag from /home/edinaldo/Documents/previsao_remuneracao/previsao_remuneracao/venv/lib/python3.10/site-packages/airflow/example_dags/example_branch_datetime_operator.py
[2023-04-05 21:07:55,301] {processor.py:651} INFO - DAG(s) dict_keys(['example_branch_datetime_operator_2']) retrieved from /home/edinaldo/Documents/previsao_remuneracao/previsao_remuneracao/venv/lib/python3.10/site-packages/airflow/example_dags/example_branch_datetime_operator.py
[2023-04-05 21:07:55,318] {logging_mixin.py:115} INFO - [2023-04-05 21:07:55,318] {dag.py:2379} INFO - Sync 1 DAGs
[2023-04-05 21:07:55,339] {logging_mixin.py:115} INFO - [2023-04-05 21:07:55,338] {dag.py:2927} INFO - Setting next_dagrun for example_branch_datetime_operator_2 to 2023-04-05T00:00:00+00:00, run_after=2023-04-06T00:00:00+00:00
[2023-04-05 21:07:55,428] {processor.py:161} INFO - Processing /home/edinaldo/Documents/previsao_remuneracao/previsao_remuneracao/venv/lib/python3.10/site-packages/airflow/example_dags/example_branch_datetime_operator.py took 0.147 seconds
[2023-04-05 21:08:35,726] {processor.py:153} INFO - Started process (PID=52860) to work on /home/edinaldo/Documents/previsao_remuneracao/previsao_remuneracao/venv/lib/python3.10/site-packages/airflow/example_dags/example_branch_datetime_operator.py
[2023-04-05 21:08:35,728] {processor.py:641} INFO - Processing file /home/edinaldo/Documents/previsao_remuneracao/previsao_remuneracao/venv/lib/python3.10/site-packages/airflow/example_dags/example_branch_datetime_operator.py for tasks to queue
[2023-04-05 21:08:35,730] {logging_mixin.py:115} INFO - [2023-04-05 21:08:35,730] {dagbag.py:507} INFO - Filling up the DagBag from /home/edinaldo/Documents/previsao_remuneracao/previsao_remuneracao/venv/lib/python3.10/site-packages/airflow/example_dags/example_branch_datetime_operator.py
[2023-04-05 21:08:35,746] {processor.py:651} INFO - DAG(s) dict_keys(['example_branch_datetime_operator_2']) retrieved from /home/edinaldo/Documents/previsao_remuneracao/previsao_remuneracao/venv/lib/python3.10/site-packages/airflow/example_dags/example_branch_datetime_operator.py
[2023-04-05 21:08:35,764] {logging_mixin.py:115} INFO - [2023-04-05 21:08:35,763] {dag.py:2379} INFO - Sync 1 DAGs
[2023-04-05 21:08:35,784] {logging_mixin.py:115} INFO - [2023-04-05 21:08:35,784] {dag.py:2927} INFO - Setting next_dagrun for example_branch_datetime_operator_2 to 2023-04-05T00:00:00+00:00, run_after=2023-04-06T00:00:00+00:00
[2023-04-05 21:08:35,863] {processor.py:161} INFO - Processing /home/edinaldo/Documents/previsao_remuneracao/previsao_remuneracao/venv/lib/python3.10/site-packages/airflow/example_dags/example_branch_datetime_operator.py took 0.146 seconds
[2023-04-05 21:09:12,525] {processor.py:153} INFO - Started process (PID=52895) to work on /home/edinaldo/Documents/previsao_remuneracao/previsao_remuneracao/venv/lib/python3.10/site-packages/airflow/example_dags/example_branch_datetime_operator.py
[2023-04-05 21:09:12,526] {processor.py:641} INFO - Processing file /home/edinaldo/Documents/previsao_remuneracao/previsao_remuneracao/venv/lib/python3.10/site-packages/airflow/example_dags/example_branch_datetime_operator.py for tasks to queue
[2023-04-05 21:09:12,527] {logging_mixin.py:115} INFO - [2023-04-05 21:09:12,527] {dagbag.py:507} INFO - Filling up the DagBag from /home/edinaldo/Documents/previsao_remuneracao/previsao_remuneracao/venv/lib/python3.10/site-packages/airflow/example_dags/example_branch_datetime_operator.py
[2023-04-05 21:09:12,540] {processor.py:651} INFO - DAG(s) dict_keys(['example_branch_datetime_operator_2']) retrieved from /home/edinaldo/Documents/previsao_remuneracao/previsao_remuneracao/venv/lib/python3.10/site-packages/airflow/example_dags/example_branch_datetime_operator.py
[2023-04-05 21:09:12,559] {logging_mixin.py:115} INFO - [2023-04-05 21:09:12,559] {dag.py:2379} INFO - Sync 1 DAGs
[2023-04-05 21:09:12,581] {logging_mixin.py:115} INFO - [2023-04-05 21:09:12,581] {dag.py:2927} INFO - Setting next_dagrun for example_branch_datetime_operator_2 to 2023-04-05T00:00:00+00:00, run_after=2023-04-06T00:00:00+00:00
[2023-04-05 21:09:12,768] {processor.py:161} INFO - Processing /home/edinaldo/Documents/previsao_remuneracao/previsao_remuneracao/venv/lib/python3.10/site-packages/airflow/example_dags/example_branch_datetime_operator.py took 0.247 seconds
[2023-04-05 21:09:51,992] {processor.py:153} INFO - Started process (PID=52931) to work on /home/edinaldo/Documents/previsao_remuneracao/previsao_remuneracao/venv/lib/python3.10/site-packages/airflow/example_dags/example_branch_datetime_operator.py
[2023-04-05 21:09:51,994] {processor.py:641} INFO - Processing file /home/edinaldo/Documents/previsao_remuneracao/previsao_remuneracao/venv/lib/python3.10/site-packages/airflow/example_dags/example_branch_datetime_operator.py for tasks to queue
[2023-04-05 21:09:51,996] {logging_mixin.py:115} INFO - [2023-04-05 21:09:51,995] {dagbag.py:507} INFO - Filling up the DagBag from /home/edinaldo/Documents/previsao_remuneracao/previsao_remuneracao/venv/lib/python3.10/site-packages/airflow/example_dags/example_branch_datetime_operator.py
[2023-04-05 21:09:52,012] {processor.py:651} INFO - DAG(s) dict_keys(['example_branch_datetime_operator_2']) retrieved from /home/edinaldo/Documents/previsao_remuneracao/previsao_remuneracao/venv/lib/python3.10/site-packages/airflow/example_dags/example_branch_datetime_operator.py
[2023-04-05 21:09:52,030] {logging_mixin.py:115} INFO - [2023-04-05 21:09:52,030] {dag.py:2379} INFO - Sync 1 DAGs
[2023-04-05 21:09:52,051] {logging_mixin.py:115} INFO - [2023-04-05 21:09:52,051] {dag.py:2927} INFO - Setting next_dagrun for example_branch_datetime_operator_2 to 2023-04-05T00:00:00+00:00, run_after=2023-04-06T00:00:00+00:00
[2023-04-05 21:09:52,149] {processor.py:161} INFO - Processing /home/edinaldo/Documents/previsao_remuneracao/previsao_remuneracao/venv/lib/python3.10/site-packages/airflow/example_dags/example_branch_datetime_operator.py took 0.167 seconds
[2023-04-05 21:10:30,119] {processor.py:153} INFO - Started process (PID=52971) to work on /home/edinaldo/Documents/previsao_remuneracao/previsao_remuneracao/venv/lib/python3.10/site-packages/airflow/example_dags/example_branch_datetime_operator.py
[2023-04-05 21:10:30,126] {processor.py:641} INFO - Processing file /home/edinaldo/Documents/previsao_remuneracao/previsao_remuneracao/venv/lib/python3.10/site-packages/airflow/example_dags/example_branch_datetime_operator.py for tasks to queue
[2023-04-05 21:10:30,126] {logging_mixin.py:115} INFO - [2023-04-05 21:10:30,126] {dagbag.py:507} INFO - Filling up the DagBag from /home/edinaldo/Documents/previsao_remuneracao/previsao_remuneracao/venv/lib/python3.10/site-packages/airflow/example_dags/example_branch_datetime_operator.py
[2023-04-05 21:10:30,137] {processor.py:651} INFO - DAG(s) dict_keys(['example_branch_datetime_operator_2']) retrieved from /home/edinaldo/Documents/previsao_remuneracao/previsao_remuneracao/venv/lib/python3.10/site-packages/airflow/example_dags/example_branch_datetime_operator.py
[2023-04-05 21:10:30,158] {logging_mixin.py:115} INFO - [2023-04-05 21:10:30,158] {dag.py:2379} INFO - Sync 1 DAGs
[2023-04-05 21:10:30,181] {logging_mixin.py:115} INFO - [2023-04-05 21:10:30,181] {dag.py:2927} INFO - Setting next_dagrun for example_branch_datetime_operator_2 to 2023-04-05T00:00:00+00:00, run_after=2023-04-06T00:00:00+00:00
[2023-04-05 21:10:30,806] {processor.py:161} INFO - Processing /home/edinaldo/Documents/previsao_remuneracao/previsao_remuneracao/venv/lib/python3.10/site-packages/airflow/example_dags/example_branch_datetime_operator.py took 0.692 seconds
[2023-04-05 21:11:10,795] {processor.py:153} INFO - Started process (PID=53127) to work on /home/edinaldo/Documents/previsao_remuneracao/previsao_remuneracao/venv/lib/python3.10/site-packages/airflow/example_dags/example_branch_datetime_operator.py
[2023-04-05 21:11:10,797] {processor.py:641} INFO - Processing file /home/edinaldo/Documents/previsao_remuneracao/previsao_remuneracao/venv/lib/python3.10/site-packages/airflow/example_dags/example_branch_datetime_operator.py for tasks to queue
[2023-04-05 21:11:10,799] {logging_mixin.py:115} INFO - [2023-04-05 21:11:10,799] {dagbag.py:507} INFO - Filling up the DagBag from /home/edinaldo/Documents/previsao_remuneracao/previsao_remuneracao/venv/lib/python3.10/site-packages/airflow/example_dags/example_branch_datetime_operator.py
[2023-04-05 21:11:10,817] {processor.py:651} INFO - DAG(s) dict_keys(['example_branch_datetime_operator_2']) retrieved from /home/edinaldo/Documents/previsao_remuneracao/previsao_remuneracao/venv/lib/python3.10/site-packages/airflow/example_dags/example_branch_datetime_operator.py
[2023-04-05 21:11:10,835] {logging_mixin.py:115} INFO - [2023-04-05 21:11:10,835] {dag.py:2379} INFO - Sync 1 DAGs
[2023-04-05 21:11:10,856] {logging_mixin.py:115} INFO - [2023-04-05 21:11:10,856] {dag.py:2927} INFO - Setting next_dagrun for example_branch_datetime_operator_2 to 2023-04-05T00:00:00+00:00, run_after=2023-04-06T00:00:00+00:00
[2023-04-05 21:11:10,955] {processor.py:161} INFO - Processing /home/edinaldo/Documents/previsao_remuneracao/previsao_remuneracao/venv/lib/python3.10/site-packages/airflow/example_dags/example_branch_datetime_operator.py took 0.170 seconds
[2023-04-05 21:11:50,165] {processor.py:153} INFO - Started process (PID=53191) to work on /home/edinaldo/Documents/previsao_remuneracao/previsao_remuneracao/venv/lib/python3.10/site-packages/airflow/example_dags/example_branch_datetime_operator.py
[2023-04-05 21:11:50,166] {processor.py:641} INFO - Processing file /home/edinaldo/Documents/previsao_remuneracao/previsao_remuneracao/venv/lib/python3.10/site-packages/airflow/example_dags/example_branch_datetime_operator.py for tasks to queue
[2023-04-05 21:11:50,167] {logging_mixin.py:115} INFO - [2023-04-05 21:11:50,166] {dagbag.py:507} INFO - Filling up the DagBag from /home/edinaldo/Documents/previsao_remuneracao/previsao_remuneracao/venv/lib/python3.10/site-packages/airflow/example_dags/example_branch_datetime_operator.py
[2023-04-05 21:11:50,179] {processor.py:651} INFO - DAG(s) dict_keys(['example_branch_datetime_operator_2']) retrieved from /home/edinaldo/Documents/previsao_remuneracao/previsao_remuneracao/venv/lib/python3.10/site-packages/airflow/example_dags/example_branch_datetime_operator.py
[2023-04-05 21:11:50,198] {logging_mixin.py:115} INFO - [2023-04-05 21:11:50,198] {dag.py:2379} INFO - Sync 1 DAGs
[2023-04-05 21:11:50,223] {logging_mixin.py:115} INFO - [2023-04-05 21:11:50,223] {dag.py:2927} INFO - Setting next_dagrun for example_branch_datetime_operator_2 to 2023-04-05T00:00:00+00:00, run_after=2023-04-06T00:00:00+00:00
[2023-04-05 21:11:50,322] {processor.py:161} INFO - Processing /home/edinaldo/Documents/previsao_remuneracao/previsao_remuneracao/venv/lib/python3.10/site-packages/airflow/example_dags/example_branch_datetime_operator.py took 0.161 seconds
[2023-04-05 21:12:39,468] {processor.py:153} INFO - Started process (PID=53358) to work on /home/edinaldo/Documents/previsao_remuneracao/previsao_remuneracao/venv/lib/python3.10/site-packages/airflow/example_dags/example_branch_datetime_operator.py
[2023-04-05 21:12:39,501] {processor.py:641} INFO - Processing file /home/edinaldo/Documents/previsao_remuneracao/previsao_remuneracao/venv/lib/python3.10/site-packages/airflow/example_dags/example_branch_datetime_operator.py for tasks to queue
[2023-04-05 21:12:39,503] {logging_mixin.py:115} INFO - [2023-04-05 21:12:39,503] {dagbag.py:507} INFO - Filling up the DagBag from /home/edinaldo/Documents/previsao_remuneracao/previsao_remuneracao/venv/lib/python3.10/site-packages/airflow/example_dags/example_branch_datetime_operator.py
[2023-04-05 21:12:39,587] {processor.py:651} INFO - DAG(s) dict_keys(['example_branch_datetime_operator_2']) retrieved from /home/edinaldo/Documents/previsao_remuneracao/previsao_remuneracao/venv/lib/python3.10/site-packages/airflow/example_dags/example_branch_datetime_operator.py
[2023-04-05 21:12:39,650] {logging_mixin.py:115} INFO - [2023-04-05 21:12:39,650] {dag.py:2379} INFO - Sync 1 DAGs
[2023-04-05 21:12:39,680] {logging_mixin.py:115} INFO - [2023-04-05 21:12:39,680] {dag.py:2927} INFO - Setting next_dagrun for example_branch_datetime_operator_2 to 2023-04-05T00:00:00+00:00, run_after=2023-04-06T00:00:00+00:00
[2023-04-05 21:12:39,881] {processor.py:161} INFO - Processing /home/edinaldo/Documents/previsao_remuneracao/previsao_remuneracao/venv/lib/python3.10/site-packages/airflow/example_dags/example_branch_datetime_operator.py took 0.418 seconds
[2023-04-05 21:13:32,297] {processor.py:153} INFO - Started process (PID=53439) to work on /home/edinaldo/Documents/previsao_remuneracao/previsao_remuneracao/venv/lib/python3.10/site-packages/airflow/example_dags/example_branch_datetime_operator.py
[2023-04-05 21:13:32,319] {processor.py:641} INFO - Processing file /home/edinaldo/Documents/previsao_remuneracao/previsao_remuneracao/venv/lib/python3.10/site-packages/airflow/example_dags/example_branch_datetime_operator.py for tasks to queue
[2023-04-05 21:13:32,320] {logging_mixin.py:115} INFO - [2023-04-05 21:13:32,320] {dagbag.py:507} INFO - Filling up the DagBag from /home/edinaldo/Documents/previsao_remuneracao/previsao_remuneracao/venv/lib/python3.10/site-packages/airflow/example_dags/example_branch_datetime_operator.py
[2023-04-05 21:13:32,365] {processor.py:651} INFO - DAG(s) dict_keys(['example_branch_datetime_operator_2']) retrieved from /home/edinaldo/Documents/previsao_remuneracao/previsao_remuneracao/venv/lib/python3.10/site-packages/airflow/example_dags/example_branch_datetime_operator.py
[2023-04-05 21:13:32,385] {logging_mixin.py:115} INFO - [2023-04-05 21:13:32,385] {dag.py:2379} INFO - Sync 1 DAGs
[2023-04-05 21:13:32,406] {logging_mixin.py:115} INFO - [2023-04-05 21:13:32,406] {dag.py:2927} INFO - Setting next_dagrun for example_branch_datetime_operator_2 to 2023-04-05T00:00:00+00:00, run_after=2023-04-06T00:00:00+00:00
[2023-04-05 21:13:32,514] {processor.py:161} INFO - Processing /home/edinaldo/Documents/previsao_remuneracao/previsao_remuneracao/venv/lib/python3.10/site-packages/airflow/example_dags/example_branch_datetime_operator.py took 0.228 seconds
[2023-04-05 21:14:12,141] {processor.py:153} INFO - Started process (PID=53475) to work on /home/edinaldo/Documents/previsao_remuneracao/previsao_remuneracao/venv/lib/python3.10/site-packages/airflow/example_dags/example_branch_datetime_operator.py
[2023-04-05 21:14:12,143] {processor.py:641} INFO - Processing file /home/edinaldo/Documents/previsao_remuneracao/previsao_remuneracao/venv/lib/python3.10/site-packages/airflow/example_dags/example_branch_datetime_operator.py for tasks to queue
[2023-04-05 21:14:12,145] {logging_mixin.py:115} INFO - [2023-04-05 21:14:12,145] {dagbag.py:507} INFO - Filling up the DagBag from /home/edinaldo/Documents/previsao_remuneracao/previsao_remuneracao/venv/lib/python3.10/site-packages/airflow/example_dags/example_branch_datetime_operator.py
[2023-04-05 21:14:12,171] {processor.py:651} INFO - DAG(s) dict_keys(['example_branch_datetime_operator_2']) retrieved from /home/edinaldo/Documents/previsao_remuneracao/previsao_remuneracao/venv/lib/python3.10/site-packages/airflow/example_dags/example_branch_datetime_operator.py
[2023-04-05 21:14:12,189] {logging_mixin.py:115} INFO - [2023-04-05 21:14:12,189] {dag.py:2379} INFO - Sync 1 DAGs
[2023-04-05 21:14:12,210] {logging_mixin.py:115} INFO - [2023-04-05 21:14:12,209] {dag.py:2927} INFO - Setting next_dagrun for example_branch_datetime_operator_2 to 2023-04-05T00:00:00+00:00, run_after=2023-04-06T00:00:00+00:00
[2023-04-05 21:14:12,304] {processor.py:161} INFO - Processing /home/edinaldo/Documents/previsao_remuneracao/previsao_remuneracao/venv/lib/python3.10/site-packages/airflow/example_dags/example_branch_datetime_operator.py took 0.172 seconds
[2023-04-05 21:14:53,168] {processor.py:153} INFO - Started process (PID=53518) to work on /home/edinaldo/Documents/previsao_remuneracao/previsao_remuneracao/venv/lib/python3.10/site-packages/airflow/example_dags/example_branch_datetime_operator.py
[2023-04-05 21:14:53,194] {processor.py:641} INFO - Processing file /home/edinaldo/Documents/previsao_remuneracao/previsao_remuneracao/venv/lib/python3.10/site-packages/airflow/example_dags/example_branch_datetime_operator.py for tasks to queue
[2023-04-05 21:14:53,195] {logging_mixin.py:115} INFO - [2023-04-05 21:14:53,195] {dagbag.py:507} INFO - Filling up the DagBag from /home/edinaldo/Documents/previsao_remuneracao/previsao_remuneracao/venv/lib/python3.10/site-packages/airflow/example_dags/example_branch_datetime_operator.py
[2023-04-05 21:14:53,205] {processor.py:651} INFO - DAG(s) dict_keys(['example_branch_datetime_operator_2']) retrieved from /home/edinaldo/Documents/previsao_remuneracao/previsao_remuneracao/venv/lib/python3.10/site-packages/airflow/example_dags/example_branch_datetime_operator.py
[2023-04-05 21:14:53,325] {logging_mixin.py:115} INFO - [2023-04-05 21:14:53,325] {dag.py:2379} INFO - Sync 1 DAGs
[2023-04-05 21:14:53,356] {logging_mixin.py:115} INFO - [2023-04-05 21:14:53,356] {dag.py:2927} INFO - Setting next_dagrun for example_branch_datetime_operator_2 to 2023-04-05T00:00:00+00:00, run_after=2023-04-06T00:00:00+00:00
[2023-04-05 21:14:53,432] {processor.py:161} INFO - Processing /home/edinaldo/Documents/previsao_remuneracao/previsao_remuneracao/venv/lib/python3.10/site-packages/airflow/example_dags/example_branch_datetime_operator.py took 0.268 seconds
[2023-04-05 21:15:42,829] {processor.py:153} INFO - Started process (PID=53597) to work on /home/edinaldo/Documents/previsao_remuneracao/previsao_remuneracao/venv/lib/python3.10/site-packages/airflow/example_dags/example_branch_datetime_operator.py
[2023-04-05 21:15:42,856] {processor.py:641} INFO - Processing file /home/edinaldo/Documents/previsao_remuneracao/previsao_remuneracao/venv/lib/python3.10/site-packages/airflow/example_dags/example_branch_datetime_operator.py for tasks to queue
[2023-04-05 21:15:42,858] {logging_mixin.py:115} INFO - [2023-04-05 21:15:42,858] {dagbag.py:507} INFO - Filling up the DagBag from /home/edinaldo/Documents/previsao_remuneracao/previsao_remuneracao/venv/lib/python3.10/site-packages/airflow/example_dags/example_branch_datetime_operator.py
[2023-04-05 21:15:42,908] {processor.py:651} INFO - DAG(s) dict_keys(['example_branch_datetime_operator_2']) retrieved from /home/edinaldo/Documents/previsao_remuneracao/previsao_remuneracao/venv/lib/python3.10/site-packages/airflow/example_dags/example_branch_datetime_operator.py
[2023-04-05 21:15:42,930] {logging_mixin.py:115} INFO - [2023-04-05 21:15:42,930] {dag.py:2379} INFO - Sync 1 DAGs
[2023-04-05 21:15:42,951] {logging_mixin.py:115} INFO - [2023-04-05 21:15:42,951] {dag.py:2927} INFO - Setting next_dagrun for example_branch_datetime_operator_2 to 2023-04-05T00:00:00+00:00, run_after=2023-04-06T00:00:00+00:00
[2023-04-05 21:15:43,076] {processor.py:161} INFO - Processing /home/edinaldo/Documents/previsao_remuneracao/previsao_remuneracao/venv/lib/python3.10/site-packages/airflow/example_dags/example_branch_datetime_operator.py took 0.250 seconds
[2023-04-05 21:16:22,480] {processor.py:153} INFO - Started process (PID=53633) to work on /home/edinaldo/Documents/previsao_remuneracao/previsao_remuneracao/venv/lib/python3.10/site-packages/airflow/example_dags/example_branch_datetime_operator.py
[2023-04-05 21:16:22,481] {processor.py:641} INFO - Processing file /home/edinaldo/Documents/previsao_remuneracao/previsao_remuneracao/venv/lib/python3.10/site-packages/airflow/example_dags/example_branch_datetime_operator.py for tasks to queue
[2023-04-05 21:16:22,482] {logging_mixin.py:115} INFO - [2023-04-05 21:16:22,482] {dagbag.py:507} INFO - Filling up the DagBag from /home/edinaldo/Documents/previsao_remuneracao/previsao_remuneracao/venv/lib/python3.10/site-packages/airflow/example_dags/example_branch_datetime_operator.py
[2023-04-05 21:16:22,493] {processor.py:651} INFO - DAG(s) dict_keys(['example_branch_datetime_operator_2']) retrieved from /home/edinaldo/Documents/previsao_remuneracao/previsao_remuneracao/venv/lib/python3.10/site-packages/airflow/example_dags/example_branch_datetime_operator.py
[2023-04-05 21:16:22,511] {logging_mixin.py:115} INFO - [2023-04-05 21:16:22,511] {dag.py:2379} INFO - Sync 1 DAGs
[2023-04-05 21:16:22,533] {logging_mixin.py:115} INFO - [2023-04-05 21:16:22,533] {dag.py:2927} INFO - Setting next_dagrun for example_branch_datetime_operator_2 to 2023-04-05T00:00:00+00:00, run_after=2023-04-06T00:00:00+00:00
[2023-04-05 21:16:22,619] {processor.py:161} INFO - Processing /home/edinaldo/Documents/previsao_remuneracao/previsao_remuneracao/venv/lib/python3.10/site-packages/airflow/example_dags/example_branch_datetime_operator.py took 0.143 seconds
[2023-04-05 21:17:03,284] {processor.py:153} INFO - Started process (PID=53700) to work on /home/edinaldo/Documents/previsao_remuneracao/previsao_remuneracao/venv/lib/python3.10/site-packages/airflow/example_dags/example_branch_datetime_operator.py
[2023-04-05 21:17:03,294] {processor.py:641} INFO - Processing file /home/edinaldo/Documents/previsao_remuneracao/previsao_remuneracao/venv/lib/python3.10/site-packages/airflow/example_dags/example_branch_datetime_operator.py for tasks to queue
[2023-04-05 21:17:03,295] {logging_mixin.py:115} INFO - [2023-04-05 21:17:03,295] {dagbag.py:507} INFO - Filling up the DagBag from /home/edinaldo/Documents/previsao_remuneracao/previsao_remuneracao/venv/lib/python3.10/site-packages/airflow/example_dags/example_branch_datetime_operator.py
[2023-04-05 21:17:03,305] {processor.py:651} INFO - DAG(s) dict_keys(['example_branch_datetime_operator_2']) retrieved from /home/edinaldo/Documents/previsao_remuneracao/previsao_remuneracao/venv/lib/python3.10/site-packages/airflow/example_dags/example_branch_datetime_operator.py
[2023-04-05 21:17:03,322] {logging_mixin.py:115} INFO - [2023-04-05 21:17:03,322] {dag.py:2379} INFO - Sync 1 DAGs
[2023-04-05 21:17:03,342] {logging_mixin.py:115} INFO - [2023-04-05 21:17:03,342] {dag.py:2927} INFO - Setting next_dagrun for example_branch_datetime_operator_2 to 2023-04-05T00:00:00+00:00, run_after=2023-04-06T00:00:00+00:00
[2023-04-05 21:17:03,422] {processor.py:161} INFO - Processing /home/edinaldo/Documents/previsao_remuneracao/previsao_remuneracao/venv/lib/python3.10/site-packages/airflow/example_dags/example_branch_datetime_operator.py took 0.142 seconds
[2023-04-05 21:17:44,179] {processor.py:153} INFO - Started process (PID=53741) to work on /home/edinaldo/Documents/previsao_remuneracao/previsao_remuneracao/venv/lib/python3.10/site-packages/airflow/example_dags/example_branch_datetime_operator.py
[2023-04-05 21:17:44,187] {processor.py:641} INFO - Processing file /home/edinaldo/Documents/previsao_remuneracao/previsao_remuneracao/venv/lib/python3.10/site-packages/airflow/example_dags/example_branch_datetime_operator.py for tasks to queue
[2023-04-05 21:17:44,189] {logging_mixin.py:115} INFO - [2023-04-05 21:17:44,189] {dagbag.py:507} INFO - Filling up the DagBag from /home/edinaldo/Documents/previsao_remuneracao/previsao_remuneracao/venv/lib/python3.10/site-packages/airflow/example_dags/example_branch_datetime_operator.py
[2023-04-05 21:17:44,210] {processor.py:651} INFO - DAG(s) dict_keys(['example_branch_datetime_operator_2']) retrieved from /home/edinaldo/Documents/previsao_remuneracao/previsao_remuneracao/venv/lib/python3.10/site-packages/airflow/example_dags/example_branch_datetime_operator.py
[2023-04-05 21:17:44,227] {logging_mixin.py:115} INFO - [2023-04-05 21:17:44,227] {dag.py:2379} INFO - Sync 1 DAGs
[2023-04-05 21:17:44,247] {logging_mixin.py:115} INFO - [2023-04-05 21:17:44,247] {dag.py:2927} INFO - Setting next_dagrun for example_branch_datetime_operator_2 to 2023-04-05T00:00:00+00:00, run_after=2023-04-06T00:00:00+00:00
[2023-04-05 21:17:44,326] {processor.py:161} INFO - Processing /home/edinaldo/Documents/previsao_remuneracao/previsao_remuneracao/venv/lib/python3.10/site-packages/airflow/example_dags/example_branch_datetime_operator.py took 0.157 seconds
[2023-04-05 21:18:23,482] {processor.py:153} INFO - Started process (PID=53775) to work on /home/edinaldo/Documents/previsao_remuneracao/previsao_remuneracao/venv/lib/python3.10/site-packages/airflow/example_dags/example_branch_datetime_operator.py
[2023-04-05 21:18:23,483] {processor.py:641} INFO - Processing file /home/edinaldo/Documents/previsao_remuneracao/previsao_remuneracao/venv/lib/python3.10/site-packages/airflow/example_dags/example_branch_datetime_operator.py for tasks to queue
[2023-04-05 21:18:23,483] {logging_mixin.py:115} INFO - [2023-04-05 21:18:23,483] {dagbag.py:507} INFO - Filling up the DagBag from /home/edinaldo/Documents/previsao_remuneracao/previsao_remuneracao/venv/lib/python3.10/site-packages/airflow/example_dags/example_branch_datetime_operator.py
[2023-04-05 21:18:23,497] {processor.py:651} INFO - DAG(s) dict_keys(['example_branch_datetime_operator_2']) retrieved from /home/edinaldo/Documents/previsao_remuneracao/previsao_remuneracao/venv/lib/python3.10/site-packages/airflow/example_dags/example_branch_datetime_operator.py
[2023-04-05 21:18:23,521] {logging_mixin.py:115} INFO - [2023-04-05 21:18:23,521] {dag.py:2379} INFO - Sync 1 DAGs
[2023-04-05 21:18:23,542] {logging_mixin.py:115} INFO - [2023-04-05 21:18:23,542] {dag.py:2927} INFO - Setting next_dagrun for example_branch_datetime_operator_2 to 2023-04-05T00:00:00+00:00, run_after=2023-04-06T00:00:00+00:00
[2023-04-05 21:18:23,624] {processor.py:161} INFO - Processing /home/edinaldo/Documents/previsao_remuneracao/previsao_remuneracao/venv/lib/python3.10/site-packages/airflow/example_dags/example_branch_datetime_operator.py took 0.146 seconds
[2023-04-05 21:19:01,723] {processor.py:153} INFO - Started process (PID=53818) to work on /home/edinaldo/Documents/previsao_remuneracao/previsao_remuneracao/venv/lib/python3.10/site-packages/airflow/example_dags/example_branch_datetime_operator.py
[2023-04-05 21:19:01,738] {processor.py:641} INFO - Processing file /home/edinaldo/Documents/previsao_remuneracao/previsao_remuneracao/venv/lib/python3.10/site-packages/airflow/example_dags/example_branch_datetime_operator.py for tasks to queue
[2023-04-05 21:19:01,739] {logging_mixin.py:115} INFO - [2023-04-05 21:19:01,739] {dagbag.py:507} INFO - Filling up the DagBag from /home/edinaldo/Documents/previsao_remuneracao/previsao_remuneracao/venv/lib/python3.10/site-packages/airflow/example_dags/example_branch_datetime_operator.py
[2023-04-05 21:19:01,749] {processor.py:651} INFO - DAG(s) dict_keys(['example_branch_datetime_operator_2']) retrieved from /home/edinaldo/Documents/previsao_remuneracao/previsao_remuneracao/venv/lib/python3.10/site-packages/airflow/example_dags/example_branch_datetime_operator.py
[2023-04-05 21:19:01,766] {logging_mixin.py:115} INFO - [2023-04-05 21:19:01,766] {dag.py:2379} INFO - Sync 1 DAGs
[2023-04-05 21:19:01,786] {logging_mixin.py:115} INFO - [2023-04-05 21:19:01,786] {dag.py:2927} INFO - Setting next_dagrun for example_branch_datetime_operator_2 to 2023-04-05T00:00:00+00:00, run_after=2023-04-06T00:00:00+00:00
[2023-04-05 21:19:01,911] {processor.py:161} INFO - Processing /home/edinaldo/Documents/previsao_remuneracao/previsao_remuneracao/venv/lib/python3.10/site-packages/airflow/example_dags/example_branch_datetime_operator.py took 0.193 seconds
[2023-04-05 21:19:44,654] {processor.py:153} INFO - Started process (PID=53866) to work on /home/edinaldo/Documents/previsao_remuneracao/previsao_remuneracao/venv/lib/python3.10/site-packages/airflow/example_dags/example_branch_datetime_operator.py
[2023-04-05 21:19:44,668] {processor.py:641} INFO - Processing file /home/edinaldo/Documents/previsao_remuneracao/previsao_remuneracao/venv/lib/python3.10/site-packages/airflow/example_dags/example_branch_datetime_operator.py for tasks to queue
[2023-04-05 21:19:44,670] {logging_mixin.py:115} INFO - [2023-04-05 21:19:44,670] {dagbag.py:507} INFO - Filling up the DagBag from /home/edinaldo/Documents/previsao_remuneracao/previsao_remuneracao/venv/lib/python3.10/site-packages/airflow/example_dags/example_branch_datetime_operator.py
[2023-04-05 21:19:44,692] {processor.py:651} INFO - DAG(s) dict_keys(['example_branch_datetime_operator_2']) retrieved from /home/edinaldo/Documents/previsao_remuneracao/previsao_remuneracao/venv/lib/python3.10/site-packages/airflow/example_dags/example_branch_datetime_operator.py
[2023-04-05 21:19:44,710] {logging_mixin.py:115} INFO - [2023-04-05 21:19:44,710] {dag.py:2379} INFO - Sync 1 DAGs
[2023-04-05 21:19:44,730] {logging_mixin.py:115} INFO - [2023-04-05 21:19:44,730] {dag.py:2927} INFO - Setting next_dagrun for example_branch_datetime_operator_2 to 2023-04-05T00:00:00+00:00, run_after=2023-04-06T00:00:00+00:00
[2023-04-05 21:19:44,804] {processor.py:161} INFO - Processing /home/edinaldo/Documents/previsao_remuneracao/previsao_remuneracao/venv/lib/python3.10/site-packages/airflow/example_dags/example_branch_datetime_operator.py took 0.160 seconds
[2023-04-05 21:20:25,791] {processor.py:153} INFO - Started process (PID=53903) to work on /home/edinaldo/Documents/previsao_remuneracao/previsao_remuneracao/venv/lib/python3.10/site-packages/airflow/example_dags/example_branch_datetime_operator.py
[2023-04-05 21:20:25,792] {processor.py:641} INFO - Processing file /home/edinaldo/Documents/previsao_remuneracao/previsao_remuneracao/venv/lib/python3.10/site-packages/airflow/example_dags/example_branch_datetime_operator.py for tasks to queue
[2023-04-05 21:20:25,792] {logging_mixin.py:115} INFO - [2023-04-05 21:20:25,792] {dagbag.py:507} INFO - Filling up the DagBag from /home/edinaldo/Documents/previsao_remuneracao/previsao_remuneracao/venv/lib/python3.10/site-packages/airflow/example_dags/example_branch_datetime_operator.py
[2023-04-05 21:20:25,804] {processor.py:651} INFO - DAG(s) dict_keys(['example_branch_datetime_operator_2']) retrieved from /home/edinaldo/Documents/previsao_remuneracao/previsao_remuneracao/venv/lib/python3.10/site-packages/airflow/example_dags/example_branch_datetime_operator.py
[2023-04-05 21:20:25,821] {logging_mixin.py:115} INFO - [2023-04-05 21:20:25,821] {dag.py:2379} INFO - Sync 1 DAGs
[2023-04-05 21:20:25,844] {logging_mixin.py:115} INFO - [2023-04-05 21:20:25,843] {dag.py:2927} INFO - Setting next_dagrun for example_branch_datetime_operator_2 to 2023-04-05T00:00:00+00:00, run_after=2023-04-06T00:00:00+00:00
[2023-04-05 21:20:25,984] {processor.py:161} INFO - Processing /home/edinaldo/Documents/previsao_remuneracao/previsao_remuneracao/venv/lib/python3.10/site-packages/airflow/example_dags/example_branch_datetime_operator.py took 0.196 seconds
[2023-04-05 21:21:04,087] {processor.py:153} INFO - Started process (PID=53960) to work on /home/edinaldo/Documents/previsao_remuneracao/previsao_remuneracao/venv/lib/python3.10/site-packages/airflow/example_dags/example_branch_datetime_operator.py
[2023-04-05 21:21:04,094] {processor.py:641} INFO - Processing file /home/edinaldo/Documents/previsao_remuneracao/previsao_remuneracao/venv/lib/python3.10/site-packages/airflow/example_dags/example_branch_datetime_operator.py for tasks to queue
[2023-04-05 21:21:04,095] {logging_mixin.py:115} INFO - [2023-04-05 21:21:04,095] {dagbag.py:507} INFO - Filling up the DagBag from /home/edinaldo/Documents/previsao_remuneracao/previsao_remuneracao/venv/lib/python3.10/site-packages/airflow/example_dags/example_branch_datetime_operator.py
[2023-04-05 21:21:04,115] {processor.py:651} INFO - DAG(s) dict_keys(['example_branch_datetime_operator_2']) retrieved from /home/edinaldo/Documents/previsao_remuneracao/previsao_remuneracao/venv/lib/python3.10/site-packages/airflow/example_dags/example_branch_datetime_operator.py
[2023-04-05 21:21:04,136] {logging_mixin.py:115} INFO - [2023-04-05 21:21:04,136] {dag.py:2379} INFO - Sync 1 DAGs
[2023-04-05 21:21:04,157] {logging_mixin.py:115} INFO - [2023-04-05 21:21:04,157] {dag.py:2927} INFO - Setting next_dagrun for example_branch_datetime_operator_2 to 2023-04-05T00:00:00+00:00, run_after=2023-04-06T00:00:00+00:00
[2023-04-05 21:21:04,259] {processor.py:161} INFO - Processing /home/edinaldo/Documents/previsao_remuneracao/previsao_remuneracao/venv/lib/python3.10/site-packages/airflow/example_dags/example_branch_datetime_operator.py took 0.176 seconds
[2023-04-05 21:21:43,767] {processor.py:153} INFO - Started process (PID=54021) to work on /home/edinaldo/Documents/previsao_remuneracao/previsao_remuneracao/venv/lib/python3.10/site-packages/airflow/example_dags/example_branch_datetime_operator.py
[2023-04-05 21:21:43,776] {processor.py:641} INFO - Processing file /home/edinaldo/Documents/previsao_remuneracao/previsao_remuneracao/venv/lib/python3.10/site-packages/airflow/example_dags/example_branch_datetime_operator.py for tasks to queue
[2023-04-05 21:21:43,777] {logging_mixin.py:115} INFO - [2023-04-05 21:21:43,777] {dagbag.py:507} INFO - Filling up the DagBag from /home/edinaldo/Documents/previsao_remuneracao/previsao_remuneracao/venv/lib/python3.10/site-packages/airflow/example_dags/example_branch_datetime_operator.py
[2023-04-05 21:21:43,787] {processor.py:651} INFO - DAG(s) dict_keys(['example_branch_datetime_operator_2']) retrieved from /home/edinaldo/Documents/previsao_remuneracao/previsao_remuneracao/venv/lib/python3.10/site-packages/airflow/example_dags/example_branch_datetime_operator.py
[2023-04-05 21:21:43,806] {logging_mixin.py:115} INFO - [2023-04-05 21:21:43,806] {dag.py:2379} INFO - Sync 1 DAGs
[2023-04-05 21:21:43,826] {logging_mixin.py:115} INFO - [2023-04-05 21:21:43,826] {dag.py:2927} INFO - Setting next_dagrun for example_branch_datetime_operator_2 to 2023-04-05T00:00:00+00:00, run_after=2023-04-06T00:00:00+00:00
[2023-04-05 21:21:43,901] {processor.py:161} INFO - Processing /home/edinaldo/Documents/previsao_remuneracao/previsao_remuneracao/venv/lib/python3.10/site-packages/airflow/example_dags/example_branch_datetime_operator.py took 0.138 seconds
[2023-04-05 21:22:20,955] {processor.py:153} INFO - Started process (PID=54060) to work on /home/edinaldo/Documents/previsao_remuneracao/previsao_remuneracao/venv/lib/python3.10/site-packages/airflow/example_dags/example_branch_datetime_operator.py
[2023-04-05 21:22:20,972] {processor.py:641} INFO - Processing file /home/edinaldo/Documents/previsao_remuneracao/previsao_remuneracao/venv/lib/python3.10/site-packages/airflow/example_dags/example_branch_datetime_operator.py for tasks to queue
[2023-04-05 21:22:20,974] {logging_mixin.py:115} INFO - [2023-04-05 21:22:20,973] {dagbag.py:507} INFO - Filling up the DagBag from /home/edinaldo/Documents/previsao_remuneracao/previsao_remuneracao/venv/lib/python3.10/site-packages/airflow/example_dags/example_branch_datetime_operator.py
[2023-04-05 21:22:20,998] {processor.py:651} INFO - DAG(s) dict_keys(['example_branch_datetime_operator_2']) retrieved from /home/edinaldo/Documents/previsao_remuneracao/previsao_remuneracao/venv/lib/python3.10/site-packages/airflow/example_dags/example_branch_datetime_operator.py
[2023-04-05 21:22:21,017] {logging_mixin.py:115} INFO - [2023-04-05 21:22:21,017] {dag.py:2379} INFO - Sync 1 DAGs
[2023-04-05 21:22:21,038] {logging_mixin.py:115} INFO - [2023-04-05 21:22:21,038] {dag.py:2927} INFO - Setting next_dagrun for example_branch_datetime_operator_2 to 2023-04-05T00:00:00+00:00, run_after=2023-04-06T00:00:00+00:00
[2023-04-05 21:22:21,112] {processor.py:161} INFO - Processing /home/edinaldo/Documents/previsao_remuneracao/previsao_remuneracao/venv/lib/python3.10/site-packages/airflow/example_dags/example_branch_datetime_operator.py took 0.166 seconds
[2023-04-05 21:23:07,508] {processor.py:153} INFO - Started process (PID=54106) to work on /home/edinaldo/Documents/previsao_remuneracao/previsao_remuneracao/venv/lib/python3.10/site-packages/airflow/example_dags/example_branch_datetime_operator.py
[2023-04-05 21:23:07,509] {processor.py:641} INFO - Processing file /home/edinaldo/Documents/previsao_remuneracao/previsao_remuneracao/venv/lib/python3.10/site-packages/airflow/example_dags/example_branch_datetime_operator.py for tasks to queue
[2023-04-05 21:23:07,509] {logging_mixin.py:115} INFO - [2023-04-05 21:23:07,509] {dagbag.py:507} INFO - Filling up the DagBag from /home/edinaldo/Documents/previsao_remuneracao/previsao_remuneracao/venv/lib/python3.10/site-packages/airflow/example_dags/example_branch_datetime_operator.py
[2023-04-05 21:23:07,519] {processor.py:651} INFO - DAG(s) dict_keys(['example_branch_datetime_operator_2']) retrieved from /home/edinaldo/Documents/previsao_remuneracao/previsao_remuneracao/venv/lib/python3.10/site-packages/airflow/example_dags/example_branch_datetime_operator.py
[2023-04-05 21:23:07,536] {logging_mixin.py:115} INFO - [2023-04-05 21:23:07,536] {dag.py:2379} INFO - Sync 1 DAGs
[2023-04-05 21:23:07,556] {logging_mixin.py:115} INFO - [2023-04-05 21:23:07,556] {dag.py:2927} INFO - Setting next_dagrun for example_branch_datetime_operator_2 to 2023-04-05T00:00:00+00:00, run_after=2023-04-06T00:00:00+00:00
[2023-04-05 21:23:07,634] {processor.py:161} INFO - Processing /home/edinaldo/Documents/previsao_remuneracao/previsao_remuneracao/venv/lib/python3.10/site-packages/airflow/example_dags/example_branch_datetime_operator.py took 0.130 seconds
[2023-04-05 21:23:46,946] {processor.py:153} INFO - Started process (PID=54159) to work on /home/edinaldo/Documents/previsao_remuneracao/previsao_remuneracao/venv/lib/python3.10/site-packages/airflow/example_dags/example_branch_datetime_operator.py
[2023-04-05 21:23:46,975] {processor.py:641} INFO - Processing file /home/edinaldo/Documents/previsao_remuneracao/previsao_remuneracao/venv/lib/python3.10/site-packages/airflow/example_dags/example_branch_datetime_operator.py for tasks to queue
[2023-04-05 21:23:46,976] {logging_mixin.py:115} INFO - [2023-04-05 21:23:46,976] {dagbag.py:507} INFO - Filling up the DagBag from /home/edinaldo/Documents/previsao_remuneracao/previsao_remuneracao/venv/lib/python3.10/site-packages/airflow/example_dags/example_branch_datetime_operator.py
[2023-04-05 21:23:47,002] {processor.py:651} INFO - DAG(s) dict_keys(['example_branch_datetime_operator_2']) retrieved from /home/edinaldo/Documents/previsao_remuneracao/previsao_remuneracao/venv/lib/python3.10/site-packages/airflow/example_dags/example_branch_datetime_operator.py
[2023-04-05 21:23:47,021] {logging_mixin.py:115} INFO - [2023-04-05 21:23:47,021] {dag.py:2379} INFO - Sync 1 DAGs
[2023-04-05 21:23:47,042] {logging_mixin.py:115} INFO - [2023-04-05 21:23:47,042] {dag.py:2927} INFO - Setting next_dagrun for example_branch_datetime_operator_2 to 2023-04-05T00:00:00+00:00, run_after=2023-04-06T00:00:00+00:00
[2023-04-05 21:23:47,112] {processor.py:161} INFO - Processing /home/edinaldo/Documents/previsao_remuneracao/previsao_remuneracao/venv/lib/python3.10/site-packages/airflow/example_dags/example_branch_datetime_operator.py took 0.176 seconds
[2023-04-05 21:24:26,711] {processor.py:153} INFO - Started process (PID=54261) to work on /home/edinaldo/Documents/previsao_remuneracao/previsao_remuneracao/venv/lib/python3.10/site-packages/airflow/example_dags/example_branch_datetime_operator.py
[2023-04-05 21:24:26,738] {processor.py:641} INFO - Processing file /home/edinaldo/Documents/previsao_remuneracao/previsao_remuneracao/venv/lib/python3.10/site-packages/airflow/example_dags/example_branch_datetime_operator.py for tasks to queue
[2023-04-05 21:24:26,739] {logging_mixin.py:115} INFO - [2023-04-05 21:24:26,739] {dagbag.py:507} INFO - Filling up the DagBag from /home/edinaldo/Documents/previsao_remuneracao/previsao_remuneracao/venv/lib/python3.10/site-packages/airflow/example_dags/example_branch_datetime_operator.py
[2023-04-05 21:24:26,768] {processor.py:651} INFO - DAG(s) dict_keys(['example_branch_datetime_operator_2']) retrieved from /home/edinaldo/Documents/previsao_remuneracao/previsao_remuneracao/venv/lib/python3.10/site-packages/airflow/example_dags/example_branch_datetime_operator.py
[2023-04-05 21:24:26,798] {logging_mixin.py:115} INFO - [2023-04-05 21:24:26,798] {dag.py:2379} INFO - Sync 1 DAGs
[2023-04-05 21:24:26,824] {logging_mixin.py:115} INFO - [2023-04-05 21:24:26,824] {dag.py:2927} INFO - Setting next_dagrun for example_branch_datetime_operator_2 to 2023-04-05T00:00:00+00:00, run_after=2023-04-06T00:00:00+00:00
[2023-04-05 21:24:27,285] {processor.py:161} INFO - Processing /home/edinaldo/Documents/previsao_remuneracao/previsao_remuneracao/venv/lib/python3.10/site-packages/airflow/example_dags/example_branch_datetime_operator.py took 0.585 seconds
[2023-04-05 21:25:10,840] {processor.py:153} INFO - Started process (PID=54490) to work on /home/edinaldo/Documents/previsao_remuneracao/previsao_remuneracao/venv/lib/python3.10/site-packages/airflow/example_dags/example_branch_datetime_operator.py
[2023-04-05 21:25:10,848] {processor.py:641} INFO - Processing file /home/edinaldo/Documents/previsao_remuneracao/previsao_remuneracao/venv/lib/python3.10/site-packages/airflow/example_dags/example_branch_datetime_operator.py for tasks to queue
[2023-04-05 21:25:10,848] {logging_mixin.py:115} INFO - [2023-04-05 21:25:10,848] {dagbag.py:507} INFO - Filling up the DagBag from /home/edinaldo/Documents/previsao_remuneracao/previsao_remuneracao/venv/lib/python3.10/site-packages/airflow/example_dags/example_branch_datetime_operator.py
[2023-04-05 21:25:10,886] {processor.py:651} INFO - DAG(s) dict_keys(['example_branch_datetime_operator_2']) retrieved from /home/edinaldo/Documents/previsao_remuneracao/previsao_remuneracao/venv/lib/python3.10/site-packages/airflow/example_dags/example_branch_datetime_operator.py
[2023-04-05 21:25:10,904] {logging_mixin.py:115} INFO - [2023-04-05 21:25:10,904] {dag.py:2379} INFO - Sync 1 DAGs
[2023-04-05 21:25:10,925] {logging_mixin.py:115} INFO - [2023-04-05 21:25:10,925] {dag.py:2927} INFO - Setting next_dagrun for example_branch_datetime_operator_2 to 2023-04-05T00:00:00+00:00, run_after=2023-04-06T00:00:00+00:00
[2023-04-05 21:25:11,007] {processor.py:161} INFO - Processing /home/edinaldo/Documents/previsao_remuneracao/previsao_remuneracao/venv/lib/python3.10/site-packages/airflow/example_dags/example_branch_datetime_operator.py took 0.170 seconds
[2023-04-05 21:25:53,217] {processor.py:153} INFO - Started process (PID=54737) to work on /home/edinaldo/Documents/previsao_remuneracao/previsao_remuneracao/venv/lib/python3.10/site-packages/airflow/example_dags/example_branch_datetime_operator.py
[2023-04-05 21:25:53,224] {processor.py:641} INFO - Processing file /home/edinaldo/Documents/previsao_remuneracao/previsao_remuneracao/venv/lib/python3.10/site-packages/airflow/example_dags/example_branch_datetime_operator.py for tasks to queue
[2023-04-05 21:25:53,224] {logging_mixin.py:115} INFO - [2023-04-05 21:25:53,224] {dagbag.py:507} INFO - Filling up the DagBag from /home/edinaldo/Documents/previsao_remuneracao/previsao_remuneracao/venv/lib/python3.10/site-packages/airflow/example_dags/example_branch_datetime_operator.py
[2023-04-05 21:25:53,234] {processor.py:651} INFO - DAG(s) dict_keys(['example_branch_datetime_operator_2']) retrieved from /home/edinaldo/Documents/previsao_remuneracao/previsao_remuneracao/venv/lib/python3.10/site-packages/airflow/example_dags/example_branch_datetime_operator.py
[2023-04-05 21:25:53,251] {logging_mixin.py:115} INFO - [2023-04-05 21:25:53,251] {dag.py:2379} INFO - Sync 1 DAGs
[2023-04-05 21:25:53,271] {logging_mixin.py:115} INFO - [2023-04-05 21:25:53,271] {dag.py:2927} INFO - Setting next_dagrun for example_branch_datetime_operator_2 to 2023-04-05T00:00:00+00:00, run_after=2023-04-06T00:00:00+00:00
[2023-04-05 21:25:53,349] {processor.py:161} INFO - Processing /home/edinaldo/Documents/previsao_remuneracao/previsao_remuneracao/venv/lib/python3.10/site-packages/airflow/example_dags/example_branch_datetime_operator.py took 0.136 seconds
[2023-04-05 21:26:32,710] {processor.py:153} INFO - Started process (PID=54960) to work on /home/edinaldo/Documents/previsao_remuneracao/previsao_remuneracao/venv/lib/python3.10/site-packages/airflow/example_dags/example_branch_datetime_operator.py
[2023-04-05 21:26:32,721] {processor.py:641} INFO - Processing file /home/edinaldo/Documents/previsao_remuneracao/previsao_remuneracao/venv/lib/python3.10/site-packages/airflow/example_dags/example_branch_datetime_operator.py for tasks to queue
[2023-04-05 21:26:32,722] {logging_mixin.py:115} INFO - [2023-04-05 21:26:32,722] {dagbag.py:507} INFO - Filling up the DagBag from /home/edinaldo/Documents/previsao_remuneracao/previsao_remuneracao/venv/lib/python3.10/site-packages/airflow/example_dags/example_branch_datetime_operator.py
[2023-04-05 21:26:32,733] {processor.py:651} INFO - DAG(s) dict_keys(['example_branch_datetime_operator_2']) retrieved from /home/edinaldo/Documents/previsao_remuneracao/previsao_remuneracao/venv/lib/python3.10/site-packages/airflow/example_dags/example_branch_datetime_operator.py
[2023-04-05 21:26:32,753] {logging_mixin.py:115} INFO - [2023-04-05 21:26:32,753] {dag.py:2379} INFO - Sync 1 DAGs
[2023-04-05 21:26:32,780] {logging_mixin.py:115} INFO - [2023-04-05 21:26:32,780] {dag.py:2927} INFO - Setting next_dagrun for example_branch_datetime_operator_2 to 2023-04-05T00:00:00+00:00, run_after=2023-04-06T00:00:00+00:00
[2023-04-05 21:26:32,900] {processor.py:161} INFO - Processing /home/edinaldo/Documents/previsao_remuneracao/previsao_remuneracao/venv/lib/python3.10/site-packages/airflow/example_dags/example_branch_datetime_operator.py took 0.196 seconds
[2023-04-05 21:27:11,719] {processor.py:153} INFO - Started process (PID=55185) to work on /home/edinaldo/Documents/previsao_remuneracao/previsao_remuneracao/venv/lib/python3.10/site-packages/airflow/example_dags/example_branch_datetime_operator.py
[2023-04-05 21:27:11,722] {processor.py:641} INFO - Processing file /home/edinaldo/Documents/previsao_remuneracao/previsao_remuneracao/venv/lib/python3.10/site-packages/airflow/example_dags/example_branch_datetime_operator.py for tasks to queue
[2023-04-05 21:27:11,723] {logging_mixin.py:115} INFO - [2023-04-05 21:27:11,723] {dagbag.py:507} INFO - Filling up the DagBag from /home/edinaldo/Documents/previsao_remuneracao/previsao_remuneracao/venv/lib/python3.10/site-packages/airflow/example_dags/example_branch_datetime_operator.py
[2023-04-05 21:27:11,740] {processor.py:651} INFO - DAG(s) dict_keys(['example_branch_datetime_operator_2']) retrieved from /home/edinaldo/Documents/previsao_remuneracao/previsao_remuneracao/venv/lib/python3.10/site-packages/airflow/example_dags/example_branch_datetime_operator.py
[2023-04-05 21:27:11,757] {logging_mixin.py:115} INFO - [2023-04-05 21:27:11,757] {dag.py:2379} INFO - Sync 1 DAGs
[2023-04-05 21:27:11,781] {logging_mixin.py:115} INFO - [2023-04-05 21:27:11,781] {dag.py:2927} INFO - Setting next_dagrun for example_branch_datetime_operator_2 to 2023-04-05T00:00:00+00:00, run_after=2023-04-06T00:00:00+00:00
[2023-04-05 21:27:11,857] {processor.py:161} INFO - Processing /home/edinaldo/Documents/previsao_remuneracao/previsao_remuneracao/venv/lib/python3.10/site-packages/airflow/example_dags/example_branch_datetime_operator.py took 0.147 seconds
[2023-04-05 21:27:50,112] {processor.py:153} INFO - Started process (PID=55444) to work on /home/edinaldo/Documents/previsao_remuneracao/previsao_remuneracao/venv/lib/python3.10/site-packages/airflow/example_dags/example_branch_datetime_operator.py
[2023-04-05 21:27:50,120] {processor.py:641} INFO - Processing file /home/edinaldo/Documents/previsao_remuneracao/previsao_remuneracao/venv/lib/python3.10/site-packages/airflow/example_dags/example_branch_datetime_operator.py for tasks to queue
[2023-04-05 21:27:50,126] {logging_mixin.py:115} INFO - [2023-04-05 21:27:50,126] {dagbag.py:507} INFO - Filling up the DagBag from /home/edinaldo/Documents/previsao_remuneracao/previsao_remuneracao/venv/lib/python3.10/site-packages/airflow/example_dags/example_branch_datetime_operator.py
[2023-04-05 21:27:50,156] {processor.py:651} INFO - DAG(s) dict_keys(['example_branch_datetime_operator_2']) retrieved from /home/edinaldo/Documents/previsao_remuneracao/previsao_remuneracao/venv/lib/python3.10/site-packages/airflow/example_dags/example_branch_datetime_operator.py
[2023-04-05 21:27:50,197] {logging_mixin.py:115} INFO - [2023-04-05 21:27:50,196] {dag.py:2379} INFO - Sync 1 DAGs
[2023-04-05 21:27:50,234] {logging_mixin.py:115} INFO - [2023-04-05 21:27:50,233] {dag.py:2927} INFO - Setting next_dagrun for example_branch_datetime_operator_2 to 2023-04-05T00:00:00+00:00, run_after=2023-04-06T00:00:00+00:00
[2023-04-05 21:27:50,312] {processor.py:161} INFO - Processing /home/edinaldo/Documents/previsao_remuneracao/previsao_remuneracao/venv/lib/python3.10/site-packages/airflow/example_dags/example_branch_datetime_operator.py took 0.213 seconds
[2023-04-05 21:28:38,269] {processor.py:153} INFO - Started process (PID=55588) to work on /home/edinaldo/Documents/previsao_remuneracao/previsao_remuneracao/venv/lib/python3.10/site-packages/airflow/example_dags/example_branch_datetime_operator.py
[2023-04-05 21:28:38,296] {processor.py:641} INFO - Processing file /home/edinaldo/Documents/previsao_remuneracao/previsao_remuneracao/venv/lib/python3.10/site-packages/airflow/example_dags/example_branch_datetime_operator.py for tasks to queue
[2023-04-05 21:28:38,298] {logging_mixin.py:115} INFO - [2023-04-05 21:28:38,298] {dagbag.py:507} INFO - Filling up the DagBag from /home/edinaldo/Documents/previsao_remuneracao/previsao_remuneracao/venv/lib/python3.10/site-packages/airflow/example_dags/example_branch_datetime_operator.py
[2023-04-05 21:28:38,368] {processor.py:651} INFO - DAG(s) dict_keys(['example_branch_datetime_operator_2']) retrieved from /home/edinaldo/Documents/previsao_remuneracao/previsao_remuneracao/venv/lib/python3.10/site-packages/airflow/example_dags/example_branch_datetime_operator.py
[2023-04-05 21:28:38,403] {logging_mixin.py:115} INFO - [2023-04-05 21:28:38,403] {dag.py:2379} INFO - Sync 1 DAGs
[2023-04-05 21:28:38,456] {logging_mixin.py:115} INFO - [2023-04-05 21:28:38,455] {dag.py:2927} INFO - Setting next_dagrun for example_branch_datetime_operator_2 to 2023-04-05T00:00:00+00:00, run_after=2023-04-06T00:00:00+00:00
[2023-04-05 21:28:38,535] {processor.py:161} INFO - Processing /home/edinaldo/Documents/previsao_remuneracao/previsao_remuneracao/venv/lib/python3.10/site-packages/airflow/example_dags/example_branch_datetime_operator.py took 0.272 seconds
[2023-04-05 21:29:21,013] {processor.py:153} INFO - Started process (PID=55623) to work on /home/edinaldo/Documents/previsao_remuneracao/previsao_remuneracao/venv/lib/python3.10/site-packages/airflow/example_dags/example_branch_datetime_operator.py
[2023-04-05 21:29:21,026] {processor.py:641} INFO - Processing file /home/edinaldo/Documents/previsao_remuneracao/previsao_remuneracao/venv/lib/python3.10/site-packages/airflow/example_dags/example_branch_datetime_operator.py for tasks to queue
[2023-04-05 21:29:21,028] {logging_mixin.py:115} INFO - [2023-04-05 21:29:21,028] {dagbag.py:507} INFO - Filling up the DagBag from /home/edinaldo/Documents/previsao_remuneracao/previsao_remuneracao/venv/lib/python3.10/site-packages/airflow/example_dags/example_branch_datetime_operator.py
[2023-04-05 21:29:21,071] {processor.py:651} INFO - DAG(s) dict_keys(['example_branch_datetime_operator_2']) retrieved from /home/edinaldo/Documents/previsao_remuneracao/previsao_remuneracao/venv/lib/python3.10/site-packages/airflow/example_dags/example_branch_datetime_operator.py
[2023-04-05 21:29:21,120] {logging_mixin.py:115} INFO - [2023-04-05 21:29:21,120] {dag.py:2379} INFO - Sync 1 DAGs
[2023-04-05 21:29:21,162] {logging_mixin.py:115} INFO - [2023-04-05 21:29:21,162] {dag.py:2927} INFO - Setting next_dagrun for example_branch_datetime_operator_2 to 2023-04-05T00:00:00+00:00, run_after=2023-04-06T00:00:00+00:00
[2023-04-05 21:29:21,238] {processor.py:161} INFO - Processing /home/edinaldo/Documents/previsao_remuneracao/previsao_remuneracao/venv/lib/python3.10/site-packages/airflow/example_dags/example_branch_datetime_operator.py took 0.240 seconds
[2023-04-05 21:30:05,244] {processor.py:153} INFO - Started process (PID=55665) to work on /home/edinaldo/Documents/previsao_remuneracao/previsao_remuneracao/venv/lib/python3.10/site-packages/airflow/example_dags/example_branch_datetime_operator.py
[2023-04-05 21:30:05,249] {processor.py:641} INFO - Processing file /home/edinaldo/Documents/previsao_remuneracao/previsao_remuneracao/venv/lib/python3.10/site-packages/airflow/example_dags/example_branch_datetime_operator.py for tasks to queue
[2023-04-05 21:30:05,250] {logging_mixin.py:115} INFO - [2023-04-05 21:30:05,250] {dagbag.py:507} INFO - Filling up the DagBag from /home/edinaldo/Documents/previsao_remuneracao/previsao_remuneracao/venv/lib/python3.10/site-packages/airflow/example_dags/example_branch_datetime_operator.py
[2023-04-05 21:30:05,272] {processor.py:651} INFO - DAG(s) dict_keys(['example_branch_datetime_operator_2']) retrieved from /home/edinaldo/Documents/previsao_remuneracao/previsao_remuneracao/venv/lib/python3.10/site-packages/airflow/example_dags/example_branch_datetime_operator.py
[2023-04-05 21:30:05,306] {logging_mixin.py:115} INFO - [2023-04-05 21:30:05,306] {dag.py:2379} INFO - Sync 1 DAGs
[2023-04-05 21:30:05,346] {logging_mixin.py:115} INFO - [2023-04-05 21:30:05,346] {dag.py:2927} INFO - Setting next_dagrun for example_branch_datetime_operator_2 to 2023-04-05T00:00:00+00:00, run_after=2023-04-06T00:00:00+00:00
[2023-04-05 21:30:05,412] {processor.py:161} INFO - Processing /home/edinaldo/Documents/previsao_remuneracao/previsao_remuneracao/venv/lib/python3.10/site-packages/airflow/example_dags/example_branch_datetime_operator.py took 0.174 seconds
[2023-04-05 21:30:42,745] {processor.py:153} INFO - Started process (PID=55700) to work on /home/edinaldo/Documents/previsao_remuneracao/previsao_remuneracao/venv/lib/python3.10/site-packages/airflow/example_dags/example_branch_datetime_operator.py
[2023-04-05 21:30:42,750] {processor.py:641} INFO - Processing file /home/edinaldo/Documents/previsao_remuneracao/previsao_remuneracao/venv/lib/python3.10/site-packages/airflow/example_dags/example_branch_datetime_operator.py for tasks to queue
[2023-04-05 21:30:42,750] {logging_mixin.py:115} INFO - [2023-04-05 21:30:42,750] {dagbag.py:507} INFO - Filling up the DagBag from /home/edinaldo/Documents/previsao_remuneracao/previsao_remuneracao/venv/lib/python3.10/site-packages/airflow/example_dags/example_branch_datetime_operator.py
[2023-04-05 21:30:42,765] {processor.py:651} INFO - DAG(s) dict_keys(['example_branch_datetime_operator_2']) retrieved from /home/edinaldo/Documents/previsao_remuneracao/previsao_remuneracao/venv/lib/python3.10/site-packages/airflow/example_dags/example_branch_datetime_operator.py
[2023-04-05 21:30:42,786] {logging_mixin.py:115} INFO - [2023-04-05 21:30:42,786] {dag.py:2379} INFO - Sync 1 DAGs
[2023-04-05 21:30:42,812] {logging_mixin.py:115} INFO - [2023-04-05 21:30:42,812] {dag.py:2927} INFO - Setting next_dagrun for example_branch_datetime_operator_2 to 2023-04-05T00:00:00+00:00, run_after=2023-04-06T00:00:00+00:00
[2023-04-05 21:30:42,899] {processor.py:161} INFO - Processing /home/edinaldo/Documents/previsao_remuneracao/previsao_remuneracao/venv/lib/python3.10/site-packages/airflow/example_dags/example_branch_datetime_operator.py took 0.159 seconds
[2023-04-05 21:31:20,357] {processor.py:153} INFO - Started process (PID=55757) to work on /home/edinaldo/Documents/previsao_remuneracao/previsao_remuneracao/venv/lib/python3.10/site-packages/airflow/example_dags/example_branch_datetime_operator.py
[2023-04-05 21:31:20,365] {processor.py:641} INFO - Processing file /home/edinaldo/Documents/previsao_remuneracao/previsao_remuneracao/venv/lib/python3.10/site-packages/airflow/example_dags/example_branch_datetime_operator.py for tasks to queue
[2023-04-05 21:31:20,366] {logging_mixin.py:115} INFO - [2023-04-05 21:31:20,366] {dagbag.py:507} INFO - Filling up the DagBag from /home/edinaldo/Documents/previsao_remuneracao/previsao_remuneracao/venv/lib/python3.10/site-packages/airflow/example_dags/example_branch_datetime_operator.py
[2023-04-05 21:31:20,379] {processor.py:651} INFO - DAG(s) dict_keys(['example_branch_datetime_operator_2']) retrieved from /home/edinaldo/Documents/previsao_remuneracao/previsao_remuneracao/venv/lib/python3.10/site-packages/airflow/example_dags/example_branch_datetime_operator.py
[2023-04-05 21:31:20,398] {logging_mixin.py:115} INFO - [2023-04-05 21:31:20,398] {dag.py:2379} INFO - Sync 1 DAGs
[2023-04-05 21:31:20,424] {logging_mixin.py:115} INFO - [2023-04-05 21:31:20,424] {dag.py:2927} INFO - Setting next_dagrun for example_branch_datetime_operator_2 to 2023-04-05T00:00:00+00:00, run_after=2023-04-06T00:00:00+00:00
[2023-04-05 21:31:20,491] {processor.py:161} INFO - Processing /home/edinaldo/Documents/previsao_remuneracao/previsao_remuneracao/venv/lib/python3.10/site-packages/airflow/example_dags/example_branch_datetime_operator.py took 0.141 seconds
[2023-04-05 21:32:09,558] {processor.py:153} INFO - Started process (PID=56001) to work on /home/edinaldo/Documents/previsao_remuneracao/previsao_remuneracao/venv/lib/python3.10/site-packages/airflow/example_dags/example_branch_datetime_operator.py
[2023-04-05 21:32:09,580] {processor.py:641} INFO - Processing file /home/edinaldo/Documents/previsao_remuneracao/previsao_remuneracao/venv/lib/python3.10/site-packages/airflow/example_dags/example_branch_datetime_operator.py for tasks to queue
[2023-04-05 21:32:09,582] {logging_mixin.py:115} INFO - [2023-04-05 21:32:09,581] {dagbag.py:507} INFO - Filling up the DagBag from /home/edinaldo/Documents/previsao_remuneracao/previsao_remuneracao/venv/lib/python3.10/site-packages/airflow/example_dags/example_branch_datetime_operator.py
[2023-04-05 21:32:09,621] {processor.py:651} INFO - DAG(s) dict_keys(['example_branch_datetime_operator_2']) retrieved from /home/edinaldo/Documents/previsao_remuneracao/previsao_remuneracao/venv/lib/python3.10/site-packages/airflow/example_dags/example_branch_datetime_operator.py
[2023-04-05 21:32:09,674] {logging_mixin.py:115} INFO - [2023-04-05 21:32:09,674] {dag.py:2379} INFO - Sync 1 DAGs
[2023-04-05 21:32:09,704] {logging_mixin.py:115} INFO - [2023-04-05 21:32:09,704] {dag.py:2927} INFO - Setting next_dagrun for example_branch_datetime_operator_2 to 2023-04-05T00:00:00+00:00, run_after=2023-04-06T00:00:00+00:00
[2023-04-05 21:32:09,818] {processor.py:161} INFO - Processing /home/edinaldo/Documents/previsao_remuneracao/previsao_remuneracao/venv/lib/python3.10/site-packages/airflow/example_dags/example_branch_datetime_operator.py took 0.271 seconds
[2023-04-05 21:32:58,498] {processor.py:153} INFO - Started process (PID=56095) to work on /home/edinaldo/Documents/previsao_remuneracao/previsao_remuneracao/venv/lib/python3.10/site-packages/airflow/example_dags/example_branch_datetime_operator.py
[2023-04-05 21:32:58,513] {processor.py:641} INFO - Processing file /home/edinaldo/Documents/previsao_remuneracao/previsao_remuneracao/venv/lib/python3.10/site-packages/airflow/example_dags/example_branch_datetime_operator.py for tasks to queue
[2023-04-05 21:32:58,514] {logging_mixin.py:115} INFO - [2023-04-05 21:32:58,514] {dagbag.py:507} INFO - Filling up the DagBag from /home/edinaldo/Documents/previsao_remuneracao/previsao_remuneracao/venv/lib/python3.10/site-packages/airflow/example_dags/example_branch_datetime_operator.py
[2023-04-05 21:32:58,536] {processor.py:651} INFO - DAG(s) dict_keys(['example_branch_datetime_operator_2']) retrieved from /home/edinaldo/Documents/previsao_remuneracao/previsao_remuneracao/venv/lib/python3.10/site-packages/airflow/example_dags/example_branch_datetime_operator.py
[2023-04-05 21:32:58,566] {logging_mixin.py:115} INFO - [2023-04-05 21:32:58,565] {dag.py:2379} INFO - Sync 1 DAGs
[2023-04-05 21:32:58,612] {logging_mixin.py:115} INFO - [2023-04-05 21:32:58,612] {dag.py:2927} INFO - Setting next_dagrun for example_branch_datetime_operator_2 to 2023-04-05T00:00:00+00:00, run_after=2023-04-06T00:00:00+00:00
[2023-04-05 21:32:58,772] {processor.py:161} INFO - Processing /home/edinaldo/Documents/previsao_remuneracao/previsao_remuneracao/venv/lib/python3.10/site-packages/airflow/example_dags/example_branch_datetime_operator.py took 0.281 seconds
[2023-04-05 21:33:40,037] {processor.py:153} INFO - Started process (PID=56143) to work on /home/edinaldo/Documents/previsao_remuneracao/previsao_remuneracao/venv/lib/python3.10/site-packages/airflow/example_dags/example_branch_datetime_operator.py
[2023-04-05 21:33:40,043] {processor.py:641} INFO - Processing file /home/edinaldo/Documents/previsao_remuneracao/previsao_remuneracao/venv/lib/python3.10/site-packages/airflow/example_dags/example_branch_datetime_operator.py for tasks to queue
[2023-04-05 21:33:40,043] {logging_mixin.py:115} INFO - [2023-04-05 21:33:40,043] {dagbag.py:507} INFO - Filling up the DagBag from /home/edinaldo/Documents/previsao_remuneracao/previsao_remuneracao/venv/lib/python3.10/site-packages/airflow/example_dags/example_branch_datetime_operator.py
[2023-04-05 21:33:40,056] {processor.py:651} INFO - DAG(s) dict_keys(['example_branch_datetime_operator_2']) retrieved from /home/edinaldo/Documents/previsao_remuneracao/previsao_remuneracao/venv/lib/python3.10/site-packages/airflow/example_dags/example_branch_datetime_operator.py
[2023-04-05 21:33:40,077] {logging_mixin.py:115} INFO - [2023-04-05 21:33:40,077] {dag.py:2379} INFO - Sync 1 DAGs
[2023-04-05 21:33:40,105] {logging_mixin.py:115} INFO - [2023-04-05 21:33:40,105] {dag.py:2927} INFO - Setting next_dagrun for example_branch_datetime_operator_2 to 2023-04-05T00:00:00+00:00, run_after=2023-04-06T00:00:00+00:00
[2023-04-05 21:33:40,178] {processor.py:161} INFO - Processing /home/edinaldo/Documents/previsao_remuneracao/previsao_remuneracao/venv/lib/python3.10/site-packages/airflow/example_dags/example_branch_datetime_operator.py took 0.147 seconds
[2023-04-05 21:34:20,213] {processor.py:153} INFO - Started process (PID=56201) to work on /home/edinaldo/Documents/previsao_remuneracao/previsao_remuneracao/venv/lib/python3.10/site-packages/airflow/example_dags/example_branch_datetime_operator.py
[2023-04-05 21:34:20,223] {processor.py:641} INFO - Processing file /home/edinaldo/Documents/previsao_remuneracao/previsao_remuneracao/venv/lib/python3.10/site-packages/airflow/example_dags/example_branch_datetime_operator.py for tasks to queue
[2023-04-05 21:34:20,224] {logging_mixin.py:115} INFO - [2023-04-05 21:34:20,224] {dagbag.py:507} INFO - Filling up the DagBag from /home/edinaldo/Documents/previsao_remuneracao/previsao_remuneracao/venv/lib/python3.10/site-packages/airflow/example_dags/example_branch_datetime_operator.py
[2023-04-05 21:34:20,237] {processor.py:651} INFO - DAG(s) dict_keys(['example_branch_datetime_operator_2']) retrieved from /home/edinaldo/Documents/previsao_remuneracao/previsao_remuneracao/venv/lib/python3.10/site-packages/airflow/example_dags/example_branch_datetime_operator.py
[2023-04-05 21:34:20,369] {logging_mixin.py:115} INFO - [2023-04-05 21:34:20,369] {dag.py:2379} INFO - Sync 1 DAGs
[2023-04-05 21:34:20,401] {logging_mixin.py:115} INFO - [2023-04-05 21:34:20,401] {dag.py:2927} INFO - Setting next_dagrun for example_branch_datetime_operator_2 to 2023-04-05T00:00:00+00:00, run_after=2023-04-06T00:00:00+00:00
[2023-04-05 21:34:20,477] {processor.py:161} INFO - Processing /home/edinaldo/Documents/previsao_remuneracao/previsao_remuneracao/venv/lib/python3.10/site-packages/airflow/example_dags/example_branch_datetime_operator.py took 0.270 seconds
[2023-04-05 21:35:07,204] {processor.py:153} INFO - Started process (PID=56258) to work on /home/edinaldo/Documents/previsao_remuneracao/previsao_remuneracao/venv/lib/python3.10/site-packages/airflow/example_dags/example_branch_datetime_operator.py
[2023-04-05 21:35:07,215] {processor.py:641} INFO - Processing file /home/edinaldo/Documents/previsao_remuneracao/previsao_remuneracao/venv/lib/python3.10/site-packages/airflow/example_dags/example_branch_datetime_operator.py for tasks to queue
[2023-04-05 21:35:07,216] {logging_mixin.py:115} INFO - [2023-04-05 21:35:07,215] {dagbag.py:507} INFO - Filling up the DagBag from /home/edinaldo/Documents/previsao_remuneracao/previsao_remuneracao/venv/lib/python3.10/site-packages/airflow/example_dags/example_branch_datetime_operator.py
[2023-04-05 21:35:07,231] {processor.py:651} INFO - DAG(s) dict_keys(['example_branch_datetime_operator_2']) retrieved from /home/edinaldo/Documents/previsao_remuneracao/previsao_remuneracao/venv/lib/python3.10/site-packages/airflow/example_dags/example_branch_datetime_operator.py
[2023-04-05 21:35:07,263] {logging_mixin.py:115} INFO - [2023-04-05 21:35:07,262] {dag.py:2379} INFO - Sync 1 DAGs
[2023-04-05 21:35:07,303] {logging_mixin.py:115} INFO - [2023-04-05 21:35:07,302] {dag.py:2927} INFO - Setting next_dagrun for example_branch_datetime_operator_2 to 2023-04-05T00:00:00+00:00, run_after=2023-04-06T00:00:00+00:00
[2023-04-05 21:35:07,411] {processor.py:161} INFO - Processing /home/edinaldo/Documents/previsao_remuneracao/previsao_remuneracao/venv/lib/python3.10/site-packages/airflow/example_dags/example_branch_datetime_operator.py took 0.213 seconds
[2023-04-05 21:36:39,465] {processor.py:153} INFO - Started process (PID=56679) to work on /home/edinaldo/Documents/previsao_remuneracao/previsao_remuneracao/venv/lib/python3.10/site-packages/airflow/example_dags/example_branch_datetime_operator.py
[2023-04-05 21:36:39,540] {processor.py:641} INFO - Processing file /home/edinaldo/Documents/previsao_remuneracao/previsao_remuneracao/venv/lib/python3.10/site-packages/airflow/example_dags/example_branch_datetime_operator.py for tasks to queue
[2023-04-05 21:36:39,542] {logging_mixin.py:115} INFO - [2023-04-05 21:36:39,542] {dagbag.py:507} INFO - Filling up the DagBag from /home/edinaldo/Documents/previsao_remuneracao/previsao_remuneracao/venv/lib/python3.10/site-packages/airflow/example_dags/example_branch_datetime_operator.py
[2023-04-05 21:36:39,968] {processor.py:651} INFO - DAG(s) dict_keys(['example_branch_datetime_operator_2']) retrieved from /home/edinaldo/Documents/previsao_remuneracao/previsao_remuneracao/venv/lib/python3.10/site-packages/airflow/example_dags/example_branch_datetime_operator.py
[2023-04-05 21:36:40,272] {logging_mixin.py:115} INFO - [2023-04-05 21:36:40,272] {dag.py:2379} INFO - Sync 1 DAGs
[2023-04-05 21:36:40,509] {logging_mixin.py:115} INFO - [2023-04-05 21:36:40,508] {dag.py:2927} INFO - Setting next_dagrun for example_branch_datetime_operator_2 to 2023-04-05T00:00:00+00:00, run_after=2023-04-06T00:00:00+00:00
[2023-04-05 21:36:40,858] {processor.py:161} INFO - Processing /home/edinaldo/Documents/previsao_remuneracao/previsao_remuneracao/venv/lib/python3.10/site-packages/airflow/example_dags/example_branch_datetime_operator.py took 1.402 seconds
[2023-04-05 21:37:51,213] {processor.py:153} INFO - Started process (PID=56882) to work on /home/edinaldo/Documents/previsao_remuneracao/previsao_remuneracao/venv/lib/python3.10/site-packages/airflow/example_dags/example_branch_datetime_operator.py
[2023-04-05 21:37:51,261] {processor.py:641} INFO - Processing file /home/edinaldo/Documents/previsao_remuneracao/previsao_remuneracao/venv/lib/python3.10/site-packages/airflow/example_dags/example_branch_datetime_operator.py for tasks to queue
[2023-04-05 21:37:51,262] {logging_mixin.py:115} INFO - [2023-04-05 21:37:51,262] {dagbag.py:507} INFO - Filling up the DagBag from /home/edinaldo/Documents/previsao_remuneracao/previsao_remuneracao/venv/lib/python3.10/site-packages/airflow/example_dags/example_branch_datetime_operator.py
[2023-04-05 21:37:51,337] {processor.py:651} INFO - DAG(s) dict_keys(['example_branch_datetime_operator_2']) retrieved from /home/edinaldo/Documents/previsao_remuneracao/previsao_remuneracao/venv/lib/python3.10/site-packages/airflow/example_dags/example_branch_datetime_operator.py
[2023-04-05 21:37:51,374] {logging_mixin.py:115} INFO - [2023-04-05 21:37:51,374] {dag.py:2379} INFO - Sync 1 DAGs
[2023-04-05 21:37:51,401] {logging_mixin.py:115} INFO - [2023-04-05 21:37:51,401] {dag.py:2927} INFO - Setting next_dagrun for example_branch_datetime_operator_2 to 2023-04-05T00:00:00+00:00, run_after=2023-04-06T00:00:00+00:00
[2023-04-05 21:37:51,571] {processor.py:161} INFO - Processing /home/edinaldo/Documents/previsao_remuneracao/previsao_remuneracao/venv/lib/python3.10/site-packages/airflow/example_dags/example_branch_datetime_operator.py took 0.369 seconds
[2023-04-05 21:38:47,280] {processor.py:153} INFO - Started process (PID=57188) to work on /home/edinaldo/Documents/previsao_remuneracao/previsao_remuneracao/venv/lib/python3.10/site-packages/airflow/example_dags/example_branch_datetime_operator.py
[2023-04-05 21:38:47,331] {processor.py:641} INFO - Processing file /home/edinaldo/Documents/previsao_remuneracao/previsao_remuneracao/venv/lib/python3.10/site-packages/airflow/example_dags/example_branch_datetime_operator.py for tasks to queue
[2023-04-05 21:38:47,334] {logging_mixin.py:115} INFO - [2023-04-05 21:38:47,333] {dagbag.py:507} INFO - Filling up the DagBag from /home/edinaldo/Documents/previsao_remuneracao/previsao_remuneracao/venv/lib/python3.10/site-packages/airflow/example_dags/example_branch_datetime_operator.py
[2023-04-05 21:38:47,572] {processor.py:651} INFO - DAG(s) dict_keys(['example_branch_datetime_operator_2']) retrieved from /home/edinaldo/Documents/previsao_remuneracao/previsao_remuneracao/venv/lib/python3.10/site-packages/airflow/example_dags/example_branch_datetime_operator.py
[2023-04-05 21:38:47,660] {logging_mixin.py:115} INFO - [2023-04-05 21:38:47,660] {dag.py:2379} INFO - Sync 1 DAGs
[2023-04-05 21:38:47,701] {logging_mixin.py:115} INFO - [2023-04-05 21:38:47,700] {dag.py:2927} INFO - Setting next_dagrun for example_branch_datetime_operator_2 to 2023-04-05T00:00:00+00:00, run_after=2023-04-06T00:00:00+00:00
[2023-04-05 21:38:48,046] {processor.py:161} INFO - Processing /home/edinaldo/Documents/previsao_remuneracao/previsao_remuneracao/venv/lib/python3.10/site-packages/airflow/example_dags/example_branch_datetime_operator.py took 0.777 seconds
[2023-04-05 21:39:58,113] {processor.py:153} INFO - Started process (PID=57498) to work on /home/edinaldo/Documents/previsao_remuneracao/previsao_remuneracao/venv/lib/python3.10/site-packages/airflow/example_dags/example_branch_datetime_operator.py
[2023-04-05 21:39:58,124] {processor.py:641} INFO - Processing file /home/edinaldo/Documents/previsao_remuneracao/previsao_remuneracao/venv/lib/python3.10/site-packages/airflow/example_dags/example_branch_datetime_operator.py for tasks to queue
[2023-04-05 21:39:58,126] {logging_mixin.py:115} INFO - [2023-04-05 21:39:58,126] {dagbag.py:507} INFO - Filling up the DagBag from /home/edinaldo/Documents/previsao_remuneracao/previsao_remuneracao/venv/lib/python3.10/site-packages/airflow/example_dags/example_branch_datetime_operator.py
[2023-04-05 21:39:58,150] {processor.py:651} INFO - DAG(s) dict_keys(['example_branch_datetime_operator_2']) retrieved from /home/edinaldo/Documents/previsao_remuneracao/previsao_remuneracao/venv/lib/python3.10/site-packages/airflow/example_dags/example_branch_datetime_operator.py
[2023-04-05 21:39:58,167] {logging_mixin.py:115} INFO - [2023-04-05 21:39:58,167] {dag.py:2379} INFO - Sync 1 DAGs
[2023-04-05 21:39:58,189] {logging_mixin.py:115} INFO - [2023-04-05 21:39:58,188] {dag.py:2927} INFO - Setting next_dagrun for example_branch_datetime_operator_2 to 2023-04-05T00:00:00+00:00, run_after=2023-04-06T00:00:00+00:00
[2023-04-05 21:39:58,274] {processor.py:161} INFO - Processing /home/edinaldo/Documents/previsao_remuneracao/previsao_remuneracao/venv/lib/python3.10/site-packages/airflow/example_dags/example_branch_datetime_operator.py took 0.170 seconds
[2023-04-05 21:40:40,070] {processor.py:153} INFO - Started process (PID=57723) to work on /home/edinaldo/Documents/previsao_remuneracao/previsao_remuneracao/venv/lib/python3.10/site-packages/airflow/example_dags/example_branch_datetime_operator.py
[2023-04-05 21:40:40,090] {processor.py:641} INFO - Processing file /home/edinaldo/Documents/previsao_remuneracao/previsao_remuneracao/venv/lib/python3.10/site-packages/airflow/example_dags/example_branch_datetime_operator.py for tasks to queue
[2023-04-05 21:40:40,092] {logging_mixin.py:115} INFO - [2023-04-05 21:40:40,092] {dagbag.py:507} INFO - Filling up the DagBag from /home/edinaldo/Documents/previsao_remuneracao/previsao_remuneracao/venv/lib/python3.10/site-packages/airflow/example_dags/example_branch_datetime_operator.py
[2023-04-05 21:40:40,144] {processor.py:651} INFO - DAG(s) dict_keys(['example_branch_datetime_operator_2']) retrieved from /home/edinaldo/Documents/previsao_remuneracao/previsao_remuneracao/venv/lib/python3.10/site-packages/airflow/example_dags/example_branch_datetime_operator.py
[2023-04-05 21:40:40,165] {logging_mixin.py:115} INFO - [2023-04-05 21:40:40,165] {dag.py:2379} INFO - Sync 1 DAGs
[2023-04-05 21:40:40,187] {logging_mixin.py:115} INFO - [2023-04-05 21:40:40,187] {dag.py:2927} INFO - Setting next_dagrun for example_branch_datetime_operator_2 to 2023-04-05T00:00:00+00:00, run_after=2023-04-06T00:00:00+00:00
[2023-04-05 21:40:40,331] {processor.py:161} INFO - Processing /home/edinaldo/Documents/previsao_remuneracao/previsao_remuneracao/venv/lib/python3.10/site-packages/airflow/example_dags/example_branch_datetime_operator.py took 0.270 seconds
[2023-04-05 21:41:23,081] {processor.py:153} INFO - Started process (PID=57971) to work on /home/edinaldo/Documents/previsao_remuneracao/previsao_remuneracao/venv/lib/python3.10/site-packages/airflow/example_dags/example_branch_datetime_operator.py
[2023-04-05 21:41:23,083] {processor.py:641} INFO - Processing file /home/edinaldo/Documents/previsao_remuneracao/previsao_remuneracao/venv/lib/python3.10/site-packages/airflow/example_dags/example_branch_datetime_operator.py for tasks to queue
[2023-04-05 21:41:23,085] {logging_mixin.py:115} INFO - [2023-04-05 21:41:23,085] {dagbag.py:507} INFO - Filling up the DagBag from /home/edinaldo/Documents/previsao_remuneracao/previsao_remuneracao/venv/lib/python3.10/site-packages/airflow/example_dags/example_branch_datetime_operator.py
[2023-04-05 21:41:23,120] {processor.py:651} INFO - DAG(s) dict_keys(['example_branch_datetime_operator_2']) retrieved from /home/edinaldo/Documents/previsao_remuneracao/previsao_remuneracao/venv/lib/python3.10/site-packages/airflow/example_dags/example_branch_datetime_operator.py
[2023-04-05 21:41:23,139] {logging_mixin.py:115} INFO - [2023-04-05 21:41:23,139] {dag.py:2379} INFO - Sync 1 DAGs
[2023-04-05 21:41:23,160] {logging_mixin.py:115} INFO - [2023-04-05 21:41:23,160] {dag.py:2927} INFO - Setting next_dagrun for example_branch_datetime_operator_2 to 2023-04-05T00:00:00+00:00, run_after=2023-04-06T00:00:00+00:00
[2023-04-05 21:41:23,242] {processor.py:161} INFO - Processing /home/edinaldo/Documents/previsao_remuneracao/previsao_remuneracao/venv/lib/python3.10/site-packages/airflow/example_dags/example_branch_datetime_operator.py took 0.170 seconds
[2023-04-05 21:42:07,915] {processor.py:153} INFO - Started process (PID=58247) to work on /home/edinaldo/Documents/previsao_remuneracao/previsao_remuneracao/venv/lib/python3.10/site-packages/airflow/example_dags/example_branch_datetime_operator.py
[2023-04-05 21:42:07,939] {processor.py:641} INFO - Processing file /home/edinaldo/Documents/previsao_remuneracao/previsao_remuneracao/venv/lib/python3.10/site-packages/airflow/example_dags/example_branch_datetime_operator.py for tasks to queue
[2023-04-05 21:42:07,940] {logging_mixin.py:115} INFO - [2023-04-05 21:42:07,940] {dagbag.py:507} INFO - Filling up the DagBag from /home/edinaldo/Documents/previsao_remuneracao/previsao_remuneracao/venv/lib/python3.10/site-packages/airflow/example_dags/example_branch_datetime_operator.py
[2023-04-05 21:42:07,982] {processor.py:651} INFO - DAG(s) dict_keys(['example_branch_datetime_operator_2']) retrieved from /home/edinaldo/Documents/previsao_remuneracao/previsao_remuneracao/venv/lib/python3.10/site-packages/airflow/example_dags/example_branch_datetime_operator.py
[2023-04-05 21:42:08,009] {logging_mixin.py:115} INFO - [2023-04-05 21:42:08,009] {dag.py:2379} INFO - Sync 1 DAGs
[2023-04-05 21:42:08,031] {logging_mixin.py:115} INFO - [2023-04-05 21:42:08,031] {dag.py:2927} INFO - Setting next_dagrun for example_branch_datetime_operator_2 to 2023-04-05T00:00:00+00:00, run_after=2023-04-06T00:00:00+00:00
[2023-04-05 21:42:08,111] {processor.py:161} INFO - Processing /home/edinaldo/Documents/previsao_remuneracao/previsao_remuneracao/venv/lib/python3.10/site-packages/airflow/example_dags/example_branch_datetime_operator.py took 0.206 seconds
[2023-04-05 21:42:56,013] {processor.py:153} INFO - Started process (PID=58511) to work on /home/edinaldo/Documents/previsao_remuneracao/previsao_remuneracao/venv/lib/python3.10/site-packages/airflow/example_dags/example_branch_datetime_operator.py
[2023-04-05 21:42:56,280] {processor.py:641} INFO - Processing file /home/edinaldo/Documents/previsao_remuneracao/previsao_remuneracao/venv/lib/python3.10/site-packages/airflow/example_dags/example_branch_datetime_operator.py for tasks to queue
[2023-04-05 21:42:56,282] {logging_mixin.py:115} INFO - [2023-04-05 21:42:56,281] {dagbag.py:507} INFO - Filling up the DagBag from /home/edinaldo/Documents/previsao_remuneracao/previsao_remuneracao/venv/lib/python3.10/site-packages/airflow/example_dags/example_branch_datetime_operator.py
[2023-04-05 21:42:56,688] {processor.py:651} INFO - DAG(s) dict_keys(['example_branch_datetime_operator_2']) retrieved from /home/edinaldo/Documents/previsao_remuneracao/previsao_remuneracao/venv/lib/python3.10/site-packages/airflow/example_dags/example_branch_datetime_operator.py
[2023-04-05 21:42:56,731] {logging_mixin.py:115} INFO - [2023-04-05 21:42:56,731] {dag.py:2379} INFO - Sync 1 DAGs
[2023-04-05 21:42:56,781] {logging_mixin.py:115} INFO - [2023-04-05 21:42:56,781] {dag.py:2927} INFO - Setting next_dagrun for example_branch_datetime_operator_2 to 2023-04-05T00:00:00+00:00, run_after=2023-04-06T00:00:00+00:00
[2023-04-05 21:42:57,146] {processor.py:161} INFO - Processing /home/edinaldo/Documents/previsao_remuneracao/previsao_remuneracao/venv/lib/python3.10/site-packages/airflow/example_dags/example_branch_datetime_operator.py took 1.137 seconds
