[2023-04-05 21:00:24,423] {processor.py:153} INFO - Started process (PID=52112) to work on /home/edinaldo/Documents/previsao_remuneracao/previsao_remuneracao/venv/lib/python3.10/site-packages/airflow/example_dags/example_kubernetes_executor.py
[2023-04-05 21:00:24,423] {processor.py:641} INFO - Processing file /home/edinaldo/Documents/previsao_remuneracao/previsao_remuneracao/venv/lib/python3.10/site-packages/airflow/example_dags/example_kubernetes_executor.py for tasks to queue
[2023-04-05 21:00:24,424] {logging_mixin.py:115} INFO - [2023-04-05 21:00:24,424] {dagbag.py:507} INFO - Filling up the DagBag from /home/edinaldo/Documents/previsao_remuneracao/previsao_remuneracao/venv/lib/python3.10/site-packages/airflow/example_dags/example_kubernetes_executor.py
[2023-04-05 21:00:24,456] {logging_mixin.py:115} INFO - [2023-04-05 21:00:24,456] {example_kubernetes_executor.py:39} WARNING - The example_kubernetes_executor example DAG requires the kubernetes provider. Please install it with: pip install apache-airflow[cncf.kubernetes]
[2023-04-05 21:00:24,457] {processor.py:653} WARNING - No viable dags retrieved from /home/edinaldo/Documents/previsao_remuneracao/previsao_remuneracao/venv/lib/python3.10/site-packages/airflow/example_dags/example_kubernetes_executor.py
[2023-04-05 21:00:24,467] {processor.py:161} INFO - Processing /home/edinaldo/Documents/previsao_remuneracao/previsao_remuneracao/venv/lib/python3.10/site-packages/airflow/example_dags/example_kubernetes_executor.py took 0.048 seconds
[2023-04-05 21:01:06,521] {processor.py:153} INFO - Started process (PID=52195) to work on /home/edinaldo/Documents/previsao_remuneracao/previsao_remuneracao/venv/lib/python3.10/site-packages/airflow/example_dags/example_kubernetes_executor.py
[2023-04-05 21:01:06,523] {processor.py:641} INFO - Processing file /home/edinaldo/Documents/previsao_remuneracao/previsao_remuneracao/venv/lib/python3.10/site-packages/airflow/example_dags/example_kubernetes_executor.py for tasks to queue
[2023-04-05 21:01:06,525] {logging_mixin.py:115} INFO - [2023-04-05 21:01:06,524] {dagbag.py:507} INFO - Filling up the DagBag from /home/edinaldo/Documents/previsao_remuneracao/previsao_remuneracao/venv/lib/python3.10/site-packages/airflow/example_dags/example_kubernetes_executor.py
[2023-04-05 21:01:06,547] {logging_mixin.py:115} INFO - [2023-04-05 21:01:06,547] {example_kubernetes_executor.py:39} WARNING - The example_kubernetes_executor example DAG requires the kubernetes provider. Please install it with: pip install apache-airflow[cncf.kubernetes]
[2023-04-05 21:01:06,547] {processor.py:653} WARNING - No viable dags retrieved from /home/edinaldo/Documents/previsao_remuneracao/previsao_remuneracao/venv/lib/python3.10/site-packages/airflow/example_dags/example_kubernetes_executor.py
[2023-04-05 21:01:06,558] {processor.py:161} INFO - Processing /home/edinaldo/Documents/previsao_remuneracao/previsao_remuneracao/venv/lib/python3.10/site-packages/airflow/example_dags/example_kubernetes_executor.py took 0.047 seconds
[2023-04-05 21:01:51,618] {processor.py:153} INFO - Started process (PID=52303) to work on /home/edinaldo/Documents/previsao_remuneracao/previsao_remuneracao/venv/lib/python3.10/site-packages/airflow/example_dags/example_kubernetes_executor.py
[2023-04-05 21:01:51,619] {processor.py:641} INFO - Processing file /home/edinaldo/Documents/previsao_remuneracao/previsao_remuneracao/venv/lib/python3.10/site-packages/airflow/example_dags/example_kubernetes_executor.py for tasks to queue
[2023-04-05 21:01:51,619] {logging_mixin.py:115} INFO - [2023-04-05 21:01:51,619] {dagbag.py:507} INFO - Filling up the DagBag from /home/edinaldo/Documents/previsao_remuneracao/previsao_remuneracao/venv/lib/python3.10/site-packages/airflow/example_dags/example_kubernetes_executor.py
[2023-04-05 21:01:51,664] {logging_mixin.py:115} INFO - [2023-04-05 21:01:51,664] {example_kubernetes_executor.py:39} WARNING - The example_kubernetes_executor example DAG requires the kubernetes provider. Please install it with: pip install apache-airflow[cncf.kubernetes]
[2023-04-05 21:01:51,665] {processor.py:653} WARNING - No viable dags retrieved from /home/edinaldo/Documents/previsao_remuneracao/previsao_remuneracao/venv/lib/python3.10/site-packages/airflow/example_dags/example_kubernetes_executor.py
[2023-04-05 21:01:51,687] {processor.py:161} INFO - Processing /home/edinaldo/Documents/previsao_remuneracao/previsao_remuneracao/venv/lib/python3.10/site-packages/airflow/example_dags/example_kubernetes_executor.py took 0.079 seconds
[2023-04-05 21:02:39,562] {processor.py:153} INFO - Started process (PID=52390) to work on /home/edinaldo/Documents/previsao_remuneracao/previsao_remuneracao/venv/lib/python3.10/site-packages/airflow/example_dags/example_kubernetes_executor.py
[2023-04-05 21:02:39,582] {processor.py:641} INFO - Processing file /home/edinaldo/Documents/previsao_remuneracao/previsao_remuneracao/venv/lib/python3.10/site-packages/airflow/example_dags/example_kubernetes_executor.py for tasks to queue
[2023-04-05 21:02:39,584] {logging_mixin.py:115} INFO - [2023-04-05 21:02:39,584] {dagbag.py:507} INFO - Filling up the DagBag from /home/edinaldo/Documents/previsao_remuneracao/previsao_remuneracao/venv/lib/python3.10/site-packages/airflow/example_dags/example_kubernetes_executor.py
[2023-04-05 21:02:39,644] {logging_mixin.py:115} INFO - [2023-04-05 21:02:39,644] {example_kubernetes_executor.py:39} WARNING - The example_kubernetes_executor example DAG requires the kubernetes provider. Please install it with: pip install apache-airflow[cncf.kubernetes]
[2023-04-05 21:02:39,644] {processor.py:653} WARNING - No viable dags retrieved from /home/edinaldo/Documents/previsao_remuneracao/previsao_remuneracao/venv/lib/python3.10/site-packages/airflow/example_dags/example_kubernetes_executor.py
[2023-04-05 21:02:39,656] {processor.py:161} INFO - Processing /home/edinaldo/Documents/previsao_remuneracao/previsao_remuneracao/venv/lib/python3.10/site-packages/airflow/example_dags/example_kubernetes_executor.py took 0.099 seconds
[2023-04-05 21:03:31,802] {processor.py:153} INFO - Started process (PID=52469) to work on /home/edinaldo/Documents/previsao_remuneracao/previsao_remuneracao/venv/lib/python3.10/site-packages/airflow/example_dags/example_kubernetes_executor.py
[2023-04-05 21:03:31,803] {processor.py:641} INFO - Processing file /home/edinaldo/Documents/previsao_remuneracao/previsao_remuneracao/venv/lib/python3.10/site-packages/airflow/example_dags/example_kubernetes_executor.py for tasks to queue
[2023-04-05 21:03:31,804] {logging_mixin.py:115} INFO - [2023-04-05 21:03:31,804] {dagbag.py:507} INFO - Filling up the DagBag from /home/edinaldo/Documents/previsao_remuneracao/previsao_remuneracao/venv/lib/python3.10/site-packages/airflow/example_dags/example_kubernetes_executor.py
[2023-04-05 21:03:31,821] {logging_mixin.py:115} INFO - [2023-04-05 21:03:31,821] {example_kubernetes_executor.py:39} WARNING - The example_kubernetes_executor example DAG requires the kubernetes provider. Please install it with: pip install apache-airflow[cncf.kubernetes]
[2023-04-05 21:03:31,821] {processor.py:653} WARNING - No viable dags retrieved from /home/edinaldo/Documents/previsao_remuneracao/previsao_remuneracao/venv/lib/python3.10/site-packages/airflow/example_dags/example_kubernetes_executor.py
[2023-04-05 21:03:31,832] {processor.py:161} INFO - Processing /home/edinaldo/Documents/previsao_remuneracao/previsao_remuneracao/venv/lib/python3.10/site-packages/airflow/example_dags/example_kubernetes_executor.py took 0.033 seconds
[2023-04-05 21:04:15,530] {processor.py:153} INFO - Started process (PID=52529) to work on /home/edinaldo/Documents/previsao_remuneracao/previsao_remuneracao/venv/lib/python3.10/site-packages/airflow/example_dags/example_kubernetes_executor.py
[2023-04-05 21:04:15,531] {processor.py:641} INFO - Processing file /home/edinaldo/Documents/previsao_remuneracao/previsao_remuneracao/venv/lib/python3.10/site-packages/airflow/example_dags/example_kubernetes_executor.py for tasks to queue
[2023-04-05 21:04:15,532] {logging_mixin.py:115} INFO - [2023-04-05 21:04:15,532] {dagbag.py:507} INFO - Filling up the DagBag from /home/edinaldo/Documents/previsao_remuneracao/previsao_remuneracao/venv/lib/python3.10/site-packages/airflow/example_dags/example_kubernetes_executor.py
[2023-04-05 21:04:15,554] {logging_mixin.py:115} INFO - [2023-04-05 21:04:15,554] {example_kubernetes_executor.py:39} WARNING - The example_kubernetes_executor example DAG requires the kubernetes provider. Please install it with: pip install apache-airflow[cncf.kubernetes]
[2023-04-05 21:04:15,554] {processor.py:653} WARNING - No viable dags retrieved from /home/edinaldo/Documents/previsao_remuneracao/previsao_remuneracao/venv/lib/python3.10/site-packages/airflow/example_dags/example_kubernetes_executor.py
[2023-04-05 21:04:15,565] {processor.py:161} INFO - Processing /home/edinaldo/Documents/previsao_remuneracao/previsao_remuneracao/venv/lib/python3.10/site-packages/airflow/example_dags/example_kubernetes_executor.py took 0.039 seconds
[2023-04-05 21:04:59,880] {processor.py:153} INFO - Started process (PID=52599) to work on /home/edinaldo/Documents/previsao_remuneracao/previsao_remuneracao/venv/lib/python3.10/site-packages/airflow/example_dags/example_kubernetes_executor.py
[2023-04-05 21:04:59,893] {processor.py:641} INFO - Processing file /home/edinaldo/Documents/previsao_remuneracao/previsao_remuneracao/venv/lib/python3.10/site-packages/airflow/example_dags/example_kubernetes_executor.py for tasks to queue
[2023-04-05 21:04:59,894] {logging_mixin.py:115} INFO - [2023-04-05 21:04:59,894] {dagbag.py:507} INFO - Filling up the DagBag from /home/edinaldo/Documents/previsao_remuneracao/previsao_remuneracao/venv/lib/python3.10/site-packages/airflow/example_dags/example_kubernetes_executor.py
[2023-04-05 21:04:59,927] {logging_mixin.py:115} INFO - [2023-04-05 21:04:59,927] {example_kubernetes_executor.py:39} WARNING - The example_kubernetes_executor example DAG requires the kubernetes provider. Please install it with: pip install apache-airflow[cncf.kubernetes]
[2023-04-05 21:04:59,927] {processor.py:653} WARNING - No viable dags retrieved from /home/edinaldo/Documents/previsao_remuneracao/previsao_remuneracao/venv/lib/python3.10/site-packages/airflow/example_dags/example_kubernetes_executor.py
[2023-04-05 21:04:59,938] {processor.py:161} INFO - Processing /home/edinaldo/Documents/previsao_remuneracao/previsao_remuneracao/venv/lib/python3.10/site-packages/airflow/example_dags/example_kubernetes_executor.py took 0.065 seconds
[2023-04-05 21:05:47,873] {processor.py:153} INFO - Started process (PID=52679) to work on /home/edinaldo/Documents/previsao_remuneracao/previsao_remuneracao/venv/lib/python3.10/site-packages/airflow/example_dags/example_kubernetes_executor.py
[2023-04-05 21:05:47,880] {processor.py:641} INFO - Processing file /home/edinaldo/Documents/previsao_remuneracao/previsao_remuneracao/venv/lib/python3.10/site-packages/airflow/example_dags/example_kubernetes_executor.py for tasks to queue
[2023-04-05 21:05:47,881] {logging_mixin.py:115} INFO - [2023-04-05 21:05:47,880] {dagbag.py:507} INFO - Filling up the DagBag from /home/edinaldo/Documents/previsao_remuneracao/previsao_remuneracao/venv/lib/python3.10/site-packages/airflow/example_dags/example_kubernetes_executor.py
[2023-04-05 21:05:47,901] {logging_mixin.py:115} INFO - [2023-04-05 21:05:47,901] {example_kubernetes_executor.py:39} WARNING - The example_kubernetes_executor example DAG requires the kubernetes provider. Please install it with: pip install apache-airflow[cncf.kubernetes]
[2023-04-05 21:05:47,901] {processor.py:653} WARNING - No viable dags retrieved from /home/edinaldo/Documents/previsao_remuneracao/previsao_remuneracao/venv/lib/python3.10/site-packages/airflow/example_dags/example_kubernetes_executor.py
[2023-04-05 21:05:47,912] {processor.py:161} INFO - Processing /home/edinaldo/Documents/previsao_remuneracao/previsao_remuneracao/venv/lib/python3.10/site-packages/airflow/example_dags/example_kubernetes_executor.py took 0.047 seconds
[2023-04-05 21:06:30,343] {processor.py:153} INFO - Started process (PID=52716) to work on /home/edinaldo/Documents/previsao_remuneracao/previsao_remuneracao/venv/lib/python3.10/site-packages/airflow/example_dags/example_kubernetes_executor.py
[2023-04-05 21:06:30,355] {processor.py:641} INFO - Processing file /home/edinaldo/Documents/previsao_remuneracao/previsao_remuneracao/venv/lib/python3.10/site-packages/airflow/example_dags/example_kubernetes_executor.py for tasks to queue
[2023-04-05 21:06:30,356] {logging_mixin.py:115} INFO - [2023-04-05 21:06:30,356] {dagbag.py:507} INFO - Filling up the DagBag from /home/edinaldo/Documents/previsao_remuneracao/previsao_remuneracao/venv/lib/python3.10/site-packages/airflow/example_dags/example_kubernetes_executor.py
[2023-04-05 21:06:30,393] {logging_mixin.py:115} INFO - [2023-04-05 21:06:30,393] {example_kubernetes_executor.py:39} WARNING - The example_kubernetes_executor example DAG requires the kubernetes provider. Please install it with: pip install apache-airflow[cncf.kubernetes]
[2023-04-05 21:06:30,393] {processor.py:653} WARNING - No viable dags retrieved from /home/edinaldo/Documents/previsao_remuneracao/previsao_remuneracao/venv/lib/python3.10/site-packages/airflow/example_dags/example_kubernetes_executor.py
[2023-04-05 21:06:30,404] {processor.py:161} INFO - Processing /home/edinaldo/Documents/previsao_remuneracao/previsao_remuneracao/venv/lib/python3.10/site-packages/airflow/example_dags/example_kubernetes_executor.py took 0.065 seconds
[2023-04-05 21:07:17,909] {processor.py:153} INFO - Started process (PID=52787) to work on /home/edinaldo/Documents/previsao_remuneracao/previsao_remuneracao/venv/lib/python3.10/site-packages/airflow/example_dags/example_kubernetes_executor.py
[2023-04-05 21:07:17,926] {processor.py:641} INFO - Processing file /home/edinaldo/Documents/previsao_remuneracao/previsao_remuneracao/venv/lib/python3.10/site-packages/airflow/example_dags/example_kubernetes_executor.py for tasks to queue
[2023-04-05 21:07:17,927] {logging_mixin.py:115} INFO - [2023-04-05 21:07:17,927] {dagbag.py:507} INFO - Filling up the DagBag from /home/edinaldo/Documents/previsao_remuneracao/previsao_remuneracao/venv/lib/python3.10/site-packages/airflow/example_dags/example_kubernetes_executor.py
[2023-04-05 21:07:17,959] {logging_mixin.py:115} INFO - [2023-04-05 21:07:17,959] {example_kubernetes_executor.py:39} WARNING - The example_kubernetes_executor example DAG requires the kubernetes provider. Please install it with: pip install apache-airflow[cncf.kubernetes]
[2023-04-05 21:07:17,959] {processor.py:653} WARNING - No viable dags retrieved from /home/edinaldo/Documents/previsao_remuneracao/previsao_remuneracao/venv/lib/python3.10/site-packages/airflow/example_dags/example_kubernetes_executor.py
[2023-04-05 21:07:17,970] {processor.py:161} INFO - Processing /home/edinaldo/Documents/previsao_remuneracao/previsao_remuneracao/venv/lib/python3.10/site-packages/airflow/example_dags/example_kubernetes_executor.py took 0.071 seconds
[2023-04-05 21:07:56,644] {processor.py:153} INFO - Started process (PID=52826) to work on /home/edinaldo/Documents/previsao_remuneracao/previsao_remuneracao/venv/lib/python3.10/site-packages/airflow/example_dags/example_kubernetes_executor.py
[2023-04-05 21:07:56,659] {processor.py:641} INFO - Processing file /home/edinaldo/Documents/previsao_remuneracao/previsao_remuneracao/venv/lib/python3.10/site-packages/airflow/example_dags/example_kubernetes_executor.py for tasks to queue
[2023-04-05 21:07:56,661] {logging_mixin.py:115} INFO - [2023-04-05 21:07:56,660] {dagbag.py:507} INFO - Filling up the DagBag from /home/edinaldo/Documents/previsao_remuneracao/previsao_remuneracao/venv/lib/python3.10/site-packages/airflow/example_dags/example_kubernetes_executor.py
[2023-04-05 21:07:56,695] {logging_mixin.py:115} INFO - [2023-04-05 21:07:56,695] {example_kubernetes_executor.py:39} WARNING - The example_kubernetes_executor example DAG requires the kubernetes provider. Please install it with: pip install apache-airflow[cncf.kubernetes]
[2023-04-05 21:07:56,695] {processor.py:653} WARNING - No viable dags retrieved from /home/edinaldo/Documents/previsao_remuneracao/previsao_remuneracao/venv/lib/python3.10/site-packages/airflow/example_dags/example_kubernetes_executor.py
[2023-04-05 21:07:56,706] {processor.py:161} INFO - Processing /home/edinaldo/Documents/previsao_remuneracao/previsao_remuneracao/venv/lib/python3.10/site-packages/airflow/example_dags/example_kubernetes_executor.py took 0.072 seconds
[2023-04-05 21:08:38,230] {processor.py:153} INFO - Started process (PID=52862) to work on /home/edinaldo/Documents/previsao_remuneracao/previsao_remuneracao/venv/lib/python3.10/site-packages/airflow/example_dags/example_kubernetes_executor.py
[2023-04-05 21:08:38,244] {processor.py:641} INFO - Processing file /home/edinaldo/Documents/previsao_remuneracao/previsao_remuneracao/venv/lib/python3.10/site-packages/airflow/example_dags/example_kubernetes_executor.py for tasks to queue
[2023-04-05 21:08:38,245] {logging_mixin.py:115} INFO - [2023-04-05 21:08:38,245] {dagbag.py:507} INFO - Filling up the DagBag from /home/edinaldo/Documents/previsao_remuneracao/previsao_remuneracao/venv/lib/python3.10/site-packages/airflow/example_dags/example_kubernetes_executor.py
[2023-04-05 21:08:38,278] {logging_mixin.py:115} INFO - [2023-04-05 21:08:38,278] {example_kubernetes_executor.py:39} WARNING - The example_kubernetes_executor example DAG requires the kubernetes provider. Please install it with: pip install apache-airflow[cncf.kubernetes]
[2023-04-05 21:08:38,279] {processor.py:653} WARNING - No viable dags retrieved from /home/edinaldo/Documents/previsao_remuneracao/previsao_remuneracao/venv/lib/python3.10/site-packages/airflow/example_dags/example_kubernetes_executor.py
[2023-04-05 21:08:38,289] {processor.py:161} INFO - Processing /home/edinaldo/Documents/previsao_remuneracao/previsao_remuneracao/venv/lib/python3.10/site-packages/airflow/example_dags/example_kubernetes_executor.py took 0.069 seconds
[2023-04-05 21:09:24,024] {processor.py:153} INFO - Started process (PID=52904) to work on /home/edinaldo/Documents/previsao_remuneracao/previsao_remuneracao/venv/lib/python3.10/site-packages/airflow/example_dags/example_kubernetes_executor.py
[2023-04-05 21:09:24,039] {processor.py:641} INFO - Processing file /home/edinaldo/Documents/previsao_remuneracao/previsao_remuneracao/venv/lib/python3.10/site-packages/airflow/example_dags/example_kubernetes_executor.py for tasks to queue
[2023-04-05 21:09:24,040] {logging_mixin.py:115} INFO - [2023-04-05 21:09:24,040] {dagbag.py:507} INFO - Filling up the DagBag from /home/edinaldo/Documents/previsao_remuneracao/previsao_remuneracao/venv/lib/python3.10/site-packages/airflow/example_dags/example_kubernetes_executor.py
[2023-04-05 21:09:24,064] {logging_mixin.py:115} INFO - [2023-04-05 21:09:24,063] {example_kubernetes_executor.py:39} WARNING - The example_kubernetes_executor example DAG requires the kubernetes provider. Please install it with: pip install apache-airflow[cncf.kubernetes]
[2023-04-05 21:09:24,064] {processor.py:653} WARNING - No viable dags retrieved from /home/edinaldo/Documents/previsao_remuneracao/previsao_remuneracao/venv/lib/python3.10/site-packages/airflow/example_dags/example_kubernetes_executor.py
[2023-04-05 21:09:24,074] {processor.py:161} INFO - Processing /home/edinaldo/Documents/previsao_remuneracao/previsao_remuneracao/venv/lib/python3.10/site-packages/airflow/example_dags/example_kubernetes_executor.py took 0.059 seconds
[2023-04-05 21:10:05,025] {processor.py:153} INFO - Started process (PID=52945) to work on /home/edinaldo/Documents/previsao_remuneracao/previsao_remuneracao/venv/lib/python3.10/site-packages/airflow/example_dags/example_kubernetes_executor.py
[2023-04-05 21:10:05,053] {processor.py:641} INFO - Processing file /home/edinaldo/Documents/previsao_remuneracao/previsao_remuneracao/venv/lib/python3.10/site-packages/airflow/example_dags/example_kubernetes_executor.py for tasks to queue
[2023-04-05 21:10:05,054] {logging_mixin.py:115} INFO - [2023-04-05 21:10:05,054] {dagbag.py:507} INFO - Filling up the DagBag from /home/edinaldo/Documents/previsao_remuneracao/previsao_remuneracao/venv/lib/python3.10/site-packages/airflow/example_dags/example_kubernetes_executor.py
[2023-04-05 21:10:05,071] {logging_mixin.py:115} INFO - [2023-04-05 21:10:05,071] {example_kubernetes_executor.py:39} WARNING - The example_kubernetes_executor example DAG requires the kubernetes provider. Please install it with: pip install apache-airflow[cncf.kubernetes]
[2023-04-05 21:10:05,071] {processor.py:653} WARNING - No viable dags retrieved from /home/edinaldo/Documents/previsao_remuneracao/previsao_remuneracao/venv/lib/python3.10/site-packages/airflow/example_dags/example_kubernetes_executor.py
[2023-04-05 21:10:05,169] {processor.py:161} INFO - Processing /home/edinaldo/Documents/previsao_remuneracao/previsao_remuneracao/venv/lib/python3.10/site-packages/airflow/example_dags/example_kubernetes_executor.py took 0.149 seconds
[2023-04-05 21:10:47,554] {processor.py:153} INFO - Started process (PID=53097) to work on /home/edinaldo/Documents/previsao_remuneracao/previsao_remuneracao/venv/lib/python3.10/site-packages/airflow/example_dags/example_kubernetes_executor.py
[2023-04-05 21:10:47,573] {processor.py:641} INFO - Processing file /home/edinaldo/Documents/previsao_remuneracao/previsao_remuneracao/venv/lib/python3.10/site-packages/airflow/example_dags/example_kubernetes_executor.py for tasks to queue
[2023-04-05 21:10:47,573] {logging_mixin.py:115} INFO - [2023-04-05 21:10:47,573] {dagbag.py:507} INFO - Filling up the DagBag from /home/edinaldo/Documents/previsao_remuneracao/previsao_remuneracao/venv/lib/python3.10/site-packages/airflow/example_dags/example_kubernetes_executor.py
[2023-04-05 21:10:47,597] {logging_mixin.py:115} INFO - [2023-04-05 21:10:47,597] {example_kubernetes_executor.py:39} WARNING - The example_kubernetes_executor example DAG requires the kubernetes provider. Please install it with: pip install apache-airflow[cncf.kubernetes]
[2023-04-05 21:10:47,597] {processor.py:653} WARNING - No viable dags retrieved from /home/edinaldo/Documents/previsao_remuneracao/previsao_remuneracao/venv/lib/python3.10/site-packages/airflow/example_dags/example_kubernetes_executor.py
[2023-04-05 21:10:47,608] {processor.py:161} INFO - Processing /home/edinaldo/Documents/previsao_remuneracao/previsao_remuneracao/venv/lib/python3.10/site-packages/airflow/example_dags/example_kubernetes_executor.py took 0.058 seconds
[2023-04-05 21:11:32,028] {processor.py:153} INFO - Started process (PID=53170) to work on /home/edinaldo/Documents/previsao_remuneracao/previsao_remuneracao/venv/lib/python3.10/site-packages/airflow/example_dags/example_kubernetes_executor.py
[2023-04-05 21:11:32,063] {processor.py:641} INFO - Processing file /home/edinaldo/Documents/previsao_remuneracao/previsao_remuneracao/venv/lib/python3.10/site-packages/airflow/example_dags/example_kubernetes_executor.py for tasks to queue
[2023-04-05 21:11:32,065] {logging_mixin.py:115} INFO - [2023-04-05 21:11:32,065] {dagbag.py:507} INFO - Filling up the DagBag from /home/edinaldo/Documents/previsao_remuneracao/previsao_remuneracao/venv/lib/python3.10/site-packages/airflow/example_dags/example_kubernetes_executor.py
[2023-04-05 21:11:32,096] {logging_mixin.py:115} INFO - [2023-04-05 21:11:32,096] {example_kubernetes_executor.py:39} WARNING - The example_kubernetes_executor example DAG requires the kubernetes provider. Please install it with: pip install apache-airflow[cncf.kubernetes]
[2023-04-05 21:11:32,096] {processor.py:653} WARNING - No viable dags retrieved from /home/edinaldo/Documents/previsao_remuneracao/previsao_remuneracao/venv/lib/python3.10/site-packages/airflow/example_dags/example_kubernetes_executor.py
[2023-04-05 21:11:32,107] {processor.py:161} INFO - Processing /home/edinaldo/Documents/previsao_remuneracao/previsao_remuneracao/venv/lib/python3.10/site-packages/airflow/example_dags/example_kubernetes_executor.py took 0.088 seconds
[2023-04-05 21:12:16,858] {processor.py:153} INFO - Started process (PID=53245) to work on /home/edinaldo/Documents/previsao_remuneracao/previsao_remuneracao/venv/lib/python3.10/site-packages/airflow/example_dags/example_kubernetes_executor.py
[2023-04-05 21:12:16,885] {processor.py:641} INFO - Processing file /home/edinaldo/Documents/previsao_remuneracao/previsao_remuneracao/venv/lib/python3.10/site-packages/airflow/example_dags/example_kubernetes_executor.py for tasks to queue
[2023-04-05 21:12:16,887] {logging_mixin.py:115} INFO - [2023-04-05 21:12:16,886] {dagbag.py:507} INFO - Filling up the DagBag from /home/edinaldo/Documents/previsao_remuneracao/previsao_remuneracao/venv/lib/python3.10/site-packages/airflow/example_dags/example_kubernetes_executor.py
[2023-04-05 21:12:16,918] {logging_mixin.py:115} INFO - [2023-04-05 21:12:16,917] {example_kubernetes_executor.py:39} WARNING - The example_kubernetes_executor example DAG requires the kubernetes provider. Please install it with: pip install apache-airflow[cncf.kubernetes]
[2023-04-05 21:12:16,918] {processor.py:653} WARNING - No viable dags retrieved from /home/edinaldo/Documents/previsao_remuneracao/previsao_remuneracao/venv/lib/python3.10/site-packages/airflow/example_dags/example_kubernetes_executor.py
[2023-04-05 21:12:16,938] {processor.py:161} INFO - Processing /home/edinaldo/Documents/previsao_remuneracao/previsao_remuneracao/venv/lib/python3.10/site-packages/airflow/example_dags/example_kubernetes_executor.py took 0.085 seconds
[2023-04-05 21:13:18,888] {processor.py:153} INFO - Started process (PID=53428) to work on /home/edinaldo/Documents/previsao_remuneracao/previsao_remuneracao/venv/lib/python3.10/site-packages/airflow/example_dags/example_kubernetes_executor.py
[2023-04-05 21:13:18,900] {processor.py:641} INFO - Processing file /home/edinaldo/Documents/previsao_remuneracao/previsao_remuneracao/venv/lib/python3.10/site-packages/airflow/example_dags/example_kubernetes_executor.py for tasks to queue
[2023-04-05 21:13:18,902] {logging_mixin.py:115} INFO - [2023-04-05 21:13:18,902] {dagbag.py:507} INFO - Filling up the DagBag from /home/edinaldo/Documents/previsao_remuneracao/previsao_remuneracao/venv/lib/python3.10/site-packages/airflow/example_dags/example_kubernetes_executor.py
[2023-04-05 21:13:18,962] {logging_mixin.py:115} INFO - [2023-04-05 21:13:18,962] {example_kubernetes_executor.py:39} WARNING - The example_kubernetes_executor example DAG requires the kubernetes provider. Please install it with: pip install apache-airflow[cncf.kubernetes]
[2023-04-05 21:13:18,963] {processor.py:653} WARNING - No viable dags retrieved from /home/edinaldo/Documents/previsao_remuneracao/previsao_remuneracao/venv/lib/python3.10/site-packages/airflow/example_dags/example_kubernetes_executor.py
[2023-04-05 21:13:18,976] {processor.py:161} INFO - Processing /home/edinaldo/Documents/previsao_remuneracao/previsao_remuneracao/venv/lib/python3.10/site-packages/airflow/example_dags/example_kubernetes_executor.py took 0.098 seconds
[2023-04-05 21:14:03,140] {processor.py:153} INFO - Started process (PID=53467) to work on /home/edinaldo/Documents/previsao_remuneracao/previsao_remuneracao/venv/lib/python3.10/site-packages/airflow/example_dags/example_kubernetes_executor.py
[2023-04-05 21:14:03,147] {processor.py:641} INFO - Processing file /home/edinaldo/Documents/previsao_remuneracao/previsao_remuneracao/venv/lib/python3.10/site-packages/airflow/example_dags/example_kubernetes_executor.py for tasks to queue
[2023-04-05 21:14:03,149] {logging_mixin.py:115} INFO - [2023-04-05 21:14:03,149] {dagbag.py:507} INFO - Filling up the DagBag from /home/edinaldo/Documents/previsao_remuneracao/previsao_remuneracao/venv/lib/python3.10/site-packages/airflow/example_dags/example_kubernetes_executor.py
[2023-04-05 21:14:03,195] {logging_mixin.py:115} INFO - [2023-04-05 21:14:03,195] {example_kubernetes_executor.py:39} WARNING - The example_kubernetes_executor example DAG requires the kubernetes provider. Please install it with: pip install apache-airflow[cncf.kubernetes]
[2023-04-05 21:14:03,196] {processor.py:653} WARNING - No viable dags retrieved from /home/edinaldo/Documents/previsao_remuneracao/previsao_remuneracao/venv/lib/python3.10/site-packages/airflow/example_dags/example_kubernetes_executor.py
[2023-04-05 21:14:03,213] {processor.py:161} INFO - Processing /home/edinaldo/Documents/previsao_remuneracao/previsao_remuneracao/venv/lib/python3.10/site-packages/airflow/example_dags/example_kubernetes_executor.py took 0.082 seconds
[2023-04-05 21:14:43,041] {processor.py:153} INFO - Started process (PID=53505) to work on /home/edinaldo/Documents/previsao_remuneracao/previsao_remuneracao/venv/lib/python3.10/site-packages/airflow/example_dags/example_kubernetes_executor.py
[2023-04-05 21:14:43,043] {processor.py:641} INFO - Processing file /home/edinaldo/Documents/previsao_remuneracao/previsao_remuneracao/venv/lib/python3.10/site-packages/airflow/example_dags/example_kubernetes_executor.py for tasks to queue
[2023-04-05 21:14:43,045] {logging_mixin.py:115} INFO - [2023-04-05 21:14:43,045] {dagbag.py:507} INFO - Filling up the DagBag from /home/edinaldo/Documents/previsao_remuneracao/previsao_remuneracao/venv/lib/python3.10/site-packages/airflow/example_dags/example_kubernetes_executor.py
[2023-04-05 21:14:43,068] {logging_mixin.py:115} INFO - [2023-04-05 21:14:43,068] {example_kubernetes_executor.py:39} WARNING - The example_kubernetes_executor example DAG requires the kubernetes provider. Please install it with: pip install apache-airflow[cncf.kubernetes]
[2023-04-05 21:14:43,068] {processor.py:653} WARNING - No viable dags retrieved from /home/edinaldo/Documents/previsao_remuneracao/previsao_remuneracao/venv/lib/python3.10/site-packages/airflow/example_dags/example_kubernetes_executor.py
[2023-04-05 21:14:43,079] {processor.py:161} INFO - Processing /home/edinaldo/Documents/previsao_remuneracao/previsao_remuneracao/venv/lib/python3.10/site-packages/airflow/example_dags/example_kubernetes_executor.py took 0.048 seconds
[2023-04-05 21:15:21,341] {processor.py:153} INFO - Started process (PID=53543) to work on /home/edinaldo/Documents/previsao_remuneracao/previsao_remuneracao/venv/lib/python3.10/site-packages/airflow/example_dags/example_kubernetes_executor.py
[2023-04-05 21:15:21,343] {processor.py:641} INFO - Processing file /home/edinaldo/Documents/previsao_remuneracao/previsao_remuneracao/venv/lib/python3.10/site-packages/airflow/example_dags/example_kubernetes_executor.py for tasks to queue
[2023-04-05 21:15:21,345] {logging_mixin.py:115} INFO - [2023-04-05 21:15:21,344] {dagbag.py:507} INFO - Filling up the DagBag from /home/edinaldo/Documents/previsao_remuneracao/previsao_remuneracao/venv/lib/python3.10/site-packages/airflow/example_dags/example_kubernetes_executor.py
[2023-04-05 21:15:21,378] {logging_mixin.py:115} INFO - [2023-04-05 21:15:21,378] {example_kubernetes_executor.py:39} WARNING - The example_kubernetes_executor example DAG requires the kubernetes provider. Please install it with: pip install apache-airflow[cncf.kubernetes]
[2023-04-05 21:15:21,379] {processor.py:653} WARNING - No viable dags retrieved from /home/edinaldo/Documents/previsao_remuneracao/previsao_remuneracao/venv/lib/python3.10/site-packages/airflow/example_dags/example_kubernetes_executor.py
[2023-04-05 21:15:21,393] {processor.py:161} INFO - Processing /home/edinaldo/Documents/previsao_remuneracao/previsao_remuneracao/venv/lib/python3.10/site-packages/airflow/example_dags/example_kubernetes_executor.py took 0.062 seconds
[2023-04-05 21:16:06,797] {processor.py:153} INFO - Started process (PID=53619) to work on /home/edinaldo/Documents/previsao_remuneracao/previsao_remuneracao/venv/lib/python3.10/site-packages/airflow/example_dags/example_kubernetes_executor.py
[2023-04-05 21:16:06,812] {processor.py:641} INFO - Processing file /home/edinaldo/Documents/previsao_remuneracao/previsao_remuneracao/venv/lib/python3.10/site-packages/airflow/example_dags/example_kubernetes_executor.py for tasks to queue
[2023-04-05 21:16:06,813] {logging_mixin.py:115} INFO - [2023-04-05 21:16:06,813] {dagbag.py:507} INFO - Filling up the DagBag from /home/edinaldo/Documents/previsao_remuneracao/previsao_remuneracao/venv/lib/python3.10/site-packages/airflow/example_dags/example_kubernetes_executor.py
[2023-04-05 21:16:06,832] {logging_mixin.py:115} INFO - [2023-04-05 21:16:06,832] {example_kubernetes_executor.py:39} WARNING - The example_kubernetes_executor example DAG requires the kubernetes provider. Please install it with: pip install apache-airflow[cncf.kubernetes]
[2023-04-05 21:16:06,833] {processor.py:653} WARNING - No viable dags retrieved from /home/edinaldo/Documents/previsao_remuneracao/previsao_remuneracao/venv/lib/python3.10/site-packages/airflow/example_dags/example_kubernetes_executor.py
[2023-04-05 21:16:06,843] {processor.py:161} INFO - Processing /home/edinaldo/Documents/previsao_remuneracao/previsao_remuneracao/venv/lib/python3.10/site-packages/airflow/example_dags/example_kubernetes_executor.py took 0.052 seconds
[2023-04-05 21:16:52,666] {processor.py:153} INFO - Started process (PID=53684) to work on /home/edinaldo/Documents/previsao_remuneracao/previsao_remuneracao/venv/lib/python3.10/site-packages/airflow/example_dags/example_kubernetes_executor.py
[2023-04-05 21:16:52,681] {processor.py:641} INFO - Processing file /home/edinaldo/Documents/previsao_remuneracao/previsao_remuneracao/venv/lib/python3.10/site-packages/airflow/example_dags/example_kubernetes_executor.py for tasks to queue
[2023-04-05 21:16:52,682] {logging_mixin.py:115} INFO - [2023-04-05 21:16:52,681] {dagbag.py:507} INFO - Filling up the DagBag from /home/edinaldo/Documents/previsao_remuneracao/previsao_remuneracao/venv/lib/python3.10/site-packages/airflow/example_dags/example_kubernetes_executor.py
[2023-04-05 21:16:52,708] {logging_mixin.py:115} INFO - [2023-04-05 21:16:52,708] {example_kubernetes_executor.py:39} WARNING - The example_kubernetes_executor example DAG requires the kubernetes provider. Please install it with: pip install apache-airflow[cncf.kubernetes]
[2023-04-05 21:16:52,709] {processor.py:653} WARNING - No viable dags retrieved from /home/edinaldo/Documents/previsao_remuneracao/previsao_remuneracao/venv/lib/python3.10/site-packages/airflow/example_dags/example_kubernetes_executor.py
[2023-04-05 21:16:52,719] {processor.py:161} INFO - Processing /home/edinaldo/Documents/previsao_remuneracao/previsao_remuneracao/venv/lib/python3.10/site-packages/airflow/example_dags/example_kubernetes_executor.py took 0.058 seconds
[2023-04-05 21:17:34,248] {processor.py:153} INFO - Started process (PID=53732) to work on /home/edinaldo/Documents/previsao_remuneracao/previsao_remuneracao/venv/lib/python3.10/site-packages/airflow/example_dags/example_kubernetes_executor.py
[2023-04-05 21:17:34,259] {processor.py:641} INFO - Processing file /home/edinaldo/Documents/previsao_remuneracao/previsao_remuneracao/venv/lib/python3.10/site-packages/airflow/example_dags/example_kubernetes_executor.py for tasks to queue
[2023-04-05 21:17:34,260] {logging_mixin.py:115} INFO - [2023-04-05 21:17:34,260] {dagbag.py:507} INFO - Filling up the DagBag from /home/edinaldo/Documents/previsao_remuneracao/previsao_remuneracao/venv/lib/python3.10/site-packages/airflow/example_dags/example_kubernetes_executor.py
[2023-04-05 21:17:34,278] {logging_mixin.py:115} INFO - [2023-04-05 21:17:34,278] {example_kubernetes_executor.py:39} WARNING - The example_kubernetes_executor example DAG requires the kubernetes provider. Please install it with: pip install apache-airflow[cncf.kubernetes]
[2023-04-05 21:17:34,279] {processor.py:653} WARNING - No viable dags retrieved from /home/edinaldo/Documents/previsao_remuneracao/previsao_remuneracao/venv/lib/python3.10/site-packages/airflow/example_dags/example_kubernetes_executor.py
[2023-04-05 21:17:34,289] {processor.py:161} INFO - Processing /home/edinaldo/Documents/previsao_remuneracao/previsao_remuneracao/venv/lib/python3.10/site-packages/airflow/example_dags/example_kubernetes_executor.py took 0.050 seconds
[2023-04-05 21:18:12,393] {processor.py:153} INFO - Started process (PID=53766) to work on /home/edinaldo/Documents/previsao_remuneracao/previsao_remuneracao/venv/lib/python3.10/site-packages/airflow/example_dags/example_kubernetes_executor.py
[2023-04-05 21:18:12,406] {processor.py:641} INFO - Processing file /home/edinaldo/Documents/previsao_remuneracao/previsao_remuneracao/venv/lib/python3.10/site-packages/airflow/example_dags/example_kubernetes_executor.py for tasks to queue
[2023-04-05 21:18:12,407] {logging_mixin.py:115} INFO - [2023-04-05 21:18:12,407] {dagbag.py:507} INFO - Filling up the DagBag from /home/edinaldo/Documents/previsao_remuneracao/previsao_remuneracao/venv/lib/python3.10/site-packages/airflow/example_dags/example_kubernetes_executor.py
[2023-04-05 21:18:12,439] {logging_mixin.py:115} INFO - [2023-04-05 21:18:12,439] {example_kubernetes_executor.py:39} WARNING - The example_kubernetes_executor example DAG requires the kubernetes provider. Please install it with: pip install apache-airflow[cncf.kubernetes]
[2023-04-05 21:18:12,439] {processor.py:653} WARNING - No viable dags retrieved from /home/edinaldo/Documents/previsao_remuneracao/previsao_remuneracao/venv/lib/python3.10/site-packages/airflow/example_dags/example_kubernetes_executor.py
[2023-04-05 21:18:12,450] {processor.py:161} INFO - Processing /home/edinaldo/Documents/previsao_remuneracao/previsao_remuneracao/venv/lib/python3.10/site-packages/airflow/example_dags/example_kubernetes_executor.py took 0.061 seconds
[2023-04-05 21:18:51,244] {processor.py:153} INFO - Started process (PID=53809) to work on /home/edinaldo/Documents/previsao_remuneracao/previsao_remuneracao/venv/lib/python3.10/site-packages/airflow/example_dags/example_kubernetes_executor.py
[2023-04-05 21:18:51,245] {processor.py:641} INFO - Processing file /home/edinaldo/Documents/previsao_remuneracao/previsao_remuneracao/venv/lib/python3.10/site-packages/airflow/example_dags/example_kubernetes_executor.py for tasks to queue
[2023-04-05 21:18:51,246] {logging_mixin.py:115} INFO - [2023-04-05 21:18:51,246] {dagbag.py:507} INFO - Filling up the DagBag from /home/edinaldo/Documents/previsao_remuneracao/previsao_remuneracao/venv/lib/python3.10/site-packages/airflow/example_dags/example_kubernetes_executor.py
[2023-04-05 21:18:51,268] {logging_mixin.py:115} INFO - [2023-04-05 21:18:51,268] {example_kubernetes_executor.py:39} WARNING - The example_kubernetes_executor example DAG requires the kubernetes provider. Please install it with: pip install apache-airflow[cncf.kubernetes]
[2023-04-05 21:18:51,268] {processor.py:653} WARNING - No viable dags retrieved from /home/edinaldo/Documents/previsao_remuneracao/previsao_remuneracao/venv/lib/python3.10/site-packages/airflow/example_dags/example_kubernetes_executor.py
[2023-04-05 21:18:51,279] {processor.py:161} INFO - Processing /home/edinaldo/Documents/previsao_remuneracao/previsao_remuneracao/venv/lib/python3.10/site-packages/airflow/example_dags/example_kubernetes_executor.py took 0.039 seconds
[2023-04-05 21:19:35,111] {processor.py:153} INFO - Started process (PID=53857) to work on /home/edinaldo/Documents/previsao_remuneracao/previsao_remuneracao/venv/lib/python3.10/site-packages/airflow/example_dags/example_kubernetes_executor.py
[2023-04-05 21:19:35,122] {processor.py:641} INFO - Processing file /home/edinaldo/Documents/previsao_remuneracao/previsao_remuneracao/venv/lib/python3.10/site-packages/airflow/example_dags/example_kubernetes_executor.py for tasks to queue
[2023-04-05 21:19:35,122] {logging_mixin.py:115} INFO - [2023-04-05 21:19:35,122] {dagbag.py:507} INFO - Filling up the DagBag from /home/edinaldo/Documents/previsao_remuneracao/previsao_remuneracao/venv/lib/python3.10/site-packages/airflow/example_dags/example_kubernetes_executor.py
[2023-04-05 21:19:35,141] {logging_mixin.py:115} INFO - [2023-04-05 21:19:35,141] {example_kubernetes_executor.py:39} WARNING - The example_kubernetes_executor example DAG requires the kubernetes provider. Please install it with: pip install apache-airflow[cncf.kubernetes]
[2023-04-05 21:19:35,141] {processor.py:653} WARNING - No viable dags retrieved from /home/edinaldo/Documents/previsao_remuneracao/previsao_remuneracao/venv/lib/python3.10/site-packages/airflow/example_dags/example_kubernetes_executor.py
[2023-04-05 21:19:35,151] {processor.py:161} INFO - Processing /home/edinaldo/Documents/previsao_remuneracao/previsao_remuneracao/venv/lib/python3.10/site-packages/airflow/example_dags/example_kubernetes_executor.py took 0.045 seconds
[2023-04-05 21:20:16,459] {processor.py:153} INFO - Started process (PID=53894) to work on /home/edinaldo/Documents/previsao_remuneracao/previsao_remuneracao/venv/lib/python3.10/site-packages/airflow/example_dags/example_kubernetes_executor.py
[2023-04-05 21:20:16,468] {processor.py:641} INFO - Processing file /home/edinaldo/Documents/previsao_remuneracao/previsao_remuneracao/venv/lib/python3.10/site-packages/airflow/example_dags/example_kubernetes_executor.py for tasks to queue
[2023-04-05 21:20:16,469] {logging_mixin.py:115} INFO - [2023-04-05 21:20:16,469] {dagbag.py:507} INFO - Filling up the DagBag from /home/edinaldo/Documents/previsao_remuneracao/previsao_remuneracao/venv/lib/python3.10/site-packages/airflow/example_dags/example_kubernetes_executor.py
[2023-04-05 21:20:16,500] {logging_mixin.py:115} INFO - [2023-04-05 21:20:16,500] {example_kubernetes_executor.py:39} WARNING - The example_kubernetes_executor example DAG requires the kubernetes provider. Please install it with: pip install apache-airflow[cncf.kubernetes]
[2023-04-05 21:20:16,501] {processor.py:653} WARNING - No viable dags retrieved from /home/edinaldo/Documents/previsao_remuneracao/previsao_remuneracao/venv/lib/python3.10/site-packages/airflow/example_dags/example_kubernetes_executor.py
[2023-04-05 21:20:16,512] {processor.py:161} INFO - Processing /home/edinaldo/Documents/previsao_remuneracao/previsao_remuneracao/venv/lib/python3.10/site-packages/airflow/example_dags/example_kubernetes_executor.py took 0.056 seconds
[2023-04-05 21:21:05,420] {processor.py:153} INFO - Started process (PID=53961) to work on /home/edinaldo/Documents/previsao_remuneracao/previsao_remuneracao/venv/lib/python3.10/site-packages/airflow/example_dags/example_kubernetes_executor.py
[2023-04-05 21:21:05,430] {processor.py:641} INFO - Processing file /home/edinaldo/Documents/previsao_remuneracao/previsao_remuneracao/venv/lib/python3.10/site-packages/airflow/example_dags/example_kubernetes_executor.py for tasks to queue
[2023-04-05 21:21:05,431] {logging_mixin.py:115} INFO - [2023-04-05 21:21:05,431] {dagbag.py:507} INFO - Filling up the DagBag from /home/edinaldo/Documents/previsao_remuneracao/previsao_remuneracao/venv/lib/python3.10/site-packages/airflow/example_dags/example_kubernetes_executor.py
[2023-04-05 21:21:05,457] {logging_mixin.py:115} INFO - [2023-04-05 21:21:05,457] {example_kubernetes_executor.py:39} WARNING - The example_kubernetes_executor example DAG requires the kubernetes provider. Please install it with: pip install apache-airflow[cncf.kubernetes]
[2023-04-05 21:21:05,457] {processor.py:653} WARNING - No viable dags retrieved from /home/edinaldo/Documents/previsao_remuneracao/previsao_remuneracao/venv/lib/python3.10/site-packages/airflow/example_dags/example_kubernetes_executor.py
[2023-04-05 21:21:05,469] {processor.py:161} INFO - Processing /home/edinaldo/Documents/previsao_remuneracao/previsao_remuneracao/venv/lib/python3.10/site-packages/airflow/example_dags/example_kubernetes_executor.py took 0.054 seconds
[2023-04-05 21:21:44,464] {processor.py:153} INFO - Started process (PID=54022) to work on /home/edinaldo/Documents/previsao_remuneracao/previsao_remuneracao/venv/lib/python3.10/site-packages/airflow/example_dags/example_kubernetes_executor.py
[2023-04-05 21:21:44,474] {processor.py:641} INFO - Processing file /home/edinaldo/Documents/previsao_remuneracao/previsao_remuneracao/venv/lib/python3.10/site-packages/airflow/example_dags/example_kubernetes_executor.py for tasks to queue
[2023-04-05 21:21:44,475] {logging_mixin.py:115} INFO - [2023-04-05 21:21:44,475] {dagbag.py:507} INFO - Filling up the DagBag from /home/edinaldo/Documents/previsao_remuneracao/previsao_remuneracao/venv/lib/python3.10/site-packages/airflow/example_dags/example_kubernetes_executor.py
[2023-04-05 21:21:44,501] {logging_mixin.py:115} INFO - [2023-04-05 21:21:44,501] {example_kubernetes_executor.py:39} WARNING - The example_kubernetes_executor example DAG requires the kubernetes provider. Please install it with: pip install apache-airflow[cncf.kubernetes]
[2023-04-05 21:21:44,501] {processor.py:653} WARNING - No viable dags retrieved from /home/edinaldo/Documents/previsao_remuneracao/previsao_remuneracao/venv/lib/python3.10/site-packages/airflow/example_dags/example_kubernetes_executor.py
[2023-04-05 21:21:44,512] {processor.py:161} INFO - Processing /home/edinaldo/Documents/previsao_remuneracao/previsao_remuneracao/venv/lib/python3.10/site-packages/airflow/example_dags/example_kubernetes_executor.py took 0.055 seconds
[2023-04-05 21:22:23,450] {processor.py:153} INFO - Started process (PID=54062) to work on /home/edinaldo/Documents/previsao_remuneracao/previsao_remuneracao/venv/lib/python3.10/site-packages/airflow/example_dags/example_kubernetes_executor.py
[2023-04-05 21:22:23,451] {processor.py:641} INFO - Processing file /home/edinaldo/Documents/previsao_remuneracao/previsao_remuneracao/venv/lib/python3.10/site-packages/airflow/example_dags/example_kubernetes_executor.py for tasks to queue
[2023-04-05 21:22:23,451] {logging_mixin.py:115} INFO - [2023-04-05 21:22:23,451] {dagbag.py:507} INFO - Filling up the DagBag from /home/edinaldo/Documents/previsao_remuneracao/previsao_remuneracao/venv/lib/python3.10/site-packages/airflow/example_dags/example_kubernetes_executor.py
[2023-04-05 21:22:23,468] {logging_mixin.py:115} INFO - [2023-04-05 21:22:23,468] {example_kubernetes_executor.py:39} WARNING - The example_kubernetes_executor example DAG requires the kubernetes provider. Please install it with: pip install apache-airflow[cncf.kubernetes]
[2023-04-05 21:22:23,468] {processor.py:653} WARNING - No viable dags retrieved from /home/edinaldo/Documents/previsao_remuneracao/previsao_remuneracao/venv/lib/python3.10/site-packages/airflow/example_dags/example_kubernetes_executor.py
[2023-04-05 21:22:23,479] {processor.py:161} INFO - Processing /home/edinaldo/Documents/previsao_remuneracao/previsao_remuneracao/venv/lib/python3.10/site-packages/airflow/example_dags/example_kubernetes_executor.py took 0.033 seconds
[2023-04-05 21:23:10,018] {processor.py:153} INFO - Started process (PID=54111) to work on /home/edinaldo/Documents/previsao_remuneracao/previsao_remuneracao/venv/lib/python3.10/site-packages/airflow/example_dags/example_kubernetes_executor.py
[2023-04-05 21:23:10,030] {processor.py:641} INFO - Processing file /home/edinaldo/Documents/previsao_remuneracao/previsao_remuneracao/venv/lib/python3.10/site-packages/airflow/example_dags/example_kubernetes_executor.py for tasks to queue
[2023-04-05 21:23:10,031] {logging_mixin.py:115} INFO - [2023-04-05 21:23:10,031] {dagbag.py:507} INFO - Filling up the DagBag from /home/edinaldo/Documents/previsao_remuneracao/previsao_remuneracao/venv/lib/python3.10/site-packages/airflow/example_dags/example_kubernetes_executor.py
[2023-04-05 21:23:10,059] {logging_mixin.py:115} INFO - [2023-04-05 21:23:10,059] {example_kubernetes_executor.py:39} WARNING - The example_kubernetes_executor example DAG requires the kubernetes provider. Please install it with: pip install apache-airflow[cncf.kubernetes]
[2023-04-05 21:23:10,059] {processor.py:653} WARNING - No viable dags retrieved from /home/edinaldo/Documents/previsao_remuneracao/previsao_remuneracao/venv/lib/python3.10/site-packages/airflow/example_dags/example_kubernetes_executor.py
[2023-04-05 21:23:10,070] {processor.py:161} INFO - Processing /home/edinaldo/Documents/previsao_remuneracao/previsao_remuneracao/venv/lib/python3.10/site-packages/airflow/example_dags/example_kubernetes_executor.py took 0.058 seconds
[2023-04-05 21:23:59,341] {processor.py:153} INFO - Started process (PID=54170) to work on /home/edinaldo/Documents/previsao_remuneracao/previsao_remuneracao/venv/lib/python3.10/site-packages/airflow/example_dags/example_kubernetes_executor.py
[2023-04-05 21:23:59,343] {processor.py:641} INFO - Processing file /home/edinaldo/Documents/previsao_remuneracao/previsao_remuneracao/venv/lib/python3.10/site-packages/airflow/example_dags/example_kubernetes_executor.py for tasks to queue
[2023-04-05 21:23:59,344] {logging_mixin.py:115} INFO - [2023-04-05 21:23:59,344] {dagbag.py:507} INFO - Filling up the DagBag from /home/edinaldo/Documents/previsao_remuneracao/previsao_remuneracao/venv/lib/python3.10/site-packages/airflow/example_dags/example_kubernetes_executor.py
[2023-04-05 21:23:59,391] {logging_mixin.py:115} INFO - [2023-04-05 21:23:59,391] {example_kubernetes_executor.py:39} WARNING - The example_kubernetes_executor example DAG requires the kubernetes provider. Please install it with: pip install apache-airflow[cncf.kubernetes]
[2023-04-05 21:23:59,391] {processor.py:653} WARNING - No viable dags retrieved from /home/edinaldo/Documents/previsao_remuneracao/previsao_remuneracao/venv/lib/python3.10/site-packages/airflow/example_dags/example_kubernetes_executor.py
[2023-04-05 21:23:59,402] {processor.py:161} INFO - Processing /home/edinaldo/Documents/previsao_remuneracao/previsao_remuneracao/venv/lib/python3.10/site-packages/airflow/example_dags/example_kubernetes_executor.py took 0.071 seconds
[2023-04-05 21:24:39,920] {processor.py:153} INFO - Started process (PID=54320) to work on /home/edinaldo/Documents/previsao_remuneracao/previsao_remuneracao/venv/lib/python3.10/site-packages/airflow/example_dags/example_kubernetes_executor.py
[2023-04-05 21:24:39,934] {processor.py:641} INFO - Processing file /home/edinaldo/Documents/previsao_remuneracao/previsao_remuneracao/venv/lib/python3.10/site-packages/airflow/example_dags/example_kubernetes_executor.py for tasks to queue
[2023-04-05 21:24:39,935] {logging_mixin.py:115} INFO - [2023-04-05 21:24:39,935] {dagbag.py:507} INFO - Filling up the DagBag from /home/edinaldo/Documents/previsao_remuneracao/previsao_remuneracao/venv/lib/python3.10/site-packages/airflow/example_dags/example_kubernetes_executor.py
[2023-04-05 21:24:39,985] {logging_mixin.py:115} INFO - [2023-04-05 21:24:39,985] {example_kubernetes_executor.py:39} WARNING - The example_kubernetes_executor example DAG requires the kubernetes provider. Please install it with: pip install apache-airflow[cncf.kubernetes]
[2023-04-05 21:24:39,985] {processor.py:653} WARNING - No viable dags retrieved from /home/edinaldo/Documents/previsao_remuneracao/previsao_remuneracao/venv/lib/python3.10/site-packages/airflow/example_dags/example_kubernetes_executor.py
[2023-04-05 21:24:39,999] {processor.py:161} INFO - Processing /home/edinaldo/Documents/previsao_remuneracao/previsao_remuneracao/venv/lib/python3.10/site-packages/airflow/example_dags/example_kubernetes_executor.py took 0.091 seconds
[2023-04-05 21:25:24,060] {processor.py:153} INFO - Started process (PID=54548) to work on /home/edinaldo/Documents/previsao_remuneracao/previsao_remuneracao/venv/lib/python3.10/site-packages/airflow/example_dags/example_kubernetes_executor.py
[2023-04-05 21:25:24,070] {processor.py:641} INFO - Processing file /home/edinaldo/Documents/previsao_remuneracao/previsao_remuneracao/venv/lib/python3.10/site-packages/airflow/example_dags/example_kubernetes_executor.py for tasks to queue
[2023-04-05 21:25:24,071] {logging_mixin.py:115} INFO - [2023-04-05 21:25:24,071] {dagbag.py:507} INFO - Filling up the DagBag from /home/edinaldo/Documents/previsao_remuneracao/previsao_remuneracao/venv/lib/python3.10/site-packages/airflow/example_dags/example_kubernetes_executor.py
[2023-04-05 21:25:24,100] {logging_mixin.py:115} INFO - [2023-04-05 21:25:24,100] {example_kubernetes_executor.py:39} WARNING - The example_kubernetes_executor example DAG requires the kubernetes provider. Please install it with: pip install apache-airflow[cncf.kubernetes]
[2023-04-05 21:25:24,101] {processor.py:653} WARNING - No viable dags retrieved from /home/edinaldo/Documents/previsao_remuneracao/previsao_remuneracao/venv/lib/python3.10/site-packages/airflow/example_dags/example_kubernetes_executor.py
[2023-04-05 21:25:24,111] {processor.py:161} INFO - Processing /home/edinaldo/Documents/previsao_remuneracao/previsao_remuneracao/venv/lib/python3.10/site-packages/airflow/example_dags/example_kubernetes_executor.py took 0.061 seconds
[2023-04-05 21:26:04,420] {processor.py:153} INFO - Started process (PID=54795) to work on /home/edinaldo/Documents/previsao_remuneracao/previsao_remuneracao/venv/lib/python3.10/site-packages/airflow/example_dags/example_kubernetes_executor.py
[2023-04-05 21:26:04,422] {processor.py:641} INFO - Processing file /home/edinaldo/Documents/previsao_remuneracao/previsao_remuneracao/venv/lib/python3.10/site-packages/airflow/example_dags/example_kubernetes_executor.py for tasks to queue
[2023-04-05 21:26:04,423] {logging_mixin.py:115} INFO - [2023-04-05 21:26:04,423] {dagbag.py:507} INFO - Filling up the DagBag from /home/edinaldo/Documents/previsao_remuneracao/previsao_remuneracao/venv/lib/python3.10/site-packages/airflow/example_dags/example_kubernetes_executor.py
[2023-04-05 21:26:04,457] {logging_mixin.py:115} INFO - [2023-04-05 21:26:04,457] {example_kubernetes_executor.py:39} WARNING - The example_kubernetes_executor example DAG requires the kubernetes provider. Please install it with: pip install apache-airflow[cncf.kubernetes]
[2023-04-05 21:26:04,457] {processor.py:653} WARNING - No viable dags retrieved from /home/edinaldo/Documents/previsao_remuneracao/previsao_remuneracao/venv/lib/python3.10/site-packages/airflow/example_dags/example_kubernetes_executor.py
[2023-04-05 21:26:04,472] {processor.py:161} INFO - Processing /home/edinaldo/Documents/previsao_remuneracao/previsao_remuneracao/venv/lib/python3.10/site-packages/airflow/example_dags/example_kubernetes_executor.py took 0.063 seconds
[2023-04-05 21:26:47,544] {processor.py:153} INFO - Started process (PID=55049) to work on /home/edinaldo/Documents/previsao_remuneracao/previsao_remuneracao/venv/lib/python3.10/site-packages/airflow/example_dags/example_kubernetes_executor.py
[2023-04-05 21:26:47,559] {processor.py:641} INFO - Processing file /home/edinaldo/Documents/previsao_remuneracao/previsao_remuneracao/venv/lib/python3.10/site-packages/airflow/example_dags/example_kubernetes_executor.py for tasks to queue
[2023-04-05 21:26:47,559] {logging_mixin.py:115} INFO - [2023-04-05 21:26:47,559] {dagbag.py:507} INFO - Filling up the DagBag from /home/edinaldo/Documents/previsao_remuneracao/previsao_remuneracao/venv/lib/python3.10/site-packages/airflow/example_dags/example_kubernetes_executor.py
[2023-04-05 21:26:47,577] {logging_mixin.py:115} INFO - [2023-04-05 21:26:47,577] {example_kubernetes_executor.py:39} WARNING - The example_kubernetes_executor example DAG requires the kubernetes provider. Please install it with: pip install apache-airflow[cncf.kubernetes]
[2023-04-05 21:26:47,577] {processor.py:653} WARNING - No viable dags retrieved from /home/edinaldo/Documents/previsao_remuneracao/previsao_remuneracao/venv/lib/python3.10/site-packages/airflow/example_dags/example_kubernetes_executor.py
[2023-04-05 21:26:47,587] {processor.py:161} INFO - Processing /home/edinaldo/Documents/previsao_remuneracao/previsao_remuneracao/venv/lib/python3.10/site-packages/airflow/example_dags/example_kubernetes_executor.py took 0.048 seconds
[2023-04-05 21:27:34,556] {processor.py:153} INFO - Started process (PID=55358) to work on /home/edinaldo/Documents/previsao_remuneracao/previsao_remuneracao/venv/lib/python3.10/site-packages/airflow/example_dags/example_kubernetes_executor.py
[2023-04-05 21:27:34,563] {processor.py:641} INFO - Processing file /home/edinaldo/Documents/previsao_remuneracao/previsao_remuneracao/venv/lib/python3.10/site-packages/airflow/example_dags/example_kubernetes_executor.py for tasks to queue
[2023-04-05 21:27:34,564] {logging_mixin.py:115} INFO - [2023-04-05 21:27:34,564] {dagbag.py:507} INFO - Filling up the DagBag from /home/edinaldo/Documents/previsao_remuneracao/previsao_remuneracao/venv/lib/python3.10/site-packages/airflow/example_dags/example_kubernetes_executor.py
[2023-04-05 21:27:34,591] {logging_mixin.py:115} INFO - [2023-04-05 21:27:34,591] {example_kubernetes_executor.py:39} WARNING - The example_kubernetes_executor example DAG requires the kubernetes provider. Please install it with: pip install apache-airflow[cncf.kubernetes]
[2023-04-05 21:27:34,591] {processor.py:653} WARNING - No viable dags retrieved from /home/edinaldo/Documents/previsao_remuneracao/previsao_remuneracao/venv/lib/python3.10/site-packages/airflow/example_dags/example_kubernetes_executor.py
[2023-04-05 21:27:34,602] {processor.py:161} INFO - Processing /home/edinaldo/Documents/previsao_remuneracao/previsao_remuneracao/venv/lib/python3.10/site-packages/airflow/example_dags/example_kubernetes_executor.py took 0.056 seconds
[2023-04-05 21:28:40,464] {processor.py:153} INFO - Started process (PID=55590) to work on /home/edinaldo/Documents/previsao_remuneracao/previsao_remuneracao/venv/lib/python3.10/site-packages/airflow/example_dags/example_kubernetes_executor.py
[2023-04-05 21:28:40,490] {processor.py:641} INFO - Processing file /home/edinaldo/Documents/previsao_remuneracao/previsao_remuneracao/venv/lib/python3.10/site-packages/airflow/example_dags/example_kubernetes_executor.py for tasks to queue
[2023-04-05 21:28:40,491] {logging_mixin.py:115} INFO - [2023-04-05 21:28:40,491] {dagbag.py:507} INFO - Filling up the DagBag from /home/edinaldo/Documents/previsao_remuneracao/previsao_remuneracao/venv/lib/python3.10/site-packages/airflow/example_dags/example_kubernetes_executor.py
[2023-04-05 21:28:40,580] {logging_mixin.py:115} INFO - [2023-04-05 21:28:40,580] {example_kubernetes_executor.py:39} WARNING - The example_kubernetes_executor example DAG requires the kubernetes provider. Please install it with: pip install apache-airflow[cncf.kubernetes]
[2023-04-05 21:28:40,581] {processor.py:653} WARNING - No viable dags retrieved from /home/edinaldo/Documents/previsao_remuneracao/previsao_remuneracao/venv/lib/python3.10/site-packages/airflow/example_dags/example_kubernetes_executor.py
[2023-04-05 21:28:40,600] {processor.py:161} INFO - Processing /home/edinaldo/Documents/previsao_remuneracao/previsao_remuneracao/venv/lib/python3.10/site-packages/airflow/example_dags/example_kubernetes_executor.py took 0.145 seconds
[2023-04-05 21:29:23,231] {processor.py:153} INFO - Started process (PID=55625) to work on /home/edinaldo/Documents/previsao_remuneracao/previsao_remuneracao/venv/lib/python3.10/site-packages/airflow/example_dags/example_kubernetes_executor.py
[2023-04-05 21:29:23,309] {processor.py:641} INFO - Processing file /home/edinaldo/Documents/previsao_remuneracao/previsao_remuneracao/venv/lib/python3.10/site-packages/airflow/example_dags/example_kubernetes_executor.py for tasks to queue
[2023-04-05 21:29:23,311] {logging_mixin.py:115} INFO - [2023-04-05 21:29:23,311] {dagbag.py:507} INFO - Filling up the DagBag from /home/edinaldo/Documents/previsao_remuneracao/previsao_remuneracao/venv/lib/python3.10/site-packages/airflow/example_dags/example_kubernetes_executor.py
[2023-04-05 21:29:23,350] {logging_mixin.py:115} INFO - [2023-04-05 21:29:23,350] {example_kubernetes_executor.py:39} WARNING - The example_kubernetes_executor example DAG requires the kubernetes provider. Please install it with: pip install apache-airflow[cncf.kubernetes]
[2023-04-05 21:29:23,351] {processor.py:653} WARNING - No viable dags retrieved from /home/edinaldo/Documents/previsao_remuneracao/previsao_remuneracao/venv/lib/python3.10/site-packages/airflow/example_dags/example_kubernetes_executor.py
[2023-04-05 21:29:23,370] {processor.py:161} INFO - Processing /home/edinaldo/Documents/previsao_remuneracao/previsao_remuneracao/venv/lib/python3.10/site-packages/airflow/example_dags/example_kubernetes_executor.py took 0.143 seconds
[2023-04-05 21:30:07,854] {processor.py:153} INFO - Started process (PID=55667) to work on /home/edinaldo/Documents/previsao_remuneracao/previsao_remuneracao/venv/lib/python3.10/site-packages/airflow/example_dags/example_kubernetes_executor.py
[2023-04-05 21:30:07,870] {processor.py:641} INFO - Processing file /home/edinaldo/Documents/previsao_remuneracao/previsao_remuneracao/venv/lib/python3.10/site-packages/airflow/example_dags/example_kubernetes_executor.py for tasks to queue
[2023-04-05 21:30:07,872] {logging_mixin.py:115} INFO - [2023-04-05 21:30:07,872] {dagbag.py:507} INFO - Filling up the DagBag from /home/edinaldo/Documents/previsao_remuneracao/previsao_remuneracao/venv/lib/python3.10/site-packages/airflow/example_dags/example_kubernetes_executor.py
[2023-04-05 21:30:07,904] {logging_mixin.py:115} INFO - [2023-04-05 21:30:07,904] {example_kubernetes_executor.py:39} WARNING - The example_kubernetes_executor example DAG requires the kubernetes provider. Please install it with: pip install apache-airflow[cncf.kubernetes]
[2023-04-05 21:30:07,905] {processor.py:653} WARNING - No viable dags retrieved from /home/edinaldo/Documents/previsao_remuneracao/previsao_remuneracao/venv/lib/python3.10/site-packages/airflow/example_dags/example_kubernetes_executor.py
[2023-04-05 21:30:07,926] {processor.py:161} INFO - Processing /home/edinaldo/Documents/previsao_remuneracao/previsao_remuneracao/venv/lib/python3.10/site-packages/airflow/example_dags/example_kubernetes_executor.py took 0.091 seconds
[2023-04-05 21:30:45,335] {processor.py:153} INFO - Started process (PID=55705) to work on /home/edinaldo/Documents/previsao_remuneracao/previsao_remuneracao/venv/lib/python3.10/site-packages/airflow/example_dags/example_kubernetes_executor.py
[2023-04-05 21:30:45,350] {processor.py:641} INFO - Processing file /home/edinaldo/Documents/previsao_remuneracao/previsao_remuneracao/venv/lib/python3.10/site-packages/airflow/example_dags/example_kubernetes_executor.py for tasks to queue
[2023-04-05 21:30:45,351] {logging_mixin.py:115} INFO - [2023-04-05 21:30:45,351] {dagbag.py:507} INFO - Filling up the DagBag from /home/edinaldo/Documents/previsao_remuneracao/previsao_remuneracao/venv/lib/python3.10/site-packages/airflow/example_dags/example_kubernetes_executor.py
[2023-04-05 21:30:45,372] {logging_mixin.py:115} INFO - [2023-04-05 21:30:45,372] {example_kubernetes_executor.py:39} WARNING - The example_kubernetes_executor example DAG requires the kubernetes provider. Please install it with: pip install apache-airflow[cncf.kubernetes]
[2023-04-05 21:30:45,372] {processor.py:653} WARNING - No viable dags retrieved from /home/edinaldo/Documents/previsao_remuneracao/previsao_remuneracao/venv/lib/python3.10/site-packages/airflow/example_dags/example_kubernetes_executor.py
[2023-04-05 21:30:45,386] {processor.py:161} INFO - Processing /home/edinaldo/Documents/previsao_remuneracao/previsao_remuneracao/venv/lib/python3.10/site-packages/airflow/example_dags/example_kubernetes_executor.py took 0.056 seconds
[2023-04-05 21:31:28,880] {processor.py:153} INFO - Started process (PID=55765) to work on /home/edinaldo/Documents/previsao_remuneracao/previsao_remuneracao/venv/lib/python3.10/site-packages/airflow/example_dags/example_kubernetes_executor.py
[2023-04-05 21:31:28,889] {processor.py:641} INFO - Processing file /home/edinaldo/Documents/previsao_remuneracao/previsao_remuneracao/venv/lib/python3.10/site-packages/airflow/example_dags/example_kubernetes_executor.py for tasks to queue
[2023-04-05 21:31:28,891] {logging_mixin.py:115} INFO - [2023-04-05 21:31:28,890] {dagbag.py:507} INFO - Filling up the DagBag from /home/edinaldo/Documents/previsao_remuneracao/previsao_remuneracao/venv/lib/python3.10/site-packages/airflow/example_dags/example_kubernetes_executor.py
[2023-04-05 21:31:28,917] {logging_mixin.py:115} INFO - [2023-04-05 21:31:28,917] {example_kubernetes_executor.py:39} WARNING - The example_kubernetes_executor example DAG requires the kubernetes provider. Please install it with: pip install apache-airflow[cncf.kubernetes]
[2023-04-05 21:31:28,917] {processor.py:653} WARNING - No viable dags retrieved from /home/edinaldo/Documents/previsao_remuneracao/previsao_remuneracao/venv/lib/python3.10/site-packages/airflow/example_dags/example_kubernetes_executor.py
[2023-04-05 21:31:28,930] {processor.py:161} INFO - Processing /home/edinaldo/Documents/previsao_remuneracao/previsao_remuneracao/venv/lib/python3.10/site-packages/airflow/example_dags/example_kubernetes_executor.py took 0.058 seconds
[2023-04-05 21:32:14,986] {processor.py:153} INFO - Started process (PID=56029) to work on /home/edinaldo/Documents/previsao_remuneracao/previsao_remuneracao/venv/lib/python3.10/site-packages/airflow/example_dags/example_kubernetes_executor.py
[2023-04-05 21:32:15,005] {processor.py:641} INFO - Processing file /home/edinaldo/Documents/previsao_remuneracao/previsao_remuneracao/venv/lib/python3.10/site-packages/airflow/example_dags/example_kubernetes_executor.py for tasks to queue
[2023-04-05 21:32:15,007] {logging_mixin.py:115} INFO - [2023-04-05 21:32:15,007] {dagbag.py:507} INFO - Filling up the DagBag from /home/edinaldo/Documents/previsao_remuneracao/previsao_remuneracao/venv/lib/python3.10/site-packages/airflow/example_dags/example_kubernetes_executor.py
[2023-04-05 21:32:15,058] {logging_mixin.py:115} INFO - [2023-04-05 21:32:15,058] {example_kubernetes_executor.py:39} WARNING - The example_kubernetes_executor example DAG requires the kubernetes provider. Please install it with: pip install apache-airflow[cncf.kubernetes]
[2023-04-05 21:32:15,058] {processor.py:653} WARNING - No viable dags retrieved from /home/edinaldo/Documents/previsao_remuneracao/previsao_remuneracao/venv/lib/python3.10/site-packages/airflow/example_dags/example_kubernetes_executor.py
[2023-04-05 21:32:15,078] {processor.py:161} INFO - Processing /home/edinaldo/Documents/previsao_remuneracao/previsao_remuneracao/venv/lib/python3.10/site-packages/airflow/example_dags/example_kubernetes_executor.py took 0.097 seconds
[2023-04-05 21:33:03,943] {processor.py:153} INFO - Started process (PID=56102) to work on /home/edinaldo/Documents/previsao_remuneracao/previsao_remuneracao/venv/lib/python3.10/site-packages/airflow/example_dags/example_kubernetes_executor.py
[2023-04-05 21:33:03,948] {processor.py:641} INFO - Processing file /home/edinaldo/Documents/previsao_remuneracao/previsao_remuneracao/venv/lib/python3.10/site-packages/airflow/example_dags/example_kubernetes_executor.py for tasks to queue
[2023-04-05 21:33:03,949] {logging_mixin.py:115} INFO - [2023-04-05 21:33:03,949] {dagbag.py:507} INFO - Filling up the DagBag from /home/edinaldo/Documents/previsao_remuneracao/previsao_remuneracao/venv/lib/python3.10/site-packages/airflow/example_dags/example_kubernetes_executor.py
[2023-04-05 21:33:03,996] {logging_mixin.py:115} INFO - [2023-04-05 21:33:03,996] {example_kubernetes_executor.py:39} WARNING - The example_kubernetes_executor example DAG requires the kubernetes provider. Please install it with: pip install apache-airflow[cncf.kubernetes]
[2023-04-05 21:33:03,996] {processor.py:653} WARNING - No viable dags retrieved from /home/edinaldo/Documents/previsao_remuneracao/previsao_remuneracao/venv/lib/python3.10/site-packages/airflow/example_dags/example_kubernetes_executor.py
[2023-04-05 21:33:04,016] {processor.py:161} INFO - Processing /home/edinaldo/Documents/previsao_remuneracao/previsao_remuneracao/venv/lib/python3.10/site-packages/airflow/example_dags/example_kubernetes_executor.py took 0.080 seconds
[2023-04-05 21:33:53,342] {processor.py:153} INFO - Started process (PID=56157) to work on /home/edinaldo/Documents/previsao_remuneracao/previsao_remuneracao/venv/lib/python3.10/site-packages/airflow/example_dags/example_kubernetes_executor.py
[2023-04-05 21:33:53,354] {processor.py:641} INFO - Processing file /home/edinaldo/Documents/previsao_remuneracao/previsao_remuneracao/venv/lib/python3.10/site-packages/airflow/example_dags/example_kubernetes_executor.py for tasks to queue
[2023-04-05 21:33:53,354] {logging_mixin.py:115} INFO - [2023-04-05 21:33:53,354] {dagbag.py:507} INFO - Filling up the DagBag from /home/edinaldo/Documents/previsao_remuneracao/previsao_remuneracao/venv/lib/python3.10/site-packages/airflow/example_dags/example_kubernetes_executor.py
[2023-04-05 21:33:53,385] {logging_mixin.py:115} INFO - [2023-04-05 21:33:53,385] {example_kubernetes_executor.py:39} WARNING - The example_kubernetes_executor example DAG requires the kubernetes provider. Please install it with: pip install apache-airflow[cncf.kubernetes]
[2023-04-05 21:33:53,385] {processor.py:653} WARNING - No viable dags retrieved from /home/edinaldo/Documents/previsao_remuneracao/previsao_remuneracao/venv/lib/python3.10/site-packages/airflow/example_dags/example_kubernetes_executor.py
[2023-04-05 21:33:53,402] {processor.py:161} INFO - Processing /home/edinaldo/Documents/previsao_remuneracao/previsao_remuneracao/venv/lib/python3.10/site-packages/airflow/example_dags/example_kubernetes_executor.py took 0.065 seconds
[2023-04-05 21:34:34,155] {processor.py:153} INFO - Started process (PID=56220) to work on /home/edinaldo/Documents/previsao_remuneracao/previsao_remuneracao/venv/lib/python3.10/site-packages/airflow/example_dags/example_kubernetes_executor.py
[2023-04-05 21:34:34,206] {processor.py:641} INFO - Processing file /home/edinaldo/Documents/previsao_remuneracao/previsao_remuneracao/venv/lib/python3.10/site-packages/airflow/example_dags/example_kubernetes_executor.py for tasks to queue
[2023-04-05 21:34:34,208] {logging_mixin.py:115} INFO - [2023-04-05 21:34:34,208] {dagbag.py:507} INFO - Filling up the DagBag from /home/edinaldo/Documents/previsao_remuneracao/previsao_remuneracao/venv/lib/python3.10/site-packages/airflow/example_dags/example_kubernetes_executor.py
[2023-04-05 21:34:34,254] {logging_mixin.py:115} INFO - [2023-04-05 21:34:34,254] {example_kubernetes_executor.py:39} WARNING - The example_kubernetes_executor example DAG requires the kubernetes provider. Please install it with: pip install apache-airflow[cncf.kubernetes]
[2023-04-05 21:34:34,254] {processor.py:653} WARNING - No viable dags retrieved from /home/edinaldo/Documents/previsao_remuneracao/previsao_remuneracao/venv/lib/python3.10/site-packages/airflow/example_dags/example_kubernetes_executor.py
[2023-04-05 21:34:34,274] {processor.py:161} INFO - Processing /home/edinaldo/Documents/previsao_remuneracao/previsao_remuneracao/venv/lib/python3.10/site-packages/airflow/example_dags/example_kubernetes_executor.py took 0.126 seconds
[2023-04-05 21:35:21,695] {processor.py:153} INFO - Started process (PID=56271) to work on /home/edinaldo/Documents/previsao_remuneracao/previsao_remuneracao/venv/lib/python3.10/site-packages/airflow/example_dags/example_kubernetes_executor.py
[2023-04-05 21:35:21,696] {processor.py:641} INFO - Processing file /home/edinaldo/Documents/previsao_remuneracao/previsao_remuneracao/venv/lib/python3.10/site-packages/airflow/example_dags/example_kubernetes_executor.py for tasks to queue
[2023-04-05 21:35:21,697] {logging_mixin.py:115} INFO - [2023-04-05 21:35:21,697] {dagbag.py:507} INFO - Filling up the DagBag from /home/edinaldo/Documents/previsao_remuneracao/previsao_remuneracao/venv/lib/python3.10/site-packages/airflow/example_dags/example_kubernetes_executor.py
[2023-04-05 21:35:21,728] {logging_mixin.py:115} INFO - [2023-04-05 21:35:21,728] {example_kubernetes_executor.py:39} WARNING - The example_kubernetes_executor example DAG requires the kubernetes provider. Please install it with: pip install apache-airflow[cncf.kubernetes]
[2023-04-05 21:35:21,728] {processor.py:653} WARNING - No viable dags retrieved from /home/edinaldo/Documents/previsao_remuneracao/previsao_remuneracao/venv/lib/python3.10/site-packages/airflow/example_dags/example_kubernetes_executor.py
[2023-04-05 21:35:21,744] {processor.py:161} INFO - Processing /home/edinaldo/Documents/previsao_remuneracao/previsao_remuneracao/venv/lib/python3.10/site-packages/airflow/example_dags/example_kubernetes_executor.py took 0.055 seconds
[2023-04-05 21:36:51,563] {processor.py:153} INFO - Started process (PID=56710) to work on /home/edinaldo/Documents/previsao_remuneracao/previsao_remuneracao/venv/lib/python3.10/site-packages/airflow/example_dags/example_kubernetes_executor.py
[2023-04-05 21:36:51,583] {processor.py:641} INFO - Processing file /home/edinaldo/Documents/previsao_remuneracao/previsao_remuneracao/venv/lib/python3.10/site-packages/airflow/example_dags/example_kubernetes_executor.py for tasks to queue
[2023-04-05 21:36:51,585] {logging_mixin.py:115} INFO - [2023-04-05 21:36:51,584] {dagbag.py:507} INFO - Filling up the DagBag from /home/edinaldo/Documents/previsao_remuneracao/previsao_remuneracao/venv/lib/python3.10/site-packages/airflow/example_dags/example_kubernetes_executor.py
[2023-04-05 21:36:51,700] {logging_mixin.py:115} INFO - [2023-04-05 21:36:51,700] {example_kubernetes_executor.py:39} WARNING - The example_kubernetes_executor example DAG requires the kubernetes provider. Please install it with: pip install apache-airflow[cncf.kubernetes]
[2023-04-05 21:36:51,700] {processor.py:653} WARNING - No viable dags retrieved from /home/edinaldo/Documents/previsao_remuneracao/previsao_remuneracao/venv/lib/python3.10/site-packages/airflow/example_dags/example_kubernetes_executor.py
[2023-04-05 21:36:51,716] {processor.py:161} INFO - Processing /home/edinaldo/Documents/previsao_remuneracao/previsao_remuneracao/venv/lib/python3.10/site-packages/airflow/example_dags/example_kubernetes_executor.py took 0.164 seconds
[2023-04-05 21:37:57,317] {processor.py:153} INFO - Started process (PID=56887) to work on /home/edinaldo/Documents/previsao_remuneracao/previsao_remuneracao/venv/lib/python3.10/site-packages/airflow/example_dags/example_kubernetes_executor.py
[2023-04-05 21:37:57,331] {processor.py:641} INFO - Processing file /home/edinaldo/Documents/previsao_remuneracao/previsao_remuneracao/venv/lib/python3.10/site-packages/airflow/example_dags/example_kubernetes_executor.py for tasks to queue
[2023-04-05 21:37:57,332] {logging_mixin.py:115} INFO - [2023-04-05 21:37:57,332] {dagbag.py:507} INFO - Filling up the DagBag from /home/edinaldo/Documents/previsao_remuneracao/previsao_remuneracao/venv/lib/python3.10/site-packages/airflow/example_dags/example_kubernetes_executor.py
[2023-04-05 21:37:57,387] {logging_mixin.py:115} INFO - [2023-04-05 21:37:57,387] {example_kubernetes_executor.py:39} WARNING - The example_kubernetes_executor example DAG requires the kubernetes provider. Please install it with: pip install apache-airflow[cncf.kubernetes]
[2023-04-05 21:37:57,388] {processor.py:653} WARNING - No viable dags retrieved from /home/edinaldo/Documents/previsao_remuneracao/previsao_remuneracao/venv/lib/python3.10/site-packages/airflow/example_dags/example_kubernetes_executor.py
[2023-04-05 21:37:57,409] {processor.py:161} INFO - Processing /home/edinaldo/Documents/previsao_remuneracao/previsao_remuneracao/venv/lib/python3.10/site-packages/airflow/example_dags/example_kubernetes_executor.py took 0.102 seconds
[2023-04-05 21:38:55,789] {processor.py:153} INFO - Started process (PID=57222) to work on /home/edinaldo/Documents/previsao_remuneracao/previsao_remuneracao/venv/lib/python3.10/site-packages/airflow/example_dags/example_kubernetes_executor.py
[2023-04-05 21:38:55,825] {processor.py:641} INFO - Processing file /home/edinaldo/Documents/previsao_remuneracao/previsao_remuneracao/venv/lib/python3.10/site-packages/airflow/example_dags/example_kubernetes_executor.py for tasks to queue
[2023-04-05 21:38:55,827] {logging_mixin.py:115} INFO - [2023-04-05 21:38:55,827] {dagbag.py:507} INFO - Filling up the DagBag from /home/edinaldo/Documents/previsao_remuneracao/previsao_remuneracao/venv/lib/python3.10/site-packages/airflow/example_dags/example_kubernetes_executor.py
[2023-04-05 21:38:56,136] {logging_mixin.py:115} INFO - [2023-04-05 21:38:56,135] {example_kubernetes_executor.py:39} WARNING - The example_kubernetes_executor example DAG requires the kubernetes provider. Please install it with: pip install apache-airflow[cncf.kubernetes]
[2023-04-05 21:38:56,137] {processor.py:653} WARNING - No viable dags retrieved from /home/edinaldo/Documents/previsao_remuneracao/previsao_remuneracao/venv/lib/python3.10/site-packages/airflow/example_dags/example_kubernetes_executor.py
[2023-04-05 21:38:56,184] {processor.py:161} INFO - Processing /home/edinaldo/Documents/previsao_remuneracao/previsao_remuneracao/venv/lib/python3.10/site-packages/airflow/example_dags/example_kubernetes_executor.py took 0.403 seconds
[2023-04-05 21:40:05,305] {processor.py:153} INFO - Started process (PID=57550) to work on /home/edinaldo/Documents/previsao_remuneracao/previsao_remuneracao/venv/lib/python3.10/site-packages/airflow/example_dags/example_kubernetes_executor.py
[2023-04-05 21:40:05,320] {processor.py:641} INFO - Processing file /home/edinaldo/Documents/previsao_remuneracao/previsao_remuneracao/venv/lib/python3.10/site-packages/airflow/example_dags/example_kubernetes_executor.py for tasks to queue
[2023-04-05 21:40:05,321] {logging_mixin.py:115} INFO - [2023-04-05 21:40:05,321] {dagbag.py:507} INFO - Filling up the DagBag from /home/edinaldo/Documents/previsao_remuneracao/previsao_remuneracao/venv/lib/python3.10/site-packages/airflow/example_dags/example_kubernetes_executor.py
[2023-04-05 21:40:05,371] {logging_mixin.py:115} INFO - [2023-04-05 21:40:05,371] {example_kubernetes_executor.py:39} WARNING - The example_kubernetes_executor example DAG requires the kubernetes provider. Please install it with: pip install apache-airflow[cncf.kubernetes]
[2023-04-05 21:40:05,371] {processor.py:653} WARNING - No viable dags retrieved from /home/edinaldo/Documents/previsao_remuneracao/previsao_remuneracao/venv/lib/python3.10/site-packages/airflow/example_dags/example_kubernetes_executor.py
[2023-04-05 21:40:05,387] {processor.py:161} INFO - Processing /home/edinaldo/Documents/previsao_remuneracao/previsao_remuneracao/venv/lib/python3.10/site-packages/airflow/example_dags/example_kubernetes_executor.py took 0.085 seconds
[2023-04-05 21:40:52,014] {processor.py:153} INFO - Started process (PID=57779) to work on /home/edinaldo/Documents/previsao_remuneracao/previsao_remuneracao/venv/lib/python3.10/site-packages/airflow/example_dags/example_kubernetes_executor.py
[2023-04-05 21:40:52,028] {processor.py:641} INFO - Processing file /home/edinaldo/Documents/previsao_remuneracao/previsao_remuneracao/venv/lib/python3.10/site-packages/airflow/example_dags/example_kubernetes_executor.py for tasks to queue
[2023-04-05 21:40:52,029] {logging_mixin.py:115} INFO - [2023-04-05 21:40:52,029] {dagbag.py:507} INFO - Filling up the DagBag from /home/edinaldo/Documents/previsao_remuneracao/previsao_remuneracao/venv/lib/python3.10/site-packages/airflow/example_dags/example_kubernetes_executor.py
[2023-04-05 21:40:52,071] {logging_mixin.py:115} INFO - [2023-04-05 21:40:52,071] {example_kubernetes_executor.py:39} WARNING - The example_kubernetes_executor example DAG requires the kubernetes provider. Please install it with: pip install apache-airflow[cncf.kubernetes]
[2023-04-05 21:40:52,071] {processor.py:653} WARNING - No viable dags retrieved from /home/edinaldo/Documents/previsao_remuneracao/previsao_remuneracao/venv/lib/python3.10/site-packages/airflow/example_dags/example_kubernetes_executor.py
[2023-04-05 21:40:52,164] {processor.py:161} INFO - Processing /home/edinaldo/Documents/previsao_remuneracao/previsao_remuneracao/venv/lib/python3.10/site-packages/airflow/example_dags/example_kubernetes_executor.py took 0.159 seconds
[2023-04-05 21:41:32,566] {processor.py:153} INFO - Started process (PID=58049) to work on /home/edinaldo/Documents/previsao_remuneracao/previsao_remuneracao/venv/lib/python3.10/site-packages/airflow/example_dags/example_kubernetes_executor.py
[2023-04-05 21:41:32,581] {processor.py:641} INFO - Processing file /home/edinaldo/Documents/previsao_remuneracao/previsao_remuneracao/venv/lib/python3.10/site-packages/airflow/example_dags/example_kubernetes_executor.py for tasks to queue
[2023-04-05 21:41:32,584] {logging_mixin.py:115} INFO - [2023-04-05 21:41:32,583] {dagbag.py:507} INFO - Filling up the DagBag from /home/edinaldo/Documents/previsao_remuneracao/previsao_remuneracao/venv/lib/python3.10/site-packages/airflow/example_dags/example_kubernetes_executor.py
[2023-04-05 21:41:32,874] {logging_mixin.py:115} INFO - [2023-04-05 21:41:32,874] {example_kubernetes_executor.py:39} WARNING - The example_kubernetes_executor example DAG requires the kubernetes provider. Please install it with: pip install apache-airflow[cncf.kubernetes]
[2023-04-05 21:41:32,875] {processor.py:653} WARNING - No viable dags retrieved from /home/edinaldo/Documents/previsao_remuneracao/previsao_remuneracao/venv/lib/python3.10/site-packages/airflow/example_dags/example_kubernetes_executor.py
[2023-04-05 21:41:32,930] {processor.py:161} INFO - Processing /home/edinaldo/Documents/previsao_remuneracao/previsao_remuneracao/venv/lib/python3.10/site-packages/airflow/example_dags/example_kubernetes_executor.py took 0.378 seconds
[2023-04-05 21:42:21,327] {processor.py:153} INFO - Started process (PID=58304) to work on /home/edinaldo/Documents/previsao_remuneracao/previsao_remuneracao/venv/lib/python3.10/site-packages/airflow/example_dags/example_kubernetes_executor.py
[2023-04-05 21:42:21,333] {processor.py:641} INFO - Processing file /home/edinaldo/Documents/previsao_remuneracao/previsao_remuneracao/venv/lib/python3.10/site-packages/airflow/example_dags/example_kubernetes_executor.py for tasks to queue
[2023-04-05 21:42:21,334] {logging_mixin.py:115} INFO - [2023-04-05 21:42:21,334] {dagbag.py:507} INFO - Filling up the DagBag from /home/edinaldo/Documents/previsao_remuneracao/previsao_remuneracao/venv/lib/python3.10/site-packages/airflow/example_dags/example_kubernetes_executor.py
[2023-04-05 21:42:21,364] {logging_mixin.py:115} INFO - [2023-04-05 21:42:21,364] {example_kubernetes_executor.py:39} WARNING - The example_kubernetes_executor example DAG requires the kubernetes provider. Please install it with: pip install apache-airflow[cncf.kubernetes]
[2023-04-05 21:42:21,364] {processor.py:653} WARNING - No viable dags retrieved from /home/edinaldo/Documents/previsao_remuneracao/previsao_remuneracao/venv/lib/python3.10/site-packages/airflow/example_dags/example_kubernetes_executor.py
[2023-04-05 21:42:21,375] {processor.py:161} INFO - Processing /home/edinaldo/Documents/previsao_remuneracao/previsao_remuneracao/venv/lib/python3.10/site-packages/airflow/example_dags/example_kubernetes_executor.py took 0.059 seconds
