[2023-04-05 21:00:32,739] {processor.py:153} INFO - Started process (PID=52130) to work on /home/edinaldo/Documents/previsao_remuneracao/previsao_remuneracao/venv/lib/python3.10/site-packages/airflow/example_dags/example_xcom.py
[2023-04-05 21:00:32,740] {processor.py:641} INFO - Processing file /home/edinaldo/Documents/previsao_remuneracao/previsao_remuneracao/venv/lib/python3.10/site-packages/airflow/example_dags/example_xcom.py for tasks to queue
[2023-04-05 21:00:32,742] {logging_mixin.py:115} INFO - [2023-04-05 21:00:32,741] {dagbag.py:507} INFO - Filling up the DagBag from /home/edinaldo/Documents/previsao_remuneracao/previsao_remuneracao/venv/lib/python3.10/site-packages/airflow/example_dags/example_xcom.py
[2023-04-05 21:00:32,793] {processor.py:651} INFO - DAG(s) dict_keys(['example_xcom']) retrieved from /home/edinaldo/Documents/previsao_remuneracao/previsao_remuneracao/venv/lib/python3.10/site-packages/airflow/example_dags/example_xcom.py
[2023-04-05 21:00:32,817] {logging_mixin.py:115} INFO - [2023-04-05 21:00:32,817] {dag.py:2379} INFO - Sync 1 DAGs
[2023-04-05 21:00:32,839] {logging_mixin.py:115} INFO - [2023-04-05 21:00:32,839] {dag.py:2927} INFO - Setting next_dagrun for example_xcom to 2021-01-01T00:00:00+00:00, run_after=2021-01-01T00:00:00+00:00
[2023-04-05 21:00:32,945] {processor.py:161} INFO - Processing /home/edinaldo/Documents/previsao_remuneracao/previsao_remuneracao/venv/lib/python3.10/site-packages/airflow/example_dags/example_xcom.py took 0.216 seconds
[2023-04-05 21:01:14,016] {processor.py:153} INFO - Started process (PID=52202) to work on /home/edinaldo/Documents/previsao_remuneracao/previsao_remuneracao/venv/lib/python3.10/site-packages/airflow/example_dags/example_xcom.py
[2023-04-05 21:01:14,024] {processor.py:641} INFO - Processing file /home/edinaldo/Documents/previsao_remuneracao/previsao_remuneracao/venv/lib/python3.10/site-packages/airflow/example_dags/example_xcom.py for tasks to queue
[2023-04-05 21:01:14,025] {logging_mixin.py:115} INFO - [2023-04-05 21:01:14,025] {dagbag.py:507} INFO - Filling up the DagBag from /home/edinaldo/Documents/previsao_remuneracao/previsao_remuneracao/venv/lib/python3.10/site-packages/airflow/example_dags/example_xcom.py
[2023-04-05 21:01:14,046] {processor.py:651} INFO - DAG(s) dict_keys(['example_xcom']) retrieved from /home/edinaldo/Documents/previsao_remuneracao/previsao_remuneracao/venv/lib/python3.10/site-packages/airflow/example_dags/example_xcom.py
[2023-04-05 21:01:14,064] {logging_mixin.py:115} INFO - [2023-04-05 21:01:14,064] {dag.py:2379} INFO - Sync 1 DAGs
[2023-04-05 21:01:14,083] {logging_mixin.py:115} INFO - [2023-04-05 21:01:14,083] {dag.py:2927} INFO - Setting next_dagrun for example_xcom to 2021-01-01T00:00:00+00:00, run_after=2021-01-01T00:00:00+00:00
[2023-04-05 21:01:14,200] {processor.py:161} INFO - Processing /home/edinaldo/Documents/previsao_remuneracao/previsao_remuneracao/venv/lib/python3.10/site-packages/airflow/example_dags/example_xcom.py took 0.187 seconds
[2023-04-05 21:02:00,584] {processor.py:153} INFO - Started process (PID=52318) to work on /home/edinaldo/Documents/previsao_remuneracao/previsao_remuneracao/venv/lib/python3.10/site-packages/airflow/example_dags/example_xcom.py
[2023-04-05 21:02:00,596] {processor.py:641} INFO - Processing file /home/edinaldo/Documents/previsao_remuneracao/previsao_remuneracao/venv/lib/python3.10/site-packages/airflow/example_dags/example_xcom.py for tasks to queue
[2023-04-05 21:02:00,598] {logging_mixin.py:115} INFO - [2023-04-05 21:02:00,597] {dagbag.py:507} INFO - Filling up the DagBag from /home/edinaldo/Documents/previsao_remuneracao/previsao_remuneracao/venv/lib/python3.10/site-packages/airflow/example_dags/example_xcom.py
[2023-04-05 21:02:00,664] {processor.py:651} INFO - DAG(s) dict_keys(['example_xcom']) retrieved from /home/edinaldo/Documents/previsao_remuneracao/previsao_remuneracao/venv/lib/python3.10/site-packages/airflow/example_dags/example_xcom.py
[2023-04-05 21:02:00,711] {logging_mixin.py:115} INFO - [2023-04-05 21:02:00,711] {dag.py:2379} INFO - Sync 1 DAGs
[2023-04-05 21:02:00,728] {logging_mixin.py:115} INFO - [2023-04-05 21:02:00,728] {dag.py:2927} INFO - Setting next_dagrun for example_xcom to 2021-01-01T00:00:00+00:00, run_after=2021-01-01T00:00:00+00:00
[2023-04-05 21:02:00,847] {processor.py:161} INFO - Processing /home/edinaldo/Documents/previsao_remuneracao/previsao_remuneracao/venv/lib/python3.10/site-packages/airflow/example_dags/example_xcom.py took 0.274 seconds
[2023-04-05 21:02:49,275] {processor.py:153} INFO - Started process (PID=52430) to work on /home/edinaldo/Documents/previsao_remuneracao/previsao_remuneracao/venv/lib/python3.10/site-packages/airflow/example_dags/example_xcom.py
[2023-04-05 21:02:49,294] {processor.py:641} INFO - Processing file /home/edinaldo/Documents/previsao_remuneracao/previsao_remuneracao/venv/lib/python3.10/site-packages/airflow/example_dags/example_xcom.py for tasks to queue
[2023-04-05 21:02:49,295] {logging_mixin.py:115} INFO - [2023-04-05 21:02:49,295] {dagbag.py:507} INFO - Filling up the DagBag from /home/edinaldo/Documents/previsao_remuneracao/previsao_remuneracao/venv/lib/python3.10/site-packages/airflow/example_dags/example_xcom.py
[2023-04-05 21:02:49,326] {processor.py:651} INFO - DAG(s) dict_keys(['example_xcom']) retrieved from /home/edinaldo/Documents/previsao_remuneracao/previsao_remuneracao/venv/lib/python3.10/site-packages/airflow/example_dags/example_xcom.py
[2023-04-05 21:02:49,342] {logging_mixin.py:115} INFO - [2023-04-05 21:02:49,342] {dag.py:2379} INFO - Sync 1 DAGs
[2023-04-05 21:02:49,363] {logging_mixin.py:115} INFO - [2023-04-05 21:02:49,363] {dag.py:2927} INFO - Setting next_dagrun for example_xcom to 2021-01-01T00:00:00+00:00, run_after=2021-01-01T00:00:00+00:00
[2023-04-05 21:02:49,459] {processor.py:161} INFO - Processing /home/edinaldo/Documents/previsao_remuneracao/previsao_remuneracao/venv/lib/python3.10/site-packages/airflow/example_dags/example_xcom.py took 0.194 seconds
[2023-04-05 21:03:26,853] {processor.py:153} INFO - Started process (PID=52465) to work on /home/edinaldo/Documents/previsao_remuneracao/previsao_remuneracao/venv/lib/python3.10/site-packages/airflow/example_dags/example_xcom.py
[2023-04-05 21:03:26,855] {processor.py:641} INFO - Processing file /home/edinaldo/Documents/previsao_remuneracao/previsao_remuneracao/venv/lib/python3.10/site-packages/airflow/example_dags/example_xcom.py for tasks to queue
[2023-04-05 21:03:26,857] {logging_mixin.py:115} INFO - [2023-04-05 21:03:26,856] {dagbag.py:507} INFO - Filling up the DagBag from /home/edinaldo/Documents/previsao_remuneracao/previsao_remuneracao/venv/lib/python3.10/site-packages/airflow/example_dags/example_xcom.py
[2023-04-05 21:03:26,888] {processor.py:651} INFO - DAG(s) dict_keys(['example_xcom']) retrieved from /home/edinaldo/Documents/previsao_remuneracao/previsao_remuneracao/venv/lib/python3.10/site-packages/airflow/example_dags/example_xcom.py
[2023-04-05 21:03:26,905] {logging_mixin.py:115} INFO - [2023-04-05 21:03:26,905] {dag.py:2379} INFO - Sync 1 DAGs
[2023-04-05 21:03:26,924] {logging_mixin.py:115} INFO - [2023-04-05 21:03:26,924] {dag.py:2927} INFO - Setting next_dagrun for example_xcom to 2021-01-01T00:00:00+00:00, run_after=2021-01-01T00:00:00+00:00
[2023-04-05 21:03:27,027] {processor.py:161} INFO - Processing /home/edinaldo/Documents/previsao_remuneracao/previsao_remuneracao/venv/lib/python3.10/site-packages/airflow/example_dags/example_xcom.py took 0.183 seconds
[2023-04-05 21:04:11,331] {processor.py:153} INFO - Started process (PID=52525) to work on /home/edinaldo/Documents/previsao_remuneracao/previsao_remuneracao/venv/lib/python3.10/site-packages/airflow/example_dags/example_xcom.py
[2023-04-05 21:04:11,388] {processor.py:641} INFO - Processing file /home/edinaldo/Documents/previsao_remuneracao/previsao_remuneracao/venv/lib/python3.10/site-packages/airflow/example_dags/example_xcom.py for tasks to queue
[2023-04-05 21:04:11,389] {logging_mixin.py:115} INFO - [2023-04-05 21:04:11,389] {dagbag.py:507} INFO - Filling up the DagBag from /home/edinaldo/Documents/previsao_remuneracao/previsao_remuneracao/venv/lib/python3.10/site-packages/airflow/example_dags/example_xcom.py
[2023-04-05 21:04:11,416] {processor.py:651} INFO - DAG(s) dict_keys(['example_xcom']) retrieved from /home/edinaldo/Documents/previsao_remuneracao/previsao_remuneracao/venv/lib/python3.10/site-packages/airflow/example_dags/example_xcom.py
[2023-04-05 21:04:11,434] {logging_mixin.py:115} INFO - [2023-04-05 21:04:11,434] {dag.py:2379} INFO - Sync 1 DAGs
[2023-04-05 21:04:11,453] {logging_mixin.py:115} INFO - [2023-04-05 21:04:11,453] {dag.py:2927} INFO - Setting next_dagrun for example_xcom to 2021-01-01T00:00:00+00:00, run_after=2021-01-01T00:00:00+00:00
[2023-04-05 21:04:11,550] {processor.py:161} INFO - Processing /home/edinaldo/Documents/previsao_remuneracao/previsao_remuneracao/venv/lib/python3.10/site-packages/airflow/example_dags/example_xcom.py took 0.223 seconds
[2023-04-05 21:04:55,895] {processor.py:153} INFO - Started process (PID=52595) to work on /home/edinaldo/Documents/previsao_remuneracao/previsao_remuneracao/venv/lib/python3.10/site-packages/airflow/example_dags/example_xcom.py
[2023-04-05 21:04:55,907] {processor.py:641} INFO - Processing file /home/edinaldo/Documents/previsao_remuneracao/previsao_remuneracao/venv/lib/python3.10/site-packages/airflow/example_dags/example_xcom.py for tasks to queue
[2023-04-05 21:04:55,909] {logging_mixin.py:115} INFO - [2023-04-05 21:04:55,908] {dagbag.py:507} INFO - Filling up the DagBag from /home/edinaldo/Documents/previsao_remuneracao/previsao_remuneracao/venv/lib/python3.10/site-packages/airflow/example_dags/example_xcom.py
[2023-04-05 21:04:55,943] {processor.py:651} INFO - DAG(s) dict_keys(['example_xcom']) retrieved from /home/edinaldo/Documents/previsao_remuneracao/previsao_remuneracao/venv/lib/python3.10/site-packages/airflow/example_dags/example_xcom.py
[2023-04-05 21:04:55,960] {logging_mixin.py:115} INFO - [2023-04-05 21:04:55,960] {dag.py:2379} INFO - Sync 1 DAGs
[2023-04-05 21:04:55,980] {logging_mixin.py:115} INFO - [2023-04-05 21:04:55,979] {dag.py:2927} INFO - Setting next_dagrun for example_xcom to 2021-01-01T00:00:00+00:00, run_after=2021-01-01T00:00:00+00:00
[2023-04-05 21:04:56,084] {processor.py:161} INFO - Processing /home/edinaldo/Documents/previsao_remuneracao/previsao_remuneracao/venv/lib/python3.10/site-packages/airflow/example_dags/example_xcom.py took 0.198 seconds
[2023-04-05 21:05:34,309] {processor.py:153} INFO - Started process (PID=52654) to work on /home/edinaldo/Documents/previsao_remuneracao/previsao_remuneracao/venv/lib/python3.10/site-packages/airflow/example_dags/example_xcom.py
[2023-04-05 21:05:34,319] {processor.py:641} INFO - Processing file /home/edinaldo/Documents/previsao_remuneracao/previsao_remuneracao/venv/lib/python3.10/site-packages/airflow/example_dags/example_xcom.py for tasks to queue
[2023-04-05 21:05:34,320] {logging_mixin.py:115} INFO - [2023-04-05 21:05:34,320] {dagbag.py:507} INFO - Filling up the DagBag from /home/edinaldo/Documents/previsao_remuneracao/previsao_remuneracao/venv/lib/python3.10/site-packages/airflow/example_dags/example_xcom.py
[2023-04-05 21:05:34,355] {processor.py:651} INFO - DAG(s) dict_keys(['example_xcom']) retrieved from /home/edinaldo/Documents/previsao_remuneracao/previsao_remuneracao/venv/lib/python3.10/site-packages/airflow/example_dags/example_xcom.py
[2023-04-05 21:05:34,372] {logging_mixin.py:115} INFO - [2023-04-05 21:05:34,372] {dag.py:2379} INFO - Sync 1 DAGs
[2023-04-05 21:05:34,392] {logging_mixin.py:115} INFO - [2023-04-05 21:05:34,391] {dag.py:2927} INFO - Setting next_dagrun for example_xcom to 2021-01-01T00:00:00+00:00, run_after=2021-01-01T00:00:00+00:00
[2023-04-05 21:05:34,552] {processor.py:161} INFO - Processing /home/edinaldo/Documents/previsao_remuneracao/previsao_remuneracao/venv/lib/python3.10/site-packages/airflow/example_dags/example_xcom.py took 0.247 seconds
[2023-04-05 21:06:18,086] {processor.py:153} INFO - Started process (PID=52705) to work on /home/edinaldo/Documents/previsao_remuneracao/previsao_remuneracao/venv/lib/python3.10/site-packages/airflow/example_dags/example_xcom.py
[2023-04-05 21:06:18,108] {processor.py:641} INFO - Processing file /home/edinaldo/Documents/previsao_remuneracao/previsao_remuneracao/venv/lib/python3.10/site-packages/airflow/example_dags/example_xcom.py for tasks to queue
[2023-04-05 21:06:18,110] {logging_mixin.py:115} INFO - [2023-04-05 21:06:18,110] {dagbag.py:507} INFO - Filling up the DagBag from /home/edinaldo/Documents/previsao_remuneracao/previsao_remuneracao/venv/lib/python3.10/site-packages/airflow/example_dags/example_xcom.py
[2023-04-05 21:06:18,152] {processor.py:651} INFO - DAG(s) dict_keys(['example_xcom']) retrieved from /home/edinaldo/Documents/previsao_remuneracao/previsao_remuneracao/venv/lib/python3.10/site-packages/airflow/example_dags/example_xcom.py
[2023-04-05 21:06:18,203] {logging_mixin.py:115} INFO - [2023-04-05 21:06:18,203] {dag.py:2379} INFO - Sync 1 DAGs
[2023-04-05 21:06:18,223] {logging_mixin.py:115} INFO - [2023-04-05 21:06:18,223] {dag.py:2927} INFO - Setting next_dagrun for example_xcom to 2021-01-01T00:00:00+00:00, run_after=2021-01-01T00:00:00+00:00
[2023-04-05 21:06:18,300] {processor.py:161} INFO - Processing /home/edinaldo/Documents/previsao_remuneracao/previsao_remuneracao/venv/lib/python3.10/site-packages/airflow/example_dags/example_xcom.py took 0.218 seconds
[2023-04-05 21:06:55,338] {processor.py:153} INFO - Started process (PID=52765) to work on /home/edinaldo/Documents/previsao_remuneracao/previsao_remuneracao/venv/lib/python3.10/site-packages/airflow/example_dags/example_xcom.py
[2023-04-05 21:06:55,360] {processor.py:641} INFO - Processing file /home/edinaldo/Documents/previsao_remuneracao/previsao_remuneracao/venv/lib/python3.10/site-packages/airflow/example_dags/example_xcom.py for tasks to queue
[2023-04-05 21:06:55,361] {logging_mixin.py:115} INFO - [2023-04-05 21:06:55,360] {dagbag.py:507} INFO - Filling up the DagBag from /home/edinaldo/Documents/previsao_remuneracao/previsao_remuneracao/venv/lib/python3.10/site-packages/airflow/example_dags/example_xcom.py
[2023-04-05 21:06:55,382] {processor.py:651} INFO - DAG(s) dict_keys(['example_xcom']) retrieved from /home/edinaldo/Documents/previsao_remuneracao/previsao_remuneracao/venv/lib/python3.10/site-packages/airflow/example_dags/example_xcom.py
[2023-04-05 21:06:55,429] {logging_mixin.py:115} INFO - [2023-04-05 21:06:55,429] {dag.py:2379} INFO - Sync 1 DAGs
[2023-04-05 21:06:55,445] {logging_mixin.py:115} INFO - [2023-04-05 21:06:55,445] {dag.py:2927} INFO - Setting next_dagrun for example_xcom to 2021-01-01T00:00:00+00:00, run_after=2021-01-01T00:00:00+00:00
[2023-04-05 21:06:55,541] {processor.py:161} INFO - Processing /home/edinaldo/Documents/previsao_remuneracao/previsao_remuneracao/venv/lib/python3.10/site-packages/airflow/example_dags/example_xcom.py took 0.206 seconds
[2023-04-05 21:07:32,128] {processor.py:153} INFO - Started process (PID=52801) to work on /home/edinaldo/Documents/previsao_remuneracao/previsao_remuneracao/venv/lib/python3.10/site-packages/airflow/example_dags/example_xcom.py
[2023-04-05 21:07:32,134] {processor.py:641} INFO - Processing file /home/edinaldo/Documents/previsao_remuneracao/previsao_remuneracao/venv/lib/python3.10/site-packages/airflow/example_dags/example_xcom.py for tasks to queue
[2023-04-05 21:07:32,135] {logging_mixin.py:115} INFO - [2023-04-05 21:07:32,135] {dagbag.py:507} INFO - Filling up the DagBag from /home/edinaldo/Documents/previsao_remuneracao/previsao_remuneracao/venv/lib/python3.10/site-packages/airflow/example_dags/example_xcom.py
[2023-04-05 21:07:32,166] {processor.py:651} INFO - DAG(s) dict_keys(['example_xcom']) retrieved from /home/edinaldo/Documents/previsao_remuneracao/previsao_remuneracao/venv/lib/python3.10/site-packages/airflow/example_dags/example_xcom.py
[2023-04-05 21:07:32,183] {logging_mixin.py:115} INFO - [2023-04-05 21:07:32,183] {dag.py:2379} INFO - Sync 1 DAGs
[2023-04-05 21:07:32,203] {logging_mixin.py:115} INFO - [2023-04-05 21:07:32,203] {dag.py:2927} INFO - Setting next_dagrun for example_xcom to 2021-01-01T00:00:00+00:00, run_after=2021-01-01T00:00:00+00:00
[2023-04-05 21:07:32,295] {processor.py:161} INFO - Processing /home/edinaldo/Documents/previsao_remuneracao/previsao_remuneracao/venv/lib/python3.10/site-packages/airflow/example_dags/example_xcom.py took 0.170 seconds
[2023-04-05 21:08:15,867] {processor.py:153} INFO - Started process (PID=52843) to work on /home/edinaldo/Documents/previsao_remuneracao/previsao_remuneracao/venv/lib/python3.10/site-packages/airflow/example_dags/example_xcom.py
[2023-04-05 21:08:15,868] {processor.py:641} INFO - Processing file /home/edinaldo/Documents/previsao_remuneracao/previsao_remuneracao/venv/lib/python3.10/site-packages/airflow/example_dags/example_xcom.py for tasks to queue
[2023-04-05 21:08:15,869] {logging_mixin.py:115} INFO - [2023-04-05 21:08:15,869] {dagbag.py:507} INFO - Filling up the DagBag from /home/edinaldo/Documents/previsao_remuneracao/previsao_remuneracao/venv/lib/python3.10/site-packages/airflow/example_dags/example_xcom.py
[2023-04-05 21:08:15,893] {processor.py:651} INFO - DAG(s) dict_keys(['example_xcom']) retrieved from /home/edinaldo/Documents/previsao_remuneracao/previsao_remuneracao/venv/lib/python3.10/site-packages/airflow/example_dags/example_xcom.py
[2023-04-05 21:08:15,909] {logging_mixin.py:115} INFO - [2023-04-05 21:08:15,909] {dag.py:2379} INFO - Sync 1 DAGs
[2023-04-05 21:08:15,929] {logging_mixin.py:115} INFO - [2023-04-05 21:08:15,929] {dag.py:2927} INFO - Setting next_dagrun for example_xcom to 2021-01-01T00:00:00+00:00, run_after=2021-01-01T00:00:00+00:00
[2023-04-05 21:08:16,030] {processor.py:161} INFO - Processing /home/edinaldo/Documents/previsao_remuneracao/previsao_remuneracao/venv/lib/python3.10/site-packages/airflow/example_dags/example_xcom.py took 0.171 seconds
[2023-04-05 21:08:54,459] {processor.py:153} INFO - Started process (PID=52879) to work on /home/edinaldo/Documents/previsao_remuneracao/previsao_remuneracao/venv/lib/python3.10/site-packages/airflow/example_dags/example_xcom.py
[2023-04-05 21:08:54,479] {processor.py:641} INFO - Processing file /home/edinaldo/Documents/previsao_remuneracao/previsao_remuneracao/venv/lib/python3.10/site-packages/airflow/example_dags/example_xcom.py for tasks to queue
[2023-04-05 21:08:54,480] {logging_mixin.py:115} INFO - [2023-04-05 21:08:54,480] {dagbag.py:507} INFO - Filling up the DagBag from /home/edinaldo/Documents/previsao_remuneracao/previsao_remuneracao/venv/lib/python3.10/site-packages/airflow/example_dags/example_xcom.py
[2023-04-05 21:08:54,545] {processor.py:651} INFO - DAG(s) dict_keys(['example_xcom']) retrieved from /home/edinaldo/Documents/previsao_remuneracao/previsao_remuneracao/venv/lib/python3.10/site-packages/airflow/example_dags/example_xcom.py
[2023-04-05 21:08:54,572] {logging_mixin.py:115} INFO - [2023-04-05 21:08:54,572] {dag.py:2379} INFO - Sync 1 DAGs
[2023-04-05 21:08:54,592] {logging_mixin.py:115} INFO - [2023-04-05 21:08:54,592] {dag.py:2927} INFO - Setting next_dagrun for example_xcom to 2021-01-01T00:00:00+00:00, run_after=2021-01-01T00:00:00+00:00
[2023-04-05 21:08:54,700] {processor.py:161} INFO - Processing /home/edinaldo/Documents/previsao_remuneracao/previsao_remuneracao/venv/lib/python3.10/site-packages/airflow/example_dags/example_xcom.py took 0.250 seconds
[2023-04-05 21:09:31,576] {processor.py:153} INFO - Started process (PID=52913) to work on /home/edinaldo/Documents/previsao_remuneracao/previsao_remuneracao/venv/lib/python3.10/site-packages/airflow/example_dags/example_xcom.py
[2023-04-05 21:09:31,577] {processor.py:641} INFO - Processing file /home/edinaldo/Documents/previsao_remuneracao/previsao_remuneracao/venv/lib/python3.10/site-packages/airflow/example_dags/example_xcom.py for tasks to queue
[2023-04-05 21:09:31,577] {logging_mixin.py:115} INFO - [2023-04-05 21:09:31,577] {dagbag.py:507} INFO - Filling up the DagBag from /home/edinaldo/Documents/previsao_remuneracao/previsao_remuneracao/venv/lib/python3.10/site-packages/airflow/example_dags/example_xcom.py
[2023-04-05 21:09:31,599] {processor.py:651} INFO - DAG(s) dict_keys(['example_xcom']) retrieved from /home/edinaldo/Documents/previsao_remuneracao/previsao_remuneracao/venv/lib/python3.10/site-packages/airflow/example_dags/example_xcom.py
[2023-04-05 21:09:31,615] {logging_mixin.py:115} INFO - [2023-04-05 21:09:31,615] {dag.py:2379} INFO - Sync 1 DAGs
[2023-04-05 21:09:31,635] {logging_mixin.py:115} INFO - [2023-04-05 21:09:31,635] {dag.py:2927} INFO - Setting next_dagrun for example_xcom to 2021-01-01T00:00:00+00:00, run_after=2021-01-01T00:00:00+00:00
[2023-04-05 21:09:31,725] {processor.py:161} INFO - Processing /home/edinaldo/Documents/previsao_remuneracao/previsao_remuneracao/venv/lib/python3.10/site-packages/airflow/example_dags/example_xcom.py took 0.152 seconds
[2023-04-05 21:10:13,161] {processor.py:153} INFO - Started process (PID=52952) to work on /home/edinaldo/Documents/previsao_remuneracao/previsao_remuneracao/venv/lib/python3.10/site-packages/airflow/example_dags/example_xcom.py
[2023-04-05 21:10:13,162] {processor.py:641} INFO - Processing file /home/edinaldo/Documents/previsao_remuneracao/previsao_remuneracao/venv/lib/python3.10/site-packages/airflow/example_dags/example_xcom.py for tasks to queue
[2023-04-05 21:10:13,162] {logging_mixin.py:115} INFO - [2023-04-05 21:10:13,162] {dagbag.py:507} INFO - Filling up the DagBag from /home/edinaldo/Documents/previsao_remuneracao/previsao_remuneracao/venv/lib/python3.10/site-packages/airflow/example_dags/example_xcom.py
[2023-04-05 21:10:13,184] {processor.py:651} INFO - DAG(s) dict_keys(['example_xcom']) retrieved from /home/edinaldo/Documents/previsao_remuneracao/previsao_remuneracao/venv/lib/python3.10/site-packages/airflow/example_dags/example_xcom.py
[2023-04-05 21:10:13,201] {logging_mixin.py:115} INFO - [2023-04-05 21:10:13,201] {dag.py:2379} INFO - Sync 1 DAGs
[2023-04-05 21:10:13,220] {logging_mixin.py:115} INFO - [2023-04-05 21:10:13,220] {dag.py:2927} INFO - Setting next_dagrun for example_xcom to 2021-01-01T00:00:00+00:00, run_after=2021-01-01T00:00:00+00:00
[2023-04-05 21:10:13,317] {processor.py:161} INFO - Processing /home/edinaldo/Documents/previsao_remuneracao/previsao_remuneracao/venv/lib/python3.10/site-packages/airflow/example_dags/example_xcom.py took 0.160 seconds
[2023-04-05 21:10:56,379] {processor.py:153} INFO - Started process (PID=53112) to work on /home/edinaldo/Documents/previsao_remuneracao/previsao_remuneracao/venv/lib/python3.10/site-packages/airflow/example_dags/example_xcom.py
[2023-04-05 21:10:56,389] {processor.py:641} INFO - Processing file /home/edinaldo/Documents/previsao_remuneracao/previsao_remuneracao/venv/lib/python3.10/site-packages/airflow/example_dags/example_xcom.py for tasks to queue
[2023-04-05 21:10:56,391] {logging_mixin.py:115} INFO - [2023-04-05 21:10:56,390] {dagbag.py:507} INFO - Filling up the DagBag from /home/edinaldo/Documents/previsao_remuneracao/previsao_remuneracao/venv/lib/python3.10/site-packages/airflow/example_dags/example_xcom.py
[2023-04-05 21:10:56,426] {processor.py:651} INFO - DAG(s) dict_keys(['example_xcom']) retrieved from /home/edinaldo/Documents/previsao_remuneracao/previsao_remuneracao/venv/lib/python3.10/site-packages/airflow/example_dags/example_xcom.py
[2023-04-05 21:10:56,443] {logging_mixin.py:115} INFO - [2023-04-05 21:10:56,443] {dag.py:2379} INFO - Sync 1 DAGs
[2023-04-05 21:10:56,463] {logging_mixin.py:115} INFO - [2023-04-05 21:10:56,463] {dag.py:2927} INFO - Setting next_dagrun for example_xcom to 2021-01-01T00:00:00+00:00, run_after=2021-01-01T00:00:00+00:00
[2023-04-05 21:10:56,553] {processor.py:161} INFO - Processing /home/edinaldo/Documents/previsao_remuneracao/previsao_remuneracao/venv/lib/python3.10/site-packages/airflow/example_dags/example_xcom.py took 0.184 seconds
[2023-04-05 21:11:35,929] {processor.py:153} INFO - Started process (PID=53176) to work on /home/edinaldo/Documents/previsao_remuneracao/previsao_remuneracao/venv/lib/python3.10/site-packages/airflow/example_dags/example_xcom.py
[2023-04-05 21:11:35,942] {processor.py:641} INFO - Processing file /home/edinaldo/Documents/previsao_remuneracao/previsao_remuneracao/venv/lib/python3.10/site-packages/airflow/example_dags/example_xcom.py for tasks to queue
[2023-04-05 21:11:35,943] {logging_mixin.py:115} INFO - [2023-04-05 21:11:35,943] {dagbag.py:507} INFO - Filling up the DagBag from /home/edinaldo/Documents/previsao_remuneracao/previsao_remuneracao/venv/lib/python3.10/site-packages/airflow/example_dags/example_xcom.py
[2023-04-05 21:11:35,979] {processor.py:651} INFO - DAG(s) dict_keys(['example_xcom']) retrieved from /home/edinaldo/Documents/previsao_remuneracao/previsao_remuneracao/venv/lib/python3.10/site-packages/airflow/example_dags/example_xcom.py
[2023-04-05 21:11:36,051] {logging_mixin.py:115} INFO - [2023-04-05 21:11:36,051] {dag.py:2379} INFO - Sync 1 DAGs
[2023-04-05 21:11:36,074] {logging_mixin.py:115} INFO - [2023-04-05 21:11:36,074] {dag.py:2927} INFO - Setting next_dagrun for example_xcom to 2021-01-01T00:00:00+00:00, run_after=2021-01-01T00:00:00+00:00
[2023-04-05 21:11:36,154] {processor.py:161} INFO - Processing /home/edinaldo/Documents/previsao_remuneracao/previsao_remuneracao/venv/lib/python3.10/site-packages/airflow/example_dags/example_xcom.py took 0.235 seconds
[2023-04-05 21:12:12,229] {processor.py:153} INFO - Started process (PID=53220) to work on /home/edinaldo/Documents/previsao_remuneracao/previsao_remuneracao/venv/lib/python3.10/site-packages/airflow/example_dags/example_xcom.py
[2023-04-05 21:12:12,230] {processor.py:641} INFO - Processing file /home/edinaldo/Documents/previsao_remuneracao/previsao_remuneracao/venv/lib/python3.10/site-packages/airflow/example_dags/example_xcom.py for tasks to queue
[2023-04-05 21:12:12,230] {logging_mixin.py:115} INFO - [2023-04-05 21:12:12,230] {dagbag.py:507} INFO - Filling up the DagBag from /home/edinaldo/Documents/previsao_remuneracao/previsao_remuneracao/venv/lib/python3.10/site-packages/airflow/example_dags/example_xcom.py
[2023-04-05 21:12:12,254] {processor.py:651} INFO - DAG(s) dict_keys(['example_xcom']) retrieved from /home/edinaldo/Documents/previsao_remuneracao/previsao_remuneracao/venv/lib/python3.10/site-packages/airflow/example_dags/example_xcom.py
[2023-04-05 21:12:12,272] {logging_mixin.py:115} INFO - [2023-04-05 21:12:12,271] {dag.py:2379} INFO - Sync 1 DAGs
[2023-04-05 21:12:12,291] {logging_mixin.py:115} INFO - [2023-04-05 21:12:12,291] {dag.py:2927} INFO - Setting next_dagrun for example_xcom to 2021-01-01T00:00:00+00:00, run_after=2021-01-01T00:00:00+00:00
[2023-04-05 21:12:12,427] {processor.py:161} INFO - Processing /home/edinaldo/Documents/previsao_remuneracao/previsao_remuneracao/venv/lib/python3.10/site-packages/airflow/example_dags/example_xcom.py took 0.202 seconds
[2023-04-05 21:12:55,781] {processor.py:153} INFO - Started process (PID=53397) to work on /home/edinaldo/Documents/previsao_remuneracao/previsao_remuneracao/venv/lib/python3.10/site-packages/airflow/example_dags/example_xcom.py
[2023-04-05 21:12:55,802] {processor.py:641} INFO - Processing file /home/edinaldo/Documents/previsao_remuneracao/previsao_remuneracao/venv/lib/python3.10/site-packages/airflow/example_dags/example_xcom.py for tasks to queue
[2023-04-05 21:12:55,803] {logging_mixin.py:115} INFO - [2023-04-05 21:12:55,803] {dagbag.py:507} INFO - Filling up the DagBag from /home/edinaldo/Documents/previsao_remuneracao/previsao_remuneracao/venv/lib/python3.10/site-packages/airflow/example_dags/example_xcom.py
[2023-04-05 21:12:55,838] {processor.py:651} INFO - DAG(s) dict_keys(['example_xcom']) retrieved from /home/edinaldo/Documents/previsao_remuneracao/previsao_remuneracao/venv/lib/python3.10/site-packages/airflow/example_dags/example_xcom.py
[2023-04-05 21:12:55,864] {logging_mixin.py:115} INFO - [2023-04-05 21:12:55,864] {dag.py:2379} INFO - Sync 1 DAGs
[2023-04-05 21:12:55,887] {logging_mixin.py:115} INFO - [2023-04-05 21:12:55,887] {dag.py:2927} INFO - Setting next_dagrun for example_xcom to 2021-01-01T00:00:00+00:00, run_after=2021-01-01T00:00:00+00:00
[2023-04-05 21:12:55,999] {processor.py:161} INFO - Processing /home/edinaldo/Documents/previsao_remuneracao/previsao_remuneracao/venv/lib/python3.10/site-packages/airflow/example_dags/example_xcom.py took 0.229 seconds
[2023-04-05 21:13:40,486] {processor.py:153} INFO - Started process (PID=53447) to work on /home/edinaldo/Documents/previsao_remuneracao/previsao_remuneracao/venv/lib/python3.10/site-packages/airflow/example_dags/example_xcom.py
[2023-04-05 21:13:40,503] {processor.py:641} INFO - Processing file /home/edinaldo/Documents/previsao_remuneracao/previsao_remuneracao/venv/lib/python3.10/site-packages/airflow/example_dags/example_xcom.py for tasks to queue
[2023-04-05 21:13:40,505] {logging_mixin.py:115} INFO - [2023-04-05 21:13:40,505] {dagbag.py:507} INFO - Filling up the DagBag from /home/edinaldo/Documents/previsao_remuneracao/previsao_remuneracao/venv/lib/python3.10/site-packages/airflow/example_dags/example_xcom.py
[2023-04-05 21:13:40,583] {processor.py:651} INFO - DAG(s) dict_keys(['example_xcom']) retrieved from /home/edinaldo/Documents/previsao_remuneracao/previsao_remuneracao/venv/lib/python3.10/site-packages/airflow/example_dags/example_xcom.py
[2023-04-05 21:13:40,602] {logging_mixin.py:115} INFO - [2023-04-05 21:13:40,602] {dag.py:2379} INFO - Sync 1 DAGs
[2023-04-05 21:13:40,621] {logging_mixin.py:115} INFO - [2023-04-05 21:13:40,621] {dag.py:2927} INFO - Setting next_dagrun for example_xcom to 2021-01-01T00:00:00+00:00, run_after=2021-01-01T00:00:00+00:00
[2023-04-05 21:13:40,703] {processor.py:161} INFO - Processing /home/edinaldo/Documents/previsao_remuneracao/previsao_remuneracao/venv/lib/python3.10/site-packages/airflow/example_dags/example_xcom.py took 0.227 seconds
[2023-04-05 21:14:18,951] {processor.py:153} INFO - Started process (PID=53481) to work on /home/edinaldo/Documents/previsao_remuneracao/previsao_remuneracao/venv/lib/python3.10/site-packages/airflow/example_dags/example_xcom.py
[2023-04-05 21:14:18,957] {processor.py:641} INFO - Processing file /home/edinaldo/Documents/previsao_remuneracao/previsao_remuneracao/venv/lib/python3.10/site-packages/airflow/example_dags/example_xcom.py for tasks to queue
[2023-04-05 21:14:18,958] {logging_mixin.py:115} INFO - [2023-04-05 21:14:18,958] {dagbag.py:507} INFO - Filling up the DagBag from /home/edinaldo/Documents/previsao_remuneracao/previsao_remuneracao/venv/lib/python3.10/site-packages/airflow/example_dags/example_xcom.py
[2023-04-05 21:14:19,004] {processor.py:651} INFO - DAG(s) dict_keys(['example_xcom']) retrieved from /home/edinaldo/Documents/previsao_remuneracao/previsao_remuneracao/venv/lib/python3.10/site-packages/airflow/example_dags/example_xcom.py
[2023-04-05 21:14:19,021] {logging_mixin.py:115} INFO - [2023-04-05 21:14:19,021] {dag.py:2379} INFO - Sync 1 DAGs
[2023-04-05 21:14:19,040] {logging_mixin.py:115} INFO - [2023-04-05 21:14:19,040] {dag.py:2927} INFO - Setting next_dagrun for example_xcom to 2021-01-01T00:00:00+00:00, run_after=2021-01-01T00:00:00+00:00
[2023-04-05 21:14:19,120] {processor.py:161} INFO - Processing /home/edinaldo/Documents/previsao_remuneracao/previsao_remuneracao/venv/lib/python3.10/site-packages/airflow/example_dags/example_xcom.py took 0.180 seconds
[2023-04-05 21:15:00,670] {processor.py:153} INFO - Started process (PID=53524) to work on /home/edinaldo/Documents/previsao_remuneracao/previsao_remuneracao/venv/lib/python3.10/site-packages/airflow/example_dags/example_xcom.py
[2023-04-05 21:15:00,671] {processor.py:641} INFO - Processing file /home/edinaldo/Documents/previsao_remuneracao/previsao_remuneracao/venv/lib/python3.10/site-packages/airflow/example_dags/example_xcom.py for tasks to queue
[2023-04-05 21:15:00,672] {logging_mixin.py:115} INFO - [2023-04-05 21:15:00,672] {dagbag.py:507} INFO - Filling up the DagBag from /home/edinaldo/Documents/previsao_remuneracao/previsao_remuneracao/venv/lib/python3.10/site-packages/airflow/example_dags/example_xcom.py
[2023-04-05 21:15:00,696] {processor.py:651} INFO - DAG(s) dict_keys(['example_xcom']) retrieved from /home/edinaldo/Documents/previsao_remuneracao/previsao_remuneracao/venv/lib/python3.10/site-packages/airflow/example_dags/example_xcom.py
[2023-04-05 21:15:00,713] {logging_mixin.py:115} INFO - [2023-04-05 21:15:00,713] {dag.py:2379} INFO - Sync 1 DAGs
[2023-04-05 21:15:00,732] {logging_mixin.py:115} INFO - [2023-04-05 21:15:00,732] {dag.py:2927} INFO - Setting next_dagrun for example_xcom to 2021-01-01T00:00:00+00:00, run_after=2021-01-01T00:00:00+00:00
[2023-04-05 21:15:00,819] {processor.py:161} INFO - Processing /home/edinaldo/Documents/previsao_remuneracao/previsao_remuneracao/venv/lib/python3.10/site-packages/airflow/example_dags/example_xcom.py took 0.157 seconds
[2023-04-05 21:15:39,215] {processor.py:153} INFO - Started process (PID=53595) to work on /home/edinaldo/Documents/previsao_remuneracao/previsao_remuneracao/venv/lib/python3.10/site-packages/airflow/example_dags/example_xcom.py
[2023-04-05 21:15:39,232] {processor.py:641} INFO - Processing file /home/edinaldo/Documents/previsao_remuneracao/previsao_remuneracao/venv/lib/python3.10/site-packages/airflow/example_dags/example_xcom.py for tasks to queue
[2023-04-05 21:15:39,234] {logging_mixin.py:115} INFO - [2023-04-05 21:15:39,233] {dagbag.py:507} INFO - Filling up the DagBag from /home/edinaldo/Documents/previsao_remuneracao/previsao_remuneracao/venv/lib/python3.10/site-packages/airflow/example_dags/example_xcom.py
[2023-04-05 21:15:39,262] {processor.py:651} INFO - DAG(s) dict_keys(['example_xcom']) retrieved from /home/edinaldo/Documents/previsao_remuneracao/previsao_remuneracao/venv/lib/python3.10/site-packages/airflow/example_dags/example_xcom.py
[2023-04-05 21:15:39,285] {logging_mixin.py:115} INFO - [2023-04-05 21:15:39,285] {dag.py:2379} INFO - Sync 1 DAGs
[2023-04-05 21:15:39,309] {logging_mixin.py:115} INFO - [2023-04-05 21:15:39,309] {dag.py:2927} INFO - Setting next_dagrun for example_xcom to 2021-01-01T00:00:00+00:00, run_after=2021-01-01T00:00:00+00:00
[2023-04-05 21:15:40,168] {processor.py:161} INFO - Processing /home/edinaldo/Documents/previsao_remuneracao/previsao_remuneracao/venv/lib/python3.10/site-packages/airflow/example_dags/example_xcom.py took 0.958 seconds
[2023-04-05 21:16:19,852] {processor.py:153} INFO - Started process (PID=53631) to work on /home/edinaldo/Documents/previsao_remuneracao/previsao_remuneracao/venv/lib/python3.10/site-packages/airflow/example_dags/example_xcom.py
[2023-04-05 21:16:19,858] {processor.py:641} INFO - Processing file /home/edinaldo/Documents/previsao_remuneracao/previsao_remuneracao/venv/lib/python3.10/site-packages/airflow/example_dags/example_xcom.py for tasks to queue
[2023-04-05 21:16:19,859] {logging_mixin.py:115} INFO - [2023-04-05 21:16:19,858] {dagbag.py:507} INFO - Filling up the DagBag from /home/edinaldo/Documents/previsao_remuneracao/previsao_remuneracao/venv/lib/python3.10/site-packages/airflow/example_dags/example_xcom.py
[2023-04-05 21:16:19,885] {processor.py:651} INFO - DAG(s) dict_keys(['example_xcom']) retrieved from /home/edinaldo/Documents/previsao_remuneracao/previsao_remuneracao/venv/lib/python3.10/site-packages/airflow/example_dags/example_xcom.py
[2023-04-05 21:16:19,941] {logging_mixin.py:115} INFO - [2023-04-05 21:16:19,941] {dag.py:2379} INFO - Sync 1 DAGs
[2023-04-05 21:16:19,958] {logging_mixin.py:115} INFO - [2023-04-05 21:16:19,958] {dag.py:2927} INFO - Setting next_dagrun for example_xcom to 2021-01-01T00:00:00+00:00, run_after=2021-01-01T00:00:00+00:00
[2023-04-05 21:16:20,048] {processor.py:161} INFO - Processing /home/edinaldo/Documents/previsao_remuneracao/previsao_remuneracao/venv/lib/python3.10/site-packages/airflow/example_dags/example_xcom.py took 0.199 seconds
[2023-04-05 21:16:59,305] {processor.py:153} INFO - Started process (PID=53693) to work on /home/edinaldo/Documents/previsao_remuneracao/previsao_remuneracao/venv/lib/python3.10/site-packages/airflow/example_dags/example_xcom.py
[2023-04-05 21:16:59,311] {processor.py:641} INFO - Processing file /home/edinaldo/Documents/previsao_remuneracao/previsao_remuneracao/venv/lib/python3.10/site-packages/airflow/example_dags/example_xcom.py for tasks to queue
[2023-04-05 21:16:59,312] {logging_mixin.py:115} INFO - [2023-04-05 21:16:59,312] {dagbag.py:507} INFO - Filling up the DagBag from /home/edinaldo/Documents/previsao_remuneracao/previsao_remuneracao/venv/lib/python3.10/site-packages/airflow/example_dags/example_xcom.py
[2023-04-05 21:16:59,343] {processor.py:651} INFO - DAG(s) dict_keys(['example_xcom']) retrieved from /home/edinaldo/Documents/previsao_remuneracao/previsao_remuneracao/venv/lib/python3.10/site-packages/airflow/example_dags/example_xcom.py
[2023-04-05 21:16:59,360] {logging_mixin.py:115} INFO - [2023-04-05 21:16:59,360] {dag.py:2379} INFO - Sync 1 DAGs
[2023-04-05 21:16:59,380] {logging_mixin.py:115} INFO - [2023-04-05 21:16:59,379] {dag.py:2927} INFO - Setting next_dagrun for example_xcom to 2021-01-01T00:00:00+00:00, run_after=2021-01-01T00:00:00+00:00
[2023-04-05 21:16:59,458] {processor.py:161} INFO - Processing /home/edinaldo/Documents/previsao_remuneracao/previsao_remuneracao/venv/lib/python3.10/site-packages/airflow/example_dags/example_xcom.py took 0.156 seconds
[2023-04-05 21:17:40,765] {processor.py:153} INFO - Started process (PID=53738) to work on /home/edinaldo/Documents/previsao_remuneracao/previsao_remuneracao/venv/lib/python3.10/site-packages/airflow/example_dags/example_xcom.py
[2023-04-05 21:17:40,779] {processor.py:641} INFO - Processing file /home/edinaldo/Documents/previsao_remuneracao/previsao_remuneracao/venv/lib/python3.10/site-packages/airflow/example_dags/example_xcom.py for tasks to queue
[2023-04-05 21:17:40,780] {logging_mixin.py:115} INFO - [2023-04-05 21:17:40,780] {dagbag.py:507} INFO - Filling up the DagBag from /home/edinaldo/Documents/previsao_remuneracao/previsao_remuneracao/venv/lib/python3.10/site-packages/airflow/example_dags/example_xcom.py
[2023-04-05 21:17:40,811] {processor.py:651} INFO - DAG(s) dict_keys(['example_xcom']) retrieved from /home/edinaldo/Documents/previsao_remuneracao/previsao_remuneracao/venv/lib/python3.10/site-packages/airflow/example_dags/example_xcom.py
[2023-04-05 21:17:40,828] {logging_mixin.py:115} INFO - [2023-04-05 21:17:40,828] {dag.py:2379} INFO - Sync 1 DAGs
[2023-04-05 21:17:40,848] {logging_mixin.py:115} INFO - [2023-04-05 21:17:40,848] {dag.py:2927} INFO - Setting next_dagrun for example_xcom to 2021-01-01T00:00:00+00:00, run_after=2021-01-01T00:00:00+00:00
[2023-04-05 21:17:40,932] {processor.py:161} INFO - Processing /home/edinaldo/Documents/previsao_remuneracao/previsao_remuneracao/venv/lib/python3.10/site-packages/airflow/example_dags/example_xcom.py took 0.170 seconds
[2023-04-05 21:18:19,698] {processor.py:153} INFO - Started process (PID=53772) to work on /home/edinaldo/Documents/previsao_remuneracao/previsao_remuneracao/venv/lib/python3.10/site-packages/airflow/example_dags/example_xcom.py
[2023-04-05 21:18:19,699] {processor.py:641} INFO - Processing file /home/edinaldo/Documents/previsao_remuneracao/previsao_remuneracao/venv/lib/python3.10/site-packages/airflow/example_dags/example_xcom.py for tasks to queue
[2023-04-05 21:18:19,699] {logging_mixin.py:115} INFO - [2023-04-05 21:18:19,699] {dagbag.py:507} INFO - Filling up the DagBag from /home/edinaldo/Documents/previsao_remuneracao/previsao_remuneracao/venv/lib/python3.10/site-packages/airflow/example_dags/example_xcom.py
[2023-04-05 21:18:19,721] {processor.py:651} INFO - DAG(s) dict_keys(['example_xcom']) retrieved from /home/edinaldo/Documents/previsao_remuneracao/previsao_remuneracao/venv/lib/python3.10/site-packages/airflow/example_dags/example_xcom.py
[2023-04-05 21:18:19,738] {logging_mixin.py:115} INFO - [2023-04-05 21:18:19,738] {dag.py:2379} INFO - Sync 1 DAGs
[2023-04-05 21:18:19,757] {logging_mixin.py:115} INFO - [2023-04-05 21:18:19,757] {dag.py:2927} INFO - Setting next_dagrun for example_xcom to 2021-01-01T00:00:00+00:00, run_after=2021-01-01T00:00:00+00:00
[2023-04-05 21:18:19,847] {processor.py:161} INFO - Processing /home/edinaldo/Documents/previsao_remuneracao/previsao_remuneracao/venv/lib/python3.10/site-packages/airflow/example_dags/example_xcom.py took 0.152 seconds
[2023-04-05 21:18:58,295] {processor.py:153} INFO - Started process (PID=53815) to work on /home/edinaldo/Documents/previsao_remuneracao/previsao_remuneracao/venv/lib/python3.10/site-packages/airflow/example_dags/example_xcom.py
[2023-04-05 21:18:58,302] {processor.py:641} INFO - Processing file /home/edinaldo/Documents/previsao_remuneracao/previsao_remuneracao/venv/lib/python3.10/site-packages/airflow/example_dags/example_xcom.py for tasks to queue
[2023-04-05 21:18:58,302] {logging_mixin.py:115} INFO - [2023-04-05 21:18:58,302] {dagbag.py:507} INFO - Filling up the DagBag from /home/edinaldo/Documents/previsao_remuneracao/previsao_remuneracao/venv/lib/python3.10/site-packages/airflow/example_dags/example_xcom.py
[2023-04-05 21:18:58,334] {processor.py:651} INFO - DAG(s) dict_keys(['example_xcom']) retrieved from /home/edinaldo/Documents/previsao_remuneracao/previsao_remuneracao/venv/lib/python3.10/site-packages/airflow/example_dags/example_xcom.py
[2023-04-05 21:18:58,350] {logging_mixin.py:115} INFO - [2023-04-05 21:18:58,350] {dag.py:2379} INFO - Sync 1 DAGs
[2023-04-05 21:18:58,369] {logging_mixin.py:115} INFO - [2023-04-05 21:18:58,369] {dag.py:2927} INFO - Setting next_dagrun for example_xcom to 2021-01-01T00:00:00+00:00, run_after=2021-01-01T00:00:00+00:00
[2023-04-05 21:18:58,449] {processor.py:161} INFO - Processing /home/edinaldo/Documents/previsao_remuneracao/previsao_remuneracao/venv/lib/python3.10/site-packages/airflow/example_dags/example_xcom.py took 0.157 seconds
[2023-04-05 21:19:33,863] {processor.py:153} INFO - Started process (PID=53851) to work on /home/edinaldo/Documents/previsao_remuneracao/previsao_remuneracao/venv/lib/python3.10/site-packages/airflow/example_dags/example_xcom.py
[2023-04-05 21:19:33,876] {processor.py:641} INFO - Processing file /home/edinaldo/Documents/previsao_remuneracao/previsao_remuneracao/venv/lib/python3.10/site-packages/airflow/example_dags/example_xcom.py for tasks to queue
[2023-04-05 21:19:33,878] {logging_mixin.py:115} INFO - [2023-04-05 21:19:33,877] {dagbag.py:507} INFO - Filling up the DagBag from /home/edinaldo/Documents/previsao_remuneracao/previsao_remuneracao/venv/lib/python3.10/site-packages/airflow/example_dags/example_xcom.py
[2023-04-05 21:19:33,916] {processor.py:651} INFO - DAG(s) dict_keys(['example_xcom']) retrieved from /home/edinaldo/Documents/previsao_remuneracao/previsao_remuneracao/venv/lib/python3.10/site-packages/airflow/example_dags/example_xcom.py
[2023-04-05 21:19:33,934] {logging_mixin.py:115} INFO - [2023-04-05 21:19:33,934] {dag.py:2379} INFO - Sync 1 DAGs
[2023-04-05 21:19:33,953] {logging_mixin.py:115} INFO - [2023-04-05 21:19:33,953] {dag.py:2927} INFO - Setting next_dagrun for example_xcom to 2021-01-01T00:00:00+00:00, run_after=2021-01-01T00:00:00+00:00
[2023-04-05 21:19:34,037] {processor.py:161} INFO - Processing /home/edinaldo/Documents/previsao_remuneracao/previsao_remuneracao/venv/lib/python3.10/site-packages/airflow/example_dags/example_xcom.py took 0.182 seconds
[2023-04-05 21:20:15,129] {processor.py:153} INFO - Started process (PID=53893) to work on /home/edinaldo/Documents/previsao_remuneracao/previsao_remuneracao/venv/lib/python3.10/site-packages/airflow/example_dags/example_xcom.py
[2023-04-05 21:20:15,145] {processor.py:641} INFO - Processing file /home/edinaldo/Documents/previsao_remuneracao/previsao_remuneracao/venv/lib/python3.10/site-packages/airflow/example_dags/example_xcom.py for tasks to queue
[2023-04-05 21:20:15,146] {logging_mixin.py:115} INFO - [2023-04-05 21:20:15,146] {dagbag.py:507} INFO - Filling up the DagBag from /home/edinaldo/Documents/previsao_remuneracao/previsao_remuneracao/venv/lib/python3.10/site-packages/airflow/example_dags/example_xcom.py
[2023-04-05 21:20:15,181] {processor.py:651} INFO - DAG(s) dict_keys(['example_xcom']) retrieved from /home/edinaldo/Documents/previsao_remuneracao/previsao_remuneracao/venv/lib/python3.10/site-packages/airflow/example_dags/example_xcom.py
[2023-04-05 21:20:15,198] {logging_mixin.py:115} INFO - [2023-04-05 21:20:15,198] {dag.py:2379} INFO - Sync 1 DAGs
[2023-04-05 21:20:15,219] {logging_mixin.py:115} INFO - [2023-04-05 21:20:15,219] {dag.py:2927} INFO - Setting next_dagrun for example_xcom to 2021-01-01T00:00:00+00:00, run_after=2021-01-01T00:00:00+00:00
[2023-04-05 21:20:15,305] {processor.py:161} INFO - Processing /home/edinaldo/Documents/previsao_remuneracao/previsao_remuneracao/venv/lib/python3.10/site-packages/airflow/example_dags/example_xcom.py took 0.188 seconds
[2023-04-05 21:20:51,904] {processor.py:153} INFO - Started process (PID=53949) to work on /home/edinaldo/Documents/previsao_remuneracao/previsao_remuneracao/venv/lib/python3.10/site-packages/airflow/example_dags/example_xcom.py
[2023-04-05 21:20:51,905] {processor.py:641} INFO - Processing file /home/edinaldo/Documents/previsao_remuneracao/previsao_remuneracao/venv/lib/python3.10/site-packages/airflow/example_dags/example_xcom.py for tasks to queue
[2023-04-05 21:20:51,906] {logging_mixin.py:115} INFO - [2023-04-05 21:20:51,905] {dagbag.py:507} INFO - Filling up the DagBag from /home/edinaldo/Documents/previsao_remuneracao/previsao_remuneracao/venv/lib/python3.10/site-packages/airflow/example_dags/example_xcom.py
[2023-04-05 21:20:51,927] {processor.py:651} INFO - DAG(s) dict_keys(['example_xcom']) retrieved from /home/edinaldo/Documents/previsao_remuneracao/previsao_remuneracao/venv/lib/python3.10/site-packages/airflow/example_dags/example_xcom.py
[2023-04-05 21:20:51,944] {logging_mixin.py:115} INFO - [2023-04-05 21:20:51,944] {dag.py:2379} INFO - Sync 1 DAGs
[2023-04-05 21:20:51,963] {logging_mixin.py:115} INFO - [2023-04-05 21:20:51,963] {dag.py:2927} INFO - Setting next_dagrun for example_xcom to 2021-01-01T00:00:00+00:00, run_after=2021-01-01T00:00:00+00:00
[2023-04-05 21:20:52,050] {processor.py:161} INFO - Processing /home/edinaldo/Documents/previsao_remuneracao/previsao_remuneracao/venv/lib/python3.10/site-packages/airflow/example_dags/example_xcom.py took 0.149 seconds
[2023-04-05 21:21:33,263] {processor.py:153} INFO - Started process (PID=54012) to work on /home/edinaldo/Documents/previsao_remuneracao/previsao_remuneracao/venv/lib/python3.10/site-packages/airflow/example_dags/example_xcom.py
[2023-04-05 21:21:33,271] {processor.py:641} INFO - Processing file /home/edinaldo/Documents/previsao_remuneracao/previsao_remuneracao/venv/lib/python3.10/site-packages/airflow/example_dags/example_xcom.py for tasks to queue
[2023-04-05 21:21:33,272] {logging_mixin.py:115} INFO - [2023-04-05 21:21:33,271] {dagbag.py:507} INFO - Filling up the DagBag from /home/edinaldo/Documents/previsao_remuneracao/previsao_remuneracao/venv/lib/python3.10/site-packages/airflow/example_dags/example_xcom.py
[2023-04-05 21:21:33,293] {processor.py:651} INFO - DAG(s) dict_keys(['example_xcom']) retrieved from /home/edinaldo/Documents/previsao_remuneracao/previsao_remuneracao/venv/lib/python3.10/site-packages/airflow/example_dags/example_xcom.py
[2023-04-05 21:21:33,340] {logging_mixin.py:115} INFO - [2023-04-05 21:21:33,340] {dag.py:2379} INFO - Sync 1 DAGs
[2023-04-05 21:21:33,357] {logging_mixin.py:115} INFO - [2023-04-05 21:21:33,357] {dag.py:2927} INFO - Setting next_dagrun for example_xcom to 2021-01-01T00:00:00+00:00, run_after=2021-01-01T00:00:00+00:00
[2023-04-05 21:21:33,459] {processor.py:161} INFO - Processing /home/edinaldo/Documents/previsao_remuneracao/previsao_remuneracao/venv/lib/python3.10/site-packages/airflow/example_dags/example_xcom.py took 0.200 seconds
[2023-04-05 21:22:10,402] {processor.py:153} INFO - Started process (PID=54051) to work on /home/edinaldo/Documents/previsao_remuneracao/previsao_remuneracao/venv/lib/python3.10/site-packages/airflow/example_dags/example_xcom.py
[2023-04-05 21:22:10,411] {processor.py:641} INFO - Processing file /home/edinaldo/Documents/previsao_remuneracao/previsao_remuneracao/venv/lib/python3.10/site-packages/airflow/example_dags/example_xcom.py for tasks to queue
[2023-04-05 21:22:10,411] {logging_mixin.py:115} INFO - [2023-04-05 21:22:10,411] {dagbag.py:507} INFO - Filling up the DagBag from /home/edinaldo/Documents/previsao_remuneracao/previsao_remuneracao/venv/lib/python3.10/site-packages/airflow/example_dags/example_xcom.py
[2023-04-05 21:22:10,438] {processor.py:651} INFO - DAG(s) dict_keys(['example_xcom']) retrieved from /home/edinaldo/Documents/previsao_remuneracao/previsao_remuneracao/venv/lib/python3.10/site-packages/airflow/example_dags/example_xcom.py
[2023-04-05 21:22:10,484] {logging_mixin.py:115} INFO - [2023-04-05 21:22:10,484] {dag.py:2379} INFO - Sync 1 DAGs
[2023-04-05 21:22:10,500] {logging_mixin.py:115} INFO - [2023-04-05 21:22:10,500] {dag.py:2927} INFO - Setting next_dagrun for example_xcom to 2021-01-01T00:00:00+00:00, run_after=2021-01-01T00:00:00+00:00
[2023-04-05 21:22:10,591] {processor.py:161} INFO - Processing /home/edinaldo/Documents/previsao_remuneracao/previsao_remuneracao/venv/lib/python3.10/site-packages/airflow/example_dags/example_xcom.py took 0.192 seconds
[2023-04-05 21:22:45,718] {processor.py:153} INFO - Started process (PID=54086) to work on /home/edinaldo/Documents/previsao_remuneracao/previsao_remuneracao/venv/lib/python3.10/site-packages/airflow/example_dags/example_xcom.py
[2023-04-05 21:22:45,726] {processor.py:641} INFO - Processing file /home/edinaldo/Documents/previsao_remuneracao/previsao_remuneracao/venv/lib/python3.10/site-packages/airflow/example_dags/example_xcom.py for tasks to queue
[2023-04-05 21:22:45,727] {logging_mixin.py:115} INFO - [2023-04-05 21:22:45,727] {dagbag.py:507} INFO - Filling up the DagBag from /home/edinaldo/Documents/previsao_remuneracao/previsao_remuneracao/venv/lib/python3.10/site-packages/airflow/example_dags/example_xcom.py
[2023-04-05 21:22:45,763] {processor.py:651} INFO - DAG(s) dict_keys(['example_xcom']) retrieved from /home/edinaldo/Documents/previsao_remuneracao/previsao_remuneracao/venv/lib/python3.10/site-packages/airflow/example_dags/example_xcom.py
[2023-04-05 21:22:45,780] {logging_mixin.py:115} INFO - [2023-04-05 21:22:45,780] {dag.py:2379} INFO - Sync 1 DAGs
[2023-04-05 21:22:45,799] {logging_mixin.py:115} INFO - [2023-04-05 21:22:45,799] {dag.py:2927} INFO - Setting next_dagrun for example_xcom to 2021-01-01T00:00:00+00:00, run_after=2021-01-01T00:00:00+00:00
[2023-04-05 21:22:45,884] {processor.py:161} INFO - Processing /home/edinaldo/Documents/previsao_remuneracao/previsao_remuneracao/venv/lib/python3.10/site-packages/airflow/example_dags/example_xcom.py took 0.171 seconds
[2023-04-05 21:23:25,265] {processor.py:153} INFO - Started process (PID=54141) to work on /home/edinaldo/Documents/previsao_remuneracao/previsao_remuneracao/venv/lib/python3.10/site-packages/airflow/example_dags/example_xcom.py
[2023-04-05 21:23:25,269] {processor.py:641} INFO - Processing file /home/edinaldo/Documents/previsao_remuneracao/previsao_remuneracao/venv/lib/python3.10/site-packages/airflow/example_dags/example_xcom.py for tasks to queue
[2023-04-05 21:23:25,270] {logging_mixin.py:115} INFO - [2023-04-05 21:23:25,270] {dagbag.py:507} INFO - Filling up the DagBag from /home/edinaldo/Documents/previsao_remuneracao/previsao_remuneracao/venv/lib/python3.10/site-packages/airflow/example_dags/example_xcom.py
[2023-04-05 21:23:25,301] {processor.py:651} INFO - DAG(s) dict_keys(['example_xcom']) retrieved from /home/edinaldo/Documents/previsao_remuneracao/previsao_remuneracao/venv/lib/python3.10/site-packages/airflow/example_dags/example_xcom.py
[2023-04-05 21:23:25,319] {logging_mixin.py:115} INFO - [2023-04-05 21:23:25,319] {dag.py:2379} INFO - Sync 1 DAGs
[2023-04-05 21:23:25,338] {logging_mixin.py:115} INFO - [2023-04-05 21:23:25,338] {dag.py:2927} INFO - Setting next_dagrun for example_xcom to 2021-01-01T00:00:00+00:00, run_after=2021-01-01T00:00:00+00:00
[2023-04-05 21:23:25,424] {processor.py:161} INFO - Processing /home/edinaldo/Documents/previsao_remuneracao/previsao_remuneracao/venv/lib/python3.10/site-packages/airflow/example_dags/example_xcom.py took 0.169 seconds
[2023-04-05 21:24:07,304] {processor.py:153} INFO - Started process (PID=54177) to work on /home/edinaldo/Documents/previsao_remuneracao/previsao_remuneracao/venv/lib/python3.10/site-packages/airflow/example_dags/example_xcom.py
[2023-04-05 21:24:07,312] {processor.py:641} INFO - Processing file /home/edinaldo/Documents/previsao_remuneracao/previsao_remuneracao/venv/lib/python3.10/site-packages/airflow/example_dags/example_xcom.py for tasks to queue
[2023-04-05 21:24:07,312] {logging_mixin.py:115} INFO - [2023-04-05 21:24:07,312] {dagbag.py:507} INFO - Filling up the DagBag from /home/edinaldo/Documents/previsao_remuneracao/previsao_remuneracao/venv/lib/python3.10/site-packages/airflow/example_dags/example_xcom.py
[2023-04-05 21:24:07,333] {processor.py:651} INFO - DAG(s) dict_keys(['example_xcom']) retrieved from /home/edinaldo/Documents/previsao_remuneracao/previsao_remuneracao/venv/lib/python3.10/site-packages/airflow/example_dags/example_xcom.py
[2023-04-05 21:24:07,351] {logging_mixin.py:115} INFO - [2023-04-05 21:24:07,350] {dag.py:2379} INFO - Sync 1 DAGs
[2023-04-05 21:24:07,370] {logging_mixin.py:115} INFO - [2023-04-05 21:24:07,370] {dag.py:2927} INFO - Setting next_dagrun for example_xcom to 2021-01-01T00:00:00+00:00, run_after=2021-01-01T00:00:00+00:00
[2023-04-05 21:24:07,456] {processor.py:161} INFO - Processing /home/edinaldo/Documents/previsao_remuneracao/previsao_remuneracao/venv/lib/python3.10/site-packages/airflow/example_dags/example_xcom.py took 0.155 seconds
[2023-04-05 21:24:48,907] {processor.py:153} INFO - Started process (PID=54375) to work on /home/edinaldo/Documents/previsao_remuneracao/previsao_remuneracao/venv/lib/python3.10/site-packages/airflow/example_dags/example_xcom.py
[2023-04-05 21:24:48,917] {processor.py:641} INFO - Processing file /home/edinaldo/Documents/previsao_remuneracao/previsao_remuneracao/venv/lib/python3.10/site-packages/airflow/example_dags/example_xcom.py for tasks to queue
[2023-04-05 21:24:48,918] {logging_mixin.py:115} INFO - [2023-04-05 21:24:48,918] {dagbag.py:507} INFO - Filling up the DagBag from /home/edinaldo/Documents/previsao_remuneracao/previsao_remuneracao/venv/lib/python3.10/site-packages/airflow/example_dags/example_xcom.py
[2023-04-05 21:24:48,942] {processor.py:651} INFO - DAG(s) dict_keys(['example_xcom']) retrieved from /home/edinaldo/Documents/previsao_remuneracao/previsao_remuneracao/venv/lib/python3.10/site-packages/airflow/example_dags/example_xcom.py
[2023-04-05 21:24:48,961] {logging_mixin.py:115} INFO - [2023-04-05 21:24:48,961] {dag.py:2379} INFO - Sync 1 DAGs
[2023-04-05 21:24:48,984] {logging_mixin.py:115} INFO - [2023-04-05 21:24:48,983] {dag.py:2927} INFO - Setting next_dagrun for example_xcom to 2021-01-01T00:00:00+00:00, run_after=2021-01-01T00:00:00+00:00
[2023-04-05 21:24:49,057] {processor.py:161} INFO - Processing /home/edinaldo/Documents/previsao_remuneracao/previsao_remuneracao/venv/lib/python3.10/site-packages/airflow/example_dags/example_xcom.py took 0.156 seconds
[2023-04-05 21:25:33,955] {processor.py:153} INFO - Started process (PID=54604) to work on /home/edinaldo/Documents/previsao_remuneracao/previsao_remuneracao/venv/lib/python3.10/site-packages/airflow/example_dags/example_xcom.py
[2023-04-05 21:25:33,966] {processor.py:641} INFO - Processing file /home/edinaldo/Documents/previsao_remuneracao/previsao_remuneracao/venv/lib/python3.10/site-packages/airflow/example_dags/example_xcom.py for tasks to queue
[2023-04-05 21:25:33,967] {logging_mixin.py:115} INFO - [2023-04-05 21:25:33,967] {dagbag.py:507} INFO - Filling up the DagBag from /home/edinaldo/Documents/previsao_remuneracao/previsao_remuneracao/venv/lib/python3.10/site-packages/airflow/example_dags/example_xcom.py
[2023-04-05 21:25:33,998] {processor.py:651} INFO - DAG(s) dict_keys(['example_xcom']) retrieved from /home/edinaldo/Documents/previsao_remuneracao/previsao_remuneracao/venv/lib/python3.10/site-packages/airflow/example_dags/example_xcom.py
[2023-04-05 21:25:34,015] {logging_mixin.py:115} INFO - [2023-04-05 21:25:34,015] {dag.py:2379} INFO - Sync 1 DAGs
[2023-04-05 21:25:34,034] {logging_mixin.py:115} INFO - [2023-04-05 21:25:34,034] {dag.py:2927} INFO - Setting next_dagrun for example_xcom to 2021-01-01T00:00:00+00:00, run_after=2021-01-01T00:00:00+00:00
[2023-04-05 21:25:34,129] {processor.py:161} INFO - Processing /home/edinaldo/Documents/previsao_remuneracao/previsao_remuneracao/venv/lib/python3.10/site-packages/airflow/example_dags/example_xcom.py took 0.177 seconds
[2023-04-05 21:26:11,681] {processor.py:153} INFO - Started process (PID=54826) to work on /home/edinaldo/Documents/previsao_remuneracao/previsao_remuneracao/venv/lib/python3.10/site-packages/airflow/example_dags/example_xcom.py
[2023-04-05 21:26:11,693] {processor.py:641} INFO - Processing file /home/edinaldo/Documents/previsao_remuneracao/previsao_remuneracao/venv/lib/python3.10/site-packages/airflow/example_dags/example_xcom.py for tasks to queue
[2023-04-05 21:26:11,695] {logging_mixin.py:115} INFO - [2023-04-05 21:26:11,694] {dagbag.py:507} INFO - Filling up the DagBag from /home/edinaldo/Documents/previsao_remuneracao/previsao_remuneracao/venv/lib/python3.10/site-packages/airflow/example_dags/example_xcom.py
[2023-04-05 21:26:11,742] {processor.py:651} INFO - DAG(s) dict_keys(['example_xcom']) retrieved from /home/edinaldo/Documents/previsao_remuneracao/previsao_remuneracao/venv/lib/python3.10/site-packages/airflow/example_dags/example_xcom.py
[2023-04-05 21:26:11,766] {logging_mixin.py:115} INFO - [2023-04-05 21:26:11,766] {dag.py:2379} INFO - Sync 1 DAGs
[2023-04-05 21:26:11,803] {logging_mixin.py:115} INFO - [2023-04-05 21:26:11,803] {dag.py:2927} INFO - Setting next_dagrun for example_xcom to 2021-01-01T00:00:00+00:00, run_after=2021-01-01T00:00:00+00:00
[2023-04-05 21:26:11,883] {processor.py:161} INFO - Processing /home/edinaldo/Documents/previsao_remuneracao/previsao_remuneracao/venv/lib/python3.10/site-packages/airflow/example_dags/example_xcom.py took 0.211 seconds
[2023-04-05 21:26:58,445] {processor.py:153} INFO - Started process (PID=55104) to work on /home/edinaldo/Documents/previsao_remuneracao/previsao_remuneracao/venv/lib/python3.10/site-packages/airflow/example_dags/example_xcom.py
[2023-04-05 21:26:58,446] {processor.py:641} INFO - Processing file /home/edinaldo/Documents/previsao_remuneracao/previsao_remuneracao/venv/lib/python3.10/site-packages/airflow/example_dags/example_xcom.py for tasks to queue
[2023-04-05 21:26:58,446] {logging_mixin.py:115} INFO - [2023-04-05 21:26:58,446] {dagbag.py:507} INFO - Filling up the DagBag from /home/edinaldo/Documents/previsao_remuneracao/previsao_remuneracao/venv/lib/python3.10/site-packages/airflow/example_dags/example_xcom.py
[2023-04-05 21:26:58,473] {processor.py:651} INFO - DAG(s) dict_keys(['example_xcom']) retrieved from /home/edinaldo/Documents/previsao_remuneracao/previsao_remuneracao/venv/lib/python3.10/site-packages/airflow/example_dags/example_xcom.py
[2023-04-05 21:26:58,531] {logging_mixin.py:115} INFO - [2023-04-05 21:26:58,530] {dag.py:2379} INFO - Sync 1 DAGs
[2023-04-05 21:26:58,561] {logging_mixin.py:115} INFO - [2023-04-05 21:26:58,561] {dag.py:2927} INFO - Setting next_dagrun for example_xcom to 2021-01-01T00:00:00+00:00, run_after=2021-01-01T00:00:00+00:00
[2023-04-05 21:26:58,654] {processor.py:161} INFO - Processing /home/edinaldo/Documents/previsao_remuneracao/previsao_remuneracao/venv/lib/python3.10/site-packages/airflow/example_dags/example_xcom.py took 0.214 seconds
[2023-04-05 21:27:40,610] {processor.py:153} INFO - Started process (PID=55388) to work on /home/edinaldo/Documents/previsao_remuneracao/previsao_remuneracao/venv/lib/python3.10/site-packages/airflow/example_dags/example_xcom.py
[2023-04-05 21:27:40,612] {processor.py:641} INFO - Processing file /home/edinaldo/Documents/previsao_remuneracao/previsao_remuneracao/venv/lib/python3.10/site-packages/airflow/example_dags/example_xcom.py for tasks to queue
[2023-04-05 21:27:40,613] {logging_mixin.py:115} INFO - [2023-04-05 21:27:40,613] {dagbag.py:507} INFO - Filling up the DagBag from /home/edinaldo/Documents/previsao_remuneracao/previsao_remuneracao/venv/lib/python3.10/site-packages/airflow/example_dags/example_xcom.py
[2023-04-05 21:27:40,639] {processor.py:651} INFO - DAG(s) dict_keys(['example_xcom']) retrieved from /home/edinaldo/Documents/previsao_remuneracao/previsao_remuneracao/venv/lib/python3.10/site-packages/airflow/example_dags/example_xcom.py
[2023-04-05 21:27:40,656] {logging_mixin.py:115} INFO - [2023-04-05 21:27:40,656] {dag.py:2379} INFO - Sync 1 DAGs
[2023-04-05 21:27:40,675] {logging_mixin.py:115} INFO - [2023-04-05 21:27:40,675] {dag.py:2927} INFO - Setting next_dagrun for example_xcom to 2021-01-01T00:00:00+00:00, run_after=2021-01-01T00:00:00+00:00
[2023-04-05 21:27:40,762] {processor.py:161} INFO - Processing /home/edinaldo/Documents/previsao_remuneracao/previsao_remuneracao/venv/lib/python3.10/site-packages/airflow/example_dags/example_xcom.py took 0.160 seconds
[2023-04-05 21:28:30,741] {processor.py:153} INFO - Started process (PID=55581) to work on /home/edinaldo/Documents/previsao_remuneracao/previsao_remuneracao/venv/lib/python3.10/site-packages/airflow/example_dags/example_xcom.py
[2023-04-05 21:28:30,760] {processor.py:641} INFO - Processing file /home/edinaldo/Documents/previsao_remuneracao/previsao_remuneracao/venv/lib/python3.10/site-packages/airflow/example_dags/example_xcom.py for tasks to queue
[2023-04-05 21:28:30,762] {logging_mixin.py:115} INFO - [2023-04-05 21:28:30,761] {dagbag.py:507} INFO - Filling up the DagBag from /home/edinaldo/Documents/previsao_remuneracao/previsao_remuneracao/venv/lib/python3.10/site-packages/airflow/example_dags/example_xcom.py
[2023-04-05 21:28:30,803] {processor.py:651} INFO - DAG(s) dict_keys(['example_xcom']) retrieved from /home/edinaldo/Documents/previsao_remuneracao/previsao_remuneracao/venv/lib/python3.10/site-packages/airflow/example_dags/example_xcom.py
[2023-04-05 21:28:30,837] {logging_mixin.py:115} INFO - [2023-04-05 21:28:30,836] {dag.py:2379} INFO - Sync 1 DAGs
[2023-04-05 21:28:30,870] {logging_mixin.py:115} INFO - [2023-04-05 21:28:30,870] {dag.py:2927} INFO - Setting next_dagrun for example_xcom to 2021-01-01T00:00:00+00:00, run_after=2021-01-01T00:00:00+00:00
[2023-04-05 21:28:30,969] {processor.py:161} INFO - Processing /home/edinaldo/Documents/previsao_remuneracao/previsao_remuneracao/venv/lib/python3.10/site-packages/airflow/example_dags/example_xcom.py took 0.235 seconds
[2023-04-05 21:29:12,932] {processor.py:153} INFO - Started process (PID=55616) to work on /home/edinaldo/Documents/previsao_remuneracao/previsao_remuneracao/venv/lib/python3.10/site-packages/airflow/example_dags/example_xcom.py
[2023-04-05 21:29:12,948] {processor.py:641} INFO - Processing file /home/edinaldo/Documents/previsao_remuneracao/previsao_remuneracao/venv/lib/python3.10/site-packages/airflow/example_dags/example_xcom.py for tasks to queue
[2023-04-05 21:29:12,950] {logging_mixin.py:115} INFO - [2023-04-05 21:29:12,950] {dagbag.py:507} INFO - Filling up the DagBag from /home/edinaldo/Documents/previsao_remuneracao/previsao_remuneracao/venv/lib/python3.10/site-packages/airflow/example_dags/example_xcom.py
[2023-04-05 21:29:13,002] {processor.py:651} INFO - DAG(s) dict_keys(['example_xcom']) retrieved from /home/edinaldo/Documents/previsao_remuneracao/previsao_remuneracao/venv/lib/python3.10/site-packages/airflow/example_dags/example_xcom.py
[2023-04-05 21:29:13,033] {logging_mixin.py:115} INFO - [2023-04-05 21:29:13,032] {dag.py:2379} INFO - Sync 1 DAGs
[2023-04-05 21:29:13,065] {logging_mixin.py:115} INFO - [2023-04-05 21:29:13,065] {dag.py:2927} INFO - Setting next_dagrun for example_xcom to 2021-01-01T00:00:00+00:00, run_after=2021-01-01T00:00:00+00:00
[2023-04-05 21:29:13,143] {processor.py:161} INFO - Processing /home/edinaldo/Documents/previsao_remuneracao/previsao_remuneracao/venv/lib/python3.10/site-packages/airflow/example_dags/example_xcom.py took 0.218 seconds
[2023-04-05 21:29:50,808] {processor.py:153} INFO - Started process (PID=55651) to work on /home/edinaldo/Documents/previsao_remuneracao/previsao_remuneracao/venv/lib/python3.10/site-packages/airflow/example_dags/example_xcom.py
[2023-04-05 21:29:50,818] {processor.py:641} INFO - Processing file /home/edinaldo/Documents/previsao_remuneracao/previsao_remuneracao/venv/lib/python3.10/site-packages/airflow/example_dags/example_xcom.py for tasks to queue
[2023-04-05 21:29:50,819] {logging_mixin.py:115} INFO - [2023-04-05 21:29:50,819] {dagbag.py:507} INFO - Filling up the DagBag from /home/edinaldo/Documents/previsao_remuneracao/previsao_remuneracao/venv/lib/python3.10/site-packages/airflow/example_dags/example_xcom.py
[2023-04-05 21:29:50,865] {processor.py:651} INFO - DAG(s) dict_keys(['example_xcom']) retrieved from /home/edinaldo/Documents/previsao_remuneracao/previsao_remuneracao/venv/lib/python3.10/site-packages/airflow/example_dags/example_xcom.py
[2023-04-05 21:29:50,900] {logging_mixin.py:115} INFO - [2023-04-05 21:29:50,900] {dag.py:2379} INFO - Sync 1 DAGs
[2023-04-05 21:29:50,936] {logging_mixin.py:115} INFO - [2023-04-05 21:29:50,936] {dag.py:2927} INFO - Setting next_dagrun for example_xcom to 2021-01-01T00:00:00+00:00, run_after=2021-01-01T00:00:00+00:00
[2023-04-05 21:29:51,011] {processor.py:161} INFO - Processing /home/edinaldo/Documents/previsao_remuneracao/previsao_remuneracao/venv/lib/python3.10/site-packages/airflow/example_dags/example_xcom.py took 0.211 seconds
[2023-04-05 21:30:26,513] {processor.py:153} INFO - Started process (PID=55684) to work on /home/edinaldo/Documents/previsao_remuneracao/previsao_remuneracao/venv/lib/python3.10/site-packages/airflow/example_dags/example_xcom.py
[2023-04-05 21:30:26,514] {processor.py:641} INFO - Processing file /home/edinaldo/Documents/previsao_remuneracao/previsao_remuneracao/venv/lib/python3.10/site-packages/airflow/example_dags/example_xcom.py for tasks to queue
[2023-04-05 21:30:26,516] {logging_mixin.py:115} INFO - [2023-04-05 21:30:26,516] {dagbag.py:507} INFO - Filling up the DagBag from /home/edinaldo/Documents/previsao_remuneracao/previsao_remuneracao/venv/lib/python3.10/site-packages/airflow/example_dags/example_xcom.py
[2023-04-05 21:30:26,542] {processor.py:651} INFO - DAG(s) dict_keys(['example_xcom']) retrieved from /home/edinaldo/Documents/previsao_remuneracao/previsao_remuneracao/venv/lib/python3.10/site-packages/airflow/example_dags/example_xcom.py
[2023-04-05 21:30:26,564] {logging_mixin.py:115} INFO - [2023-04-05 21:30:26,564] {dag.py:2379} INFO - Sync 1 DAGs
[2023-04-05 21:30:26,588] {logging_mixin.py:115} INFO - [2023-04-05 21:30:26,588] {dag.py:2927} INFO - Setting next_dagrun for example_xcom to 2021-01-01T00:00:00+00:00, run_after=2021-01-01T00:00:00+00:00
[2023-04-05 21:30:26,670] {processor.py:161} INFO - Processing /home/edinaldo/Documents/previsao_remuneracao/previsao_remuneracao/venv/lib/python3.10/site-packages/airflow/example_dags/example_xcom.py took 0.163 seconds
[2023-04-05 21:31:02,765] {processor.py:153} INFO - Started process (PID=55741) to work on /home/edinaldo/Documents/previsao_remuneracao/previsao_remuneracao/venv/lib/python3.10/site-packages/airflow/example_dags/example_xcom.py
[2023-04-05 21:31:02,766] {processor.py:641} INFO - Processing file /home/edinaldo/Documents/previsao_remuneracao/previsao_remuneracao/venv/lib/python3.10/site-packages/airflow/example_dags/example_xcom.py for tasks to queue
[2023-04-05 21:31:02,767] {logging_mixin.py:115} INFO - [2023-04-05 21:31:02,767] {dagbag.py:507} INFO - Filling up the DagBag from /home/edinaldo/Documents/previsao_remuneracao/previsao_remuneracao/venv/lib/python3.10/site-packages/airflow/example_dags/example_xcom.py
[2023-04-05 21:31:02,800] {processor.py:651} INFO - DAG(s) dict_keys(['example_xcom']) retrieved from /home/edinaldo/Documents/previsao_remuneracao/previsao_remuneracao/venv/lib/python3.10/site-packages/airflow/example_dags/example_xcom.py
[2023-04-05 21:31:02,821] {logging_mixin.py:115} INFO - [2023-04-05 21:31:02,821] {dag.py:2379} INFO - Sync 1 DAGs
[2023-04-05 21:31:02,844] {logging_mixin.py:115} INFO - [2023-04-05 21:31:02,844] {dag.py:2927} INFO - Setting next_dagrun for example_xcom to 2021-01-01T00:00:00+00:00, run_after=2021-01-01T00:00:00+00:00
[2023-04-05 21:31:02,925] {processor.py:161} INFO - Processing /home/edinaldo/Documents/previsao_remuneracao/previsao_remuneracao/venv/lib/python3.10/site-packages/airflow/example_dags/example_xcom.py took 0.167 seconds
[2023-04-05 21:31:43,754] {processor.py:153} INFO - Started process (PID=55807) to work on /home/edinaldo/Documents/previsao_remuneracao/previsao_remuneracao/venv/lib/python3.10/site-packages/airflow/example_dags/example_xcom.py
[2023-04-05 21:31:43,754] {processor.py:641} INFO - Processing file /home/edinaldo/Documents/previsao_remuneracao/previsao_remuneracao/venv/lib/python3.10/site-packages/airflow/example_dags/example_xcom.py for tasks to queue
[2023-04-05 21:31:43,755] {logging_mixin.py:115} INFO - [2023-04-05 21:31:43,755] {dagbag.py:507} INFO - Filling up the DagBag from /home/edinaldo/Documents/previsao_remuneracao/previsao_remuneracao/venv/lib/python3.10/site-packages/airflow/example_dags/example_xcom.py
[2023-04-05 21:31:43,787] {processor.py:651} INFO - DAG(s) dict_keys(['example_xcom']) retrieved from /home/edinaldo/Documents/previsao_remuneracao/previsao_remuneracao/venv/lib/python3.10/site-packages/airflow/example_dags/example_xcom.py
[2023-04-05 21:31:43,843] {logging_mixin.py:115} INFO - [2023-04-05 21:31:43,843] {dag.py:2379} INFO - Sync 1 DAGs
[2023-04-05 21:31:43,861] {logging_mixin.py:115} INFO - [2023-04-05 21:31:43,861] {dag.py:2927} INFO - Setting next_dagrun for example_xcom to 2021-01-01T00:00:00+00:00, run_after=2021-01-01T00:00:00+00:00
[2023-04-05 21:31:43,938] {processor.py:161} INFO - Processing /home/edinaldo/Documents/previsao_remuneracao/previsao_remuneracao/venv/lib/python3.10/site-packages/airflow/example_dags/example_xcom.py took 0.191 seconds
[2023-04-05 21:32:31,470] {processor.py:153} INFO - Started process (PID=56061) to work on /home/edinaldo/Documents/previsao_remuneracao/previsao_remuneracao/venv/lib/python3.10/site-packages/airflow/example_dags/example_xcom.py
[2023-04-05 21:32:31,501] {processor.py:641} INFO - Processing file /home/edinaldo/Documents/previsao_remuneracao/previsao_remuneracao/venv/lib/python3.10/site-packages/airflow/example_dags/example_xcom.py for tasks to queue
[2023-04-05 21:32:31,503] {logging_mixin.py:115} INFO - [2023-04-05 21:32:31,502] {dagbag.py:507} INFO - Filling up the DagBag from /home/edinaldo/Documents/previsao_remuneracao/previsao_remuneracao/venv/lib/python3.10/site-packages/airflow/example_dags/example_xcom.py
[2023-04-05 21:32:31,584] {processor.py:651} INFO - DAG(s) dict_keys(['example_xcom']) retrieved from /home/edinaldo/Documents/previsao_remuneracao/previsao_remuneracao/venv/lib/python3.10/site-packages/airflow/example_dags/example_xcom.py
[2023-04-05 21:32:31,626] {logging_mixin.py:115} INFO - [2023-04-05 21:32:31,625] {dag.py:2379} INFO - Sync 1 DAGs
[2023-04-05 21:32:31,676] {logging_mixin.py:115} INFO - [2023-04-05 21:32:31,675] {dag.py:2927} INFO - Setting next_dagrun for example_xcom to 2021-01-01T00:00:00+00:00, run_after=2021-01-01T00:00:00+00:00
[2023-04-05 21:32:31,828] {processor.py:161} INFO - Processing /home/edinaldo/Documents/previsao_remuneracao/previsao_remuneracao/venv/lib/python3.10/site-packages/airflow/example_dags/example_xcom.py took 0.367 seconds
[2023-04-05 21:33:17,072] {processor.py:153} INFO - Started process (PID=56116) to work on /home/edinaldo/Documents/previsao_remuneracao/previsao_remuneracao/venv/lib/python3.10/site-packages/airflow/example_dags/example_xcom.py
[2023-04-05 21:33:17,083] {processor.py:641} INFO - Processing file /home/edinaldo/Documents/previsao_remuneracao/previsao_remuneracao/venv/lib/python3.10/site-packages/airflow/example_dags/example_xcom.py for tasks to queue
[2023-04-05 21:33:17,084] {logging_mixin.py:115} INFO - [2023-04-05 21:33:17,084] {dagbag.py:507} INFO - Filling up the DagBag from /home/edinaldo/Documents/previsao_remuneracao/previsao_remuneracao/venv/lib/python3.10/site-packages/airflow/example_dags/example_xcom.py
[2023-04-05 21:33:17,120] {processor.py:651} INFO - DAG(s) dict_keys(['example_xcom']) retrieved from /home/edinaldo/Documents/previsao_remuneracao/previsao_remuneracao/venv/lib/python3.10/site-packages/airflow/example_dags/example_xcom.py
[2023-04-05 21:33:17,145] {logging_mixin.py:115} INFO - [2023-04-05 21:33:17,145] {dag.py:2379} INFO - Sync 1 DAGs
[2023-04-05 21:33:17,177] {logging_mixin.py:115} INFO - [2023-04-05 21:33:17,177] {dag.py:2927} INFO - Setting next_dagrun for example_xcom to 2021-01-01T00:00:00+00:00, run_after=2021-01-01T00:00:00+00:00
[2023-04-05 21:33:17,285] {processor.py:161} INFO - Processing /home/edinaldo/Documents/previsao_remuneracao/previsao_remuneracao/venv/lib/python3.10/site-packages/airflow/example_dags/example_xcom.py took 0.216 seconds
[2023-04-05 21:34:00,675] {processor.py:153} INFO - Started process (PID=56169) to work on /home/edinaldo/Documents/previsao_remuneracao/previsao_remuneracao/venv/lib/python3.10/site-packages/airflow/example_dags/example_xcom.py
[2023-04-05 21:34:00,685] {processor.py:641} INFO - Processing file /home/edinaldo/Documents/previsao_remuneracao/previsao_remuneracao/venv/lib/python3.10/site-packages/airflow/example_dags/example_xcom.py for tasks to queue
[2023-04-05 21:34:00,687] {logging_mixin.py:115} INFO - [2023-04-05 21:34:00,687] {dagbag.py:507} INFO - Filling up the DagBag from /home/edinaldo/Documents/previsao_remuneracao/previsao_remuneracao/venv/lib/python3.10/site-packages/airflow/example_dags/example_xcom.py
[2023-04-05 21:34:00,745] {processor.py:651} INFO - DAG(s) dict_keys(['example_xcom']) retrieved from /home/edinaldo/Documents/previsao_remuneracao/previsao_remuneracao/venv/lib/python3.10/site-packages/airflow/example_dags/example_xcom.py
[2023-04-05 21:34:00,776] {logging_mixin.py:115} INFO - [2023-04-05 21:34:00,776] {dag.py:2379} INFO - Sync 1 DAGs
[2023-04-05 21:34:00,808] {logging_mixin.py:115} INFO - [2023-04-05 21:34:00,807] {dag.py:2927} INFO - Setting next_dagrun for example_xcom to 2021-01-01T00:00:00+00:00, run_after=2021-01-01T00:00:00+00:00
[2023-04-05 21:34:00,903] {processor.py:161} INFO - Processing /home/edinaldo/Documents/previsao_remuneracao/previsao_remuneracao/venv/lib/python3.10/site-packages/airflow/example_dags/example_xcom.py took 0.240 seconds
[2023-04-05 21:34:43,266] {processor.py:153} INFO - Started process (PID=56234) to work on /home/edinaldo/Documents/previsao_remuneracao/previsao_remuneracao/venv/lib/python3.10/site-packages/airflow/example_dags/example_xcom.py
[2023-04-05 21:34:43,280] {processor.py:641} INFO - Processing file /home/edinaldo/Documents/previsao_remuneracao/previsao_remuneracao/venv/lib/python3.10/site-packages/airflow/example_dags/example_xcom.py for tasks to queue
[2023-04-05 21:34:43,282] {logging_mixin.py:115} INFO - [2023-04-05 21:34:43,281] {dagbag.py:507} INFO - Filling up the DagBag from /home/edinaldo/Documents/previsao_remuneracao/previsao_remuneracao/venv/lib/python3.10/site-packages/airflow/example_dags/example_xcom.py
[2023-04-05 21:34:43,323] {processor.py:651} INFO - DAG(s) dict_keys(['example_xcom']) retrieved from /home/edinaldo/Documents/previsao_remuneracao/previsao_remuneracao/venv/lib/python3.10/site-packages/airflow/example_dags/example_xcom.py
[2023-04-05 21:34:43,353] {logging_mixin.py:115} INFO - [2023-04-05 21:34:43,353] {dag.py:2379} INFO - Sync 1 DAGs
[2023-04-05 21:34:43,389] {logging_mixin.py:115} INFO - [2023-04-05 21:34:43,389] {dag.py:2927} INFO - Setting next_dagrun for example_xcom to 2021-01-01T00:00:00+00:00, run_after=2021-01-01T00:00:00+00:00
[2023-04-05 21:34:43,471] {processor.py:161} INFO - Processing /home/edinaldo/Documents/previsao_remuneracao/previsao_remuneracao/venv/lib/python3.10/site-packages/airflow/example_dags/example_xcom.py took 0.210 seconds
[2023-04-05 21:35:28,214] {processor.py:153} INFO - Started process (PID=56281) to work on /home/edinaldo/Documents/previsao_remuneracao/previsao_remuneracao/venv/lib/python3.10/site-packages/airflow/example_dags/example_xcom.py
[2023-04-05 21:35:28,224] {processor.py:641} INFO - Processing file /home/edinaldo/Documents/previsao_remuneracao/previsao_remuneracao/venv/lib/python3.10/site-packages/airflow/example_dags/example_xcom.py for tasks to queue
[2023-04-05 21:35:28,225] {logging_mixin.py:115} INFO - [2023-04-05 21:35:28,225] {dagbag.py:507} INFO - Filling up the DagBag from /home/edinaldo/Documents/previsao_remuneracao/previsao_remuneracao/venv/lib/python3.10/site-packages/airflow/example_dags/example_xcom.py
[2023-04-05 21:35:28,252] {processor.py:651} INFO - DAG(s) dict_keys(['example_xcom']) retrieved from /home/edinaldo/Documents/previsao_remuneracao/previsao_remuneracao/venv/lib/python3.10/site-packages/airflow/example_dags/example_xcom.py
[2023-04-05 21:35:28,270] {logging_mixin.py:115} INFO - [2023-04-05 21:35:28,270] {dag.py:2379} INFO - Sync 1 DAGs
[2023-04-05 21:35:28,292] {logging_mixin.py:115} INFO - [2023-04-05 21:35:28,292] {dag.py:2927} INFO - Setting next_dagrun for example_xcom to 2021-01-01T00:00:00+00:00, run_after=2021-01-01T00:00:00+00:00
[2023-04-05 21:35:28,382] {processor.py:161} INFO - Processing /home/edinaldo/Documents/previsao_remuneracao/previsao_remuneracao/venv/lib/python3.10/site-packages/airflow/example_dags/example_xcom.py took 0.178 seconds
[2023-04-05 21:36:21,822] {processor.py:153} INFO - Started process (PID=56535) to work on /home/edinaldo/Documents/previsao_remuneracao/previsao_remuneracao/venv/lib/python3.10/site-packages/airflow/example_dags/example_xcom.py
[2023-04-05 21:36:22,619] {processor.py:641} INFO - Processing file /home/edinaldo/Documents/previsao_remuneracao/previsao_remuneracao/venv/lib/python3.10/site-packages/airflow/example_dags/example_xcom.py for tasks to queue
[2023-04-05 21:36:22,620] {logging_mixin.py:115} INFO - [2023-04-05 21:36:22,620] {dagbag.py:507} INFO - Filling up the DagBag from /home/edinaldo/Documents/previsao_remuneracao/previsao_remuneracao/venv/lib/python3.10/site-packages/airflow/example_dags/example_xcom.py
[2023-04-05 21:36:23,449] {processor.py:651} INFO - DAG(s) dict_keys(['example_xcom']) retrieved from /home/edinaldo/Documents/previsao_remuneracao/previsao_remuneracao/venv/lib/python3.10/site-packages/airflow/example_dags/example_xcom.py
[2023-04-05 21:36:23,656] {logging_mixin.py:115} INFO - [2023-04-05 21:36:23,655] {dag.py:2379} INFO - Sync 1 DAGs
[2023-04-05 21:36:24,128] {logging_mixin.py:115} INFO - [2023-04-05 21:36:24,127] {dag.py:2927} INFO - Setting next_dagrun for example_xcom to 2021-01-01T00:00:00+00:00, run_after=2021-01-01T00:00:00+00:00
[2023-04-05 21:36:24,904] {processor.py:161} INFO - Processing /home/edinaldo/Documents/previsao_remuneracao/previsao_remuneracao/venv/lib/python3.10/site-packages/airflow/example_dags/example_xcom.py took 3.091 seconds
[2023-04-05 21:37:46,190] {processor.py:153} INFO - Started process (PID=56856) to work on /home/edinaldo/Documents/previsao_remuneracao/previsao_remuneracao/venv/lib/python3.10/site-packages/airflow/example_dags/example_xcom.py
[2023-04-05 21:37:46,208] {processor.py:641} INFO - Processing file /home/edinaldo/Documents/previsao_remuneracao/previsao_remuneracao/venv/lib/python3.10/site-packages/airflow/example_dags/example_xcom.py for tasks to queue
[2023-04-05 21:37:46,209] {logging_mixin.py:115} INFO - [2023-04-05 21:37:46,209] {dagbag.py:507} INFO - Filling up the DagBag from /home/edinaldo/Documents/previsao_remuneracao/previsao_remuneracao/venv/lib/python3.10/site-packages/airflow/example_dags/example_xcom.py
[2023-04-05 21:37:46,300] {processor.py:651} INFO - DAG(s) dict_keys(['example_xcom']) retrieved from /home/edinaldo/Documents/previsao_remuneracao/previsao_remuneracao/venv/lib/python3.10/site-packages/airflow/example_dags/example_xcom.py
[2023-04-05 21:37:46,378] {logging_mixin.py:115} INFO - [2023-04-05 21:37:46,378] {dag.py:2379} INFO - Sync 1 DAGs
[2023-04-05 21:37:46,395] {logging_mixin.py:115} INFO - [2023-04-05 21:37:46,395] {dag.py:2927} INFO - Setting next_dagrun for example_xcom to 2021-01-01T00:00:00+00:00, run_after=2021-01-01T00:00:00+00:00
[2023-04-05 21:37:46,486] {processor.py:161} INFO - Processing /home/edinaldo/Documents/previsao_remuneracao/previsao_remuneracao/venv/lib/python3.10/site-packages/airflow/example_dags/example_xcom.py took 0.303 seconds
[2023-04-05 21:38:27,956] {processor.py:153} INFO - Started process (PID=57029) to work on /home/edinaldo/Documents/previsao_remuneracao/previsao_remuneracao/venv/lib/python3.10/site-packages/airflow/example_dags/example_xcom.py
[2023-04-05 21:38:27,976] {processor.py:641} INFO - Processing file /home/edinaldo/Documents/previsao_remuneracao/previsao_remuneracao/venv/lib/python3.10/site-packages/airflow/example_dags/example_xcom.py for tasks to queue
[2023-04-05 21:38:27,977] {logging_mixin.py:115} INFO - [2023-04-05 21:38:27,977] {dagbag.py:507} INFO - Filling up the DagBag from /home/edinaldo/Documents/previsao_remuneracao/previsao_remuneracao/venv/lib/python3.10/site-packages/airflow/example_dags/example_xcom.py
[2023-04-05 21:38:28,013] {processor.py:651} INFO - DAG(s) dict_keys(['example_xcom']) retrieved from /home/edinaldo/Documents/previsao_remuneracao/previsao_remuneracao/venv/lib/python3.10/site-packages/airflow/example_dags/example_xcom.py
[2023-04-05 21:38:28,031] {logging_mixin.py:115} INFO - [2023-04-05 21:38:28,031] {dag.py:2379} INFO - Sync 1 DAGs
[2023-04-05 21:38:28,051] {logging_mixin.py:115} INFO - [2023-04-05 21:38:28,051] {dag.py:2927} INFO - Setting next_dagrun for example_xcom to 2021-01-01T00:00:00+00:00, run_after=2021-01-01T00:00:00+00:00
[2023-04-05 21:38:28,111] {processor.py:161} INFO - Processing /home/edinaldo/Documents/previsao_remuneracao/previsao_remuneracao/venv/lib/python3.10/site-packages/airflow/example_dags/example_xcom.py took 0.165 seconds
[2023-04-05 21:39:16,638] {processor.py:153} INFO - Started process (PID=57303) to work on /home/edinaldo/Documents/previsao_remuneracao/previsao_remuneracao/venv/lib/python3.10/site-packages/airflow/example_dags/example_xcom.py
[2023-04-05 21:39:16,659] {processor.py:641} INFO - Processing file /home/edinaldo/Documents/previsao_remuneracao/previsao_remuneracao/venv/lib/python3.10/site-packages/airflow/example_dags/example_xcom.py for tasks to queue
[2023-04-05 21:39:16,662] {logging_mixin.py:115} INFO - [2023-04-05 21:39:16,662] {dagbag.py:507} INFO - Filling up the DagBag from /home/edinaldo/Documents/previsao_remuneracao/previsao_remuneracao/venv/lib/python3.10/site-packages/airflow/example_dags/example_xcom.py
[2023-04-05 21:39:16,788] {processor.py:651} INFO - DAG(s) dict_keys(['example_xcom']) retrieved from /home/edinaldo/Documents/previsao_remuneracao/previsao_remuneracao/venv/lib/python3.10/site-packages/airflow/example_dags/example_xcom.py
[2023-04-05 21:39:16,813] {logging_mixin.py:115} INFO - [2023-04-05 21:39:16,813] {dag.py:2379} INFO - Sync 1 DAGs
[2023-04-05 21:39:16,839] {logging_mixin.py:115} INFO - [2023-04-05 21:39:16,839] {dag.py:2927} INFO - Setting next_dagrun for example_xcom to 2021-01-01T00:00:00+00:00, run_after=2021-01-01T00:00:00+00:00
[2023-04-05 21:39:17,129] {processor.py:161} INFO - Processing /home/edinaldo/Documents/previsao_remuneracao/previsao_remuneracao/venv/lib/python3.10/site-packages/airflow/example_dags/example_xcom.py took 0.504 seconds
[2023-04-05 21:40:21,220] {processor.py:153} INFO - Started process (PID=57633) to work on /home/edinaldo/Documents/previsao_remuneracao/previsao_remuneracao/venv/lib/python3.10/site-packages/airflow/example_dags/example_xcom.py
[2023-04-05 21:40:21,229] {processor.py:641} INFO - Processing file /home/edinaldo/Documents/previsao_remuneracao/previsao_remuneracao/venv/lib/python3.10/site-packages/airflow/example_dags/example_xcom.py for tasks to queue
[2023-04-05 21:40:21,230] {logging_mixin.py:115} INFO - [2023-04-05 21:40:21,230] {dagbag.py:507} INFO - Filling up the DagBag from /home/edinaldo/Documents/previsao_remuneracao/previsao_remuneracao/venv/lib/python3.10/site-packages/airflow/example_dags/example_xcom.py
[2023-04-05 21:40:21,257] {processor.py:651} INFO - DAG(s) dict_keys(['example_xcom']) retrieved from /home/edinaldo/Documents/previsao_remuneracao/previsao_remuneracao/venv/lib/python3.10/site-packages/airflow/example_dags/example_xcom.py
[2023-04-05 21:40:21,277] {logging_mixin.py:115} INFO - [2023-04-05 21:40:21,277] {dag.py:2379} INFO - Sync 1 DAGs
[2023-04-05 21:40:21,299] {logging_mixin.py:115} INFO - [2023-04-05 21:40:21,299] {dag.py:2927} INFO - Setting next_dagrun for example_xcom to 2021-01-01T00:00:00+00:00, run_after=2021-01-01T00:00:00+00:00
[2023-04-05 21:40:21,380] {processor.py:161} INFO - Processing /home/edinaldo/Documents/previsao_remuneracao/previsao_remuneracao/venv/lib/python3.10/site-packages/airflow/example_dags/example_xcom.py took 0.167 seconds
[2023-04-05 21:41:03,123] {processor.py:153} INFO - Started process (PID=57860) to work on /home/edinaldo/Documents/previsao_remuneracao/previsao_remuneracao/venv/lib/python3.10/site-packages/airflow/example_dags/example_xcom.py
[2023-04-05 21:41:03,138] {processor.py:641} INFO - Processing file /home/edinaldo/Documents/previsao_remuneracao/previsao_remuneracao/venv/lib/python3.10/site-packages/airflow/example_dags/example_xcom.py for tasks to queue
[2023-04-05 21:41:03,139] {logging_mixin.py:115} INFO - [2023-04-05 21:41:03,139] {dagbag.py:507} INFO - Filling up the DagBag from /home/edinaldo/Documents/previsao_remuneracao/previsao_remuneracao/venv/lib/python3.10/site-packages/airflow/example_dags/example_xcom.py
[2023-04-05 21:41:03,177] {processor.py:651} INFO - DAG(s) dict_keys(['example_xcom']) retrieved from /home/edinaldo/Documents/previsao_remuneracao/previsao_remuneracao/venv/lib/python3.10/site-packages/airflow/example_dags/example_xcom.py
[2023-04-05 21:41:03,194] {logging_mixin.py:115} INFO - [2023-04-05 21:41:03,194] {dag.py:2379} INFO - Sync 1 DAGs
[2023-04-05 21:41:03,214] {logging_mixin.py:115} INFO - [2023-04-05 21:41:03,214] {dag.py:2927} INFO - Setting next_dagrun for example_xcom to 2021-01-01T00:00:00+00:00, run_after=2021-01-01T00:00:00+00:00
[2023-04-05 21:41:03,298] {processor.py:161} INFO - Processing /home/edinaldo/Documents/previsao_remuneracao/previsao_remuneracao/venv/lib/python3.10/site-packages/airflow/example_dags/example_xcom.py took 0.185 seconds
[2023-04-05 21:41:44,305] {processor.py:153} INFO - Started process (PID=58081) to work on /home/edinaldo/Documents/previsao_remuneracao/previsao_remuneracao/venv/lib/python3.10/site-packages/airflow/example_dags/example_xcom.py
[2023-04-05 21:41:44,328] {processor.py:641} INFO - Processing file /home/edinaldo/Documents/previsao_remuneracao/previsao_remuneracao/venv/lib/python3.10/site-packages/airflow/example_dags/example_xcom.py for tasks to queue
[2023-04-05 21:41:44,329] {logging_mixin.py:115} INFO - [2023-04-05 21:41:44,328] {dagbag.py:507} INFO - Filling up the DagBag from /home/edinaldo/Documents/previsao_remuneracao/previsao_remuneracao/venv/lib/python3.10/site-packages/airflow/example_dags/example_xcom.py
[2023-04-05 21:41:44,394] {processor.py:651} INFO - DAG(s) dict_keys(['example_xcom']) retrieved from /home/edinaldo/Documents/previsao_remuneracao/previsao_remuneracao/venv/lib/python3.10/site-packages/airflow/example_dags/example_xcom.py
[2023-04-05 21:41:44,497] {logging_mixin.py:115} INFO - [2023-04-05 21:41:44,497] {dag.py:2379} INFO - Sync 1 DAGs
[2023-04-05 21:41:44,514] {logging_mixin.py:115} INFO - [2023-04-05 21:41:44,514] {dag.py:2927} INFO - Setting next_dagrun for example_xcom to 2021-01-01T00:00:00+00:00, run_after=2021-01-01T00:00:00+00:00
[2023-04-05 21:41:44,665] {processor.py:161} INFO - Processing /home/edinaldo/Documents/previsao_remuneracao/previsao_remuneracao/venv/lib/python3.10/site-packages/airflow/example_dags/example_xcom.py took 0.363 seconds
[2023-04-05 21:42:30,983] {processor.py:153} INFO - Started process (PID=58358) to work on /home/edinaldo/Documents/previsao_remuneracao/previsao_remuneracao/venv/lib/python3.10/site-packages/airflow/example_dags/example_xcom.py
[2023-04-05 21:42:31,010] {processor.py:641} INFO - Processing file /home/edinaldo/Documents/previsao_remuneracao/previsao_remuneracao/venv/lib/python3.10/site-packages/airflow/example_dags/example_xcom.py for tasks to queue
[2023-04-05 21:42:31,011] {logging_mixin.py:115} INFO - [2023-04-05 21:42:31,011] {dagbag.py:507} INFO - Filling up the DagBag from /home/edinaldo/Documents/previsao_remuneracao/previsao_remuneracao/venv/lib/python3.10/site-packages/airflow/example_dags/example_xcom.py
[2023-04-05 21:42:31,037] {processor.py:651} INFO - DAG(s) dict_keys(['example_xcom']) retrieved from /home/edinaldo/Documents/previsao_remuneracao/previsao_remuneracao/venv/lib/python3.10/site-packages/airflow/example_dags/example_xcom.py
[2023-04-05 21:42:31,055] {logging_mixin.py:115} INFO - [2023-04-05 21:42:31,055] {dag.py:2379} INFO - Sync 1 DAGs
[2023-04-05 21:42:31,074] {logging_mixin.py:115} INFO - [2023-04-05 21:42:31,074] {dag.py:2927} INFO - Setting next_dagrun for example_xcom to 2021-01-01T00:00:00+00:00, run_after=2021-01-01T00:00:00+00:00
[2023-04-05 21:42:31,159] {processor.py:161} INFO - Processing /home/edinaldo/Documents/previsao_remuneracao/previsao_remuneracao/venv/lib/python3.10/site-packages/airflow/example_dags/example_xcom.py took 0.183 seconds
