[2023-04-05 21:00:18,205] {processor.py:153} INFO - Started process (PID=52084) to work on /home/edinaldo/Documents/previsao_remuneracao/previsao_remuneracao/venv/lib/python3.10/site-packages/airflow/example_dags/example_branch_labels.py
[2023-04-05 21:00:18,205] {processor.py:641} INFO - Processing file /home/edinaldo/Documents/previsao_remuneracao/previsao_remuneracao/venv/lib/python3.10/site-packages/airflow/example_dags/example_branch_labels.py for tasks to queue
[2023-04-05 21:00:18,206] {logging_mixin.py:115} INFO - [2023-04-05 21:00:18,206] {dagbag.py:507} INFO - Filling up the DagBag from /home/edinaldo/Documents/previsao_remuneracao/previsao_remuneracao/venv/lib/python3.10/site-packages/airflow/example_dags/example_branch_labels.py
[2023-04-05 21:00:18,214] {processor.py:651} INFO - DAG(s) dict_keys(['example_branch_labels']) retrieved from /home/edinaldo/Documents/previsao_remuneracao/previsao_remuneracao/venv/lib/python3.10/site-packages/airflow/example_dags/example_branch_labels.py
[2023-04-05 21:00:18,232] {logging_mixin.py:115} INFO - [2023-04-05 21:00:18,232] {dag.py:2379} INFO - Sync 1 DAGs
[2023-04-05 21:00:18,253] {logging_mixin.py:115} INFO - [2023-04-05 21:00:18,252] {dag.py:2927} INFO - Setting next_dagrun for example_branch_labels to 2023-04-05T00:00:00+00:00, run_after=2023-04-06T00:00:00+00:00
[2023-04-05 21:00:18,363] {processor.py:161} INFO - Processing /home/edinaldo/Documents/previsao_remuneracao/previsao_remuneracao/venv/lib/python3.10/site-packages/airflow/example_dags/example_branch_labels.py took 0.163 seconds
[2023-04-05 21:01:01,165] {processor.py:153} INFO - Started process (PID=52190) to work on /home/edinaldo/Documents/previsao_remuneracao/previsao_remuneracao/venv/lib/python3.10/site-packages/airflow/example_dags/example_branch_labels.py
[2023-04-05 21:01:01,167] {processor.py:641} INFO - Processing file /home/edinaldo/Documents/previsao_remuneracao/previsao_remuneracao/venv/lib/python3.10/site-packages/airflow/example_dags/example_branch_labels.py for tasks to queue
[2023-04-05 21:01:01,168] {logging_mixin.py:115} INFO - [2023-04-05 21:01:01,168] {dagbag.py:507} INFO - Filling up the DagBag from /home/edinaldo/Documents/previsao_remuneracao/previsao_remuneracao/venv/lib/python3.10/site-packages/airflow/example_dags/example_branch_labels.py
[2023-04-05 21:01:01,182] {processor.py:651} INFO - DAG(s) dict_keys(['example_branch_labels']) retrieved from /home/edinaldo/Documents/previsao_remuneracao/previsao_remuneracao/venv/lib/python3.10/site-packages/airflow/example_dags/example_branch_labels.py
[2023-04-05 21:01:01,201] {logging_mixin.py:115} INFO - [2023-04-05 21:01:01,201] {dag.py:2379} INFO - Sync 1 DAGs
[2023-04-05 21:01:01,222] {logging_mixin.py:115} INFO - [2023-04-05 21:01:01,222] {dag.py:2927} INFO - Setting next_dagrun for example_branch_labels to 2023-04-05T00:00:00+00:00, run_after=2023-04-06T00:00:00+00:00
[2023-04-05 21:01:01,414] {processor.py:161} INFO - Processing /home/edinaldo/Documents/previsao_remuneracao/previsao_remuneracao/venv/lib/python3.10/site-packages/airflow/example_dags/example_branch_labels.py took 0.259 seconds
[2023-04-05 21:01:38,474] {processor.py:153} INFO - Started process (PID=52250) to work on /home/edinaldo/Documents/previsao_remuneracao/previsao_remuneracao/venv/lib/python3.10/site-packages/airflow/example_dags/example_branch_labels.py
[2023-04-05 21:01:38,475] {processor.py:641} INFO - Processing file /home/edinaldo/Documents/previsao_remuneracao/previsao_remuneracao/venv/lib/python3.10/site-packages/airflow/example_dags/example_branch_labels.py for tasks to queue
[2023-04-05 21:01:38,476] {logging_mixin.py:115} INFO - [2023-04-05 21:01:38,476] {dagbag.py:507} INFO - Filling up the DagBag from /home/edinaldo/Documents/previsao_remuneracao/previsao_remuneracao/venv/lib/python3.10/site-packages/airflow/example_dags/example_branch_labels.py
[2023-04-05 21:01:38,483] {processor.py:651} INFO - DAG(s) dict_keys(['example_branch_labels']) retrieved from /home/edinaldo/Documents/previsao_remuneracao/previsao_remuneracao/venv/lib/python3.10/site-packages/airflow/example_dags/example_branch_labels.py
[2023-04-05 21:01:38,505] {logging_mixin.py:115} INFO - [2023-04-05 21:01:38,505] {dag.py:2379} INFO - Sync 1 DAGs
[2023-04-05 21:01:38,536] {logging_mixin.py:115} INFO - [2023-04-05 21:01:38,536] {dag.py:2927} INFO - Setting next_dagrun for example_branch_labels to 2023-04-05T00:00:00+00:00, run_after=2023-04-06T00:00:00+00:00
[2023-04-05 21:01:38,630] {processor.py:161} INFO - Processing /home/edinaldo/Documents/previsao_remuneracao/previsao_remuneracao/venv/lib/python3.10/site-packages/airflow/example_dags/example_branch_labels.py took 0.160 seconds
[2023-04-05 21:02:24,974] {processor.py:153} INFO - Started process (PID=52340) to work on /home/edinaldo/Documents/previsao_remuneracao/previsao_remuneracao/venv/lib/python3.10/site-packages/airflow/example_dags/example_branch_labels.py
[2023-04-05 21:02:24,975] {processor.py:641} INFO - Processing file /home/edinaldo/Documents/previsao_remuneracao/previsao_remuneracao/venv/lib/python3.10/site-packages/airflow/example_dags/example_branch_labels.py for tasks to queue
[2023-04-05 21:02:24,976] {logging_mixin.py:115} INFO - [2023-04-05 21:02:24,976] {dagbag.py:507} INFO - Filling up the DagBag from /home/edinaldo/Documents/previsao_remuneracao/previsao_remuneracao/venv/lib/python3.10/site-packages/airflow/example_dags/example_branch_labels.py
[2023-04-05 21:02:24,992] {processor.py:651} INFO - DAG(s) dict_keys(['example_branch_labels']) retrieved from /home/edinaldo/Documents/previsao_remuneracao/previsao_remuneracao/venv/lib/python3.10/site-packages/airflow/example_dags/example_branch_labels.py
[2023-04-05 21:02:25,013] {logging_mixin.py:115} INFO - [2023-04-05 21:02:25,013] {dag.py:2379} INFO - Sync 1 DAGs
[2023-04-05 21:02:25,039] {logging_mixin.py:115} INFO - [2023-04-05 21:02:25,039] {dag.py:2927} INFO - Setting next_dagrun for example_branch_labels to 2023-04-05T00:00:00+00:00, run_after=2023-04-06T00:00:00+00:00
[2023-04-05 21:02:25,165] {processor.py:161} INFO - Processing /home/edinaldo/Documents/previsao_remuneracao/previsao_remuneracao/venv/lib/python3.10/site-packages/airflow/example_dags/example_branch_labels.py took 0.195 seconds
[2023-04-05 21:03:16,725] {processor.py:153} INFO - Started process (PID=52454) to work on /home/edinaldo/Documents/previsao_remuneracao/previsao_remuneracao/venv/lib/python3.10/site-packages/airflow/example_dags/example_branch_labels.py
[2023-04-05 21:03:16,727] {processor.py:641} INFO - Processing file /home/edinaldo/Documents/previsao_remuneracao/previsao_remuneracao/venv/lib/python3.10/site-packages/airflow/example_dags/example_branch_labels.py for tasks to queue
[2023-04-05 21:03:16,728] {logging_mixin.py:115} INFO - [2023-04-05 21:03:16,728] {dagbag.py:507} INFO - Filling up the DagBag from /home/edinaldo/Documents/previsao_remuneracao/previsao_remuneracao/venv/lib/python3.10/site-packages/airflow/example_dags/example_branch_labels.py
[2023-04-05 21:03:16,740] {processor.py:651} INFO - DAG(s) dict_keys(['example_branch_labels']) retrieved from /home/edinaldo/Documents/previsao_remuneracao/previsao_remuneracao/venv/lib/python3.10/site-packages/airflow/example_dags/example_branch_labels.py
[2023-04-05 21:03:16,759] {logging_mixin.py:115} INFO - [2023-04-05 21:03:16,759] {dag.py:2379} INFO - Sync 1 DAGs
[2023-04-05 21:03:16,780] {logging_mixin.py:115} INFO - [2023-04-05 21:03:16,780] {dag.py:2927} INFO - Setting next_dagrun for example_branch_labels to 2023-04-05T00:00:00+00:00, run_after=2023-04-06T00:00:00+00:00
[2023-04-05 21:03:16,876] {processor.py:161} INFO - Processing /home/edinaldo/Documents/previsao_remuneracao/previsao_remuneracao/venv/lib/python3.10/site-packages/airflow/example_dags/example_branch_labels.py took 0.161 seconds
[2023-04-05 21:04:01,387] {processor.py:153} INFO - Started process (PID=52517) to work on /home/edinaldo/Documents/previsao_remuneracao/previsao_remuneracao/venv/lib/python3.10/site-packages/airflow/example_dags/example_branch_labels.py
[2023-04-05 21:04:01,389] {processor.py:641} INFO - Processing file /home/edinaldo/Documents/previsao_remuneracao/previsao_remuneracao/venv/lib/python3.10/site-packages/airflow/example_dags/example_branch_labels.py for tasks to queue
[2023-04-05 21:04:01,391] {logging_mixin.py:115} INFO - [2023-04-05 21:04:01,390] {dagbag.py:507} INFO - Filling up the DagBag from /home/edinaldo/Documents/previsao_remuneracao/previsao_remuneracao/venv/lib/python3.10/site-packages/airflow/example_dags/example_branch_labels.py
[2023-04-05 21:04:01,407] {processor.py:651} INFO - DAG(s) dict_keys(['example_branch_labels']) retrieved from /home/edinaldo/Documents/previsao_remuneracao/previsao_remuneracao/venv/lib/python3.10/site-packages/airflow/example_dags/example_branch_labels.py
[2023-04-05 21:04:01,429] {logging_mixin.py:115} INFO - [2023-04-05 21:04:01,429] {dag.py:2379} INFO - Sync 1 DAGs
[2023-04-05 21:04:01,450] {logging_mixin.py:115} INFO - [2023-04-05 21:04:01,450] {dag.py:2927} INFO - Setting next_dagrun for example_branch_labels to 2023-04-05T00:00:00+00:00, run_after=2023-04-06T00:00:00+00:00
[2023-04-05 21:04:01,567] {processor.py:161} INFO - Processing /home/edinaldo/Documents/previsao_remuneracao/previsao_remuneracao/venv/lib/python3.10/site-packages/airflow/example_dags/example_branch_labels.py took 0.190 seconds
[2023-04-05 21:04:45,492] {processor.py:153} INFO - Started process (PID=52568) to work on /home/edinaldo/Documents/previsao_remuneracao/previsao_remuneracao/venv/lib/python3.10/site-packages/airflow/example_dags/example_branch_labels.py
[2023-04-05 21:04:45,494] {processor.py:641} INFO - Processing file /home/edinaldo/Documents/previsao_remuneracao/previsao_remuneracao/venv/lib/python3.10/site-packages/airflow/example_dags/example_branch_labels.py for tasks to queue
[2023-04-05 21:04:45,497] {logging_mixin.py:115} INFO - [2023-04-05 21:04:45,496] {dagbag.py:507} INFO - Filling up the DagBag from /home/edinaldo/Documents/previsao_remuneracao/previsao_remuneracao/venv/lib/python3.10/site-packages/airflow/example_dags/example_branch_labels.py
[2023-04-05 21:04:45,518] {processor.py:651} INFO - DAG(s) dict_keys(['example_branch_labels']) retrieved from /home/edinaldo/Documents/previsao_remuneracao/previsao_remuneracao/venv/lib/python3.10/site-packages/airflow/example_dags/example_branch_labels.py
[2023-04-05 21:04:45,541] {logging_mixin.py:115} INFO - [2023-04-05 21:04:45,541] {dag.py:2379} INFO - Sync 1 DAGs
[2023-04-05 21:04:45,565] {logging_mixin.py:115} INFO - [2023-04-05 21:04:45,565] {dag.py:2927} INFO - Setting next_dagrun for example_branch_labels to 2023-04-05T00:00:00+00:00, run_after=2023-04-06T00:00:00+00:00
[2023-04-05 21:04:45,649] {processor.py:161} INFO - Processing /home/edinaldo/Documents/previsao_remuneracao/previsao_remuneracao/venv/lib/python3.10/site-packages/airflow/example_dags/example_branch_labels.py took 0.169 seconds
[2023-04-05 21:05:22,819] {processor.py:153} INFO - Started process (PID=52621) to work on /home/edinaldo/Documents/previsao_remuneracao/previsao_remuneracao/venv/lib/python3.10/site-packages/airflow/example_dags/example_branch_labels.py
[2023-04-05 21:05:22,820] {processor.py:641} INFO - Processing file /home/edinaldo/Documents/previsao_remuneracao/previsao_remuneracao/venv/lib/python3.10/site-packages/airflow/example_dags/example_branch_labels.py for tasks to queue
[2023-04-05 21:05:22,821] {logging_mixin.py:115} INFO - [2023-04-05 21:05:22,821] {dagbag.py:507} INFO - Filling up the DagBag from /home/edinaldo/Documents/previsao_remuneracao/previsao_remuneracao/venv/lib/python3.10/site-packages/airflow/example_dags/example_branch_labels.py
[2023-04-05 21:05:22,831] {processor.py:651} INFO - DAG(s) dict_keys(['example_branch_labels']) retrieved from /home/edinaldo/Documents/previsao_remuneracao/previsao_remuneracao/venv/lib/python3.10/site-packages/airflow/example_dags/example_branch_labels.py
[2023-04-05 21:05:22,852] {logging_mixin.py:115} INFO - [2023-04-05 21:05:22,852] {dag.py:2379} INFO - Sync 1 DAGs
[2023-04-05 21:05:22,872] {logging_mixin.py:115} INFO - [2023-04-05 21:05:22,872] {dag.py:2927} INFO - Setting next_dagrun for example_branch_labels to 2023-04-05T00:00:00+00:00, run_after=2023-04-06T00:00:00+00:00
[2023-04-05 21:05:22,997] {processor.py:161} INFO - Processing /home/edinaldo/Documents/previsao_remuneracao/previsao_remuneracao/venv/lib/python3.10/site-packages/airflow/example_dags/example_branch_labels.py took 0.182 seconds
[2023-04-05 21:06:09,581] {processor.py:153} INFO - Started process (PID=52697) to work on /home/edinaldo/Documents/previsao_remuneracao/previsao_remuneracao/venv/lib/python3.10/site-packages/airflow/example_dags/example_branch_labels.py
[2023-04-05 21:06:09,583] {processor.py:641} INFO - Processing file /home/edinaldo/Documents/previsao_remuneracao/previsao_remuneracao/venv/lib/python3.10/site-packages/airflow/example_dags/example_branch_labels.py for tasks to queue
[2023-04-05 21:06:09,585] {logging_mixin.py:115} INFO - [2023-04-05 21:06:09,584] {dagbag.py:507} INFO - Filling up the DagBag from /home/edinaldo/Documents/previsao_remuneracao/previsao_remuneracao/venv/lib/python3.10/site-packages/airflow/example_dags/example_branch_labels.py
[2023-04-05 21:06:09,598] {processor.py:651} INFO - DAG(s) dict_keys(['example_branch_labels']) retrieved from /home/edinaldo/Documents/previsao_remuneracao/previsao_remuneracao/venv/lib/python3.10/site-packages/airflow/example_dags/example_branch_labels.py
[2023-04-05 21:06:09,616] {logging_mixin.py:115} INFO - [2023-04-05 21:06:09,616] {dag.py:2379} INFO - Sync 1 DAGs
[2023-04-05 21:06:09,637] {logging_mixin.py:115} INFO - [2023-04-05 21:06:09,637] {dag.py:2927} INFO - Setting next_dagrun for example_branch_labels to 2023-04-05T00:00:00+00:00, run_after=2023-04-06T00:00:00+00:00
[2023-04-05 21:06:09,711] {processor.py:161} INFO - Processing /home/edinaldo/Documents/previsao_remuneracao/previsao_remuneracao/venv/lib/python3.10/site-packages/airflow/example_dags/example_branch_labels.py took 0.140 seconds
[2023-04-05 21:06:48,843] {processor.py:153} INFO - Started process (PID=52759) to work on /home/edinaldo/Documents/previsao_remuneracao/previsao_remuneracao/venv/lib/python3.10/site-packages/airflow/example_dags/example_branch_labels.py
[2023-04-05 21:06:48,844] {processor.py:641} INFO - Processing file /home/edinaldo/Documents/previsao_remuneracao/previsao_remuneracao/venv/lib/python3.10/site-packages/airflow/example_dags/example_branch_labels.py for tasks to queue
[2023-04-05 21:06:48,845] {logging_mixin.py:115} INFO - [2023-04-05 21:06:48,845] {dagbag.py:507} INFO - Filling up the DagBag from /home/edinaldo/Documents/previsao_remuneracao/previsao_remuneracao/venv/lib/python3.10/site-packages/airflow/example_dags/example_branch_labels.py
[2023-04-05 21:06:48,854] {processor.py:651} INFO - DAG(s) dict_keys(['example_branch_labels']) retrieved from /home/edinaldo/Documents/previsao_remuneracao/previsao_remuneracao/venv/lib/python3.10/site-packages/airflow/example_dags/example_branch_labels.py
[2023-04-05 21:06:48,872] {logging_mixin.py:115} INFO - [2023-04-05 21:06:48,872] {dag.py:2379} INFO - Sync 1 DAGs
[2023-04-05 21:06:48,893] {logging_mixin.py:115} INFO - [2023-04-05 21:06:48,892] {dag.py:2927} INFO - Setting next_dagrun for example_branch_labels to 2023-04-05T00:00:00+00:00, run_after=2023-04-06T00:00:00+00:00
[2023-04-05 21:06:48,989] {processor.py:161} INFO - Processing /home/edinaldo/Documents/previsao_remuneracao/previsao_remuneracao/venv/lib/python3.10/site-packages/airflow/example_dags/example_branch_labels.py took 0.154 seconds
[2023-04-05 21:07:25,979] {processor.py:153} INFO - Started process (PID=52795) to work on /home/edinaldo/Documents/previsao_remuneracao/previsao_remuneracao/venv/lib/python3.10/site-packages/airflow/example_dags/example_branch_labels.py
[2023-04-05 21:07:25,980] {processor.py:641} INFO - Processing file /home/edinaldo/Documents/previsao_remuneracao/previsao_remuneracao/venv/lib/python3.10/site-packages/airflow/example_dags/example_branch_labels.py for tasks to queue
[2023-04-05 21:07:25,981] {logging_mixin.py:115} INFO - [2023-04-05 21:07:25,981] {dagbag.py:507} INFO - Filling up the DagBag from /home/edinaldo/Documents/previsao_remuneracao/previsao_remuneracao/venv/lib/python3.10/site-packages/airflow/example_dags/example_branch_labels.py
[2023-04-05 21:07:25,990] {processor.py:651} INFO - DAG(s) dict_keys(['example_branch_labels']) retrieved from /home/edinaldo/Documents/previsao_remuneracao/previsao_remuneracao/venv/lib/python3.10/site-packages/airflow/example_dags/example_branch_labels.py
[2023-04-05 21:07:26,012] {logging_mixin.py:115} INFO - [2023-04-05 21:07:26,011] {dag.py:2379} INFO - Sync 1 DAGs
[2023-04-05 21:07:26,032] {logging_mixin.py:115} INFO - [2023-04-05 21:07:26,032] {dag.py:2927} INFO - Setting next_dagrun for example_branch_labels to 2023-04-05T00:00:00+00:00, run_after=2023-04-06T00:00:00+00:00
[2023-04-05 21:07:26,145] {processor.py:161} INFO - Processing /home/edinaldo/Documents/previsao_remuneracao/previsao_remuneracao/venv/lib/python3.10/site-packages/airflow/example_dags/example_branch_labels.py took 0.170 seconds
[2023-04-05 21:08:08,107] {processor.py:153} INFO - Started process (PID=52835) to work on /home/edinaldo/Documents/previsao_remuneracao/previsao_remuneracao/venv/lib/python3.10/site-packages/airflow/example_dags/example_branch_labels.py
[2023-04-05 21:08:08,108] {processor.py:641} INFO - Processing file /home/edinaldo/Documents/previsao_remuneracao/previsao_remuneracao/venv/lib/python3.10/site-packages/airflow/example_dags/example_branch_labels.py for tasks to queue
[2023-04-05 21:08:08,109] {logging_mixin.py:115} INFO - [2023-04-05 21:08:08,109] {dagbag.py:507} INFO - Filling up the DagBag from /home/edinaldo/Documents/previsao_remuneracao/previsao_remuneracao/venv/lib/python3.10/site-packages/airflow/example_dags/example_branch_labels.py
[2023-04-05 21:08:08,123] {processor.py:651} INFO - DAG(s) dict_keys(['example_branch_labels']) retrieved from /home/edinaldo/Documents/previsao_remuneracao/previsao_remuneracao/venv/lib/python3.10/site-packages/airflow/example_dags/example_branch_labels.py
[2023-04-05 21:08:08,145] {logging_mixin.py:115} INFO - [2023-04-05 21:08:08,145] {dag.py:2379} INFO - Sync 1 DAGs
[2023-04-05 21:08:08,166] {logging_mixin.py:115} INFO - [2023-04-05 21:08:08,165] {dag.py:2927} INFO - Setting next_dagrun for example_branch_labels to 2023-04-05T00:00:00+00:00, run_after=2023-04-06T00:00:00+00:00
[2023-04-05 21:08:08,245] {processor.py:161} INFO - Processing /home/edinaldo/Documents/previsao_remuneracao/previsao_remuneracao/venv/lib/python3.10/site-packages/airflow/example_dags/example_branch_labels.py took 0.142 seconds
[2023-04-05 21:08:47,836] {processor.py:153} INFO - Started process (PID=52873) to work on /home/edinaldo/Documents/previsao_remuneracao/previsao_remuneracao/venv/lib/python3.10/site-packages/airflow/example_dags/example_branch_labels.py
[2023-04-05 21:08:47,838] {processor.py:641} INFO - Processing file /home/edinaldo/Documents/previsao_remuneracao/previsao_remuneracao/venv/lib/python3.10/site-packages/airflow/example_dags/example_branch_labels.py for tasks to queue
[2023-04-05 21:08:47,839] {logging_mixin.py:115} INFO - [2023-04-05 21:08:47,838] {dagbag.py:507} INFO - Filling up the DagBag from /home/edinaldo/Documents/previsao_remuneracao/previsao_remuneracao/venv/lib/python3.10/site-packages/airflow/example_dags/example_branch_labels.py
[2023-04-05 21:08:47,850] {processor.py:651} INFO - DAG(s) dict_keys(['example_branch_labels']) retrieved from /home/edinaldo/Documents/previsao_remuneracao/previsao_remuneracao/venv/lib/python3.10/site-packages/airflow/example_dags/example_branch_labels.py
[2023-04-05 21:08:47,868] {logging_mixin.py:115} INFO - [2023-04-05 21:08:47,868] {dag.py:2379} INFO - Sync 1 DAGs
[2023-04-05 21:08:47,890] {logging_mixin.py:115} INFO - [2023-04-05 21:08:47,889] {dag.py:2927} INFO - Setting next_dagrun for example_branch_labels to 2023-04-05T00:00:00+00:00, run_after=2023-04-06T00:00:00+00:00
[2023-04-05 21:08:47,998] {processor.py:161} INFO - Processing /home/edinaldo/Documents/previsao_remuneracao/previsao_remuneracao/venv/lib/python3.10/site-packages/airflow/example_dags/example_branch_labels.py took 0.172 seconds
[2023-04-05 21:09:34,170] {processor.py:153} INFO - Started process (PID=52916) to work on /home/edinaldo/Documents/previsao_remuneracao/previsao_remuneracao/venv/lib/python3.10/site-packages/airflow/example_dags/example_branch_labels.py
[2023-04-05 21:09:34,172] {processor.py:641} INFO - Processing file /home/edinaldo/Documents/previsao_remuneracao/previsao_remuneracao/venv/lib/python3.10/site-packages/airflow/example_dags/example_branch_labels.py for tasks to queue
[2023-04-05 21:09:34,173] {logging_mixin.py:115} INFO - [2023-04-05 21:09:34,173] {dagbag.py:507} INFO - Filling up the DagBag from /home/edinaldo/Documents/previsao_remuneracao/previsao_remuneracao/venv/lib/python3.10/site-packages/airflow/example_dags/example_branch_labels.py
[2023-04-05 21:09:34,189] {processor.py:651} INFO - DAG(s) dict_keys(['example_branch_labels']) retrieved from /home/edinaldo/Documents/previsao_remuneracao/previsao_remuneracao/venv/lib/python3.10/site-packages/airflow/example_dags/example_branch_labels.py
[2023-04-05 21:09:34,215] {logging_mixin.py:115} INFO - [2023-04-05 21:09:34,215] {dag.py:2379} INFO - Sync 1 DAGs
[2023-04-05 21:09:34,242] {logging_mixin.py:115} INFO - [2023-04-05 21:09:34,241] {dag.py:2927} INFO - Setting next_dagrun for example_branch_labels to 2023-04-05T00:00:00+00:00, run_after=2023-04-06T00:00:00+00:00
[2023-04-05 21:09:34,325] {processor.py:161} INFO - Processing /home/edinaldo/Documents/previsao_remuneracao/previsao_remuneracao/venv/lib/python3.10/site-packages/airflow/example_dags/example_branch_labels.py took 0.165 seconds
[2023-04-05 21:10:15,310] {processor.py:153} INFO - Started process (PID=52955) to work on /home/edinaldo/Documents/previsao_remuneracao/previsao_remuneracao/venv/lib/python3.10/site-packages/airflow/example_dags/example_branch_labels.py
[2023-04-05 21:10:15,312] {processor.py:641} INFO - Processing file /home/edinaldo/Documents/previsao_remuneracao/previsao_remuneracao/venv/lib/python3.10/site-packages/airflow/example_dags/example_branch_labels.py for tasks to queue
[2023-04-05 21:10:15,314] {logging_mixin.py:115} INFO - [2023-04-05 21:10:15,313] {dagbag.py:507} INFO - Filling up the DagBag from /home/edinaldo/Documents/previsao_remuneracao/previsao_remuneracao/venv/lib/python3.10/site-packages/airflow/example_dags/example_branch_labels.py
[2023-04-05 21:10:15,328] {processor.py:651} INFO - DAG(s) dict_keys(['example_branch_labels']) retrieved from /home/edinaldo/Documents/previsao_remuneracao/previsao_remuneracao/venv/lib/python3.10/site-packages/airflow/example_dags/example_branch_labels.py
[2023-04-05 21:10:15,350] {logging_mixin.py:115} INFO - [2023-04-05 21:10:15,350] {dag.py:2379} INFO - Sync 1 DAGs
[2023-04-05 21:10:15,379] {logging_mixin.py:115} INFO - [2023-04-05 21:10:15,379] {dag.py:2927} INFO - Setting next_dagrun for example_branch_labels to 2023-04-05T00:00:00+00:00, run_after=2023-04-06T00:00:00+00:00
[2023-04-05 21:10:15,537] {processor.py:161} INFO - Processing /home/edinaldo/Documents/previsao_remuneracao/previsao_remuneracao/venv/lib/python3.10/site-packages/airflow/example_dags/example_branch_labels.py took 0.236 seconds
[2023-04-05 21:10:59,439] {processor.py:153} INFO - Started process (PID=53115) to work on /home/edinaldo/Documents/previsao_remuneracao/previsao_remuneracao/venv/lib/python3.10/site-packages/airflow/example_dags/example_branch_labels.py
[2023-04-05 21:10:59,440] {processor.py:641} INFO - Processing file /home/edinaldo/Documents/previsao_remuneracao/previsao_remuneracao/venv/lib/python3.10/site-packages/airflow/example_dags/example_branch_labels.py for tasks to queue
[2023-04-05 21:10:59,442] {logging_mixin.py:115} INFO - [2023-04-05 21:10:59,442] {dagbag.py:507} INFO - Filling up the DagBag from /home/edinaldo/Documents/previsao_remuneracao/previsao_remuneracao/venv/lib/python3.10/site-packages/airflow/example_dags/example_branch_labels.py
[2023-04-05 21:10:59,468] {processor.py:651} INFO - DAG(s) dict_keys(['example_branch_labels']) retrieved from /home/edinaldo/Documents/previsao_remuneracao/previsao_remuneracao/venv/lib/python3.10/site-packages/airflow/example_dags/example_branch_labels.py
[2023-04-05 21:10:59,495] {logging_mixin.py:115} INFO - [2023-04-05 21:10:59,495] {dag.py:2379} INFO - Sync 1 DAGs
[2023-04-05 21:10:59,531] {logging_mixin.py:115} INFO - [2023-04-05 21:10:59,530] {dag.py:2927} INFO - Setting next_dagrun for example_branch_labels to 2023-04-05T00:00:00+00:00, run_after=2023-04-06T00:00:00+00:00
[2023-04-05 21:10:59,649] {processor.py:161} INFO - Processing /home/edinaldo/Documents/previsao_remuneracao/previsao_remuneracao/venv/lib/python3.10/site-packages/airflow/example_dags/example_branch_labels.py took 0.220 seconds
[2023-04-05 21:11:40,032] {processor.py:153} INFO - Started process (PID=53179) to work on /home/edinaldo/Documents/previsao_remuneracao/previsao_remuneracao/venv/lib/python3.10/site-packages/airflow/example_dags/example_branch_labels.py
[2023-04-05 21:11:40,034] {processor.py:641} INFO - Processing file /home/edinaldo/Documents/previsao_remuneracao/previsao_remuneracao/venv/lib/python3.10/site-packages/airflow/example_dags/example_branch_labels.py for tasks to queue
[2023-04-05 21:11:40,035] {logging_mixin.py:115} INFO - [2023-04-05 21:11:40,035] {dagbag.py:507} INFO - Filling up the DagBag from /home/edinaldo/Documents/previsao_remuneracao/previsao_remuneracao/venv/lib/python3.10/site-packages/airflow/example_dags/example_branch_labels.py
[2023-04-05 21:11:40,056] {processor.py:651} INFO - DAG(s) dict_keys(['example_branch_labels']) retrieved from /home/edinaldo/Documents/previsao_remuneracao/previsao_remuneracao/venv/lib/python3.10/site-packages/airflow/example_dags/example_branch_labels.py
[2023-04-05 21:11:40,102] {logging_mixin.py:115} INFO - [2023-04-05 21:11:40,102] {dag.py:2379} INFO - Sync 1 DAGs
[2023-04-05 21:11:40,126] {logging_mixin.py:115} INFO - [2023-04-05 21:11:40,126] {dag.py:2927} INFO - Setting next_dagrun for example_branch_labels to 2023-04-05T00:00:00+00:00, run_after=2023-04-06T00:00:00+00:00
[2023-04-05 21:11:40,210] {processor.py:161} INFO - Processing /home/edinaldo/Documents/previsao_remuneracao/previsao_remuneracao/venv/lib/python3.10/site-packages/airflow/example_dags/example_branch_labels.py took 0.188 seconds
[2023-04-05 21:12:21,803] {processor.py:153} INFO - Started process (PID=53274) to work on /home/edinaldo/Documents/previsao_remuneracao/previsao_remuneracao/venv/lib/python3.10/site-packages/airflow/example_dags/example_branch_labels.py
[2023-04-05 21:12:21,809] {processor.py:641} INFO - Processing file /home/edinaldo/Documents/previsao_remuneracao/previsao_remuneracao/venv/lib/python3.10/site-packages/airflow/example_dags/example_branch_labels.py for tasks to queue
[2023-04-05 21:12:21,811] {logging_mixin.py:115} INFO - [2023-04-05 21:12:21,811] {dagbag.py:507} INFO - Filling up the DagBag from /home/edinaldo/Documents/previsao_remuneracao/previsao_remuneracao/venv/lib/python3.10/site-packages/airflow/example_dags/example_branch_labels.py
[2023-04-05 21:12:21,834] {processor.py:651} INFO - DAG(s) dict_keys(['example_branch_labels']) retrieved from /home/edinaldo/Documents/previsao_remuneracao/previsao_remuneracao/venv/lib/python3.10/site-packages/airflow/example_dags/example_branch_labels.py
[2023-04-05 21:12:21,866] {logging_mixin.py:115} INFO - [2023-04-05 21:12:21,866] {dag.py:2379} INFO - Sync 1 DAGs
[2023-04-05 21:12:21,891] {logging_mixin.py:115} INFO - [2023-04-05 21:12:21,891] {dag.py:2927} INFO - Setting next_dagrun for example_branch_labels to 2023-04-05T00:00:00+00:00, run_after=2023-04-06T00:00:00+00:00
[2023-04-05 21:12:22,114] {processor.py:161} INFO - Processing /home/edinaldo/Documents/previsao_remuneracao/previsao_remuneracao/venv/lib/python3.10/site-packages/airflow/example_dags/example_branch_labels.py took 0.321 seconds
[2023-04-05 21:13:13,226] {processor.py:153} INFO - Started process (PID=53410) to work on /home/edinaldo/Documents/previsao_remuneracao/previsao_remuneracao/venv/lib/python3.10/site-packages/airflow/example_dags/example_branch_labels.py
[2023-04-05 21:13:13,240] {processor.py:641} INFO - Processing file /home/edinaldo/Documents/previsao_remuneracao/previsao_remuneracao/venv/lib/python3.10/site-packages/airflow/example_dags/example_branch_labels.py for tasks to queue
[2023-04-05 21:13:13,242] {logging_mixin.py:115} INFO - [2023-04-05 21:13:13,241] {dagbag.py:507} INFO - Filling up the DagBag from /home/edinaldo/Documents/previsao_remuneracao/previsao_remuneracao/venv/lib/python3.10/site-packages/airflow/example_dags/example_branch_labels.py
[2023-04-05 21:13:13,268] {processor.py:651} INFO - DAG(s) dict_keys(['example_branch_labels']) retrieved from /home/edinaldo/Documents/previsao_remuneracao/previsao_remuneracao/venv/lib/python3.10/site-packages/airflow/example_dags/example_branch_labels.py
[2023-04-05 21:13:13,302] {logging_mixin.py:115} INFO - [2023-04-05 21:13:13,302] {dag.py:2379} INFO - Sync 1 DAGs
[2023-04-05 21:13:13,333] {logging_mixin.py:115} INFO - [2023-04-05 21:13:13,333] {dag.py:2927} INFO - Setting next_dagrun for example_branch_labels to 2023-04-05T00:00:00+00:00, run_after=2023-04-06T00:00:00+00:00
[2023-04-05 21:13:13,415] {processor.py:161} INFO - Processing /home/edinaldo/Documents/previsao_remuneracao/previsao_remuneracao/venv/lib/python3.10/site-packages/airflow/example_dags/example_branch_labels.py took 0.195 seconds
[2023-04-05 21:13:52,433] {processor.py:153} INFO - Started process (PID=53458) to work on /home/edinaldo/Documents/previsao_remuneracao/previsao_remuneracao/venv/lib/python3.10/site-packages/airflow/example_dags/example_branch_labels.py
[2023-04-05 21:13:52,445] {processor.py:641} INFO - Processing file /home/edinaldo/Documents/previsao_remuneracao/previsao_remuneracao/venv/lib/python3.10/site-packages/airflow/example_dags/example_branch_labels.py for tasks to queue
[2023-04-05 21:13:52,445] {logging_mixin.py:115} INFO - [2023-04-05 21:13:52,445] {dagbag.py:507} INFO - Filling up the DagBag from /home/edinaldo/Documents/previsao_remuneracao/previsao_remuneracao/venv/lib/python3.10/site-packages/airflow/example_dags/example_branch_labels.py
[2023-04-05 21:13:52,453] {processor.py:651} INFO - DAG(s) dict_keys(['example_branch_labels']) retrieved from /home/edinaldo/Documents/previsao_remuneracao/previsao_remuneracao/venv/lib/python3.10/site-packages/airflow/example_dags/example_branch_labels.py
[2023-04-05 21:13:52,471] {logging_mixin.py:115} INFO - [2023-04-05 21:13:52,470] {dag.py:2379} INFO - Sync 1 DAGs
[2023-04-05 21:13:52,491] {logging_mixin.py:115} INFO - [2023-04-05 21:13:52,491] {dag.py:2927} INFO - Setting next_dagrun for example_branch_labels to 2023-04-05T00:00:00+00:00, run_after=2023-04-06T00:00:00+00:00
[2023-04-05 21:13:52,563] {processor.py:161} INFO - Processing /home/edinaldo/Documents/previsao_remuneracao/previsao_remuneracao/venv/lib/python3.10/site-packages/airflow/example_dags/example_branch_labels.py took 0.133 seconds
[2023-04-05 21:14:31,337] {processor.py:153} INFO - Started process (PID=53495) to work on /home/edinaldo/Documents/previsao_remuneracao/previsao_remuneracao/venv/lib/python3.10/site-packages/airflow/example_dags/example_branch_labels.py
[2023-04-05 21:14:31,356] {processor.py:641} INFO - Processing file /home/edinaldo/Documents/previsao_remuneracao/previsao_remuneracao/venv/lib/python3.10/site-packages/airflow/example_dags/example_branch_labels.py for tasks to queue
[2023-04-05 21:14:31,359] {logging_mixin.py:115} INFO - [2023-04-05 21:14:31,358] {dagbag.py:507} INFO - Filling up the DagBag from /home/edinaldo/Documents/previsao_remuneracao/previsao_remuneracao/venv/lib/python3.10/site-packages/airflow/example_dags/example_branch_labels.py
[2023-04-05 21:14:31,381] {processor.py:651} INFO - DAG(s) dict_keys(['example_branch_labels']) retrieved from /home/edinaldo/Documents/previsao_remuneracao/previsao_remuneracao/venv/lib/python3.10/site-packages/airflow/example_dags/example_branch_labels.py
[2023-04-05 21:14:31,410] {logging_mixin.py:115} INFO - [2023-04-05 21:14:31,410] {dag.py:2379} INFO - Sync 1 DAGs
[2023-04-05 21:14:31,442] {logging_mixin.py:115} INFO - [2023-04-05 21:14:31,442] {dag.py:2927} INFO - Setting next_dagrun for example_branch_labels to 2023-04-05T00:00:00+00:00, run_after=2023-04-06T00:00:00+00:00
[2023-04-05 21:14:31,558] {processor.py:161} INFO - Processing /home/edinaldo/Documents/previsao_remuneracao/previsao_remuneracao/venv/lib/python3.10/site-packages/airflow/example_dags/example_branch_labels.py took 0.235 seconds
[2023-04-05 21:15:12,392] {processor.py:153} INFO - Started process (PID=53534) to work on /home/edinaldo/Documents/previsao_remuneracao/previsao_remuneracao/venv/lib/python3.10/site-packages/airflow/example_dags/example_branch_labels.py
[2023-04-05 21:15:12,402] {processor.py:641} INFO - Processing file /home/edinaldo/Documents/previsao_remuneracao/previsao_remuneracao/venv/lib/python3.10/site-packages/airflow/example_dags/example_branch_labels.py for tasks to queue
[2023-04-05 21:15:12,403] {logging_mixin.py:115} INFO - [2023-04-05 21:15:12,403] {dagbag.py:507} INFO - Filling up the DagBag from /home/edinaldo/Documents/previsao_remuneracao/previsao_remuneracao/venv/lib/python3.10/site-packages/airflow/example_dags/example_branch_labels.py
[2023-04-05 21:15:12,420] {processor.py:651} INFO - DAG(s) dict_keys(['example_branch_labels']) retrieved from /home/edinaldo/Documents/previsao_remuneracao/previsao_remuneracao/venv/lib/python3.10/site-packages/airflow/example_dags/example_branch_labels.py
[2023-04-05 21:15:12,440] {logging_mixin.py:115} INFO - [2023-04-05 21:15:12,440] {dag.py:2379} INFO - Sync 1 DAGs
[2023-04-05 21:15:12,462] {logging_mixin.py:115} INFO - [2023-04-05 21:15:12,462] {dag.py:2927} INFO - Setting next_dagrun for example_branch_labels to 2023-04-05T00:00:00+00:00, run_after=2023-04-06T00:00:00+00:00
[2023-04-05 21:15:12,541] {processor.py:161} INFO - Processing /home/edinaldo/Documents/previsao_remuneracao/previsao_remuneracao/venv/lib/python3.10/site-packages/airflow/example_dags/example_branch_labels.py took 0.159 seconds
[2023-04-05 21:15:53,660] {processor.py:153} INFO - Started process (PID=53606) to work on /home/edinaldo/Documents/previsao_remuneracao/previsao_remuneracao/venv/lib/python3.10/site-packages/airflow/example_dags/example_branch_labels.py
[2023-04-05 21:15:53,669] {processor.py:641} INFO - Processing file /home/edinaldo/Documents/previsao_remuneracao/previsao_remuneracao/venv/lib/python3.10/site-packages/airflow/example_dags/example_branch_labels.py for tasks to queue
[2023-04-05 21:15:53,670] {logging_mixin.py:115} INFO - [2023-04-05 21:15:53,670] {dagbag.py:507} INFO - Filling up the DagBag from /home/edinaldo/Documents/previsao_remuneracao/previsao_remuneracao/venv/lib/python3.10/site-packages/airflow/example_dags/example_branch_labels.py
[2023-04-05 21:15:53,679] {processor.py:651} INFO - DAG(s) dict_keys(['example_branch_labels']) retrieved from /home/edinaldo/Documents/previsao_remuneracao/previsao_remuneracao/venv/lib/python3.10/site-packages/airflow/example_dags/example_branch_labels.py
[2023-04-05 21:15:53,698] {logging_mixin.py:115} INFO - [2023-04-05 21:15:53,698] {dag.py:2379} INFO - Sync 1 DAGs
[2023-04-05 21:15:53,718] {logging_mixin.py:115} INFO - [2023-04-05 21:15:53,718] {dag.py:2927} INFO - Setting next_dagrun for example_branch_labels to 2023-04-05T00:00:00+00:00, run_after=2023-04-06T00:00:00+00:00
[2023-04-05 21:15:53,802] {processor.py:161} INFO - Processing /home/edinaldo/Documents/previsao_remuneracao/previsao_remuneracao/venv/lib/python3.10/site-packages/airflow/example_dags/example_branch_labels.py took 0.145 seconds
[2023-04-05 21:16:30,598] {processor.py:153} INFO - Started process (PID=53640) to work on /home/edinaldo/Documents/previsao_remuneracao/previsao_remuneracao/venv/lib/python3.10/site-packages/airflow/example_dags/example_branch_labels.py
[2023-04-05 21:16:30,599] {processor.py:641} INFO - Processing file /home/edinaldo/Documents/previsao_remuneracao/previsao_remuneracao/venv/lib/python3.10/site-packages/airflow/example_dags/example_branch_labels.py for tasks to queue
[2023-04-05 21:16:30,599] {logging_mixin.py:115} INFO - [2023-04-05 21:16:30,599] {dagbag.py:507} INFO - Filling up the DagBag from /home/edinaldo/Documents/previsao_remuneracao/previsao_remuneracao/venv/lib/python3.10/site-packages/airflow/example_dags/example_branch_labels.py
[2023-04-05 21:16:30,607] {processor.py:651} INFO - DAG(s) dict_keys(['example_branch_labels']) retrieved from /home/edinaldo/Documents/previsao_remuneracao/previsao_remuneracao/venv/lib/python3.10/site-packages/airflow/example_dags/example_branch_labels.py
[2023-04-05 21:16:30,625] {logging_mixin.py:115} INFO - [2023-04-05 21:16:30,624] {dag.py:2379} INFO - Sync 1 DAGs
[2023-04-05 21:16:30,645] {logging_mixin.py:115} INFO - [2023-04-05 21:16:30,645] {dag.py:2927} INFO - Setting next_dagrun for example_branch_labels to 2023-04-05T00:00:00+00:00, run_after=2023-04-06T00:00:00+00:00
[2023-04-05 21:16:30,732] {processor.py:161} INFO - Processing /home/edinaldo/Documents/previsao_remuneracao/previsao_remuneracao/venv/lib/python3.10/site-packages/airflow/example_dags/example_branch_labels.py took 0.137 seconds
[2023-04-05 21:17:15,099] {processor.py:153} INFO - Started process (PID=53710) to work on /home/edinaldo/Documents/previsao_remuneracao/previsao_remuneracao/venv/lib/python3.10/site-packages/airflow/example_dags/example_branch_labels.py
[2023-04-05 21:17:15,099] {processor.py:641} INFO - Processing file /home/edinaldo/Documents/previsao_remuneracao/previsao_remuneracao/venv/lib/python3.10/site-packages/airflow/example_dags/example_branch_labels.py for tasks to queue
[2023-04-05 21:17:15,100] {logging_mixin.py:115} INFO - [2023-04-05 21:17:15,100] {dagbag.py:507} INFO - Filling up the DagBag from /home/edinaldo/Documents/previsao_remuneracao/previsao_remuneracao/venv/lib/python3.10/site-packages/airflow/example_dags/example_branch_labels.py
[2023-04-05 21:17:15,107] {processor.py:651} INFO - DAG(s) dict_keys(['example_branch_labels']) retrieved from /home/edinaldo/Documents/previsao_remuneracao/previsao_remuneracao/venv/lib/python3.10/site-packages/airflow/example_dags/example_branch_labels.py
[2023-04-05 21:17:15,125] {logging_mixin.py:115} INFO - [2023-04-05 21:17:15,125] {dag.py:2379} INFO - Sync 1 DAGs
[2023-04-05 21:17:15,145] {logging_mixin.py:115} INFO - [2023-04-05 21:17:15,145] {dag.py:2927} INFO - Setting next_dagrun for example_branch_labels to 2023-04-05T00:00:00+00:00, run_after=2023-04-06T00:00:00+00:00
[2023-04-05 21:17:15,243] {processor.py:161} INFO - Processing /home/edinaldo/Documents/previsao_remuneracao/previsao_remuneracao/venv/lib/python3.10/site-packages/airflow/example_dags/example_branch_labels.py took 0.147 seconds
[2023-04-05 21:17:54,618] {processor.py:153} INFO - Started process (PID=53750) to work on /home/edinaldo/Documents/previsao_remuneracao/previsao_remuneracao/venv/lib/python3.10/site-packages/airflow/example_dags/example_branch_labels.py
[2023-04-05 21:17:54,619] {processor.py:641} INFO - Processing file /home/edinaldo/Documents/previsao_remuneracao/previsao_remuneracao/venv/lib/python3.10/site-packages/airflow/example_dags/example_branch_labels.py for tasks to queue
[2023-04-05 21:17:54,620] {logging_mixin.py:115} INFO - [2023-04-05 21:17:54,620] {dagbag.py:507} INFO - Filling up the DagBag from /home/edinaldo/Documents/previsao_remuneracao/previsao_remuneracao/venv/lib/python3.10/site-packages/airflow/example_dags/example_branch_labels.py
[2023-04-05 21:17:54,630] {processor.py:651} INFO - DAG(s) dict_keys(['example_branch_labels']) retrieved from /home/edinaldo/Documents/previsao_remuneracao/previsao_remuneracao/venv/lib/python3.10/site-packages/airflow/example_dags/example_branch_labels.py
[2023-04-05 21:17:54,652] {logging_mixin.py:115} INFO - [2023-04-05 21:17:54,652] {dag.py:2379} INFO - Sync 1 DAGs
[2023-04-05 21:17:54,673] {logging_mixin.py:115} INFO - [2023-04-05 21:17:54,673] {dag.py:2927} INFO - Setting next_dagrun for example_branch_labels to 2023-04-05T00:00:00+00:00, run_after=2023-04-06T00:00:00+00:00
[2023-04-05 21:17:54,752] {processor.py:161} INFO - Processing /home/edinaldo/Documents/previsao_remuneracao/previsao_remuneracao/venv/lib/python3.10/site-packages/airflow/example_dags/example_branch_labels.py took 0.138 seconds
[2023-04-05 21:18:32,579] {processor.py:153} INFO - Started process (PID=53785) to work on /home/edinaldo/Documents/previsao_remuneracao/previsao_remuneracao/venv/lib/python3.10/site-packages/airflow/example_dags/example_branch_labels.py
[2023-04-05 21:18:32,596] {processor.py:641} INFO - Processing file /home/edinaldo/Documents/previsao_remuneracao/previsao_remuneracao/venv/lib/python3.10/site-packages/airflow/example_dags/example_branch_labels.py for tasks to queue
[2023-04-05 21:18:32,598] {logging_mixin.py:115} INFO - [2023-04-05 21:18:32,598] {dagbag.py:507} INFO - Filling up the DagBag from /home/edinaldo/Documents/previsao_remuneracao/previsao_remuneracao/venv/lib/python3.10/site-packages/airflow/example_dags/example_branch_labels.py
[2023-04-05 21:18:32,617] {processor.py:651} INFO - DAG(s) dict_keys(['example_branch_labels']) retrieved from /home/edinaldo/Documents/previsao_remuneracao/previsao_remuneracao/venv/lib/python3.10/site-packages/airflow/example_dags/example_branch_labels.py
[2023-04-05 21:18:32,638] {logging_mixin.py:115} INFO - [2023-04-05 21:18:32,637] {dag.py:2379} INFO - Sync 1 DAGs
[2023-04-05 21:18:32,658] {logging_mixin.py:115} INFO - [2023-04-05 21:18:32,658] {dag.py:2927} INFO - Setting next_dagrun for example_branch_labels to 2023-04-05T00:00:00+00:00, run_after=2023-04-06T00:00:00+00:00
[2023-04-05 21:18:32,744] {processor.py:161} INFO - Processing /home/edinaldo/Documents/previsao_remuneracao/previsao_remuneracao/venv/lib/python3.10/site-packages/airflow/example_dags/example_branch_labels.py took 0.175 seconds
[2023-04-05 21:19:10,839] {processor.py:153} INFO - Started process (PID=53826) to work on /home/edinaldo/Documents/previsao_remuneracao/previsao_remuneracao/venv/lib/python3.10/site-packages/airflow/example_dags/example_branch_labels.py
[2023-04-05 21:19:10,840] {processor.py:641} INFO - Processing file /home/edinaldo/Documents/previsao_remuneracao/previsao_remuneracao/venv/lib/python3.10/site-packages/airflow/example_dags/example_branch_labels.py for tasks to queue
[2023-04-05 21:19:10,840] {logging_mixin.py:115} INFO - [2023-04-05 21:19:10,840] {dagbag.py:507} INFO - Filling up the DagBag from /home/edinaldo/Documents/previsao_remuneracao/previsao_remuneracao/venv/lib/python3.10/site-packages/airflow/example_dags/example_branch_labels.py
[2023-04-05 21:19:10,847] {processor.py:651} INFO - DAG(s) dict_keys(['example_branch_labels']) retrieved from /home/edinaldo/Documents/previsao_remuneracao/previsao_remuneracao/venv/lib/python3.10/site-packages/airflow/example_dags/example_branch_labels.py
[2023-04-05 21:19:10,865] {logging_mixin.py:115} INFO - [2023-04-05 21:19:10,865] {dag.py:2379} INFO - Sync 1 DAGs
[2023-04-05 21:19:10,886] {logging_mixin.py:115} INFO - [2023-04-05 21:19:10,885] {dag.py:2927} INFO - Setting next_dagrun for example_branch_labels to 2023-04-05T00:00:00+00:00, run_after=2023-04-06T00:00:00+00:00
[2023-04-05 21:19:10,970] {processor.py:161} INFO - Processing /home/edinaldo/Documents/previsao_remuneracao/previsao_remuneracao/venv/lib/python3.10/site-packages/airflow/example_dags/example_branch_labels.py took 0.135 seconds
[2023-04-05 21:19:52,061] {processor.py:153} INFO - Started process (PID=53872) to work on /home/edinaldo/Documents/previsao_remuneracao/previsao_remuneracao/venv/lib/python3.10/site-packages/airflow/example_dags/example_branch_labels.py
[2023-04-05 21:19:52,067] {processor.py:641} INFO - Processing file /home/edinaldo/Documents/previsao_remuneracao/previsao_remuneracao/venv/lib/python3.10/site-packages/airflow/example_dags/example_branch_labels.py for tasks to queue
[2023-04-05 21:19:52,068] {logging_mixin.py:115} INFO - [2023-04-05 21:19:52,068] {dagbag.py:507} INFO - Filling up the DagBag from /home/edinaldo/Documents/previsao_remuneracao/previsao_remuneracao/venv/lib/python3.10/site-packages/airflow/example_dags/example_branch_labels.py
[2023-04-05 21:19:52,077] {processor.py:651} INFO - DAG(s) dict_keys(['example_branch_labels']) retrieved from /home/edinaldo/Documents/previsao_remuneracao/previsao_remuneracao/venv/lib/python3.10/site-packages/airflow/example_dags/example_branch_labels.py
[2023-04-05 21:19:52,099] {logging_mixin.py:115} INFO - [2023-04-05 21:19:52,099] {dag.py:2379} INFO - Sync 1 DAGs
[2023-04-05 21:19:52,120] {logging_mixin.py:115} INFO - [2023-04-05 21:19:52,119] {dag.py:2927} INFO - Setting next_dagrun for example_branch_labels to 2023-04-05T00:00:00+00:00, run_after=2023-04-06T00:00:00+00:00
[2023-04-05 21:19:52,206] {processor.py:161} INFO - Processing /home/edinaldo/Documents/previsao_remuneracao/previsao_remuneracao/venv/lib/python3.10/site-packages/airflow/example_dags/example_branch_labels.py took 0.149 seconds
[2023-04-05 21:20:34,155] {processor.py:153} INFO - Started process (PID=53912) to work on /home/edinaldo/Documents/previsao_remuneracao/previsao_remuneracao/venv/lib/python3.10/site-packages/airflow/example_dags/example_branch_labels.py
[2023-04-05 21:20:34,164] {processor.py:641} INFO - Processing file /home/edinaldo/Documents/previsao_remuneracao/previsao_remuneracao/venv/lib/python3.10/site-packages/airflow/example_dags/example_branch_labels.py for tasks to queue
[2023-04-05 21:20:34,165] {logging_mixin.py:115} INFO - [2023-04-05 21:20:34,165] {dagbag.py:507} INFO - Filling up the DagBag from /home/edinaldo/Documents/previsao_remuneracao/previsao_remuneracao/venv/lib/python3.10/site-packages/airflow/example_dags/example_branch_labels.py
[2023-04-05 21:20:34,173] {processor.py:651} INFO - DAG(s) dict_keys(['example_branch_labels']) retrieved from /home/edinaldo/Documents/previsao_remuneracao/previsao_remuneracao/venv/lib/python3.10/site-packages/airflow/example_dags/example_branch_labels.py
[2023-04-05 21:20:34,193] {logging_mixin.py:115} INFO - [2023-04-05 21:20:34,193] {dag.py:2379} INFO - Sync 1 DAGs
[2023-04-05 21:20:34,214] {logging_mixin.py:115} INFO - [2023-04-05 21:20:34,213] {dag.py:2927} INFO - Setting next_dagrun for example_branch_labels to 2023-04-05T00:00:00+00:00, run_after=2023-04-06T00:00:00+00:00
[2023-04-05 21:20:34,290] {processor.py:161} INFO - Processing /home/edinaldo/Documents/previsao_remuneracao/previsao_remuneracao/venv/lib/python3.10/site-packages/airflow/example_dags/example_branch_labels.py took 0.138 seconds
[2023-04-05 21:21:17,376] {processor.py:153} INFO - Started process (PID=53972) to work on /home/edinaldo/Documents/previsao_remuneracao/previsao_remuneracao/venv/lib/python3.10/site-packages/airflow/example_dags/example_branch_labels.py
[2023-04-05 21:21:17,393] {processor.py:641} INFO - Processing file /home/edinaldo/Documents/previsao_remuneracao/previsao_remuneracao/venv/lib/python3.10/site-packages/airflow/example_dags/example_branch_labels.py for tasks to queue
[2023-04-05 21:21:17,395] {logging_mixin.py:115} INFO - [2023-04-05 21:21:17,394] {dagbag.py:507} INFO - Filling up the DagBag from /home/edinaldo/Documents/previsao_remuneracao/previsao_remuneracao/venv/lib/python3.10/site-packages/airflow/example_dags/example_branch_labels.py
[2023-04-05 21:21:17,416] {processor.py:651} INFO - DAG(s) dict_keys(['example_branch_labels']) retrieved from /home/edinaldo/Documents/previsao_remuneracao/previsao_remuneracao/venv/lib/python3.10/site-packages/airflow/example_dags/example_branch_labels.py
[2023-04-05 21:21:17,478] {logging_mixin.py:115} INFO - [2023-04-05 21:21:17,478] {dag.py:2379} INFO - Sync 1 DAGs
[2023-04-05 21:21:17,498] {logging_mixin.py:115} INFO - [2023-04-05 21:21:17,498] {dag.py:2927} INFO - Setting next_dagrun for example_branch_labels to 2023-04-05T00:00:00+00:00, run_after=2023-04-06T00:00:00+00:00
[2023-04-05 21:21:17,590] {processor.py:161} INFO - Processing /home/edinaldo/Documents/previsao_remuneracao/previsao_remuneracao/venv/lib/python3.10/site-packages/airflow/example_dags/example_branch_labels.py took 0.217 seconds
[2023-04-05 21:22:00,151] {processor.py:153} INFO - Started process (PID=54036) to work on /home/edinaldo/Documents/previsao_remuneracao/previsao_remuneracao/venv/lib/python3.10/site-packages/airflow/example_dags/example_branch_labels.py
[2023-04-05 21:22:00,167] {processor.py:641} INFO - Processing file /home/edinaldo/Documents/previsao_remuneracao/previsao_remuneracao/venv/lib/python3.10/site-packages/airflow/example_dags/example_branch_labels.py for tasks to queue
[2023-04-05 21:22:00,168] {logging_mixin.py:115} INFO - [2023-04-05 21:22:00,167] {dagbag.py:507} INFO - Filling up the DagBag from /home/edinaldo/Documents/previsao_remuneracao/previsao_remuneracao/venv/lib/python3.10/site-packages/airflow/example_dags/example_branch_labels.py
[2023-04-05 21:22:00,176] {processor.py:651} INFO - DAG(s) dict_keys(['example_branch_labels']) retrieved from /home/edinaldo/Documents/previsao_remuneracao/previsao_remuneracao/venv/lib/python3.10/site-packages/airflow/example_dags/example_branch_labels.py
[2023-04-05 21:22:00,194] {logging_mixin.py:115} INFO - [2023-04-05 21:22:00,194] {dag.py:2379} INFO - Sync 1 DAGs
[2023-04-05 21:22:00,214] {logging_mixin.py:115} INFO - [2023-04-05 21:22:00,214] {dag.py:2927} INFO - Setting next_dagrun for example_branch_labels to 2023-04-05T00:00:00+00:00, run_after=2023-04-06T00:00:00+00:00
[2023-04-05 21:22:00,295] {processor.py:161} INFO - Processing /home/edinaldo/Documents/previsao_remuneracao/previsao_remuneracao/venv/lib/python3.10/site-packages/airflow/example_dags/example_branch_labels.py took 0.147 seconds
[2023-04-05 21:22:38,085] {processor.py:153} INFO - Started process (PID=54080) to work on /home/edinaldo/Documents/previsao_remuneracao/previsao_remuneracao/venv/lib/python3.10/site-packages/airflow/example_dags/example_branch_labels.py
[2023-04-05 21:22:38,094] {processor.py:641} INFO - Processing file /home/edinaldo/Documents/previsao_remuneracao/previsao_remuneracao/venv/lib/python3.10/site-packages/airflow/example_dags/example_branch_labels.py for tasks to queue
[2023-04-05 21:22:38,096] {logging_mixin.py:115} INFO - [2023-04-05 21:22:38,096] {dagbag.py:507} INFO - Filling up the DagBag from /home/edinaldo/Documents/previsao_remuneracao/previsao_remuneracao/venv/lib/python3.10/site-packages/airflow/example_dags/example_branch_labels.py
[2023-04-05 21:22:38,117] {processor.py:651} INFO - DAG(s) dict_keys(['example_branch_labels']) retrieved from /home/edinaldo/Documents/previsao_remuneracao/previsao_remuneracao/venv/lib/python3.10/site-packages/airflow/example_dags/example_branch_labels.py
[2023-04-05 21:22:38,139] {logging_mixin.py:115} INFO - [2023-04-05 21:22:38,139] {dag.py:2379} INFO - Sync 1 DAGs
[2023-04-05 21:22:38,160] {logging_mixin.py:115} INFO - [2023-04-05 21:22:38,160] {dag.py:2927} INFO - Setting next_dagrun for example_branch_labels to 2023-04-05T00:00:00+00:00, run_after=2023-04-06T00:00:00+00:00
[2023-04-05 21:22:38,237] {processor.py:161} INFO - Processing /home/edinaldo/Documents/previsao_remuneracao/previsao_remuneracao/venv/lib/python3.10/site-packages/airflow/example_dags/example_branch_labels.py took 0.157 seconds
[2023-04-05 21:23:16,137] {processor.py:153} INFO - Started process (PID=54122) to work on /home/edinaldo/Documents/previsao_remuneracao/previsao_remuneracao/venv/lib/python3.10/site-packages/airflow/example_dags/example_branch_labels.py
[2023-04-05 21:23:16,152] {processor.py:641} INFO - Processing file /home/edinaldo/Documents/previsao_remuneracao/previsao_remuneracao/venv/lib/python3.10/site-packages/airflow/example_dags/example_branch_labels.py for tasks to queue
[2023-04-05 21:23:16,154] {logging_mixin.py:115} INFO - [2023-04-05 21:23:16,153] {dagbag.py:507} INFO - Filling up the DagBag from /home/edinaldo/Documents/previsao_remuneracao/previsao_remuneracao/venv/lib/python3.10/site-packages/airflow/example_dags/example_branch_labels.py
[2023-04-05 21:23:16,167] {processor.py:651} INFO - DAG(s) dict_keys(['example_branch_labels']) retrieved from /home/edinaldo/Documents/previsao_remuneracao/previsao_remuneracao/venv/lib/python3.10/site-packages/airflow/example_dags/example_branch_labels.py
[2023-04-05 21:23:16,187] {logging_mixin.py:115} INFO - [2023-04-05 21:23:16,187] {dag.py:2379} INFO - Sync 1 DAGs
[2023-04-05 21:23:16,209] {logging_mixin.py:115} INFO - [2023-04-05 21:23:16,208] {dag.py:2927} INFO - Setting next_dagrun for example_branch_labels to 2023-04-05T00:00:00+00:00, run_after=2023-04-06T00:00:00+00:00
[2023-04-05 21:23:16,312] {processor.py:161} INFO - Processing /home/edinaldo/Documents/previsao_remuneracao/previsao_remuneracao/venv/lib/python3.10/site-packages/airflow/example_dags/example_branch_labels.py took 0.184 seconds
[2023-04-05 21:23:57,204] {processor.py:153} INFO - Started process (PID=54168) to work on /home/edinaldo/Documents/previsao_remuneracao/previsao_remuneracao/venv/lib/python3.10/site-packages/airflow/example_dags/example_branch_labels.py
[2023-04-05 21:23:57,213] {processor.py:641} INFO - Processing file /home/edinaldo/Documents/previsao_remuneracao/previsao_remuneracao/venv/lib/python3.10/site-packages/airflow/example_dags/example_branch_labels.py for tasks to queue
[2023-04-05 21:23:57,214] {logging_mixin.py:115} INFO - [2023-04-05 21:23:57,214] {dagbag.py:507} INFO - Filling up the DagBag from /home/edinaldo/Documents/previsao_remuneracao/previsao_remuneracao/venv/lib/python3.10/site-packages/airflow/example_dags/example_branch_labels.py
[2023-04-05 21:23:57,222] {processor.py:651} INFO - DAG(s) dict_keys(['example_branch_labels']) retrieved from /home/edinaldo/Documents/previsao_remuneracao/previsao_remuneracao/venv/lib/python3.10/site-packages/airflow/example_dags/example_branch_labels.py
[2023-04-05 21:23:57,241] {logging_mixin.py:115} INFO - [2023-04-05 21:23:57,241] {dag.py:2379} INFO - Sync 1 DAGs
[2023-04-05 21:23:57,261] {logging_mixin.py:115} INFO - [2023-04-05 21:23:57,261] {dag.py:2927} INFO - Setting next_dagrun for example_branch_labels to 2023-04-05T00:00:00+00:00, run_after=2023-04-06T00:00:00+00:00
[2023-04-05 21:23:57,351] {processor.py:161} INFO - Processing /home/edinaldo/Documents/previsao_remuneracao/previsao_remuneracao/venv/lib/python3.10/site-packages/airflow/example_dags/example_branch_labels.py took 0.150 seconds
[2023-04-05 21:24:37,570] {processor.py:153} INFO - Started process (PID=54318) to work on /home/edinaldo/Documents/previsao_remuneracao/previsao_remuneracao/venv/lib/python3.10/site-packages/airflow/example_dags/example_branch_labels.py
[2023-04-05 21:24:37,586] {processor.py:641} INFO - Processing file /home/edinaldo/Documents/previsao_remuneracao/previsao_remuneracao/venv/lib/python3.10/site-packages/airflow/example_dags/example_branch_labels.py for tasks to queue
[2023-04-05 21:24:37,587] {logging_mixin.py:115} INFO - [2023-04-05 21:24:37,587] {dagbag.py:507} INFO - Filling up the DagBag from /home/edinaldo/Documents/previsao_remuneracao/previsao_remuneracao/venv/lib/python3.10/site-packages/airflow/example_dags/example_branch_labels.py
[2023-04-05 21:24:37,601] {processor.py:651} INFO - DAG(s) dict_keys(['example_branch_labels']) retrieved from /home/edinaldo/Documents/previsao_remuneracao/previsao_remuneracao/venv/lib/python3.10/site-packages/airflow/example_dags/example_branch_labels.py
[2023-04-05 21:24:37,624] {logging_mixin.py:115} INFO - [2023-04-05 21:24:37,624] {dag.py:2379} INFO - Sync 1 DAGs
[2023-04-05 21:24:37,652] {logging_mixin.py:115} INFO - [2023-04-05 21:24:37,651] {dag.py:2927} INFO - Setting next_dagrun for example_branch_labels to 2023-04-05T00:00:00+00:00, run_after=2023-04-06T00:00:00+00:00
[2023-04-05 21:24:37,733] {processor.py:161} INFO - Processing /home/edinaldo/Documents/previsao_remuneracao/previsao_remuneracao/venv/lib/python3.10/site-packages/airflow/example_dags/example_branch_labels.py took 0.176 seconds
[2023-04-05 21:25:22,461] {processor.py:153} INFO - Started process (PID=54546) to work on /home/edinaldo/Documents/previsao_remuneracao/previsao_remuneracao/venv/lib/python3.10/site-packages/airflow/example_dags/example_branch_labels.py
[2023-04-05 21:25:22,474] {processor.py:641} INFO - Processing file /home/edinaldo/Documents/previsao_remuneracao/previsao_remuneracao/venv/lib/python3.10/site-packages/airflow/example_dags/example_branch_labels.py for tasks to queue
[2023-04-05 21:25:22,475] {logging_mixin.py:115} INFO - [2023-04-05 21:25:22,475] {dagbag.py:507} INFO - Filling up the DagBag from /home/edinaldo/Documents/previsao_remuneracao/previsao_remuneracao/venv/lib/python3.10/site-packages/airflow/example_dags/example_branch_labels.py
[2023-04-05 21:25:22,486] {processor.py:651} INFO - DAG(s) dict_keys(['example_branch_labels']) retrieved from /home/edinaldo/Documents/previsao_remuneracao/previsao_remuneracao/venv/lib/python3.10/site-packages/airflow/example_dags/example_branch_labels.py
[2023-04-05 21:25:22,510] {logging_mixin.py:115} INFO - [2023-04-05 21:25:22,510] {dag.py:2379} INFO - Sync 1 DAGs
[2023-04-05 21:25:22,530] {logging_mixin.py:115} INFO - [2023-04-05 21:25:22,530] {dag.py:2927} INFO - Setting next_dagrun for example_branch_labels to 2023-04-05T00:00:00+00:00, run_after=2023-04-06T00:00:00+00:00
[2023-04-05 21:25:22,607] {processor.py:161} INFO - Processing /home/edinaldo/Documents/previsao_remuneracao/previsao_remuneracao/venv/lib/python3.10/site-packages/airflow/example_dags/example_branch_labels.py took 0.150 seconds
[2023-04-05 21:26:02,357] {processor.py:153} INFO - Started process (PID=54793) to work on /home/edinaldo/Documents/previsao_remuneracao/previsao_remuneracao/venv/lib/python3.10/site-packages/airflow/example_dags/example_branch_labels.py
[2023-04-05 21:26:02,359] {processor.py:641} INFO - Processing file /home/edinaldo/Documents/previsao_remuneracao/previsao_remuneracao/venv/lib/python3.10/site-packages/airflow/example_dags/example_branch_labels.py for tasks to queue
[2023-04-05 21:26:02,361] {logging_mixin.py:115} INFO - [2023-04-05 21:26:02,361] {dagbag.py:507} INFO - Filling up the DagBag from /home/edinaldo/Documents/previsao_remuneracao/previsao_remuneracao/venv/lib/python3.10/site-packages/airflow/example_dags/example_branch_labels.py
[2023-04-05 21:26:02,384] {processor.py:651} INFO - DAG(s) dict_keys(['example_branch_labels']) retrieved from /home/edinaldo/Documents/previsao_remuneracao/previsao_remuneracao/venv/lib/python3.10/site-packages/airflow/example_dags/example_branch_labels.py
[2023-04-05 21:26:02,409] {logging_mixin.py:115} INFO - [2023-04-05 21:26:02,409] {dag.py:2379} INFO - Sync 1 DAGs
[2023-04-05 21:26:02,430] {logging_mixin.py:115} INFO - [2023-04-05 21:26:02,429] {dag.py:2927} INFO - Setting next_dagrun for example_branch_labels to 2023-04-05T00:00:00+00:00, run_after=2023-04-06T00:00:00+00:00
[2023-04-05 21:26:02,509] {processor.py:161} INFO - Processing /home/edinaldo/Documents/previsao_remuneracao/previsao_remuneracao/venv/lib/python3.10/site-packages/airflow/example_dags/example_branch_labels.py took 0.162 seconds
[2023-04-05 21:26:44,718] {processor.py:153} INFO - Started process (PID=55047) to work on /home/edinaldo/Documents/previsao_remuneracao/previsao_remuneracao/venv/lib/python3.10/site-packages/airflow/example_dags/example_branch_labels.py
[2023-04-05 21:26:44,722] {processor.py:641} INFO - Processing file /home/edinaldo/Documents/previsao_remuneracao/previsao_remuneracao/venv/lib/python3.10/site-packages/airflow/example_dags/example_branch_labels.py for tasks to queue
[2023-04-05 21:26:44,724] {logging_mixin.py:115} INFO - [2023-04-05 21:26:44,723] {dagbag.py:507} INFO - Filling up the DagBag from /home/edinaldo/Documents/previsao_remuneracao/previsao_remuneracao/venv/lib/python3.10/site-packages/airflow/example_dags/example_branch_labels.py
[2023-04-05 21:26:44,747] {processor.py:651} INFO - DAG(s) dict_keys(['example_branch_labels']) retrieved from /home/edinaldo/Documents/previsao_remuneracao/previsao_remuneracao/venv/lib/python3.10/site-packages/airflow/example_dags/example_branch_labels.py
[2023-04-05 21:26:44,888] {logging_mixin.py:115} INFO - [2023-04-05 21:26:44,888] {dag.py:2379} INFO - Sync 1 DAGs
[2023-04-05 21:26:44,924] {logging_mixin.py:115} INFO - [2023-04-05 21:26:44,923] {dag.py:2927} INFO - Setting next_dagrun for example_branch_labels to 2023-04-05T00:00:00+00:00, run_after=2023-04-06T00:00:00+00:00
[2023-04-05 21:26:45,034] {processor.py:161} INFO - Processing /home/edinaldo/Documents/previsao_remuneracao/previsao_remuneracao/venv/lib/python3.10/site-packages/airflow/example_dags/example_branch_labels.py took 0.328 seconds
[2023-04-05 21:27:22,193] {processor.py:153} INFO - Started process (PID=55245) to work on /home/edinaldo/Documents/previsao_remuneracao/previsao_remuneracao/venv/lib/python3.10/site-packages/airflow/example_dags/example_branch_labels.py
[2023-04-05 21:27:22,205] {processor.py:641} INFO - Processing file /home/edinaldo/Documents/previsao_remuneracao/previsao_remuneracao/venv/lib/python3.10/site-packages/airflow/example_dags/example_branch_labels.py for tasks to queue
[2023-04-05 21:27:22,207] {logging_mixin.py:115} INFO - [2023-04-05 21:27:22,207] {dagbag.py:507} INFO - Filling up the DagBag from /home/edinaldo/Documents/previsao_remuneracao/previsao_remuneracao/venv/lib/python3.10/site-packages/airflow/example_dags/example_branch_labels.py
[2023-04-05 21:27:22,229] {processor.py:651} INFO - DAG(s) dict_keys(['example_branch_labels']) retrieved from /home/edinaldo/Documents/previsao_remuneracao/previsao_remuneracao/venv/lib/python3.10/site-packages/airflow/example_dags/example_branch_labels.py
[2023-04-05 21:27:22,254] {logging_mixin.py:115} INFO - [2023-04-05 21:27:22,254] {dag.py:2379} INFO - Sync 1 DAGs
[2023-04-05 21:27:22,276] {logging_mixin.py:115} INFO - [2023-04-05 21:27:22,276] {dag.py:2927} INFO - Setting next_dagrun for example_branch_labels to 2023-04-05T00:00:00+00:00, run_after=2023-04-06T00:00:00+00:00
[2023-04-05 21:27:22,363] {processor.py:161} INFO - Processing /home/edinaldo/Documents/previsao_remuneracao/previsao_remuneracao/venv/lib/python3.10/site-packages/airflow/example_dags/example_branch_labels.py took 0.175 seconds
[2023-04-05 21:28:01,535] {processor.py:153} INFO - Started process (PID=55510) to work on /home/edinaldo/Documents/previsao_remuneracao/previsao_remuneracao/venv/lib/python3.10/site-packages/airflow/example_dags/example_branch_labels.py
[2023-04-05 21:28:01,559] {processor.py:641} INFO - Processing file /home/edinaldo/Documents/previsao_remuneracao/previsao_remuneracao/venv/lib/python3.10/site-packages/airflow/example_dags/example_branch_labels.py for tasks to queue
[2023-04-05 21:28:01,560] {logging_mixin.py:115} INFO - [2023-04-05 21:28:01,560] {dagbag.py:507} INFO - Filling up the DagBag from /home/edinaldo/Documents/previsao_remuneracao/previsao_remuneracao/venv/lib/python3.10/site-packages/airflow/example_dags/example_branch_labels.py
[2023-04-05 21:28:01,615] {processor.py:651} INFO - DAG(s) dict_keys(['example_branch_labels']) retrieved from /home/edinaldo/Documents/previsao_remuneracao/previsao_remuneracao/venv/lib/python3.10/site-packages/airflow/example_dags/example_branch_labels.py
[2023-04-05 21:28:01,647] {logging_mixin.py:115} INFO - [2023-04-05 21:28:01,647] {dag.py:2379} INFO - Sync 1 DAGs
[2023-04-05 21:28:01,683] {logging_mixin.py:115} INFO - [2023-04-05 21:28:01,683] {dag.py:2927} INFO - Setting next_dagrun for example_branch_labels to 2023-04-05T00:00:00+00:00, run_after=2023-04-06T00:00:00+00:00
[2023-04-05 21:28:02,205] {processor.py:161} INFO - Processing /home/edinaldo/Documents/previsao_remuneracao/previsao_remuneracao/venv/lib/python3.10/site-packages/airflow/example_dags/example_branch_labels.py took 0.675 seconds
[2023-04-05 21:28:56,762] {processor.py:153} INFO - Started process (PID=55602) to work on /home/edinaldo/Documents/previsao_remuneracao/previsao_remuneracao/venv/lib/python3.10/site-packages/airflow/example_dags/example_branch_labels.py
[2023-04-05 21:28:56,789] {processor.py:641} INFO - Processing file /home/edinaldo/Documents/previsao_remuneracao/previsao_remuneracao/venv/lib/python3.10/site-packages/airflow/example_dags/example_branch_labels.py for tasks to queue
[2023-04-05 21:28:56,790] {logging_mixin.py:115} INFO - [2023-04-05 21:28:56,790] {dagbag.py:507} INFO - Filling up the DagBag from /home/edinaldo/Documents/previsao_remuneracao/previsao_remuneracao/venv/lib/python3.10/site-packages/airflow/example_dags/example_branch_labels.py
[2023-04-05 21:28:56,843] {processor.py:651} INFO - DAG(s) dict_keys(['example_branch_labels']) retrieved from /home/edinaldo/Documents/previsao_remuneracao/previsao_remuneracao/venv/lib/python3.10/site-packages/airflow/example_dags/example_branch_labels.py
[2023-04-05 21:28:56,890] {logging_mixin.py:115} INFO - [2023-04-05 21:28:56,890] {dag.py:2379} INFO - Sync 1 DAGs
[2023-04-05 21:28:56,927] {logging_mixin.py:115} INFO - [2023-04-05 21:28:56,927] {dag.py:2927} INFO - Setting next_dagrun for example_branch_labels to 2023-04-05T00:00:00+00:00, run_after=2023-04-06T00:00:00+00:00
[2023-04-05 21:28:57,007] {processor.py:161} INFO - Processing /home/edinaldo/Documents/previsao_remuneracao/previsao_remuneracao/venv/lib/python3.10/site-packages/airflow/example_dags/example_branch_labels.py took 0.251 seconds
[2023-04-05 21:29:43,956] {processor.py:153} INFO - Started process (PID=55646) to work on /home/edinaldo/Documents/previsao_remuneracao/previsao_remuneracao/venv/lib/python3.10/site-packages/airflow/example_dags/example_branch_labels.py
[2023-04-05 21:29:43,966] {processor.py:641} INFO - Processing file /home/edinaldo/Documents/previsao_remuneracao/previsao_remuneracao/venv/lib/python3.10/site-packages/airflow/example_dags/example_branch_labels.py for tasks to queue
[2023-04-05 21:29:43,969] {logging_mixin.py:115} INFO - [2023-04-05 21:29:43,968] {dagbag.py:507} INFO - Filling up the DagBag from /home/edinaldo/Documents/previsao_remuneracao/previsao_remuneracao/venv/lib/python3.10/site-packages/airflow/example_dags/example_branch_labels.py
[2023-04-05 21:29:43,997] {processor.py:651} INFO - DAG(s) dict_keys(['example_branch_labels']) retrieved from /home/edinaldo/Documents/previsao_remuneracao/previsao_remuneracao/venv/lib/python3.10/site-packages/airflow/example_dags/example_branch_labels.py
[2023-04-05 21:29:44,031] {logging_mixin.py:115} INFO - [2023-04-05 21:29:44,031] {dag.py:2379} INFO - Sync 1 DAGs
[2023-04-05 21:29:44,065] {logging_mixin.py:115} INFO - [2023-04-05 21:29:44,065] {dag.py:2927} INFO - Setting next_dagrun for example_branch_labels to 2023-04-05T00:00:00+00:00, run_after=2023-04-06T00:00:00+00:00
[2023-04-05 21:29:44,152] {processor.py:161} INFO - Processing /home/edinaldo/Documents/previsao_remuneracao/previsao_remuneracao/venv/lib/python3.10/site-packages/airflow/example_dags/example_branch_labels.py took 0.207 seconds
[2023-04-05 21:30:27,837] {processor.py:153} INFO - Started process (PID=55685) to work on /home/edinaldo/Documents/previsao_remuneracao/previsao_remuneracao/venv/lib/python3.10/site-packages/airflow/example_dags/example_branch_labels.py
[2023-04-05 21:30:27,838] {processor.py:641} INFO - Processing file /home/edinaldo/Documents/previsao_remuneracao/previsao_remuneracao/venv/lib/python3.10/site-packages/airflow/example_dags/example_branch_labels.py for tasks to queue
[2023-04-05 21:30:27,839] {logging_mixin.py:115} INFO - [2023-04-05 21:30:27,839] {dagbag.py:507} INFO - Filling up the DagBag from /home/edinaldo/Documents/previsao_remuneracao/previsao_remuneracao/venv/lib/python3.10/site-packages/airflow/example_dags/example_branch_labels.py
[2023-04-05 21:30:27,848] {processor.py:651} INFO - DAG(s) dict_keys(['example_branch_labels']) retrieved from /home/edinaldo/Documents/previsao_remuneracao/previsao_remuneracao/venv/lib/python3.10/site-packages/airflow/example_dags/example_branch_labels.py
[2023-04-05 21:30:27,870] {logging_mixin.py:115} INFO - [2023-04-05 21:30:27,870] {dag.py:2379} INFO - Sync 1 DAGs
[2023-04-05 21:30:27,896] {logging_mixin.py:115} INFO - [2023-04-05 21:30:27,896] {dag.py:2927} INFO - Setting next_dagrun for example_branch_labels to 2023-04-05T00:00:00+00:00, run_after=2023-04-06T00:00:00+00:00
[2023-04-05 21:30:27,977] {processor.py:161} INFO - Processing /home/edinaldo/Documents/previsao_remuneracao/previsao_remuneracao/venv/lib/python3.10/site-packages/airflow/example_dags/example_branch_labels.py took 0.143 seconds
[2023-04-05 21:31:11,301] {processor.py:153} INFO - Started process (PID=55749) to work on /home/edinaldo/Documents/previsao_remuneracao/previsao_remuneracao/venv/lib/python3.10/site-packages/airflow/example_dags/example_branch_labels.py
[2023-04-05 21:31:11,307] {processor.py:641} INFO - Processing file /home/edinaldo/Documents/previsao_remuneracao/previsao_remuneracao/venv/lib/python3.10/site-packages/airflow/example_dags/example_branch_labels.py for tasks to queue
[2023-04-05 21:31:11,308] {logging_mixin.py:115} INFO - [2023-04-05 21:31:11,308] {dagbag.py:507} INFO - Filling up the DagBag from /home/edinaldo/Documents/previsao_remuneracao/previsao_remuneracao/venv/lib/python3.10/site-packages/airflow/example_dags/example_branch_labels.py
[2023-04-05 21:31:11,319] {processor.py:651} INFO - DAG(s) dict_keys(['example_branch_labels']) retrieved from /home/edinaldo/Documents/previsao_remuneracao/previsao_remuneracao/venv/lib/python3.10/site-packages/airflow/example_dags/example_branch_labels.py
[2023-04-05 21:31:11,341] {logging_mixin.py:115} INFO - [2023-04-05 21:31:11,341] {dag.py:2379} INFO - Sync 1 DAGs
[2023-04-05 21:31:11,368] {logging_mixin.py:115} INFO - [2023-04-05 21:31:11,368] {dag.py:2927} INFO - Setting next_dagrun for example_branch_labels to 2023-04-05T00:00:00+00:00, run_after=2023-04-06T00:00:00+00:00
[2023-04-05 21:31:11,478] {processor.py:161} INFO - Processing /home/edinaldo/Documents/previsao_remuneracao/previsao_remuneracao/venv/lib/python3.10/site-packages/airflow/example_dags/example_branch_labels.py took 0.183 seconds
[2023-04-05 21:31:51,539] {processor.py:153} INFO - Started process (PID=55814) to work on /home/edinaldo/Documents/previsao_remuneracao/previsao_remuneracao/venv/lib/python3.10/site-packages/airflow/example_dags/example_branch_labels.py
[2023-04-05 21:31:51,545] {processor.py:641} INFO - Processing file /home/edinaldo/Documents/previsao_remuneracao/previsao_remuneracao/venv/lib/python3.10/site-packages/airflow/example_dags/example_branch_labels.py for tasks to queue
[2023-04-05 21:31:51,546] {logging_mixin.py:115} INFO - [2023-04-05 21:31:51,546] {dagbag.py:507} INFO - Filling up the DagBag from /home/edinaldo/Documents/previsao_remuneracao/previsao_remuneracao/venv/lib/python3.10/site-packages/airflow/example_dags/example_branch_labels.py
[2023-04-05 21:31:51,555] {processor.py:651} INFO - DAG(s) dict_keys(['example_branch_labels']) retrieved from /home/edinaldo/Documents/previsao_remuneracao/previsao_remuneracao/venv/lib/python3.10/site-packages/airflow/example_dags/example_branch_labels.py
[2023-04-05 21:31:51,579] {logging_mixin.py:115} INFO - [2023-04-05 21:31:51,578] {dag.py:2379} INFO - Sync 1 DAGs
[2023-04-05 21:31:51,609] {logging_mixin.py:115} INFO - [2023-04-05 21:31:51,609] {dag.py:2927} INFO - Setting next_dagrun for example_branch_labels to 2023-04-05T00:00:00+00:00, run_after=2023-04-06T00:00:00+00:00
[2023-04-05 21:31:51,721] {processor.py:161} INFO - Processing /home/edinaldo/Documents/previsao_remuneracao/previsao_remuneracao/venv/lib/python3.10/site-packages/airflow/example_dags/example_branch_labels.py took 0.186 seconds
[2023-04-05 21:32:43,919] {processor.py:153} INFO - Started process (PID=56078) to work on /home/edinaldo/Documents/previsao_remuneracao/previsao_remuneracao/venv/lib/python3.10/site-packages/airflow/example_dags/example_branch_labels.py
[2023-04-05 21:32:43,939] {processor.py:641} INFO - Processing file /home/edinaldo/Documents/previsao_remuneracao/previsao_remuneracao/venv/lib/python3.10/site-packages/airflow/example_dags/example_branch_labels.py for tasks to queue
[2023-04-05 21:32:43,940] {logging_mixin.py:115} INFO - [2023-04-05 21:32:43,940] {dagbag.py:507} INFO - Filling up the DagBag from /home/edinaldo/Documents/previsao_remuneracao/previsao_remuneracao/venv/lib/python3.10/site-packages/airflow/example_dags/example_branch_labels.py
[2023-04-05 21:32:44,003] {processor.py:651} INFO - DAG(s) dict_keys(['example_branch_labels']) retrieved from /home/edinaldo/Documents/previsao_remuneracao/previsao_remuneracao/venv/lib/python3.10/site-packages/airflow/example_dags/example_branch_labels.py
[2023-04-05 21:32:44,047] {logging_mixin.py:115} INFO - [2023-04-05 21:32:44,047] {dag.py:2379} INFO - Sync 1 DAGs
[2023-04-05 21:32:44,082] {logging_mixin.py:115} INFO - [2023-04-05 21:32:44,082] {dag.py:2927} INFO - Setting next_dagrun for example_branch_labels to 2023-04-05T00:00:00+00:00, run_after=2023-04-06T00:00:00+00:00
[2023-04-05 21:32:44,327] {processor.py:161} INFO - Processing /home/edinaldo/Documents/previsao_remuneracao/previsao_remuneracao/venv/lib/python3.10/site-packages/airflow/example_dags/example_branch_labels.py took 0.412 seconds
[2023-04-05 21:33:27,823] {processor.py:153} INFO - Started process (PID=56129) to work on /home/edinaldo/Documents/previsao_remuneracao/previsao_remuneracao/venv/lib/python3.10/site-packages/airflow/example_dags/example_branch_labels.py
[2023-04-05 21:33:27,830] {processor.py:641} INFO - Processing file /home/edinaldo/Documents/previsao_remuneracao/previsao_remuneracao/venv/lib/python3.10/site-packages/airflow/example_dags/example_branch_labels.py for tasks to queue
[2023-04-05 21:33:27,831] {logging_mixin.py:115} INFO - [2023-04-05 21:33:27,831] {dagbag.py:507} INFO - Filling up the DagBag from /home/edinaldo/Documents/previsao_remuneracao/previsao_remuneracao/venv/lib/python3.10/site-packages/airflow/example_dags/example_branch_labels.py
[2023-04-05 21:33:27,846] {processor.py:651} INFO - DAG(s) dict_keys(['example_branch_labels']) retrieved from /home/edinaldo/Documents/previsao_remuneracao/previsao_remuneracao/venv/lib/python3.10/site-packages/airflow/example_dags/example_branch_labels.py
[2023-04-05 21:33:27,884] {logging_mixin.py:115} INFO - [2023-04-05 21:33:27,884] {dag.py:2379} INFO - Sync 1 DAGs
[2023-04-05 21:33:28,011] {logging_mixin.py:115} INFO - [2023-04-05 21:33:28,010] {dag.py:2927} INFO - Setting next_dagrun for example_branch_labels to 2023-04-05T00:00:00+00:00, run_after=2023-04-06T00:00:00+00:00
[2023-04-05 21:33:28,098] {processor.py:161} INFO - Processing /home/edinaldo/Documents/previsao_remuneracao/previsao_remuneracao/venv/lib/python3.10/site-packages/airflow/example_dags/example_branch_labels.py took 0.282 seconds
[2023-04-05 21:34:10,866] {processor.py:153} INFO - Started process (PID=56189) to work on /home/edinaldo/Documents/previsao_remuneracao/previsao_remuneracao/venv/lib/python3.10/site-packages/airflow/example_dags/example_branch_labels.py
[2023-04-05 21:34:10,880] {processor.py:641} INFO - Processing file /home/edinaldo/Documents/previsao_remuneracao/previsao_remuneracao/venv/lib/python3.10/site-packages/airflow/example_dags/example_branch_labels.py for tasks to queue
[2023-04-05 21:34:10,882] {logging_mixin.py:115} INFO - [2023-04-05 21:34:10,881] {dagbag.py:507} INFO - Filling up the DagBag from /home/edinaldo/Documents/previsao_remuneracao/previsao_remuneracao/venv/lib/python3.10/site-packages/airflow/example_dags/example_branch_labels.py
[2023-04-05 21:34:10,891] {processor.py:651} INFO - DAG(s) dict_keys(['example_branch_labels']) retrieved from /home/edinaldo/Documents/previsao_remuneracao/previsao_remuneracao/venv/lib/python3.10/site-packages/airflow/example_dags/example_branch_labels.py
[2023-04-05 21:34:10,918] {logging_mixin.py:115} INFO - [2023-04-05 21:34:10,917] {dag.py:2379} INFO - Sync 1 DAGs
[2023-04-05 21:34:10,951] {logging_mixin.py:115} INFO - [2023-04-05 21:34:10,950] {dag.py:2927} INFO - Setting next_dagrun for example_branch_labels to 2023-04-05T00:00:00+00:00, run_after=2023-04-06T00:00:00+00:00
[2023-04-05 21:34:11,059] {processor.py:161} INFO - Processing /home/edinaldo/Documents/previsao_remuneracao/previsao_remuneracao/venv/lib/python3.10/site-packages/airflow/example_dags/example_branch_labels.py took 0.197 seconds
[2023-04-05 21:34:55,073] {processor.py:153} INFO - Started process (PID=56247) to work on /home/edinaldo/Documents/previsao_remuneracao/previsao_remuneracao/venv/lib/python3.10/site-packages/airflow/example_dags/example_branch_labels.py
[2023-04-05 21:34:55,081] {processor.py:641} INFO - Processing file /home/edinaldo/Documents/previsao_remuneracao/previsao_remuneracao/venv/lib/python3.10/site-packages/airflow/example_dags/example_branch_labels.py for tasks to queue
[2023-04-05 21:34:55,082] {logging_mixin.py:115} INFO - [2023-04-05 21:34:55,082] {dagbag.py:507} INFO - Filling up the DagBag from /home/edinaldo/Documents/previsao_remuneracao/previsao_remuneracao/venv/lib/python3.10/site-packages/airflow/example_dags/example_branch_labels.py
[2023-04-05 21:34:55,110] {processor.py:651} INFO - DAG(s) dict_keys(['example_branch_labels']) retrieved from /home/edinaldo/Documents/previsao_remuneracao/previsao_remuneracao/venv/lib/python3.10/site-packages/airflow/example_dags/example_branch_labels.py
[2023-04-05 21:34:55,157] {logging_mixin.py:115} INFO - [2023-04-05 21:34:55,157] {dag.py:2379} INFO - Sync 1 DAGs
[2023-04-05 21:34:55,192] {logging_mixin.py:115} INFO - [2023-04-05 21:34:55,192] {dag.py:2927} INFO - Setting next_dagrun for example_branch_labels to 2023-04-05T00:00:00+00:00, run_after=2023-04-06T00:00:00+00:00
[2023-04-05 21:34:55,303] {processor.py:161} INFO - Processing /home/edinaldo/Documents/previsao_remuneracao/previsao_remuneracao/venv/lib/python3.10/site-packages/airflow/example_dags/example_branch_labels.py took 0.234 seconds
[2023-04-05 21:35:49,345] {processor.py:153} INFO - Started process (PID=56439) to work on /home/edinaldo/Documents/previsao_remuneracao/previsao_remuneracao/venv/lib/python3.10/site-packages/airflow/example_dags/example_branch_labels.py
[2023-04-05 21:35:49,380] {processor.py:641} INFO - Processing file /home/edinaldo/Documents/previsao_remuneracao/previsao_remuneracao/venv/lib/python3.10/site-packages/airflow/example_dags/example_branch_labels.py for tasks to queue
[2023-04-05 21:35:49,381] {logging_mixin.py:115} INFO - [2023-04-05 21:35:49,381] {dagbag.py:507} INFO - Filling up the DagBag from /home/edinaldo/Documents/previsao_remuneracao/previsao_remuneracao/venv/lib/python3.10/site-packages/airflow/example_dags/example_branch_labels.py
[2023-04-05 21:35:49,551] {processor.py:651} INFO - DAG(s) dict_keys(['example_branch_labels']) retrieved from /home/edinaldo/Documents/previsao_remuneracao/previsao_remuneracao/venv/lib/python3.10/site-packages/airflow/example_dags/example_branch_labels.py
[2023-04-05 21:35:49,621] {logging_mixin.py:115} INFO - [2023-04-05 21:35:49,621] {dag.py:2379} INFO - Sync 1 DAGs
[2023-04-05 21:35:49,672] {logging_mixin.py:115} INFO - [2023-04-05 21:35:49,671] {dag.py:2927} INFO - Setting next_dagrun for example_branch_labels to 2023-04-05T00:00:00+00:00, run_after=2023-04-06T00:00:00+00:00
[2023-04-05 21:35:49,908] {processor.py:161} INFO - Processing /home/edinaldo/Documents/previsao_remuneracao/previsao_remuneracao/venv/lib/python3.10/site-packages/airflow/example_dags/example_branch_labels.py took 0.570 seconds
[2023-04-05 21:37:25,550] {processor.py:153} INFO - Started process (PID=56792) to work on /home/edinaldo/Documents/previsao_remuneracao/previsao_remuneracao/venv/lib/python3.10/site-packages/airflow/example_dags/example_branch_labels.py
[2023-04-05 21:37:25,567] {processor.py:641} INFO - Processing file /home/edinaldo/Documents/previsao_remuneracao/previsao_remuneracao/venv/lib/python3.10/site-packages/airflow/example_dags/example_branch_labels.py for tasks to queue
[2023-04-05 21:37:25,567] {logging_mixin.py:115} INFO - [2023-04-05 21:37:25,567] {dagbag.py:507} INFO - Filling up the DagBag from /home/edinaldo/Documents/previsao_remuneracao/previsao_remuneracao/venv/lib/python3.10/site-packages/airflow/example_dags/example_branch_labels.py
[2023-04-05 21:37:25,610] {processor.py:651} INFO - DAG(s) dict_keys(['example_branch_labels']) retrieved from /home/edinaldo/Documents/previsao_remuneracao/previsao_remuneracao/venv/lib/python3.10/site-packages/airflow/example_dags/example_branch_labels.py
[2023-04-05 21:37:25,636] {logging_mixin.py:115} INFO - [2023-04-05 21:37:25,636] {dag.py:2379} INFO - Sync 1 DAGs
[2023-04-05 21:37:25,657] {logging_mixin.py:115} INFO - [2023-04-05 21:37:25,657] {dag.py:2927} INFO - Setting next_dagrun for example_branch_labels to 2023-04-05T00:00:00+00:00, run_after=2023-04-06T00:00:00+00:00
[2023-04-05 21:37:25,740] {processor.py:161} INFO - Processing /home/edinaldo/Documents/previsao_remuneracao/previsao_remuneracao/venv/lib/python3.10/site-packages/airflow/example_dags/example_branch_labels.py took 0.196 seconds
[2023-04-05 21:38:16,249] {processor.py:153} INFO - Started process (PID=56993) to work on /home/edinaldo/Documents/previsao_remuneracao/previsao_remuneracao/venv/lib/python3.10/site-packages/airflow/example_dags/example_branch_labels.py
[2023-04-05 21:38:16,788] {processor.py:641} INFO - Processing file /home/edinaldo/Documents/previsao_remuneracao/previsao_remuneracao/venv/lib/python3.10/site-packages/airflow/example_dags/example_branch_labels.py for tasks to queue
[2023-04-05 21:38:16,790] {logging_mixin.py:115} INFO - [2023-04-05 21:38:16,790] {dagbag.py:507} INFO - Filling up the DagBag from /home/edinaldo/Documents/previsao_remuneracao/previsao_remuneracao/venv/lib/python3.10/site-packages/airflow/example_dags/example_branch_labels.py
[2023-04-05 21:38:17,064] {processor.py:651} INFO - DAG(s) dict_keys(['example_branch_labels']) retrieved from /home/edinaldo/Documents/previsao_remuneracao/previsao_remuneracao/venv/lib/python3.10/site-packages/airflow/example_dags/example_branch_labels.py
[2023-04-05 21:38:17,103] {logging_mixin.py:115} INFO - [2023-04-05 21:38:17,102] {dag.py:2379} INFO - Sync 1 DAGs
[2023-04-05 21:38:17,143] {logging_mixin.py:115} INFO - [2023-04-05 21:38:17,143] {dag.py:2927} INFO - Setting next_dagrun for example_branch_labels to 2023-04-05T00:00:00+00:00, run_after=2023-04-06T00:00:00+00:00
[2023-04-05 21:38:17,440] {processor.py:161} INFO - Processing /home/edinaldo/Documents/previsao_remuneracao/previsao_remuneracao/venv/lib/python3.10/site-packages/airflow/example_dags/example_branch_labels.py took 1.206 seconds
[2023-04-05 21:39:27,035] {processor.py:153} INFO - Started process (PID=57393) to work on /home/edinaldo/Documents/previsao_remuneracao/previsao_remuneracao/venv/lib/python3.10/site-packages/airflow/example_dags/example_branch_labels.py
[2023-04-05 21:39:27,097] {processor.py:641} INFO - Processing file /home/edinaldo/Documents/previsao_remuneracao/previsao_remuneracao/venv/lib/python3.10/site-packages/airflow/example_dags/example_branch_labels.py for tasks to queue
[2023-04-05 21:39:27,099] {logging_mixin.py:115} INFO - [2023-04-05 21:39:27,098] {dagbag.py:507} INFO - Filling up the DagBag from /home/edinaldo/Documents/previsao_remuneracao/previsao_remuneracao/venv/lib/python3.10/site-packages/airflow/example_dags/example_branch_labels.py
[2023-04-05 21:39:27,157] {processor.py:651} INFO - DAG(s) dict_keys(['example_branch_labels']) retrieved from /home/edinaldo/Documents/previsao_remuneracao/previsao_remuneracao/venv/lib/python3.10/site-packages/airflow/example_dags/example_branch_labels.py
[2023-04-05 21:39:27,215] {logging_mixin.py:115} INFO - [2023-04-05 21:39:27,215] {dag.py:2379} INFO - Sync 1 DAGs
[2023-04-05 21:39:27,264] {logging_mixin.py:115} INFO - [2023-04-05 21:39:27,264] {dag.py:2927} INFO - Setting next_dagrun for example_branch_labels to 2023-04-05T00:00:00+00:00, run_after=2023-04-06T00:00:00+00:00
[2023-04-05 21:39:27,574] {processor.py:161} INFO - Processing /home/edinaldo/Documents/previsao_remuneracao/previsao_remuneracao/venv/lib/python3.10/site-packages/airflow/example_dags/example_branch_labels.py took 0.553 seconds
[2023-04-05 21:40:25,264] {processor.py:153} INFO - Started process (PID=57639) to work on /home/edinaldo/Documents/previsao_remuneracao/previsao_remuneracao/venv/lib/python3.10/site-packages/airflow/example_dags/example_branch_labels.py
[2023-04-05 21:40:25,324] {processor.py:641} INFO - Processing file /home/edinaldo/Documents/previsao_remuneracao/previsao_remuneracao/venv/lib/python3.10/site-packages/airflow/example_dags/example_branch_labels.py for tasks to queue
[2023-04-05 21:40:25,326] {logging_mixin.py:115} INFO - [2023-04-05 21:40:25,325] {dagbag.py:507} INFO - Filling up the DagBag from /home/edinaldo/Documents/previsao_remuneracao/previsao_remuneracao/venv/lib/python3.10/site-packages/airflow/example_dags/example_branch_labels.py
[2023-04-05 21:40:25,382] {processor.py:651} INFO - DAG(s) dict_keys(['example_branch_labels']) retrieved from /home/edinaldo/Documents/previsao_remuneracao/previsao_remuneracao/venv/lib/python3.10/site-packages/airflow/example_dags/example_branch_labels.py
[2023-04-05 21:40:25,434] {logging_mixin.py:115} INFO - [2023-04-05 21:40:25,434] {dag.py:2379} INFO - Sync 1 DAGs
[2023-04-05 21:40:25,458] {logging_mixin.py:115} INFO - [2023-04-05 21:40:25,458] {dag.py:2927} INFO - Setting next_dagrun for example_branch_labels to 2023-04-05T00:00:00+00:00, run_after=2023-04-06T00:00:00+00:00
[2023-04-05 21:40:25,549] {processor.py:161} INFO - Processing /home/edinaldo/Documents/previsao_remuneracao/previsao_remuneracao/venv/lib/python3.10/site-packages/airflow/example_dags/example_branch_labels.py took 0.290 seconds
[2023-04-05 21:41:14,692] {processor.py:153} INFO - Started process (PID=57916) to work on /home/edinaldo/Documents/previsao_remuneracao/previsao_remuneracao/venv/lib/python3.10/site-packages/airflow/example_dags/example_branch_labels.py
[2023-04-05 21:41:14,716] {processor.py:641} INFO - Processing file /home/edinaldo/Documents/previsao_remuneracao/previsao_remuneracao/venv/lib/python3.10/site-packages/airflow/example_dags/example_branch_labels.py for tasks to queue
[2023-04-05 21:41:14,717] {logging_mixin.py:115} INFO - [2023-04-05 21:41:14,717] {dagbag.py:507} INFO - Filling up the DagBag from /home/edinaldo/Documents/previsao_remuneracao/previsao_remuneracao/venv/lib/python3.10/site-packages/airflow/example_dags/example_branch_labels.py
[2023-04-05 21:41:14,741] {processor.py:651} INFO - DAG(s) dict_keys(['example_branch_labels']) retrieved from /home/edinaldo/Documents/previsao_remuneracao/previsao_remuneracao/venv/lib/python3.10/site-packages/airflow/example_dags/example_branch_labels.py
[2023-04-05 21:41:14,759] {logging_mixin.py:115} INFO - [2023-04-05 21:41:14,759] {dag.py:2379} INFO - Sync 1 DAGs
[2023-04-05 21:41:14,780] {logging_mixin.py:115} INFO - [2023-04-05 21:41:14,780] {dag.py:2927} INFO - Setting next_dagrun for example_branch_labels to 2023-04-05T00:00:00+00:00, run_after=2023-04-06T00:00:00+00:00
[2023-04-05 21:41:14,867] {processor.py:161} INFO - Processing /home/edinaldo/Documents/previsao_remuneracao/previsao_remuneracao/venv/lib/python3.10/site-packages/airflow/example_dags/example_branch_labels.py took 0.189 seconds
[2023-04-05 21:41:57,101] {processor.py:153} INFO - Started process (PID=58191) to work on /home/edinaldo/Documents/previsao_remuneracao/previsao_remuneracao/venv/lib/python3.10/site-packages/airflow/example_dags/example_branch_labels.py
[2023-04-05 21:41:57,126] {processor.py:641} INFO - Processing file /home/edinaldo/Documents/previsao_remuneracao/previsao_remuneracao/venv/lib/python3.10/site-packages/airflow/example_dags/example_branch_labels.py for tasks to queue
[2023-04-05 21:41:57,128] {logging_mixin.py:115} INFO - [2023-04-05 21:41:57,128] {dagbag.py:507} INFO - Filling up the DagBag from /home/edinaldo/Documents/previsao_remuneracao/previsao_remuneracao/venv/lib/python3.10/site-packages/airflow/example_dags/example_branch_labels.py
[2023-04-05 21:41:57,166] {processor.py:651} INFO - DAG(s) dict_keys(['example_branch_labels']) retrieved from /home/edinaldo/Documents/previsao_remuneracao/previsao_remuneracao/venv/lib/python3.10/site-packages/airflow/example_dags/example_branch_labels.py
[2023-04-05 21:41:57,205] {logging_mixin.py:115} INFO - [2023-04-05 21:41:57,205] {dag.py:2379} INFO - Sync 1 DAGs
[2023-04-05 21:41:57,231] {logging_mixin.py:115} INFO - [2023-04-05 21:41:57,231] {dag.py:2927} INFO - Setting next_dagrun for example_branch_labels to 2023-04-05T00:00:00+00:00, run_after=2023-04-06T00:00:00+00:00
[2023-04-05 21:41:57,319] {processor.py:161} INFO - Processing /home/edinaldo/Documents/previsao_remuneracao/previsao_remuneracao/venv/lib/python3.10/site-packages/airflow/example_dags/example_branch_labels.py took 0.222 seconds
[2023-04-05 21:42:43,061] {processor.py:153} INFO - Started process (PID=58419) to work on /home/edinaldo/Documents/previsao_remuneracao/previsao_remuneracao/venv/lib/python3.10/site-packages/airflow/example_dags/example_branch_labels.py
[2023-04-05 21:42:43,088] {processor.py:641} INFO - Processing file /home/edinaldo/Documents/previsao_remuneracao/previsao_remuneracao/venv/lib/python3.10/site-packages/airflow/example_dags/example_branch_labels.py for tasks to queue
[2023-04-05 21:42:43,089] {logging_mixin.py:115} INFO - [2023-04-05 21:42:43,089] {dagbag.py:507} INFO - Filling up the DagBag from /home/edinaldo/Documents/previsao_remuneracao/previsao_remuneracao/venv/lib/python3.10/site-packages/airflow/example_dags/example_branch_labels.py
[2023-04-05 21:42:43,115] {processor.py:651} INFO - DAG(s) dict_keys(['example_branch_labels']) retrieved from /home/edinaldo/Documents/previsao_remuneracao/previsao_remuneracao/venv/lib/python3.10/site-packages/airflow/example_dags/example_branch_labels.py
[2023-04-05 21:42:43,139] {logging_mixin.py:115} INFO - [2023-04-05 21:42:43,139] {dag.py:2379} INFO - Sync 1 DAGs
[2023-04-05 21:42:43,161] {logging_mixin.py:115} INFO - [2023-04-05 21:42:43,160] {dag.py:2927} INFO - Setting next_dagrun for example_branch_labels to 2023-04-05T00:00:00+00:00, run_after=2023-04-06T00:00:00+00:00
[2023-04-05 21:42:43,249] {processor.py:161} INFO - Processing /home/edinaldo/Documents/previsao_remuneracao/previsao_remuneracao/venv/lib/python3.10/site-packages/airflow/example_dags/example_branch_labels.py took 0.196 seconds
