[2023-04-05 21:00:34,098] {processor.py:153} INFO - Started process (PID=52133) to work on /home/edinaldo/Documents/previsao_remuneracao/previsao_remuneracao/venv/lib/python3.10/site-packages/airflow/example_dags/example_latest_only.py
[2023-04-05 21:00:34,099] {processor.py:641} INFO - Processing file /home/edinaldo/Documents/previsao_remuneracao/previsao_remuneracao/venv/lib/python3.10/site-packages/airflow/example_dags/example_latest_only.py for tasks to queue
[2023-04-05 21:00:34,099] {logging_mixin.py:115} INFO - [2023-04-05 21:00:34,099] {dagbag.py:507} INFO - Filling up the DagBag from /home/edinaldo/Documents/previsao_remuneracao/previsao_remuneracao/venv/lib/python3.10/site-packages/airflow/example_dags/example_latest_only.py
[2023-04-05 21:00:34,127] {processor.py:651} INFO - DAG(s) dict_keys(['latest_only']) retrieved from /home/edinaldo/Documents/previsao_remuneracao/previsao_remuneracao/venv/lib/python3.10/site-packages/airflow/example_dags/example_latest_only.py
[2023-04-05 21:00:34,150] {logging_mixin.py:115} INFO - [2023-04-05 21:00:34,150] {dag.py:2379} INFO - Sync 1 DAGs
[2023-04-05 21:00:34,170] {logging_mixin.py:115} INFO - [2023-04-05 21:00:34,170] {dag.py:2927} INFO - Setting next_dagrun for latest_only to 2023-04-05T20:00:34.169757+00:00, run_after=2023-04-06T00:00:34.169757+00:00
[2023-04-05 21:00:34,337] {processor.py:161} INFO - Processing /home/edinaldo/Documents/previsao_remuneracao/previsao_remuneracao/venv/lib/python3.10/site-packages/airflow/example_dags/example_latest_only.py took 0.242 seconds
[2023-04-05 21:01:14,522] {processor.py:153} INFO - Started process (PID=52203) to work on /home/edinaldo/Documents/previsao_remuneracao/previsao_remuneracao/venv/lib/python3.10/site-packages/airflow/example_dags/example_latest_only.py
[2023-04-05 21:01:14,534] {processor.py:641} INFO - Processing file /home/edinaldo/Documents/previsao_remuneracao/previsao_remuneracao/venv/lib/python3.10/site-packages/airflow/example_dags/example_latest_only.py for tasks to queue
[2023-04-05 21:01:14,536] {logging_mixin.py:115} INFO - [2023-04-05 21:01:14,536] {dagbag.py:507} INFO - Filling up the DagBag from /home/edinaldo/Documents/previsao_remuneracao/previsao_remuneracao/venv/lib/python3.10/site-packages/airflow/example_dags/example_latest_only.py
[2023-04-05 21:01:14,555] {processor.py:651} INFO - DAG(s) dict_keys(['latest_only']) retrieved from /home/edinaldo/Documents/previsao_remuneracao/previsao_remuneracao/venv/lib/python3.10/site-packages/airflow/example_dags/example_latest_only.py
[2023-04-05 21:01:14,582] {logging_mixin.py:115} INFO - [2023-04-05 21:01:14,582] {dag.py:2379} INFO - Sync 1 DAGs
[2023-04-05 21:01:14,608] {logging_mixin.py:115} INFO - [2023-04-05 21:01:14,608] {dag.py:2927} INFO - Setting next_dagrun for latest_only to 2023-04-05T20:01:14.608365+00:00, run_after=2023-04-06T00:01:14.608365+00:00
[2023-04-05 21:01:14,713] {processor.py:161} INFO - Processing /home/edinaldo/Documents/previsao_remuneracao/previsao_remuneracao/venv/lib/python3.10/site-packages/airflow/example_dags/example_latest_only.py took 0.201 seconds
[2023-04-05 21:02:01,787] {processor.py:153} INFO - Started process (PID=52319) to work on /home/edinaldo/Documents/previsao_remuneracao/previsao_remuneracao/venv/lib/python3.10/site-packages/airflow/example_dags/example_latest_only.py
[2023-04-05 21:02:01,803] {processor.py:641} INFO - Processing file /home/edinaldo/Documents/previsao_remuneracao/previsao_remuneracao/venv/lib/python3.10/site-packages/airflow/example_dags/example_latest_only.py for tasks to queue
[2023-04-05 21:02:01,804] {logging_mixin.py:115} INFO - [2023-04-05 21:02:01,804] {dagbag.py:507} INFO - Filling up the DagBag from /home/edinaldo/Documents/previsao_remuneracao/previsao_remuneracao/venv/lib/python3.10/site-packages/airflow/example_dags/example_latest_only.py
[2023-04-05 21:02:01,861] {processor.py:651} INFO - DAG(s) dict_keys(['latest_only']) retrieved from /home/edinaldo/Documents/previsao_remuneracao/previsao_remuneracao/venv/lib/python3.10/site-packages/airflow/example_dags/example_latest_only.py
[2023-04-05 21:02:01,888] {logging_mixin.py:115} INFO - [2023-04-05 21:02:01,888] {dag.py:2379} INFO - Sync 1 DAGs
[2023-04-05 21:02:01,908] {logging_mixin.py:115} INFO - [2023-04-05 21:02:01,908] {dag.py:2927} INFO - Setting next_dagrun for latest_only to 2023-04-05T20:02:01.908010+00:00, run_after=2023-04-06T00:02:01.908010+00:00
[2023-04-05 21:02:02,032] {processor.py:161} INFO - Processing /home/edinaldo/Documents/previsao_remuneracao/previsao_remuneracao/venv/lib/python3.10/site-packages/airflow/example_dags/example_latest_only.py took 0.255 seconds
[2023-04-05 21:02:51,741] {processor.py:153} INFO - Started process (PID=52434) to work on /home/edinaldo/Documents/previsao_remuneracao/previsao_remuneracao/venv/lib/python3.10/site-packages/airflow/example_dags/example_latest_only.py
[2023-04-05 21:02:51,752] {processor.py:641} INFO - Processing file /home/edinaldo/Documents/previsao_remuneracao/previsao_remuneracao/venv/lib/python3.10/site-packages/airflow/example_dags/example_latest_only.py for tasks to queue
[2023-04-05 21:02:51,753] {logging_mixin.py:115} INFO - [2023-04-05 21:02:51,753] {dagbag.py:507} INFO - Filling up the DagBag from /home/edinaldo/Documents/previsao_remuneracao/previsao_remuneracao/venv/lib/python3.10/site-packages/airflow/example_dags/example_latest_only.py
[2023-04-05 21:02:51,771] {processor.py:651} INFO - DAG(s) dict_keys(['latest_only']) retrieved from /home/edinaldo/Documents/previsao_remuneracao/previsao_remuneracao/venv/lib/python3.10/site-packages/airflow/example_dags/example_latest_only.py
[2023-04-05 21:02:51,791] {logging_mixin.py:115} INFO - [2023-04-05 21:02:51,790] {dag.py:2379} INFO - Sync 1 DAGs
[2023-04-05 21:02:51,810] {logging_mixin.py:115} INFO - [2023-04-05 21:02:51,810] {dag.py:2927} INFO - Setting next_dagrun for latest_only to 2023-04-05T20:02:51.810155+00:00, run_after=2023-04-06T00:02:51.810155+00:00
[2023-04-05 21:02:51,913] {processor.py:161} INFO - Processing /home/edinaldo/Documents/previsao_remuneracao/previsao_remuneracao/venv/lib/python3.10/site-packages/airflow/example_dags/example_latest_only.py took 0.182 seconds
[2023-04-05 21:03:39,768] {processor.py:153} INFO - Started process (PID=52476) to work on /home/edinaldo/Documents/previsao_remuneracao/previsao_remuneracao/venv/lib/python3.10/site-packages/airflow/example_dags/example_latest_only.py
[2023-04-05 21:03:39,784] {processor.py:641} INFO - Processing file /home/edinaldo/Documents/previsao_remuneracao/previsao_remuneracao/venv/lib/python3.10/site-packages/airflow/example_dags/example_latest_only.py for tasks to queue
[2023-04-05 21:03:39,786] {logging_mixin.py:115} INFO - [2023-04-05 21:03:39,786] {dagbag.py:507} INFO - Filling up the DagBag from /home/edinaldo/Documents/previsao_remuneracao/previsao_remuneracao/venv/lib/python3.10/site-packages/airflow/example_dags/example_latest_only.py
[2023-04-05 21:03:39,805] {processor.py:651} INFO - DAG(s) dict_keys(['latest_only']) retrieved from /home/edinaldo/Documents/previsao_remuneracao/previsao_remuneracao/venv/lib/python3.10/site-packages/airflow/example_dags/example_latest_only.py
[2023-04-05 21:03:39,826] {logging_mixin.py:115} INFO - [2023-04-05 21:03:39,825] {dag.py:2379} INFO - Sync 1 DAGs
[2023-04-05 21:03:39,845] {logging_mixin.py:115} INFO - [2023-04-05 21:03:39,845] {dag.py:2927} INFO - Setting next_dagrun for latest_only to 2023-04-05T20:03:39.844722+00:00, run_after=2023-04-06T00:03:39.844722+00:00
[2023-04-05 21:03:39,947] {processor.py:161} INFO - Processing /home/edinaldo/Documents/previsao_remuneracao/previsao_remuneracao/venv/lib/python3.10/site-packages/airflow/example_dags/example_latest_only.py took 0.189 seconds
[2023-04-05 21:04:22,625] {processor.py:153} INFO - Started process (PID=52547) to work on /home/edinaldo/Documents/previsao_remuneracao/previsao_remuneracao/venv/lib/python3.10/site-packages/airflow/example_dags/example_latest_only.py
[2023-04-05 21:04:22,647] {processor.py:641} INFO - Processing file /home/edinaldo/Documents/previsao_remuneracao/previsao_remuneracao/venv/lib/python3.10/site-packages/airflow/example_dags/example_latest_only.py for tasks to queue
[2023-04-05 21:04:22,649] {logging_mixin.py:115} INFO - [2023-04-05 21:04:22,649] {dagbag.py:507} INFO - Filling up the DagBag from /home/edinaldo/Documents/previsao_remuneracao/previsao_remuneracao/venv/lib/python3.10/site-packages/airflow/example_dags/example_latest_only.py
[2023-04-05 21:04:22,675] {processor.py:651} INFO - DAG(s) dict_keys(['latest_only']) retrieved from /home/edinaldo/Documents/previsao_remuneracao/previsao_remuneracao/venv/lib/python3.10/site-packages/airflow/example_dags/example_latest_only.py
[2023-04-05 21:04:22,716] {logging_mixin.py:115} INFO - [2023-04-05 21:04:22,716] {dag.py:2379} INFO - Sync 1 DAGs
[2023-04-05 21:04:22,738] {logging_mixin.py:115} INFO - [2023-04-05 21:04:22,738] {dag.py:2927} INFO - Setting next_dagrun for latest_only to 2023-04-05T20:04:22.737953+00:00, run_after=2023-04-06T00:04:22.737953+00:00
[2023-04-05 21:04:22,855] {processor.py:161} INFO - Processing /home/edinaldo/Documents/previsao_remuneracao/previsao_remuneracao/venv/lib/python3.10/site-packages/airflow/example_dags/example_latest_only.py took 0.240 seconds
[2023-04-05 21:05:06,490] {processor.py:153} INFO - Started process (PID=52605) to work on /home/edinaldo/Documents/previsao_remuneracao/previsao_remuneracao/venv/lib/python3.10/site-packages/airflow/example_dags/example_latest_only.py
[2023-04-05 21:05:06,491] {processor.py:641} INFO - Processing file /home/edinaldo/Documents/previsao_remuneracao/previsao_remuneracao/venv/lib/python3.10/site-packages/airflow/example_dags/example_latest_only.py for tasks to queue
[2023-04-05 21:05:06,493] {logging_mixin.py:115} INFO - [2023-04-05 21:05:06,492] {dagbag.py:507} INFO - Filling up the DagBag from /home/edinaldo/Documents/previsao_remuneracao/previsao_remuneracao/venv/lib/python3.10/site-packages/airflow/example_dags/example_latest_only.py
[2023-04-05 21:05:06,506] {processor.py:651} INFO - DAG(s) dict_keys(['latest_only']) retrieved from /home/edinaldo/Documents/previsao_remuneracao/previsao_remuneracao/venv/lib/python3.10/site-packages/airflow/example_dags/example_latest_only.py
[2023-04-05 21:05:06,524] {logging_mixin.py:115} INFO - [2023-04-05 21:05:06,524] {dag.py:2379} INFO - Sync 1 DAGs
[2023-04-05 21:05:06,545] {logging_mixin.py:115} INFO - [2023-04-05 21:05:06,545] {dag.py:2927} INFO - Setting next_dagrun for latest_only to 2023-04-05T20:05:06.544744+00:00, run_after=2023-04-06T00:05:06.544744+00:00
[2023-04-05 21:05:06,645] {processor.py:161} INFO - Processing /home/edinaldo/Documents/previsao_remuneracao/previsao_remuneracao/venv/lib/python3.10/site-packages/airflow/example_dags/example_latest_only.py took 0.164 seconds
[2023-04-05 21:05:43,696] {processor.py:153} INFO - Started process (PID=52666) to work on /home/edinaldo/Documents/previsao_remuneracao/previsao_remuneracao/venv/lib/python3.10/site-packages/airflow/example_dags/example_latest_only.py
[2023-04-05 21:05:43,708] {processor.py:641} INFO - Processing file /home/edinaldo/Documents/previsao_remuneracao/previsao_remuneracao/venv/lib/python3.10/site-packages/airflow/example_dags/example_latest_only.py for tasks to queue
[2023-04-05 21:05:43,709] {logging_mixin.py:115} INFO - [2023-04-05 21:05:43,709] {dagbag.py:507} INFO - Filling up the DagBag from /home/edinaldo/Documents/previsao_remuneracao/previsao_remuneracao/venv/lib/python3.10/site-packages/airflow/example_dags/example_latest_only.py
[2023-04-05 21:05:43,742] {processor.py:651} INFO - DAG(s) dict_keys(['latest_only']) retrieved from /home/edinaldo/Documents/previsao_remuneracao/previsao_remuneracao/venv/lib/python3.10/site-packages/airflow/example_dags/example_latest_only.py
[2023-04-05 21:05:43,766] {logging_mixin.py:115} INFO - [2023-04-05 21:05:43,766] {dag.py:2379} INFO - Sync 1 DAGs
[2023-04-05 21:05:43,786] {logging_mixin.py:115} INFO - [2023-04-05 21:05:43,786] {dag.py:2927} INFO - Setting next_dagrun for latest_only to 2023-04-05T20:05:43.785721+00:00, run_after=2023-04-06T00:05:43.785721+00:00
[2023-04-05 21:05:43,908] {processor.py:161} INFO - Processing /home/edinaldo/Documents/previsao_remuneracao/previsao_remuneracao/venv/lib/python3.10/site-packages/airflow/example_dags/example_latest_only.py took 0.221 seconds
[2023-04-05 21:06:27,554] {processor.py:153} INFO - Started process (PID=52713) to work on /home/edinaldo/Documents/previsao_remuneracao/previsao_remuneracao/venv/lib/python3.10/site-packages/airflow/example_dags/example_latest_only.py
[2023-04-05 21:06:27,559] {processor.py:641} INFO - Processing file /home/edinaldo/Documents/previsao_remuneracao/previsao_remuneracao/venv/lib/python3.10/site-packages/airflow/example_dags/example_latest_only.py for tasks to queue
[2023-04-05 21:06:27,560] {logging_mixin.py:115} INFO - [2023-04-05 21:06:27,560] {dagbag.py:507} INFO - Filling up the DagBag from /home/edinaldo/Documents/previsao_remuneracao/previsao_remuneracao/venv/lib/python3.10/site-packages/airflow/example_dags/example_latest_only.py
[2023-04-05 21:06:27,566] {processor.py:651} INFO - DAG(s) dict_keys(['latest_only']) retrieved from /home/edinaldo/Documents/previsao_remuneracao/previsao_remuneracao/venv/lib/python3.10/site-packages/airflow/example_dags/example_latest_only.py
[2023-04-05 21:06:27,584] {logging_mixin.py:115} INFO - [2023-04-05 21:06:27,584] {dag.py:2379} INFO - Sync 1 DAGs
[2023-04-05 21:06:27,603] {logging_mixin.py:115} INFO - [2023-04-05 21:06:27,603] {dag.py:2927} INFO - Setting next_dagrun for latest_only to 2023-04-05T20:06:27.603116+00:00, run_after=2023-04-06T00:06:27.603116+00:00
[2023-04-05 21:06:27,715] {processor.py:161} INFO - Processing /home/edinaldo/Documents/previsao_remuneracao/previsao_remuneracao/venv/lib/python3.10/site-packages/airflow/example_dags/example_latest_only.py took 0.164 seconds
[2023-04-05 21:07:06,177] {processor.py:153} INFO - Started process (PID=52776) to work on /home/edinaldo/Documents/previsao_remuneracao/previsao_remuneracao/venv/lib/python3.10/site-packages/airflow/example_dags/example_latest_only.py
[2023-04-05 21:07:06,179] {processor.py:641} INFO - Processing file /home/edinaldo/Documents/previsao_remuneracao/previsao_remuneracao/venv/lib/python3.10/site-packages/airflow/example_dags/example_latest_only.py for tasks to queue
[2023-04-05 21:07:06,180] {logging_mixin.py:115} INFO - [2023-04-05 21:07:06,180] {dagbag.py:507} INFO - Filling up the DagBag from /home/edinaldo/Documents/previsao_remuneracao/previsao_remuneracao/venv/lib/python3.10/site-packages/airflow/example_dags/example_latest_only.py
[2023-04-05 21:07:06,191] {processor.py:651} INFO - DAG(s) dict_keys(['latest_only']) retrieved from /home/edinaldo/Documents/previsao_remuneracao/previsao_remuneracao/venv/lib/python3.10/site-packages/airflow/example_dags/example_latest_only.py
[2023-04-05 21:07:06,210] {logging_mixin.py:115} INFO - [2023-04-05 21:07:06,209] {dag.py:2379} INFO - Sync 1 DAGs
[2023-04-05 21:07:06,229] {logging_mixin.py:115} INFO - [2023-04-05 21:07:06,229] {dag.py:2927} INFO - Setting next_dagrun for latest_only to 2023-04-05T20:07:06.228708+00:00, run_after=2023-04-06T00:07:06.228708+00:00
[2023-04-05 21:07:06,332] {processor.py:161} INFO - Processing /home/edinaldo/Documents/previsao_remuneracao/previsao_remuneracao/venv/lib/python3.10/site-packages/airflow/example_dags/example_latest_only.py took 0.166 seconds
[2023-04-05 21:07:44,834] {processor.py:153} INFO - Started process (PID=52815) to work on /home/edinaldo/Documents/previsao_remuneracao/previsao_remuneracao/venv/lib/python3.10/site-packages/airflow/example_dags/example_latest_only.py
[2023-04-05 21:07:44,850] {processor.py:641} INFO - Processing file /home/edinaldo/Documents/previsao_remuneracao/previsao_remuneracao/venv/lib/python3.10/site-packages/airflow/example_dags/example_latest_only.py for tasks to queue
[2023-04-05 21:07:44,851] {logging_mixin.py:115} INFO - [2023-04-05 21:07:44,851] {dagbag.py:507} INFO - Filling up the DagBag from /home/edinaldo/Documents/previsao_remuneracao/previsao_remuneracao/venv/lib/python3.10/site-packages/airflow/example_dags/example_latest_only.py
[2023-04-05 21:07:44,869] {processor.py:651} INFO - DAG(s) dict_keys(['latest_only']) retrieved from /home/edinaldo/Documents/previsao_remuneracao/previsao_remuneracao/venv/lib/python3.10/site-packages/airflow/example_dags/example_latest_only.py
[2023-04-05 21:07:44,890] {logging_mixin.py:115} INFO - [2023-04-05 21:07:44,889] {dag.py:2379} INFO - Sync 1 DAGs
[2023-04-05 21:07:44,909] {logging_mixin.py:115} INFO - [2023-04-05 21:07:44,909] {dag.py:2927} INFO - Setting next_dagrun for latest_only to 2023-04-05T20:07:44.908854+00:00, run_after=2023-04-06T00:07:44.908854+00:00
[2023-04-05 21:07:45,023] {processor.py:161} INFO - Processing /home/edinaldo/Documents/previsao_remuneracao/previsao_remuneracao/venv/lib/python3.10/site-packages/airflow/example_dags/example_latest_only.py took 0.199 seconds
[2023-04-05 21:08:23,724] {processor.py:153} INFO - Started process (PID=52849) to work on /home/edinaldo/Documents/previsao_remuneracao/previsao_remuneracao/venv/lib/python3.10/site-packages/airflow/example_dags/example_latest_only.py
[2023-04-05 21:08:23,742] {processor.py:641} INFO - Processing file /home/edinaldo/Documents/previsao_remuneracao/previsao_remuneracao/venv/lib/python3.10/site-packages/airflow/example_dags/example_latest_only.py for tasks to queue
[2023-04-05 21:08:23,744] {logging_mixin.py:115} INFO - [2023-04-05 21:08:23,744] {dagbag.py:507} INFO - Filling up the DagBag from /home/edinaldo/Documents/previsao_remuneracao/previsao_remuneracao/venv/lib/python3.10/site-packages/airflow/example_dags/example_latest_only.py
[2023-04-05 21:08:23,764] {processor.py:651} INFO - DAG(s) dict_keys(['latest_only']) retrieved from /home/edinaldo/Documents/previsao_remuneracao/previsao_remuneracao/venv/lib/python3.10/site-packages/airflow/example_dags/example_latest_only.py
[2023-04-05 21:08:23,788] {logging_mixin.py:115} INFO - [2023-04-05 21:08:23,788] {dag.py:2379} INFO - Sync 1 DAGs
[2023-04-05 21:08:23,807] {logging_mixin.py:115} INFO - [2023-04-05 21:08:23,807] {dag.py:2927} INFO - Setting next_dagrun for latest_only to 2023-04-05T20:08:23.806750+00:00, run_after=2023-04-06T00:08:23.806750+00:00
[2023-04-05 21:08:23,928] {processor.py:161} INFO - Processing /home/edinaldo/Documents/previsao_remuneracao/previsao_remuneracao/venv/lib/python3.10/site-packages/airflow/example_dags/example_latest_only.py took 0.209 seconds
[2023-04-05 21:09:02,315] {processor.py:153} INFO - Started process (PID=52885) to work on /home/edinaldo/Documents/previsao_remuneracao/previsao_remuneracao/venv/lib/python3.10/site-packages/airflow/example_dags/example_latest_only.py
[2023-04-05 21:09:02,316] {processor.py:641} INFO - Processing file /home/edinaldo/Documents/previsao_remuneracao/previsao_remuneracao/venv/lib/python3.10/site-packages/airflow/example_dags/example_latest_only.py for tasks to queue
[2023-04-05 21:09:02,317] {logging_mixin.py:115} INFO - [2023-04-05 21:09:02,317] {dagbag.py:507} INFO - Filling up the DagBag from /home/edinaldo/Documents/previsao_remuneracao/previsao_remuneracao/venv/lib/python3.10/site-packages/airflow/example_dags/example_latest_only.py
[2023-04-05 21:09:02,327] {processor.py:651} INFO - DAG(s) dict_keys(['latest_only']) retrieved from /home/edinaldo/Documents/previsao_remuneracao/previsao_remuneracao/venv/lib/python3.10/site-packages/airflow/example_dags/example_latest_only.py
[2023-04-05 21:09:02,352] {logging_mixin.py:115} INFO - [2023-04-05 21:09:02,352] {dag.py:2379} INFO - Sync 1 DAGs
[2023-04-05 21:09:02,372] {logging_mixin.py:115} INFO - [2023-04-05 21:09:02,372] {dag.py:2927} INFO - Setting next_dagrun for latest_only to 2023-04-05T20:09:02.371716+00:00, run_after=2023-04-06T00:09:02.371716+00:00
[2023-04-05 21:09:02,468] {processor.py:161} INFO - Processing /home/edinaldo/Documents/previsao_remuneracao/previsao_remuneracao/venv/lib/python3.10/site-packages/airflow/example_dags/example_latest_only.py took 0.158 seconds
[2023-04-05 21:09:40,215] {processor.py:153} INFO - Started process (PID=52921) to work on /home/edinaldo/Documents/previsao_remuneracao/previsao_remuneracao/venv/lib/python3.10/site-packages/airflow/example_dags/example_latest_only.py
[2023-04-05 21:09:40,235] {processor.py:641} INFO - Processing file /home/edinaldo/Documents/previsao_remuneracao/previsao_remuneracao/venv/lib/python3.10/site-packages/airflow/example_dags/example_latest_only.py for tasks to queue
[2023-04-05 21:09:40,237] {logging_mixin.py:115} INFO - [2023-04-05 21:09:40,237] {dagbag.py:507} INFO - Filling up the DagBag from /home/edinaldo/Documents/previsao_remuneracao/previsao_remuneracao/venv/lib/python3.10/site-packages/airflow/example_dags/example_latest_only.py
[2023-04-05 21:09:40,256] {processor.py:651} INFO - DAG(s) dict_keys(['latest_only']) retrieved from /home/edinaldo/Documents/previsao_remuneracao/previsao_remuneracao/venv/lib/python3.10/site-packages/airflow/example_dags/example_latest_only.py
[2023-04-05 21:09:40,278] {logging_mixin.py:115} INFO - [2023-04-05 21:09:40,278] {dag.py:2379} INFO - Sync 1 DAGs
[2023-04-05 21:09:40,298] {logging_mixin.py:115} INFO - [2023-04-05 21:09:40,298] {dag.py:2927} INFO - Setting next_dagrun for latest_only to 2023-04-05T20:09:40.297957+00:00, run_after=2023-04-06T00:09:40.297957+00:00
[2023-04-05 21:09:40,416] {processor.py:161} INFO - Processing /home/edinaldo/Documents/previsao_remuneracao/previsao_remuneracao/venv/lib/python3.10/site-packages/airflow/example_dags/example_latest_only.py took 0.210 seconds
[2023-04-05 21:10:20,144] {processor.py:153} INFO - Started process (PID=52959) to work on /home/edinaldo/Documents/previsao_remuneracao/previsao_remuneracao/venv/lib/python3.10/site-packages/airflow/example_dags/example_latest_only.py
[2023-04-05 21:10:20,146] {processor.py:641} INFO - Processing file /home/edinaldo/Documents/previsao_remuneracao/previsao_remuneracao/venv/lib/python3.10/site-packages/airflow/example_dags/example_latest_only.py for tasks to queue
[2023-04-05 21:10:20,147] {logging_mixin.py:115} INFO - [2023-04-05 21:10:20,147] {dagbag.py:507} INFO - Filling up the DagBag from /home/edinaldo/Documents/previsao_remuneracao/previsao_remuneracao/venv/lib/python3.10/site-packages/airflow/example_dags/example_latest_only.py
[2023-04-05 21:10:20,159] {processor.py:651} INFO - DAG(s) dict_keys(['latest_only']) retrieved from /home/edinaldo/Documents/previsao_remuneracao/previsao_remuneracao/venv/lib/python3.10/site-packages/airflow/example_dags/example_latest_only.py
[2023-04-05 21:10:20,177] {logging_mixin.py:115} INFO - [2023-04-05 21:10:20,177] {dag.py:2379} INFO - Sync 1 DAGs
[2023-04-05 21:10:20,197] {logging_mixin.py:115} INFO - [2023-04-05 21:10:20,197] {dag.py:2927} INFO - Setting next_dagrun for latest_only to 2023-04-05T20:10:20.196689+00:00, run_after=2023-04-06T00:10:20.196689+00:00
[2023-04-05 21:10:20,302] {processor.py:161} INFO - Processing /home/edinaldo/Documents/previsao_remuneracao/previsao_remuneracao/venv/lib/python3.10/site-packages/airflow/example_dags/example_latest_only.py took 0.168 seconds
[2023-04-05 21:11:06,639] {processor.py:153} INFO - Started process (PID=53123) to work on /home/edinaldo/Documents/previsao_remuneracao/previsao_remuneracao/venv/lib/python3.10/site-packages/airflow/example_dags/example_latest_only.py
[2023-04-05 21:11:06,651] {processor.py:641} INFO - Processing file /home/edinaldo/Documents/previsao_remuneracao/previsao_remuneracao/venv/lib/python3.10/site-packages/airflow/example_dags/example_latest_only.py for tasks to queue
[2023-04-05 21:11:06,652] {logging_mixin.py:115} INFO - [2023-04-05 21:11:06,652] {dagbag.py:507} INFO - Filling up the DagBag from /home/edinaldo/Documents/previsao_remuneracao/previsao_remuneracao/venv/lib/python3.10/site-packages/airflow/example_dags/example_latest_only.py
[2023-04-05 21:11:06,679] {processor.py:651} INFO - DAG(s) dict_keys(['latest_only']) retrieved from /home/edinaldo/Documents/previsao_remuneracao/previsao_remuneracao/venv/lib/python3.10/site-packages/airflow/example_dags/example_latest_only.py
[2023-04-05 21:11:06,701] {logging_mixin.py:115} INFO - [2023-04-05 21:11:06,701] {dag.py:2379} INFO - Sync 1 DAGs
[2023-04-05 21:11:06,720] {logging_mixin.py:115} INFO - [2023-04-05 21:11:06,720] {dag.py:2927} INFO - Setting next_dagrun for latest_only to 2023-04-05T20:11:06.719771+00:00, run_after=2023-04-06T00:11:06.719771+00:00
[2023-04-05 21:11:06,828] {processor.py:161} INFO - Processing /home/edinaldo/Documents/previsao_remuneracao/previsao_remuneracao/venv/lib/python3.10/site-packages/airflow/example_dags/example_latest_only.py took 0.199 seconds
[2023-04-05 21:11:46,297] {processor.py:153} INFO - Started process (PID=53185) to work on /home/edinaldo/Documents/previsao_remuneracao/previsao_remuneracao/venv/lib/python3.10/site-packages/airflow/example_dags/example_latest_only.py
[2023-04-05 21:11:46,298] {processor.py:641} INFO - Processing file /home/edinaldo/Documents/previsao_remuneracao/previsao_remuneracao/venv/lib/python3.10/site-packages/airflow/example_dags/example_latest_only.py for tasks to queue
[2023-04-05 21:11:46,298] {logging_mixin.py:115} INFO - [2023-04-05 21:11:46,298] {dagbag.py:507} INFO - Filling up the DagBag from /home/edinaldo/Documents/previsao_remuneracao/previsao_remuneracao/venv/lib/python3.10/site-packages/airflow/example_dags/example_latest_only.py
[2023-04-05 21:11:46,305] {processor.py:651} INFO - DAG(s) dict_keys(['latest_only']) retrieved from /home/edinaldo/Documents/previsao_remuneracao/previsao_remuneracao/venv/lib/python3.10/site-packages/airflow/example_dags/example_latest_only.py
[2023-04-05 21:11:46,323] {logging_mixin.py:115} INFO - [2023-04-05 21:11:46,323] {dag.py:2379} INFO - Sync 1 DAGs
[2023-04-05 21:11:46,342] {logging_mixin.py:115} INFO - [2023-04-05 21:11:46,341] {dag.py:2927} INFO - Setting next_dagrun for latest_only to 2023-04-05T20:11:46.341568+00:00, run_after=2023-04-06T00:11:46.341568+00:00
[2023-04-05 21:11:46,446] {processor.py:161} INFO - Processing /home/edinaldo/Documents/previsao_remuneracao/previsao_remuneracao/venv/lib/python3.10/site-packages/airflow/example_dags/example_latest_only.py took 0.153 seconds
[2023-04-05 21:12:23,269] {processor.py:153} INFO - Started process (PID=53275) to work on /home/edinaldo/Documents/previsao_remuneracao/previsao_remuneracao/venv/lib/python3.10/site-packages/airflow/example_dags/example_latest_only.py
[2023-04-05 21:12:23,281] {processor.py:641} INFO - Processing file /home/edinaldo/Documents/previsao_remuneracao/previsao_remuneracao/venv/lib/python3.10/site-packages/airflow/example_dags/example_latest_only.py for tasks to queue
[2023-04-05 21:12:23,284] {logging_mixin.py:115} INFO - [2023-04-05 21:12:23,283] {dagbag.py:507} INFO - Filling up the DagBag from /home/edinaldo/Documents/previsao_remuneracao/previsao_remuneracao/venv/lib/python3.10/site-packages/airflow/example_dags/example_latest_only.py
[2023-04-05 21:12:23,301] {processor.py:651} INFO - DAG(s) dict_keys(['latest_only']) retrieved from /home/edinaldo/Documents/previsao_remuneracao/previsao_remuneracao/venv/lib/python3.10/site-packages/airflow/example_dags/example_latest_only.py
[2023-04-05 21:12:23,321] {logging_mixin.py:115} INFO - [2023-04-05 21:12:23,321] {dag.py:2379} INFO - Sync 1 DAGs
[2023-04-05 21:12:23,341] {logging_mixin.py:115} INFO - [2023-04-05 21:12:23,341] {dag.py:2927} INFO - Setting next_dagrun for latest_only to 2023-04-05T20:12:23.340829+00:00, run_after=2023-04-06T00:12:23.340829+00:00
[2023-04-05 21:12:23,451] {processor.py:161} INFO - Processing /home/edinaldo/Documents/previsao_remuneracao/previsao_remuneracao/venv/lib/python3.10/site-packages/airflow/example_dags/example_latest_only.py took 0.192 seconds
[2023-04-05 21:13:14,498] {processor.py:153} INFO - Started process (PID=53414) to work on /home/edinaldo/Documents/previsao_remuneracao/previsao_remuneracao/venv/lib/python3.10/site-packages/airflow/example_dags/example_latest_only.py
[2023-04-05 21:13:14,509] {processor.py:641} INFO - Processing file /home/edinaldo/Documents/previsao_remuneracao/previsao_remuneracao/venv/lib/python3.10/site-packages/airflow/example_dags/example_latest_only.py for tasks to queue
[2023-04-05 21:13:14,510] {logging_mixin.py:115} INFO - [2023-04-05 21:13:14,510] {dagbag.py:507} INFO - Filling up the DagBag from /home/edinaldo/Documents/previsao_remuneracao/previsao_remuneracao/venv/lib/python3.10/site-packages/airflow/example_dags/example_latest_only.py
[2023-04-05 21:13:14,524] {processor.py:651} INFO - DAG(s) dict_keys(['latest_only']) retrieved from /home/edinaldo/Documents/previsao_remuneracao/previsao_remuneracao/venv/lib/python3.10/site-packages/airflow/example_dags/example_latest_only.py
[2023-04-05 21:13:14,543] {logging_mixin.py:115} INFO - [2023-04-05 21:13:14,543] {dag.py:2379} INFO - Sync 1 DAGs
[2023-04-05 21:13:14,566] {logging_mixin.py:115} INFO - [2023-04-05 21:13:14,566] {dag.py:2927} INFO - Setting next_dagrun for latest_only to 2023-04-05T20:13:14.565860+00:00, run_after=2023-04-06T00:13:14.565860+00:00
[2023-04-05 21:13:14,665] {processor.py:161} INFO - Processing /home/edinaldo/Documents/previsao_remuneracao/previsao_remuneracao/venv/lib/python3.10/site-packages/airflow/example_dags/example_latest_only.py took 0.176 seconds
[2023-04-05 21:13:53,914] {processor.py:153} INFO - Started process (PID=53459) to work on /home/edinaldo/Documents/previsao_remuneracao/previsao_remuneracao/venv/lib/python3.10/site-packages/airflow/example_dags/example_latest_only.py
[2023-04-05 21:13:53,929] {processor.py:641} INFO - Processing file /home/edinaldo/Documents/previsao_remuneracao/previsao_remuneracao/venv/lib/python3.10/site-packages/airflow/example_dags/example_latest_only.py for tasks to queue
[2023-04-05 21:13:53,931] {logging_mixin.py:115} INFO - [2023-04-05 21:13:53,930] {dagbag.py:507} INFO - Filling up the DagBag from /home/edinaldo/Documents/previsao_remuneracao/previsao_remuneracao/venv/lib/python3.10/site-packages/airflow/example_dags/example_latest_only.py
[2023-04-05 21:13:53,949] {processor.py:651} INFO - DAG(s) dict_keys(['latest_only']) retrieved from /home/edinaldo/Documents/previsao_remuneracao/previsao_remuneracao/venv/lib/python3.10/site-packages/airflow/example_dags/example_latest_only.py
[2023-04-05 21:13:53,970] {logging_mixin.py:115} INFO - [2023-04-05 21:13:53,970] {dag.py:2379} INFO - Sync 1 DAGs
[2023-04-05 21:13:53,989] {logging_mixin.py:115} INFO - [2023-04-05 21:13:53,989] {dag.py:2927} INFO - Setting next_dagrun for latest_only to 2023-04-05T20:13:53.989134+00:00, run_after=2023-04-06T00:13:53.989134+00:00
[2023-04-05 21:13:54,083] {processor.py:161} INFO - Processing /home/edinaldo/Documents/previsao_remuneracao/previsao_remuneracao/venv/lib/python3.10/site-packages/airflow/example_dags/example_latest_only.py took 0.179 seconds
[2023-04-05 21:14:38,000] {processor.py:153} INFO - Started process (PID=53501) to work on /home/edinaldo/Documents/previsao_remuneracao/previsao_remuneracao/venv/lib/python3.10/site-packages/airflow/example_dags/example_latest_only.py
[2023-04-05 21:14:38,020] {processor.py:641} INFO - Processing file /home/edinaldo/Documents/previsao_remuneracao/previsao_remuneracao/venv/lib/python3.10/site-packages/airflow/example_dags/example_latest_only.py for tasks to queue
[2023-04-05 21:14:38,022] {logging_mixin.py:115} INFO - [2023-04-05 21:14:38,021] {dagbag.py:507} INFO - Filling up the DagBag from /home/edinaldo/Documents/previsao_remuneracao/previsao_remuneracao/venv/lib/python3.10/site-packages/airflow/example_dags/example_latest_only.py
[2023-04-05 21:14:38,040] {processor.py:651} INFO - DAG(s) dict_keys(['latest_only']) retrieved from /home/edinaldo/Documents/previsao_remuneracao/previsao_remuneracao/venv/lib/python3.10/site-packages/airflow/example_dags/example_latest_only.py
[2023-04-05 21:14:38,063] {logging_mixin.py:115} INFO - [2023-04-05 21:14:38,063] {dag.py:2379} INFO - Sync 1 DAGs
[2023-04-05 21:14:38,083] {logging_mixin.py:115} INFO - [2023-04-05 21:14:38,083] {dag.py:2927} INFO - Setting next_dagrun for latest_only to 2023-04-05T20:14:38.082715+00:00, run_after=2023-04-06T00:14:38.082715+00:00
[2023-04-05 21:14:38,217] {processor.py:161} INFO - Processing /home/edinaldo/Documents/previsao_remuneracao/previsao_remuneracao/venv/lib/python3.10/site-packages/airflow/example_dags/example_latest_only.py took 0.227 seconds
[2023-04-05 21:15:17,222] {processor.py:153} INFO - Started process (PID=53538) to work on /home/edinaldo/Documents/previsao_remuneracao/previsao_remuneracao/venv/lib/python3.10/site-packages/airflow/example_dags/example_latest_only.py
[2023-04-05 21:15:17,229] {processor.py:641} INFO - Processing file /home/edinaldo/Documents/previsao_remuneracao/previsao_remuneracao/venv/lib/python3.10/site-packages/airflow/example_dags/example_latest_only.py for tasks to queue
[2023-04-05 21:15:17,230] {logging_mixin.py:115} INFO - [2023-04-05 21:15:17,230] {dagbag.py:507} INFO - Filling up the DagBag from /home/edinaldo/Documents/previsao_remuneracao/previsao_remuneracao/venv/lib/python3.10/site-packages/airflow/example_dags/example_latest_only.py
[2023-04-05 21:15:17,239] {processor.py:651} INFO - DAG(s) dict_keys(['latest_only']) retrieved from /home/edinaldo/Documents/previsao_remuneracao/previsao_remuneracao/venv/lib/python3.10/site-packages/airflow/example_dags/example_latest_only.py
[2023-04-05 21:15:17,259] {logging_mixin.py:115} INFO - [2023-04-05 21:15:17,259] {dag.py:2379} INFO - Sync 1 DAGs
[2023-04-05 21:15:17,278] {logging_mixin.py:115} INFO - [2023-04-05 21:15:17,278] {dag.py:2927} INFO - Setting next_dagrun for latest_only to 2023-04-05T20:15:17.278145+00:00, run_after=2023-04-06T00:15:17.278145+00:00
[2023-04-05 21:15:17,373] {processor.py:161} INFO - Processing /home/edinaldo/Documents/previsao_remuneracao/previsao_remuneracao/venv/lib/python3.10/site-packages/airflow/example_dags/example_latest_only.py took 0.159 seconds
[2023-04-05 21:16:02,788] {processor.py:153} INFO - Started process (PID=53615) to work on /home/edinaldo/Documents/previsao_remuneracao/previsao_remuneracao/venv/lib/python3.10/site-packages/airflow/example_dags/example_latest_only.py
[2023-04-05 21:16:02,789] {processor.py:641} INFO - Processing file /home/edinaldo/Documents/previsao_remuneracao/previsao_remuneracao/venv/lib/python3.10/site-packages/airflow/example_dags/example_latest_only.py for tasks to queue
[2023-04-05 21:16:02,789] {logging_mixin.py:115} INFO - [2023-04-05 21:16:02,789] {dagbag.py:507} INFO - Filling up the DagBag from /home/edinaldo/Documents/previsao_remuneracao/previsao_remuneracao/venv/lib/python3.10/site-packages/airflow/example_dags/example_latest_only.py
[2023-04-05 21:16:02,796] {processor.py:651} INFO - DAG(s) dict_keys(['latest_only']) retrieved from /home/edinaldo/Documents/previsao_remuneracao/previsao_remuneracao/venv/lib/python3.10/site-packages/airflow/example_dags/example_latest_only.py
[2023-04-05 21:16:02,813] {logging_mixin.py:115} INFO - [2023-04-05 21:16:02,813] {dag.py:2379} INFO - Sync 1 DAGs
[2023-04-05 21:16:02,832] {logging_mixin.py:115} INFO - [2023-04-05 21:16:02,832] {dag.py:2927} INFO - Setting next_dagrun for latest_only to 2023-04-05T20:16:02.832351+00:00, run_after=2023-04-06T00:16:02.832351+00:00
[2023-04-05 21:16:02,936] {processor.py:161} INFO - Processing /home/edinaldo/Documents/previsao_remuneracao/previsao_remuneracao/venv/lib/python3.10/site-packages/airflow/example_dags/example_latest_only.py took 0.152 seconds
[2023-04-05 21:16:47,437] {processor.py:153} INFO - Started process (PID=53678) to work on /home/edinaldo/Documents/previsao_remuneracao/previsao_remuneracao/venv/lib/python3.10/site-packages/airflow/example_dags/example_latest_only.py
[2023-04-05 21:16:47,450] {processor.py:641} INFO - Processing file /home/edinaldo/Documents/previsao_remuneracao/previsao_remuneracao/venv/lib/python3.10/site-packages/airflow/example_dags/example_latest_only.py for tasks to queue
[2023-04-05 21:16:47,451] {logging_mixin.py:115} INFO - [2023-04-05 21:16:47,451] {dagbag.py:507} INFO - Filling up the DagBag from /home/edinaldo/Documents/previsao_remuneracao/previsao_remuneracao/venv/lib/python3.10/site-packages/airflow/example_dags/example_latest_only.py
[2023-04-05 21:16:47,470] {processor.py:651} INFO - DAG(s) dict_keys(['latest_only']) retrieved from /home/edinaldo/Documents/previsao_remuneracao/previsao_remuneracao/venv/lib/python3.10/site-packages/airflow/example_dags/example_latest_only.py
[2023-04-05 21:16:47,489] {logging_mixin.py:115} INFO - [2023-04-05 21:16:47,489] {dag.py:2379} INFO - Sync 1 DAGs
[2023-04-05 21:16:47,508] {logging_mixin.py:115} INFO - [2023-04-05 21:16:47,508] {dag.py:2927} INFO - Setting next_dagrun for latest_only to 2023-04-05T20:16:47.507976+00:00, run_after=2023-04-06T00:16:47.507976+00:00
[2023-04-05 21:16:47,603] {processor.py:161} INFO - Processing /home/edinaldo/Documents/previsao_remuneracao/previsao_remuneracao/venv/lib/python3.10/site-packages/airflow/example_dags/example_latest_only.py took 0.176 seconds
[2023-04-05 21:17:28,240] {processor.py:153} INFO - Started process (PID=53722) to work on /home/edinaldo/Documents/previsao_remuneracao/previsao_remuneracao/venv/lib/python3.10/site-packages/airflow/example_dags/example_latest_only.py
[2023-04-05 21:17:28,288] {processor.py:641} INFO - Processing file /home/edinaldo/Documents/previsao_remuneracao/previsao_remuneracao/venv/lib/python3.10/site-packages/airflow/example_dags/example_latest_only.py for tasks to queue
[2023-04-05 21:17:28,289] {logging_mixin.py:115} INFO - [2023-04-05 21:17:28,289] {dagbag.py:507} INFO - Filling up the DagBag from /home/edinaldo/Documents/previsao_remuneracao/previsao_remuneracao/venv/lib/python3.10/site-packages/airflow/example_dags/example_latest_only.py
[2023-04-05 21:17:28,310] {processor.py:651} INFO - DAG(s) dict_keys(['latest_only']) retrieved from /home/edinaldo/Documents/previsao_remuneracao/previsao_remuneracao/venv/lib/python3.10/site-packages/airflow/example_dags/example_latest_only.py
[2023-04-05 21:17:28,336] {logging_mixin.py:115} INFO - [2023-04-05 21:17:28,335] {dag.py:2379} INFO - Sync 1 DAGs
[2023-04-05 21:17:28,354] {logging_mixin.py:115} INFO - [2023-04-05 21:17:28,354] {dag.py:2927} INFO - Setting next_dagrun for latest_only to 2023-04-05T20:17:28.354447+00:00, run_after=2023-04-06T00:17:28.354447+00:00
[2023-04-05 21:17:28,450] {processor.py:161} INFO - Processing /home/edinaldo/Documents/previsao_remuneracao/previsao_remuneracao/venv/lib/python3.10/site-packages/airflow/example_dags/example_latest_only.py took 0.213 seconds
[2023-04-05 21:18:07,868] {processor.py:153} INFO - Started process (PID=53762) to work on /home/edinaldo/Documents/previsao_remuneracao/previsao_remuneracao/venv/lib/python3.10/site-packages/airflow/example_dags/example_latest_only.py
[2023-04-05 21:18:07,870] {processor.py:641} INFO - Processing file /home/edinaldo/Documents/previsao_remuneracao/previsao_remuneracao/venv/lib/python3.10/site-packages/airflow/example_dags/example_latest_only.py for tasks to queue
[2023-04-05 21:18:07,872] {logging_mixin.py:115} INFO - [2023-04-05 21:18:07,872] {dagbag.py:507} INFO - Filling up the DagBag from /home/edinaldo/Documents/previsao_remuneracao/previsao_remuneracao/venv/lib/python3.10/site-packages/airflow/example_dags/example_latest_only.py
[2023-04-05 21:18:07,888] {processor.py:651} INFO - DAG(s) dict_keys(['latest_only']) retrieved from /home/edinaldo/Documents/previsao_remuneracao/previsao_remuneracao/venv/lib/python3.10/site-packages/airflow/example_dags/example_latest_only.py
[2023-04-05 21:18:07,906] {logging_mixin.py:115} INFO - [2023-04-05 21:18:07,906] {dag.py:2379} INFO - Sync 1 DAGs
[2023-04-05 21:18:07,925] {logging_mixin.py:115} INFO - [2023-04-05 21:18:07,925] {dag.py:2927} INFO - Setting next_dagrun for latest_only to 2023-04-05T20:18:07.925453+00:00, run_after=2023-04-06T00:18:07.925453+00:00
[2023-04-05 21:18:08,019] {processor.py:161} INFO - Processing /home/edinaldo/Documents/previsao_remuneracao/previsao_remuneracao/venv/lib/python3.10/site-packages/airflow/example_dags/example_latest_only.py took 0.160 seconds
[2023-04-05 21:18:45,885] {processor.py:153} INFO - Started process (PID=53804) to work on /home/edinaldo/Documents/previsao_remuneracao/previsao_remuneracao/venv/lib/python3.10/site-packages/airflow/example_dags/example_latest_only.py
[2023-04-05 21:18:45,898] {processor.py:641} INFO - Processing file /home/edinaldo/Documents/previsao_remuneracao/previsao_remuneracao/venv/lib/python3.10/site-packages/airflow/example_dags/example_latest_only.py for tasks to queue
[2023-04-05 21:18:45,899] {logging_mixin.py:115} INFO - [2023-04-05 21:18:45,899] {dagbag.py:507} INFO - Filling up the DagBag from /home/edinaldo/Documents/previsao_remuneracao/previsao_remuneracao/venv/lib/python3.10/site-packages/airflow/example_dags/example_latest_only.py
[2023-04-05 21:18:45,910] {processor.py:651} INFO - DAG(s) dict_keys(['latest_only']) retrieved from /home/edinaldo/Documents/previsao_remuneracao/previsao_remuneracao/venv/lib/python3.10/site-packages/airflow/example_dags/example_latest_only.py
[2023-04-05 21:18:45,933] {logging_mixin.py:115} INFO - [2023-04-05 21:18:45,933] {dag.py:2379} INFO - Sync 1 DAGs
[2023-04-05 21:18:45,952] {logging_mixin.py:115} INFO - [2023-04-05 21:18:45,951] {dag.py:2927} INFO - Setting next_dagrun for latest_only to 2023-04-05T20:18:45.951597+00:00, run_after=2023-04-06T00:18:45.951597+00:00
[2023-04-05 21:18:46,043] {processor.py:161} INFO - Processing /home/edinaldo/Documents/previsao_remuneracao/previsao_remuneracao/venv/lib/python3.10/site-packages/airflow/example_dags/example_latest_only.py took 0.161 seconds
[2023-04-05 21:19:22,826] {processor.py:153} INFO - Started process (PID=53839) to work on /home/edinaldo/Documents/previsao_remuneracao/previsao_remuneracao/venv/lib/python3.10/site-packages/airflow/example_dags/example_latest_only.py
[2023-04-05 21:19:22,839] {processor.py:641} INFO - Processing file /home/edinaldo/Documents/previsao_remuneracao/previsao_remuneracao/venv/lib/python3.10/site-packages/airflow/example_dags/example_latest_only.py for tasks to queue
[2023-04-05 21:19:22,840] {logging_mixin.py:115} INFO - [2023-04-05 21:19:22,840] {dagbag.py:507} INFO - Filling up the DagBag from /home/edinaldo/Documents/previsao_remuneracao/previsao_remuneracao/venv/lib/python3.10/site-packages/airflow/example_dags/example_latest_only.py
[2023-04-05 21:19:22,857] {processor.py:651} INFO - DAG(s) dict_keys(['latest_only']) retrieved from /home/edinaldo/Documents/previsao_remuneracao/previsao_remuneracao/venv/lib/python3.10/site-packages/airflow/example_dags/example_latest_only.py
[2023-04-05 21:19:22,885] {logging_mixin.py:115} INFO - [2023-04-05 21:19:22,885] {dag.py:2379} INFO - Sync 1 DAGs
[2023-04-05 21:19:22,904] {logging_mixin.py:115} INFO - [2023-04-05 21:19:22,904] {dag.py:2927} INFO - Setting next_dagrun for latest_only to 2023-04-05T20:19:22.904474+00:00, run_after=2023-04-06T00:19:22.904474+00:00
[2023-04-05 21:19:22,999] {processor.py:161} INFO - Processing /home/edinaldo/Documents/previsao_remuneracao/previsao_remuneracao/venv/lib/python3.10/site-packages/airflow/example_dags/example_latest_only.py took 0.177 seconds
[2023-04-05 21:19:58,049] {processor.py:153} INFO - Started process (PID=53878) to work on /home/edinaldo/Documents/previsao_remuneracao/previsao_remuneracao/venv/lib/python3.10/site-packages/airflow/example_dags/example_latest_only.py
[2023-04-05 21:19:58,050] {processor.py:641} INFO - Processing file /home/edinaldo/Documents/previsao_remuneracao/previsao_remuneracao/venv/lib/python3.10/site-packages/airflow/example_dags/example_latest_only.py for tasks to queue
[2023-04-05 21:19:58,051] {logging_mixin.py:115} INFO - [2023-04-05 21:19:58,051] {dagbag.py:507} INFO - Filling up the DagBag from /home/edinaldo/Documents/previsao_remuneracao/previsao_remuneracao/venv/lib/python3.10/site-packages/airflow/example_dags/example_latest_only.py
[2023-04-05 21:19:58,058] {processor.py:651} INFO - DAG(s) dict_keys(['latest_only']) retrieved from /home/edinaldo/Documents/previsao_remuneracao/previsao_remuneracao/venv/lib/python3.10/site-packages/airflow/example_dags/example_latest_only.py
[2023-04-05 21:19:58,075] {logging_mixin.py:115} INFO - [2023-04-05 21:19:58,075] {dag.py:2379} INFO - Sync 1 DAGs
[2023-04-05 21:19:58,094] {logging_mixin.py:115} INFO - [2023-04-05 21:19:58,094] {dag.py:2927} INFO - Setting next_dagrun for latest_only to 2023-04-05T20:19:58.094339+00:00, run_after=2023-04-06T00:19:58.094339+00:00
[2023-04-05 21:19:58,182] {processor.py:161} INFO - Processing /home/edinaldo/Documents/previsao_remuneracao/previsao_remuneracao/venv/lib/python3.10/site-packages/airflow/example_dags/example_latest_only.py took 0.136 seconds
[2023-04-05 21:20:37,858] {processor.py:153} INFO - Started process (PID=53915) to work on /home/edinaldo/Documents/previsao_remuneracao/previsao_remuneracao/venv/lib/python3.10/site-packages/airflow/example_dags/example_latest_only.py
[2023-04-05 21:20:37,859] {processor.py:641} INFO - Processing file /home/edinaldo/Documents/previsao_remuneracao/previsao_remuneracao/venv/lib/python3.10/site-packages/airflow/example_dags/example_latest_only.py for tasks to queue
[2023-04-05 21:20:37,860] {logging_mixin.py:115} INFO - [2023-04-05 21:20:37,860] {dagbag.py:507} INFO - Filling up the DagBag from /home/edinaldo/Documents/previsao_remuneracao/previsao_remuneracao/venv/lib/python3.10/site-packages/airflow/example_dags/example_latest_only.py
[2023-04-05 21:20:37,869] {processor.py:651} INFO - DAG(s) dict_keys(['latest_only']) retrieved from /home/edinaldo/Documents/previsao_remuneracao/previsao_remuneracao/venv/lib/python3.10/site-packages/airflow/example_dags/example_latest_only.py
[2023-04-05 21:20:37,890] {logging_mixin.py:115} INFO - [2023-04-05 21:20:37,889] {dag.py:2379} INFO - Sync 1 DAGs
[2023-04-05 21:20:37,909] {logging_mixin.py:115} INFO - [2023-04-05 21:20:37,908] {dag.py:2927} INFO - Setting next_dagrun for latest_only to 2023-04-05T20:20:37.908546+00:00, run_after=2023-04-06T00:20:37.908546+00:00
[2023-04-05 21:20:38,003] {processor.py:161} INFO - Processing /home/edinaldo/Documents/previsao_remuneracao/previsao_remuneracao/venv/lib/python3.10/site-packages/airflow/example_dags/example_latest_only.py took 0.149 seconds
[2023-04-05 21:21:22,574] {processor.py:153} INFO - Started process (PID=53976) to work on /home/edinaldo/Documents/previsao_remuneracao/previsao_remuneracao/venv/lib/python3.10/site-packages/airflow/example_dags/example_latest_only.py
[2023-04-05 21:21:22,575] {processor.py:641} INFO - Processing file /home/edinaldo/Documents/previsao_remuneracao/previsao_remuneracao/venv/lib/python3.10/site-packages/airflow/example_dags/example_latest_only.py for tasks to queue
[2023-04-05 21:21:22,575] {logging_mixin.py:115} INFO - [2023-04-05 21:21:22,575] {dagbag.py:507} INFO - Filling up the DagBag from /home/edinaldo/Documents/previsao_remuneracao/previsao_remuneracao/venv/lib/python3.10/site-packages/airflow/example_dags/example_latest_only.py
[2023-04-05 21:21:22,582] {processor.py:651} INFO - DAG(s) dict_keys(['latest_only']) retrieved from /home/edinaldo/Documents/previsao_remuneracao/previsao_remuneracao/venv/lib/python3.10/site-packages/airflow/example_dags/example_latest_only.py
[2023-04-05 21:21:22,684] {logging_mixin.py:115} INFO - [2023-04-05 21:21:22,683] {dag.py:2379} INFO - Sync 1 DAGs
[2023-04-05 21:21:22,727] {logging_mixin.py:115} INFO - [2023-04-05 21:21:22,726] {dag.py:2927} INFO - Setting next_dagrun for latest_only to 2023-04-05T20:21:22.726511+00:00, run_after=2023-04-06T00:21:22.726511+00:00
[2023-04-05 21:21:22,822] {processor.py:161} INFO - Processing /home/edinaldo/Documents/previsao_remuneracao/previsao_remuneracao/venv/lib/python3.10/site-packages/airflow/example_dags/example_latest_only.py took 0.252 seconds
[2023-04-05 21:22:01,414] {processor.py:153} INFO - Started process (PID=54037) to work on /home/edinaldo/Documents/previsao_remuneracao/previsao_remuneracao/venv/lib/python3.10/site-packages/airflow/example_dags/example_latest_only.py
[2023-04-05 21:22:01,431] {processor.py:641} INFO - Processing file /home/edinaldo/Documents/previsao_remuneracao/previsao_remuneracao/venv/lib/python3.10/site-packages/airflow/example_dags/example_latest_only.py for tasks to queue
[2023-04-05 21:22:01,432] {logging_mixin.py:115} INFO - [2023-04-05 21:22:01,432] {dagbag.py:507} INFO - Filling up the DagBag from /home/edinaldo/Documents/previsao_remuneracao/previsao_remuneracao/venv/lib/python3.10/site-packages/airflow/example_dags/example_latest_only.py
[2023-04-05 21:22:01,445] {processor.py:651} INFO - DAG(s) dict_keys(['latest_only']) retrieved from /home/edinaldo/Documents/previsao_remuneracao/previsao_remuneracao/venv/lib/python3.10/site-packages/airflow/example_dags/example_latest_only.py
[2023-04-05 21:22:01,470] {logging_mixin.py:115} INFO - [2023-04-05 21:22:01,470] {dag.py:2379} INFO - Sync 1 DAGs
[2023-04-05 21:22:01,489] {logging_mixin.py:115} INFO - [2023-04-05 21:22:01,489] {dag.py:2927} INFO - Setting next_dagrun for latest_only to 2023-04-05T20:22:01.489205+00:00, run_after=2023-04-06T00:22:01.489205+00:00
[2023-04-05 21:22:01,612] {processor.py:161} INFO - Processing /home/edinaldo/Documents/previsao_remuneracao/previsao_remuneracao/venv/lib/python3.10/site-packages/airflow/example_dags/example_latest_only.py took 0.202 seconds
[2023-04-05 21:22:39,318] {processor.py:153} INFO - Started process (PID=54081) to work on /home/edinaldo/Documents/previsao_remuneracao/previsao_remuneracao/venv/lib/python3.10/site-packages/airflow/example_dags/example_latest_only.py
[2023-04-05 21:22:39,325] {processor.py:641} INFO - Processing file /home/edinaldo/Documents/previsao_remuneracao/previsao_remuneracao/venv/lib/python3.10/site-packages/airflow/example_dags/example_latest_only.py for tasks to queue
[2023-04-05 21:22:39,326] {logging_mixin.py:115} INFO - [2023-04-05 21:22:39,326] {dagbag.py:507} INFO - Filling up the DagBag from /home/edinaldo/Documents/previsao_remuneracao/previsao_remuneracao/venv/lib/python3.10/site-packages/airflow/example_dags/example_latest_only.py
[2023-04-05 21:22:39,335] {processor.py:651} INFO - DAG(s) dict_keys(['latest_only']) retrieved from /home/edinaldo/Documents/previsao_remuneracao/previsao_remuneracao/venv/lib/python3.10/site-packages/airflow/example_dags/example_latest_only.py
[2023-04-05 21:22:39,355] {logging_mixin.py:115} INFO - [2023-04-05 21:22:39,355] {dag.py:2379} INFO - Sync 1 DAGs
[2023-04-05 21:22:39,375] {logging_mixin.py:115} INFO - [2023-04-05 21:22:39,374] {dag.py:2927} INFO - Setting next_dagrun for latest_only to 2023-04-05T20:22:39.374534+00:00, run_after=2023-04-06T00:22:39.374534+00:00
[2023-04-05 21:22:39,477] {processor.py:161} INFO - Processing /home/edinaldo/Documents/previsao_remuneracao/previsao_remuneracao/venv/lib/python3.10/site-packages/airflow/example_dags/example_latest_only.py took 0.163 seconds
[2023-04-05 21:23:16,513] {processor.py:153} INFO - Started process (PID=54123) to work on /home/edinaldo/Documents/previsao_remuneracao/previsao_remuneracao/venv/lib/python3.10/site-packages/airflow/example_dags/example_latest_only.py
[2023-04-05 21:23:16,520] {processor.py:641} INFO - Processing file /home/edinaldo/Documents/previsao_remuneracao/previsao_remuneracao/venv/lib/python3.10/site-packages/airflow/example_dags/example_latest_only.py for tasks to queue
[2023-04-05 21:23:16,521] {logging_mixin.py:115} INFO - [2023-04-05 21:23:16,521] {dagbag.py:507} INFO - Filling up the DagBag from /home/edinaldo/Documents/previsao_remuneracao/previsao_remuneracao/venv/lib/python3.10/site-packages/airflow/example_dags/example_latest_only.py
[2023-04-05 21:23:16,534] {processor.py:651} INFO - DAG(s) dict_keys(['latest_only']) retrieved from /home/edinaldo/Documents/previsao_remuneracao/previsao_remuneracao/venv/lib/python3.10/site-packages/airflow/example_dags/example_latest_only.py
[2023-04-05 21:23:16,555] {logging_mixin.py:115} INFO - [2023-04-05 21:23:16,554] {dag.py:2379} INFO - Sync 1 DAGs
[2023-04-05 21:23:16,577] {logging_mixin.py:115} INFO - [2023-04-05 21:23:16,577] {dag.py:2927} INFO - Setting next_dagrun for latest_only to 2023-04-05T20:23:16.576925+00:00, run_after=2023-04-06T00:23:16.576925+00:00
[2023-04-05 21:23:16,677] {processor.py:161} INFO - Processing /home/edinaldo/Documents/previsao_remuneracao/previsao_remuneracao/venv/lib/python3.10/site-packages/airflow/example_dags/example_latest_only.py took 0.173 seconds
[2023-04-05 21:23:57,862] {processor.py:153} INFO - Started process (PID=54169) to work on /home/edinaldo/Documents/previsao_remuneracao/previsao_remuneracao/venv/lib/python3.10/site-packages/airflow/example_dags/example_latest_only.py
[2023-04-05 21:23:57,866] {processor.py:641} INFO - Processing file /home/edinaldo/Documents/previsao_remuneracao/previsao_remuneracao/venv/lib/python3.10/site-packages/airflow/example_dags/example_latest_only.py for tasks to queue
[2023-04-05 21:23:57,867] {logging_mixin.py:115} INFO - [2023-04-05 21:23:57,867] {dagbag.py:507} INFO - Filling up the DagBag from /home/edinaldo/Documents/previsao_remuneracao/previsao_remuneracao/venv/lib/python3.10/site-packages/airflow/example_dags/example_latest_only.py
[2023-04-05 21:23:57,877] {processor.py:651} INFO - DAG(s) dict_keys(['latest_only']) retrieved from /home/edinaldo/Documents/previsao_remuneracao/previsao_remuneracao/venv/lib/python3.10/site-packages/airflow/example_dags/example_latest_only.py
[2023-04-05 21:23:57,897] {logging_mixin.py:115} INFO - [2023-04-05 21:23:57,897] {dag.py:2379} INFO - Sync 1 DAGs
[2023-04-05 21:23:57,918] {logging_mixin.py:115} INFO - [2023-04-05 21:23:57,918] {dag.py:2927} INFO - Setting next_dagrun for latest_only to 2023-04-05T20:23:57.917809+00:00, run_after=2023-04-06T00:23:57.917809+00:00
[2023-04-05 21:23:58,073] {processor.py:161} INFO - Processing /home/edinaldo/Documents/previsao_remuneracao/previsao_remuneracao/venv/lib/python3.10/site-packages/airflow/example_dags/example_latest_only.py took 0.215 seconds
[2023-04-05 21:24:38,404] {processor.py:153} INFO - Started process (PID=54319) to work on /home/edinaldo/Documents/previsao_remuneracao/previsao_remuneracao/venv/lib/python3.10/site-packages/airflow/example_dags/example_latest_only.py
[2023-04-05 21:24:38,439] {processor.py:641} INFO - Processing file /home/edinaldo/Documents/previsao_remuneracao/previsao_remuneracao/venv/lib/python3.10/site-packages/airflow/example_dags/example_latest_only.py for tasks to queue
[2023-04-05 21:24:38,440] {logging_mixin.py:115} INFO - [2023-04-05 21:24:38,440] {dagbag.py:507} INFO - Filling up the DagBag from /home/edinaldo/Documents/previsao_remuneracao/previsao_remuneracao/venv/lib/python3.10/site-packages/airflow/example_dags/example_latest_only.py
[2023-04-05 21:24:38,452] {processor.py:651} INFO - DAG(s) dict_keys(['latest_only']) retrieved from /home/edinaldo/Documents/previsao_remuneracao/previsao_remuneracao/venv/lib/python3.10/site-packages/airflow/example_dags/example_latest_only.py
[2023-04-05 21:24:38,485] {logging_mixin.py:115} INFO - [2023-04-05 21:24:38,485] {dag.py:2379} INFO - Sync 1 DAGs
[2023-04-05 21:24:38,625] {logging_mixin.py:115} INFO - [2023-04-05 21:24:38,625] {dag.py:2927} INFO - Setting next_dagrun for latest_only to 2023-04-05T20:24:38.625044+00:00, run_after=2023-04-06T00:24:38.625044+00:00
[2023-04-05 21:24:38,743] {processor.py:161} INFO - Processing /home/edinaldo/Documents/previsao_remuneracao/previsao_remuneracao/venv/lib/python3.10/site-packages/airflow/example_dags/example_latest_only.py took 0.343 seconds
[2023-04-05 21:25:23,709] {processor.py:153} INFO - Started process (PID=54547) to work on /home/edinaldo/Documents/previsao_remuneracao/previsao_remuneracao/venv/lib/python3.10/site-packages/airflow/example_dags/example_latest_only.py
[2023-04-05 21:25:23,715] {processor.py:641} INFO - Processing file /home/edinaldo/Documents/previsao_remuneracao/previsao_remuneracao/venv/lib/python3.10/site-packages/airflow/example_dags/example_latest_only.py for tasks to queue
[2023-04-05 21:25:23,715] {logging_mixin.py:115} INFO - [2023-04-05 21:25:23,715] {dagbag.py:507} INFO - Filling up the DagBag from /home/edinaldo/Documents/previsao_remuneracao/previsao_remuneracao/venv/lib/python3.10/site-packages/airflow/example_dags/example_latest_only.py
[2023-04-05 21:25:23,723] {processor.py:651} INFO - DAG(s) dict_keys(['latest_only']) retrieved from /home/edinaldo/Documents/previsao_remuneracao/previsao_remuneracao/venv/lib/python3.10/site-packages/airflow/example_dags/example_latest_only.py
[2023-04-05 21:25:23,743] {logging_mixin.py:115} INFO - [2023-04-05 21:25:23,743] {dag.py:2379} INFO - Sync 1 DAGs
[2023-04-05 21:25:23,762] {logging_mixin.py:115} INFO - [2023-04-05 21:25:23,762] {dag.py:2927} INFO - Setting next_dagrun for latest_only to 2023-04-05T20:25:23.761952+00:00, run_after=2023-04-06T00:25:23.761952+00:00
[2023-04-05 21:25:23,859] {processor.py:161} INFO - Processing /home/edinaldo/Documents/previsao_remuneracao/previsao_remuneracao/venv/lib/python3.10/site-packages/airflow/example_dags/example_latest_only.py took 0.154 seconds
[2023-04-05 21:26:03,134] {processor.py:153} INFO - Started process (PID=54794) to work on /home/edinaldo/Documents/previsao_remuneracao/previsao_remuneracao/venv/lib/python3.10/site-packages/airflow/example_dags/example_latest_only.py
[2023-04-05 21:26:03,144] {processor.py:641} INFO - Processing file /home/edinaldo/Documents/previsao_remuneracao/previsao_remuneracao/venv/lib/python3.10/site-packages/airflow/example_dags/example_latest_only.py for tasks to queue
[2023-04-05 21:26:03,145] {logging_mixin.py:115} INFO - [2023-04-05 21:26:03,144] {dagbag.py:507} INFO - Filling up the DagBag from /home/edinaldo/Documents/previsao_remuneracao/previsao_remuneracao/venv/lib/python3.10/site-packages/airflow/example_dags/example_latest_only.py
[2023-04-05 21:26:03,155] {processor.py:651} INFO - DAG(s) dict_keys(['latest_only']) retrieved from /home/edinaldo/Documents/previsao_remuneracao/previsao_remuneracao/venv/lib/python3.10/site-packages/airflow/example_dags/example_latest_only.py
[2023-04-05 21:26:03,172] {logging_mixin.py:115} INFO - [2023-04-05 21:26:03,172] {dag.py:2379} INFO - Sync 1 DAGs
[2023-04-05 21:26:03,192] {logging_mixin.py:115} INFO - [2023-04-05 21:26:03,192] {dag.py:2927} INFO - Setting next_dagrun for latest_only to 2023-04-05T20:26:03.191756+00:00, run_after=2023-04-06T00:26:03.191756+00:00
[2023-04-05 21:26:03,284] {processor.py:161} INFO - Processing /home/edinaldo/Documents/previsao_remuneracao/previsao_remuneracao/venv/lib/python3.10/site-packages/airflow/example_dags/example_latest_only.py took 0.155 seconds
[2023-04-05 21:26:46,170] {processor.py:153} INFO - Started process (PID=55048) to work on /home/edinaldo/Documents/previsao_remuneracao/previsao_remuneracao/venv/lib/python3.10/site-packages/airflow/example_dags/example_latest_only.py
[2023-04-05 21:26:46,183] {processor.py:641} INFO - Processing file /home/edinaldo/Documents/previsao_remuneracao/previsao_remuneracao/venv/lib/python3.10/site-packages/airflow/example_dags/example_latest_only.py for tasks to queue
[2023-04-05 21:26:46,183] {logging_mixin.py:115} INFO - [2023-04-05 21:26:46,183] {dagbag.py:507} INFO - Filling up the DagBag from /home/edinaldo/Documents/previsao_remuneracao/previsao_remuneracao/venv/lib/python3.10/site-packages/airflow/example_dags/example_latest_only.py
[2023-04-05 21:26:46,197] {processor.py:651} INFO - DAG(s) dict_keys(['latest_only']) retrieved from /home/edinaldo/Documents/previsao_remuneracao/previsao_remuneracao/venv/lib/python3.10/site-packages/airflow/example_dags/example_latest_only.py
[2023-04-05 21:26:46,223] {logging_mixin.py:115} INFO - [2023-04-05 21:26:46,223] {dag.py:2379} INFO - Sync 1 DAGs
[2023-04-05 21:26:46,244] {logging_mixin.py:115} INFO - [2023-04-05 21:26:46,244] {dag.py:2927} INFO - Setting next_dagrun for latest_only to 2023-04-05T20:26:46.244375+00:00, run_after=2023-04-06T00:26:46.244375+00:00
[2023-04-05 21:26:46,387] {processor.py:161} INFO - Processing /home/edinaldo/Documents/previsao_remuneracao/previsao_remuneracao/venv/lib/python3.10/site-packages/airflow/example_dags/example_latest_only.py took 0.220 seconds
[2023-04-05 21:27:33,295] {processor.py:153} INFO - Started process (PID=55357) to work on /home/edinaldo/Documents/previsao_remuneracao/previsao_remuneracao/venv/lib/python3.10/site-packages/airflow/example_dags/example_latest_only.py
[2023-04-05 21:27:33,308] {processor.py:641} INFO - Processing file /home/edinaldo/Documents/previsao_remuneracao/previsao_remuneracao/venv/lib/python3.10/site-packages/airflow/example_dags/example_latest_only.py for tasks to queue
[2023-04-05 21:27:33,310] {logging_mixin.py:115} INFO - [2023-04-05 21:27:33,309] {dagbag.py:507} INFO - Filling up the DagBag from /home/edinaldo/Documents/previsao_remuneracao/previsao_remuneracao/venv/lib/python3.10/site-packages/airflow/example_dags/example_latest_only.py
[2023-04-05 21:27:33,326] {processor.py:651} INFO - DAG(s) dict_keys(['latest_only']) retrieved from /home/edinaldo/Documents/previsao_remuneracao/previsao_remuneracao/venv/lib/python3.10/site-packages/airflow/example_dags/example_latest_only.py
[2023-04-05 21:27:33,346] {logging_mixin.py:115} INFO - [2023-04-05 21:27:33,346] {dag.py:2379} INFO - Sync 1 DAGs
[2023-04-05 21:27:33,365] {logging_mixin.py:115} INFO - [2023-04-05 21:27:33,365] {dag.py:2927} INFO - Setting next_dagrun for latest_only to 2023-04-05T20:27:33.365490+00:00, run_after=2023-04-06T00:27:33.365490+00:00
[2023-04-05 21:27:33,455] {processor.py:161} INFO - Processing /home/edinaldo/Documents/previsao_remuneracao/previsao_remuneracao/venv/lib/python3.10/site-packages/airflow/example_dags/example_latest_only.py took 0.170 seconds
[2023-04-05 21:28:18,222] {processor.py:153} INFO - Started process (PID=55563) to work on /home/edinaldo/Documents/previsao_remuneracao/previsao_remuneracao/venv/lib/python3.10/site-packages/airflow/example_dags/example_latest_only.py
[2023-04-05 21:28:18,251] {processor.py:641} INFO - Processing file /home/edinaldo/Documents/previsao_remuneracao/previsao_remuneracao/venv/lib/python3.10/site-packages/airflow/example_dags/example_latest_only.py for tasks to queue
[2023-04-05 21:28:18,252] {logging_mixin.py:115} INFO - [2023-04-05 21:28:18,251] {dagbag.py:507} INFO - Filling up the DagBag from /home/edinaldo/Documents/previsao_remuneracao/previsao_remuneracao/venv/lib/python3.10/site-packages/airflow/example_dags/example_latest_only.py
[2023-04-05 21:28:18,320] {processor.py:651} INFO - DAG(s) dict_keys(['latest_only']) retrieved from /home/edinaldo/Documents/previsao_remuneracao/previsao_remuneracao/venv/lib/python3.10/site-packages/airflow/example_dags/example_latest_only.py
[2023-04-05 21:28:18,364] {logging_mixin.py:115} INFO - [2023-04-05 21:28:18,364] {dag.py:2379} INFO - Sync 1 DAGs
[2023-04-05 21:28:18,403] {logging_mixin.py:115} INFO - [2023-04-05 21:28:18,402] {dag.py:2927} INFO - Setting next_dagrun for latest_only to 2023-04-05T20:28:18.402057+00:00, run_after=2023-04-06T00:28:18.402057+00:00
[2023-04-05 21:28:18,504] {processor.py:161} INFO - Processing /home/edinaldo/Documents/previsao_remuneracao/previsao_remuneracao/venv/lib/python3.10/site-packages/airflow/example_dags/example_latest_only.py took 0.286 seconds
[2023-04-05 21:29:09,253] {processor.py:153} INFO - Started process (PID=55613) to work on /home/edinaldo/Documents/previsao_remuneracao/previsao_remuneracao/venv/lib/python3.10/site-packages/airflow/example_dags/example_latest_only.py
[2023-04-05 21:29:09,307] {processor.py:641} INFO - Processing file /home/edinaldo/Documents/previsao_remuneracao/previsao_remuneracao/venv/lib/python3.10/site-packages/airflow/example_dags/example_latest_only.py for tasks to queue
[2023-04-05 21:29:09,310] {logging_mixin.py:115} INFO - [2023-04-05 21:29:09,309] {dagbag.py:507} INFO - Filling up the DagBag from /home/edinaldo/Documents/previsao_remuneracao/previsao_remuneracao/venv/lib/python3.10/site-packages/airflow/example_dags/example_latest_only.py
[2023-04-05 21:29:09,339] {processor.py:651} INFO - DAG(s) dict_keys(['latest_only']) retrieved from /home/edinaldo/Documents/previsao_remuneracao/previsao_remuneracao/venv/lib/python3.10/site-packages/airflow/example_dags/example_latest_only.py
[2023-04-05 21:29:09,378] {logging_mixin.py:115} INFO - [2023-04-05 21:29:09,378] {dag.py:2379} INFO - Sync 1 DAGs
[2023-04-05 21:29:09,416] {logging_mixin.py:115} INFO - [2023-04-05 21:29:09,416] {dag.py:2927} INFO - Setting next_dagrun for latest_only to 2023-04-05T20:29:09.415834+00:00, run_after=2023-04-06T00:29:09.415834+00:00
[2023-04-05 21:29:09,526] {processor.py:161} INFO - Processing /home/edinaldo/Documents/previsao_remuneracao/previsao_remuneracao/venv/lib/python3.10/site-packages/airflow/example_dags/example_latest_only.py took 0.284 seconds
[2023-04-05 21:29:53,921] {processor.py:153} INFO - Started process (PID=55654) to work on /home/edinaldo/Documents/previsao_remuneracao/previsao_remuneracao/venv/lib/python3.10/site-packages/airflow/example_dags/example_latest_only.py
[2023-04-05 21:29:53,923] {processor.py:641} INFO - Processing file /home/edinaldo/Documents/previsao_remuneracao/previsao_remuneracao/venv/lib/python3.10/site-packages/airflow/example_dags/example_latest_only.py for tasks to queue
[2023-04-05 21:29:53,924] {logging_mixin.py:115} INFO - [2023-04-05 21:29:53,924] {dagbag.py:507} INFO - Filling up the DagBag from /home/edinaldo/Documents/previsao_remuneracao/previsao_remuneracao/venv/lib/python3.10/site-packages/airflow/example_dags/example_latest_only.py
[2023-04-05 21:29:53,935] {processor.py:651} INFO - DAG(s) dict_keys(['latest_only']) retrieved from /home/edinaldo/Documents/previsao_remuneracao/previsao_remuneracao/venv/lib/python3.10/site-packages/airflow/example_dags/example_latest_only.py
[2023-04-05 21:29:53,964] {logging_mixin.py:115} INFO - [2023-04-05 21:29:53,964] {dag.py:2379} INFO - Sync 1 DAGs
[2023-04-05 21:29:54,001] {logging_mixin.py:115} INFO - [2023-04-05 21:29:54,001] {dag.py:2927} INFO - Setting next_dagrun for latest_only to 2023-04-05T20:29:54.000318+00:00, run_after=2023-04-06T00:29:54.000318+00:00
[2023-04-05 21:29:54,121] {processor.py:161} INFO - Processing /home/edinaldo/Documents/previsao_remuneracao/previsao_remuneracao/venv/lib/python3.10/site-packages/airflow/example_dags/example_latest_only.py took 0.205 seconds
[2023-04-05 21:30:36,169] {processor.py:153} INFO - Started process (PID=55693) to work on /home/edinaldo/Documents/previsao_remuneracao/previsao_remuneracao/venv/lib/python3.10/site-packages/airflow/example_dags/example_latest_only.py
[2023-04-05 21:30:36,170] {processor.py:641} INFO - Processing file /home/edinaldo/Documents/previsao_remuneracao/previsao_remuneracao/venv/lib/python3.10/site-packages/airflow/example_dags/example_latest_only.py for tasks to queue
[2023-04-05 21:30:36,170] {logging_mixin.py:115} INFO - [2023-04-05 21:30:36,170] {dagbag.py:507} INFO - Filling up the DagBag from /home/edinaldo/Documents/previsao_remuneracao/previsao_remuneracao/venv/lib/python3.10/site-packages/airflow/example_dags/example_latest_only.py
[2023-04-05 21:30:36,180] {processor.py:651} INFO - DAG(s) dict_keys(['latest_only']) retrieved from /home/edinaldo/Documents/previsao_remuneracao/previsao_remuneracao/venv/lib/python3.10/site-packages/airflow/example_dags/example_latest_only.py
[2023-04-05 21:30:36,200] {logging_mixin.py:115} INFO - [2023-04-05 21:30:36,199] {dag.py:2379} INFO - Sync 1 DAGs
[2023-04-05 21:30:36,224] {logging_mixin.py:115} INFO - [2023-04-05 21:30:36,224] {dag.py:2927} INFO - Setting next_dagrun for latest_only to 2023-04-05T20:30:36.223523+00:00, run_after=2023-04-06T00:30:36.223523+00:00
[2023-04-05 21:30:36,322] {processor.py:161} INFO - Processing /home/edinaldo/Documents/previsao_remuneracao/previsao_remuneracao/venv/lib/python3.10/site-packages/airflow/example_dags/example_latest_only.py took 0.159 seconds
[2023-04-05 21:31:15,287] {processor.py:153} INFO - Started process (PID=55753) to work on /home/edinaldo/Documents/previsao_remuneracao/previsao_remuneracao/venv/lib/python3.10/site-packages/airflow/example_dags/example_latest_only.py
[2023-04-05 21:31:15,288] {processor.py:641} INFO - Processing file /home/edinaldo/Documents/previsao_remuneracao/previsao_remuneracao/venv/lib/python3.10/site-packages/airflow/example_dags/example_latest_only.py for tasks to queue
[2023-04-05 21:31:15,289] {logging_mixin.py:115} INFO - [2023-04-05 21:31:15,289] {dagbag.py:507} INFO - Filling up the DagBag from /home/edinaldo/Documents/previsao_remuneracao/previsao_remuneracao/venv/lib/python3.10/site-packages/airflow/example_dags/example_latest_only.py
[2023-04-05 21:31:15,299] {processor.py:651} INFO - DAG(s) dict_keys(['latest_only']) retrieved from /home/edinaldo/Documents/previsao_remuneracao/previsao_remuneracao/venv/lib/python3.10/site-packages/airflow/example_dags/example_latest_only.py
[2023-04-05 21:31:15,317] {logging_mixin.py:115} INFO - [2023-04-05 21:31:15,317] {dag.py:2379} INFO - Sync 1 DAGs
[2023-04-05 21:31:15,342] {logging_mixin.py:115} INFO - [2023-04-05 21:31:15,342] {dag.py:2927} INFO - Setting next_dagrun for latest_only to 2023-04-05T20:31:15.342055+00:00, run_after=2023-04-06T00:31:15.342055+00:00
[2023-04-05 21:31:15,431] {processor.py:161} INFO - Processing /home/edinaldo/Documents/previsao_remuneracao/previsao_remuneracao/venv/lib/python3.10/site-packages/airflow/example_dags/example_latest_only.py took 0.148 seconds
[2023-04-05 21:31:52,827] {processor.py:153} INFO - Started process (PID=55815) to work on /home/edinaldo/Documents/previsao_remuneracao/previsao_remuneracao/venv/lib/python3.10/site-packages/airflow/example_dags/example_latest_only.py
[2023-04-05 21:31:52,841] {processor.py:641} INFO - Processing file /home/edinaldo/Documents/previsao_remuneracao/previsao_remuneracao/venv/lib/python3.10/site-packages/airflow/example_dags/example_latest_only.py for tasks to queue
[2023-04-05 21:31:52,842] {logging_mixin.py:115} INFO - [2023-04-05 21:31:52,842] {dagbag.py:507} INFO - Filling up the DagBag from /home/edinaldo/Documents/previsao_remuneracao/previsao_remuneracao/venv/lib/python3.10/site-packages/airflow/example_dags/example_latest_only.py
[2023-04-05 21:31:52,872] {processor.py:651} INFO - DAG(s) dict_keys(['latest_only']) retrieved from /home/edinaldo/Documents/previsao_remuneracao/previsao_remuneracao/venv/lib/python3.10/site-packages/airflow/example_dags/example_latest_only.py
[2023-04-05 21:31:52,909] {logging_mixin.py:115} INFO - [2023-04-05 21:31:52,909] {dag.py:2379} INFO - Sync 1 DAGs
[2023-04-05 21:31:52,950] {logging_mixin.py:115} INFO - [2023-04-05 21:31:52,950] {dag.py:2927} INFO - Setting next_dagrun for latest_only to 2023-04-05T20:31:52.949207+00:00, run_after=2023-04-06T00:31:52.949207+00:00
[2023-04-05 21:31:53,063] {processor.py:161} INFO - Processing /home/edinaldo/Documents/previsao_remuneracao/previsao_remuneracao/venv/lib/python3.10/site-packages/airflow/example_dags/example_latest_only.py took 0.242 seconds
[2023-04-05 21:32:45,486] {processor.py:153} INFO - Started process (PID=56083) to work on /home/edinaldo/Documents/previsao_remuneracao/previsao_remuneracao/venv/lib/python3.10/site-packages/airflow/example_dags/example_latest_only.py
[2023-04-05 21:32:45,501] {processor.py:641} INFO - Processing file /home/edinaldo/Documents/previsao_remuneracao/previsao_remuneracao/venv/lib/python3.10/site-packages/airflow/example_dags/example_latest_only.py for tasks to queue
[2023-04-05 21:32:45,502] {logging_mixin.py:115} INFO - [2023-04-05 21:32:45,502] {dagbag.py:507} INFO - Filling up the DagBag from /home/edinaldo/Documents/previsao_remuneracao/previsao_remuneracao/venv/lib/python3.10/site-packages/airflow/example_dags/example_latest_only.py
[2023-04-05 21:32:45,548] {processor.py:651} INFO - DAG(s) dict_keys(['latest_only']) retrieved from /home/edinaldo/Documents/previsao_remuneracao/previsao_remuneracao/venv/lib/python3.10/site-packages/airflow/example_dags/example_latest_only.py
[2023-04-05 21:32:45,581] {logging_mixin.py:115} INFO - [2023-04-05 21:32:45,580] {dag.py:2379} INFO - Sync 1 DAGs
[2023-04-05 21:32:45,628] {logging_mixin.py:115} INFO - [2023-04-05 21:32:45,628] {dag.py:2927} INFO - Setting next_dagrun for latest_only to 2023-04-05T20:32:45.627624+00:00, run_after=2023-04-06T00:32:45.627624+00:00
[2023-04-05 21:32:45,832] {processor.py:161} INFO - Processing /home/edinaldo/Documents/previsao_remuneracao/previsao_remuneracao/venv/lib/python3.10/site-packages/airflow/example_dags/example_latest_only.py took 0.353 seconds
[2023-04-05 21:33:28,355] {processor.py:153} INFO - Started process (PID=56130) to work on /home/edinaldo/Documents/previsao_remuneracao/previsao_remuneracao/venv/lib/python3.10/site-packages/airflow/example_dags/example_latest_only.py
[2023-04-05 21:33:28,364] {processor.py:641} INFO - Processing file /home/edinaldo/Documents/previsao_remuneracao/previsao_remuneracao/venv/lib/python3.10/site-packages/airflow/example_dags/example_latest_only.py for tasks to queue
[2023-04-05 21:33:28,364] {logging_mixin.py:115} INFO - [2023-04-05 21:33:28,364] {dagbag.py:507} INFO - Filling up the DagBag from /home/edinaldo/Documents/previsao_remuneracao/previsao_remuneracao/venv/lib/python3.10/site-packages/airflow/example_dags/example_latest_only.py
[2023-04-05 21:33:28,373] {processor.py:651} INFO - DAG(s) dict_keys(['latest_only']) retrieved from /home/edinaldo/Documents/previsao_remuneracao/previsao_remuneracao/venv/lib/python3.10/site-packages/airflow/example_dags/example_latest_only.py
[2023-04-05 21:33:28,404] {logging_mixin.py:115} INFO - [2023-04-05 21:33:28,404] {dag.py:2379} INFO - Sync 1 DAGs
[2023-04-05 21:33:28,440] {logging_mixin.py:115} INFO - [2023-04-05 21:33:28,439] {dag.py:2927} INFO - Setting next_dagrun for latest_only to 2023-04-05T20:33:28.438984+00:00, run_after=2023-04-06T00:33:28.438984+00:00
[2023-04-05 21:33:28,562] {processor.py:161} INFO - Processing /home/edinaldo/Documents/previsao_remuneracao/previsao_remuneracao/venv/lib/python3.10/site-packages/airflow/example_dags/example_latest_only.py took 0.211 seconds
[2023-04-05 21:34:12,269] {processor.py:153} INFO - Started process (PID=56190) to work on /home/edinaldo/Documents/previsao_remuneracao/previsao_remuneracao/venv/lib/python3.10/site-packages/airflow/example_dags/example_latest_only.py
[2023-04-05 21:34:12,271] {processor.py:641} INFO - Processing file /home/edinaldo/Documents/previsao_remuneracao/previsao_remuneracao/venv/lib/python3.10/site-packages/airflow/example_dags/example_latest_only.py for tasks to queue
[2023-04-05 21:34:12,273] {logging_mixin.py:115} INFO - [2023-04-05 21:34:12,273] {dagbag.py:507} INFO - Filling up the DagBag from /home/edinaldo/Documents/previsao_remuneracao/previsao_remuneracao/venv/lib/python3.10/site-packages/airflow/example_dags/example_latest_only.py
[2023-04-05 21:34:12,298] {processor.py:651} INFO - DAG(s) dict_keys(['latest_only']) retrieved from /home/edinaldo/Documents/previsao_remuneracao/previsao_remuneracao/venv/lib/python3.10/site-packages/airflow/example_dags/example_latest_only.py
[2023-04-05 21:34:12,355] {logging_mixin.py:115} INFO - [2023-04-05 21:34:12,355] {dag.py:2379} INFO - Sync 1 DAGs
[2023-04-05 21:34:12,386] {logging_mixin.py:115} INFO - [2023-04-05 21:34:12,386] {dag.py:2927} INFO - Setting next_dagrun for latest_only to 2023-04-05T20:34:12.386110+00:00, run_after=2023-04-06T00:34:12.386110+00:00
[2023-04-05 21:34:12,481] {processor.py:161} INFO - Processing /home/edinaldo/Documents/previsao_remuneracao/previsao_remuneracao/venv/lib/python3.10/site-packages/airflow/example_dags/example_latest_only.py took 0.225 seconds
[2023-04-05 21:34:56,420] {processor.py:153} INFO - Started process (PID=56248) to work on /home/edinaldo/Documents/previsao_remuneracao/previsao_remuneracao/venv/lib/python3.10/site-packages/airflow/example_dags/example_latest_only.py
[2023-04-05 21:34:56,421] {processor.py:641} INFO - Processing file /home/edinaldo/Documents/previsao_remuneracao/previsao_remuneracao/venv/lib/python3.10/site-packages/airflow/example_dags/example_latest_only.py for tasks to queue
[2023-04-05 21:34:56,422] {logging_mixin.py:115} INFO - [2023-04-05 21:34:56,422] {dagbag.py:507} INFO - Filling up the DagBag from /home/edinaldo/Documents/previsao_remuneracao/previsao_remuneracao/venv/lib/python3.10/site-packages/airflow/example_dags/example_latest_only.py
[2023-04-05 21:34:56,432] {processor.py:651} INFO - DAG(s) dict_keys(['latest_only']) retrieved from /home/edinaldo/Documents/previsao_remuneracao/previsao_remuneracao/venv/lib/python3.10/site-packages/airflow/example_dags/example_latest_only.py
[2023-04-05 21:34:56,458] {logging_mixin.py:115} INFO - [2023-04-05 21:34:56,457] {dag.py:2379} INFO - Sync 1 DAGs
[2023-04-05 21:34:56,495] {logging_mixin.py:115} INFO - [2023-04-05 21:34:56,495] {dag.py:2927} INFO - Setting next_dagrun for latest_only to 2023-04-05T20:34:56.494068+00:00, run_after=2023-04-06T00:34:56.494068+00:00
[2023-04-05 21:34:56,588] {processor.py:161} INFO - Processing /home/edinaldo/Documents/previsao_remuneracao/previsao_remuneracao/venv/lib/python3.10/site-packages/airflow/example_dags/example_latest_only.py took 0.172 seconds
[2023-04-05 21:35:50,972] {processor.py:153} INFO - Started process (PID=56464) to work on /home/edinaldo/Documents/previsao_remuneracao/previsao_remuneracao/venv/lib/python3.10/site-packages/airflow/example_dags/example_latest_only.py
[2023-04-05 21:35:51,017] {processor.py:641} INFO - Processing file /home/edinaldo/Documents/previsao_remuneracao/previsao_remuneracao/venv/lib/python3.10/site-packages/airflow/example_dags/example_latest_only.py for tasks to queue
[2023-04-05 21:35:51,018] {logging_mixin.py:115} INFO - [2023-04-05 21:35:51,018] {dagbag.py:507} INFO - Filling up the DagBag from /home/edinaldo/Documents/previsao_remuneracao/previsao_remuneracao/venv/lib/python3.10/site-packages/airflow/example_dags/example_latest_only.py
[2023-04-05 21:35:51,191] {processor.py:651} INFO - DAG(s) dict_keys(['latest_only']) retrieved from /home/edinaldo/Documents/previsao_remuneracao/previsao_remuneracao/venv/lib/python3.10/site-packages/airflow/example_dags/example_latest_only.py
[2023-04-05 21:35:51,302] {logging_mixin.py:115} INFO - [2023-04-05 21:35:51,302] {dag.py:2379} INFO - Sync 1 DAGs
[2023-04-05 21:35:51,629] {logging_mixin.py:115} INFO - [2023-04-05 21:35:51,629] {dag.py:2927} INFO - Setting next_dagrun for latest_only to 2023-04-05T20:35:51.607154+00:00, run_after=2023-04-06T00:35:51.607154+00:00
[2023-04-05 21:35:51,892] {processor.py:161} INFO - Processing /home/edinaldo/Documents/previsao_remuneracao/previsao_remuneracao/venv/lib/python3.10/site-packages/airflow/example_dags/example_latest_only.py took 0.977 seconds
[2023-04-05 21:37:26,908] {processor.py:153} INFO - Started process (PID=56816) to work on /home/edinaldo/Documents/previsao_remuneracao/previsao_remuneracao/venv/lib/python3.10/site-packages/airflow/example_dags/example_latest_only.py
[2023-04-05 21:37:27,210] {processor.py:641} INFO - Processing file /home/edinaldo/Documents/previsao_remuneracao/previsao_remuneracao/venv/lib/python3.10/site-packages/airflow/example_dags/example_latest_only.py for tasks to queue
[2023-04-05 21:37:27,212] {logging_mixin.py:115} INFO - [2023-04-05 21:37:27,212] {dagbag.py:507} INFO - Filling up the DagBag from /home/edinaldo/Documents/previsao_remuneracao/previsao_remuneracao/venv/lib/python3.10/site-packages/airflow/example_dags/example_latest_only.py
[2023-04-05 21:37:27,330] {processor.py:651} INFO - DAG(s) dict_keys(['latest_only']) retrieved from /home/edinaldo/Documents/previsao_remuneracao/previsao_remuneracao/venv/lib/python3.10/site-packages/airflow/example_dags/example_latest_only.py
[2023-04-05 21:37:27,374] {logging_mixin.py:115} INFO - [2023-04-05 21:37:27,374] {dag.py:2379} INFO - Sync 1 DAGs
[2023-04-05 21:37:27,399] {logging_mixin.py:115} INFO - [2023-04-05 21:37:27,399] {dag.py:2927} INFO - Setting next_dagrun for latest_only to 2023-04-05T20:37:27.399068+00:00, run_after=2023-04-06T00:37:27.399068+00:00
[2023-04-05 21:37:27,558] {processor.py:161} INFO - Processing /home/edinaldo/Documents/previsao_remuneracao/previsao_remuneracao/venv/lib/python3.10/site-packages/airflow/example_dags/example_latest_only.py took 0.654 seconds
[2023-04-05 21:38:18,604] {processor.py:153} INFO - Started process (PID=56996) to work on /home/edinaldo/Documents/previsao_remuneracao/previsao_remuneracao/venv/lib/python3.10/site-packages/airflow/example_dags/example_latest_only.py
[2023-04-05 21:38:18,617] {processor.py:641} INFO - Processing file /home/edinaldo/Documents/previsao_remuneracao/previsao_remuneracao/venv/lib/python3.10/site-packages/airflow/example_dags/example_latest_only.py for tasks to queue
[2023-04-05 21:38:18,618] {logging_mixin.py:115} INFO - [2023-04-05 21:38:18,618] {dagbag.py:507} INFO - Filling up the DagBag from /home/edinaldo/Documents/previsao_remuneracao/previsao_remuneracao/venv/lib/python3.10/site-packages/airflow/example_dags/example_latest_only.py
[2023-04-05 21:38:18,677] {processor.py:651} INFO - DAG(s) dict_keys(['latest_only']) retrieved from /home/edinaldo/Documents/previsao_remuneracao/previsao_remuneracao/venv/lib/python3.10/site-packages/airflow/example_dags/example_latest_only.py
[2023-04-05 21:38:18,710] {logging_mixin.py:115} INFO - [2023-04-05 21:38:18,709] {dag.py:2379} INFO - Sync 1 DAGs
[2023-04-05 21:38:18,749] {logging_mixin.py:115} INFO - [2023-04-05 21:38:18,749] {dag.py:2927} INFO - Setting next_dagrun for latest_only to 2023-04-05T20:38:18.748703+00:00, run_after=2023-04-06T00:38:18.748703+00:00
[2023-04-05 21:38:18,844] {processor.py:161} INFO - Processing /home/edinaldo/Documents/previsao_remuneracao/previsao_remuneracao/venv/lib/python3.10/site-packages/airflow/example_dags/example_latest_only.py took 0.245 seconds
[2023-04-05 21:39:28,733] {processor.py:153} INFO - Started process (PID=57394) to work on /home/edinaldo/Documents/previsao_remuneracao/previsao_remuneracao/venv/lib/python3.10/site-packages/airflow/example_dags/example_latest_only.py
[2023-04-05 21:39:28,778] {processor.py:641} INFO - Processing file /home/edinaldo/Documents/previsao_remuneracao/previsao_remuneracao/venv/lib/python3.10/site-packages/airflow/example_dags/example_latest_only.py for tasks to queue
[2023-04-05 21:39:28,779] {logging_mixin.py:115} INFO - [2023-04-05 21:39:28,778] {dagbag.py:507} INFO - Filling up the DagBag from /home/edinaldo/Documents/previsao_remuneracao/previsao_remuneracao/venv/lib/python3.10/site-packages/airflow/example_dags/example_latest_only.py
[2023-04-05 21:39:28,949] {processor.py:651} INFO - DAG(s) dict_keys(['latest_only']) retrieved from /home/edinaldo/Documents/previsao_remuneracao/previsao_remuneracao/venv/lib/python3.10/site-packages/airflow/example_dags/example_latest_only.py
[2023-04-05 21:39:28,992] {logging_mixin.py:115} INFO - [2023-04-05 21:39:28,992] {dag.py:2379} INFO - Sync 1 DAGs
[2023-04-05 21:39:29,035] {logging_mixin.py:115} INFO - [2023-04-05 21:39:29,035] {dag.py:2927} INFO - Setting next_dagrun for latest_only to 2023-04-05T20:39:29.034931+00:00, run_after=2023-04-06T00:39:29.034931+00:00
[2023-04-05 21:39:29,214] {processor.py:161} INFO - Processing /home/edinaldo/Documents/previsao_remuneracao/previsao_remuneracao/venv/lib/python3.10/site-packages/airflow/example_dags/example_latest_only.py took 0.492 seconds
[2023-04-05 21:40:26,705] {processor.py:153} INFO - Started process (PID=57642) to work on /home/edinaldo/Documents/previsao_remuneracao/previsao_remuneracao/venv/lib/python3.10/site-packages/airflow/example_dags/example_latest_only.py
[2023-04-05 21:40:26,713] {processor.py:641} INFO - Processing file /home/edinaldo/Documents/previsao_remuneracao/previsao_remuneracao/venv/lib/python3.10/site-packages/airflow/example_dags/example_latest_only.py for tasks to queue
[2023-04-05 21:40:26,714] {logging_mixin.py:115} INFO - [2023-04-05 21:40:26,714] {dagbag.py:507} INFO - Filling up the DagBag from /home/edinaldo/Documents/previsao_remuneracao/previsao_remuneracao/venv/lib/python3.10/site-packages/airflow/example_dags/example_latest_only.py
[2023-04-05 21:40:27,262] {processor.py:651} INFO - DAG(s) dict_keys(['latest_only']) retrieved from /home/edinaldo/Documents/previsao_remuneracao/previsao_remuneracao/venv/lib/python3.10/site-packages/airflow/example_dags/example_latest_only.py
[2023-04-05 21:40:27,298] {logging_mixin.py:115} INFO - [2023-04-05 21:40:27,298] {dag.py:2379} INFO - Sync 1 DAGs
[2023-04-05 21:40:27,327] {logging_mixin.py:115} INFO - [2023-04-05 21:40:27,326] {dag.py:2927} INFO - Setting next_dagrun for latest_only to 2023-04-05T20:40:27.326444+00:00, run_after=2023-04-06T00:40:27.326444+00:00
[2023-04-05 21:40:27,641] {processor.py:161} INFO - Processing /home/edinaldo/Documents/previsao_remuneracao/previsao_remuneracao/venv/lib/python3.10/site-packages/airflow/example_dags/example_latest_only.py took 0.942 seconds
[2023-04-05 21:41:16,064] {processor.py:153} INFO - Started process (PID=57917) to work on /home/edinaldo/Documents/previsao_remuneracao/previsao_remuneracao/venv/lib/python3.10/site-packages/airflow/example_dags/example_latest_only.py
[2023-04-05 21:41:16,080] {processor.py:641} INFO - Processing file /home/edinaldo/Documents/previsao_remuneracao/previsao_remuneracao/venv/lib/python3.10/site-packages/airflow/example_dags/example_latest_only.py for tasks to queue
[2023-04-05 21:41:16,081] {logging_mixin.py:115} INFO - [2023-04-05 21:41:16,081] {dagbag.py:507} INFO - Filling up the DagBag from /home/edinaldo/Documents/previsao_remuneracao/previsao_remuneracao/venv/lib/python3.10/site-packages/airflow/example_dags/example_latest_only.py
[2023-04-05 21:41:16,100] {processor.py:651} INFO - DAG(s) dict_keys(['latest_only']) retrieved from /home/edinaldo/Documents/previsao_remuneracao/previsao_remuneracao/venv/lib/python3.10/site-packages/airflow/example_dags/example_latest_only.py
[2023-04-05 21:41:16,120] {logging_mixin.py:115} INFO - [2023-04-05 21:41:16,119] {dag.py:2379} INFO - Sync 1 DAGs
[2023-04-05 21:41:16,139] {logging_mixin.py:115} INFO - [2023-04-05 21:41:16,139] {dag.py:2927} INFO - Setting next_dagrun for latest_only to 2023-04-05T20:41:16.139535+00:00, run_after=2023-04-06T00:41:16.139535+00:00
[2023-04-05 21:41:16,228] {processor.py:161} INFO - Processing /home/edinaldo/Documents/previsao_remuneracao/previsao_remuneracao/venv/lib/python3.10/site-packages/airflow/example_dags/example_latest_only.py took 0.175 seconds
[2023-04-05 21:42:03,912] {processor.py:153} INFO - Started process (PID=58220) to work on /home/edinaldo/Documents/previsao_remuneracao/previsao_remuneracao/venv/lib/python3.10/site-packages/airflow/example_dags/example_latest_only.py
[2023-04-05 21:42:03,919] {processor.py:641} INFO - Processing file /home/edinaldo/Documents/previsao_remuneracao/previsao_remuneracao/venv/lib/python3.10/site-packages/airflow/example_dags/example_latest_only.py for tasks to queue
[2023-04-05 21:42:03,921] {logging_mixin.py:115} INFO - [2023-04-05 21:42:03,921] {dagbag.py:507} INFO - Filling up the DagBag from /home/edinaldo/Documents/previsao_remuneracao/previsao_remuneracao/venv/lib/python3.10/site-packages/airflow/example_dags/example_latest_only.py
[2023-04-05 21:42:03,956] {processor.py:651} INFO - DAG(s) dict_keys(['latest_only']) retrieved from /home/edinaldo/Documents/previsao_remuneracao/previsao_remuneracao/venv/lib/python3.10/site-packages/airflow/example_dags/example_latest_only.py
[2023-04-05 21:42:03,984] {logging_mixin.py:115} INFO - [2023-04-05 21:42:03,984] {dag.py:2379} INFO - Sync 1 DAGs
[2023-04-05 21:42:04,004] {logging_mixin.py:115} INFO - [2023-04-05 21:42:04,004] {dag.py:2927} INFO - Setting next_dagrun for latest_only to 2023-04-05T20:42:04.004198+00:00, run_after=2023-04-06T00:42:04.004198+00:00
[2023-04-05 21:42:04,104] {processor.py:161} INFO - Processing /home/edinaldo/Documents/previsao_remuneracao/previsao_remuneracao/venv/lib/python3.10/site-packages/airflow/example_dags/example_latest_only.py took 0.202 seconds
[2023-04-05 21:42:44,445] {processor.py:153} INFO - Started process (PID=58420) to work on /home/edinaldo/Documents/previsao_remuneracao/previsao_remuneracao/venv/lib/python3.10/site-packages/airflow/example_dags/example_latest_only.py
[2023-04-05 21:42:44,458] {processor.py:641} INFO - Processing file /home/edinaldo/Documents/previsao_remuneracao/previsao_remuneracao/venv/lib/python3.10/site-packages/airflow/example_dags/example_latest_only.py for tasks to queue
[2023-04-05 21:42:44,460] {logging_mixin.py:115} INFO - [2023-04-05 21:42:44,460] {dagbag.py:507} INFO - Filling up the DagBag from /home/edinaldo/Documents/previsao_remuneracao/previsao_remuneracao/venv/lib/python3.10/site-packages/airflow/example_dags/example_latest_only.py
[2023-04-05 21:42:44,504] {processor.py:651} INFO - DAG(s) dict_keys(['latest_only']) retrieved from /home/edinaldo/Documents/previsao_remuneracao/previsao_remuneracao/venv/lib/python3.10/site-packages/airflow/example_dags/example_latest_only.py
[2023-04-05 21:42:44,565] {logging_mixin.py:115} INFO - [2023-04-05 21:42:44,565] {dag.py:2379} INFO - Sync 1 DAGs
[2023-04-05 21:42:44,595] {logging_mixin.py:115} INFO - [2023-04-05 21:42:44,595] {dag.py:2927} INFO - Setting next_dagrun for latest_only to 2023-04-05T20:42:44.594896+00:00, run_after=2023-04-06T00:42:44.594896+00:00
[2023-04-05 21:42:44,704] {processor.py:161} INFO - Processing /home/edinaldo/Documents/previsao_remuneracao/previsao_remuneracao/venv/lib/python3.10/site-packages/airflow/example_dags/example_latest_only.py took 0.272 seconds
