[2023-04-05 21:00:54,504] {processor.py:153} INFO - Started process (PID=52184) to work on /home/edinaldo/Documents/previsao_remuneracao/previsao_remuneracao/venv/lib/python3.10/site-packages/airflow/example_dags/example_branch_day_of_week_operator.py
[2023-04-05 21:00:54,506] {processor.py:641} INFO - Processing file /home/edinaldo/Documents/previsao_remuneracao/previsao_remuneracao/venv/lib/python3.10/site-packages/airflow/example_dags/example_branch_day_of_week_operator.py for tasks to queue
[2023-04-05 21:00:54,507] {logging_mixin.py:115} INFO - [2023-04-05 21:00:54,507] {dagbag.py:507} INFO - Filling up the DagBag from /home/edinaldo/Documents/previsao_remuneracao/previsao_remuneracao/venv/lib/python3.10/site-packages/airflow/example_dags/example_branch_day_of_week_operator.py
[2023-04-05 21:00:54,523] {processor.py:651} INFO - DAG(s) dict_keys(['example_weekday_branch_operator']) retrieved from /home/edinaldo/Documents/previsao_remuneracao/previsao_remuneracao/venv/lib/python3.10/site-packages/airflow/example_dags/example_branch_day_of_week_operator.py
[2023-04-05 21:00:54,540] {logging_mixin.py:115} INFO - [2023-04-05 21:00:54,540] {dag.py:2379} INFO - Sync 1 DAGs
[2023-04-05 21:00:54,562] {logging_mixin.py:115} INFO - [2023-04-05 21:00:54,562] {dag.py:2927} INFO - Setting next_dagrun for example_weekday_branch_operator to 2023-04-05T00:00:00+00:00, run_after=2023-04-06T00:00:00+00:00
[2023-04-05 21:00:54,655] {processor.py:161} INFO - Processing /home/edinaldo/Documents/previsao_remuneracao/previsao_remuneracao/venv/lib/python3.10/site-packages/airflow/example_dags/example_branch_day_of_week_operator.py took 0.162 seconds
[2023-04-05 21:01:32,231] {processor.py:153} INFO - Started process (PID=52242) to work on /home/edinaldo/Documents/previsao_remuneracao/previsao_remuneracao/venv/lib/python3.10/site-packages/airflow/example_dags/example_branch_day_of_week_operator.py
[2023-04-05 21:01:32,296] {processor.py:641} INFO - Processing file /home/edinaldo/Documents/previsao_remuneracao/previsao_remuneracao/venv/lib/python3.10/site-packages/airflow/example_dags/example_branch_day_of_week_operator.py for tasks to queue
[2023-04-05 21:01:32,298] {logging_mixin.py:115} INFO - [2023-04-05 21:01:32,298] {dagbag.py:507} INFO - Filling up the DagBag from /home/edinaldo/Documents/previsao_remuneracao/previsao_remuneracao/venv/lib/python3.10/site-packages/airflow/example_dags/example_branch_day_of_week_operator.py
[2023-04-05 21:01:32,317] {processor.py:651} INFO - DAG(s) dict_keys(['example_weekday_branch_operator']) retrieved from /home/edinaldo/Documents/previsao_remuneracao/previsao_remuneracao/venv/lib/python3.10/site-packages/airflow/example_dags/example_branch_day_of_week_operator.py
[2023-04-05 21:01:32,335] {logging_mixin.py:115} INFO - [2023-04-05 21:01:32,335] {dag.py:2379} INFO - Sync 1 DAGs
[2023-04-05 21:01:32,355] {logging_mixin.py:115} INFO - [2023-04-05 21:01:32,355] {dag.py:2927} INFO - Setting next_dagrun for example_weekday_branch_operator to 2023-04-05T00:00:00+00:00, run_after=2023-04-06T00:00:00+00:00
[2023-04-05 21:01:32,549] {processor.py:161} INFO - Processing /home/edinaldo/Documents/previsao_remuneracao/previsao_remuneracao/venv/lib/python3.10/site-packages/airflow/example_dags/example_branch_day_of_week_operator.py took 0.324 seconds
[2023-04-05 21:02:15,680] {processor.py:153} INFO - Started process (PID=52332) to work on /home/edinaldo/Documents/previsao_remuneracao/previsao_remuneracao/venv/lib/python3.10/site-packages/airflow/example_dags/example_branch_day_of_week_operator.py
[2023-04-05 21:02:15,690] {processor.py:641} INFO - Processing file /home/edinaldo/Documents/previsao_remuneracao/previsao_remuneracao/venv/lib/python3.10/site-packages/airflow/example_dags/example_branch_day_of_week_operator.py for tasks to queue
[2023-04-05 21:02:15,691] {logging_mixin.py:115} INFO - [2023-04-05 21:02:15,691] {dagbag.py:507} INFO - Filling up the DagBag from /home/edinaldo/Documents/previsao_remuneracao/previsao_remuneracao/venv/lib/python3.10/site-packages/airflow/example_dags/example_branch_day_of_week_operator.py
[2023-04-05 21:02:15,714] {processor.py:651} INFO - DAG(s) dict_keys(['example_weekday_branch_operator']) retrieved from /home/edinaldo/Documents/previsao_remuneracao/previsao_remuneracao/venv/lib/python3.10/site-packages/airflow/example_dags/example_branch_day_of_week_operator.py
[2023-04-05 21:02:15,735] {logging_mixin.py:115} INFO - [2023-04-05 21:02:15,735] {dag.py:2379} INFO - Sync 1 DAGs
[2023-04-05 21:02:15,763] {logging_mixin.py:115} INFO - [2023-04-05 21:02:15,763] {dag.py:2927} INFO - Setting next_dagrun for example_weekday_branch_operator to 2023-04-05T00:00:00+00:00, run_after=2023-04-06T00:00:00+00:00
[2023-04-05 21:02:15,859] {processor.py:161} INFO - Processing /home/edinaldo/Documents/previsao_remuneracao/previsao_remuneracao/venv/lib/python3.10/site-packages/airflow/example_dags/example_branch_day_of_week_operator.py took 0.189 seconds
[2023-04-05 21:03:06,241] {processor.py:153} INFO - Started process (PID=52446) to work on /home/edinaldo/Documents/previsao_remuneracao/previsao_remuneracao/venv/lib/python3.10/site-packages/airflow/example_dags/example_branch_day_of_week_operator.py
[2023-04-05 21:03:06,243] {processor.py:641} INFO - Processing file /home/edinaldo/Documents/previsao_remuneracao/previsao_remuneracao/venv/lib/python3.10/site-packages/airflow/example_dags/example_branch_day_of_week_operator.py for tasks to queue
[2023-04-05 21:03:06,244] {logging_mixin.py:115} INFO - [2023-04-05 21:03:06,244] {dagbag.py:507} INFO - Filling up the DagBag from /home/edinaldo/Documents/previsao_remuneracao/previsao_remuneracao/venv/lib/python3.10/site-packages/airflow/example_dags/example_branch_day_of_week_operator.py
[2023-04-05 21:03:06,264] {processor.py:651} INFO - DAG(s) dict_keys(['example_weekday_branch_operator']) retrieved from /home/edinaldo/Documents/previsao_remuneracao/previsao_remuneracao/venv/lib/python3.10/site-packages/airflow/example_dags/example_branch_day_of_week_operator.py
[2023-04-05 21:03:06,283] {logging_mixin.py:115} INFO - [2023-04-05 21:03:06,283] {dag.py:2379} INFO - Sync 1 DAGs
[2023-04-05 21:03:06,305] {logging_mixin.py:115} INFO - [2023-04-05 21:03:06,305] {dag.py:2927} INFO - Setting next_dagrun for example_weekday_branch_operator to 2023-04-05T00:00:00+00:00, run_after=2023-04-06T00:00:00+00:00
[2023-04-05 21:03:06,395] {processor.py:161} INFO - Processing /home/edinaldo/Documents/previsao_remuneracao/previsao_remuneracao/venv/lib/python3.10/site-packages/airflow/example_dags/example_branch_day_of_week_operator.py took 0.161 seconds
[2023-04-05 21:03:54,481] {processor.py:153} INFO - Started process (PID=52497) to work on /home/edinaldo/Documents/previsao_remuneracao/previsao_remuneracao/venv/lib/python3.10/site-packages/airflow/example_dags/example_branch_day_of_week_operator.py
[2023-04-05 21:03:54,485] {processor.py:641} INFO - Processing file /home/edinaldo/Documents/previsao_remuneracao/previsao_remuneracao/venv/lib/python3.10/site-packages/airflow/example_dags/example_branch_day_of_week_operator.py for tasks to queue
[2023-04-05 21:03:54,486] {logging_mixin.py:115} INFO - [2023-04-05 21:03:54,486] {dagbag.py:507} INFO - Filling up the DagBag from /home/edinaldo/Documents/previsao_remuneracao/previsao_remuneracao/venv/lib/python3.10/site-packages/airflow/example_dags/example_branch_day_of_week_operator.py
[2023-04-05 21:03:54,503] {processor.py:651} INFO - DAG(s) dict_keys(['example_weekday_branch_operator']) retrieved from /home/edinaldo/Documents/previsao_remuneracao/previsao_remuneracao/venv/lib/python3.10/site-packages/airflow/example_dags/example_branch_day_of_week_operator.py
[2023-04-05 21:03:54,525] {logging_mixin.py:115} INFO - [2023-04-05 21:03:54,525] {dag.py:2379} INFO - Sync 1 DAGs
[2023-04-05 21:03:54,547] {logging_mixin.py:115} INFO - [2023-04-05 21:03:54,547] {dag.py:2927} INFO - Setting next_dagrun for example_weekday_branch_operator to 2023-04-05T00:00:00+00:00, run_after=2023-04-06T00:00:00+00:00
[2023-04-05 21:03:54,669] {processor.py:161} INFO - Processing /home/edinaldo/Documents/previsao_remuneracao/previsao_remuneracao/venv/lib/python3.10/site-packages/airflow/example_dags/example_branch_day_of_week_operator.py took 0.194 seconds
[2023-04-05 21:04:38,067] {processor.py:153} INFO - Started process (PID=52562) to work on /home/edinaldo/Documents/previsao_remuneracao/previsao_remuneracao/venv/lib/python3.10/site-packages/airflow/example_dags/example_branch_day_of_week_operator.py
[2023-04-05 21:04:38,068] {processor.py:641} INFO - Processing file /home/edinaldo/Documents/previsao_remuneracao/previsao_remuneracao/venv/lib/python3.10/site-packages/airflow/example_dags/example_branch_day_of_week_operator.py for tasks to queue
[2023-04-05 21:04:38,069] {logging_mixin.py:115} INFO - [2023-04-05 21:04:38,069] {dagbag.py:507} INFO - Filling up the DagBag from /home/edinaldo/Documents/previsao_remuneracao/previsao_remuneracao/venv/lib/python3.10/site-packages/airflow/example_dags/example_branch_day_of_week_operator.py
[2023-04-05 21:04:38,083] {processor.py:651} INFO - DAG(s) dict_keys(['example_weekday_branch_operator']) retrieved from /home/edinaldo/Documents/previsao_remuneracao/previsao_remuneracao/venv/lib/python3.10/site-packages/airflow/example_dags/example_branch_day_of_week_operator.py
[2023-04-05 21:04:38,103] {logging_mixin.py:115} INFO - [2023-04-05 21:04:38,103] {dag.py:2379} INFO - Sync 1 DAGs
[2023-04-05 21:04:38,126] {logging_mixin.py:115} INFO - [2023-04-05 21:04:38,126] {dag.py:2927} INFO - Setting next_dagrun for example_weekday_branch_operator to 2023-04-05T00:00:00+00:00, run_after=2023-04-06T00:00:00+00:00
[2023-04-05 21:04:38,206] {processor.py:161} INFO - Processing /home/edinaldo/Documents/previsao_remuneracao/previsao_remuneracao/venv/lib/python3.10/site-packages/airflow/example_dags/example_branch_day_of_week_operator.py took 0.146 seconds
[2023-04-05 21:05:17,098] {processor.py:153} INFO - Started process (PID=52615) to work on /home/edinaldo/Documents/previsao_remuneracao/previsao_remuneracao/venv/lib/python3.10/site-packages/airflow/example_dags/example_branch_day_of_week_operator.py
[2023-04-05 21:05:17,100] {processor.py:641} INFO - Processing file /home/edinaldo/Documents/previsao_remuneracao/previsao_remuneracao/venv/lib/python3.10/site-packages/airflow/example_dags/example_branch_day_of_week_operator.py for tasks to queue
[2023-04-05 21:05:17,102] {logging_mixin.py:115} INFO - [2023-04-05 21:05:17,101] {dagbag.py:507} INFO - Filling up the DagBag from /home/edinaldo/Documents/previsao_remuneracao/previsao_remuneracao/venv/lib/python3.10/site-packages/airflow/example_dags/example_branch_day_of_week_operator.py
[2023-04-05 21:05:17,119] {processor.py:651} INFO - DAG(s) dict_keys(['example_weekday_branch_operator']) retrieved from /home/edinaldo/Documents/previsao_remuneracao/previsao_remuneracao/venv/lib/python3.10/site-packages/airflow/example_dags/example_branch_day_of_week_operator.py
[2023-04-05 21:05:17,144] {logging_mixin.py:115} INFO - [2023-04-05 21:05:17,143] {dag.py:2379} INFO - Sync 1 DAGs
[2023-04-05 21:05:17,171] {logging_mixin.py:115} INFO - [2023-04-05 21:05:17,171] {dag.py:2927} INFO - Setting next_dagrun for example_weekday_branch_operator to 2023-04-05T00:00:00+00:00, run_after=2023-04-06T00:00:00+00:00
[2023-04-05 21:05:17,268] {processor.py:161} INFO - Processing /home/edinaldo/Documents/previsao_remuneracao/previsao_remuneracao/venv/lib/python3.10/site-packages/airflow/example_dags/example_branch_day_of_week_operator.py took 0.179 seconds
[2023-04-05 21:06:00,833] {processor.py:153} INFO - Started process (PID=52689) to work on /home/edinaldo/Documents/previsao_remuneracao/previsao_remuneracao/venv/lib/python3.10/site-packages/airflow/example_dags/example_branch_day_of_week_operator.py
[2023-04-05 21:06:00,834] {processor.py:641} INFO - Processing file /home/edinaldo/Documents/previsao_remuneracao/previsao_remuneracao/venv/lib/python3.10/site-packages/airflow/example_dags/example_branch_day_of_week_operator.py for tasks to queue
[2023-04-05 21:06:00,835] {logging_mixin.py:115} INFO - [2023-04-05 21:06:00,835] {dagbag.py:507} INFO - Filling up the DagBag from /home/edinaldo/Documents/previsao_remuneracao/previsao_remuneracao/venv/lib/python3.10/site-packages/airflow/example_dags/example_branch_day_of_week_operator.py
[2023-04-05 21:06:00,848] {processor.py:651} INFO - DAG(s) dict_keys(['example_weekday_branch_operator']) retrieved from /home/edinaldo/Documents/previsao_remuneracao/previsao_remuneracao/venv/lib/python3.10/site-packages/airflow/example_dags/example_branch_day_of_week_operator.py
[2023-04-05 21:06:00,867] {logging_mixin.py:115} INFO - [2023-04-05 21:06:00,867] {dag.py:2379} INFO - Sync 1 DAGs
[2023-04-05 21:06:00,888] {logging_mixin.py:115} INFO - [2023-04-05 21:06:00,888] {dag.py:2927} INFO - Setting next_dagrun for example_weekday_branch_operator to 2023-04-05T00:00:00+00:00, run_after=2023-04-06T00:00:00+00:00
[2023-04-05 21:06:00,962] {processor.py:161} INFO - Processing /home/edinaldo/Documents/previsao_remuneracao/previsao_remuneracao/venv/lib/python3.10/site-packages/airflow/example_dags/example_branch_day_of_week_operator.py took 0.133 seconds
[2023-04-05 21:06:39,364] {processor.py:153} INFO - Started process (PID=52749) to work on /home/edinaldo/Documents/previsao_remuneracao/previsao_remuneracao/venv/lib/python3.10/site-packages/airflow/example_dags/example_branch_day_of_week_operator.py
[2023-04-05 21:06:39,366] {processor.py:641} INFO - Processing file /home/edinaldo/Documents/previsao_remuneracao/previsao_remuneracao/venv/lib/python3.10/site-packages/airflow/example_dags/example_branch_day_of_week_operator.py for tasks to queue
[2023-04-05 21:06:39,367] {logging_mixin.py:115} INFO - [2023-04-05 21:06:39,367] {dagbag.py:507} INFO - Filling up the DagBag from /home/edinaldo/Documents/previsao_remuneracao/previsao_remuneracao/venv/lib/python3.10/site-packages/airflow/example_dags/example_branch_day_of_week_operator.py
[2023-04-05 21:06:39,380] {processor.py:651} INFO - DAG(s) dict_keys(['example_weekday_branch_operator']) retrieved from /home/edinaldo/Documents/previsao_remuneracao/previsao_remuneracao/venv/lib/python3.10/site-packages/airflow/example_dags/example_branch_day_of_week_operator.py
[2023-04-05 21:06:39,522] {logging_mixin.py:115} INFO - [2023-04-05 21:06:39,522] {dag.py:2379} INFO - Sync 1 DAGs
[2023-04-05 21:06:39,549] {logging_mixin.py:115} INFO - [2023-04-05 21:06:39,549] {dag.py:2927} INFO - Setting next_dagrun for example_weekday_branch_operator to 2023-04-05T00:00:00+00:00, run_after=2023-04-06T00:00:00+00:00
[2023-04-05 21:06:39,618] {processor.py:161} INFO - Processing /home/edinaldo/Documents/previsao_remuneracao/previsao_remuneracao/venv/lib/python3.10/site-packages/airflow/example_dags/example_branch_day_of_week_operator.py took 0.264 seconds
[2023-04-05 21:07:19,053] {processor.py:153} INFO - Started process (PID=52788) to work on /home/edinaldo/Documents/previsao_remuneracao/previsao_remuneracao/venv/lib/python3.10/site-packages/airflow/example_dags/example_branch_day_of_week_operator.py
[2023-04-05 21:07:19,055] {processor.py:641} INFO - Processing file /home/edinaldo/Documents/previsao_remuneracao/previsao_remuneracao/venv/lib/python3.10/site-packages/airflow/example_dags/example_branch_day_of_week_operator.py for tasks to queue
[2023-04-05 21:07:19,057] {logging_mixin.py:115} INFO - [2023-04-05 21:07:19,057] {dagbag.py:507} INFO - Filling up the DagBag from /home/edinaldo/Documents/previsao_remuneracao/previsao_remuneracao/venv/lib/python3.10/site-packages/airflow/example_dags/example_branch_day_of_week_operator.py
[2023-04-05 21:07:19,073] {processor.py:651} INFO - DAG(s) dict_keys(['example_weekday_branch_operator']) retrieved from /home/edinaldo/Documents/previsao_remuneracao/previsao_remuneracao/venv/lib/python3.10/site-packages/airflow/example_dags/example_branch_day_of_week_operator.py
[2023-04-05 21:07:19,091] {logging_mixin.py:115} INFO - [2023-04-05 21:07:19,091] {dag.py:2379} INFO - Sync 1 DAGs
[2023-04-05 21:07:19,111] {logging_mixin.py:115} INFO - [2023-04-05 21:07:19,111] {dag.py:2927} INFO - Setting next_dagrun for example_weekday_branch_operator to 2023-04-05T00:00:00+00:00, run_after=2023-04-06T00:00:00+00:00
[2023-04-05 21:07:19,213] {processor.py:161} INFO - Processing /home/edinaldo/Documents/previsao_remuneracao/previsao_remuneracao/venv/lib/python3.10/site-packages/airflow/example_dags/example_branch_day_of_week_operator.py took 0.170 seconds
[2023-04-05 21:07:57,884] {processor.py:153} INFO - Started process (PID=52827) to work on /home/edinaldo/Documents/previsao_remuneracao/previsao_remuneracao/venv/lib/python3.10/site-packages/airflow/example_dags/example_branch_day_of_week_operator.py
[2023-04-05 21:07:57,904] {processor.py:641} INFO - Processing file /home/edinaldo/Documents/previsao_remuneracao/previsao_remuneracao/venv/lib/python3.10/site-packages/airflow/example_dags/example_branch_day_of_week_operator.py for tasks to queue
[2023-04-05 21:07:57,906] {logging_mixin.py:115} INFO - [2023-04-05 21:07:57,905] {dagbag.py:507} INFO - Filling up the DagBag from /home/edinaldo/Documents/previsao_remuneracao/previsao_remuneracao/venv/lib/python3.10/site-packages/airflow/example_dags/example_branch_day_of_week_operator.py
[2023-04-05 21:07:57,933] {processor.py:651} INFO - DAG(s) dict_keys(['example_weekday_branch_operator']) retrieved from /home/edinaldo/Documents/previsao_remuneracao/previsao_remuneracao/venv/lib/python3.10/site-packages/airflow/example_dags/example_branch_day_of_week_operator.py
[2023-04-05 21:07:57,953] {logging_mixin.py:115} INFO - [2023-04-05 21:07:57,953] {dag.py:2379} INFO - Sync 1 DAGs
[2023-04-05 21:07:57,974] {logging_mixin.py:115} INFO - [2023-04-05 21:07:57,974] {dag.py:2927} INFO - Setting next_dagrun for example_weekday_branch_operator to 2023-04-05T00:00:00+00:00, run_after=2023-04-06T00:00:00+00:00
[2023-04-05 21:07:58,040] {processor.py:161} INFO - Processing /home/edinaldo/Documents/previsao_remuneracao/previsao_remuneracao/venv/lib/python3.10/site-packages/airflow/example_dags/example_branch_day_of_week_operator.py took 0.166 seconds
[2023-04-05 21:08:38,463] {processor.py:153} INFO - Started process (PID=52863) to work on /home/edinaldo/Documents/previsao_remuneracao/previsao_remuneracao/venv/lib/python3.10/site-packages/airflow/example_dags/example_branch_day_of_week_operator.py
[2023-04-05 21:08:38,464] {processor.py:641} INFO - Processing file /home/edinaldo/Documents/previsao_remuneracao/previsao_remuneracao/venv/lib/python3.10/site-packages/airflow/example_dags/example_branch_day_of_week_operator.py for tasks to queue
[2023-04-05 21:08:38,465] {logging_mixin.py:115} INFO - [2023-04-05 21:08:38,465] {dagbag.py:507} INFO - Filling up the DagBag from /home/edinaldo/Documents/previsao_remuneracao/previsao_remuneracao/venv/lib/python3.10/site-packages/airflow/example_dags/example_branch_day_of_week_operator.py
[2023-04-05 21:08:38,477] {processor.py:651} INFO - DAG(s) dict_keys(['example_weekday_branch_operator']) retrieved from /home/edinaldo/Documents/previsao_remuneracao/previsao_remuneracao/venv/lib/python3.10/site-packages/airflow/example_dags/example_branch_day_of_week_operator.py
[2023-04-05 21:08:38,494] {logging_mixin.py:115} INFO - [2023-04-05 21:08:38,494] {dag.py:2379} INFO - Sync 1 DAGs
[2023-04-05 21:08:38,514] {logging_mixin.py:115} INFO - [2023-04-05 21:08:38,514] {dag.py:2927} INFO - Setting next_dagrun for example_weekday_branch_operator to 2023-04-05T00:00:00+00:00, run_after=2023-04-06T00:00:00+00:00
[2023-04-05 21:08:38,604] {processor.py:161} INFO - Processing /home/edinaldo/Documents/previsao_remuneracao/previsao_remuneracao/venv/lib/python3.10/site-packages/airflow/example_dags/example_branch_day_of_week_operator.py took 0.148 seconds
[2023-04-05 21:09:25,152] {processor.py:153} INFO - Started process (PID=52905) to work on /home/edinaldo/Documents/previsao_remuneracao/previsao_remuneracao/venv/lib/python3.10/site-packages/airflow/example_dags/example_branch_day_of_week_operator.py
[2023-04-05 21:09:25,168] {processor.py:641} INFO - Processing file /home/edinaldo/Documents/previsao_remuneracao/previsao_remuneracao/venv/lib/python3.10/site-packages/airflow/example_dags/example_branch_day_of_week_operator.py for tasks to queue
[2023-04-05 21:09:25,170] {logging_mixin.py:115} INFO - [2023-04-05 21:09:25,170] {dagbag.py:507} INFO - Filling up the DagBag from /home/edinaldo/Documents/previsao_remuneracao/previsao_remuneracao/venv/lib/python3.10/site-packages/airflow/example_dags/example_branch_day_of_week_operator.py
[2023-04-05 21:09:25,196] {processor.py:651} INFO - DAG(s) dict_keys(['example_weekday_branch_operator']) retrieved from /home/edinaldo/Documents/previsao_remuneracao/previsao_remuneracao/venv/lib/python3.10/site-packages/airflow/example_dags/example_branch_day_of_week_operator.py
[2023-04-05 21:09:25,215] {logging_mixin.py:115} INFO - [2023-04-05 21:09:25,215] {dag.py:2379} INFO - Sync 1 DAGs
[2023-04-05 21:09:25,236] {logging_mixin.py:115} INFO - [2023-04-05 21:09:25,235] {dag.py:2927} INFO - Setting next_dagrun for example_weekday_branch_operator to 2023-04-05T00:00:00+00:00, run_after=2023-04-06T00:00:00+00:00
[2023-04-05 21:09:25,307] {processor.py:161} INFO - Processing /home/edinaldo/Documents/previsao_remuneracao/previsao_remuneracao/venv/lib/python3.10/site-packages/airflow/example_dags/example_branch_day_of_week_operator.py took 0.158 seconds
[2023-04-05 21:10:06,314] {processor.py:153} INFO - Started process (PID=52946) to work on /home/edinaldo/Documents/previsao_remuneracao/previsao_remuneracao/venv/lib/python3.10/site-packages/airflow/example_dags/example_branch_day_of_week_operator.py
[2023-04-05 21:10:06,331] {processor.py:641} INFO - Processing file /home/edinaldo/Documents/previsao_remuneracao/previsao_remuneracao/venv/lib/python3.10/site-packages/airflow/example_dags/example_branch_day_of_week_operator.py for tasks to queue
[2023-04-05 21:10:06,332] {logging_mixin.py:115} INFO - [2023-04-05 21:10:06,332] {dagbag.py:507} INFO - Filling up the DagBag from /home/edinaldo/Documents/previsao_remuneracao/previsao_remuneracao/venv/lib/python3.10/site-packages/airflow/example_dags/example_branch_day_of_week_operator.py
[2023-04-05 21:10:06,355] {processor.py:651} INFO - DAG(s) dict_keys(['example_weekday_branch_operator']) retrieved from /home/edinaldo/Documents/previsao_remuneracao/previsao_remuneracao/venv/lib/python3.10/site-packages/airflow/example_dags/example_branch_day_of_week_operator.py
[2023-04-05 21:10:06,374] {logging_mixin.py:115} INFO - [2023-04-05 21:10:06,374] {dag.py:2379} INFO - Sync 1 DAGs
[2023-04-05 21:10:06,394] {logging_mixin.py:115} INFO - [2023-04-05 21:10:06,394] {dag.py:2927} INFO - Setting next_dagrun for example_weekday_branch_operator to 2023-04-05T00:00:00+00:00, run_after=2023-04-06T00:00:00+00:00
[2023-04-05 21:10:06,471] {processor.py:161} INFO - Processing /home/edinaldo/Documents/previsao_remuneracao/previsao_remuneracao/venv/lib/python3.10/site-packages/airflow/example_dags/example_branch_day_of_week_operator.py took 0.168 seconds
[2023-04-05 21:11:00,855] {processor.py:153} INFO - Started process (PID=53118) to work on /home/edinaldo/Documents/previsao_remuneracao/previsao_remuneracao/venv/lib/python3.10/site-packages/airflow/example_dags/example_branch_day_of_week_operator.py
[2023-04-05 21:11:00,861] {processor.py:641} INFO - Processing file /home/edinaldo/Documents/previsao_remuneracao/previsao_remuneracao/venv/lib/python3.10/site-packages/airflow/example_dags/example_branch_day_of_week_operator.py for tasks to queue
[2023-04-05 21:11:00,862] {logging_mixin.py:115} INFO - [2023-04-05 21:11:00,862] {dagbag.py:507} INFO - Filling up the DagBag from /home/edinaldo/Documents/previsao_remuneracao/previsao_remuneracao/venv/lib/python3.10/site-packages/airflow/example_dags/example_branch_day_of_week_operator.py
[2023-04-05 21:11:00,931] {processor.py:651} INFO - DAG(s) dict_keys(['example_weekday_branch_operator']) retrieved from /home/edinaldo/Documents/previsao_remuneracao/previsao_remuneracao/venv/lib/python3.10/site-packages/airflow/example_dags/example_branch_day_of_week_operator.py
[2023-04-05 21:11:00,957] {logging_mixin.py:115} INFO - [2023-04-05 21:11:00,956] {dag.py:2379} INFO - Sync 1 DAGs
[2023-04-05 21:11:00,977] {logging_mixin.py:115} INFO - [2023-04-05 21:11:00,977] {dag.py:2927} INFO - Setting next_dagrun for example_weekday_branch_operator to 2023-04-05T00:00:00+00:00, run_after=2023-04-06T00:00:00+00:00
[2023-04-05 21:11:01,080] {processor.py:161} INFO - Processing /home/edinaldo/Documents/previsao_remuneracao/previsao_remuneracao/venv/lib/python3.10/site-packages/airflow/example_dags/example_branch_day_of_week_operator.py took 0.235 seconds
[2023-04-05 21:11:41,285] {processor.py:153} INFO - Started process (PID=53180) to work on /home/edinaldo/Documents/previsao_remuneracao/previsao_remuneracao/venv/lib/python3.10/site-packages/airflow/example_dags/example_branch_day_of_week_operator.py
[2023-04-05 21:11:41,286] {processor.py:641} INFO - Processing file /home/edinaldo/Documents/previsao_remuneracao/previsao_remuneracao/venv/lib/python3.10/site-packages/airflow/example_dags/example_branch_day_of_week_operator.py for tasks to queue
[2023-04-05 21:11:41,286] {logging_mixin.py:115} INFO - [2023-04-05 21:11:41,286] {dagbag.py:507} INFO - Filling up the DagBag from /home/edinaldo/Documents/previsao_remuneracao/previsao_remuneracao/venv/lib/python3.10/site-packages/airflow/example_dags/example_branch_day_of_week_operator.py
[2023-04-05 21:11:41,297] {processor.py:651} INFO - DAG(s) dict_keys(['example_weekday_branch_operator']) retrieved from /home/edinaldo/Documents/previsao_remuneracao/previsao_remuneracao/venv/lib/python3.10/site-packages/airflow/example_dags/example_branch_day_of_week_operator.py
[2023-04-05 21:11:41,313] {logging_mixin.py:115} INFO - [2023-04-05 21:11:41,313] {dag.py:2379} INFO - Sync 1 DAGs
[2023-04-05 21:11:41,334] {logging_mixin.py:115} INFO - [2023-04-05 21:11:41,333] {dag.py:2927} INFO - Setting next_dagrun for example_weekday_branch_operator to 2023-04-05T00:00:00+00:00, run_after=2023-04-06T00:00:00+00:00
[2023-04-05 21:11:41,407] {processor.py:161} INFO - Processing /home/edinaldo/Documents/previsao_remuneracao/previsao_remuneracao/venv/lib/python3.10/site-packages/airflow/example_dags/example_branch_day_of_week_operator.py took 0.126 seconds
[2023-04-05 21:12:27,137] {processor.py:153} INFO - Started process (PID=53283) to work on /home/edinaldo/Documents/previsao_remuneracao/previsao_remuneracao/venv/lib/python3.10/site-packages/airflow/example_dags/example_branch_day_of_week_operator.py
[2023-04-05 21:12:27,145] {processor.py:641} INFO - Processing file /home/edinaldo/Documents/previsao_remuneracao/previsao_remuneracao/venv/lib/python3.10/site-packages/airflow/example_dags/example_branch_day_of_week_operator.py for tasks to queue
[2023-04-05 21:12:27,146] {logging_mixin.py:115} INFO - [2023-04-05 21:12:27,146] {dagbag.py:507} INFO - Filling up the DagBag from /home/edinaldo/Documents/previsao_remuneracao/previsao_remuneracao/venv/lib/python3.10/site-packages/airflow/example_dags/example_branch_day_of_week_operator.py
[2023-04-05 21:12:27,167] {processor.py:651} INFO - DAG(s) dict_keys(['example_weekday_branch_operator']) retrieved from /home/edinaldo/Documents/previsao_remuneracao/previsao_remuneracao/venv/lib/python3.10/site-packages/airflow/example_dags/example_branch_day_of_week_operator.py
[2023-04-05 21:12:27,189] {logging_mixin.py:115} INFO - [2023-04-05 21:12:27,189] {dag.py:2379} INFO - Sync 1 DAGs
[2023-04-05 21:12:27,212] {logging_mixin.py:115} INFO - [2023-04-05 21:12:27,212] {dag.py:2927} INFO - Setting next_dagrun for example_weekday_branch_operator to 2023-04-05T00:00:00+00:00, run_after=2023-04-06T00:00:00+00:00
[2023-04-05 21:12:27,289] {processor.py:161} INFO - Processing /home/edinaldo/Documents/previsao_remuneracao/previsao_remuneracao/venv/lib/python3.10/site-packages/airflow/example_dags/example_branch_day_of_week_operator.py took 0.164 seconds
[2023-04-05 21:13:19,856] {processor.py:153} INFO - Started process (PID=53429) to work on /home/edinaldo/Documents/previsao_remuneracao/previsao_remuneracao/venv/lib/python3.10/site-packages/airflow/example_dags/example_branch_day_of_week_operator.py
[2023-04-05 21:13:19,870] {processor.py:641} INFO - Processing file /home/edinaldo/Documents/previsao_remuneracao/previsao_remuneracao/venv/lib/python3.10/site-packages/airflow/example_dags/example_branch_day_of_week_operator.py for tasks to queue
[2023-04-05 21:13:19,872] {logging_mixin.py:115} INFO - [2023-04-05 21:13:19,872] {dagbag.py:507} INFO - Filling up the DagBag from /home/edinaldo/Documents/previsao_remuneracao/previsao_remuneracao/venv/lib/python3.10/site-packages/airflow/example_dags/example_branch_day_of_week_operator.py
[2023-04-05 21:13:19,923] {processor.py:651} INFO - DAG(s) dict_keys(['example_weekday_branch_operator']) retrieved from /home/edinaldo/Documents/previsao_remuneracao/previsao_remuneracao/venv/lib/python3.10/site-packages/airflow/example_dags/example_branch_day_of_week_operator.py
[2023-04-05 21:13:19,945] {logging_mixin.py:115} INFO - [2023-04-05 21:13:19,945] {dag.py:2379} INFO - Sync 1 DAGs
[2023-04-05 21:13:19,968] {logging_mixin.py:115} INFO - [2023-04-05 21:13:19,968] {dag.py:2927} INFO - Setting next_dagrun for example_weekday_branch_operator to 2023-04-05T00:00:00+00:00, run_after=2023-04-06T00:00:00+00:00
[2023-04-05 21:13:20,064] {processor.py:161} INFO - Processing /home/edinaldo/Documents/previsao_remuneracao/previsao_remuneracao/venv/lib/python3.10/site-packages/airflow/example_dags/example_branch_day_of_week_operator.py took 0.219 seconds
[2023-04-05 21:14:03,711] {processor.py:153} INFO - Started process (PID=53468) to work on /home/edinaldo/Documents/previsao_remuneracao/previsao_remuneracao/venv/lib/python3.10/site-packages/airflow/example_dags/example_branch_day_of_week_operator.py
[2023-04-05 21:14:03,714] {processor.py:641} INFO - Processing file /home/edinaldo/Documents/previsao_remuneracao/previsao_remuneracao/venv/lib/python3.10/site-packages/airflow/example_dags/example_branch_day_of_week_operator.py for tasks to queue
[2023-04-05 21:14:03,715] {logging_mixin.py:115} INFO - [2023-04-05 21:14:03,715] {dagbag.py:507} INFO - Filling up the DagBag from /home/edinaldo/Documents/previsao_remuneracao/previsao_remuneracao/venv/lib/python3.10/site-packages/airflow/example_dags/example_branch_day_of_week_operator.py
[2023-04-05 21:14:03,748] {processor.py:651} INFO - DAG(s) dict_keys(['example_weekday_branch_operator']) retrieved from /home/edinaldo/Documents/previsao_remuneracao/previsao_remuneracao/venv/lib/python3.10/site-packages/airflow/example_dags/example_branch_day_of_week_operator.py
[2023-04-05 21:14:03,767] {logging_mixin.py:115} INFO - [2023-04-05 21:14:03,767] {dag.py:2379} INFO - Sync 1 DAGs
[2023-04-05 21:14:03,788] {logging_mixin.py:115} INFO - [2023-04-05 21:14:03,788] {dag.py:2927} INFO - Setting next_dagrun for example_weekday_branch_operator to 2023-04-05T00:00:00+00:00, run_after=2023-04-06T00:00:00+00:00
[2023-04-05 21:14:03,874] {processor.py:161} INFO - Processing /home/edinaldo/Documents/previsao_remuneracao/previsao_remuneracao/venv/lib/python3.10/site-packages/airflow/example_dags/example_branch_day_of_week_operator.py took 0.172 seconds
[2023-04-05 21:14:44,191] {processor.py:153} INFO - Started process (PID=53506) to work on /home/edinaldo/Documents/previsao_remuneracao/previsao_remuneracao/venv/lib/python3.10/site-packages/airflow/example_dags/example_branch_day_of_week_operator.py
[2023-04-05 21:14:44,195] {processor.py:641} INFO - Processing file /home/edinaldo/Documents/previsao_remuneracao/previsao_remuneracao/venv/lib/python3.10/site-packages/airflow/example_dags/example_branch_day_of_week_operator.py for tasks to queue
[2023-04-05 21:14:44,196] {logging_mixin.py:115} INFO - [2023-04-05 21:14:44,196] {dagbag.py:507} INFO - Filling up the DagBag from /home/edinaldo/Documents/previsao_remuneracao/previsao_remuneracao/venv/lib/python3.10/site-packages/airflow/example_dags/example_branch_day_of_week_operator.py
[2023-04-05 21:14:44,213] {processor.py:651} INFO - DAG(s) dict_keys(['example_weekday_branch_operator']) retrieved from /home/edinaldo/Documents/previsao_remuneracao/previsao_remuneracao/venv/lib/python3.10/site-packages/airflow/example_dags/example_branch_day_of_week_operator.py
[2023-04-05 21:14:44,230] {logging_mixin.py:115} INFO - [2023-04-05 21:14:44,230] {dag.py:2379} INFO - Sync 1 DAGs
[2023-04-05 21:14:44,252] {logging_mixin.py:115} INFO - [2023-04-05 21:14:44,252] {dag.py:2927} INFO - Setting next_dagrun for example_weekday_branch_operator to 2023-04-05T00:00:00+00:00, run_after=2023-04-06T00:00:00+00:00
[2023-04-05 21:14:44,391] {processor.py:161} INFO - Processing /home/edinaldo/Documents/previsao_remuneracao/previsao_remuneracao/venv/lib/python3.10/site-packages/airflow/example_dags/example_branch_day_of_week_operator.py took 0.210 seconds
[2023-04-05 21:15:22,467] {processor.py:153} INFO - Started process (PID=53544) to work on /home/edinaldo/Documents/previsao_remuneracao/previsao_remuneracao/venv/lib/python3.10/site-packages/airflow/example_dags/example_branch_day_of_week_operator.py
[2023-04-05 21:15:22,482] {processor.py:641} INFO - Processing file /home/edinaldo/Documents/previsao_remuneracao/previsao_remuneracao/venv/lib/python3.10/site-packages/airflow/example_dags/example_branch_day_of_week_operator.py for tasks to queue
[2023-04-05 21:15:22,482] {logging_mixin.py:115} INFO - [2023-04-05 21:15:22,482] {dagbag.py:507} INFO - Filling up the DagBag from /home/edinaldo/Documents/previsao_remuneracao/previsao_remuneracao/venv/lib/python3.10/site-packages/airflow/example_dags/example_branch_day_of_week_operator.py
[2023-04-05 21:15:22,497] {processor.py:651} INFO - DAG(s) dict_keys(['example_weekday_branch_operator']) retrieved from /home/edinaldo/Documents/previsao_remuneracao/previsao_remuneracao/venv/lib/python3.10/site-packages/airflow/example_dags/example_branch_day_of_week_operator.py
[2023-04-05 21:15:22,516] {logging_mixin.py:115} INFO - [2023-04-05 21:15:22,516] {dag.py:2379} INFO - Sync 1 DAGs
[2023-04-05 21:15:22,537] {logging_mixin.py:115} INFO - [2023-04-05 21:15:22,536] {dag.py:2927} INFO - Setting next_dagrun for example_weekday_branch_operator to 2023-04-05T00:00:00+00:00, run_after=2023-04-06T00:00:00+00:00
[2023-04-05 21:15:22,606] {processor.py:161} INFO - Processing /home/edinaldo/Documents/previsao_remuneracao/previsao_remuneracao/venv/lib/python3.10/site-packages/airflow/example_dags/example_branch_day_of_week_operator.py took 0.144 seconds
[2023-04-05 21:16:07,667] {processor.py:153} INFO - Started process (PID=53620) to work on /home/edinaldo/Documents/previsao_remuneracao/previsao_remuneracao/venv/lib/python3.10/site-packages/airflow/example_dags/example_branch_day_of_week_operator.py
[2023-04-05 21:16:07,668] {processor.py:641} INFO - Processing file /home/edinaldo/Documents/previsao_remuneracao/previsao_remuneracao/venv/lib/python3.10/site-packages/airflow/example_dags/example_branch_day_of_week_operator.py for tasks to queue
[2023-04-05 21:16:07,669] {logging_mixin.py:115} INFO - [2023-04-05 21:16:07,669] {dagbag.py:507} INFO - Filling up the DagBag from /home/edinaldo/Documents/previsao_remuneracao/previsao_remuneracao/venv/lib/python3.10/site-packages/airflow/example_dags/example_branch_day_of_week_operator.py
[2023-04-05 21:16:07,686] {processor.py:651} INFO - DAG(s) dict_keys(['example_weekday_branch_operator']) retrieved from /home/edinaldo/Documents/previsao_remuneracao/previsao_remuneracao/venv/lib/python3.10/site-packages/airflow/example_dags/example_branch_day_of_week_operator.py
[2023-04-05 21:16:07,703] {logging_mixin.py:115} INFO - [2023-04-05 21:16:07,702] {dag.py:2379} INFO - Sync 1 DAGs
[2023-04-05 21:16:07,723] {logging_mixin.py:115} INFO - [2023-04-05 21:16:07,723] {dag.py:2927} INFO - Setting next_dagrun for example_weekday_branch_operator to 2023-04-05T00:00:00+00:00, run_after=2023-04-06T00:00:00+00:00
[2023-04-05 21:16:07,788] {processor.py:161} INFO - Processing /home/edinaldo/Documents/previsao_remuneracao/previsao_remuneracao/venv/lib/python3.10/site-packages/airflow/example_dags/example_branch_day_of_week_operator.py took 0.128 seconds
[2023-04-05 21:16:53,702] {processor.py:153} INFO - Started process (PID=53685) to work on /home/edinaldo/Documents/previsao_remuneracao/previsao_remuneracao/venv/lib/python3.10/site-packages/airflow/example_dags/example_branch_day_of_week_operator.py
[2023-04-05 21:16:53,709] {processor.py:641} INFO - Processing file /home/edinaldo/Documents/previsao_remuneracao/previsao_remuneracao/venv/lib/python3.10/site-packages/airflow/example_dags/example_branch_day_of_week_operator.py for tasks to queue
[2023-04-05 21:16:53,711] {logging_mixin.py:115} INFO - [2023-04-05 21:16:53,711] {dagbag.py:507} INFO - Filling up the DagBag from /home/edinaldo/Documents/previsao_remuneracao/previsao_remuneracao/venv/lib/python3.10/site-packages/airflow/example_dags/example_branch_day_of_week_operator.py
[2023-04-05 21:16:53,732] {processor.py:651} INFO - DAG(s) dict_keys(['example_weekday_branch_operator']) retrieved from /home/edinaldo/Documents/previsao_remuneracao/previsao_remuneracao/venv/lib/python3.10/site-packages/airflow/example_dags/example_branch_day_of_week_operator.py
[2023-04-05 21:16:53,749] {logging_mixin.py:115} INFO - [2023-04-05 21:16:53,749] {dag.py:2379} INFO - Sync 1 DAGs
[2023-04-05 21:16:53,769] {logging_mixin.py:115} INFO - [2023-04-05 21:16:53,769] {dag.py:2927} INFO - Setting next_dagrun for example_weekday_branch_operator to 2023-04-05T00:00:00+00:00, run_after=2023-04-06T00:00:00+00:00
[2023-04-05 21:16:53,842] {processor.py:161} INFO - Processing /home/edinaldo/Documents/previsao_remuneracao/previsao_remuneracao/venv/lib/python3.10/site-packages/airflow/example_dags/example_branch_day_of_week_operator.py took 0.149 seconds
[2023-04-05 21:17:35,372] {processor.py:153} INFO - Started process (PID=53733) to work on /home/edinaldo/Documents/previsao_remuneracao/previsao_remuneracao/venv/lib/python3.10/site-packages/airflow/example_dags/example_branch_day_of_week_operator.py
[2023-04-05 21:17:35,388] {processor.py:641} INFO - Processing file /home/edinaldo/Documents/previsao_remuneracao/previsao_remuneracao/venv/lib/python3.10/site-packages/airflow/example_dags/example_branch_day_of_week_operator.py for tasks to queue
[2023-04-05 21:17:35,389] {logging_mixin.py:115} INFO - [2023-04-05 21:17:35,389] {dagbag.py:507} INFO - Filling up the DagBag from /home/edinaldo/Documents/previsao_remuneracao/previsao_remuneracao/venv/lib/python3.10/site-packages/airflow/example_dags/example_branch_day_of_week_operator.py
[2023-04-05 21:17:35,408] {processor.py:651} INFO - DAG(s) dict_keys(['example_weekday_branch_operator']) retrieved from /home/edinaldo/Documents/previsao_remuneracao/previsao_remuneracao/venv/lib/python3.10/site-packages/airflow/example_dags/example_branch_day_of_week_operator.py
[2023-04-05 21:17:35,431] {logging_mixin.py:115} INFO - [2023-04-05 21:17:35,431] {dag.py:2379} INFO - Sync 1 DAGs
[2023-04-05 21:17:35,452] {logging_mixin.py:115} INFO - [2023-04-05 21:17:35,451] {dag.py:2927} INFO - Setting next_dagrun for example_weekday_branch_operator to 2023-04-05T00:00:00+00:00, run_after=2023-04-06T00:00:00+00:00
[2023-04-05 21:17:35,529] {processor.py:161} INFO - Processing /home/edinaldo/Documents/previsao_remuneracao/previsao_remuneracao/venv/lib/python3.10/site-packages/airflow/example_dags/example_branch_day_of_week_operator.py took 0.161 seconds
[2023-04-05 21:18:13,231] {processor.py:153} INFO - Started process (PID=53767) to work on /home/edinaldo/Documents/previsao_remuneracao/previsao_remuneracao/venv/lib/python3.10/site-packages/airflow/example_dags/example_branch_day_of_week_operator.py
[2023-04-05 21:18:13,236] {processor.py:641} INFO - Processing file /home/edinaldo/Documents/previsao_remuneracao/previsao_remuneracao/venv/lib/python3.10/site-packages/airflow/example_dags/example_branch_day_of_week_operator.py for tasks to queue
[2023-04-05 21:18:13,237] {logging_mixin.py:115} INFO - [2023-04-05 21:18:13,236] {dagbag.py:507} INFO - Filling up the DagBag from /home/edinaldo/Documents/previsao_remuneracao/previsao_remuneracao/venv/lib/python3.10/site-packages/airflow/example_dags/example_branch_day_of_week_operator.py
[2023-04-05 21:18:13,250] {processor.py:651} INFO - DAG(s) dict_keys(['example_weekday_branch_operator']) retrieved from /home/edinaldo/Documents/previsao_remuneracao/previsao_remuneracao/venv/lib/python3.10/site-packages/airflow/example_dags/example_branch_day_of_week_operator.py
[2023-04-05 21:18:13,269] {logging_mixin.py:115} INFO - [2023-04-05 21:18:13,269] {dag.py:2379} INFO - Sync 1 DAGs
[2023-04-05 21:18:13,290] {logging_mixin.py:115} INFO - [2023-04-05 21:18:13,290] {dag.py:2927} INFO - Setting next_dagrun for example_weekday_branch_operator to 2023-04-05T00:00:00+00:00, run_after=2023-04-06T00:00:00+00:00
[2023-04-05 21:18:13,384] {processor.py:161} INFO - Processing /home/edinaldo/Documents/previsao_remuneracao/previsao_remuneracao/venv/lib/python3.10/site-packages/airflow/example_dags/example_branch_day_of_week_operator.py took 0.158 seconds
[2023-04-05 21:18:52,396] {processor.py:153} INFO - Started process (PID=53810) to work on /home/edinaldo/Documents/previsao_remuneracao/previsao_remuneracao/venv/lib/python3.10/site-packages/airflow/example_dags/example_branch_day_of_week_operator.py
[2023-04-05 21:18:52,404] {processor.py:641} INFO - Processing file /home/edinaldo/Documents/previsao_remuneracao/previsao_remuneracao/venv/lib/python3.10/site-packages/airflow/example_dags/example_branch_day_of_week_operator.py for tasks to queue
[2023-04-05 21:18:52,405] {logging_mixin.py:115} INFO - [2023-04-05 21:18:52,405] {dagbag.py:507} INFO - Filling up the DagBag from /home/edinaldo/Documents/previsao_remuneracao/previsao_remuneracao/venv/lib/python3.10/site-packages/airflow/example_dags/example_branch_day_of_week_operator.py
[2023-04-05 21:18:52,432] {processor.py:651} INFO - DAG(s) dict_keys(['example_weekday_branch_operator']) retrieved from /home/edinaldo/Documents/previsao_remuneracao/previsao_remuneracao/venv/lib/python3.10/site-packages/airflow/example_dags/example_branch_day_of_week_operator.py
[2023-04-05 21:18:52,452] {logging_mixin.py:115} INFO - [2023-04-05 21:18:52,451] {dag.py:2379} INFO - Sync 1 DAGs
[2023-04-05 21:18:52,472] {logging_mixin.py:115} INFO - [2023-04-05 21:18:52,472] {dag.py:2927} INFO - Setting next_dagrun for example_weekday_branch_operator to 2023-04-05T00:00:00+00:00, run_after=2023-04-06T00:00:00+00:00
[2023-04-05 21:18:52,610] {processor.py:161} INFO - Processing /home/edinaldo/Documents/previsao_remuneracao/previsao_remuneracao/venv/lib/python3.10/site-packages/airflow/example_dags/example_branch_day_of_week_operator.py took 0.218 seconds
[2023-04-05 21:19:36,270] {processor.py:153} INFO - Started process (PID=53858) to work on /home/edinaldo/Documents/previsao_remuneracao/previsao_remuneracao/venv/lib/python3.10/site-packages/airflow/example_dags/example_branch_day_of_week_operator.py
[2023-04-05 21:19:36,272] {processor.py:641} INFO - Processing file /home/edinaldo/Documents/previsao_remuneracao/previsao_remuneracao/venv/lib/python3.10/site-packages/airflow/example_dags/example_branch_day_of_week_operator.py for tasks to queue
[2023-04-05 21:19:36,273] {logging_mixin.py:115} INFO - [2023-04-05 21:19:36,273] {dagbag.py:507} INFO - Filling up the DagBag from /home/edinaldo/Documents/previsao_remuneracao/previsao_remuneracao/venv/lib/python3.10/site-packages/airflow/example_dags/example_branch_day_of_week_operator.py
[2023-04-05 21:19:36,293] {processor.py:651} INFO - DAG(s) dict_keys(['example_weekday_branch_operator']) retrieved from /home/edinaldo/Documents/previsao_remuneracao/previsao_remuneracao/venv/lib/python3.10/site-packages/airflow/example_dags/example_branch_day_of_week_operator.py
[2023-04-05 21:19:36,310] {logging_mixin.py:115} INFO - [2023-04-05 21:19:36,310] {dag.py:2379} INFO - Sync 1 DAGs
[2023-04-05 21:19:36,330] {logging_mixin.py:115} INFO - [2023-04-05 21:19:36,330] {dag.py:2927} INFO - Setting next_dagrun for example_weekday_branch_operator to 2023-04-05T00:00:00+00:00, run_after=2023-04-06T00:00:00+00:00
[2023-04-05 21:19:36,397] {processor.py:161} INFO - Processing /home/edinaldo/Documents/previsao_remuneracao/previsao_remuneracao/venv/lib/python3.10/site-packages/airflow/example_dags/example_branch_day_of_week_operator.py took 0.137 seconds
[2023-04-05 21:20:17,598] {processor.py:153} INFO - Started process (PID=53895) to work on /home/edinaldo/Documents/previsao_remuneracao/previsao_remuneracao/venv/lib/python3.10/site-packages/airflow/example_dags/example_branch_day_of_week_operator.py
[2023-04-05 21:20:17,599] {processor.py:641} INFO - Processing file /home/edinaldo/Documents/previsao_remuneracao/previsao_remuneracao/venv/lib/python3.10/site-packages/airflow/example_dags/example_branch_day_of_week_operator.py for tasks to queue
[2023-04-05 21:20:17,600] {logging_mixin.py:115} INFO - [2023-04-05 21:20:17,600] {dagbag.py:507} INFO - Filling up the DagBag from /home/edinaldo/Documents/previsao_remuneracao/previsao_remuneracao/venv/lib/python3.10/site-packages/airflow/example_dags/example_branch_day_of_week_operator.py
[2023-04-05 21:20:17,611] {processor.py:651} INFO - DAG(s) dict_keys(['example_weekday_branch_operator']) retrieved from /home/edinaldo/Documents/previsao_remuneracao/previsao_remuneracao/venv/lib/python3.10/site-packages/airflow/example_dags/example_branch_day_of_week_operator.py
[2023-04-05 21:20:17,629] {logging_mixin.py:115} INFO - [2023-04-05 21:20:17,629] {dag.py:2379} INFO - Sync 1 DAGs
[2023-04-05 21:20:17,649] {logging_mixin.py:115} INFO - [2023-04-05 21:20:17,649] {dag.py:2927} INFO - Setting next_dagrun for example_weekday_branch_operator to 2023-04-05T00:00:00+00:00, run_after=2023-04-06T00:00:00+00:00
[2023-04-05 21:20:17,714] {processor.py:161} INFO - Processing /home/edinaldo/Documents/previsao_remuneracao/previsao_remuneracao/venv/lib/python3.10/site-packages/airflow/example_dags/example_branch_day_of_week_operator.py took 0.119 seconds
[2023-04-05 21:21:06,565] {processor.py:153} INFO - Started process (PID=53962) to work on /home/edinaldo/Documents/previsao_remuneracao/previsao_remuneracao/venv/lib/python3.10/site-packages/airflow/example_dags/example_branch_day_of_week_operator.py
[2023-04-05 21:21:06,566] {processor.py:641} INFO - Processing file /home/edinaldo/Documents/previsao_remuneracao/previsao_remuneracao/venv/lib/python3.10/site-packages/airflow/example_dags/example_branch_day_of_week_operator.py for tasks to queue
[2023-04-05 21:21:06,566] {logging_mixin.py:115} INFO - [2023-04-05 21:21:06,566] {dagbag.py:507} INFO - Filling up the DagBag from /home/edinaldo/Documents/previsao_remuneracao/previsao_remuneracao/venv/lib/python3.10/site-packages/airflow/example_dags/example_branch_day_of_week_operator.py
[2023-04-05 21:21:06,578] {processor.py:651} INFO - DAG(s) dict_keys(['example_weekday_branch_operator']) retrieved from /home/edinaldo/Documents/previsao_remuneracao/previsao_remuneracao/venv/lib/python3.10/site-packages/airflow/example_dags/example_branch_day_of_week_operator.py
[2023-04-05 21:21:06,596] {logging_mixin.py:115} INFO - [2023-04-05 21:21:06,596] {dag.py:2379} INFO - Sync 1 DAGs
[2023-04-05 21:21:06,617] {logging_mixin.py:115} INFO - [2023-04-05 21:21:06,617] {dag.py:2927} INFO - Setting next_dagrun for example_weekday_branch_operator to 2023-04-05T00:00:00+00:00, run_after=2023-04-06T00:00:00+00:00
[2023-04-05 21:21:06,695] {processor.py:161} INFO - Processing /home/edinaldo/Documents/previsao_remuneracao/previsao_remuneracao/venv/lib/python3.10/site-packages/airflow/example_dags/example_branch_day_of_week_operator.py took 0.133 seconds
[2023-04-05 21:21:45,609] {processor.py:153} INFO - Started process (PID=54023) to work on /home/edinaldo/Documents/previsao_remuneracao/previsao_remuneracao/venv/lib/python3.10/site-packages/airflow/example_dags/example_branch_day_of_week_operator.py
[2023-04-05 21:21:45,636] {processor.py:641} INFO - Processing file /home/edinaldo/Documents/previsao_remuneracao/previsao_remuneracao/venv/lib/python3.10/site-packages/airflow/example_dags/example_branch_day_of_week_operator.py for tasks to queue
[2023-04-05 21:21:45,637] {logging_mixin.py:115} INFO - [2023-04-05 21:21:45,637] {dagbag.py:507} INFO - Filling up the DagBag from /home/edinaldo/Documents/previsao_remuneracao/previsao_remuneracao/venv/lib/python3.10/site-packages/airflow/example_dags/example_branch_day_of_week_operator.py
[2023-04-05 21:21:45,655] {processor.py:651} INFO - DAG(s) dict_keys(['example_weekday_branch_operator']) retrieved from /home/edinaldo/Documents/previsao_remuneracao/previsao_remuneracao/venv/lib/python3.10/site-packages/airflow/example_dags/example_branch_day_of_week_operator.py
[2023-04-05 21:21:45,679] {logging_mixin.py:115} INFO - [2023-04-05 21:21:45,679] {dag.py:2379} INFO - Sync 1 DAGs
[2023-04-05 21:21:45,700] {logging_mixin.py:115} INFO - [2023-04-05 21:21:45,700] {dag.py:2927} INFO - Setting next_dagrun for example_weekday_branch_operator to 2023-04-05T00:00:00+00:00, run_after=2023-04-06T00:00:00+00:00
[2023-04-05 21:21:45,778] {processor.py:161} INFO - Processing /home/edinaldo/Documents/previsao_remuneracao/previsao_remuneracao/venv/lib/python3.10/site-packages/airflow/example_dags/example_branch_day_of_week_operator.py took 0.173 seconds
[2023-04-05 21:22:30,651] {processor.py:153} INFO - Started process (PID=54070) to work on /home/edinaldo/Documents/previsao_remuneracao/previsao_remuneracao/venv/lib/python3.10/site-packages/airflow/example_dags/example_branch_day_of_week_operator.py
[2023-04-05 21:22:30,651] {processor.py:641} INFO - Processing file /home/edinaldo/Documents/previsao_remuneracao/previsao_remuneracao/venv/lib/python3.10/site-packages/airflow/example_dags/example_branch_day_of_week_operator.py for tasks to queue
[2023-04-05 21:22:30,652] {logging_mixin.py:115} INFO - [2023-04-05 21:22:30,652] {dagbag.py:507} INFO - Filling up the DagBag from /home/edinaldo/Documents/previsao_remuneracao/previsao_remuneracao/venv/lib/python3.10/site-packages/airflow/example_dags/example_branch_day_of_week_operator.py
[2023-04-05 21:22:30,663] {processor.py:651} INFO - DAG(s) dict_keys(['example_weekday_branch_operator']) retrieved from /home/edinaldo/Documents/previsao_remuneracao/previsao_remuneracao/venv/lib/python3.10/site-packages/airflow/example_dags/example_branch_day_of_week_operator.py
[2023-04-05 21:22:30,680] {logging_mixin.py:115} INFO - [2023-04-05 21:22:30,680] {dag.py:2379} INFO - Sync 1 DAGs
[2023-04-05 21:22:30,701] {logging_mixin.py:115} INFO - [2023-04-05 21:22:30,701] {dag.py:2927} INFO - Setting next_dagrun for example_weekday_branch_operator to 2023-04-05T00:00:00+00:00, run_after=2023-04-06T00:00:00+00:00
[2023-04-05 21:22:30,780] {processor.py:161} INFO - Processing /home/edinaldo/Documents/previsao_remuneracao/previsao_remuneracao/venv/lib/python3.10/site-packages/airflow/example_dags/example_branch_day_of_week_operator.py took 0.133 seconds
[2023-04-05 21:23:17,766] {processor.py:153} INFO - Started process (PID=54124) to work on /home/edinaldo/Documents/previsao_remuneracao/previsao_remuneracao/venv/lib/python3.10/site-packages/airflow/example_dags/example_branch_day_of_week_operator.py
[2023-04-05 21:23:17,801] {processor.py:641} INFO - Processing file /home/edinaldo/Documents/previsao_remuneracao/previsao_remuneracao/venv/lib/python3.10/site-packages/airflow/example_dags/example_branch_day_of_week_operator.py for tasks to queue
[2023-04-05 21:23:17,802] {logging_mixin.py:115} INFO - [2023-04-05 21:23:17,802] {dagbag.py:507} INFO - Filling up the DagBag from /home/edinaldo/Documents/previsao_remuneracao/previsao_remuneracao/venv/lib/python3.10/site-packages/airflow/example_dags/example_branch_day_of_week_operator.py
[2023-04-05 21:23:17,817] {processor.py:651} INFO - DAG(s) dict_keys(['example_weekday_branch_operator']) retrieved from /home/edinaldo/Documents/previsao_remuneracao/previsao_remuneracao/venv/lib/python3.10/site-packages/airflow/example_dags/example_branch_day_of_week_operator.py
[2023-04-05 21:23:17,838] {logging_mixin.py:115} INFO - [2023-04-05 21:23:17,838] {dag.py:2379} INFO - Sync 1 DAGs
[2023-04-05 21:23:17,859] {logging_mixin.py:115} INFO - [2023-04-05 21:23:17,859] {dag.py:2927} INFO - Setting next_dagrun for example_weekday_branch_operator to 2023-04-05T00:00:00+00:00, run_after=2023-04-06T00:00:00+00:00
[2023-04-05 21:23:17,956] {processor.py:161} INFO - Processing /home/edinaldo/Documents/previsao_remuneracao/previsao_remuneracao/venv/lib/python3.10/site-packages/airflow/example_dags/example_branch_day_of_week_operator.py took 0.199 seconds
[2023-04-05 21:24:00,484] {processor.py:153} INFO - Started process (PID=54171) to work on /home/edinaldo/Documents/previsao_remuneracao/previsao_remuneracao/venv/lib/python3.10/site-packages/airflow/example_dags/example_branch_day_of_week_operator.py
[2023-04-05 21:24:00,487] {processor.py:641} INFO - Processing file /home/edinaldo/Documents/previsao_remuneracao/previsao_remuneracao/venv/lib/python3.10/site-packages/airflow/example_dags/example_branch_day_of_week_operator.py for tasks to queue
[2023-04-05 21:24:00,489] {logging_mixin.py:115} INFO - [2023-04-05 21:24:00,489] {dagbag.py:507} INFO - Filling up the DagBag from /home/edinaldo/Documents/previsao_remuneracao/previsao_remuneracao/venv/lib/python3.10/site-packages/airflow/example_dags/example_branch_day_of_week_operator.py
[2023-04-05 21:24:00,533] {processor.py:651} INFO - DAG(s) dict_keys(['example_weekday_branch_operator']) retrieved from /home/edinaldo/Documents/previsao_remuneracao/previsao_remuneracao/venv/lib/python3.10/site-packages/airflow/example_dags/example_branch_day_of_week_operator.py
[2023-04-05 21:24:00,556] {logging_mixin.py:115} INFO - [2023-04-05 21:24:00,555] {dag.py:2379} INFO - Sync 1 DAGs
[2023-04-05 21:24:00,576] {logging_mixin.py:115} INFO - [2023-04-05 21:24:00,576] {dag.py:2927} INFO - Setting next_dagrun for example_weekday_branch_operator to 2023-04-05T00:00:00+00:00, run_after=2023-04-06T00:00:00+00:00
[2023-04-05 21:24:00,657] {processor.py:161} INFO - Processing /home/edinaldo/Documents/previsao_remuneracao/previsao_remuneracao/venv/lib/python3.10/site-packages/airflow/example_dags/example_branch_day_of_week_operator.py took 0.183 seconds
[2023-04-05 21:24:41,183] {processor.py:153} INFO - Started process (PID=54344) to work on /home/edinaldo/Documents/previsao_remuneracao/previsao_remuneracao/venv/lib/python3.10/site-packages/airflow/example_dags/example_branch_day_of_week_operator.py
[2023-04-05 21:24:41,184] {processor.py:641} INFO - Processing file /home/edinaldo/Documents/previsao_remuneracao/previsao_remuneracao/venv/lib/python3.10/site-packages/airflow/example_dags/example_branch_day_of_week_operator.py for tasks to queue
[2023-04-05 21:24:41,184] {logging_mixin.py:115} INFO - [2023-04-05 21:24:41,184] {dagbag.py:507} INFO - Filling up the DagBag from /home/edinaldo/Documents/previsao_remuneracao/previsao_remuneracao/venv/lib/python3.10/site-packages/airflow/example_dags/example_branch_day_of_week_operator.py
[2023-04-05 21:24:41,198] {processor.py:651} INFO - DAG(s) dict_keys(['example_weekday_branch_operator']) retrieved from /home/edinaldo/Documents/previsao_remuneracao/previsao_remuneracao/venv/lib/python3.10/site-packages/airflow/example_dags/example_branch_day_of_week_operator.py
[2023-04-05 21:24:41,224] {logging_mixin.py:115} INFO - [2023-04-05 21:24:41,224] {dag.py:2379} INFO - Sync 1 DAGs
[2023-04-05 21:24:41,248] {logging_mixin.py:115} INFO - [2023-04-05 21:24:41,248] {dag.py:2927} INFO - Setting next_dagrun for example_weekday_branch_operator to 2023-04-05T00:00:00+00:00, run_after=2023-04-06T00:00:00+00:00
[2023-04-05 21:24:41,317] {processor.py:161} INFO - Processing /home/edinaldo/Documents/previsao_remuneracao/previsao_remuneracao/venv/lib/python3.10/site-packages/airflow/example_dags/example_branch_day_of_week_operator.py took 0.138 seconds
[2023-04-05 21:25:25,276] {processor.py:153} INFO - Started process (PID=54572) to work on /home/edinaldo/Documents/previsao_remuneracao/previsao_remuneracao/venv/lib/python3.10/site-packages/airflow/example_dags/example_branch_day_of_week_operator.py
[2023-04-05 21:25:25,277] {processor.py:641} INFO - Processing file /home/edinaldo/Documents/previsao_remuneracao/previsao_remuneracao/venv/lib/python3.10/site-packages/airflow/example_dags/example_branch_day_of_week_operator.py for tasks to queue
[2023-04-05 21:25:25,277] {logging_mixin.py:115} INFO - [2023-04-05 21:25:25,277] {dagbag.py:507} INFO - Filling up the DagBag from /home/edinaldo/Documents/previsao_remuneracao/previsao_remuneracao/venv/lib/python3.10/site-packages/airflow/example_dags/example_branch_day_of_week_operator.py
[2023-04-05 21:25:25,287] {processor.py:651} INFO - DAG(s) dict_keys(['example_weekday_branch_operator']) retrieved from /home/edinaldo/Documents/previsao_remuneracao/previsao_remuneracao/venv/lib/python3.10/site-packages/airflow/example_dags/example_branch_day_of_week_operator.py
[2023-04-05 21:25:25,305] {logging_mixin.py:115} INFO - [2023-04-05 21:25:25,304] {dag.py:2379} INFO - Sync 1 DAGs
[2023-04-05 21:25:25,325] {logging_mixin.py:115} INFO - [2023-04-05 21:25:25,325] {dag.py:2927} INFO - Setting next_dagrun for example_weekday_branch_operator to 2023-04-05T00:00:00+00:00, run_after=2023-04-06T00:00:00+00:00
[2023-04-05 21:25:25,397] {processor.py:161} INFO - Processing /home/edinaldo/Documents/previsao_remuneracao/previsao_remuneracao/venv/lib/python3.10/site-packages/airflow/example_dags/example_branch_day_of_week_operator.py took 0.125 seconds
[2023-04-05 21:26:05,557] {processor.py:153} INFO - Started process (PID=54796) to work on /home/edinaldo/Documents/previsao_remuneracao/previsao_remuneracao/venv/lib/python3.10/site-packages/airflow/example_dags/example_branch_day_of_week_operator.py
[2023-04-05 21:26:05,558] {processor.py:641} INFO - Processing file /home/edinaldo/Documents/previsao_remuneracao/previsao_remuneracao/venv/lib/python3.10/site-packages/airflow/example_dags/example_branch_day_of_week_operator.py for tasks to queue
[2023-04-05 21:26:05,559] {logging_mixin.py:115} INFO - [2023-04-05 21:26:05,559] {dagbag.py:507} INFO - Filling up the DagBag from /home/edinaldo/Documents/previsao_remuneracao/previsao_remuneracao/venv/lib/python3.10/site-packages/airflow/example_dags/example_branch_day_of_week_operator.py
[2023-04-05 21:26:05,575] {processor.py:651} INFO - DAG(s) dict_keys(['example_weekday_branch_operator']) retrieved from /home/edinaldo/Documents/previsao_remuneracao/previsao_remuneracao/venv/lib/python3.10/site-packages/airflow/example_dags/example_branch_day_of_week_operator.py
[2023-04-05 21:26:05,605] {logging_mixin.py:115} INFO - [2023-04-05 21:26:05,605] {dag.py:2379} INFO - Sync 1 DAGs
[2023-04-05 21:26:05,639] {logging_mixin.py:115} INFO - [2023-04-05 21:26:05,638] {dag.py:2927} INFO - Setting next_dagrun for example_weekday_branch_operator to 2023-04-05T00:00:00+00:00, run_after=2023-04-06T00:00:00+00:00
[2023-04-05 21:26:05,834] {processor.py:161} INFO - Processing /home/edinaldo/Documents/previsao_remuneracao/previsao_remuneracao/venv/lib/python3.10/site-packages/airflow/example_dags/example_branch_day_of_week_operator.py took 0.282 seconds
[2023-04-05 21:26:48,703] {processor.py:153} INFO - Started process (PID=55050) to work on /home/edinaldo/Documents/previsao_remuneracao/previsao_remuneracao/venv/lib/python3.10/site-packages/airflow/example_dags/example_branch_day_of_week_operator.py
[2023-04-05 21:26:48,704] {processor.py:641} INFO - Processing file /home/edinaldo/Documents/previsao_remuneracao/previsao_remuneracao/venv/lib/python3.10/site-packages/airflow/example_dags/example_branch_day_of_week_operator.py for tasks to queue
[2023-04-05 21:26:48,704] {logging_mixin.py:115} INFO - [2023-04-05 21:26:48,704] {dagbag.py:507} INFO - Filling up the DagBag from /home/edinaldo/Documents/previsao_remuneracao/previsao_remuneracao/venv/lib/python3.10/site-packages/airflow/example_dags/example_branch_day_of_week_operator.py
[2023-04-05 21:26:48,719] {processor.py:651} INFO - DAG(s) dict_keys(['example_weekday_branch_operator']) retrieved from /home/edinaldo/Documents/previsao_remuneracao/previsao_remuneracao/venv/lib/python3.10/site-packages/airflow/example_dags/example_branch_day_of_week_operator.py
[2023-04-05 21:26:48,738] {logging_mixin.py:115} INFO - [2023-04-05 21:26:48,738] {dag.py:2379} INFO - Sync 1 DAGs
[2023-04-05 21:26:48,762] {logging_mixin.py:115} INFO - [2023-04-05 21:26:48,762] {dag.py:2927} INFO - Setting next_dagrun for example_weekday_branch_operator to 2023-04-05T00:00:00+00:00, run_after=2023-04-06T00:00:00+00:00
[2023-04-05 21:26:49,016] {processor.py:161} INFO - Processing /home/edinaldo/Documents/previsao_remuneracao/previsao_remuneracao/venv/lib/python3.10/site-packages/airflow/example_dags/example_branch_day_of_week_operator.py took 0.321 seconds
[2023-04-05 21:27:34,840] {processor.py:153} INFO - Started process (PID=55359) to work on /home/edinaldo/Documents/previsao_remuneracao/previsao_remuneracao/venv/lib/python3.10/site-packages/airflow/example_dags/example_branch_day_of_week_operator.py
[2023-04-05 21:27:34,846] {processor.py:641} INFO - Processing file /home/edinaldo/Documents/previsao_remuneracao/previsao_remuneracao/venv/lib/python3.10/site-packages/airflow/example_dags/example_branch_day_of_week_operator.py for tasks to queue
[2023-04-05 21:27:34,847] {logging_mixin.py:115} INFO - [2023-04-05 21:27:34,847] {dagbag.py:507} INFO - Filling up the DagBag from /home/edinaldo/Documents/previsao_remuneracao/previsao_remuneracao/venv/lib/python3.10/site-packages/airflow/example_dags/example_branch_day_of_week_operator.py
[2023-04-05 21:27:34,862] {processor.py:651} INFO - DAG(s) dict_keys(['example_weekday_branch_operator']) retrieved from /home/edinaldo/Documents/previsao_remuneracao/previsao_remuneracao/venv/lib/python3.10/site-packages/airflow/example_dags/example_branch_day_of_week_operator.py
[2023-04-05 21:27:34,884] {logging_mixin.py:115} INFO - [2023-04-05 21:27:34,884] {dag.py:2379} INFO - Sync 1 DAGs
[2023-04-05 21:27:34,907] {logging_mixin.py:115} INFO - [2023-04-05 21:27:34,907] {dag.py:2927} INFO - Setting next_dagrun for example_weekday_branch_operator to 2023-04-05T00:00:00+00:00, run_after=2023-04-06T00:00:00+00:00
[2023-04-05 21:27:34,986] {processor.py:161} INFO - Processing /home/edinaldo/Documents/previsao_remuneracao/previsao_remuneracao/venv/lib/python3.10/site-packages/airflow/example_dags/example_branch_day_of_week_operator.py took 0.150 seconds
[2023-04-05 21:28:41,722] {processor.py:153} INFO - Started process (PID=55591) to work on /home/edinaldo/Documents/previsao_remuneracao/previsao_remuneracao/venv/lib/python3.10/site-packages/airflow/example_dags/example_branch_day_of_week_operator.py
[2023-04-05 21:28:41,742] {processor.py:641} INFO - Processing file /home/edinaldo/Documents/previsao_remuneracao/previsao_remuneracao/venv/lib/python3.10/site-packages/airflow/example_dags/example_branch_day_of_week_operator.py for tasks to queue
[2023-04-05 21:28:41,743] {logging_mixin.py:115} INFO - [2023-04-05 21:28:41,743] {dagbag.py:507} INFO - Filling up the DagBag from /home/edinaldo/Documents/previsao_remuneracao/previsao_remuneracao/venv/lib/python3.10/site-packages/airflow/example_dags/example_branch_day_of_week_operator.py
[2023-04-05 21:28:41,804] {processor.py:651} INFO - DAG(s) dict_keys(['example_weekday_branch_operator']) retrieved from /home/edinaldo/Documents/previsao_remuneracao/previsao_remuneracao/venv/lib/python3.10/site-packages/airflow/example_dags/example_branch_day_of_week_operator.py
[2023-04-05 21:28:41,834] {logging_mixin.py:115} INFO - [2023-04-05 21:28:41,834] {dag.py:2379} INFO - Sync 1 DAGs
[2023-04-05 21:28:41,870] {logging_mixin.py:115} INFO - [2023-04-05 21:28:41,870] {dag.py:2927} INFO - Setting next_dagrun for example_weekday_branch_operator to 2023-04-05T00:00:00+00:00, run_after=2023-04-06T00:00:00+00:00
[2023-04-05 21:28:42,002] {processor.py:161} INFO - Processing /home/edinaldo/Documents/previsao_remuneracao/previsao_remuneracao/venv/lib/python3.10/site-packages/airflow/example_dags/example_branch_day_of_week_operator.py took 0.287 seconds
[2023-04-05 21:29:24,489] {processor.py:153} INFO - Started process (PID=55627) to work on /home/edinaldo/Documents/previsao_remuneracao/previsao_remuneracao/venv/lib/python3.10/site-packages/airflow/example_dags/example_branch_day_of_week_operator.py
[2023-04-05 21:29:24,490] {processor.py:641} INFO - Processing file /home/edinaldo/Documents/previsao_remuneracao/previsao_remuneracao/venv/lib/python3.10/site-packages/airflow/example_dags/example_branch_day_of_week_operator.py for tasks to queue
[2023-04-05 21:29:24,492] {logging_mixin.py:115} INFO - [2023-04-05 21:29:24,491] {dagbag.py:507} INFO - Filling up the DagBag from /home/edinaldo/Documents/previsao_remuneracao/previsao_remuneracao/venv/lib/python3.10/site-packages/airflow/example_dags/example_branch_day_of_week_operator.py
[2023-04-05 21:29:24,514] {processor.py:651} INFO - DAG(s) dict_keys(['example_weekday_branch_operator']) retrieved from /home/edinaldo/Documents/previsao_remuneracao/previsao_remuneracao/venv/lib/python3.10/site-packages/airflow/example_dags/example_branch_day_of_week_operator.py
[2023-04-05 21:29:24,551] {logging_mixin.py:115} INFO - [2023-04-05 21:29:24,551] {dag.py:2379} INFO - Sync 1 DAGs
[2023-04-05 21:29:24,598] {logging_mixin.py:115} INFO - [2023-04-05 21:29:24,598] {dag.py:2927} INFO - Setting next_dagrun for example_weekday_branch_operator to 2023-04-05T00:00:00+00:00, run_after=2023-04-06T00:00:00+00:00
[2023-04-05 21:29:24,681] {processor.py:161} INFO - Processing /home/edinaldo/Documents/previsao_remuneracao/previsao_remuneracao/venv/lib/python3.10/site-packages/airflow/example_dags/example_branch_day_of_week_operator.py took 0.199 seconds
[2023-04-05 21:30:09,078] {processor.py:153} INFO - Started process (PID=55668) to work on /home/edinaldo/Documents/previsao_remuneracao/previsao_remuneracao/venv/lib/python3.10/site-packages/airflow/example_dags/example_branch_day_of_week_operator.py
[2023-04-05 21:30:09,090] {processor.py:641} INFO - Processing file /home/edinaldo/Documents/previsao_remuneracao/previsao_remuneracao/venv/lib/python3.10/site-packages/airflow/example_dags/example_branch_day_of_week_operator.py for tasks to queue
[2023-04-05 21:30:09,091] {logging_mixin.py:115} INFO - [2023-04-05 21:30:09,091] {dagbag.py:507} INFO - Filling up the DagBag from /home/edinaldo/Documents/previsao_remuneracao/previsao_remuneracao/venv/lib/python3.10/site-packages/airflow/example_dags/example_branch_day_of_week_operator.py
[2023-04-05 21:30:09,105] {processor.py:651} INFO - DAG(s) dict_keys(['example_weekday_branch_operator']) retrieved from /home/edinaldo/Documents/previsao_remuneracao/previsao_remuneracao/venv/lib/python3.10/site-packages/airflow/example_dags/example_branch_day_of_week_operator.py
[2023-04-05 21:30:09,142] {logging_mixin.py:115} INFO - [2023-04-05 21:30:09,142] {dag.py:2379} INFO - Sync 1 DAGs
[2023-04-05 21:30:09,183] {logging_mixin.py:115} INFO - [2023-04-05 21:30:09,183] {dag.py:2927} INFO - Setting next_dagrun for example_weekday_branch_operator to 2023-04-05T00:00:00+00:00, run_after=2023-04-06T00:00:00+00:00
[2023-04-05 21:30:09,253] {processor.py:161} INFO - Processing /home/edinaldo/Documents/previsao_remuneracao/previsao_remuneracao/venv/lib/python3.10/site-packages/airflow/example_dags/example_branch_day_of_week_operator.py took 0.180 seconds
[2023-04-05 21:30:46,488] {processor.py:153} INFO - Started process (PID=55727) to work on /home/edinaldo/Documents/previsao_remuneracao/previsao_remuneracao/venv/lib/python3.10/site-packages/airflow/example_dags/example_branch_day_of_week_operator.py
[2023-04-05 21:30:47,171] {processor.py:641} INFO - Processing file /home/edinaldo/Documents/previsao_remuneracao/previsao_remuneracao/venv/lib/python3.10/site-packages/airflow/example_dags/example_branch_day_of_week_operator.py for tasks to queue
[2023-04-05 21:30:47,174] {logging_mixin.py:115} INFO - [2023-04-05 21:30:47,173] {dagbag.py:507} INFO - Filling up the DagBag from /home/edinaldo/Documents/previsao_remuneracao/previsao_remuneracao/venv/lib/python3.10/site-packages/airflow/example_dags/example_branch_day_of_week_operator.py
[2023-04-05 21:30:47,216] {processor.py:651} INFO - DAG(s) dict_keys(['example_weekday_branch_operator']) retrieved from /home/edinaldo/Documents/previsao_remuneracao/previsao_remuneracao/venv/lib/python3.10/site-packages/airflow/example_dags/example_branch_day_of_week_operator.py
[2023-04-05 21:30:47,249] {logging_mixin.py:115} INFO - [2023-04-05 21:30:47,249] {dag.py:2379} INFO - Sync 1 DAGs
[2023-04-05 21:30:47,282] {logging_mixin.py:115} INFO - [2023-04-05 21:30:47,281] {dag.py:2927} INFO - Setting next_dagrun for example_weekday_branch_operator to 2023-04-05T00:00:00+00:00, run_after=2023-04-06T00:00:00+00:00
[2023-04-05 21:30:47,564] {processor.py:161} INFO - Processing /home/edinaldo/Documents/previsao_remuneracao/previsao_remuneracao/venv/lib/python3.10/site-packages/airflow/example_dags/example_branch_day_of_week_operator.py took 1.085 seconds
[2023-04-05 21:31:30,033] {processor.py:153} INFO - Started process (PID=55766) to work on /home/edinaldo/Documents/previsao_remuneracao/previsao_remuneracao/venv/lib/python3.10/site-packages/airflow/example_dags/example_branch_day_of_week_operator.py
[2023-04-05 21:31:30,034] {processor.py:641} INFO - Processing file /home/edinaldo/Documents/previsao_remuneracao/previsao_remuneracao/venv/lib/python3.10/site-packages/airflow/example_dags/example_branch_day_of_week_operator.py for tasks to queue
[2023-04-05 21:31:30,036] {logging_mixin.py:115} INFO - [2023-04-05 21:31:30,035] {dagbag.py:507} INFO - Filling up the DagBag from /home/edinaldo/Documents/previsao_remuneracao/previsao_remuneracao/venv/lib/python3.10/site-packages/airflow/example_dags/example_branch_day_of_week_operator.py
[2023-04-05 21:31:30,049] {processor.py:651} INFO - DAG(s) dict_keys(['example_weekday_branch_operator']) retrieved from /home/edinaldo/Documents/previsao_remuneracao/previsao_remuneracao/venv/lib/python3.10/site-packages/airflow/example_dags/example_branch_day_of_week_operator.py
[2023-04-05 21:31:30,073] {logging_mixin.py:115} INFO - [2023-04-05 21:31:30,073] {dag.py:2379} INFO - Sync 1 DAGs
[2023-04-05 21:31:30,112] {logging_mixin.py:115} INFO - [2023-04-05 21:31:30,112] {dag.py:2927} INFO - Setting next_dagrun for example_weekday_branch_operator to 2023-04-05T00:00:00+00:00, run_after=2023-04-06T00:00:00+00:00
[2023-04-05 21:31:30,211] {processor.py:161} INFO - Processing /home/edinaldo/Documents/previsao_remuneracao/previsao_remuneracao/venv/lib/python3.10/site-packages/airflow/example_dags/example_branch_day_of_week_operator.py took 0.185 seconds
[2023-04-05 21:32:16,391] {processor.py:153} INFO - Started process (PID=56030) to work on /home/edinaldo/Documents/previsao_remuneracao/previsao_remuneracao/venv/lib/python3.10/site-packages/airflow/example_dags/example_branch_day_of_week_operator.py
[2023-04-05 21:32:16,408] {processor.py:641} INFO - Processing file /home/edinaldo/Documents/previsao_remuneracao/previsao_remuneracao/venv/lib/python3.10/site-packages/airflow/example_dags/example_branch_day_of_week_operator.py for tasks to queue
[2023-04-05 21:32:16,408] {logging_mixin.py:115} INFO - [2023-04-05 21:32:16,408] {dagbag.py:507} INFO - Filling up the DagBag from /home/edinaldo/Documents/previsao_remuneracao/previsao_remuneracao/venv/lib/python3.10/site-packages/airflow/example_dags/example_branch_day_of_week_operator.py
[2023-04-05 21:32:16,454] {processor.py:651} INFO - DAG(s) dict_keys(['example_weekday_branch_operator']) retrieved from /home/edinaldo/Documents/previsao_remuneracao/previsao_remuneracao/venv/lib/python3.10/site-packages/airflow/example_dags/example_branch_day_of_week_operator.py
[2023-04-05 21:32:16,499] {logging_mixin.py:115} INFO - [2023-04-05 21:32:16,499] {dag.py:2379} INFO - Sync 1 DAGs
[2023-04-05 21:32:16,542] {logging_mixin.py:115} INFO - [2023-04-05 21:32:16,542] {dag.py:2927} INFO - Setting next_dagrun for example_weekday_branch_operator to 2023-04-05T00:00:00+00:00, run_after=2023-04-06T00:00:00+00:00
[2023-04-05 21:32:16,739] {processor.py:161} INFO - Processing /home/edinaldo/Documents/previsao_remuneracao/previsao_remuneracao/venv/lib/python3.10/site-packages/airflow/example_dags/example_branch_day_of_week_operator.py took 0.355 seconds
[2023-04-05 21:33:05,193] {processor.py:153} INFO - Started process (PID=56103) to work on /home/edinaldo/Documents/previsao_remuneracao/previsao_remuneracao/venv/lib/python3.10/site-packages/airflow/example_dags/example_branch_day_of_week_operator.py
[2023-04-05 21:33:05,205] {processor.py:641} INFO - Processing file /home/edinaldo/Documents/previsao_remuneracao/previsao_remuneracao/venv/lib/python3.10/site-packages/airflow/example_dags/example_branch_day_of_week_operator.py for tasks to queue
[2023-04-05 21:33:05,207] {logging_mixin.py:115} INFO - [2023-04-05 21:33:05,206] {dagbag.py:507} INFO - Filling up the DagBag from /home/edinaldo/Documents/previsao_remuneracao/previsao_remuneracao/venv/lib/python3.10/site-packages/airflow/example_dags/example_branch_day_of_week_operator.py
[2023-04-05 21:33:05,248] {processor.py:651} INFO - DAG(s) dict_keys(['example_weekday_branch_operator']) retrieved from /home/edinaldo/Documents/previsao_remuneracao/previsao_remuneracao/venv/lib/python3.10/site-packages/airflow/example_dags/example_branch_day_of_week_operator.py
[2023-04-05 21:33:05,272] {logging_mixin.py:115} INFO - [2023-04-05 21:33:05,272] {dag.py:2379} INFO - Sync 1 DAGs
[2023-04-05 21:33:05,311] {logging_mixin.py:115} INFO - [2023-04-05 21:33:05,311] {dag.py:2927} INFO - Setting next_dagrun for example_weekday_branch_operator to 2023-04-05T00:00:00+00:00, run_after=2023-04-06T00:00:00+00:00
[2023-04-05 21:33:05,393] {processor.py:161} INFO - Processing /home/edinaldo/Documents/previsao_remuneracao/previsao_remuneracao/venv/lib/python3.10/site-packages/airflow/example_dags/example_branch_day_of_week_operator.py took 0.205 seconds
[2023-04-05 21:33:54,497] {processor.py:153} INFO - Started process (PID=56159) to work on /home/edinaldo/Documents/previsao_remuneracao/previsao_remuneracao/venv/lib/python3.10/site-packages/airflow/example_dags/example_branch_day_of_week_operator.py
[2023-04-05 21:33:54,501] {processor.py:641} INFO - Processing file /home/edinaldo/Documents/previsao_remuneracao/previsao_remuneracao/venv/lib/python3.10/site-packages/airflow/example_dags/example_branch_day_of_week_operator.py for tasks to queue
[2023-04-05 21:33:54,502] {logging_mixin.py:115} INFO - [2023-04-05 21:33:54,502] {dagbag.py:507} INFO - Filling up the DagBag from /home/edinaldo/Documents/previsao_remuneracao/previsao_remuneracao/venv/lib/python3.10/site-packages/airflow/example_dags/example_branch_day_of_week_operator.py
[2023-04-05 21:33:54,529] {processor.py:651} INFO - DAG(s) dict_keys(['example_weekday_branch_operator']) retrieved from /home/edinaldo/Documents/previsao_remuneracao/previsao_remuneracao/venv/lib/python3.10/site-packages/airflow/example_dags/example_branch_day_of_week_operator.py
[2023-04-05 21:33:54,568] {logging_mixin.py:115} INFO - [2023-04-05 21:33:54,568] {dag.py:2379} INFO - Sync 1 DAGs
[2023-04-05 21:33:54,617] {logging_mixin.py:115} INFO - [2023-04-05 21:33:54,617] {dag.py:2927} INFO - Setting next_dagrun for example_weekday_branch_operator to 2023-04-05T00:00:00+00:00, run_after=2023-04-06T00:00:00+00:00
[2023-04-05 21:33:54,707] {processor.py:161} INFO - Processing /home/edinaldo/Documents/previsao_remuneracao/previsao_remuneracao/venv/lib/python3.10/site-packages/airflow/example_dags/example_branch_day_of_week_operator.py took 0.218 seconds
[2023-04-05 21:34:34,907] {processor.py:153} INFO - Started process (PID=56223) to work on /home/edinaldo/Documents/previsao_remuneracao/previsao_remuneracao/venv/lib/python3.10/site-packages/airflow/example_dags/example_branch_day_of_week_operator.py
[2023-04-05 21:34:34,921] {processor.py:641} INFO - Processing file /home/edinaldo/Documents/previsao_remuneracao/previsao_remuneracao/venv/lib/python3.10/site-packages/airflow/example_dags/example_branch_day_of_week_operator.py for tasks to queue
[2023-04-05 21:34:34,923] {logging_mixin.py:115} INFO - [2023-04-05 21:34:34,922] {dagbag.py:507} INFO - Filling up the DagBag from /home/edinaldo/Documents/previsao_remuneracao/previsao_remuneracao/venv/lib/python3.10/site-packages/airflow/example_dags/example_branch_day_of_week_operator.py
[2023-04-05 21:34:34,937] {processor.py:651} INFO - DAG(s) dict_keys(['example_weekday_branch_operator']) retrieved from /home/edinaldo/Documents/previsao_remuneracao/previsao_remuneracao/venv/lib/python3.10/site-packages/airflow/example_dags/example_branch_day_of_week_operator.py
[2023-04-05 21:34:34,966] {logging_mixin.py:115} INFO - [2023-04-05 21:34:34,966] {dag.py:2379} INFO - Sync 1 DAGs
[2023-04-05 21:34:35,001] {logging_mixin.py:115} INFO - [2023-04-05 21:34:35,001] {dag.py:2927} INFO - Setting next_dagrun for example_weekday_branch_operator to 2023-04-05T00:00:00+00:00, run_after=2023-04-06T00:00:00+00:00
[2023-04-05 21:34:35,087] {processor.py:161} INFO - Processing /home/edinaldo/Documents/previsao_remuneracao/previsao_remuneracao/venv/lib/python3.10/site-packages/airflow/example_dags/example_branch_day_of_week_operator.py took 0.187 seconds
[2023-04-05 21:35:22,845] {processor.py:153} INFO - Started process (PID=56272) to work on /home/edinaldo/Documents/previsao_remuneracao/previsao_remuneracao/venv/lib/python3.10/site-packages/airflow/example_dags/example_branch_day_of_week_operator.py
[2023-04-05 21:35:22,846] {processor.py:641} INFO - Processing file /home/edinaldo/Documents/previsao_remuneracao/previsao_remuneracao/venv/lib/python3.10/site-packages/airflow/example_dags/example_branch_day_of_week_operator.py for tasks to queue
[2023-04-05 21:35:22,847] {logging_mixin.py:115} INFO - [2023-04-05 21:35:22,847] {dagbag.py:507} INFO - Filling up the DagBag from /home/edinaldo/Documents/previsao_remuneracao/previsao_remuneracao/venv/lib/python3.10/site-packages/airflow/example_dags/example_branch_day_of_week_operator.py
[2023-04-05 21:35:22,872] {processor.py:651} INFO - DAG(s) dict_keys(['example_weekday_branch_operator']) retrieved from /home/edinaldo/Documents/previsao_remuneracao/previsao_remuneracao/venv/lib/python3.10/site-packages/airflow/example_dags/example_branch_day_of_week_operator.py
[2023-04-05 21:35:22,900] {logging_mixin.py:115} INFO - [2023-04-05 21:35:22,899] {dag.py:2379} INFO - Sync 1 DAGs
[2023-04-05 21:35:22,942] {logging_mixin.py:115} INFO - [2023-04-05 21:35:22,942] {dag.py:2927} INFO - Setting next_dagrun for example_weekday_branch_operator to 2023-04-05T00:00:00+00:00, run_after=2023-04-06T00:00:00+00:00
[2023-04-05 21:35:23,015] {processor.py:161} INFO - Processing /home/edinaldo/Documents/previsao_remuneracao/previsao_remuneracao/venv/lib/python3.10/site-packages/airflow/example_dags/example_branch_day_of_week_operator.py took 0.178 seconds
[2023-04-05 21:36:52,806] {processor.py:153} INFO - Started process (PID=56714) to work on /home/edinaldo/Documents/previsao_remuneracao/previsao_remuneracao/venv/lib/python3.10/site-packages/airflow/example_dags/example_branch_day_of_week_operator.py
[2023-04-05 21:36:52,833] {processor.py:641} INFO - Processing file /home/edinaldo/Documents/previsao_remuneracao/previsao_remuneracao/venv/lib/python3.10/site-packages/airflow/example_dags/example_branch_day_of_week_operator.py for tasks to queue
[2023-04-05 21:36:52,835] {logging_mixin.py:115} INFO - [2023-04-05 21:36:52,835] {dagbag.py:507} INFO - Filling up the DagBag from /home/edinaldo/Documents/previsao_remuneracao/previsao_remuneracao/venv/lib/python3.10/site-packages/airflow/example_dags/example_branch_day_of_week_operator.py
[2023-04-05 21:36:52,932] {processor.py:651} INFO - DAG(s) dict_keys(['example_weekday_branch_operator']) retrieved from /home/edinaldo/Documents/previsao_remuneracao/previsao_remuneracao/venv/lib/python3.10/site-packages/airflow/example_dags/example_branch_day_of_week_operator.py
[2023-04-05 21:36:52,959] {logging_mixin.py:115} INFO - [2023-04-05 21:36:52,959] {dag.py:2379} INFO - Sync 1 DAGs
[2023-04-05 21:36:52,981] {logging_mixin.py:115} INFO - [2023-04-05 21:36:52,981] {dag.py:2927} INFO - Setting next_dagrun for example_weekday_branch_operator to 2023-04-05T00:00:00+00:00, run_after=2023-04-06T00:00:00+00:00
[2023-04-05 21:36:53,052] {processor.py:161} INFO - Processing /home/edinaldo/Documents/previsao_remuneracao/previsao_remuneracao/venv/lib/python3.10/site-packages/airflow/example_dags/example_branch_day_of_week_operator.py took 0.256 seconds
[2023-04-05 21:37:58,707] {processor.py:153} INFO - Started process (PID=56911) to work on /home/edinaldo/Documents/previsao_remuneracao/previsao_remuneracao/venv/lib/python3.10/site-packages/airflow/example_dags/example_branch_day_of_week_operator.py
[2023-04-05 21:37:58,721] {processor.py:641} INFO - Processing file /home/edinaldo/Documents/previsao_remuneracao/previsao_remuneracao/venv/lib/python3.10/site-packages/airflow/example_dags/example_branch_day_of_week_operator.py for tasks to queue
[2023-04-05 21:37:58,722] {logging_mixin.py:115} INFO - [2023-04-05 21:37:58,722] {dagbag.py:507} INFO - Filling up the DagBag from /home/edinaldo/Documents/previsao_remuneracao/previsao_remuneracao/venv/lib/python3.10/site-packages/airflow/example_dags/example_branch_day_of_week_operator.py
[2023-04-05 21:37:58,779] {processor.py:651} INFO - DAG(s) dict_keys(['example_weekday_branch_operator']) retrieved from /home/edinaldo/Documents/previsao_remuneracao/previsao_remuneracao/venv/lib/python3.10/site-packages/airflow/example_dags/example_branch_day_of_week_operator.py
[2023-04-05 21:37:58,803] {logging_mixin.py:115} INFO - [2023-04-05 21:37:58,803] {dag.py:2379} INFO - Sync 1 DAGs
[2023-04-05 21:37:58,835] {logging_mixin.py:115} INFO - [2023-04-05 21:37:58,835] {dag.py:2927} INFO - Setting next_dagrun for example_weekday_branch_operator to 2023-04-05T00:00:00+00:00, run_after=2023-04-06T00:00:00+00:00
[2023-04-05 21:37:58,966] {processor.py:161} INFO - Processing /home/edinaldo/Documents/previsao_remuneracao/previsao_remuneracao/venv/lib/python3.10/site-packages/airflow/example_dags/example_branch_day_of_week_operator.py took 0.266 seconds
[2023-04-05 21:38:56,569] {processor.py:153} INFO - Started process (PID=57223) to work on /home/edinaldo/Documents/previsao_remuneracao/previsao_remuneracao/venv/lib/python3.10/site-packages/airflow/example_dags/example_branch_day_of_week_operator.py
[2023-04-05 21:38:56,654] {processor.py:641} INFO - Processing file /home/edinaldo/Documents/previsao_remuneracao/previsao_remuneracao/venv/lib/python3.10/site-packages/airflow/example_dags/example_branch_day_of_week_operator.py for tasks to queue
[2023-04-05 21:38:56,655] {logging_mixin.py:115} INFO - [2023-04-05 21:38:56,655] {dagbag.py:507} INFO - Filling up the DagBag from /home/edinaldo/Documents/previsao_remuneracao/previsao_remuneracao/venv/lib/python3.10/site-packages/airflow/example_dags/example_branch_day_of_week_operator.py
[2023-04-05 21:38:56,841] {processor.py:651} INFO - DAG(s) dict_keys(['example_weekday_branch_operator']) retrieved from /home/edinaldo/Documents/previsao_remuneracao/previsao_remuneracao/venv/lib/python3.10/site-packages/airflow/example_dags/example_branch_day_of_week_operator.py
[2023-04-05 21:38:56,886] {logging_mixin.py:115} INFO - [2023-04-05 21:38:56,886] {dag.py:2379} INFO - Sync 1 DAGs
[2023-04-05 21:38:56,912] {logging_mixin.py:115} INFO - [2023-04-05 21:38:56,912] {dag.py:2927} INFO - Setting next_dagrun for example_weekday_branch_operator to 2023-04-05T00:00:00+00:00, run_after=2023-04-06T00:00:00+00:00
[2023-04-05 21:38:57,103] {processor.py:161} INFO - Processing /home/edinaldo/Documents/previsao_remuneracao/previsao_remuneracao/venv/lib/python3.10/site-packages/airflow/example_dags/example_branch_day_of_week_operator.py took 0.549 seconds
[2023-04-05 21:40:06,475] {processor.py:153} INFO - Started process (PID=57551) to work on /home/edinaldo/Documents/previsao_remuneracao/previsao_remuneracao/venv/lib/python3.10/site-packages/airflow/example_dags/example_branch_day_of_week_operator.py
[2023-04-05 21:40:06,493] {processor.py:641} INFO - Processing file /home/edinaldo/Documents/previsao_remuneracao/previsao_remuneracao/venv/lib/python3.10/site-packages/airflow/example_dags/example_branch_day_of_week_operator.py for tasks to queue
[2023-04-05 21:40:06,494] {logging_mixin.py:115} INFO - [2023-04-05 21:40:06,494] {dagbag.py:507} INFO - Filling up the DagBag from /home/edinaldo/Documents/previsao_remuneracao/previsao_remuneracao/venv/lib/python3.10/site-packages/airflow/example_dags/example_branch_day_of_week_operator.py
[2023-04-05 21:40:06,545] {processor.py:651} INFO - DAG(s) dict_keys(['example_weekday_branch_operator']) retrieved from /home/edinaldo/Documents/previsao_remuneracao/previsao_remuneracao/venv/lib/python3.10/site-packages/airflow/example_dags/example_branch_day_of_week_operator.py
[2023-04-05 21:40:06,571] {logging_mixin.py:115} INFO - [2023-04-05 21:40:06,571] {dag.py:2379} INFO - Sync 1 DAGs
[2023-04-05 21:40:06,607] {logging_mixin.py:115} INFO - [2023-04-05 21:40:06,607] {dag.py:2927} INFO - Setting next_dagrun for example_weekday_branch_operator to 2023-04-05T00:00:00+00:00, run_after=2023-04-06T00:00:00+00:00
[2023-04-05 21:40:06,684] {processor.py:161} INFO - Processing /home/edinaldo/Documents/previsao_remuneracao/previsao_remuneracao/venv/lib/python3.10/site-packages/airflow/example_dags/example_branch_day_of_week_operator.py took 0.219 seconds
[2023-04-05 21:40:52,857] {processor.py:153} INFO - Started process (PID=57780) to work on /home/edinaldo/Documents/previsao_remuneracao/previsao_remuneracao/venv/lib/python3.10/site-packages/airflow/example_dags/example_branch_day_of_week_operator.py
[2023-04-05 21:40:52,859] {processor.py:641} INFO - Processing file /home/edinaldo/Documents/previsao_remuneracao/previsao_remuneracao/venv/lib/python3.10/site-packages/airflow/example_dags/example_branch_day_of_week_operator.py for tasks to queue
[2023-04-05 21:40:52,861] {logging_mixin.py:115} INFO - [2023-04-05 21:40:52,861] {dagbag.py:507} INFO - Filling up the DagBag from /home/edinaldo/Documents/previsao_remuneracao/previsao_remuneracao/venv/lib/python3.10/site-packages/airflow/example_dags/example_branch_day_of_week_operator.py
[2023-04-05 21:40:52,912] {processor.py:651} INFO - DAG(s) dict_keys(['example_weekday_branch_operator']) retrieved from /home/edinaldo/Documents/previsao_remuneracao/previsao_remuneracao/venv/lib/python3.10/site-packages/airflow/example_dags/example_branch_day_of_week_operator.py
[2023-04-05 21:40:52,934] {logging_mixin.py:115} INFO - [2023-04-05 21:40:52,934] {dag.py:2379} INFO - Sync 1 DAGs
[2023-04-05 21:40:52,956] {logging_mixin.py:115} INFO - [2023-04-05 21:40:52,956] {dag.py:2927} INFO - Setting next_dagrun for example_weekday_branch_operator to 2023-04-05T00:00:00+00:00, run_after=2023-04-06T00:00:00+00:00
[2023-04-05 21:40:53,035] {processor.py:161} INFO - Processing /home/edinaldo/Documents/previsao_remuneracao/previsao_remuneracao/venv/lib/python3.10/site-packages/airflow/example_dags/example_branch_day_of_week_operator.py took 0.189 seconds
[2023-04-05 21:41:34,027] {processor.py:153} INFO - Started process (PID=58051) to work on /home/edinaldo/Documents/previsao_remuneracao/previsao_remuneracao/venv/lib/python3.10/site-packages/airflow/example_dags/example_branch_day_of_week_operator.py
[2023-04-05 21:41:34,053] {processor.py:641} INFO - Processing file /home/edinaldo/Documents/previsao_remuneracao/previsao_remuneracao/venv/lib/python3.10/site-packages/airflow/example_dags/example_branch_day_of_week_operator.py for tasks to queue
[2023-04-05 21:41:34,055] {logging_mixin.py:115} INFO - [2023-04-05 21:41:34,054] {dagbag.py:507} INFO - Filling up the DagBag from /home/edinaldo/Documents/previsao_remuneracao/previsao_remuneracao/venv/lib/python3.10/site-packages/airflow/example_dags/example_branch_day_of_week_operator.py
[2023-04-05 21:41:34,169] {processor.py:651} INFO - DAG(s) dict_keys(['example_weekday_branch_operator']) retrieved from /home/edinaldo/Documents/previsao_remuneracao/previsao_remuneracao/venv/lib/python3.10/site-packages/airflow/example_dags/example_branch_day_of_week_operator.py
[2023-04-05 21:41:34,249] {logging_mixin.py:115} INFO - [2023-04-05 21:41:34,249] {dag.py:2379} INFO - Sync 1 DAGs
[2023-04-05 21:41:34,334] {logging_mixin.py:115} INFO - [2023-04-05 21:41:34,333] {dag.py:2927} INFO - Setting next_dagrun for example_weekday_branch_operator to 2023-04-05T00:00:00+00:00, run_after=2023-04-06T00:00:00+00:00
[2023-04-05 21:41:34,428] {processor.py:161} INFO - Processing /home/edinaldo/Documents/previsao_remuneracao/previsao_remuneracao/venv/lib/python3.10/site-packages/airflow/example_dags/example_branch_day_of_week_operator.py took 0.415 seconds
[2023-04-05 21:42:22,472] {processor.py:153} INFO - Started process (PID=58305) to work on /home/edinaldo/Documents/previsao_remuneracao/previsao_remuneracao/venv/lib/python3.10/site-packages/airflow/example_dags/example_branch_day_of_week_operator.py
[2023-04-05 21:42:22,487] {processor.py:641} INFO - Processing file /home/edinaldo/Documents/previsao_remuneracao/previsao_remuneracao/venv/lib/python3.10/site-packages/airflow/example_dags/example_branch_day_of_week_operator.py for tasks to queue
[2023-04-05 21:42:22,488] {logging_mixin.py:115} INFO - [2023-04-05 21:42:22,488] {dagbag.py:507} INFO - Filling up the DagBag from /home/edinaldo/Documents/previsao_remuneracao/previsao_remuneracao/venv/lib/python3.10/site-packages/airflow/example_dags/example_branch_day_of_week_operator.py
[2023-04-05 21:42:22,539] {processor.py:651} INFO - DAG(s) dict_keys(['example_weekday_branch_operator']) retrieved from /home/edinaldo/Documents/previsao_remuneracao/previsao_remuneracao/venv/lib/python3.10/site-packages/airflow/example_dags/example_branch_day_of_week_operator.py
[2023-04-05 21:42:22,661] {logging_mixin.py:115} INFO - [2023-04-05 21:42:22,660] {dag.py:2379} INFO - Sync 1 DAGs
[2023-04-05 21:42:22,687] {logging_mixin.py:115} INFO - [2023-04-05 21:42:22,687] {dag.py:2927} INFO - Setting next_dagrun for example_weekday_branch_operator to 2023-04-05T00:00:00+00:00, run_after=2023-04-06T00:00:00+00:00
[2023-04-05 21:42:22,769] {processor.py:161} INFO - Processing /home/edinaldo/Documents/previsao_remuneracao/previsao_remuneracao/venv/lib/python3.10/site-packages/airflow/example_dags/example_branch_day_of_week_operator.py took 0.307 seconds
