[2023-04-05 21:00:03,861] {processor.py:153} INFO - Started process (PID=52071) to work on /home/edinaldo/Documents/previsao_remuneracao/previsao_remuneracao/venv/lib/python3.10/site-packages/airflow/example_dags/example_trigger_controller_dag.py
[2023-04-05 21:00:03,862] {processor.py:641} INFO - Processing file /home/edinaldo/Documents/previsao_remuneracao/previsao_remuneracao/venv/lib/python3.10/site-packages/airflow/example_dags/example_trigger_controller_dag.py for tasks to queue
[2023-04-05 21:00:03,864] {logging_mixin.py:115} INFO - [2023-04-05 21:00:03,864] {dagbag.py:507} INFO - Filling up the DagBag from /home/edinaldo/Documents/previsao_remuneracao/previsao_remuneracao/venv/lib/python3.10/site-packages/airflow/example_dags/example_trigger_controller_dag.py
[2023-04-05 21:00:03,873] {processor.py:651} INFO - DAG(s) dict_keys(['example_trigger_controller_dag']) retrieved from /home/edinaldo/Documents/previsao_remuneracao/previsao_remuneracao/venv/lib/python3.10/site-packages/airflow/example_dags/example_trigger_controller_dag.py
[2023-04-05 21:00:03,894] {logging_mixin.py:115} INFO - [2023-04-05 21:00:03,894] {dag.py:2379} INFO - Sync 1 DAGs
[2023-04-05 21:00:03,913] {logging_mixin.py:115} INFO - [2023-04-05 21:00:03,913] {dag.py:2927} INFO - Setting next_dagrun for example_trigger_controller_dag to 2021-01-01T00:00:00+00:00, run_after=2021-01-01T00:00:00+00:00
[2023-04-05 21:00:04,051] {processor.py:161} INFO - Processing /home/edinaldo/Documents/previsao_remuneracao/previsao_remuneracao/venv/lib/python3.10/site-packages/airflow/example_dags/example_trigger_controller_dag.py took 0.199 seconds
[2023-04-05 21:00:47,115] {processor.py:153} INFO - Started process (PID=52178) to work on /home/edinaldo/Documents/previsao_remuneracao/previsao_remuneracao/venv/lib/python3.10/site-packages/airflow/example_dags/example_trigger_controller_dag.py
[2023-04-05 21:00:47,129] {processor.py:641} INFO - Processing file /home/edinaldo/Documents/previsao_remuneracao/previsao_remuneracao/venv/lib/python3.10/site-packages/airflow/example_dags/example_trigger_controller_dag.py for tasks to queue
[2023-04-05 21:00:47,130] {logging_mixin.py:115} INFO - [2023-04-05 21:00:47,130] {dagbag.py:507} INFO - Filling up the DagBag from /home/edinaldo/Documents/previsao_remuneracao/previsao_remuneracao/venv/lib/python3.10/site-packages/airflow/example_dags/example_trigger_controller_dag.py
[2023-04-05 21:00:47,137] {processor.py:651} INFO - DAG(s) dict_keys(['example_trigger_controller_dag']) retrieved from /home/edinaldo/Documents/previsao_remuneracao/previsao_remuneracao/venv/lib/python3.10/site-packages/airflow/example_dags/example_trigger_controller_dag.py
[2023-04-05 21:00:47,165] {logging_mixin.py:115} INFO - [2023-04-05 21:00:47,165] {dag.py:2379} INFO - Sync 1 DAGs
[2023-04-05 21:00:47,184] {logging_mixin.py:115} INFO - [2023-04-05 21:00:47,184] {dag.py:2927} INFO - Setting next_dagrun for example_trigger_controller_dag to 2021-01-01T00:00:00+00:00, run_after=2021-01-01T00:00:00+00:00
[2023-04-05 21:00:47,347] {processor.py:161} INFO - Processing /home/edinaldo/Documents/previsao_remuneracao/previsao_remuneracao/venv/lib/python3.10/site-packages/airflow/example_dags/example_trigger_controller_dag.py took 0.241 seconds
[2023-04-05 21:01:25,186] {processor.py:153} INFO - Started process (PID=52212) to work on /home/edinaldo/Documents/previsao_remuneracao/previsao_remuneracao/venv/lib/python3.10/site-packages/airflow/example_dags/example_trigger_controller_dag.py
[2023-04-05 21:01:25,198] {processor.py:641} INFO - Processing file /home/edinaldo/Documents/previsao_remuneracao/previsao_remuneracao/venv/lib/python3.10/site-packages/airflow/example_dags/example_trigger_controller_dag.py for tasks to queue
[2023-04-05 21:01:25,199] {logging_mixin.py:115} INFO - [2023-04-05 21:01:25,198] {dagbag.py:507} INFO - Filling up the DagBag from /home/edinaldo/Documents/previsao_remuneracao/previsao_remuneracao/venv/lib/python3.10/site-packages/airflow/example_dags/example_trigger_controller_dag.py
[2023-04-05 21:01:25,203] {processor.py:651} INFO - DAG(s) dict_keys(['example_trigger_controller_dag']) retrieved from /home/edinaldo/Documents/previsao_remuneracao/previsao_remuneracao/venv/lib/python3.10/site-packages/airflow/example_dags/example_trigger_controller_dag.py
[2023-04-05 21:01:25,222] {logging_mixin.py:115} INFO - [2023-04-05 21:01:25,222] {dag.py:2379} INFO - Sync 1 DAGs
[2023-04-05 21:01:25,243] {logging_mixin.py:115} INFO - [2023-04-05 21:01:25,243] {dag.py:2927} INFO - Setting next_dagrun for example_trigger_controller_dag to 2021-01-01T00:00:00+00:00, run_after=2021-01-01T00:00:00+00:00
[2023-04-05 21:01:25,328] {processor.py:161} INFO - Processing /home/edinaldo/Documents/previsao_remuneracao/previsao_remuneracao/venv/lib/python3.10/site-packages/airflow/example_dags/example_trigger_controller_dag.py took 0.149 seconds
[2023-04-05 21:02:06,482] {processor.py:153} INFO - Started process (PID=52323) to work on /home/edinaldo/Documents/previsao_remuneracao/previsao_remuneracao/venv/lib/python3.10/site-packages/airflow/example_dags/example_trigger_controller_dag.py
[2023-04-05 21:02:06,502] {processor.py:641} INFO - Processing file /home/edinaldo/Documents/previsao_remuneracao/previsao_remuneracao/venv/lib/python3.10/site-packages/airflow/example_dags/example_trigger_controller_dag.py for tasks to queue
[2023-04-05 21:02:06,504] {logging_mixin.py:115} INFO - [2023-04-05 21:02:06,504] {dagbag.py:507} INFO - Filling up the DagBag from /home/edinaldo/Documents/previsao_remuneracao/previsao_remuneracao/venv/lib/python3.10/site-packages/airflow/example_dags/example_trigger_controller_dag.py
[2023-04-05 21:02:06,516] {processor.py:651} INFO - DAG(s) dict_keys(['example_trigger_controller_dag']) retrieved from /home/edinaldo/Documents/previsao_remuneracao/previsao_remuneracao/venv/lib/python3.10/site-packages/airflow/example_dags/example_trigger_controller_dag.py
[2023-04-05 21:02:06,540] {logging_mixin.py:115} INFO - [2023-04-05 21:02:06,540] {dag.py:2379} INFO - Sync 1 DAGs
[2023-04-05 21:02:06,560] {logging_mixin.py:115} INFO - [2023-04-05 21:02:06,559] {dag.py:2927} INFO - Setting next_dagrun for example_trigger_controller_dag to 2021-01-01T00:00:00+00:00, run_after=2021-01-01T00:00:00+00:00
[2023-04-05 21:02:06,658] {processor.py:161} INFO - Processing /home/edinaldo/Documents/previsao_remuneracao/previsao_remuneracao/venv/lib/python3.10/site-packages/airflow/example_dags/example_trigger_controller_dag.py took 0.186 seconds
[2023-04-05 21:02:46,029] {processor.py:153} INFO - Started process (PID=52425) to work on /home/edinaldo/Documents/previsao_remuneracao/previsao_remuneracao/venv/lib/python3.10/site-packages/airflow/example_dags/example_trigger_controller_dag.py
[2023-04-05 21:02:46,076] {processor.py:641} INFO - Processing file /home/edinaldo/Documents/previsao_remuneracao/previsao_remuneracao/venv/lib/python3.10/site-packages/airflow/example_dags/example_trigger_controller_dag.py for tasks to queue
[2023-04-05 21:02:46,077] {logging_mixin.py:115} INFO - [2023-04-05 21:02:46,077] {dagbag.py:507} INFO - Filling up the DagBag from /home/edinaldo/Documents/previsao_remuneracao/previsao_remuneracao/venv/lib/python3.10/site-packages/airflow/example_dags/example_trigger_controller_dag.py
[2023-04-05 21:02:46,087] {processor.py:651} INFO - DAG(s) dict_keys(['example_trigger_controller_dag']) retrieved from /home/edinaldo/Documents/previsao_remuneracao/previsao_remuneracao/venv/lib/python3.10/site-packages/airflow/example_dags/example_trigger_controller_dag.py
[2023-04-05 21:02:46,126] {logging_mixin.py:115} INFO - [2023-04-05 21:02:46,126] {dag.py:2379} INFO - Sync 1 DAGs
[2023-04-05 21:02:46,171] {logging_mixin.py:115} INFO - [2023-04-05 21:02:46,171] {dag.py:2927} INFO - Setting next_dagrun for example_trigger_controller_dag to 2021-01-01T00:00:00+00:00, run_after=2021-01-01T00:00:00+00:00
[2023-04-05 21:02:46,276] {processor.py:161} INFO - Processing /home/edinaldo/Documents/previsao_remuneracao/previsao_remuneracao/venv/lib/python3.10/site-packages/airflow/example_dags/example_trigger_controller_dag.py took 0.252 seconds
[2023-04-05 21:03:24,352] {processor.py:153} INFO - Started process (PID=52463) to work on /home/edinaldo/Documents/previsao_remuneracao/previsao_remuneracao/venv/lib/python3.10/site-packages/airflow/example_dags/example_trigger_controller_dag.py
[2023-04-05 21:03:24,368] {processor.py:641} INFO - Processing file /home/edinaldo/Documents/previsao_remuneracao/previsao_remuneracao/venv/lib/python3.10/site-packages/airflow/example_dags/example_trigger_controller_dag.py for tasks to queue
[2023-04-05 21:03:24,368] {logging_mixin.py:115} INFO - [2023-04-05 21:03:24,368] {dagbag.py:507} INFO - Filling up the DagBag from /home/edinaldo/Documents/previsao_remuneracao/previsao_remuneracao/venv/lib/python3.10/site-packages/airflow/example_dags/example_trigger_controller_dag.py
[2023-04-05 21:03:24,374] {processor.py:651} INFO - DAG(s) dict_keys(['example_trigger_controller_dag']) retrieved from /home/edinaldo/Documents/previsao_remuneracao/previsao_remuneracao/venv/lib/python3.10/site-packages/airflow/example_dags/example_trigger_controller_dag.py
[2023-04-05 21:03:24,398] {logging_mixin.py:115} INFO - [2023-04-05 21:03:24,398] {dag.py:2379} INFO - Sync 1 DAGs
[2023-04-05 21:03:24,419] {logging_mixin.py:115} INFO - [2023-04-05 21:03:24,418] {dag.py:2927} INFO - Setting next_dagrun for example_trigger_controller_dag to 2021-01-01T00:00:00+00:00, run_after=2021-01-01T00:00:00+00:00
[2023-04-05 21:03:24,515] {processor.py:161} INFO - Processing /home/edinaldo/Documents/previsao_remuneracao/previsao_remuneracao/venv/lib/python3.10/site-packages/airflow/example_dags/example_trigger_controller_dag.py took 0.169 seconds
[2023-04-05 21:03:59,363] {processor.py:153} INFO - Started process (PID=52514) to work on /home/edinaldo/Documents/previsao_remuneracao/previsao_remuneracao/venv/lib/python3.10/site-packages/airflow/example_dags/example_trigger_controller_dag.py
[2023-04-05 21:03:59,373] {processor.py:641} INFO - Processing file /home/edinaldo/Documents/previsao_remuneracao/previsao_remuneracao/venv/lib/python3.10/site-packages/airflow/example_dags/example_trigger_controller_dag.py for tasks to queue
[2023-04-05 21:03:59,376] {logging_mixin.py:115} INFO - [2023-04-05 21:03:59,375] {dagbag.py:507} INFO - Filling up the DagBag from /home/edinaldo/Documents/previsao_remuneracao/previsao_remuneracao/venv/lib/python3.10/site-packages/airflow/example_dags/example_trigger_controller_dag.py
[2023-04-05 21:03:59,390] {processor.py:651} INFO - DAG(s) dict_keys(['example_trigger_controller_dag']) retrieved from /home/edinaldo/Documents/previsao_remuneracao/previsao_remuneracao/venv/lib/python3.10/site-packages/airflow/example_dags/example_trigger_controller_dag.py
[2023-04-05 21:03:59,433] {logging_mixin.py:115} INFO - [2023-04-05 21:03:59,433] {dag.py:2379} INFO - Sync 1 DAGs
[2023-04-05 21:03:59,455] {logging_mixin.py:115} INFO - [2023-04-05 21:03:59,455] {dag.py:2927} INFO - Setting next_dagrun for example_trigger_controller_dag to 2021-01-01T00:00:00+00:00, run_after=2021-01-01T00:00:00+00:00
[2023-04-05 21:03:59,583] {processor.py:161} INFO - Processing /home/edinaldo/Documents/previsao_remuneracao/previsao_remuneracao/venv/lib/python3.10/site-packages/airflow/example_dags/example_trigger_controller_dag.py took 0.231 seconds
[2023-04-05 21:04:42,766] {processor.py:153} INFO - Started process (PID=52566) to work on /home/edinaldo/Documents/previsao_remuneracao/previsao_remuneracao/venv/lib/python3.10/site-packages/airflow/example_dags/example_trigger_controller_dag.py
[2023-04-05 21:04:42,768] {processor.py:641} INFO - Processing file /home/edinaldo/Documents/previsao_remuneracao/previsao_remuneracao/venv/lib/python3.10/site-packages/airflow/example_dags/example_trigger_controller_dag.py for tasks to queue
[2023-04-05 21:04:42,768] {logging_mixin.py:115} INFO - [2023-04-05 21:04:42,768] {dagbag.py:507} INFO - Filling up the DagBag from /home/edinaldo/Documents/previsao_remuneracao/previsao_remuneracao/venv/lib/python3.10/site-packages/airflow/example_dags/example_trigger_controller_dag.py
[2023-04-05 21:04:42,774] {processor.py:651} INFO - DAG(s) dict_keys(['example_trigger_controller_dag']) retrieved from /home/edinaldo/Documents/previsao_remuneracao/previsao_remuneracao/venv/lib/python3.10/site-packages/airflow/example_dags/example_trigger_controller_dag.py
[2023-04-05 21:04:42,796] {logging_mixin.py:115} INFO - [2023-04-05 21:04:42,796] {dag.py:2379} INFO - Sync 1 DAGs
[2023-04-05 21:04:42,816] {logging_mixin.py:115} INFO - [2023-04-05 21:04:42,816] {dag.py:2927} INFO - Setting next_dagrun for example_trigger_controller_dag to 2021-01-01T00:00:00+00:00, run_after=2021-01-01T00:00:00+00:00
[2023-04-05 21:04:42,913] {processor.py:161} INFO - Processing /home/edinaldo/Documents/previsao_remuneracao/previsao_remuneracao/venv/lib/python3.10/site-packages/airflow/example_dags/example_trigger_controller_dag.py took 0.155 seconds
[2023-04-05 21:05:20,928] {processor.py:153} INFO - Started process (PID=52619) to work on /home/edinaldo/Documents/previsao_remuneracao/previsao_remuneracao/venv/lib/python3.10/site-packages/airflow/example_dags/example_trigger_controller_dag.py
[2023-04-05 21:05:20,938] {processor.py:641} INFO - Processing file /home/edinaldo/Documents/previsao_remuneracao/previsao_remuneracao/venv/lib/python3.10/site-packages/airflow/example_dags/example_trigger_controller_dag.py for tasks to queue
[2023-04-05 21:05:20,938] {logging_mixin.py:115} INFO - [2023-04-05 21:05:20,938] {dagbag.py:507} INFO - Filling up the DagBag from /home/edinaldo/Documents/previsao_remuneracao/previsao_remuneracao/venv/lib/python3.10/site-packages/airflow/example_dags/example_trigger_controller_dag.py
[2023-04-05 21:05:20,942] {processor.py:651} INFO - DAG(s) dict_keys(['example_trigger_controller_dag']) retrieved from /home/edinaldo/Documents/previsao_remuneracao/previsao_remuneracao/venv/lib/python3.10/site-packages/airflow/example_dags/example_trigger_controller_dag.py
[2023-04-05 21:05:20,960] {logging_mixin.py:115} INFO - [2023-04-05 21:05:20,960] {dag.py:2379} INFO - Sync 1 DAGs
[2023-04-05 21:05:20,979] {logging_mixin.py:115} INFO - [2023-04-05 21:05:20,979] {dag.py:2927} INFO - Setting next_dagrun for example_trigger_controller_dag to 2021-01-01T00:00:00+00:00, run_after=2021-01-01T00:00:00+00:00
[2023-04-05 21:05:21,079] {processor.py:161} INFO - Processing /home/edinaldo/Documents/previsao_remuneracao/previsao_remuneracao/venv/lib/python3.10/site-packages/airflow/example_dags/example_trigger_controller_dag.py took 0.155 seconds
[2023-04-05 21:06:07,056] {processor.py:153} INFO - Started process (PID=52695) to work on /home/edinaldo/Documents/previsao_remuneracao/previsao_remuneracao/venv/lib/python3.10/site-packages/airflow/example_dags/example_trigger_controller_dag.py
[2023-04-05 21:06:07,066] {processor.py:641} INFO - Processing file /home/edinaldo/Documents/previsao_remuneracao/previsao_remuneracao/venv/lib/python3.10/site-packages/airflow/example_dags/example_trigger_controller_dag.py for tasks to queue
[2023-04-05 21:06:07,067] {logging_mixin.py:115} INFO - [2023-04-05 21:06:07,067] {dagbag.py:507} INFO - Filling up the DagBag from /home/edinaldo/Documents/previsao_remuneracao/previsao_remuneracao/venv/lib/python3.10/site-packages/airflow/example_dags/example_trigger_controller_dag.py
[2023-04-05 21:06:07,096] {processor.py:651} INFO - DAG(s) dict_keys(['example_trigger_controller_dag']) retrieved from /home/edinaldo/Documents/previsao_remuneracao/previsao_remuneracao/venv/lib/python3.10/site-packages/airflow/example_dags/example_trigger_controller_dag.py
[2023-04-05 21:06:07,124] {logging_mixin.py:115} INFO - [2023-04-05 21:06:07,123] {dag.py:2379} INFO - Sync 1 DAGs
[2023-04-05 21:06:07,142] {logging_mixin.py:115} INFO - [2023-04-05 21:06:07,142] {dag.py:2927} INFO - Setting next_dagrun for example_trigger_controller_dag to 2021-01-01T00:00:00+00:00, run_after=2021-01-01T00:00:00+00:00
[2023-04-05 21:06:07,233] {processor.py:161} INFO - Processing /home/edinaldo/Documents/previsao_remuneracao/previsao_remuneracao/venv/lib/python3.10/site-packages/airflow/example_dags/example_trigger_controller_dag.py took 0.187 seconds
[2023-04-05 21:06:46,116] {processor.py:153} INFO - Started process (PID=52755) to work on /home/edinaldo/Documents/previsao_remuneracao/previsao_remuneracao/venv/lib/python3.10/site-packages/airflow/example_dags/example_trigger_controller_dag.py
[2023-04-05 21:06:46,132] {processor.py:641} INFO - Processing file /home/edinaldo/Documents/previsao_remuneracao/previsao_remuneracao/venv/lib/python3.10/site-packages/airflow/example_dags/example_trigger_controller_dag.py for tasks to queue
[2023-04-05 21:06:46,133] {logging_mixin.py:115} INFO - [2023-04-05 21:06:46,133] {dagbag.py:507} INFO - Filling up the DagBag from /home/edinaldo/Documents/previsao_remuneracao/previsao_remuneracao/venv/lib/python3.10/site-packages/airflow/example_dags/example_trigger_controller_dag.py
[2023-04-05 21:06:46,138] {processor.py:651} INFO - DAG(s) dict_keys(['example_trigger_controller_dag']) retrieved from /home/edinaldo/Documents/previsao_remuneracao/previsao_remuneracao/venv/lib/python3.10/site-packages/airflow/example_dags/example_trigger_controller_dag.py
[2023-04-05 21:06:46,161] {logging_mixin.py:115} INFO - [2023-04-05 21:06:46,160] {dag.py:2379} INFO - Sync 1 DAGs
[2023-04-05 21:06:46,180] {logging_mixin.py:115} INFO - [2023-04-05 21:06:46,180] {dag.py:2927} INFO - Setting next_dagrun for example_trigger_controller_dag to 2021-01-01T00:00:00+00:00, run_after=2021-01-01T00:00:00+00:00
[2023-04-05 21:06:46,276] {processor.py:161} INFO - Processing /home/edinaldo/Documents/previsao_remuneracao/previsao_remuneracao/venv/lib/python3.10/site-packages/airflow/example_dags/example_trigger_controller_dag.py took 0.163 seconds
[2023-04-05 21:07:24,383] {processor.py:153} INFO - Started process (PID=52793) to work on /home/edinaldo/Documents/previsao_remuneracao/previsao_remuneracao/venv/lib/python3.10/site-packages/airflow/example_dags/example_trigger_controller_dag.py
[2023-04-05 21:07:24,384] {processor.py:641} INFO - Processing file /home/edinaldo/Documents/previsao_remuneracao/previsao_remuneracao/venv/lib/python3.10/site-packages/airflow/example_dags/example_trigger_controller_dag.py for tasks to queue
[2023-04-05 21:07:24,385] {logging_mixin.py:115} INFO - [2023-04-05 21:07:24,385] {dagbag.py:507} INFO - Filling up the DagBag from /home/edinaldo/Documents/previsao_remuneracao/previsao_remuneracao/venv/lib/python3.10/site-packages/airflow/example_dags/example_trigger_controller_dag.py
[2023-04-05 21:07:24,389] {processor.py:651} INFO - DAG(s) dict_keys(['example_trigger_controller_dag']) retrieved from /home/edinaldo/Documents/previsao_remuneracao/previsao_remuneracao/venv/lib/python3.10/site-packages/airflow/example_dags/example_trigger_controller_dag.py
[2023-04-05 21:07:24,407] {logging_mixin.py:115} INFO - [2023-04-05 21:07:24,407] {dag.py:2379} INFO - Sync 1 DAGs
[2023-04-05 21:07:24,427] {logging_mixin.py:115} INFO - [2023-04-05 21:07:24,427] {dag.py:2927} INFO - Setting next_dagrun for example_trigger_controller_dag to 2021-01-01T00:00:00+00:00, run_after=2021-01-01T00:00:00+00:00
[2023-04-05 21:07:24,523] {processor.py:161} INFO - Processing /home/edinaldo/Documents/previsao_remuneracao/previsao_remuneracao/venv/lib/python3.10/site-packages/airflow/example_dags/example_trigger_controller_dag.py took 0.143 seconds
[2023-04-05 21:08:05,390] {processor.py:153} INFO - Started process (PID=52833) to work on /home/edinaldo/Documents/previsao_remuneracao/previsao_remuneracao/venv/lib/python3.10/site-packages/airflow/example_dags/example_trigger_controller_dag.py
[2023-04-05 21:08:05,391] {processor.py:641} INFO - Processing file /home/edinaldo/Documents/previsao_remuneracao/previsao_remuneracao/venv/lib/python3.10/site-packages/airflow/example_dags/example_trigger_controller_dag.py for tasks to queue
[2023-04-05 21:08:05,392] {logging_mixin.py:115} INFO - [2023-04-05 21:08:05,392] {dagbag.py:507} INFO - Filling up the DagBag from /home/edinaldo/Documents/previsao_remuneracao/previsao_remuneracao/venv/lib/python3.10/site-packages/airflow/example_dags/example_trigger_controller_dag.py
[2023-04-05 21:08:05,396] {processor.py:651} INFO - DAG(s) dict_keys(['example_trigger_controller_dag']) retrieved from /home/edinaldo/Documents/previsao_remuneracao/previsao_remuneracao/venv/lib/python3.10/site-packages/airflow/example_dags/example_trigger_controller_dag.py
[2023-04-05 21:08:05,417] {logging_mixin.py:115} INFO - [2023-04-05 21:08:05,417] {dag.py:2379} INFO - Sync 1 DAGs
[2023-04-05 21:08:05,436] {logging_mixin.py:115} INFO - [2023-04-05 21:08:05,435] {dag.py:2927} INFO - Setting next_dagrun for example_trigger_controller_dag to 2021-01-01T00:00:00+00:00, run_after=2021-01-01T00:00:00+00:00
[2023-04-05 21:08:05,546] {processor.py:161} INFO - Processing /home/edinaldo/Documents/previsao_remuneracao/previsao_remuneracao/venv/lib/python3.10/site-packages/airflow/example_dags/example_trigger_controller_dag.py took 0.159 seconds
[2023-04-05 21:08:45,181] {processor.py:153} INFO - Started process (PID=52869) to work on /home/edinaldo/Documents/previsao_remuneracao/previsao_remuneracao/venv/lib/python3.10/site-packages/airflow/example_dags/example_trigger_controller_dag.py
[2023-04-05 21:08:45,181] {processor.py:641} INFO - Processing file /home/edinaldo/Documents/previsao_remuneracao/previsao_remuneracao/venv/lib/python3.10/site-packages/airflow/example_dags/example_trigger_controller_dag.py for tasks to queue
[2023-04-05 21:08:45,182] {logging_mixin.py:115} INFO - [2023-04-05 21:08:45,182] {dagbag.py:507} INFO - Filling up the DagBag from /home/edinaldo/Documents/previsao_remuneracao/previsao_remuneracao/venv/lib/python3.10/site-packages/airflow/example_dags/example_trigger_controller_dag.py
[2023-04-05 21:08:45,188] {processor.py:651} INFO - DAG(s) dict_keys(['example_trigger_controller_dag']) retrieved from /home/edinaldo/Documents/previsao_remuneracao/previsao_remuneracao/venv/lib/python3.10/site-packages/airflow/example_dags/example_trigger_controller_dag.py
[2023-04-05 21:08:45,215] {logging_mixin.py:115} INFO - [2023-04-05 21:08:45,215] {dag.py:2379} INFO - Sync 1 DAGs
[2023-04-05 21:08:45,234] {logging_mixin.py:115} INFO - [2023-04-05 21:08:45,234] {dag.py:2927} INFO - Setting next_dagrun for example_trigger_controller_dag to 2021-01-01T00:00:00+00:00, run_after=2021-01-01T00:00:00+00:00
[2023-04-05 21:08:45,332] {processor.py:161} INFO - Processing /home/edinaldo/Documents/previsao_remuneracao/previsao_remuneracao/venv/lib/python3.10/site-packages/airflow/example_dags/example_trigger_controller_dag.py took 0.155 seconds
[2023-04-05 21:09:22,881] {processor.py:153} INFO - Started process (PID=52903) to work on /home/edinaldo/Documents/previsao_remuneracao/previsao_remuneracao/venv/lib/python3.10/site-packages/airflow/example_dags/example_trigger_controller_dag.py
[2023-04-05 21:09:22,900] {processor.py:641} INFO - Processing file /home/edinaldo/Documents/previsao_remuneracao/previsao_remuneracao/venv/lib/python3.10/site-packages/airflow/example_dags/example_trigger_controller_dag.py for tasks to queue
[2023-04-05 21:09:22,902] {logging_mixin.py:115} INFO - [2023-04-05 21:09:22,901] {dagbag.py:507} INFO - Filling up the DagBag from /home/edinaldo/Documents/previsao_remuneracao/previsao_remuneracao/venv/lib/python3.10/site-packages/airflow/example_dags/example_trigger_controller_dag.py
[2023-04-05 21:09:22,915] {processor.py:651} INFO - DAG(s) dict_keys(['example_trigger_controller_dag']) retrieved from /home/edinaldo/Documents/previsao_remuneracao/previsao_remuneracao/venv/lib/python3.10/site-packages/airflow/example_dags/example_trigger_controller_dag.py
[2023-04-05 21:09:22,944] {logging_mixin.py:115} INFO - [2023-04-05 21:09:22,944] {dag.py:2379} INFO - Sync 1 DAGs
[2023-04-05 21:09:22,963] {logging_mixin.py:115} INFO - [2023-04-05 21:09:22,963] {dag.py:2927} INFO - Setting next_dagrun for example_trigger_controller_dag to 2021-01-01T00:00:00+00:00, run_after=2021-01-01T00:00:00+00:00
[2023-04-05 21:09:23,060] {processor.py:161} INFO - Processing /home/edinaldo/Documents/previsao_remuneracao/previsao_remuneracao/venv/lib/python3.10/site-packages/airflow/example_dags/example_trigger_controller_dag.py took 0.183 seconds
[2023-04-05 21:10:03,975] {processor.py:153} INFO - Started process (PID=52944) to work on /home/edinaldo/Documents/previsao_remuneracao/previsao_remuneracao/venv/lib/python3.10/site-packages/airflow/example_dags/example_trigger_controller_dag.py
[2023-04-05 21:10:03,991] {processor.py:641} INFO - Processing file /home/edinaldo/Documents/previsao_remuneracao/previsao_remuneracao/venv/lib/python3.10/site-packages/airflow/example_dags/example_trigger_controller_dag.py for tasks to queue
[2023-04-05 21:10:03,993] {logging_mixin.py:115} INFO - [2023-04-05 21:10:03,992] {dagbag.py:507} INFO - Filling up the DagBag from /home/edinaldo/Documents/previsao_remuneracao/previsao_remuneracao/venv/lib/python3.10/site-packages/airflow/example_dags/example_trigger_controller_dag.py
[2023-04-05 21:10:04,000] {processor.py:651} INFO - DAG(s) dict_keys(['example_trigger_controller_dag']) retrieved from /home/edinaldo/Documents/previsao_remuneracao/previsao_remuneracao/venv/lib/python3.10/site-packages/airflow/example_dags/example_trigger_controller_dag.py
[2023-04-05 21:10:04,024] {logging_mixin.py:115} INFO - [2023-04-05 21:10:04,024] {dag.py:2379} INFO - Sync 1 DAGs
[2023-04-05 21:10:04,043] {logging_mixin.py:115} INFO - [2023-04-05 21:10:04,043] {dag.py:2927} INFO - Setting next_dagrun for example_trigger_controller_dag to 2021-01-01T00:00:00+00:00, run_after=2021-01-01T00:00:00+00:00
[2023-04-05 21:10:04,126] {processor.py:161} INFO - Processing /home/edinaldo/Documents/previsao_remuneracao/previsao_remuneracao/venv/lib/python3.10/site-packages/airflow/example_dags/example_trigger_controller_dag.py took 0.161 seconds
[2023-04-05 21:10:45,421] {processor.py:153} INFO - Started process (PID=53060) to work on /home/edinaldo/Documents/previsao_remuneracao/previsao_remuneracao/venv/lib/python3.10/site-packages/airflow/example_dags/example_trigger_controller_dag.py
[2023-04-05 21:10:45,425] {processor.py:641} INFO - Processing file /home/edinaldo/Documents/previsao_remuneracao/previsao_remuneracao/venv/lib/python3.10/site-packages/airflow/example_dags/example_trigger_controller_dag.py for tasks to queue
[2023-04-05 21:10:45,426] {logging_mixin.py:115} INFO - [2023-04-05 21:10:45,426] {dagbag.py:507} INFO - Filling up the DagBag from /home/edinaldo/Documents/previsao_remuneracao/previsao_remuneracao/venv/lib/python3.10/site-packages/airflow/example_dags/example_trigger_controller_dag.py
[2023-04-05 21:10:45,438] {processor.py:651} INFO - DAG(s) dict_keys(['example_trigger_controller_dag']) retrieved from /home/edinaldo/Documents/previsao_remuneracao/previsao_remuneracao/venv/lib/python3.10/site-packages/airflow/example_dags/example_trigger_controller_dag.py
[2023-04-05 21:10:45,467] {logging_mixin.py:115} INFO - [2023-04-05 21:10:45,467] {dag.py:2379} INFO - Sync 1 DAGs
[2023-04-05 21:10:45,486] {logging_mixin.py:115} INFO - [2023-04-05 21:10:45,486] {dag.py:2927} INFO - Setting next_dagrun for example_trigger_controller_dag to 2021-01-01T00:00:00+00:00, run_after=2021-01-01T00:00:00+00:00
[2023-04-05 21:10:45,586] {processor.py:161} INFO - Processing /home/edinaldo/Documents/previsao_remuneracao/previsao_remuneracao/venv/lib/python3.10/site-packages/airflow/example_dags/example_trigger_controller_dag.py took 0.169 seconds
[2023-04-05 21:11:29,771] {processor.py:153} INFO - Started process (PID=53145) to work on /home/edinaldo/Documents/previsao_remuneracao/previsao_remuneracao/venv/lib/python3.10/site-packages/airflow/example_dags/example_trigger_controller_dag.py
[2023-04-05 21:11:29,782] {processor.py:641} INFO - Processing file /home/edinaldo/Documents/previsao_remuneracao/previsao_remuneracao/venv/lib/python3.10/site-packages/airflow/example_dags/example_trigger_controller_dag.py for tasks to queue
[2023-04-05 21:11:29,783] {logging_mixin.py:115} INFO - [2023-04-05 21:11:29,783] {dagbag.py:507} INFO - Filling up the DagBag from /home/edinaldo/Documents/previsao_remuneracao/previsao_remuneracao/venv/lib/python3.10/site-packages/airflow/example_dags/example_trigger_controller_dag.py
[2023-04-05 21:11:29,789] {processor.py:651} INFO - DAG(s) dict_keys(['example_trigger_controller_dag']) retrieved from /home/edinaldo/Documents/previsao_remuneracao/previsao_remuneracao/venv/lib/python3.10/site-packages/airflow/example_dags/example_trigger_controller_dag.py
[2023-04-05 21:11:29,815] {logging_mixin.py:115} INFO - [2023-04-05 21:11:29,815] {dag.py:2379} INFO - Sync 1 DAGs
[2023-04-05 21:11:29,834] {logging_mixin.py:115} INFO - [2023-04-05 21:11:29,834] {dag.py:2927} INFO - Setting next_dagrun for example_trigger_controller_dag to 2021-01-01T00:00:00+00:00, run_after=2021-01-01T00:00:00+00:00
[2023-04-05 21:11:29,941] {processor.py:161} INFO - Processing /home/edinaldo/Documents/previsao_remuneracao/previsao_remuneracao/venv/lib/python3.10/site-packages/airflow/example_dags/example_trigger_controller_dag.py took 0.173 seconds
[2023-04-05 21:12:06,512] {processor.py:153} INFO - Started process (PID=53215) to work on /home/edinaldo/Documents/previsao_remuneracao/previsao_remuneracao/venv/lib/python3.10/site-packages/airflow/example_dags/example_trigger_controller_dag.py
[2023-04-05 21:12:06,513] {processor.py:641} INFO - Processing file /home/edinaldo/Documents/previsao_remuneracao/previsao_remuneracao/venv/lib/python3.10/site-packages/airflow/example_dags/example_trigger_controller_dag.py for tasks to queue
[2023-04-05 21:12:06,513] {logging_mixin.py:115} INFO - [2023-04-05 21:12:06,513] {dagbag.py:507} INFO - Filling up the DagBag from /home/edinaldo/Documents/previsao_remuneracao/previsao_remuneracao/venv/lib/python3.10/site-packages/airflow/example_dags/example_trigger_controller_dag.py
[2023-04-05 21:12:06,517] {processor.py:651} INFO - DAG(s) dict_keys(['example_trigger_controller_dag']) retrieved from /home/edinaldo/Documents/previsao_remuneracao/previsao_remuneracao/venv/lib/python3.10/site-packages/airflow/example_dags/example_trigger_controller_dag.py
[2023-04-05 21:12:06,535] {logging_mixin.py:115} INFO - [2023-04-05 21:12:06,535] {dag.py:2379} INFO - Sync 1 DAGs
[2023-04-05 21:12:06,554] {logging_mixin.py:115} INFO - [2023-04-05 21:12:06,554] {dag.py:2927} INFO - Setting next_dagrun for example_trigger_controller_dag to 2021-01-01T00:00:00+00:00, run_after=2021-01-01T00:00:00+00:00
[2023-04-05 21:12:06,637] {processor.py:161} INFO - Processing /home/edinaldo/Documents/previsao_remuneracao/previsao_remuneracao/venv/lib/python3.10/site-packages/airflow/example_dags/example_trigger_controller_dag.py took 0.129 seconds
[2023-04-05 21:12:52,914] {processor.py:153} INFO - Started process (PID=53395) to work on /home/edinaldo/Documents/previsao_remuneracao/previsao_remuneracao/venv/lib/python3.10/site-packages/airflow/example_dags/example_trigger_controller_dag.py
[2023-04-05 21:12:52,915] {processor.py:641} INFO - Processing file /home/edinaldo/Documents/previsao_remuneracao/previsao_remuneracao/venv/lib/python3.10/site-packages/airflow/example_dags/example_trigger_controller_dag.py for tasks to queue
[2023-04-05 21:12:52,917] {logging_mixin.py:115} INFO - [2023-04-05 21:12:52,916] {dagbag.py:507} INFO - Filling up the DagBag from /home/edinaldo/Documents/previsao_remuneracao/previsao_remuneracao/venv/lib/python3.10/site-packages/airflow/example_dags/example_trigger_controller_dag.py
[2023-04-05 21:12:52,946] {processor.py:651} INFO - DAG(s) dict_keys(['example_trigger_controller_dag']) retrieved from /home/edinaldo/Documents/previsao_remuneracao/previsao_remuneracao/venv/lib/python3.10/site-packages/airflow/example_dags/example_trigger_controller_dag.py
[2023-04-05 21:12:52,988] {logging_mixin.py:115} INFO - [2023-04-05 21:12:52,988] {dag.py:2379} INFO - Sync 1 DAGs
[2023-04-05 21:12:53,010] {logging_mixin.py:115} INFO - [2023-04-05 21:12:53,009] {dag.py:2927} INFO - Setting next_dagrun for example_trigger_controller_dag to 2021-01-01T00:00:00+00:00, run_after=2021-01-01T00:00:00+00:00
[2023-04-05 21:12:53,109] {processor.py:161} INFO - Processing /home/edinaldo/Documents/previsao_remuneracao/previsao_remuneracao/venv/lib/python3.10/site-packages/airflow/example_dags/example_trigger_controller_dag.py took 0.206 seconds
[2023-04-05 21:13:37,647] {processor.py:153} INFO - Started process (PID=53444) to work on /home/edinaldo/Documents/previsao_remuneracao/previsao_remuneracao/venv/lib/python3.10/site-packages/airflow/example_dags/example_trigger_controller_dag.py
[2023-04-05 21:13:37,648] {processor.py:641} INFO - Processing file /home/edinaldo/Documents/previsao_remuneracao/previsao_remuneracao/venv/lib/python3.10/site-packages/airflow/example_dags/example_trigger_controller_dag.py for tasks to queue
[2023-04-05 21:13:37,650] {logging_mixin.py:115} INFO - [2023-04-05 21:13:37,649] {dagbag.py:507} INFO - Filling up the DagBag from /home/edinaldo/Documents/previsao_remuneracao/previsao_remuneracao/venv/lib/python3.10/site-packages/airflow/example_dags/example_trigger_controller_dag.py
[2023-04-05 21:13:37,658] {processor.py:651} INFO - DAG(s) dict_keys(['example_trigger_controller_dag']) retrieved from /home/edinaldo/Documents/previsao_remuneracao/previsao_remuneracao/venv/lib/python3.10/site-packages/airflow/example_dags/example_trigger_controller_dag.py
[2023-04-05 21:13:37,683] {logging_mixin.py:115} INFO - [2023-04-05 21:13:37,683] {dag.py:2379} INFO - Sync 1 DAGs
[2023-04-05 21:13:37,705] {logging_mixin.py:115} INFO - [2023-04-05 21:13:37,705] {dag.py:2927} INFO - Setting next_dagrun for example_trigger_controller_dag to 2021-01-01T00:00:00+00:00, run_after=2021-01-01T00:00:00+00:00
[2023-04-05 21:13:37,954] {processor.py:161} INFO - Processing /home/edinaldo/Documents/previsao_remuneracao/previsao_remuneracao/venv/lib/python3.10/site-packages/airflow/example_dags/example_trigger_controller_dag.py took 0.320 seconds
[2023-04-05 21:14:16,368] {processor.py:153} INFO - Started process (PID=53479) to work on /home/edinaldo/Documents/previsao_remuneracao/previsao_remuneracao/venv/lib/python3.10/site-packages/airflow/example_dags/example_trigger_controller_dag.py
[2023-04-05 21:14:16,369] {processor.py:641} INFO - Processing file /home/edinaldo/Documents/previsao_remuneracao/previsao_remuneracao/venv/lib/python3.10/site-packages/airflow/example_dags/example_trigger_controller_dag.py for tasks to queue
[2023-04-05 21:14:16,370] {logging_mixin.py:115} INFO - [2023-04-05 21:14:16,370] {dagbag.py:507} INFO - Filling up the DagBag from /home/edinaldo/Documents/previsao_remuneracao/previsao_remuneracao/venv/lib/python3.10/site-packages/airflow/example_dags/example_trigger_controller_dag.py
[2023-04-05 21:14:16,375] {processor.py:651} INFO - DAG(s) dict_keys(['example_trigger_controller_dag']) retrieved from /home/edinaldo/Documents/previsao_remuneracao/previsao_remuneracao/venv/lib/python3.10/site-packages/airflow/example_dags/example_trigger_controller_dag.py
[2023-04-05 21:14:16,394] {logging_mixin.py:115} INFO - [2023-04-05 21:14:16,394] {dag.py:2379} INFO - Sync 1 DAGs
[2023-04-05 21:14:16,504] {logging_mixin.py:115} INFO - [2023-04-05 21:14:16,503] {dag.py:2927} INFO - Setting next_dagrun for example_trigger_controller_dag to 2021-01-01T00:00:00+00:00, run_after=2021-01-01T00:00:00+00:00
[2023-04-05 21:14:16,597] {processor.py:161} INFO - Processing /home/edinaldo/Documents/previsao_remuneracao/previsao_remuneracao/venv/lib/python3.10/site-packages/airflow/example_dags/example_trigger_controller_dag.py took 0.234 seconds
[2023-04-05 21:14:58,030] {processor.py:153} INFO - Started process (PID=53522) to work on /home/edinaldo/Documents/previsao_remuneracao/previsao_remuneracao/venv/lib/python3.10/site-packages/airflow/example_dags/example_trigger_controller_dag.py
[2023-04-05 21:14:58,032] {processor.py:641} INFO - Processing file /home/edinaldo/Documents/previsao_remuneracao/previsao_remuneracao/venv/lib/python3.10/site-packages/airflow/example_dags/example_trigger_controller_dag.py for tasks to queue
[2023-04-05 21:14:58,033] {logging_mixin.py:115} INFO - [2023-04-05 21:14:58,033] {dagbag.py:507} INFO - Filling up the DagBag from /home/edinaldo/Documents/previsao_remuneracao/previsao_remuneracao/venv/lib/python3.10/site-packages/airflow/example_dags/example_trigger_controller_dag.py
[2023-04-05 21:14:58,044] {processor.py:651} INFO - DAG(s) dict_keys(['example_trigger_controller_dag']) retrieved from /home/edinaldo/Documents/previsao_remuneracao/previsao_remuneracao/venv/lib/python3.10/site-packages/airflow/example_dags/example_trigger_controller_dag.py
[2023-04-05 21:14:58,065] {logging_mixin.py:115} INFO - [2023-04-05 21:14:58,065] {dag.py:2379} INFO - Sync 1 DAGs
[2023-04-05 21:14:58,084] {logging_mixin.py:115} INFO - [2023-04-05 21:14:58,084] {dag.py:2927} INFO - Setting next_dagrun for example_trigger_controller_dag to 2021-01-01T00:00:00+00:00, run_after=2021-01-01T00:00:00+00:00
[2023-04-05 21:14:58,166] {processor.py:161} INFO - Processing /home/edinaldo/Documents/previsao_remuneracao/previsao_remuneracao/venv/lib/python3.10/site-packages/airflow/example_dags/example_trigger_controller_dag.py took 0.145 seconds
[2023-04-05 21:15:35,228] {processor.py:153} INFO - Started process (PID=53593) to work on /home/edinaldo/Documents/previsao_remuneracao/previsao_remuneracao/venv/lib/python3.10/site-packages/airflow/example_dags/example_trigger_controller_dag.py
[2023-04-05 21:15:35,440] {processor.py:641} INFO - Processing file /home/edinaldo/Documents/previsao_remuneracao/previsao_remuneracao/venv/lib/python3.10/site-packages/airflow/example_dags/example_trigger_controller_dag.py for tasks to queue
[2023-04-05 21:15:35,442] {logging_mixin.py:115} INFO - [2023-04-05 21:15:35,442] {dagbag.py:507} INFO - Filling up the DagBag from /home/edinaldo/Documents/previsao_remuneracao/previsao_remuneracao/venv/lib/python3.10/site-packages/airflow/example_dags/example_trigger_controller_dag.py
[2023-04-05 21:15:35,454] {processor.py:651} INFO - DAG(s) dict_keys(['example_trigger_controller_dag']) retrieved from /home/edinaldo/Documents/previsao_remuneracao/previsao_remuneracao/venv/lib/python3.10/site-packages/airflow/example_dags/example_trigger_controller_dag.py
[2023-04-05 21:15:36,657] {logging_mixin.py:115} INFO - [2023-04-05 21:15:36,656] {dag.py:2379} INFO - Sync 1 DAGs
[2023-04-05 21:15:36,689] {logging_mixin.py:115} INFO - [2023-04-05 21:15:36,689] {dag.py:2927} INFO - Setting next_dagrun for example_trigger_controller_dag to 2021-01-01T00:00:00+00:00, run_after=2021-01-01T00:00:00+00:00
[2023-04-05 21:15:37,262] {processor.py:161} INFO - Processing /home/edinaldo/Documents/previsao_remuneracao/previsao_remuneracao/venv/lib/python3.10/site-packages/airflow/example_dags/example_trigger_controller_dag.py took 2.043 seconds
[2023-04-05 21:16:14,635] {processor.py:153} INFO - Started process (PID=53626) to work on /home/edinaldo/Documents/previsao_remuneracao/previsao_remuneracao/venv/lib/python3.10/site-packages/airflow/example_dags/example_trigger_controller_dag.py
[2023-04-05 21:16:14,636] {processor.py:641} INFO - Processing file /home/edinaldo/Documents/previsao_remuneracao/previsao_remuneracao/venv/lib/python3.10/site-packages/airflow/example_dags/example_trigger_controller_dag.py for tasks to queue
[2023-04-05 21:16:14,637] {logging_mixin.py:115} INFO - [2023-04-05 21:16:14,637] {dagbag.py:507} INFO - Filling up the DagBag from /home/edinaldo/Documents/previsao_remuneracao/previsao_remuneracao/venv/lib/python3.10/site-packages/airflow/example_dags/example_trigger_controller_dag.py
[2023-04-05 21:16:14,641] {processor.py:651} INFO - DAG(s) dict_keys(['example_trigger_controller_dag']) retrieved from /home/edinaldo/Documents/previsao_remuneracao/previsao_remuneracao/venv/lib/python3.10/site-packages/airflow/example_dags/example_trigger_controller_dag.py
[2023-04-05 21:16:14,661] {logging_mixin.py:115} INFO - [2023-04-05 21:16:14,661] {dag.py:2379} INFO - Sync 1 DAGs
[2023-04-05 21:16:14,680] {logging_mixin.py:115} INFO - [2023-04-05 21:16:14,680] {dag.py:2927} INFO - Setting next_dagrun for example_trigger_controller_dag to 2021-01-01T00:00:00+00:00, run_after=2021-01-01T00:00:00+00:00
[2023-04-05 21:16:14,769] {processor.py:161} INFO - Processing /home/edinaldo/Documents/previsao_remuneracao/previsao_remuneracao/venv/lib/python3.10/site-packages/airflow/example_dags/example_trigger_controller_dag.py took 0.137 seconds
[2023-04-05 21:16:57,711] {processor.py:153} INFO - Started process (PID=53691) to work on /home/edinaldo/Documents/previsao_remuneracao/previsao_remuneracao/venv/lib/python3.10/site-packages/airflow/example_dags/example_trigger_controller_dag.py
[2023-04-05 21:16:57,723] {processor.py:641} INFO - Processing file /home/edinaldo/Documents/previsao_remuneracao/previsao_remuneracao/venv/lib/python3.10/site-packages/airflow/example_dags/example_trigger_controller_dag.py for tasks to queue
[2023-04-05 21:16:57,724] {logging_mixin.py:115} INFO - [2023-04-05 21:16:57,724] {dagbag.py:507} INFO - Filling up the DagBag from /home/edinaldo/Documents/previsao_remuneracao/previsao_remuneracao/venv/lib/python3.10/site-packages/airflow/example_dags/example_trigger_controller_dag.py
[2023-04-05 21:16:57,735] {processor.py:651} INFO - DAG(s) dict_keys(['example_trigger_controller_dag']) retrieved from /home/edinaldo/Documents/previsao_remuneracao/previsao_remuneracao/venv/lib/python3.10/site-packages/airflow/example_dags/example_trigger_controller_dag.py
[2023-04-05 21:16:57,757] {logging_mixin.py:115} INFO - [2023-04-05 21:16:57,757] {dag.py:2379} INFO - Sync 1 DAGs
[2023-04-05 21:16:57,775] {logging_mixin.py:115} INFO - [2023-04-05 21:16:57,775] {dag.py:2927} INFO - Setting next_dagrun for example_trigger_controller_dag to 2021-01-01T00:00:00+00:00, run_after=2021-01-01T00:00:00+00:00
[2023-04-05 21:16:57,849] {processor.py:161} INFO - Processing /home/edinaldo/Documents/previsao_remuneracao/previsao_remuneracao/venv/lib/python3.10/site-packages/airflow/example_dags/example_trigger_controller_dag.py took 0.147 seconds
[2023-04-05 21:17:38,583] {processor.py:153} INFO - Started process (PID=53736) to work on /home/edinaldo/Documents/previsao_remuneracao/previsao_remuneracao/venv/lib/python3.10/site-packages/airflow/example_dags/example_trigger_controller_dag.py
[2023-04-05 21:17:38,598] {processor.py:641} INFO - Processing file /home/edinaldo/Documents/previsao_remuneracao/previsao_remuneracao/venv/lib/python3.10/site-packages/airflow/example_dags/example_trigger_controller_dag.py for tasks to queue
[2023-04-05 21:17:38,599] {logging_mixin.py:115} INFO - [2023-04-05 21:17:38,599] {dagbag.py:507} INFO - Filling up the DagBag from /home/edinaldo/Documents/previsao_remuneracao/previsao_remuneracao/venv/lib/python3.10/site-packages/airflow/example_dags/example_trigger_controller_dag.py
[2023-04-05 21:17:38,606] {processor.py:651} INFO - DAG(s) dict_keys(['example_trigger_controller_dag']) retrieved from /home/edinaldo/Documents/previsao_remuneracao/previsao_remuneracao/venv/lib/python3.10/site-packages/airflow/example_dags/example_trigger_controller_dag.py
[2023-04-05 21:17:38,636] {logging_mixin.py:115} INFO - [2023-04-05 21:17:38,636] {dag.py:2379} INFO - Sync 1 DAGs
[2023-04-05 21:17:38,655] {logging_mixin.py:115} INFO - [2023-04-05 21:17:38,655] {dag.py:2927} INFO - Setting next_dagrun for example_trigger_controller_dag to 2021-01-01T00:00:00+00:00, run_after=2021-01-01T00:00:00+00:00
[2023-04-05 21:17:38,744] {processor.py:161} INFO - Processing /home/edinaldo/Documents/previsao_remuneracao/previsao_remuneracao/venv/lib/python3.10/site-packages/airflow/example_dags/example_trigger_controller_dag.py took 0.164 seconds
[2023-04-05 21:18:17,098] {processor.py:153} INFO - Started process (PID=53770) to work on /home/edinaldo/Documents/previsao_remuneracao/previsao_remuneracao/venv/lib/python3.10/site-packages/airflow/example_dags/example_trigger_controller_dag.py
[2023-04-05 21:18:17,099] {processor.py:641} INFO - Processing file /home/edinaldo/Documents/previsao_remuneracao/previsao_remuneracao/venv/lib/python3.10/site-packages/airflow/example_dags/example_trigger_controller_dag.py for tasks to queue
[2023-04-05 21:18:17,099] {logging_mixin.py:115} INFO - [2023-04-05 21:18:17,099] {dagbag.py:507} INFO - Filling up the DagBag from /home/edinaldo/Documents/previsao_remuneracao/previsao_remuneracao/venv/lib/python3.10/site-packages/airflow/example_dags/example_trigger_controller_dag.py
[2023-04-05 21:18:17,103] {processor.py:651} INFO - DAG(s) dict_keys(['example_trigger_controller_dag']) retrieved from /home/edinaldo/Documents/previsao_remuneracao/previsao_remuneracao/venv/lib/python3.10/site-packages/airflow/example_dags/example_trigger_controller_dag.py
[2023-04-05 21:18:17,121] {logging_mixin.py:115} INFO - [2023-04-05 21:18:17,121] {dag.py:2379} INFO - Sync 1 DAGs
[2023-04-05 21:18:17,140] {logging_mixin.py:115} INFO - [2023-04-05 21:18:17,140] {dag.py:2927} INFO - Setting next_dagrun for example_trigger_controller_dag to 2021-01-01T00:00:00+00:00, run_after=2021-01-01T00:00:00+00:00
[2023-04-05 21:18:17,224] {processor.py:161} INFO - Processing /home/edinaldo/Documents/previsao_remuneracao/previsao_remuneracao/venv/lib/python3.10/site-packages/airflow/example_dags/example_trigger_controller_dag.py took 0.129 seconds
[2023-04-05 21:18:55,669] {processor.py:153} INFO - Started process (PID=53813) to work on /home/edinaldo/Documents/previsao_remuneracao/previsao_remuneracao/venv/lib/python3.10/site-packages/airflow/example_dags/example_trigger_controller_dag.py
[2023-04-05 21:18:55,670] {processor.py:641} INFO - Processing file /home/edinaldo/Documents/previsao_remuneracao/previsao_remuneracao/venv/lib/python3.10/site-packages/airflow/example_dags/example_trigger_controller_dag.py for tasks to queue
[2023-04-05 21:18:55,671] {logging_mixin.py:115} INFO - [2023-04-05 21:18:55,671] {dagbag.py:507} INFO - Filling up the DagBag from /home/edinaldo/Documents/previsao_remuneracao/previsao_remuneracao/venv/lib/python3.10/site-packages/airflow/example_dags/example_trigger_controller_dag.py
[2023-04-05 21:18:55,675] {processor.py:651} INFO - DAG(s) dict_keys(['example_trigger_controller_dag']) retrieved from /home/edinaldo/Documents/previsao_remuneracao/previsao_remuneracao/venv/lib/python3.10/site-packages/airflow/example_dags/example_trigger_controller_dag.py
[2023-04-05 21:18:55,698] {logging_mixin.py:115} INFO - [2023-04-05 21:18:55,698] {dag.py:2379} INFO - Sync 1 DAGs
[2023-04-05 21:18:55,804] {logging_mixin.py:115} INFO - [2023-04-05 21:18:55,804] {dag.py:2927} INFO - Setting next_dagrun for example_trigger_controller_dag to 2021-01-01T00:00:00+00:00, run_after=2021-01-01T00:00:00+00:00
[2023-04-05 21:18:55,903] {processor.py:161} INFO - Processing /home/edinaldo/Documents/previsao_remuneracao/previsao_remuneracao/venv/lib/python3.10/site-packages/airflow/example_dags/example_trigger_controller_dag.py took 0.239 seconds
[2023-04-05 21:19:31,341] {processor.py:153} INFO - Started process (PID=53847) to work on /home/edinaldo/Documents/previsao_remuneracao/previsao_remuneracao/venv/lib/python3.10/site-packages/airflow/example_dags/example_trigger_controller_dag.py
[2023-04-05 21:19:31,355] {processor.py:641} INFO - Processing file /home/edinaldo/Documents/previsao_remuneracao/previsao_remuneracao/venv/lib/python3.10/site-packages/airflow/example_dags/example_trigger_controller_dag.py for tasks to queue
[2023-04-05 21:19:31,356] {logging_mixin.py:115} INFO - [2023-04-05 21:19:31,355] {dagbag.py:507} INFO - Filling up the DagBag from /home/edinaldo/Documents/previsao_remuneracao/previsao_remuneracao/venv/lib/python3.10/site-packages/airflow/example_dags/example_trigger_controller_dag.py
[2023-04-05 21:19:31,360] {processor.py:651} INFO - DAG(s) dict_keys(['example_trigger_controller_dag']) retrieved from /home/edinaldo/Documents/previsao_remuneracao/previsao_remuneracao/venv/lib/python3.10/site-packages/airflow/example_dags/example_trigger_controller_dag.py
[2023-04-05 21:19:31,383] {logging_mixin.py:115} INFO - [2023-04-05 21:19:31,383] {dag.py:2379} INFO - Sync 1 DAGs
[2023-04-05 21:19:31,406] {logging_mixin.py:115} INFO - [2023-04-05 21:19:31,406] {dag.py:2927} INFO - Setting next_dagrun for example_trigger_controller_dag to 2021-01-01T00:00:00+00:00, run_after=2021-01-01T00:00:00+00:00
[2023-04-05 21:19:31,692] {processor.py:161} INFO - Processing /home/edinaldo/Documents/previsao_remuneracao/previsao_remuneracao/venv/lib/python3.10/site-packages/airflow/example_dags/example_trigger_controller_dag.py took 0.354 seconds
[2023-04-05 21:20:13,206] {processor.py:153} INFO - Started process (PID=53891) to work on /home/edinaldo/Documents/previsao_remuneracao/previsao_remuneracao/venv/lib/python3.10/site-packages/airflow/example_dags/example_trigger_controller_dag.py
[2023-04-05 21:20:13,211] {processor.py:641} INFO - Processing file /home/edinaldo/Documents/previsao_remuneracao/previsao_remuneracao/venv/lib/python3.10/site-packages/airflow/example_dags/example_trigger_controller_dag.py for tasks to queue
[2023-04-05 21:20:13,212] {logging_mixin.py:115} INFO - [2023-04-05 21:20:13,212] {dagbag.py:507} INFO - Filling up the DagBag from /home/edinaldo/Documents/previsao_remuneracao/previsao_remuneracao/venv/lib/python3.10/site-packages/airflow/example_dags/example_trigger_controller_dag.py
[2023-04-05 21:20:13,218] {processor.py:651} INFO - DAG(s) dict_keys(['example_trigger_controller_dag']) retrieved from /home/edinaldo/Documents/previsao_remuneracao/previsao_remuneracao/venv/lib/python3.10/site-packages/airflow/example_dags/example_trigger_controller_dag.py
[2023-04-05 21:20:13,242] {logging_mixin.py:115} INFO - [2023-04-05 21:20:13,242] {dag.py:2379} INFO - Sync 1 DAGs
[2023-04-05 21:20:13,261] {logging_mixin.py:115} INFO - [2023-04-05 21:20:13,261] {dag.py:2927} INFO - Setting next_dagrun for example_trigger_controller_dag to 2021-01-01T00:00:00+00:00, run_after=2021-01-01T00:00:00+00:00
[2023-04-05 21:20:13,350] {processor.py:161} INFO - Processing /home/edinaldo/Documents/previsao_remuneracao/previsao_remuneracao/venv/lib/python3.10/site-packages/airflow/example_dags/example_trigger_controller_dag.py took 0.148 seconds
[2023-04-05 21:20:49,389] {processor.py:153} INFO - Started process (PID=53947) to work on /home/edinaldo/Documents/previsao_remuneracao/previsao_remuneracao/venv/lib/python3.10/site-packages/airflow/example_dags/example_trigger_controller_dag.py
[2023-04-05 21:20:49,400] {processor.py:641} INFO - Processing file /home/edinaldo/Documents/previsao_remuneracao/previsao_remuneracao/venv/lib/python3.10/site-packages/airflow/example_dags/example_trigger_controller_dag.py for tasks to queue
[2023-04-05 21:20:49,401] {logging_mixin.py:115} INFO - [2023-04-05 21:20:49,401] {dagbag.py:507} INFO - Filling up the DagBag from /home/edinaldo/Documents/previsao_remuneracao/previsao_remuneracao/venv/lib/python3.10/site-packages/airflow/example_dags/example_trigger_controller_dag.py
[2023-04-05 21:20:49,405] {processor.py:651} INFO - DAG(s) dict_keys(['example_trigger_controller_dag']) retrieved from /home/edinaldo/Documents/previsao_remuneracao/previsao_remuneracao/venv/lib/python3.10/site-packages/airflow/example_dags/example_trigger_controller_dag.py
[2023-04-05 21:20:49,423] {logging_mixin.py:115} INFO - [2023-04-05 21:20:49,423] {dag.py:2379} INFO - Sync 1 DAGs
[2023-04-05 21:20:49,441] {logging_mixin.py:115} INFO - [2023-04-05 21:20:49,441] {dag.py:2927} INFO - Setting next_dagrun for example_trigger_controller_dag to 2021-01-01T00:00:00+00:00, run_after=2021-01-01T00:00:00+00:00
[2023-04-05 21:20:49,527] {processor.py:161} INFO - Processing /home/edinaldo/Documents/previsao_remuneracao/previsao_remuneracao/venv/lib/python3.10/site-packages/airflow/example_dags/example_trigger_controller_dag.py took 0.141 seconds
[2023-04-05 21:21:30,545] {processor.py:153} INFO - Started process (PID=53983) to work on /home/edinaldo/Documents/previsao_remuneracao/previsao_remuneracao/venv/lib/python3.10/site-packages/airflow/example_dags/example_trigger_controller_dag.py
[2023-04-05 21:21:30,546] {processor.py:641} INFO - Processing file /home/edinaldo/Documents/previsao_remuneracao/previsao_remuneracao/venv/lib/python3.10/site-packages/airflow/example_dags/example_trigger_controller_dag.py for tasks to queue
[2023-04-05 21:21:30,547] {logging_mixin.py:115} INFO - [2023-04-05 21:21:30,547] {dagbag.py:507} INFO - Filling up the DagBag from /home/edinaldo/Documents/previsao_remuneracao/previsao_remuneracao/venv/lib/python3.10/site-packages/airflow/example_dags/example_trigger_controller_dag.py
[2023-04-05 21:21:30,551] {processor.py:651} INFO - DAG(s) dict_keys(['example_trigger_controller_dag']) retrieved from /home/edinaldo/Documents/previsao_remuneracao/previsao_remuneracao/venv/lib/python3.10/site-packages/airflow/example_dags/example_trigger_controller_dag.py
[2023-04-05 21:21:30,571] {logging_mixin.py:115} INFO - [2023-04-05 21:21:30,571] {dag.py:2379} INFO - Sync 1 DAGs
[2023-04-05 21:21:30,592] {logging_mixin.py:115} INFO - [2023-04-05 21:21:30,592] {dag.py:2927} INFO - Setting next_dagrun for example_trigger_controller_dag to 2021-01-01T00:00:00+00:00, run_after=2021-01-01T00:00:00+00:00
[2023-04-05 21:21:30,683] {processor.py:161} INFO - Processing /home/edinaldo/Documents/previsao_remuneracao/previsao_remuneracao/venv/lib/python3.10/site-packages/airflow/example_dags/example_trigger_controller_dag.py took 0.145 seconds
[2023-04-05 21:22:07,682] {processor.py:153} INFO - Started process (PID=54049) to work on /home/edinaldo/Documents/previsao_remuneracao/previsao_remuneracao/venv/lib/python3.10/site-packages/airflow/example_dags/example_trigger_controller_dag.py
[2023-04-05 21:22:07,683] {processor.py:641} INFO - Processing file /home/edinaldo/Documents/previsao_remuneracao/previsao_remuneracao/venv/lib/python3.10/site-packages/airflow/example_dags/example_trigger_controller_dag.py for tasks to queue
[2023-04-05 21:22:07,684] {logging_mixin.py:115} INFO - [2023-04-05 21:22:07,684] {dagbag.py:507} INFO - Filling up the DagBag from /home/edinaldo/Documents/previsao_remuneracao/previsao_remuneracao/venv/lib/python3.10/site-packages/airflow/example_dags/example_trigger_controller_dag.py
[2023-04-05 21:22:07,689] {processor.py:651} INFO - DAG(s) dict_keys(['example_trigger_controller_dag']) retrieved from /home/edinaldo/Documents/previsao_remuneracao/previsao_remuneracao/venv/lib/python3.10/site-packages/airflow/example_dags/example_trigger_controller_dag.py
[2023-04-05 21:22:07,711] {logging_mixin.py:115} INFO - [2023-04-05 21:22:07,711] {dag.py:2379} INFO - Sync 1 DAGs
[2023-04-05 21:22:07,731] {logging_mixin.py:115} INFO - [2023-04-05 21:22:07,730] {dag.py:2927} INFO - Setting next_dagrun for example_trigger_controller_dag to 2021-01-01T00:00:00+00:00, run_after=2021-01-01T00:00:00+00:00
[2023-04-05 21:22:07,810] {processor.py:161} INFO - Processing /home/edinaldo/Documents/previsao_remuneracao/previsao_remuneracao/venv/lib/python3.10/site-packages/airflow/example_dags/example_trigger_controller_dag.py took 0.131 seconds
[2023-04-05 21:22:43,165] {processor.py:153} INFO - Started process (PID=54084) to work on /home/edinaldo/Documents/previsao_remuneracao/previsao_remuneracao/venv/lib/python3.10/site-packages/airflow/example_dags/example_trigger_controller_dag.py
[2023-04-05 21:22:43,174] {processor.py:641} INFO - Processing file /home/edinaldo/Documents/previsao_remuneracao/previsao_remuneracao/venv/lib/python3.10/site-packages/airflow/example_dags/example_trigger_controller_dag.py for tasks to queue
[2023-04-05 21:22:43,175] {logging_mixin.py:115} INFO - [2023-04-05 21:22:43,175] {dagbag.py:507} INFO - Filling up the DagBag from /home/edinaldo/Documents/previsao_remuneracao/previsao_remuneracao/venv/lib/python3.10/site-packages/airflow/example_dags/example_trigger_controller_dag.py
[2023-04-05 21:22:43,179] {processor.py:651} INFO - DAG(s) dict_keys(['example_trigger_controller_dag']) retrieved from /home/edinaldo/Documents/previsao_remuneracao/previsao_remuneracao/venv/lib/python3.10/site-packages/airflow/example_dags/example_trigger_controller_dag.py
[2023-04-05 21:22:43,200] {logging_mixin.py:115} INFO - [2023-04-05 21:22:43,199] {dag.py:2379} INFO - Sync 1 DAGs
[2023-04-05 21:22:43,218] {logging_mixin.py:115} INFO - [2023-04-05 21:22:43,218] {dag.py:2927} INFO - Setting next_dagrun for example_trigger_controller_dag to 2021-01-01T00:00:00+00:00, run_after=2021-01-01T00:00:00+00:00
[2023-04-05 21:22:43,303] {processor.py:161} INFO - Processing /home/edinaldo/Documents/previsao_remuneracao/previsao_remuneracao/venv/lib/python3.10/site-packages/airflow/example_dags/example_trigger_controller_dag.py took 0.142 seconds
[2023-04-05 21:23:22,686] {processor.py:153} INFO - Started process (PID=54139) to work on /home/edinaldo/Documents/previsao_remuneracao/previsao_remuneracao/venv/lib/python3.10/site-packages/airflow/example_dags/example_trigger_controller_dag.py
[2023-04-05 21:23:22,695] {processor.py:641} INFO - Processing file /home/edinaldo/Documents/previsao_remuneracao/previsao_remuneracao/venv/lib/python3.10/site-packages/airflow/example_dags/example_trigger_controller_dag.py for tasks to queue
[2023-04-05 21:23:22,696] {logging_mixin.py:115} INFO - [2023-04-05 21:23:22,696] {dagbag.py:507} INFO - Filling up the DagBag from /home/edinaldo/Documents/previsao_remuneracao/previsao_remuneracao/venv/lib/python3.10/site-packages/airflow/example_dags/example_trigger_controller_dag.py
[2023-04-05 21:23:22,708] {processor.py:651} INFO - DAG(s) dict_keys(['example_trigger_controller_dag']) retrieved from /home/edinaldo/Documents/previsao_remuneracao/previsao_remuneracao/venv/lib/python3.10/site-packages/airflow/example_dags/example_trigger_controller_dag.py
[2023-04-05 21:23:22,733] {logging_mixin.py:115} INFO - [2023-04-05 21:23:22,733] {dag.py:2379} INFO - Sync 1 DAGs
[2023-04-05 21:23:22,752] {logging_mixin.py:115} INFO - [2023-04-05 21:23:22,751] {dag.py:2927} INFO - Setting next_dagrun for example_trigger_controller_dag to 2021-01-01T00:00:00+00:00, run_after=2021-01-01T00:00:00+00:00
[2023-04-05 21:23:22,830] {processor.py:161} INFO - Processing /home/edinaldo/Documents/previsao_remuneracao/previsao_remuneracao/venv/lib/python3.10/site-packages/airflow/example_dags/example_trigger_controller_dag.py took 0.153 seconds
[2023-04-05 21:24:04,688] {processor.py:153} INFO - Started process (PID=54175) to work on /home/edinaldo/Documents/previsao_remuneracao/previsao_remuneracao/venv/lib/python3.10/site-packages/airflow/example_dags/example_trigger_controller_dag.py
[2023-04-05 21:24:04,696] {processor.py:641} INFO - Processing file /home/edinaldo/Documents/previsao_remuneracao/previsao_remuneracao/venv/lib/python3.10/site-packages/airflow/example_dags/example_trigger_controller_dag.py for tasks to queue
[2023-04-05 21:24:04,697] {logging_mixin.py:115} INFO - [2023-04-05 21:24:04,697] {dagbag.py:507} INFO - Filling up the DagBag from /home/edinaldo/Documents/previsao_remuneracao/previsao_remuneracao/venv/lib/python3.10/site-packages/airflow/example_dags/example_trigger_controller_dag.py
[2023-04-05 21:24:04,702] {processor.py:651} INFO - DAG(s) dict_keys(['example_trigger_controller_dag']) retrieved from /home/edinaldo/Documents/previsao_remuneracao/previsao_remuneracao/venv/lib/python3.10/site-packages/airflow/example_dags/example_trigger_controller_dag.py
[2023-04-05 21:24:04,725] {logging_mixin.py:115} INFO - [2023-04-05 21:24:04,724] {dag.py:2379} INFO - Sync 1 DAGs
[2023-04-05 21:24:04,743] {logging_mixin.py:115} INFO - [2023-04-05 21:24:04,743] {dag.py:2927} INFO - Setting next_dagrun for example_trigger_controller_dag to 2021-01-01T00:00:00+00:00, run_after=2021-01-01T00:00:00+00:00
[2023-04-05 21:24:04,833] {processor.py:161} INFO - Processing /home/edinaldo/Documents/previsao_remuneracao/previsao_remuneracao/venv/lib/python3.10/site-packages/airflow/example_dags/example_trigger_controller_dag.py took 0.148 seconds
[2023-04-05 21:24:46,810] {processor.py:153} INFO - Started process (PID=54373) to work on /home/edinaldo/Documents/previsao_remuneracao/previsao_remuneracao/venv/lib/python3.10/site-packages/airflow/example_dags/example_trigger_controller_dag.py
[2023-04-05 21:24:46,818] {processor.py:641} INFO - Processing file /home/edinaldo/Documents/previsao_remuneracao/previsao_remuneracao/venv/lib/python3.10/site-packages/airflow/example_dags/example_trigger_controller_dag.py for tasks to queue
[2023-04-05 21:24:46,819] {logging_mixin.py:115} INFO - [2023-04-05 21:24:46,819] {dagbag.py:507} INFO - Filling up the DagBag from /home/edinaldo/Documents/previsao_remuneracao/previsao_remuneracao/venv/lib/python3.10/site-packages/airflow/example_dags/example_trigger_controller_dag.py
[2023-04-05 21:24:46,843] {processor.py:651} INFO - DAG(s) dict_keys(['example_trigger_controller_dag']) retrieved from /home/edinaldo/Documents/previsao_remuneracao/previsao_remuneracao/venv/lib/python3.10/site-packages/airflow/example_dags/example_trigger_controller_dag.py
[2023-04-05 21:24:46,884] {logging_mixin.py:115} INFO - [2023-04-05 21:24:46,884] {dag.py:2379} INFO - Sync 1 DAGs
[2023-04-05 21:24:46,906] {logging_mixin.py:115} INFO - [2023-04-05 21:24:46,906] {dag.py:2927} INFO - Setting next_dagrun for example_trigger_controller_dag to 2021-01-01T00:00:00+00:00, run_after=2021-01-01T00:00:00+00:00
[2023-04-05 21:24:46,977] {processor.py:161} INFO - Processing /home/edinaldo/Documents/previsao_remuneracao/previsao_remuneracao/venv/lib/python3.10/site-packages/airflow/example_dags/example_trigger_controller_dag.py took 0.176 seconds
[2023-04-05 21:25:31,456] {processor.py:153} INFO - Started process (PID=54602) to work on /home/edinaldo/Documents/previsao_remuneracao/previsao_remuneracao/venv/lib/python3.10/site-packages/airflow/example_dags/example_trigger_controller_dag.py
[2023-04-05 21:25:31,470] {processor.py:641} INFO - Processing file /home/edinaldo/Documents/previsao_remuneracao/previsao_remuneracao/venv/lib/python3.10/site-packages/airflow/example_dags/example_trigger_controller_dag.py for tasks to queue
[2023-04-05 21:25:31,470] {logging_mixin.py:115} INFO - [2023-04-05 21:25:31,470] {dagbag.py:507} INFO - Filling up the DagBag from /home/edinaldo/Documents/previsao_remuneracao/previsao_remuneracao/venv/lib/python3.10/site-packages/airflow/example_dags/example_trigger_controller_dag.py
[2023-04-05 21:25:31,474] {processor.py:651} INFO - DAG(s) dict_keys(['example_trigger_controller_dag']) retrieved from /home/edinaldo/Documents/previsao_remuneracao/previsao_remuneracao/venv/lib/python3.10/site-packages/airflow/example_dags/example_trigger_controller_dag.py
[2023-04-05 21:25:31,492] {logging_mixin.py:115} INFO - [2023-04-05 21:25:31,492] {dag.py:2379} INFO - Sync 1 DAGs
[2023-04-05 21:25:31,511] {logging_mixin.py:115} INFO - [2023-04-05 21:25:31,511] {dag.py:2927} INFO - Setting next_dagrun for example_trigger_controller_dag to 2021-01-01T00:00:00+00:00, run_after=2021-01-01T00:00:00+00:00
[2023-04-05 21:25:31,599] {processor.py:161} INFO - Processing /home/edinaldo/Documents/previsao_remuneracao/previsao_remuneracao/venv/lib/python3.10/site-packages/airflow/example_dags/example_trigger_controller_dag.py took 0.147 seconds
[2023-04-05 21:26:10,643] {processor.py:153} INFO - Started process (PID=54824) to work on /home/edinaldo/Documents/previsao_remuneracao/previsao_remuneracao/venv/lib/python3.10/site-packages/airflow/example_dags/example_trigger_controller_dag.py
[2023-04-05 21:26:10,657] {processor.py:641} INFO - Processing file /home/edinaldo/Documents/previsao_remuneracao/previsao_remuneracao/venv/lib/python3.10/site-packages/airflow/example_dags/example_trigger_controller_dag.py for tasks to queue
[2023-04-05 21:26:10,658] {logging_mixin.py:115} INFO - [2023-04-05 21:26:10,658] {dagbag.py:507} INFO - Filling up the DagBag from /home/edinaldo/Documents/previsao_remuneracao/previsao_remuneracao/venv/lib/python3.10/site-packages/airflow/example_dags/example_trigger_controller_dag.py
[2023-04-05 21:26:10,663] {processor.py:651} INFO - DAG(s) dict_keys(['example_trigger_controller_dag']) retrieved from /home/edinaldo/Documents/previsao_remuneracao/previsao_remuneracao/venv/lib/python3.10/site-packages/airflow/example_dags/example_trigger_controller_dag.py
[2023-04-05 21:26:10,687] {logging_mixin.py:115} INFO - [2023-04-05 21:26:10,687] {dag.py:2379} INFO - Sync 1 DAGs
[2023-04-05 21:26:10,706] {logging_mixin.py:115} INFO - [2023-04-05 21:26:10,706] {dag.py:2927} INFO - Setting next_dagrun for example_trigger_controller_dag to 2021-01-01T00:00:00+00:00, run_after=2021-01-01T00:00:00+00:00
[2023-04-05 21:26:10,786] {processor.py:161} INFO - Processing /home/edinaldo/Documents/previsao_remuneracao/previsao_remuneracao/venv/lib/python3.10/site-packages/airflow/example_dags/example_trigger_controller_dag.py took 0.146 seconds
[2023-04-05 21:26:55,798] {processor.py:153} INFO - Started process (PID=55102) to work on /home/edinaldo/Documents/previsao_remuneracao/previsao_remuneracao/venv/lib/python3.10/site-packages/airflow/example_dags/example_trigger_controller_dag.py
[2023-04-05 21:26:55,811] {processor.py:641} INFO - Processing file /home/edinaldo/Documents/previsao_remuneracao/previsao_remuneracao/venv/lib/python3.10/site-packages/airflow/example_dags/example_trigger_controller_dag.py for tasks to queue
[2023-04-05 21:26:55,812] {logging_mixin.py:115} INFO - [2023-04-05 21:26:55,812] {dagbag.py:507} INFO - Filling up the DagBag from /home/edinaldo/Documents/previsao_remuneracao/previsao_remuneracao/venv/lib/python3.10/site-packages/airflow/example_dags/example_trigger_controller_dag.py
[2023-04-05 21:26:55,818] {processor.py:651} INFO - DAG(s) dict_keys(['example_trigger_controller_dag']) retrieved from /home/edinaldo/Documents/previsao_remuneracao/previsao_remuneracao/venv/lib/python3.10/site-packages/airflow/example_dags/example_trigger_controller_dag.py
[2023-04-05 21:26:55,847] {logging_mixin.py:115} INFO - [2023-04-05 21:26:55,847] {dag.py:2379} INFO - Sync 1 DAGs
[2023-04-05 21:26:55,880] {logging_mixin.py:115} INFO - [2023-04-05 21:26:55,880] {dag.py:2927} INFO - Setting next_dagrun for example_trigger_controller_dag to 2021-01-01T00:00:00+00:00, run_after=2021-01-01T00:00:00+00:00
[2023-04-05 21:26:55,975] {processor.py:161} INFO - Processing /home/edinaldo/Documents/previsao_remuneracao/previsao_remuneracao/venv/lib/python3.10/site-packages/airflow/example_dags/example_trigger_controller_dag.py took 0.184 seconds
[2023-04-05 21:27:32,876] {processor.py:153} INFO - Started process (PID=55356) to work on /home/edinaldo/Documents/previsao_remuneracao/previsao_remuneracao/venv/lib/python3.10/site-packages/airflow/example_dags/example_trigger_controller_dag.py
[2023-04-05 21:27:32,877] {processor.py:641} INFO - Processing file /home/edinaldo/Documents/previsao_remuneracao/previsao_remuneracao/venv/lib/python3.10/site-packages/airflow/example_dags/example_trigger_controller_dag.py for tasks to queue
[2023-04-05 21:27:32,878] {logging_mixin.py:115} INFO - [2023-04-05 21:27:32,878] {dagbag.py:507} INFO - Filling up the DagBag from /home/edinaldo/Documents/previsao_remuneracao/previsao_remuneracao/venv/lib/python3.10/site-packages/airflow/example_dags/example_trigger_controller_dag.py
[2023-04-05 21:27:32,885] {processor.py:651} INFO - DAG(s) dict_keys(['example_trigger_controller_dag']) retrieved from /home/edinaldo/Documents/previsao_remuneracao/previsao_remuneracao/venv/lib/python3.10/site-packages/airflow/example_dags/example_trigger_controller_dag.py
[2023-04-05 21:27:32,910] {logging_mixin.py:115} INFO - [2023-04-05 21:27:32,910] {dag.py:2379} INFO - Sync 1 DAGs
[2023-04-05 21:27:32,939] {logging_mixin.py:115} INFO - [2023-04-05 21:27:32,939] {dag.py:2927} INFO - Setting next_dagrun for example_trigger_controller_dag to 2021-01-01T00:00:00+00:00, run_after=2021-01-01T00:00:00+00:00
[2023-04-05 21:27:33,058] {processor.py:161} INFO - Processing /home/edinaldo/Documents/previsao_remuneracao/previsao_remuneracao/venv/lib/python3.10/site-packages/airflow/example_dags/example_trigger_controller_dag.py took 0.187 seconds
[2023-04-05 21:28:15,350] {processor.py:153} INFO - Started process (PID=55562) to work on /home/edinaldo/Documents/previsao_remuneracao/previsao_remuneracao/venv/lib/python3.10/site-packages/airflow/example_dags/example_trigger_controller_dag.py
[2023-04-05 21:28:15,535] {processor.py:641} INFO - Processing file /home/edinaldo/Documents/previsao_remuneracao/previsao_remuneracao/venv/lib/python3.10/site-packages/airflow/example_dags/example_trigger_controller_dag.py for tasks to queue
[2023-04-05 21:28:15,539] {logging_mixin.py:115} INFO - [2023-04-05 21:28:15,538] {dagbag.py:507} INFO - Filling up the DagBag from /home/edinaldo/Documents/previsao_remuneracao/previsao_remuneracao/venv/lib/python3.10/site-packages/airflow/example_dags/example_trigger_controller_dag.py
[2023-04-05 21:28:15,645] {processor.py:651} INFO - DAG(s) dict_keys(['example_trigger_controller_dag']) retrieved from /home/edinaldo/Documents/previsao_remuneracao/previsao_remuneracao/venv/lib/python3.10/site-packages/airflow/example_dags/example_trigger_controller_dag.py
[2023-04-05 21:28:16,458] {logging_mixin.py:115} INFO - [2023-04-05 21:28:16,457] {dag.py:2379} INFO - Sync 1 DAGs
[2023-04-05 21:28:16,498] {logging_mixin.py:115} INFO - [2023-04-05 21:28:16,497] {dag.py:2927} INFO - Setting next_dagrun for example_trigger_controller_dag to 2021-01-01T00:00:00+00:00, run_after=2021-01-01T00:00:00+00:00
[2023-04-05 21:28:16,839] {processor.py:161} INFO - Processing /home/edinaldo/Documents/previsao_remuneracao/previsao_remuneracao/venv/lib/python3.10/site-packages/airflow/example_dags/example_trigger_controller_dag.py took 1.503 seconds
[2023-04-05 21:29:07,490] {processor.py:153} INFO - Started process (PID=55611) to work on /home/edinaldo/Documents/previsao_remuneracao/previsao_remuneracao/venv/lib/python3.10/site-packages/airflow/example_dags/example_trigger_controller_dag.py
[2023-04-05 21:29:07,498] {processor.py:641} INFO - Processing file /home/edinaldo/Documents/previsao_remuneracao/previsao_remuneracao/venv/lib/python3.10/site-packages/airflow/example_dags/example_trigger_controller_dag.py for tasks to queue
[2023-04-05 21:29:07,500] {logging_mixin.py:115} INFO - [2023-04-05 21:29:07,500] {dagbag.py:507} INFO - Filling up the DagBag from /home/edinaldo/Documents/previsao_remuneracao/previsao_remuneracao/venv/lib/python3.10/site-packages/airflow/example_dags/example_trigger_controller_dag.py
[2023-04-05 21:29:07,511] {processor.py:651} INFO - DAG(s) dict_keys(['example_trigger_controller_dag']) retrieved from /home/edinaldo/Documents/previsao_remuneracao/previsao_remuneracao/venv/lib/python3.10/site-packages/airflow/example_dags/example_trigger_controller_dag.py
[2023-04-05 21:29:07,549] {logging_mixin.py:115} INFO - [2023-04-05 21:29:07,549] {dag.py:2379} INFO - Sync 1 DAGs
[2023-04-05 21:29:07,583] {logging_mixin.py:115} INFO - [2023-04-05 21:29:07,583] {dag.py:2927} INFO - Setting next_dagrun for example_trigger_controller_dag to 2021-01-01T00:00:00+00:00, run_after=2021-01-01T00:00:00+00:00
[2023-04-05 21:29:07,688] {processor.py:161} INFO - Processing /home/edinaldo/Documents/previsao_remuneracao/previsao_remuneracao/venv/lib/python3.10/site-packages/airflow/example_dags/example_trigger_controller_dag.py took 0.205 seconds
[2023-04-05 21:29:48,083] {processor.py:153} INFO - Started process (PID=55649) to work on /home/edinaldo/Documents/previsao_remuneracao/previsao_remuneracao/venv/lib/python3.10/site-packages/airflow/example_dags/example_trigger_controller_dag.py
[2023-04-05 21:29:48,109] {processor.py:641} INFO - Processing file /home/edinaldo/Documents/previsao_remuneracao/previsao_remuneracao/venv/lib/python3.10/site-packages/airflow/example_dags/example_trigger_controller_dag.py for tasks to queue
[2023-04-05 21:29:48,110] {logging_mixin.py:115} INFO - [2023-04-05 21:29:48,110] {dagbag.py:507} INFO - Filling up the DagBag from /home/edinaldo/Documents/previsao_remuneracao/previsao_remuneracao/venv/lib/python3.10/site-packages/airflow/example_dags/example_trigger_controller_dag.py
[2023-04-05 21:29:48,117] {processor.py:651} INFO - DAG(s) dict_keys(['example_trigger_controller_dag']) retrieved from /home/edinaldo/Documents/previsao_remuneracao/previsao_remuneracao/venv/lib/python3.10/site-packages/airflow/example_dags/example_trigger_controller_dag.py
[2023-04-05 21:29:48,153] {logging_mixin.py:115} INFO - [2023-04-05 21:29:48,153] {dag.py:2379} INFO - Sync 1 DAGs
[2023-04-05 21:29:48,193] {logging_mixin.py:115} INFO - [2023-04-05 21:29:48,192] {dag.py:2927} INFO - Setting next_dagrun for example_trigger_controller_dag to 2021-01-01T00:00:00+00:00, run_after=2021-01-01T00:00:00+00:00
[2023-04-05 21:29:48,281] {processor.py:161} INFO - Processing /home/edinaldo/Documents/previsao_remuneracao/previsao_remuneracao/venv/lib/python3.10/site-packages/airflow/example_dags/example_trigger_controller_dag.py took 0.204 seconds
[2023-04-05 21:30:24,346] {processor.py:153} INFO - Started process (PID=55682) to work on /home/edinaldo/Documents/previsao_remuneracao/previsao_remuneracao/venv/lib/python3.10/site-packages/airflow/example_dags/example_trigger_controller_dag.py
[2023-04-05 21:30:24,353] {processor.py:641} INFO - Processing file /home/edinaldo/Documents/previsao_remuneracao/previsao_remuneracao/venv/lib/python3.10/site-packages/airflow/example_dags/example_trigger_controller_dag.py for tasks to queue
[2023-04-05 21:30:24,354] {logging_mixin.py:115} INFO - [2023-04-05 21:30:24,354] {dagbag.py:507} INFO - Filling up the DagBag from /home/edinaldo/Documents/previsao_remuneracao/previsao_remuneracao/venv/lib/python3.10/site-packages/airflow/example_dags/example_trigger_controller_dag.py
[2023-04-05 21:30:24,363] {processor.py:651} INFO - DAG(s) dict_keys(['example_trigger_controller_dag']) retrieved from /home/edinaldo/Documents/previsao_remuneracao/previsao_remuneracao/venv/lib/python3.10/site-packages/airflow/example_dags/example_trigger_controller_dag.py
[2023-04-05 21:30:24,386] {logging_mixin.py:115} INFO - [2023-04-05 21:30:24,386] {dag.py:2379} INFO - Sync 1 DAGs
[2023-04-05 21:30:24,409] {logging_mixin.py:115} INFO - [2023-04-05 21:30:24,409] {dag.py:2927} INFO - Setting next_dagrun for example_trigger_controller_dag to 2021-01-01T00:00:00+00:00, run_after=2021-01-01T00:00:00+00:00
[2023-04-05 21:30:24,490] {processor.py:161} INFO - Processing /home/edinaldo/Documents/previsao_remuneracao/previsao_remuneracao/venv/lib/python3.10/site-packages/airflow/example_dags/example_trigger_controller_dag.py took 0.153 seconds
[2023-04-05 21:31:00,415] {processor.py:153} INFO - Started process (PID=55739) to work on /home/edinaldo/Documents/previsao_remuneracao/previsao_remuneracao/venv/lib/python3.10/site-packages/airflow/example_dags/example_trigger_controller_dag.py
[2023-04-05 21:31:00,416] {processor.py:641} INFO - Processing file /home/edinaldo/Documents/previsao_remuneracao/previsao_remuneracao/venv/lib/python3.10/site-packages/airflow/example_dags/example_trigger_controller_dag.py for tasks to queue
[2023-04-05 21:31:00,416] {logging_mixin.py:115} INFO - [2023-04-05 21:31:00,416] {dagbag.py:507} INFO - Filling up the DagBag from /home/edinaldo/Documents/previsao_remuneracao/previsao_remuneracao/venv/lib/python3.10/site-packages/airflow/example_dags/example_trigger_controller_dag.py
[2023-04-05 21:31:00,422] {processor.py:651} INFO - DAG(s) dict_keys(['example_trigger_controller_dag']) retrieved from /home/edinaldo/Documents/previsao_remuneracao/previsao_remuneracao/venv/lib/python3.10/site-packages/airflow/example_dags/example_trigger_controller_dag.py
[2023-04-05 21:31:00,444] {logging_mixin.py:115} INFO - [2023-04-05 21:31:00,444] {dag.py:2379} INFO - Sync 1 DAGs
[2023-04-05 21:31:00,467] {logging_mixin.py:115} INFO - [2023-04-05 21:31:00,467] {dag.py:2927} INFO - Setting next_dagrun for example_trigger_controller_dag to 2021-01-01T00:00:00+00:00, run_after=2021-01-01T00:00:00+00:00
[2023-04-05 21:31:00,547] {processor.py:161} INFO - Processing /home/edinaldo/Documents/previsao_remuneracao/previsao_remuneracao/venv/lib/python3.10/site-packages/airflow/example_dags/example_trigger_controller_dag.py took 0.137 seconds
[2023-04-05 21:31:38,395] {processor.py:153} INFO - Started process (PID=55800) to work on /home/edinaldo/Documents/previsao_remuneracao/previsao_remuneracao/venv/lib/python3.10/site-packages/airflow/example_dags/example_trigger_controller_dag.py
[2023-04-05 21:31:38,396] {processor.py:641} INFO - Processing file /home/edinaldo/Documents/previsao_remuneracao/previsao_remuneracao/venv/lib/python3.10/site-packages/airflow/example_dags/example_trigger_controller_dag.py for tasks to queue
[2023-04-05 21:31:38,397] {logging_mixin.py:115} INFO - [2023-04-05 21:31:38,397] {dagbag.py:507} INFO - Filling up the DagBag from /home/edinaldo/Documents/previsao_remuneracao/previsao_remuneracao/venv/lib/python3.10/site-packages/airflow/example_dags/example_trigger_controller_dag.py
[2023-04-05 21:31:38,401] {processor.py:651} INFO - DAG(s) dict_keys(['example_trigger_controller_dag']) retrieved from /home/edinaldo/Documents/previsao_remuneracao/previsao_remuneracao/venv/lib/python3.10/site-packages/airflow/example_dags/example_trigger_controller_dag.py
[2023-04-05 21:31:38,424] {logging_mixin.py:115} INFO - [2023-04-05 21:31:38,424] {dag.py:2379} INFO - Sync 1 DAGs
[2023-04-05 21:31:38,447] {logging_mixin.py:115} INFO - [2023-04-05 21:31:38,447] {dag.py:2927} INFO - Setting next_dagrun for example_trigger_controller_dag to 2021-01-01T00:00:00+00:00, run_after=2021-01-01T00:00:00+00:00
[2023-04-05 21:31:38,535] {processor.py:161} INFO - Processing /home/edinaldo/Documents/previsao_remuneracao/previsao_remuneracao/venv/lib/python3.10/site-packages/airflow/example_dags/example_trigger_controller_dag.py took 0.144 seconds
[2023-04-05 21:32:28,842] {processor.py:153} INFO - Started process (PID=56049) to work on /home/edinaldo/Documents/previsao_remuneracao/previsao_remuneracao/venv/lib/python3.10/site-packages/airflow/example_dags/example_trigger_controller_dag.py
[2023-04-05 21:32:28,847] {processor.py:641} INFO - Processing file /home/edinaldo/Documents/previsao_remuneracao/previsao_remuneracao/venv/lib/python3.10/site-packages/airflow/example_dags/example_trigger_controller_dag.py for tasks to queue
[2023-04-05 21:32:28,849] {logging_mixin.py:115} INFO - [2023-04-05 21:32:28,848] {dagbag.py:507} INFO - Filling up the DagBag from /home/edinaldo/Documents/previsao_remuneracao/previsao_remuneracao/venv/lib/python3.10/site-packages/airflow/example_dags/example_trigger_controller_dag.py
[2023-04-05 21:32:28,855] {processor.py:651} INFO - DAG(s) dict_keys(['example_trigger_controller_dag']) retrieved from /home/edinaldo/Documents/previsao_remuneracao/previsao_remuneracao/venv/lib/python3.10/site-packages/airflow/example_dags/example_trigger_controller_dag.py
[2023-04-05 21:32:28,895] {logging_mixin.py:115} INFO - [2023-04-05 21:32:28,895] {dag.py:2379} INFO - Sync 1 DAGs
[2023-04-05 21:32:28,921] {logging_mixin.py:115} INFO - [2023-04-05 21:32:28,921] {dag.py:2927} INFO - Setting next_dagrun for example_trigger_controller_dag to 2021-01-01T00:00:00+00:00, run_after=2021-01-01T00:00:00+00:00
[2023-04-05 21:32:29,031] {processor.py:161} INFO - Processing /home/edinaldo/Documents/previsao_remuneracao/previsao_remuneracao/venv/lib/python3.10/site-packages/airflow/example_dags/example_trigger_controller_dag.py took 0.197 seconds
[2023-04-05 21:33:14,358] {processor.py:153} INFO - Started process (PID=56114) to work on /home/edinaldo/Documents/previsao_remuneracao/previsao_remuneracao/venv/lib/python3.10/site-packages/airflow/example_dags/example_trigger_controller_dag.py
[2023-04-05 21:33:14,359] {processor.py:641} INFO - Processing file /home/edinaldo/Documents/previsao_remuneracao/previsao_remuneracao/venv/lib/python3.10/site-packages/airflow/example_dags/example_trigger_controller_dag.py for tasks to queue
[2023-04-05 21:33:14,360] {logging_mixin.py:115} INFO - [2023-04-05 21:33:14,360] {dagbag.py:507} INFO - Filling up the DagBag from /home/edinaldo/Documents/previsao_remuneracao/previsao_remuneracao/venv/lib/python3.10/site-packages/airflow/example_dags/example_trigger_controller_dag.py
[2023-04-05 21:33:14,367] {processor.py:651} INFO - DAG(s) dict_keys(['example_trigger_controller_dag']) retrieved from /home/edinaldo/Documents/previsao_remuneracao/previsao_remuneracao/venv/lib/python3.10/site-packages/airflow/example_dags/example_trigger_controller_dag.py
[2023-04-05 21:33:14,392] {logging_mixin.py:115} INFO - [2023-04-05 21:33:14,392] {dag.py:2379} INFO - Sync 1 DAGs
[2023-04-05 21:33:14,424] {logging_mixin.py:115} INFO - [2023-04-05 21:33:14,424] {dag.py:2927} INFO - Setting next_dagrun for example_trigger_controller_dag to 2021-01-01T00:00:00+00:00, run_after=2021-01-01T00:00:00+00:00
[2023-04-05 21:33:14,517] {processor.py:161} INFO - Processing /home/edinaldo/Documents/previsao_remuneracao/previsao_remuneracao/venv/lib/python3.10/site-packages/airflow/example_dags/example_trigger_controller_dag.py took 0.163 seconds
[2023-04-05 21:33:51,650] {processor.py:153} INFO - Started process (PID=56154) to work on /home/edinaldo/Documents/previsao_remuneracao/previsao_remuneracao/venv/lib/python3.10/site-packages/airflow/example_dags/example_trigger_controller_dag.py
[2023-04-05 21:33:51,656] {processor.py:641} INFO - Processing file /home/edinaldo/Documents/previsao_remuneracao/previsao_remuneracao/venv/lib/python3.10/site-packages/airflow/example_dags/example_trigger_controller_dag.py for tasks to queue
[2023-04-05 21:33:51,657] {logging_mixin.py:115} INFO - [2023-04-05 21:33:51,657] {dagbag.py:507} INFO - Filling up the DagBag from /home/edinaldo/Documents/previsao_remuneracao/previsao_remuneracao/venv/lib/python3.10/site-packages/airflow/example_dags/example_trigger_controller_dag.py
[2023-04-05 21:33:51,664] {processor.py:651} INFO - DAG(s) dict_keys(['example_trigger_controller_dag']) retrieved from /home/edinaldo/Documents/previsao_remuneracao/previsao_remuneracao/venv/lib/python3.10/site-packages/airflow/example_dags/example_trigger_controller_dag.py
[2023-04-05 21:33:51,692] {logging_mixin.py:115} INFO - [2023-04-05 21:33:51,692] {dag.py:2379} INFO - Sync 1 DAGs
[2023-04-05 21:33:51,722] {logging_mixin.py:115} INFO - [2023-04-05 21:33:51,722] {dag.py:2927} INFO - Setting next_dagrun for example_trigger_controller_dag to 2021-01-01T00:00:00+00:00, run_after=2021-01-01T00:00:00+00:00
[2023-04-05 21:33:51,820] {processor.py:161} INFO - Processing /home/edinaldo/Documents/previsao_remuneracao/previsao_remuneracao/venv/lib/python3.10/site-packages/airflow/example_dags/example_trigger_controller_dag.py took 0.174 seconds
[2023-04-05 21:34:31,646] {processor.py:153} INFO - Started process (PID=56216) to work on /home/edinaldo/Documents/previsao_remuneracao/previsao_remuneracao/venv/lib/python3.10/site-packages/airflow/example_dags/example_trigger_controller_dag.py
[2023-04-05 21:34:31,648] {processor.py:641} INFO - Processing file /home/edinaldo/Documents/previsao_remuneracao/previsao_remuneracao/venv/lib/python3.10/site-packages/airflow/example_dags/example_trigger_controller_dag.py for tasks to queue
[2023-04-05 21:34:31,649] {logging_mixin.py:115} INFO - [2023-04-05 21:34:31,649] {dagbag.py:507} INFO - Filling up the DagBag from /home/edinaldo/Documents/previsao_remuneracao/previsao_remuneracao/venv/lib/python3.10/site-packages/airflow/example_dags/example_trigger_controller_dag.py
[2023-04-05 21:34:31,656] {processor.py:651} INFO - DAG(s) dict_keys(['example_trigger_controller_dag']) retrieved from /home/edinaldo/Documents/previsao_remuneracao/previsao_remuneracao/venv/lib/python3.10/site-packages/airflow/example_dags/example_trigger_controller_dag.py
[2023-04-05 21:34:31,683] {logging_mixin.py:115} INFO - [2023-04-05 21:34:31,683] {dag.py:2379} INFO - Sync 1 DAGs
[2023-04-05 21:34:31,717] {logging_mixin.py:115} INFO - [2023-04-05 21:34:31,717] {dag.py:2927} INFO - Setting next_dagrun for example_trigger_controller_dag to 2021-01-01T00:00:00+00:00, run_after=2021-01-01T00:00:00+00:00
[2023-04-05 21:34:31,828] {processor.py:161} INFO - Processing /home/edinaldo/Documents/previsao_remuneracao/previsao_remuneracao/venv/lib/python3.10/site-packages/airflow/example_dags/example_trigger_controller_dag.py took 0.192 seconds
[2023-04-05 21:35:17,749] {processor.py:153} INFO - Started process (PID=56268) to work on /home/edinaldo/Documents/previsao_remuneracao/previsao_remuneracao/venv/lib/python3.10/site-packages/airflow/example_dags/example_trigger_controller_dag.py
[2023-04-05 21:35:17,754] {processor.py:641} INFO - Processing file /home/edinaldo/Documents/previsao_remuneracao/previsao_remuneracao/venv/lib/python3.10/site-packages/airflow/example_dags/example_trigger_controller_dag.py for tasks to queue
[2023-04-05 21:35:17,755] {logging_mixin.py:115} INFO - [2023-04-05 21:35:17,754] {dagbag.py:507} INFO - Filling up the DagBag from /home/edinaldo/Documents/previsao_remuneracao/previsao_remuneracao/venv/lib/python3.10/site-packages/airflow/example_dags/example_trigger_controller_dag.py
[2023-04-05 21:35:17,763] {processor.py:651} INFO - DAG(s) dict_keys(['example_trigger_controller_dag']) retrieved from /home/edinaldo/Documents/previsao_remuneracao/previsao_remuneracao/venv/lib/python3.10/site-packages/airflow/example_dags/example_trigger_controller_dag.py
[2023-04-05 21:35:17,794] {logging_mixin.py:115} INFO - [2023-04-05 21:35:17,793] {dag.py:2379} INFO - Sync 1 DAGs
[2023-04-05 21:35:17,830] {logging_mixin.py:115} INFO - [2023-04-05 21:35:17,829] {dag.py:2927} INFO - Setting next_dagrun for example_trigger_controller_dag to 2021-01-01T00:00:00+00:00, run_after=2021-01-01T00:00:00+00:00
[2023-04-05 21:35:17,921] {processor.py:161} INFO - Processing /home/edinaldo/Documents/previsao_remuneracao/previsao_remuneracao/venv/lib/python3.10/site-packages/airflow/example_dags/example_trigger_controller_dag.py took 0.176 seconds
[2023-04-05 21:36:19,327] {processor.py:153} INFO - Started process (PID=56510) to work on /home/edinaldo/Documents/previsao_remuneracao/previsao_remuneracao/venv/lib/python3.10/site-packages/airflow/example_dags/example_trigger_controller_dag.py
[2023-04-05 21:36:19,355] {processor.py:641} INFO - Processing file /home/edinaldo/Documents/previsao_remuneracao/previsao_remuneracao/venv/lib/python3.10/site-packages/airflow/example_dags/example_trigger_controller_dag.py for tasks to queue
[2023-04-05 21:36:19,356] {logging_mixin.py:115} INFO - [2023-04-05 21:36:19,356] {dagbag.py:507} INFO - Filling up the DagBag from /home/edinaldo/Documents/previsao_remuneracao/previsao_remuneracao/venv/lib/python3.10/site-packages/airflow/example_dags/example_trigger_controller_dag.py
[2023-04-05 21:36:19,384] {processor.py:651} INFO - DAG(s) dict_keys(['example_trigger_controller_dag']) retrieved from /home/edinaldo/Documents/previsao_remuneracao/previsao_remuneracao/venv/lib/python3.10/site-packages/airflow/example_dags/example_trigger_controller_dag.py
[2023-04-05 21:36:19,417] {logging_mixin.py:115} INFO - [2023-04-05 21:36:19,417] {dag.py:2379} INFO - Sync 1 DAGs
[2023-04-05 21:36:19,436] {logging_mixin.py:115} INFO - [2023-04-05 21:36:19,436] {dag.py:2927} INFO - Setting next_dagrun for example_trigger_controller_dag to 2021-01-01T00:00:00+00:00, run_after=2021-01-01T00:00:00+00:00
[2023-04-05 21:36:19,521] {processor.py:161} INFO - Processing /home/edinaldo/Documents/previsao_remuneracao/previsao_remuneracao/venv/lib/python3.10/site-packages/airflow/example_dags/example_trigger_controller_dag.py took 0.202 seconds
[2023-04-05 21:37:21,203] {processor.py:153} INFO - Started process (PID=56788) to work on /home/edinaldo/Documents/previsao_remuneracao/previsao_remuneracao/venv/lib/python3.10/site-packages/airflow/example_dags/example_trigger_controller_dag.py
[2023-04-05 21:37:21,235] {processor.py:641} INFO - Processing file /home/edinaldo/Documents/previsao_remuneracao/previsao_remuneracao/venv/lib/python3.10/site-packages/airflow/example_dags/example_trigger_controller_dag.py for tasks to queue
[2023-04-05 21:37:21,237] {logging_mixin.py:115} INFO - [2023-04-05 21:37:21,237] {dagbag.py:507} INFO - Filling up the DagBag from /home/edinaldo/Documents/previsao_remuneracao/previsao_remuneracao/venv/lib/python3.10/site-packages/airflow/example_dags/example_trigger_controller_dag.py
[2023-04-05 21:37:21,266] {processor.py:651} INFO - DAG(s) dict_keys(['example_trigger_controller_dag']) retrieved from /home/edinaldo/Documents/previsao_remuneracao/previsao_remuneracao/venv/lib/python3.10/site-packages/airflow/example_dags/example_trigger_controller_dag.py
[2023-04-05 21:37:21,305] {logging_mixin.py:115} INFO - [2023-04-05 21:37:21,305] {dag.py:2379} INFO - Sync 1 DAGs
[2023-04-05 21:37:21,328] {logging_mixin.py:115} INFO - [2023-04-05 21:37:21,328] {dag.py:2927} INFO - Setting next_dagrun for example_trigger_controller_dag to 2021-01-01T00:00:00+00:00, run_after=2021-01-01T00:00:00+00:00
[2023-04-05 21:37:21,594] {processor.py:161} INFO - Processing /home/edinaldo/Documents/previsao_remuneracao/previsao_remuneracao/venv/lib/python3.10/site-packages/airflow/example_dags/example_trigger_controller_dag.py took 0.403 seconds
[2023-04-05 21:38:10,430] {processor.py:153} INFO - Started process (PID=56966) to work on /home/edinaldo/Documents/previsao_remuneracao/previsao_remuneracao/venv/lib/python3.10/site-packages/airflow/example_dags/example_trigger_controller_dag.py
[2023-04-05 21:38:10,451] {processor.py:641} INFO - Processing file /home/edinaldo/Documents/previsao_remuneracao/previsao_remuneracao/venv/lib/python3.10/site-packages/airflow/example_dags/example_trigger_controller_dag.py for tasks to queue
[2023-04-05 21:38:10,452] {logging_mixin.py:115} INFO - [2023-04-05 21:38:10,452] {dagbag.py:507} INFO - Filling up the DagBag from /home/edinaldo/Documents/previsao_remuneracao/previsao_remuneracao/venv/lib/python3.10/site-packages/airflow/example_dags/example_trigger_controller_dag.py
[2023-04-05 21:38:10,475] {processor.py:651} INFO - DAG(s) dict_keys(['example_trigger_controller_dag']) retrieved from /home/edinaldo/Documents/previsao_remuneracao/previsao_remuneracao/venv/lib/python3.10/site-packages/airflow/example_dags/example_trigger_controller_dag.py
[2023-04-05 21:38:10,513] {logging_mixin.py:115} INFO - [2023-04-05 21:38:10,513] {dag.py:2379} INFO - Sync 1 DAGs
[2023-04-05 21:38:10,551] {logging_mixin.py:115} INFO - [2023-04-05 21:38:10,551] {dag.py:2927} INFO - Setting next_dagrun for example_trigger_controller_dag to 2021-01-01T00:00:00+00:00, run_after=2021-01-01T00:00:00+00:00
[2023-04-05 21:38:10,654] {processor.py:161} INFO - Processing /home/edinaldo/Documents/previsao_remuneracao/previsao_remuneracao/venv/lib/python3.10/site-packages/airflow/example_dags/example_trigger_controller_dag.py took 0.228 seconds
[2023-04-05 21:39:12,864] {processor.py:153} INFO - Started process (PID=57259) to work on /home/edinaldo/Documents/previsao_remuneracao/previsao_remuneracao/venv/lib/python3.10/site-packages/airflow/example_dags/example_trigger_controller_dag.py
[2023-04-05 21:39:12,905] {processor.py:641} INFO - Processing file /home/edinaldo/Documents/previsao_remuneracao/previsao_remuneracao/venv/lib/python3.10/site-packages/airflow/example_dags/example_trigger_controller_dag.py for tasks to queue
[2023-04-05 21:39:12,907] {logging_mixin.py:115} INFO - [2023-04-05 21:39:12,907] {dagbag.py:507} INFO - Filling up the DagBag from /home/edinaldo/Documents/previsao_remuneracao/previsao_remuneracao/venv/lib/python3.10/site-packages/airflow/example_dags/example_trigger_controller_dag.py
[2023-04-05 21:39:12,949] {processor.py:651} INFO - DAG(s) dict_keys(['example_trigger_controller_dag']) retrieved from /home/edinaldo/Documents/previsao_remuneracao/previsao_remuneracao/venv/lib/python3.10/site-packages/airflow/example_dags/example_trigger_controller_dag.py
[2023-04-05 21:39:13,008] {logging_mixin.py:115} INFO - [2023-04-05 21:39:13,007] {dag.py:2379} INFO - Sync 1 DAGs
[2023-04-05 21:39:13,043] {logging_mixin.py:115} INFO - [2023-04-05 21:39:13,043] {dag.py:2927} INFO - Setting next_dagrun for example_trigger_controller_dag to 2021-01-01T00:00:00+00:00, run_after=2021-01-01T00:00:00+00:00
[2023-04-05 21:39:13,287] {processor.py:161} INFO - Processing /home/edinaldo/Documents/previsao_remuneracao/previsao_remuneracao/venv/lib/python3.10/site-packages/airflow/example_dags/example_trigger_controller_dag.py took 0.434 seconds
[2023-04-05 21:40:18,547] {processor.py:153} INFO - Started process (PID=57608) to work on /home/edinaldo/Documents/previsao_remuneracao/previsao_remuneracao/venv/lib/python3.10/site-packages/airflow/example_dags/example_trigger_controller_dag.py
[2023-04-05 21:40:18,560] {processor.py:641} INFO - Processing file /home/edinaldo/Documents/previsao_remuneracao/previsao_remuneracao/venv/lib/python3.10/site-packages/airflow/example_dags/example_trigger_controller_dag.py for tasks to queue
[2023-04-05 21:40:18,563] {logging_mixin.py:115} INFO - [2023-04-05 21:40:18,562] {dagbag.py:507} INFO - Filling up the DagBag from /home/edinaldo/Documents/previsao_remuneracao/previsao_remuneracao/venv/lib/python3.10/site-packages/airflow/example_dags/example_trigger_controller_dag.py
[2023-04-05 21:40:18,580] {processor.py:651} INFO - DAG(s) dict_keys(['example_trigger_controller_dag']) retrieved from /home/edinaldo/Documents/previsao_remuneracao/previsao_remuneracao/venv/lib/python3.10/site-packages/airflow/example_dags/example_trigger_controller_dag.py
[2023-04-05 21:40:18,622] {logging_mixin.py:115} INFO - [2023-04-05 21:40:18,622] {dag.py:2379} INFO - Sync 1 DAGs
[2023-04-05 21:40:18,646] {logging_mixin.py:115} INFO - [2023-04-05 21:40:18,646] {dag.py:2927} INFO - Setting next_dagrun for example_trigger_controller_dag to 2021-01-01T00:00:00+00:00, run_after=2021-01-01T00:00:00+00:00
[2023-04-05 21:40:18,720] {processor.py:161} INFO - Processing /home/edinaldo/Documents/previsao_remuneracao/previsao_remuneracao/venv/lib/python3.10/site-packages/airflow/example_dags/example_trigger_controller_dag.py took 0.183 seconds
[2023-04-05 21:41:01,264] {processor.py:153} INFO - Started process (PID=57858) to work on /home/edinaldo/Documents/previsao_remuneracao/previsao_remuneracao/venv/lib/python3.10/site-packages/airflow/example_dags/example_trigger_controller_dag.py
[2023-04-05 21:41:01,266] {processor.py:641} INFO - Processing file /home/edinaldo/Documents/previsao_remuneracao/previsao_remuneracao/venv/lib/python3.10/site-packages/airflow/example_dags/example_trigger_controller_dag.py for tasks to queue
[2023-04-05 21:41:01,267] {logging_mixin.py:115} INFO - [2023-04-05 21:41:01,267] {dagbag.py:507} INFO - Filling up the DagBag from /home/edinaldo/Documents/previsao_remuneracao/previsao_remuneracao/venv/lib/python3.10/site-packages/airflow/example_dags/example_trigger_controller_dag.py
[2023-04-05 21:41:01,277] {processor.py:651} INFO - DAG(s) dict_keys(['example_trigger_controller_dag']) retrieved from /home/edinaldo/Documents/previsao_remuneracao/previsao_remuneracao/venv/lib/python3.10/site-packages/airflow/example_dags/example_trigger_controller_dag.py
[2023-04-05 21:41:01,300] {logging_mixin.py:115} INFO - [2023-04-05 21:41:01,300] {dag.py:2379} INFO - Sync 1 DAGs
[2023-04-05 21:41:01,319] {logging_mixin.py:115} INFO - [2023-04-05 21:41:01,319] {dag.py:2927} INFO - Setting next_dagrun for example_trigger_controller_dag to 2021-01-01T00:00:00+00:00, run_after=2021-01-01T00:00:00+00:00
[2023-04-05 21:41:01,404] {processor.py:161} INFO - Processing /home/edinaldo/Documents/previsao_remuneracao/previsao_remuneracao/venv/lib/python3.10/site-packages/airflow/example_dags/example_trigger_controller_dag.py took 0.150 seconds
[2023-04-05 21:41:41,714] {processor.py:153} INFO - Started process (PID=58079) to work on /home/edinaldo/Documents/previsao_remuneracao/previsao_remuneracao/venv/lib/python3.10/site-packages/airflow/example_dags/example_trigger_controller_dag.py
[2023-04-05 21:41:41,738] {processor.py:641} INFO - Processing file /home/edinaldo/Documents/previsao_remuneracao/previsao_remuneracao/venv/lib/python3.10/site-packages/airflow/example_dags/example_trigger_controller_dag.py for tasks to queue
[2023-04-05 21:41:41,739] {logging_mixin.py:115} INFO - [2023-04-05 21:41:41,739] {dagbag.py:507} INFO - Filling up the DagBag from /home/edinaldo/Documents/previsao_remuneracao/previsao_remuneracao/venv/lib/python3.10/site-packages/airflow/example_dags/example_trigger_controller_dag.py
[2023-04-05 21:41:41,762] {processor.py:651} INFO - DAG(s) dict_keys(['example_trigger_controller_dag']) retrieved from /home/edinaldo/Documents/previsao_remuneracao/previsao_remuneracao/venv/lib/python3.10/site-packages/airflow/example_dags/example_trigger_controller_dag.py
[2023-04-05 21:41:41,780] {logging_mixin.py:115} INFO - [2023-04-05 21:41:41,780] {dag.py:2379} INFO - Sync 1 DAGs
[2023-04-05 21:41:41,800] {logging_mixin.py:115} INFO - [2023-04-05 21:41:41,800] {dag.py:2927} INFO - Setting next_dagrun for example_trigger_controller_dag to 2021-01-01T00:00:00+00:00, run_after=2021-01-01T00:00:00+00:00
[2023-04-05 21:41:41,892] {processor.py:161} INFO - Processing /home/edinaldo/Documents/previsao_remuneracao/previsao_remuneracao/venv/lib/python3.10/site-packages/airflow/example_dags/example_trigger_controller_dag.py took 0.189 seconds
[2023-04-05 21:42:15,969] {processor.py:153} INFO - Started process (PID=58277) to work on /home/edinaldo/Documents/previsao_remuneracao/previsao_remuneracao/venv/lib/python3.10/site-packages/airflow/example_dags/example_trigger_controller_dag.py
[2023-04-05 21:42:15,971] {processor.py:641} INFO - Processing file /home/edinaldo/Documents/previsao_remuneracao/previsao_remuneracao/venv/lib/python3.10/site-packages/airflow/example_dags/example_trigger_controller_dag.py for tasks to queue
[2023-04-05 21:42:15,972] {logging_mixin.py:115} INFO - [2023-04-05 21:42:15,972] {dagbag.py:507} INFO - Filling up the DagBag from /home/edinaldo/Documents/previsao_remuneracao/previsao_remuneracao/venv/lib/python3.10/site-packages/airflow/example_dags/example_trigger_controller_dag.py
[2023-04-05 21:42:15,982] {processor.py:651} INFO - DAG(s) dict_keys(['example_trigger_controller_dag']) retrieved from /home/edinaldo/Documents/previsao_remuneracao/previsao_remuneracao/venv/lib/python3.10/site-packages/airflow/example_dags/example_trigger_controller_dag.py
[2023-04-05 21:42:16,002] {logging_mixin.py:115} INFO - [2023-04-05 21:42:16,002] {dag.py:2379} INFO - Sync 1 DAGs
[2023-04-05 21:42:16,022] {logging_mixin.py:115} INFO - [2023-04-05 21:42:16,021] {dag.py:2927} INFO - Setting next_dagrun for example_trigger_controller_dag to 2021-01-01T00:00:00+00:00, run_after=2021-01-01T00:00:00+00:00
[2023-04-05 21:42:16,105] {processor.py:161} INFO - Processing /home/edinaldo/Documents/previsao_remuneracao/previsao_remuneracao/venv/lib/python3.10/site-packages/airflow/example_dags/example_trigger_controller_dag.py took 0.146 seconds
