[2023-04-05 21:00:05,349] {processor.py:153} INFO - Started process (PID=52072) to work on /home/edinaldo/Documents/previsao_remuneracao/previsao_remuneracao/venv/lib/python3.10/site-packages/airflow/example_dags/example_sla_dag.py
[2023-04-05 21:00:05,350] {processor.py:641} INFO - Processing file /home/edinaldo/Documents/previsao_remuneracao/previsao_remuneracao/venv/lib/python3.10/site-packages/airflow/example_dags/example_sla_dag.py for tasks to queue
[2023-04-05 21:00:05,350] {logging_mixin.py:115} INFO - [2023-04-05 21:00:05,350] {dagbag.py:507} INFO - Filling up the DagBag from /home/edinaldo/Documents/previsao_remuneracao/previsao_remuneracao/venv/lib/python3.10/site-packages/airflow/example_dags/example_sla_dag.py
[2023-04-05 21:00:05,379] {processor.py:651} INFO - DAG(s) dict_keys(['example_sla_dag']) retrieved from /home/edinaldo/Documents/previsao_remuneracao/previsao_remuneracao/venv/lib/python3.10/site-packages/airflow/example_dags/example_sla_dag.py
[2023-04-05 21:00:05,542] {logging_mixin.py:115} INFO - [2023-04-05 21:00:05,542] {dag.py:2379} INFO - Sync 1 DAGs
[2023-04-05 21:00:05,569] {logging_mixin.py:115} INFO - [2023-04-05 21:00:05,569] {dag.py:2927} INFO - Setting next_dagrun for example_sla_dag to 2023-04-05T23:58:00+00:00, run_after=2023-04-06T00:00:00+00:00
[2023-04-05 21:00:05,678] {processor.py:161} INFO - Processing /home/edinaldo/Documents/previsao_remuneracao/previsao_remuneracao/venv/lib/python3.10/site-packages/airflow/example_dags/example_sla_dag.py took 0.332 seconds
[2023-04-05 21:00:47,759] {processor.py:153} INFO - Started process (PID=52179) to work on /home/edinaldo/Documents/previsao_remuneracao/previsao_remuneracao/venv/lib/python3.10/site-packages/airflow/example_dags/example_sla_dag.py
[2023-04-05 21:00:47,760] {processor.py:641} INFO - Processing file /home/edinaldo/Documents/previsao_remuneracao/previsao_remuneracao/venv/lib/python3.10/site-packages/airflow/example_dags/example_sla_dag.py for tasks to queue
[2023-04-05 21:00:47,762] {logging_mixin.py:115} INFO - [2023-04-05 21:00:47,762] {dagbag.py:507} INFO - Filling up the DagBag from /home/edinaldo/Documents/previsao_remuneracao/previsao_remuneracao/venv/lib/python3.10/site-packages/airflow/example_dags/example_sla_dag.py
[2023-04-05 21:00:47,794] {processor.py:651} INFO - DAG(s) dict_keys(['example_sla_dag']) retrieved from /home/edinaldo/Documents/previsao_remuneracao/previsao_remuneracao/venv/lib/python3.10/site-packages/airflow/example_dags/example_sla_dag.py
[2023-04-05 21:00:47,812] {logging_mixin.py:115} INFO - [2023-04-05 21:00:47,812] {dag.py:2379} INFO - Sync 1 DAGs
[2023-04-05 21:00:47,839] {logging_mixin.py:115} INFO - [2023-04-05 21:00:47,839] {dag.py:2927} INFO - Setting next_dagrun for example_sla_dag to 2023-04-05T23:58:00+00:00, run_after=2023-04-06T00:00:00+00:00
[2023-04-05 21:00:47,933] {processor.py:161} INFO - Processing /home/edinaldo/Documents/previsao_remuneracao/previsao_remuneracao/venv/lib/python3.10/site-packages/airflow/example_dags/example_sla_dag.py took 0.184 seconds
[2023-04-05 21:01:26,569] {processor.py:153} INFO - Started process (PID=52213) to work on /home/edinaldo/Documents/previsao_remuneracao/previsao_remuneracao/venv/lib/python3.10/site-packages/airflow/example_dags/example_sla_dag.py
[2023-04-05 21:01:26,571] {processor.py:641} INFO - Processing file /home/edinaldo/Documents/previsao_remuneracao/previsao_remuneracao/venv/lib/python3.10/site-packages/airflow/example_dags/example_sla_dag.py for tasks to queue
[2023-04-05 21:01:26,571] {logging_mixin.py:115} INFO - [2023-04-05 21:01:26,571] {dagbag.py:507} INFO - Filling up the DagBag from /home/edinaldo/Documents/previsao_remuneracao/previsao_remuneracao/venv/lib/python3.10/site-packages/airflow/example_dags/example_sla_dag.py
[2023-04-05 21:01:26,595] {processor.py:651} INFO - DAG(s) dict_keys(['example_sla_dag']) retrieved from /home/edinaldo/Documents/previsao_remuneracao/previsao_remuneracao/venv/lib/python3.10/site-packages/airflow/example_dags/example_sla_dag.py
[2023-04-05 21:01:26,611] {logging_mixin.py:115} INFO - [2023-04-05 21:01:26,611] {dag.py:2379} INFO - Sync 1 DAGs
[2023-04-05 21:01:26,634] {logging_mixin.py:115} INFO - [2023-04-05 21:01:26,634] {dag.py:2927} INFO - Setting next_dagrun for example_sla_dag to 2023-04-05T23:58:00+00:00, run_after=2023-04-06T00:00:00+00:00
[2023-04-05 21:01:26,749] {processor.py:161} INFO - Processing /home/edinaldo/Documents/previsao_remuneracao/previsao_remuneracao/venv/lib/python3.10/site-packages/airflow/example_dags/example_sla_dag.py took 0.183 seconds
[2023-04-05 21:02:07,737] {processor.py:153} INFO - Started process (PID=52324) to work on /home/edinaldo/Documents/previsao_remuneracao/previsao_remuneracao/venv/lib/python3.10/site-packages/airflow/example_dags/example_sla_dag.py
[2023-04-05 21:02:07,752] {processor.py:641} INFO - Processing file /home/edinaldo/Documents/previsao_remuneracao/previsao_remuneracao/venv/lib/python3.10/site-packages/airflow/example_dags/example_sla_dag.py for tasks to queue
[2023-04-05 21:02:07,753] {logging_mixin.py:115} INFO - [2023-04-05 21:02:07,753] {dagbag.py:507} INFO - Filling up the DagBag from /home/edinaldo/Documents/previsao_remuneracao/previsao_remuneracao/venv/lib/python3.10/site-packages/airflow/example_dags/example_sla_dag.py
[2023-04-05 21:02:07,775] {processor.py:651} INFO - DAG(s) dict_keys(['example_sla_dag']) retrieved from /home/edinaldo/Documents/previsao_remuneracao/previsao_remuneracao/venv/lib/python3.10/site-packages/airflow/example_dags/example_sla_dag.py
[2023-04-05 21:02:07,792] {logging_mixin.py:115} INFO - [2023-04-05 21:02:07,792] {dag.py:2379} INFO - Sync 1 DAGs
[2023-04-05 21:02:07,821] {logging_mixin.py:115} INFO - [2023-04-05 21:02:07,821] {dag.py:2927} INFO - Setting next_dagrun for example_sla_dag to 2023-04-06T00:00:00+00:00, run_after=2023-04-06T00:02:00+00:00
[2023-04-05 21:02:07,922] {processor.py:161} INFO - Processing /home/edinaldo/Documents/previsao_remuneracao/previsao_remuneracao/venv/lib/python3.10/site-packages/airflow/example_dags/example_sla_dag.py took 0.191 seconds
[2023-04-05 21:02:47,752] {processor.py:153} INFO - Started process (PID=52429) to work on /home/edinaldo/Documents/previsao_remuneracao/previsao_remuneracao/venv/lib/python3.10/site-packages/airflow/example_dags/example_sla_dag.py
[2023-04-05 21:02:47,804] {processor.py:641} INFO - Processing file /home/edinaldo/Documents/previsao_remuneracao/previsao_remuneracao/venv/lib/python3.10/site-packages/airflow/example_dags/example_sla_dag.py for tasks to queue
[2023-04-05 21:02:47,805] {logging_mixin.py:115} INFO - [2023-04-05 21:02:47,805] {dagbag.py:507} INFO - Filling up the DagBag from /home/edinaldo/Documents/previsao_remuneracao/previsao_remuneracao/venv/lib/python3.10/site-packages/airflow/example_dags/example_sla_dag.py
[2023-04-05 21:02:47,880] {processor.py:651} INFO - DAG(s) dict_keys(['example_sla_dag']) retrieved from /home/edinaldo/Documents/previsao_remuneracao/previsao_remuneracao/venv/lib/python3.10/site-packages/airflow/example_dags/example_sla_dag.py
[2023-04-05 21:02:47,905] {logging_mixin.py:115} INFO - [2023-04-05 21:02:47,905] {dag.py:2379} INFO - Sync 1 DAGs
[2023-04-05 21:02:47,933] {logging_mixin.py:115} INFO - [2023-04-05 21:02:47,933] {dag.py:2927} INFO - Setting next_dagrun for example_sla_dag to 2023-04-06T00:00:00+00:00, run_after=2023-04-06T00:02:00+00:00
[2023-04-05 21:02:48,039] {processor.py:161} INFO - Processing /home/edinaldo/Documents/previsao_remuneracao/previsao_remuneracao/venv/lib/python3.10/site-packages/airflow/example_dags/example_sla_dag.py took 0.300 seconds
[2023-04-05 21:03:25,593] {processor.py:153} INFO - Started process (PID=52464) to work on /home/edinaldo/Documents/previsao_remuneracao/previsao_remuneracao/venv/lib/python3.10/site-packages/airflow/example_dags/example_sla_dag.py
[2023-04-05 21:03:25,607] {processor.py:641} INFO - Processing file /home/edinaldo/Documents/previsao_remuneracao/previsao_remuneracao/venv/lib/python3.10/site-packages/airflow/example_dags/example_sla_dag.py for tasks to queue
[2023-04-05 21:03:25,608] {logging_mixin.py:115} INFO - [2023-04-05 21:03:25,608] {dagbag.py:507} INFO - Filling up the DagBag from /home/edinaldo/Documents/previsao_remuneracao/previsao_remuneracao/venv/lib/python3.10/site-packages/airflow/example_dags/example_sla_dag.py
[2023-04-05 21:03:25,636] {processor.py:651} INFO - DAG(s) dict_keys(['example_sla_dag']) retrieved from /home/edinaldo/Documents/previsao_remuneracao/previsao_remuneracao/venv/lib/python3.10/site-packages/airflow/example_dags/example_sla_dag.py
[2023-04-05 21:03:25,652] {logging_mixin.py:115} INFO - [2023-04-05 21:03:25,652] {dag.py:2379} INFO - Sync 1 DAGs
[2023-04-05 21:03:25,674] {logging_mixin.py:115} INFO - [2023-04-05 21:03:25,674] {dag.py:2927} INFO - Setting next_dagrun for example_sla_dag to 2023-04-06T00:00:00+00:00, run_after=2023-04-06T00:02:00+00:00
[2023-04-05 21:03:25,775] {processor.py:161} INFO - Processing /home/edinaldo/Documents/previsao_remuneracao/previsao_remuneracao/venv/lib/python3.10/site-packages/airflow/example_dags/example_sla_dag.py took 0.186 seconds
[2023-04-05 21:04:09,977] {processor.py:153} INFO - Started process (PID=52524) to work on /home/edinaldo/Documents/previsao_remuneracao/previsao_remuneracao/venv/lib/python3.10/site-packages/airflow/example_dags/example_sla_dag.py
[2023-04-05 21:04:09,978] {processor.py:641} INFO - Processing file /home/edinaldo/Documents/previsao_remuneracao/previsao_remuneracao/venv/lib/python3.10/site-packages/airflow/example_dags/example_sla_dag.py for tasks to queue
[2023-04-05 21:04:09,979] {logging_mixin.py:115} INFO - [2023-04-05 21:04:09,979] {dagbag.py:507} INFO - Filling up the DagBag from /home/edinaldo/Documents/previsao_remuneracao/previsao_remuneracao/venv/lib/python3.10/site-packages/airflow/example_dags/example_sla_dag.py
[2023-04-05 21:04:10,006] {processor.py:651} INFO - DAG(s) dict_keys(['example_sla_dag']) retrieved from /home/edinaldo/Documents/previsao_remuneracao/previsao_remuneracao/venv/lib/python3.10/site-packages/airflow/example_dags/example_sla_dag.py
[2023-04-05 21:04:10,022] {logging_mixin.py:115} INFO - [2023-04-05 21:04:10,022] {dag.py:2379} INFO - Sync 1 DAGs
[2023-04-05 21:04:10,045] {logging_mixin.py:115} INFO - [2023-04-05 21:04:10,045] {dag.py:2927} INFO - Setting next_dagrun for example_sla_dag to 2023-04-06T00:02:00+00:00, run_after=2023-04-06T00:04:00+00:00
[2023-04-05 21:04:10,209] {processor.py:161} INFO - Processing /home/edinaldo/Documents/previsao_remuneracao/previsao_remuneracao/venv/lib/python3.10/site-packages/airflow/example_dags/example_sla_dag.py took 0.236 seconds
[2023-04-05 21:04:54,498] {processor.py:153} INFO - Started process (PID=52585) to work on /home/edinaldo/Documents/previsao_remuneracao/previsao_remuneracao/venv/lib/python3.10/site-packages/airflow/example_dags/example_sla_dag.py
[2023-04-05 21:04:54,514] {processor.py:641} INFO - Processing file /home/edinaldo/Documents/previsao_remuneracao/previsao_remuneracao/venv/lib/python3.10/site-packages/airflow/example_dags/example_sla_dag.py for tasks to queue
[2023-04-05 21:04:54,515] {logging_mixin.py:115} INFO - [2023-04-05 21:04:54,515] {dagbag.py:507} INFO - Filling up the DagBag from /home/edinaldo/Documents/previsao_remuneracao/previsao_remuneracao/venv/lib/python3.10/site-packages/airflow/example_dags/example_sla_dag.py
[2023-04-05 21:04:54,540] {processor.py:651} INFO - DAG(s) dict_keys(['example_sla_dag']) retrieved from /home/edinaldo/Documents/previsao_remuneracao/previsao_remuneracao/venv/lib/python3.10/site-packages/airflow/example_dags/example_sla_dag.py
[2023-04-05 21:04:54,558] {logging_mixin.py:115} INFO - [2023-04-05 21:04:54,558] {dag.py:2379} INFO - Sync 1 DAGs
[2023-04-05 21:04:54,583] {logging_mixin.py:115} INFO - [2023-04-05 21:04:54,582] {dag.py:2927} INFO - Setting next_dagrun for example_sla_dag to 2023-04-06T00:02:00+00:00, run_after=2023-04-06T00:04:00+00:00
[2023-04-05 21:04:54,665] {processor.py:161} INFO - Processing /home/edinaldo/Documents/previsao_remuneracao/previsao_remuneracao/venv/lib/python3.10/site-packages/airflow/example_dags/example_sla_dag.py took 0.174 seconds
[2023-04-05 21:05:32,861] {processor.py:153} INFO - Started process (PID=52653) to work on /home/edinaldo/Documents/previsao_remuneracao/previsao_remuneracao/venv/lib/python3.10/site-packages/airflow/example_dags/example_sla_dag.py
[2023-04-05 21:05:32,872] {processor.py:641} INFO - Processing file /home/edinaldo/Documents/previsao_remuneracao/previsao_remuneracao/venv/lib/python3.10/site-packages/airflow/example_dags/example_sla_dag.py for tasks to queue
[2023-04-05 21:05:32,874] {logging_mixin.py:115} INFO - [2023-04-05 21:05:32,873] {dagbag.py:507} INFO - Filling up the DagBag from /home/edinaldo/Documents/previsao_remuneracao/previsao_remuneracao/venv/lib/python3.10/site-packages/airflow/example_dags/example_sla_dag.py
[2023-04-05 21:05:32,936] {processor.py:651} INFO - DAG(s) dict_keys(['example_sla_dag']) retrieved from /home/edinaldo/Documents/previsao_remuneracao/previsao_remuneracao/venv/lib/python3.10/site-packages/airflow/example_dags/example_sla_dag.py
[2023-04-05 21:05:32,952] {logging_mixin.py:115} INFO - [2023-04-05 21:05:32,952] {dag.py:2379} INFO - Sync 1 DAGs
[2023-04-05 21:05:32,975] {logging_mixin.py:115} INFO - [2023-04-05 21:05:32,975] {dag.py:2927} INFO - Setting next_dagrun for example_sla_dag to 2023-04-06T00:02:00+00:00, run_after=2023-04-06T00:04:00+00:00
[2023-04-05 21:05:33,061] {processor.py:161} INFO - Processing /home/edinaldo/Documents/previsao_remuneracao/previsao_remuneracao/venv/lib/python3.10/site-packages/airflow/example_dags/example_sla_dag.py took 0.210 seconds
[2023-04-05 21:06:16,827] {processor.py:153} INFO - Started process (PID=52704) to work on /home/edinaldo/Documents/previsao_remuneracao/previsao_remuneracao/venv/lib/python3.10/site-packages/airflow/example_dags/example_sla_dag.py
[2023-04-05 21:06:16,836] {processor.py:641} INFO - Processing file /home/edinaldo/Documents/previsao_remuneracao/previsao_remuneracao/venv/lib/python3.10/site-packages/airflow/example_dags/example_sla_dag.py for tasks to queue
[2023-04-05 21:06:16,836] {logging_mixin.py:115} INFO - [2023-04-05 21:06:16,836] {dagbag.py:507} INFO - Filling up the DagBag from /home/edinaldo/Documents/previsao_remuneracao/previsao_remuneracao/venv/lib/python3.10/site-packages/airflow/example_dags/example_sla_dag.py
[2023-04-05 21:06:16,857] {processor.py:651} INFO - DAG(s) dict_keys(['example_sla_dag']) retrieved from /home/edinaldo/Documents/previsao_remuneracao/previsao_remuneracao/venv/lib/python3.10/site-packages/airflow/example_dags/example_sla_dag.py
[2023-04-05 21:06:16,873] {logging_mixin.py:115} INFO - [2023-04-05 21:06:16,873] {dag.py:2379} INFO - Sync 1 DAGs
[2023-04-05 21:06:16,896] {logging_mixin.py:115} INFO - [2023-04-05 21:06:16,896] {dag.py:2927} INFO - Setting next_dagrun for example_sla_dag to 2023-04-06T00:04:00+00:00, run_after=2023-04-06T00:06:00+00:00
[2023-04-05 21:06:17,016] {processor.py:161} INFO - Processing /home/edinaldo/Documents/previsao_remuneracao/previsao_remuneracao/venv/lib/python3.10/site-packages/airflow/example_dags/example_sla_dag.py took 0.193 seconds
[2023-04-05 21:06:54,089] {processor.py:153} INFO - Started process (PID=52764) to work on /home/edinaldo/Documents/previsao_remuneracao/previsao_remuneracao/venv/lib/python3.10/site-packages/airflow/example_dags/example_sla_dag.py
[2023-04-05 21:06:54,090] {processor.py:641} INFO - Processing file /home/edinaldo/Documents/previsao_remuneracao/previsao_remuneracao/venv/lib/python3.10/site-packages/airflow/example_dags/example_sla_dag.py for tasks to queue
[2023-04-05 21:06:54,091] {logging_mixin.py:115} INFO - [2023-04-05 21:06:54,090] {dagbag.py:507} INFO - Filling up the DagBag from /home/edinaldo/Documents/previsao_remuneracao/previsao_remuneracao/venv/lib/python3.10/site-packages/airflow/example_dags/example_sla_dag.py
[2023-04-05 21:06:54,112] {processor.py:651} INFO - DAG(s) dict_keys(['example_sla_dag']) retrieved from /home/edinaldo/Documents/previsao_remuneracao/previsao_remuneracao/venv/lib/python3.10/site-packages/airflow/example_dags/example_sla_dag.py
[2023-04-05 21:06:54,128] {logging_mixin.py:115} INFO - [2023-04-05 21:06:54,128] {dag.py:2379} INFO - Sync 1 DAGs
[2023-04-05 21:06:54,151] {logging_mixin.py:115} INFO - [2023-04-05 21:06:54,151] {dag.py:2927} INFO - Setting next_dagrun for example_sla_dag to 2023-04-06T00:04:00+00:00, run_after=2023-04-06T00:06:00+00:00
[2023-04-05 21:06:54,248] {processor.py:161} INFO - Processing /home/edinaldo/Documents/previsao_remuneracao/previsao_remuneracao/venv/lib/python3.10/site-packages/airflow/example_dags/example_sla_dag.py took 0.162 seconds
[2023-04-05 21:07:30,888] {processor.py:153} INFO - Started process (PID=52800) to work on /home/edinaldo/Documents/previsao_remuneracao/previsao_remuneracao/venv/lib/python3.10/site-packages/airflow/example_dags/example_sla_dag.py
[2023-04-05 21:07:30,890] {processor.py:641} INFO - Processing file /home/edinaldo/Documents/previsao_remuneracao/previsao_remuneracao/venv/lib/python3.10/site-packages/airflow/example_dags/example_sla_dag.py for tasks to queue
[2023-04-05 21:07:30,892] {logging_mixin.py:115} INFO - [2023-04-05 21:07:30,891] {dagbag.py:507} INFO - Filling up the DagBag from /home/edinaldo/Documents/previsao_remuneracao/previsao_remuneracao/venv/lib/python3.10/site-packages/airflow/example_dags/example_sla_dag.py
[2023-04-05 21:07:30,923] {processor.py:651} INFO - DAG(s) dict_keys(['example_sla_dag']) retrieved from /home/edinaldo/Documents/previsao_remuneracao/previsao_remuneracao/venv/lib/python3.10/site-packages/airflow/example_dags/example_sla_dag.py
[2023-04-05 21:07:30,942] {logging_mixin.py:115} INFO - [2023-04-05 21:07:30,942] {dag.py:2379} INFO - Sync 1 DAGs
[2023-04-05 21:07:30,965] {logging_mixin.py:115} INFO - [2023-04-05 21:07:30,965] {dag.py:2927} INFO - Setting next_dagrun for example_sla_dag to 2023-04-06T00:04:00+00:00, run_after=2023-04-06T00:06:00+00:00
[2023-04-05 21:07:31,064] {processor.py:161} INFO - Processing /home/edinaldo/Documents/previsao_remuneracao/previsao_remuneracao/venv/lib/python3.10/site-packages/airflow/example_dags/example_sla_dag.py took 0.186 seconds
[2023-04-05 21:08:14,492] {processor.py:153} INFO - Started process (PID=52842) to work on /home/edinaldo/Documents/previsao_remuneracao/previsao_remuneracao/venv/lib/python3.10/site-packages/airflow/example_dags/example_sla_dag.py
[2023-04-05 21:08:14,512] {processor.py:641} INFO - Processing file /home/edinaldo/Documents/previsao_remuneracao/previsao_remuneracao/venv/lib/python3.10/site-packages/airflow/example_dags/example_sla_dag.py for tasks to queue
[2023-04-05 21:08:14,513] {logging_mixin.py:115} INFO - [2023-04-05 21:08:14,513] {dagbag.py:507} INFO - Filling up the DagBag from /home/edinaldo/Documents/previsao_remuneracao/previsao_remuneracao/venv/lib/python3.10/site-packages/airflow/example_dags/example_sla_dag.py
[2023-04-05 21:08:14,549] {processor.py:651} INFO - DAG(s) dict_keys(['example_sla_dag']) retrieved from /home/edinaldo/Documents/previsao_remuneracao/previsao_remuneracao/venv/lib/python3.10/site-packages/airflow/example_dags/example_sla_dag.py
[2023-04-05 21:08:14,565] {logging_mixin.py:115} INFO - [2023-04-05 21:08:14,565] {dag.py:2379} INFO - Sync 1 DAGs
[2023-04-05 21:08:14,588] {logging_mixin.py:115} INFO - [2023-04-05 21:08:14,588] {dag.py:2927} INFO - Setting next_dagrun for example_sla_dag to 2023-04-06T00:06:00+00:00, run_after=2023-04-06T00:08:00+00:00
[2023-04-05 21:08:14,689] {processor.py:161} INFO - Processing /home/edinaldo/Documents/previsao_remuneracao/previsao_remuneracao/venv/lib/python3.10/site-packages/airflow/example_dags/example_sla_dag.py took 0.208 seconds
[2023-04-05 21:08:53,127] {processor.py:153} INFO - Started process (PID=52878) to work on /home/edinaldo/Documents/previsao_remuneracao/previsao_remuneracao/venv/lib/python3.10/site-packages/airflow/example_dags/example_sla_dag.py
[2023-04-05 21:08:53,128] {processor.py:641} INFO - Processing file /home/edinaldo/Documents/previsao_remuneracao/previsao_remuneracao/venv/lib/python3.10/site-packages/airflow/example_dags/example_sla_dag.py for tasks to queue
[2023-04-05 21:08:53,129] {logging_mixin.py:115} INFO - [2023-04-05 21:08:53,129] {dagbag.py:507} INFO - Filling up the DagBag from /home/edinaldo/Documents/previsao_remuneracao/previsao_remuneracao/venv/lib/python3.10/site-packages/airflow/example_dags/example_sla_dag.py
[2023-04-05 21:08:53,151] {processor.py:651} INFO - DAG(s) dict_keys(['example_sla_dag']) retrieved from /home/edinaldo/Documents/previsao_remuneracao/previsao_remuneracao/venv/lib/python3.10/site-packages/airflow/example_dags/example_sla_dag.py
[2023-04-05 21:08:53,167] {logging_mixin.py:115} INFO - [2023-04-05 21:08:53,167] {dag.py:2379} INFO - Sync 1 DAGs
[2023-04-05 21:08:53,192] {logging_mixin.py:115} INFO - [2023-04-05 21:08:53,191] {dag.py:2927} INFO - Setting next_dagrun for example_sla_dag to 2023-04-06T00:06:00+00:00, run_after=2023-04-06T00:08:00+00:00
[2023-04-05 21:08:53,402] {processor.py:161} INFO - Processing /home/edinaldo/Documents/previsao_remuneracao/previsao_remuneracao/venv/lib/python3.10/site-packages/airflow/example_dags/example_sla_dag.py took 0.278 seconds
[2023-04-05 21:09:30,340] {processor.py:153} INFO - Started process (PID=52910) to work on /home/edinaldo/Documents/previsao_remuneracao/previsao_remuneracao/venv/lib/python3.10/site-packages/airflow/example_dags/example_sla_dag.py
[2023-04-05 21:09:30,342] {processor.py:641} INFO - Processing file /home/edinaldo/Documents/previsao_remuneracao/previsao_remuneracao/venv/lib/python3.10/site-packages/airflow/example_dags/example_sla_dag.py for tasks to queue
[2023-04-05 21:09:30,344] {logging_mixin.py:115} INFO - [2023-04-05 21:09:30,343] {dagbag.py:507} INFO - Filling up the DagBag from /home/edinaldo/Documents/previsao_remuneracao/previsao_remuneracao/venv/lib/python3.10/site-packages/airflow/example_dags/example_sla_dag.py
[2023-04-05 21:09:30,374] {processor.py:651} INFO - DAG(s) dict_keys(['example_sla_dag']) retrieved from /home/edinaldo/Documents/previsao_remuneracao/previsao_remuneracao/venv/lib/python3.10/site-packages/airflow/example_dags/example_sla_dag.py
[2023-04-05 21:09:30,391] {logging_mixin.py:115} INFO - [2023-04-05 21:09:30,391] {dag.py:2379} INFO - Sync 1 DAGs
[2023-04-05 21:09:30,415] {logging_mixin.py:115} INFO - [2023-04-05 21:09:30,415] {dag.py:2927} INFO - Setting next_dagrun for example_sla_dag to 2023-04-06T00:06:00+00:00, run_after=2023-04-06T00:08:00+00:00
[2023-04-05 21:09:30,511] {processor.py:161} INFO - Processing /home/edinaldo/Documents/previsao_remuneracao/previsao_remuneracao/venv/lib/python3.10/site-packages/airflow/example_dags/example_sla_dag.py took 0.180 seconds
[2023-04-05 21:10:11,906] {processor.py:153} INFO - Started process (PID=52951) to work on /home/edinaldo/Documents/previsao_remuneracao/previsao_remuneracao/venv/lib/python3.10/site-packages/airflow/example_dags/example_sla_dag.py
[2023-04-05 21:10:11,907] {processor.py:641} INFO - Processing file /home/edinaldo/Documents/previsao_remuneracao/previsao_remuneracao/venv/lib/python3.10/site-packages/airflow/example_dags/example_sla_dag.py for tasks to queue
[2023-04-05 21:10:11,907] {logging_mixin.py:115} INFO - [2023-04-05 21:10:11,907] {dagbag.py:507} INFO - Filling up the DagBag from /home/edinaldo/Documents/previsao_remuneracao/previsao_remuneracao/venv/lib/python3.10/site-packages/airflow/example_dags/example_sla_dag.py
[2023-04-05 21:10:11,928] {processor.py:651} INFO - DAG(s) dict_keys(['example_sla_dag']) retrieved from /home/edinaldo/Documents/previsao_remuneracao/previsao_remuneracao/venv/lib/python3.10/site-packages/airflow/example_dags/example_sla_dag.py
[2023-04-05 21:10:11,944] {logging_mixin.py:115} INFO - [2023-04-05 21:10:11,944] {dag.py:2379} INFO - Sync 1 DAGs
[2023-04-05 21:10:11,968] {logging_mixin.py:115} INFO - [2023-04-05 21:10:11,967] {dag.py:2927} INFO - Setting next_dagrun for example_sla_dag to 2023-04-06T00:08:00+00:00, run_after=2023-04-06T00:10:00+00:00
[2023-04-05 21:10:12,066] {processor.py:161} INFO - Processing /home/edinaldo/Documents/previsao_remuneracao/previsao_remuneracao/venv/lib/python3.10/site-packages/airflow/example_dags/example_sla_dag.py took 0.164 seconds
[2023-04-05 21:10:54,493] {processor.py:153} INFO - Started process (PID=53110) to work on /home/edinaldo/Documents/previsao_remuneracao/previsao_remuneracao/venv/lib/python3.10/site-packages/airflow/example_dags/example_sla_dag.py
[2023-04-05 21:10:54,527] {processor.py:641} INFO - Processing file /home/edinaldo/Documents/previsao_remuneracao/previsao_remuneracao/venv/lib/python3.10/site-packages/airflow/example_dags/example_sla_dag.py for tasks to queue
[2023-04-05 21:10:54,528] {logging_mixin.py:115} INFO - [2023-04-05 21:10:54,528] {dagbag.py:507} INFO - Filling up the DagBag from /home/edinaldo/Documents/previsao_remuneracao/previsao_remuneracao/venv/lib/python3.10/site-packages/airflow/example_dags/example_sla_dag.py
[2023-04-05 21:10:54,554] {processor.py:651} INFO - DAG(s) dict_keys(['example_sla_dag']) retrieved from /home/edinaldo/Documents/previsao_remuneracao/previsao_remuneracao/venv/lib/python3.10/site-packages/airflow/example_dags/example_sla_dag.py
[2023-04-05 21:10:54,819] {logging_mixin.py:115} INFO - [2023-04-05 21:10:54,819] {dag.py:2379} INFO - Sync 1 DAGs
[2023-04-05 21:10:54,845] {logging_mixin.py:115} INFO - [2023-04-05 21:10:54,845] {dag.py:2927} INFO - Setting next_dagrun for example_sla_dag to 2023-04-06T00:08:00+00:00, run_after=2023-04-06T00:10:00+00:00
[2023-04-05 21:10:55,237] {processor.py:161} INFO - Processing /home/edinaldo/Documents/previsao_remuneracao/previsao_remuneracao/venv/lib/python3.10/site-packages/airflow/example_dags/example_sla_dag.py took 0.748 seconds
[2023-04-05 21:11:34,540] {processor.py:153} INFO - Started process (PID=53174) to work on /home/edinaldo/Documents/previsao_remuneracao/previsao_remuneracao/venv/lib/python3.10/site-packages/airflow/example_dags/example_sla_dag.py
[2023-04-05 21:11:34,550] {processor.py:641} INFO - Processing file /home/edinaldo/Documents/previsao_remuneracao/previsao_remuneracao/venv/lib/python3.10/site-packages/airflow/example_dags/example_sla_dag.py for tasks to queue
[2023-04-05 21:11:34,552] {logging_mixin.py:115} INFO - [2023-04-05 21:11:34,551] {dagbag.py:507} INFO - Filling up the DagBag from /home/edinaldo/Documents/previsao_remuneracao/previsao_remuneracao/venv/lib/python3.10/site-packages/airflow/example_dags/example_sla_dag.py
[2023-04-05 21:11:34,594] {processor.py:651} INFO - DAG(s) dict_keys(['example_sla_dag']) retrieved from /home/edinaldo/Documents/previsao_remuneracao/previsao_remuneracao/venv/lib/python3.10/site-packages/airflow/example_dags/example_sla_dag.py
[2023-04-05 21:11:34,619] {logging_mixin.py:115} INFO - [2023-04-05 21:11:34,619] {dag.py:2379} INFO - Sync 1 DAGs
[2023-04-05 21:11:34,653] {logging_mixin.py:115} INFO - [2023-04-05 21:11:34,653] {dag.py:2927} INFO - Setting next_dagrun for example_sla_dag to 2023-04-06T00:08:00+00:00, run_after=2023-04-06T00:10:00+00:00
[2023-04-05 21:11:34,818] {processor.py:161} INFO - Processing /home/edinaldo/Documents/previsao_remuneracao/previsao_remuneracao/venv/lib/python3.10/site-packages/airflow/example_dags/example_sla_dag.py took 0.288 seconds
[2023-04-05 21:12:10,884] {processor.py:153} INFO - Started process (PID=53219) to work on /home/edinaldo/Documents/previsao_remuneracao/previsao_remuneracao/venv/lib/python3.10/site-packages/airflow/example_dags/example_sla_dag.py
[2023-04-05 21:12:10,893] {processor.py:641} INFO - Processing file /home/edinaldo/Documents/previsao_remuneracao/previsao_remuneracao/venv/lib/python3.10/site-packages/airflow/example_dags/example_sla_dag.py for tasks to queue
[2023-04-05 21:12:10,894] {logging_mixin.py:115} INFO - [2023-04-05 21:12:10,894] {dagbag.py:507} INFO - Filling up the DagBag from /home/edinaldo/Documents/previsao_remuneracao/previsao_remuneracao/venv/lib/python3.10/site-packages/airflow/example_dags/example_sla_dag.py
[2023-04-05 21:12:10,935] {processor.py:651} INFO - DAG(s) dict_keys(['example_sla_dag']) retrieved from /home/edinaldo/Documents/previsao_remuneracao/previsao_remuneracao/venv/lib/python3.10/site-packages/airflow/example_dags/example_sla_dag.py
[2023-04-05 21:12:10,953] {logging_mixin.py:115} INFO - [2023-04-05 21:12:10,952] {dag.py:2379} INFO - Sync 1 DAGs
[2023-04-05 21:12:10,977] {logging_mixin.py:115} INFO - [2023-04-05 21:12:10,976] {dag.py:2927} INFO - Setting next_dagrun for example_sla_dag to 2023-04-06T00:10:00+00:00, run_after=2023-04-06T00:12:00+00:00
[2023-04-05 21:12:11,097] {processor.py:161} INFO - Processing /home/edinaldo/Documents/previsao_remuneracao/previsao_remuneracao/venv/lib/python3.10/site-packages/airflow/example_dags/example_sla_dag.py took 0.223 seconds
[2023-04-05 21:12:54,349] {processor.py:153} INFO - Started process (PID=53396) to work on /home/edinaldo/Documents/previsao_remuneracao/previsao_remuneracao/venv/lib/python3.10/site-packages/airflow/example_dags/example_sla_dag.py
[2023-04-05 21:12:54,371] {processor.py:641} INFO - Processing file /home/edinaldo/Documents/previsao_remuneracao/previsao_remuneracao/venv/lib/python3.10/site-packages/airflow/example_dags/example_sla_dag.py for tasks to queue
[2023-04-05 21:12:54,373] {logging_mixin.py:115} INFO - [2023-04-05 21:12:54,373] {dagbag.py:507} INFO - Filling up the DagBag from /home/edinaldo/Documents/previsao_remuneracao/previsao_remuneracao/venv/lib/python3.10/site-packages/airflow/example_dags/example_sla_dag.py
[2023-04-05 21:12:54,432] {processor.py:651} INFO - DAG(s) dict_keys(['example_sla_dag']) retrieved from /home/edinaldo/Documents/previsao_remuneracao/previsao_remuneracao/venv/lib/python3.10/site-packages/airflow/example_dags/example_sla_dag.py
[2023-04-05 21:12:54,453] {logging_mixin.py:115} INFO - [2023-04-05 21:12:54,453] {dag.py:2379} INFO - Sync 1 DAGs
[2023-04-05 21:12:54,480] {logging_mixin.py:115} INFO - [2023-04-05 21:12:54,480] {dag.py:2927} INFO - Setting next_dagrun for example_sla_dag to 2023-04-06T00:10:00+00:00, run_after=2023-04-06T00:12:00+00:00
[2023-04-05 21:12:54,571] {processor.py:161} INFO - Processing /home/edinaldo/Documents/previsao_remuneracao/previsao_remuneracao/venv/lib/python3.10/site-packages/airflow/example_dags/example_sla_dag.py took 0.226 seconds
[2023-04-05 21:13:39,080] {processor.py:153} INFO - Started process (PID=53446) to work on /home/edinaldo/Documents/previsao_remuneracao/previsao_remuneracao/venv/lib/python3.10/site-packages/airflow/example_dags/example_sla_dag.py
[2023-04-05 21:13:39,093] {processor.py:641} INFO - Processing file /home/edinaldo/Documents/previsao_remuneracao/previsao_remuneracao/venv/lib/python3.10/site-packages/airflow/example_dags/example_sla_dag.py for tasks to queue
[2023-04-05 21:13:39,094] {logging_mixin.py:115} INFO - [2023-04-05 21:13:39,094] {dagbag.py:507} INFO - Filling up the DagBag from /home/edinaldo/Documents/previsao_remuneracao/previsao_remuneracao/venv/lib/python3.10/site-packages/airflow/example_dags/example_sla_dag.py
[2023-04-05 21:13:39,129] {processor.py:651} INFO - DAG(s) dict_keys(['example_sla_dag']) retrieved from /home/edinaldo/Documents/previsao_remuneracao/previsao_remuneracao/venv/lib/python3.10/site-packages/airflow/example_dags/example_sla_dag.py
[2023-04-05 21:13:39,213] {logging_mixin.py:115} INFO - [2023-04-05 21:13:39,213] {dag.py:2379} INFO - Sync 1 DAGs
[2023-04-05 21:13:39,248] {logging_mixin.py:115} INFO - [2023-04-05 21:13:39,248] {dag.py:2927} INFO - Setting next_dagrun for example_sla_dag to 2023-04-06T00:10:00+00:00, run_after=2023-04-06T00:12:00+00:00
[2023-04-05 21:13:39,327] {processor.py:161} INFO - Processing /home/edinaldo/Documents/previsao_remuneracao/previsao_remuneracao/venv/lib/python3.10/site-packages/airflow/example_dags/example_sla_dag.py took 0.250 seconds
[2023-04-05 21:14:17,717] {processor.py:153} INFO - Started process (PID=53480) to work on /home/edinaldo/Documents/previsao_remuneracao/previsao_remuneracao/venv/lib/python3.10/site-packages/airflow/example_dags/example_sla_dag.py
[2023-04-05 21:14:17,727] {processor.py:641} INFO - Processing file /home/edinaldo/Documents/previsao_remuneracao/previsao_remuneracao/venv/lib/python3.10/site-packages/airflow/example_dags/example_sla_dag.py for tasks to queue
[2023-04-05 21:14:17,728] {logging_mixin.py:115} INFO - [2023-04-05 21:14:17,728] {dagbag.py:507} INFO - Filling up the DagBag from /home/edinaldo/Documents/previsao_remuneracao/previsao_remuneracao/venv/lib/python3.10/site-packages/airflow/example_dags/example_sla_dag.py
[2023-04-05 21:14:17,766] {processor.py:651} INFO - DAG(s) dict_keys(['example_sla_dag']) retrieved from /home/edinaldo/Documents/previsao_remuneracao/previsao_remuneracao/venv/lib/python3.10/site-packages/airflow/example_dags/example_sla_dag.py
[2023-04-05 21:14:17,782] {logging_mixin.py:115} INFO - [2023-04-05 21:14:17,782] {dag.py:2379} INFO - Sync 1 DAGs
[2023-04-05 21:14:17,805] {logging_mixin.py:115} INFO - [2023-04-05 21:14:17,805] {dag.py:2927} INFO - Setting next_dagrun for example_sla_dag to 2023-04-06T00:12:00+00:00, run_after=2023-04-06T00:14:00+00:00
[2023-04-05 21:14:17,903] {processor.py:161} INFO - Processing /home/edinaldo/Documents/previsao_remuneracao/previsao_remuneracao/venv/lib/python3.10/site-packages/airflow/example_dags/example_sla_dag.py took 0.190 seconds
[2023-04-05 21:14:59,296] {processor.py:153} INFO - Started process (PID=53523) to work on /home/edinaldo/Documents/previsao_remuneracao/previsao_remuneracao/venv/lib/python3.10/site-packages/airflow/example_dags/example_sla_dag.py
[2023-04-05 21:14:59,298] {processor.py:641} INFO - Processing file /home/edinaldo/Documents/previsao_remuneracao/previsao_remuneracao/venv/lib/python3.10/site-packages/airflow/example_dags/example_sla_dag.py for tasks to queue
[2023-04-05 21:14:59,300] {logging_mixin.py:115} INFO - [2023-04-05 21:14:59,299] {dagbag.py:507} INFO - Filling up the DagBag from /home/edinaldo/Documents/previsao_remuneracao/previsao_remuneracao/venv/lib/python3.10/site-packages/airflow/example_dags/example_sla_dag.py
[2023-04-05 21:14:59,332] {processor.py:651} INFO - DAG(s) dict_keys(['example_sla_dag']) retrieved from /home/edinaldo/Documents/previsao_remuneracao/previsao_remuneracao/venv/lib/python3.10/site-packages/airflow/example_dags/example_sla_dag.py
[2023-04-05 21:14:59,360] {logging_mixin.py:115} INFO - [2023-04-05 21:14:59,360] {dag.py:2379} INFO - Sync 1 DAGs
[2023-04-05 21:14:59,398] {logging_mixin.py:115} INFO - [2023-04-05 21:14:59,398] {dag.py:2927} INFO - Setting next_dagrun for example_sla_dag to 2023-04-06T00:12:00+00:00, run_after=2023-04-06T00:14:00+00:00
[2023-04-05 21:14:59,489] {processor.py:161} INFO - Processing /home/edinaldo/Documents/previsao_remuneracao/previsao_remuneracao/venv/lib/python3.10/site-packages/airflow/example_dags/example_sla_dag.py took 0.203 seconds
[2023-04-05 21:15:38,410] {processor.py:153} INFO - Started process (PID=53594) to work on /home/edinaldo/Documents/previsao_remuneracao/previsao_remuneracao/venv/lib/python3.10/site-packages/airflow/example_dags/example_sla_dag.py
[2023-04-05 21:15:38,483] {processor.py:641} INFO - Processing file /home/edinaldo/Documents/previsao_remuneracao/previsao_remuneracao/venv/lib/python3.10/site-packages/airflow/example_dags/example_sla_dag.py for tasks to queue
[2023-04-05 21:15:38,485] {logging_mixin.py:115} INFO - [2023-04-05 21:15:38,485] {dagbag.py:507} INFO - Filling up the DagBag from /home/edinaldo/Documents/previsao_remuneracao/previsao_remuneracao/venv/lib/python3.10/site-packages/airflow/example_dags/example_sla_dag.py
[2023-04-05 21:15:38,551] {processor.py:651} INFO - DAG(s) dict_keys(['example_sla_dag']) retrieved from /home/edinaldo/Documents/previsao_remuneracao/previsao_remuneracao/venv/lib/python3.10/site-packages/airflow/example_dags/example_sla_dag.py
[2023-04-05 21:15:38,568] {logging_mixin.py:115} INFO - [2023-04-05 21:15:38,568] {dag.py:2379} INFO - Sync 1 DAGs
[2023-04-05 21:15:38,591] {logging_mixin.py:115} INFO - [2023-04-05 21:15:38,590] {dag.py:2927} INFO - Setting next_dagrun for example_sla_dag to 2023-04-06T00:12:00+00:00, run_after=2023-04-06T00:14:00+00:00
[2023-04-05 21:15:38,714] {processor.py:161} INFO - Processing /home/edinaldo/Documents/previsao_remuneracao/previsao_remuneracao/venv/lib/python3.10/site-packages/airflow/example_dags/example_sla_dag.py took 0.310 seconds
[2023-04-05 21:16:15,082] {processor.py:153} INFO - Started process (PID=53627) to work on /home/edinaldo/Documents/previsao_remuneracao/previsao_remuneracao/venv/lib/python3.10/site-packages/airflow/example_dags/example_sla_dag.py
[2023-04-05 21:16:15,084] {processor.py:641} INFO - Processing file /home/edinaldo/Documents/previsao_remuneracao/previsao_remuneracao/venv/lib/python3.10/site-packages/airflow/example_dags/example_sla_dag.py for tasks to queue
[2023-04-05 21:16:15,085] {logging_mixin.py:115} INFO - [2023-04-05 21:16:15,085] {dagbag.py:507} INFO - Filling up the DagBag from /home/edinaldo/Documents/previsao_remuneracao/previsao_remuneracao/venv/lib/python3.10/site-packages/airflow/example_dags/example_sla_dag.py
[2023-04-05 21:16:15,115] {processor.py:651} INFO - DAG(s) dict_keys(['example_sla_dag']) retrieved from /home/edinaldo/Documents/previsao_remuneracao/previsao_remuneracao/venv/lib/python3.10/site-packages/airflow/example_dags/example_sla_dag.py
[2023-04-05 21:16:15,132] {logging_mixin.py:115} INFO - [2023-04-05 21:16:15,132] {dag.py:2379} INFO - Sync 1 DAGs
[2023-04-05 21:16:15,155] {logging_mixin.py:115} INFO - [2023-04-05 21:16:15,155] {dag.py:2927} INFO - Setting next_dagrun for example_sla_dag to 2023-04-06T00:14:00+00:00, run_after=2023-04-06T00:16:00+00:00
[2023-04-05 21:16:15,255] {processor.py:161} INFO - Processing /home/edinaldo/Documents/previsao_remuneracao/previsao_remuneracao/venv/lib/python3.10/site-packages/airflow/example_dags/example_sla_dag.py took 0.183 seconds
[2023-04-05 21:16:58,965] {processor.py:153} INFO - Started process (PID=53692) to work on /home/edinaldo/Documents/previsao_remuneracao/previsao_remuneracao/venv/lib/python3.10/site-packages/airflow/example_dags/example_sla_dag.py
[2023-04-05 21:16:58,969] {processor.py:641} INFO - Processing file /home/edinaldo/Documents/previsao_remuneracao/previsao_remuneracao/venv/lib/python3.10/site-packages/airflow/example_dags/example_sla_dag.py for tasks to queue
[2023-04-05 21:16:58,970] {logging_mixin.py:115} INFO - [2023-04-05 21:16:58,970] {dagbag.py:507} INFO - Filling up the DagBag from /home/edinaldo/Documents/previsao_remuneracao/previsao_remuneracao/venv/lib/python3.10/site-packages/airflow/example_dags/example_sla_dag.py
[2023-04-05 21:16:58,991] {processor.py:651} INFO - DAG(s) dict_keys(['example_sla_dag']) retrieved from /home/edinaldo/Documents/previsao_remuneracao/previsao_remuneracao/venv/lib/python3.10/site-packages/airflow/example_dags/example_sla_dag.py
[2023-04-05 21:16:59,007] {logging_mixin.py:115} INFO - [2023-04-05 21:16:59,007] {dag.py:2379} INFO - Sync 1 DAGs
[2023-04-05 21:16:59,030] {logging_mixin.py:115} INFO - [2023-04-05 21:16:59,030] {dag.py:2927} INFO - Setting next_dagrun for example_sla_dag to 2023-04-06T00:14:00+00:00, run_after=2023-04-06T00:16:00+00:00
[2023-04-05 21:16:59,113] {processor.py:161} INFO - Processing /home/edinaldo/Documents/previsao_remuneracao/previsao_remuneracao/venv/lib/python3.10/site-packages/airflow/example_dags/example_sla_dag.py took 0.152 seconds
[2023-04-05 21:17:39,382] {processor.py:153} INFO - Started process (PID=53737) to work on /home/edinaldo/Documents/previsao_remuneracao/previsao_remuneracao/venv/lib/python3.10/site-packages/airflow/example_dags/example_sla_dag.py
[2023-04-05 21:17:39,397] {processor.py:641} INFO - Processing file /home/edinaldo/Documents/previsao_remuneracao/previsao_remuneracao/venv/lib/python3.10/site-packages/airflow/example_dags/example_sla_dag.py for tasks to queue
[2023-04-05 21:17:39,400] {logging_mixin.py:115} INFO - [2023-04-05 21:17:39,399] {dagbag.py:507} INFO - Filling up the DagBag from /home/edinaldo/Documents/previsao_remuneracao/previsao_remuneracao/venv/lib/python3.10/site-packages/airflow/example_dags/example_sla_dag.py
[2023-04-05 21:17:39,434] {processor.py:651} INFO - DAG(s) dict_keys(['example_sla_dag']) retrieved from /home/edinaldo/Documents/previsao_remuneracao/previsao_remuneracao/venv/lib/python3.10/site-packages/airflow/example_dags/example_sla_dag.py
[2023-04-05 21:17:39,450] {logging_mixin.py:115} INFO - [2023-04-05 21:17:39,450] {dag.py:2379} INFO - Sync 1 DAGs
[2023-04-05 21:17:39,473] {logging_mixin.py:115} INFO - [2023-04-05 21:17:39,473] {dag.py:2927} INFO - Setting next_dagrun for example_sla_dag to 2023-04-06T00:14:00+00:00, run_after=2023-04-06T00:16:00+00:00
[2023-04-05 21:17:39,564] {processor.py:161} INFO - Processing /home/edinaldo/Documents/previsao_remuneracao/previsao_remuneracao/venv/lib/python3.10/site-packages/airflow/example_dags/example_sla_dag.py took 0.192 seconds
[2023-04-05 21:18:18,259] {processor.py:153} INFO - Started process (PID=53771) to work on /home/edinaldo/Documents/previsao_remuneracao/previsao_remuneracao/venv/lib/python3.10/site-packages/airflow/example_dags/example_sla_dag.py
[2023-04-05 21:18:18,261] {processor.py:641} INFO - Processing file /home/edinaldo/Documents/previsao_remuneracao/previsao_remuneracao/venv/lib/python3.10/site-packages/airflow/example_dags/example_sla_dag.py for tasks to queue
[2023-04-05 21:18:18,262] {logging_mixin.py:115} INFO - [2023-04-05 21:18:18,262] {dagbag.py:507} INFO - Filling up the DagBag from /home/edinaldo/Documents/previsao_remuneracao/previsao_remuneracao/venv/lib/python3.10/site-packages/airflow/example_dags/example_sla_dag.py
[2023-04-05 21:18:18,294] {processor.py:651} INFO - DAG(s) dict_keys(['example_sla_dag']) retrieved from /home/edinaldo/Documents/previsao_remuneracao/previsao_remuneracao/venv/lib/python3.10/site-packages/airflow/example_dags/example_sla_dag.py
[2023-04-05 21:18:18,310] {logging_mixin.py:115} INFO - [2023-04-05 21:18:18,310] {dag.py:2379} INFO - Sync 1 DAGs
[2023-04-05 21:18:18,332] {logging_mixin.py:115} INFO - [2023-04-05 21:18:18,332] {dag.py:2927} INFO - Setting next_dagrun for example_sla_dag to 2023-04-06T00:16:00+00:00, run_after=2023-04-06T00:18:00+00:00
[2023-04-05 21:18:18,450] {processor.py:161} INFO - Processing /home/edinaldo/Documents/previsao_remuneracao/previsao_remuneracao/venv/lib/python3.10/site-packages/airflow/example_dags/example_sla_dag.py took 0.201 seconds
[2023-04-05 21:18:57,054] {processor.py:153} INFO - Started process (PID=53814) to work on /home/edinaldo/Documents/previsao_remuneracao/previsao_remuneracao/venv/lib/python3.10/site-packages/airflow/example_dags/example_sla_dag.py
[2023-04-05 21:18:57,063] {processor.py:641} INFO - Processing file /home/edinaldo/Documents/previsao_remuneracao/previsao_remuneracao/venv/lib/python3.10/site-packages/airflow/example_dags/example_sla_dag.py for tasks to queue
[2023-04-05 21:18:57,065] {logging_mixin.py:115} INFO - [2023-04-05 21:18:57,065] {dagbag.py:507} INFO - Filling up the DagBag from /home/edinaldo/Documents/previsao_remuneracao/previsao_remuneracao/venv/lib/python3.10/site-packages/airflow/example_dags/example_sla_dag.py
[2023-04-05 21:18:57,100] {processor.py:651} INFO - DAG(s) dict_keys(['example_sla_dag']) retrieved from /home/edinaldo/Documents/previsao_remuneracao/previsao_remuneracao/venv/lib/python3.10/site-packages/airflow/example_dags/example_sla_dag.py
[2023-04-05 21:18:57,116] {logging_mixin.py:115} INFO - [2023-04-05 21:18:57,116] {dag.py:2379} INFO - Sync 1 DAGs
[2023-04-05 21:18:57,139] {logging_mixin.py:115} INFO - [2023-04-05 21:18:57,139] {dag.py:2927} INFO - Setting next_dagrun for example_sla_dag to 2023-04-06T00:16:00+00:00, run_after=2023-04-06T00:18:00+00:00
[2023-04-05 21:18:57,213] {processor.py:161} INFO - Processing /home/edinaldo/Documents/previsao_remuneracao/previsao_remuneracao/venv/lib/python3.10/site-packages/airflow/example_dags/example_sla_dag.py took 0.169 seconds
[2023-04-05 21:19:32,178] {processor.py:153} INFO - Started process (PID=53850) to work on /home/edinaldo/Documents/previsao_remuneracao/previsao_remuneracao/venv/lib/python3.10/site-packages/airflow/example_dags/example_sla_dag.py
[2023-04-05 21:19:32,277] {processor.py:641} INFO - Processing file /home/edinaldo/Documents/previsao_remuneracao/previsao_remuneracao/venv/lib/python3.10/site-packages/airflow/example_dags/example_sla_dag.py for tasks to queue
[2023-04-05 21:19:32,278] {logging_mixin.py:115} INFO - [2023-04-05 21:19:32,278] {dagbag.py:507} INFO - Filling up the DagBag from /home/edinaldo/Documents/previsao_remuneracao/previsao_remuneracao/venv/lib/python3.10/site-packages/airflow/example_dags/example_sla_dag.py
[2023-04-05 21:19:32,321] {processor.py:651} INFO - DAG(s) dict_keys(['example_sla_dag']) retrieved from /home/edinaldo/Documents/previsao_remuneracao/previsao_remuneracao/venv/lib/python3.10/site-packages/airflow/example_dags/example_sla_dag.py
[2023-04-05 21:19:32,338] {logging_mixin.py:115} INFO - [2023-04-05 21:19:32,337] {dag.py:2379} INFO - Sync 1 DAGs
[2023-04-05 21:19:32,360] {logging_mixin.py:115} INFO - [2023-04-05 21:19:32,360] {dag.py:2927} INFO - Setting next_dagrun for example_sla_dag to 2023-04-06T00:16:00+00:00, run_after=2023-04-06T00:18:00+00:00
[2023-04-05 21:19:32,630] {processor.py:161} INFO - Processing /home/edinaldo/Documents/previsao_remuneracao/previsao_remuneracao/venv/lib/python3.10/site-packages/airflow/example_dags/example_sla_dag.py took 0.459 seconds
[2023-04-05 21:20:14,463] {processor.py:153} INFO - Started process (PID=53892) to work on /home/edinaldo/Documents/previsao_remuneracao/previsao_remuneracao/venv/lib/python3.10/site-packages/airflow/example_dags/example_sla_dag.py
[2023-04-05 21:20:14,468] {processor.py:641} INFO - Processing file /home/edinaldo/Documents/previsao_remuneracao/previsao_remuneracao/venv/lib/python3.10/site-packages/airflow/example_dags/example_sla_dag.py for tasks to queue
[2023-04-05 21:20:14,469] {logging_mixin.py:115} INFO - [2023-04-05 21:20:14,468] {dagbag.py:507} INFO - Filling up the DagBag from /home/edinaldo/Documents/previsao_remuneracao/previsao_remuneracao/venv/lib/python3.10/site-packages/airflow/example_dags/example_sla_dag.py
[2023-04-05 21:20:14,494] {processor.py:651} INFO - DAG(s) dict_keys(['example_sla_dag']) retrieved from /home/edinaldo/Documents/previsao_remuneracao/previsao_remuneracao/venv/lib/python3.10/site-packages/airflow/example_dags/example_sla_dag.py
[2023-04-05 21:20:14,510] {logging_mixin.py:115} INFO - [2023-04-05 21:20:14,510] {dag.py:2379} INFO - Sync 1 DAGs
[2023-04-05 21:20:14,533] {logging_mixin.py:115} INFO - [2023-04-05 21:20:14,533] {dag.py:2927} INFO - Setting next_dagrun for example_sla_dag to 2023-04-06T00:18:00+00:00, run_after=2023-04-06T00:20:00+00:00
[2023-04-05 21:20:14,632] {processor.py:161} INFO - Processing /home/edinaldo/Documents/previsao_remuneracao/previsao_remuneracao/venv/lib/python3.10/site-packages/airflow/example_dags/example_sla_dag.py took 0.172 seconds
[2023-04-05 21:20:50,652] {processor.py:153} INFO - Started process (PID=53948) to work on /home/edinaldo/Documents/previsao_remuneracao/previsao_remuneracao/venv/lib/python3.10/site-packages/airflow/example_dags/example_sla_dag.py
[2023-04-05 21:20:50,666] {processor.py:641} INFO - Processing file /home/edinaldo/Documents/previsao_remuneracao/previsao_remuneracao/venv/lib/python3.10/site-packages/airflow/example_dags/example_sla_dag.py for tasks to queue
[2023-04-05 21:20:50,668] {logging_mixin.py:115} INFO - [2023-04-05 21:20:50,667] {dagbag.py:507} INFO - Filling up the DagBag from /home/edinaldo/Documents/previsao_remuneracao/previsao_remuneracao/venv/lib/python3.10/site-packages/airflow/example_dags/example_sla_dag.py
[2023-04-05 21:20:50,708] {processor.py:651} INFO - DAG(s) dict_keys(['example_sla_dag']) retrieved from /home/edinaldo/Documents/previsao_remuneracao/previsao_remuneracao/venv/lib/python3.10/site-packages/airflow/example_dags/example_sla_dag.py
[2023-04-05 21:20:50,725] {logging_mixin.py:115} INFO - [2023-04-05 21:20:50,725] {dag.py:2379} INFO - Sync 1 DAGs
[2023-04-05 21:20:50,748] {logging_mixin.py:115} INFO - [2023-04-05 21:20:50,748] {dag.py:2927} INFO - Setting next_dagrun for example_sla_dag to 2023-04-06T00:18:00+00:00, run_after=2023-04-06T00:20:00+00:00
[2023-04-05 21:20:50,824] {processor.py:161} INFO - Processing /home/edinaldo/Documents/previsao_remuneracao/previsao_remuneracao/venv/lib/python3.10/site-packages/airflow/example_dags/example_sla_dag.py took 0.176 seconds
[2023-04-05 21:21:31,918] {processor.py:153} INFO - Started process (PID=54008) to work on /home/edinaldo/Documents/previsao_remuneracao/previsao_remuneracao/venv/lib/python3.10/site-packages/airflow/example_dags/example_sla_dag.py
[2023-04-05 21:21:31,924] {processor.py:641} INFO - Processing file /home/edinaldo/Documents/previsao_remuneracao/previsao_remuneracao/venv/lib/python3.10/site-packages/airflow/example_dags/example_sla_dag.py for tasks to queue
[2023-04-05 21:21:31,925] {logging_mixin.py:115} INFO - [2023-04-05 21:21:31,925] {dagbag.py:507} INFO - Filling up the DagBag from /home/edinaldo/Documents/previsao_remuneracao/previsao_remuneracao/venv/lib/python3.10/site-packages/airflow/example_dags/example_sla_dag.py
[2023-04-05 21:21:31,959] {processor.py:651} INFO - DAG(s) dict_keys(['example_sla_dag']) retrieved from /home/edinaldo/Documents/previsao_remuneracao/previsao_remuneracao/venv/lib/python3.10/site-packages/airflow/example_dags/example_sla_dag.py
[2023-04-05 21:21:31,982] {logging_mixin.py:115} INFO - [2023-04-05 21:21:31,982] {dag.py:2379} INFO - Sync 1 DAGs
[2023-04-05 21:21:32,026] {logging_mixin.py:115} INFO - [2023-04-05 21:21:32,026] {dag.py:2927} INFO - Setting next_dagrun for example_sla_dag to 2023-04-06T00:18:00+00:00, run_after=2023-04-06T00:20:00+00:00
[2023-04-05 21:21:32,190] {processor.py:161} INFO - Processing /home/edinaldo/Documents/previsao_remuneracao/previsao_remuneracao/venv/lib/python3.10/site-packages/airflow/example_dags/example_sla_dag.py took 0.282 seconds
[2023-04-05 21:22:09,031] {processor.py:153} INFO - Started process (PID=54050) to work on /home/edinaldo/Documents/previsao_remuneracao/previsao_remuneracao/venv/lib/python3.10/site-packages/airflow/example_dags/example_sla_dag.py
[2023-04-05 21:22:09,032] {processor.py:641} INFO - Processing file /home/edinaldo/Documents/previsao_remuneracao/previsao_remuneracao/venv/lib/python3.10/site-packages/airflow/example_dags/example_sla_dag.py for tasks to queue
[2023-04-05 21:22:09,032] {logging_mixin.py:115} INFO - [2023-04-05 21:22:09,032] {dagbag.py:507} INFO - Filling up the DagBag from /home/edinaldo/Documents/previsao_remuneracao/previsao_remuneracao/venv/lib/python3.10/site-packages/airflow/example_dags/example_sla_dag.py
[2023-04-05 21:22:09,059] {processor.py:651} INFO - DAG(s) dict_keys(['example_sla_dag']) retrieved from /home/edinaldo/Documents/previsao_remuneracao/previsao_remuneracao/venv/lib/python3.10/site-packages/airflow/example_dags/example_sla_dag.py
[2023-04-05 21:22:09,075] {logging_mixin.py:115} INFO - [2023-04-05 21:22:09,075] {dag.py:2379} INFO - Sync 1 DAGs
[2023-04-05 21:22:09,098] {logging_mixin.py:115} INFO - [2023-04-05 21:22:09,098] {dag.py:2927} INFO - Setting next_dagrun for example_sla_dag to 2023-04-06T00:20:00+00:00, run_after=2023-04-06T00:22:00+00:00
[2023-04-05 21:22:09,228] {processor.py:161} INFO - Processing /home/edinaldo/Documents/previsao_remuneracao/previsao_remuneracao/venv/lib/python3.10/site-packages/airflow/example_dags/example_sla_dag.py took 0.202 seconds
[2023-04-05 21:22:44,427] {processor.py:153} INFO - Started process (PID=54085) to work on /home/edinaldo/Documents/previsao_remuneracao/previsao_remuneracao/venv/lib/python3.10/site-packages/airflow/example_dags/example_sla_dag.py
[2023-04-05 21:22:44,427] {processor.py:641} INFO - Processing file /home/edinaldo/Documents/previsao_remuneracao/previsao_remuneracao/venv/lib/python3.10/site-packages/airflow/example_dags/example_sla_dag.py for tasks to queue
[2023-04-05 21:22:44,428] {logging_mixin.py:115} INFO - [2023-04-05 21:22:44,428] {dagbag.py:507} INFO - Filling up the DagBag from /home/edinaldo/Documents/previsao_remuneracao/previsao_remuneracao/venv/lib/python3.10/site-packages/airflow/example_dags/example_sla_dag.py
[2023-04-05 21:22:44,449] {processor.py:651} INFO - DAG(s) dict_keys(['example_sla_dag']) retrieved from /home/edinaldo/Documents/previsao_remuneracao/previsao_remuneracao/venv/lib/python3.10/site-packages/airflow/example_dags/example_sla_dag.py
[2023-04-05 21:22:44,465] {logging_mixin.py:115} INFO - [2023-04-05 21:22:44,465] {dag.py:2379} INFO - Sync 1 DAGs
[2023-04-05 21:22:44,490] {logging_mixin.py:115} INFO - [2023-04-05 21:22:44,490] {dag.py:2927} INFO - Setting next_dagrun for example_sla_dag to 2023-04-06T00:20:00+00:00, run_after=2023-04-06T00:22:00+00:00
[2023-04-05 21:22:44,571] {processor.py:161} INFO - Processing /home/edinaldo/Documents/previsao_remuneracao/previsao_remuneracao/venv/lib/python3.10/site-packages/airflow/example_dags/example_sla_dag.py took 0.148 seconds
[2023-04-05 21:23:23,908] {processor.py:153} INFO - Started process (PID=54140) to work on /home/edinaldo/Documents/previsao_remuneracao/previsao_remuneracao/venv/lib/python3.10/site-packages/airflow/example_dags/example_sla_dag.py
[2023-04-05 21:23:23,913] {processor.py:641} INFO - Processing file /home/edinaldo/Documents/previsao_remuneracao/previsao_remuneracao/venv/lib/python3.10/site-packages/airflow/example_dags/example_sla_dag.py for tasks to queue
[2023-04-05 21:23:23,913] {logging_mixin.py:115} INFO - [2023-04-05 21:23:23,913] {dagbag.py:507} INFO - Filling up the DagBag from /home/edinaldo/Documents/previsao_remuneracao/previsao_remuneracao/venv/lib/python3.10/site-packages/airflow/example_dags/example_sla_dag.py
[2023-04-05 21:23:23,934] {processor.py:651} INFO - DAG(s) dict_keys(['example_sla_dag']) retrieved from /home/edinaldo/Documents/previsao_remuneracao/previsao_remuneracao/venv/lib/python3.10/site-packages/airflow/example_dags/example_sla_dag.py
[2023-04-05 21:23:23,951] {logging_mixin.py:115} INFO - [2023-04-05 21:23:23,951] {dag.py:2379} INFO - Sync 1 DAGs
[2023-04-05 21:23:24,094] {logging_mixin.py:115} INFO - [2023-04-05 21:23:24,094] {dag.py:2927} INFO - Setting next_dagrun for example_sla_dag to 2023-04-06T00:20:00+00:00, run_after=2023-04-06T00:22:00+00:00
[2023-04-05 21:23:24,185] {processor.py:161} INFO - Processing /home/edinaldo/Documents/previsao_remuneracao/previsao_remuneracao/venv/lib/python3.10/site-packages/airflow/example_dags/example_sla_dag.py took 0.280 seconds
[2023-04-05 21:24:05,948] {processor.py:153} INFO - Started process (PID=54176) to work on /home/edinaldo/Documents/previsao_remuneracao/previsao_remuneracao/venv/lib/python3.10/site-packages/airflow/example_dags/example_sla_dag.py
[2023-04-05 21:24:05,949] {processor.py:641} INFO - Processing file /home/edinaldo/Documents/previsao_remuneracao/previsao_remuneracao/venv/lib/python3.10/site-packages/airflow/example_dags/example_sla_dag.py for tasks to queue
[2023-04-05 21:24:05,950] {logging_mixin.py:115} INFO - [2023-04-05 21:24:05,950] {dagbag.py:507} INFO - Filling up the DagBag from /home/edinaldo/Documents/previsao_remuneracao/previsao_remuneracao/venv/lib/python3.10/site-packages/airflow/example_dags/example_sla_dag.py
[2023-04-05 21:24:05,973] {processor.py:651} INFO - DAG(s) dict_keys(['example_sla_dag']) retrieved from /home/edinaldo/Documents/previsao_remuneracao/previsao_remuneracao/venv/lib/python3.10/site-packages/airflow/example_dags/example_sla_dag.py
[2023-04-05 21:24:05,990] {logging_mixin.py:115} INFO - [2023-04-05 21:24:05,989] {dag.py:2379} INFO - Sync 1 DAGs
[2023-04-05 21:24:06,012] {logging_mixin.py:115} INFO - [2023-04-05 21:24:06,012] {dag.py:2927} INFO - Setting next_dagrun for example_sla_dag to 2023-04-06T00:22:00+00:00, run_after=2023-04-06T00:24:00+00:00
[2023-04-05 21:24:06,238] {processor.py:161} INFO - Processing /home/edinaldo/Documents/previsao_remuneracao/previsao_remuneracao/venv/lib/python3.10/site-packages/airflow/example_dags/example_sla_dag.py took 0.294 seconds
[2023-04-05 21:24:48,187] {processor.py:153} INFO - Started process (PID=54374) to work on /home/edinaldo/Documents/previsao_remuneracao/previsao_remuneracao/venv/lib/python3.10/site-packages/airflow/example_dags/example_sla_dag.py
[2023-04-05 21:24:48,200] {processor.py:641} INFO - Processing file /home/edinaldo/Documents/previsao_remuneracao/previsao_remuneracao/venv/lib/python3.10/site-packages/airflow/example_dags/example_sla_dag.py for tasks to queue
[2023-04-05 21:24:48,202] {logging_mixin.py:115} INFO - [2023-04-05 21:24:48,201] {dagbag.py:507} INFO - Filling up the DagBag from /home/edinaldo/Documents/previsao_remuneracao/previsao_remuneracao/venv/lib/python3.10/site-packages/airflow/example_dags/example_sla_dag.py
[2023-04-05 21:24:48,247] {processor.py:651} INFO - DAG(s) dict_keys(['example_sla_dag']) retrieved from /home/edinaldo/Documents/previsao_remuneracao/previsao_remuneracao/venv/lib/python3.10/site-packages/airflow/example_dags/example_sla_dag.py
[2023-04-05 21:24:48,264] {logging_mixin.py:115} INFO - [2023-04-05 21:24:48,263] {dag.py:2379} INFO - Sync 1 DAGs
[2023-04-05 21:24:48,286] {logging_mixin.py:115} INFO - [2023-04-05 21:24:48,286] {dag.py:2927} INFO - Setting next_dagrun for example_sla_dag to 2023-04-06T00:22:00+00:00, run_after=2023-04-06T00:24:00+00:00
[2023-04-05 21:24:48,368] {processor.py:161} INFO - Processing /home/edinaldo/Documents/previsao_remuneracao/previsao_remuneracao/venv/lib/python3.10/site-packages/airflow/example_dags/example_sla_dag.py took 0.191 seconds
[2023-04-05 21:25:32,702] {processor.py:153} INFO - Started process (PID=54603) to work on /home/edinaldo/Documents/previsao_remuneracao/previsao_remuneracao/venv/lib/python3.10/site-packages/airflow/example_dags/example_sla_dag.py
[2023-04-05 21:25:32,721] {processor.py:641} INFO - Processing file /home/edinaldo/Documents/previsao_remuneracao/previsao_remuneracao/venv/lib/python3.10/site-packages/airflow/example_dags/example_sla_dag.py for tasks to queue
[2023-04-05 21:25:32,722] {logging_mixin.py:115} INFO - [2023-04-05 21:25:32,721] {dagbag.py:507} INFO - Filling up the DagBag from /home/edinaldo/Documents/previsao_remuneracao/previsao_remuneracao/venv/lib/python3.10/site-packages/airflow/example_dags/example_sla_dag.py
[2023-04-05 21:25:32,752] {processor.py:651} INFO - DAG(s) dict_keys(['example_sla_dag']) retrieved from /home/edinaldo/Documents/previsao_remuneracao/previsao_remuneracao/venv/lib/python3.10/site-packages/airflow/example_dags/example_sla_dag.py
[2023-04-05 21:25:32,769] {logging_mixin.py:115} INFO - [2023-04-05 21:25:32,768] {dag.py:2379} INFO - Sync 1 DAGs
[2023-04-05 21:25:32,791] {logging_mixin.py:115} INFO - [2023-04-05 21:25:32,791] {dag.py:2927} INFO - Setting next_dagrun for example_sla_dag to 2023-04-06T00:22:00+00:00, run_after=2023-04-06T00:24:00+00:00
[2023-04-05 21:25:32,861] {processor.py:161} INFO - Processing /home/edinaldo/Documents/previsao_remuneracao/previsao_remuneracao/venv/lib/python3.10/site-packages/airflow/example_dags/example_sla_dag.py took 0.162 seconds
[2023-04-05 21:26:11,329] {processor.py:153} INFO - Started process (PID=54825) to work on /home/edinaldo/Documents/previsao_remuneracao/previsao_remuneracao/venv/lib/python3.10/site-packages/airflow/example_dags/example_sla_dag.py
[2023-04-05 21:26:11,330] {processor.py:641} INFO - Processing file /home/edinaldo/Documents/previsao_remuneracao/previsao_remuneracao/venv/lib/python3.10/site-packages/airflow/example_dags/example_sla_dag.py for tasks to queue
[2023-04-05 21:26:11,331] {logging_mixin.py:115} INFO - [2023-04-05 21:26:11,331] {dagbag.py:507} INFO - Filling up the DagBag from /home/edinaldo/Documents/previsao_remuneracao/previsao_remuneracao/venv/lib/python3.10/site-packages/airflow/example_dags/example_sla_dag.py
[2023-04-05 21:26:11,354] {processor.py:651} INFO - DAG(s) dict_keys(['example_sla_dag']) retrieved from /home/edinaldo/Documents/previsao_remuneracao/previsao_remuneracao/venv/lib/python3.10/site-packages/airflow/example_dags/example_sla_dag.py
[2023-04-05 21:26:11,371] {logging_mixin.py:115} INFO - [2023-04-05 21:26:11,371] {dag.py:2379} INFO - Sync 1 DAGs
[2023-04-05 21:26:11,394] {logging_mixin.py:115} INFO - [2023-04-05 21:26:11,394] {dag.py:2927} INFO - Setting next_dagrun for example_sla_dag to 2023-04-06T00:24:00+00:00, run_after=2023-04-06T00:26:00+00:00
[2023-04-05 21:26:11,509] {processor.py:161} INFO - Processing /home/edinaldo/Documents/previsao_remuneracao/previsao_remuneracao/venv/lib/python3.10/site-packages/airflow/example_dags/example_sla_dag.py took 0.183 seconds
[2023-04-05 21:26:57,097] {processor.py:153} INFO - Started process (PID=55103) to work on /home/edinaldo/Documents/previsao_remuneracao/previsao_remuneracao/venv/lib/python3.10/site-packages/airflow/example_dags/example_sla_dag.py
[2023-04-05 21:26:57,099] {processor.py:641} INFO - Processing file /home/edinaldo/Documents/previsao_remuneracao/previsao_remuneracao/venv/lib/python3.10/site-packages/airflow/example_dags/example_sla_dag.py for tasks to queue
[2023-04-05 21:26:57,101] {logging_mixin.py:115} INFO - [2023-04-05 21:26:57,101] {dagbag.py:507} INFO - Filling up the DagBag from /home/edinaldo/Documents/previsao_remuneracao/previsao_remuneracao/venv/lib/python3.10/site-packages/airflow/example_dags/example_sla_dag.py
[2023-04-05 21:26:57,143] {processor.py:651} INFO - DAG(s) dict_keys(['example_sla_dag']) retrieved from /home/edinaldo/Documents/previsao_remuneracao/previsao_remuneracao/venv/lib/python3.10/site-packages/airflow/example_dags/example_sla_dag.py
[2023-04-05 21:26:57,167] {logging_mixin.py:115} INFO - [2023-04-05 21:26:57,166] {dag.py:2379} INFO - Sync 1 DAGs
[2023-04-05 21:26:57,199] {logging_mixin.py:115} INFO - [2023-04-05 21:26:57,199] {dag.py:2927} INFO - Setting next_dagrun for example_sla_dag to 2023-04-06T00:24:00+00:00, run_after=2023-04-06T00:26:00+00:00
[2023-04-05 21:26:57,290] {processor.py:161} INFO - Processing /home/edinaldo/Documents/previsao_remuneracao/previsao_remuneracao/venv/lib/python3.10/site-packages/airflow/example_dags/example_sla_dag.py took 0.203 seconds
[2023-04-05 21:27:39,353] {processor.py:153} INFO - Started process (PID=55386) to work on /home/edinaldo/Documents/previsao_remuneracao/previsao_remuneracao/venv/lib/python3.10/site-packages/airflow/example_dags/example_sla_dag.py
[2023-04-05 21:27:39,363] {processor.py:641} INFO - Processing file /home/edinaldo/Documents/previsao_remuneracao/previsao_remuneracao/venv/lib/python3.10/site-packages/airflow/example_dags/example_sla_dag.py for tasks to queue
[2023-04-05 21:27:39,365] {logging_mixin.py:115} INFO - [2023-04-05 21:27:39,365] {dagbag.py:507} INFO - Filling up the DagBag from /home/edinaldo/Documents/previsao_remuneracao/previsao_remuneracao/venv/lib/python3.10/site-packages/airflow/example_dags/example_sla_dag.py
[2023-04-05 21:27:39,401] {processor.py:651} INFO - DAG(s) dict_keys(['example_sla_dag']) retrieved from /home/edinaldo/Documents/previsao_remuneracao/previsao_remuneracao/venv/lib/python3.10/site-packages/airflow/example_dags/example_sla_dag.py
[2023-04-05 21:27:39,419] {logging_mixin.py:115} INFO - [2023-04-05 21:27:39,418] {dag.py:2379} INFO - Sync 1 DAGs
[2023-04-05 21:27:39,443] {logging_mixin.py:115} INFO - [2023-04-05 21:27:39,443] {dag.py:2927} INFO - Setting next_dagrun for example_sla_dag to 2023-04-06T00:24:00+00:00, run_after=2023-04-06T00:26:00+00:00
[2023-04-05 21:27:39,524] {processor.py:161} INFO - Processing /home/edinaldo/Documents/previsao_remuneracao/previsao_remuneracao/venv/lib/python3.10/site-packages/airflow/example_dags/example_sla_dag.py took 0.177 seconds
[2023-04-05 21:28:29,271] {processor.py:153} INFO - Started process (PID=55580) to work on /home/edinaldo/Documents/previsao_remuneracao/previsao_remuneracao/venv/lib/python3.10/site-packages/airflow/example_dags/example_sla_dag.py
[2023-04-05 21:28:29,310] {processor.py:641} INFO - Processing file /home/edinaldo/Documents/previsao_remuneracao/previsao_remuneracao/venv/lib/python3.10/site-packages/airflow/example_dags/example_sla_dag.py for tasks to queue
[2023-04-05 21:28:29,311] {logging_mixin.py:115} INFO - [2023-04-05 21:28:29,311] {dagbag.py:507} INFO - Filling up the DagBag from /home/edinaldo/Documents/previsao_remuneracao/previsao_remuneracao/venv/lib/python3.10/site-packages/airflow/example_dags/example_sla_dag.py
[2023-04-05 21:28:29,386] {processor.py:651} INFO - DAG(s) dict_keys(['example_sla_dag']) retrieved from /home/edinaldo/Documents/previsao_remuneracao/previsao_remuneracao/venv/lib/python3.10/site-packages/airflow/example_dags/example_sla_dag.py
[2023-04-05 21:28:29,415] {logging_mixin.py:115} INFO - [2023-04-05 21:28:29,415] {dag.py:2379} INFO - Sync 1 DAGs
[2023-04-05 21:28:29,467] {logging_mixin.py:115} INFO - [2023-04-05 21:28:29,467] {dag.py:2927} INFO - Setting next_dagrun for example_sla_dag to 2023-04-06T00:26:00+00:00, run_after=2023-04-06T00:28:00+00:00
[2023-04-05 21:28:29,635] {processor.py:161} INFO - Processing /home/edinaldo/Documents/previsao_remuneracao/previsao_remuneracao/venv/lib/python3.10/site-packages/airflow/example_dags/example_sla_dag.py took 0.368 seconds
[2023-04-05 21:29:07,976] {processor.py:153} INFO - Started process (PID=55612) to work on /home/edinaldo/Documents/previsao_remuneracao/previsao_remuneracao/venv/lib/python3.10/site-packages/airflow/example_dags/example_sla_dag.py
[2023-04-05 21:29:07,984] {processor.py:641} INFO - Processing file /home/edinaldo/Documents/previsao_remuneracao/previsao_remuneracao/venv/lib/python3.10/site-packages/airflow/example_dags/example_sla_dag.py for tasks to queue
[2023-04-05 21:29:07,986] {logging_mixin.py:115} INFO - [2023-04-05 21:29:07,986] {dagbag.py:507} INFO - Filling up the DagBag from /home/edinaldo/Documents/previsao_remuneracao/previsao_remuneracao/venv/lib/python3.10/site-packages/airflow/example_dags/example_sla_dag.py
[2023-04-05 21:29:08,019] {processor.py:651} INFO - DAG(s) dict_keys(['example_sla_dag']) retrieved from /home/edinaldo/Documents/previsao_remuneracao/previsao_remuneracao/venv/lib/python3.10/site-packages/airflow/example_dags/example_sla_dag.py
[2023-04-05 21:29:08,046] {logging_mixin.py:115} INFO - [2023-04-05 21:29:08,045] {dag.py:2379} INFO - Sync 1 DAGs
[2023-04-05 21:29:08,081] {logging_mixin.py:115} INFO - [2023-04-05 21:29:08,081] {dag.py:2927} INFO - Setting next_dagrun for example_sla_dag to 2023-04-06T00:26:00+00:00, run_after=2023-04-06T00:28:00+00:00
[2023-04-05 21:29:08,165] {processor.py:161} INFO - Processing /home/edinaldo/Documents/previsao_remuneracao/previsao_remuneracao/venv/lib/python3.10/site-packages/airflow/example_dags/example_sla_dag.py took 0.196 seconds
[2023-04-05 21:29:49,388] {processor.py:153} INFO - Started process (PID=55650) to work on /home/edinaldo/Documents/previsao_remuneracao/previsao_remuneracao/venv/lib/python3.10/site-packages/airflow/example_dags/example_sla_dag.py
[2023-04-05 21:29:49,397] {processor.py:641} INFO - Processing file /home/edinaldo/Documents/previsao_remuneracao/previsao_remuneracao/venv/lib/python3.10/site-packages/airflow/example_dags/example_sla_dag.py for tasks to queue
[2023-04-05 21:29:49,398] {logging_mixin.py:115} INFO - [2023-04-05 21:29:49,398] {dagbag.py:507} INFO - Filling up the DagBag from /home/edinaldo/Documents/previsao_remuneracao/previsao_remuneracao/venv/lib/python3.10/site-packages/airflow/example_dags/example_sla_dag.py
[2023-04-05 21:29:49,453] {processor.py:651} INFO - DAG(s) dict_keys(['example_sla_dag']) retrieved from /home/edinaldo/Documents/previsao_remuneracao/previsao_remuneracao/venv/lib/python3.10/site-packages/airflow/example_dags/example_sla_dag.py
[2023-04-05 21:29:49,478] {logging_mixin.py:115} INFO - [2023-04-05 21:29:49,478] {dag.py:2379} INFO - Sync 1 DAGs
[2023-04-05 21:29:49,517] {logging_mixin.py:115} INFO - [2023-04-05 21:29:49,517] {dag.py:2927} INFO - Setting next_dagrun for example_sla_dag to 2023-04-06T00:26:00+00:00, run_after=2023-04-06T00:28:00+00:00
[2023-04-05 21:29:49,631] {processor.py:161} INFO - Processing /home/edinaldo/Documents/previsao_remuneracao/previsao_remuneracao/venv/lib/python3.10/site-packages/airflow/example_dags/example_sla_dag.py took 0.250 seconds
[2023-04-05 21:30:25,586] {processor.py:153} INFO - Started process (PID=55683) to work on /home/edinaldo/Documents/previsao_remuneracao/previsao_remuneracao/venv/lib/python3.10/site-packages/airflow/example_dags/example_sla_dag.py
[2023-04-05 21:30:25,587] {processor.py:641} INFO - Processing file /home/edinaldo/Documents/previsao_remuneracao/previsao_remuneracao/venv/lib/python3.10/site-packages/airflow/example_dags/example_sla_dag.py for tasks to queue
[2023-04-05 21:30:25,588] {logging_mixin.py:115} INFO - [2023-04-05 21:30:25,588] {dagbag.py:507} INFO - Filling up the DagBag from /home/edinaldo/Documents/previsao_remuneracao/previsao_remuneracao/venv/lib/python3.10/site-packages/airflow/example_dags/example_sla_dag.py
[2023-04-05 21:30:25,615] {processor.py:651} INFO - DAG(s) dict_keys(['example_sla_dag']) retrieved from /home/edinaldo/Documents/previsao_remuneracao/previsao_remuneracao/venv/lib/python3.10/site-packages/airflow/example_dags/example_sla_dag.py
[2023-04-05 21:30:25,637] {logging_mixin.py:115} INFO - [2023-04-05 21:30:25,636] {dag.py:2379} INFO - Sync 1 DAGs
[2023-04-05 21:30:25,668] {logging_mixin.py:115} INFO - [2023-04-05 21:30:25,668] {dag.py:2927} INFO - Setting next_dagrun for example_sla_dag to 2023-04-06T00:28:00+00:00, run_after=2023-04-06T00:30:00+00:00
[2023-04-05 21:30:25,765] {processor.py:161} INFO - Processing /home/edinaldo/Documents/previsao_remuneracao/previsao_remuneracao/venv/lib/python3.10/site-packages/airflow/example_dags/example_sla_dag.py took 0.186 seconds
[2023-04-05 21:31:01,648] {processor.py:153} INFO - Started process (PID=55740) to work on /home/edinaldo/Documents/previsao_remuneracao/previsao_remuneracao/venv/lib/python3.10/site-packages/airflow/example_dags/example_sla_dag.py
[2023-04-05 21:31:01,649] {processor.py:641} INFO - Processing file /home/edinaldo/Documents/previsao_remuneracao/previsao_remuneracao/venv/lib/python3.10/site-packages/airflow/example_dags/example_sla_dag.py for tasks to queue
[2023-04-05 21:31:01,650] {logging_mixin.py:115} INFO - [2023-04-05 21:31:01,650] {dagbag.py:507} INFO - Filling up the DagBag from /home/edinaldo/Documents/previsao_remuneracao/previsao_remuneracao/venv/lib/python3.10/site-packages/airflow/example_dags/example_sla_dag.py
[2023-04-05 21:31:01,705] {processor.py:651} INFO - DAG(s) dict_keys(['example_sla_dag']) retrieved from /home/edinaldo/Documents/previsao_remuneracao/previsao_remuneracao/venv/lib/python3.10/site-packages/airflow/example_dags/example_sla_dag.py
[2023-04-05 21:31:01,725] {logging_mixin.py:115} INFO - [2023-04-05 21:31:01,725] {dag.py:2379} INFO - Sync 1 DAGs
[2023-04-05 21:31:01,752] {logging_mixin.py:115} INFO - [2023-04-05 21:31:01,752] {dag.py:2927} INFO - Setting next_dagrun for example_sla_dag to 2023-04-06T00:28:00+00:00, run_after=2023-04-06T00:30:00+00:00
[2023-04-05 21:31:01,831] {processor.py:161} INFO - Processing /home/edinaldo/Documents/previsao_remuneracao/previsao_remuneracao/venv/lib/python3.10/site-packages/airflow/example_dags/example_sla_dag.py took 0.187 seconds
[2023-04-05 21:31:42,392] {processor.py:153} INFO - Started process (PID=55806) to work on /home/edinaldo/Documents/previsao_remuneracao/previsao_remuneracao/venv/lib/python3.10/site-packages/airflow/example_dags/example_sla_dag.py
[2023-04-05 21:31:42,393] {processor.py:641} INFO - Processing file /home/edinaldo/Documents/previsao_remuneracao/previsao_remuneracao/venv/lib/python3.10/site-packages/airflow/example_dags/example_sla_dag.py for tasks to queue
[2023-04-05 21:31:42,394] {logging_mixin.py:115} INFO - [2023-04-05 21:31:42,394] {dagbag.py:507} INFO - Filling up the DagBag from /home/edinaldo/Documents/previsao_remuneracao/previsao_remuneracao/venv/lib/python3.10/site-packages/airflow/example_dags/example_sla_dag.py
[2023-04-05 21:31:42,423] {processor.py:651} INFO - DAG(s) dict_keys(['example_sla_dag']) retrieved from /home/edinaldo/Documents/previsao_remuneracao/previsao_remuneracao/venv/lib/python3.10/site-packages/airflow/example_dags/example_sla_dag.py
[2023-04-05 21:31:42,455] {logging_mixin.py:115} INFO - [2023-04-05 21:31:42,455] {dag.py:2379} INFO - Sync 1 DAGs
[2023-04-05 21:31:42,484] {logging_mixin.py:115} INFO - [2023-04-05 21:31:42,484] {dag.py:2927} INFO - Setting next_dagrun for example_sla_dag to 2023-04-06T00:28:00+00:00, run_after=2023-04-06T00:30:00+00:00
[2023-04-05 21:31:42,563] {processor.py:161} INFO - Processing /home/edinaldo/Documents/previsao_remuneracao/previsao_remuneracao/venv/lib/python3.10/site-packages/airflow/example_dags/example_sla_dag.py took 0.179 seconds
[2023-04-05 21:32:30,204] {processor.py:153} INFO - Started process (PID=56050) to work on /home/edinaldo/Documents/previsao_remuneracao/previsao_remuneracao/venv/lib/python3.10/site-packages/airflow/example_dags/example_sla_dag.py
[2023-04-05 21:32:30,228] {processor.py:641} INFO - Processing file /home/edinaldo/Documents/previsao_remuneracao/previsao_remuneracao/venv/lib/python3.10/site-packages/airflow/example_dags/example_sla_dag.py for tasks to queue
[2023-04-05 21:32:30,230] {logging_mixin.py:115} INFO - [2023-04-05 21:32:30,229] {dagbag.py:507} INFO - Filling up the DagBag from /home/edinaldo/Documents/previsao_remuneracao/previsao_remuneracao/venv/lib/python3.10/site-packages/airflow/example_dags/example_sla_dag.py
[2023-04-05 21:32:30,278] {processor.py:651} INFO - DAG(s) dict_keys(['example_sla_dag']) retrieved from /home/edinaldo/Documents/previsao_remuneracao/previsao_remuneracao/venv/lib/python3.10/site-packages/airflow/example_dags/example_sla_dag.py
[2023-04-05 21:32:30,301] {logging_mixin.py:115} INFO - [2023-04-05 21:32:30,301] {dag.py:2379} INFO - Sync 1 DAGs
[2023-04-05 21:32:30,328] {logging_mixin.py:115} INFO - [2023-04-05 21:32:30,328] {dag.py:2927} INFO - Setting next_dagrun for example_sla_dag to 2023-04-06T00:30:00+00:00, run_after=2023-04-06T00:32:00+00:00
[2023-04-05 21:32:30,444] {processor.py:161} INFO - Processing /home/edinaldo/Documents/previsao_remuneracao/previsao_remuneracao/venv/lib/python3.10/site-packages/airflow/example_dags/example_sla_dag.py took 0.249 seconds
[2023-04-05 21:33:15,728] {processor.py:153} INFO - Started process (PID=56115) to work on /home/edinaldo/Documents/previsao_remuneracao/previsao_remuneracao/venv/lib/python3.10/site-packages/airflow/example_dags/example_sla_dag.py
[2023-04-05 21:33:15,737] {processor.py:641} INFO - Processing file /home/edinaldo/Documents/previsao_remuneracao/previsao_remuneracao/venv/lib/python3.10/site-packages/airflow/example_dags/example_sla_dag.py for tasks to queue
[2023-04-05 21:33:15,738] {logging_mixin.py:115} INFO - [2023-04-05 21:33:15,738] {dagbag.py:507} INFO - Filling up the DagBag from /home/edinaldo/Documents/previsao_remuneracao/previsao_remuneracao/venv/lib/python3.10/site-packages/airflow/example_dags/example_sla_dag.py
[2023-04-05 21:33:15,776] {processor.py:651} INFO - DAG(s) dict_keys(['example_sla_dag']) retrieved from /home/edinaldo/Documents/previsao_remuneracao/previsao_remuneracao/venv/lib/python3.10/site-packages/airflow/example_dags/example_sla_dag.py
[2023-04-05 21:33:15,806] {logging_mixin.py:115} INFO - [2023-04-05 21:33:15,806] {dag.py:2379} INFO - Sync 1 DAGs
[2023-04-05 21:33:15,844] {logging_mixin.py:115} INFO - [2023-04-05 21:33:15,844] {dag.py:2927} INFO - Setting next_dagrun for example_sla_dag to 2023-04-06T00:30:00+00:00, run_after=2023-04-06T00:32:00+00:00
[2023-04-05 21:33:15,961] {processor.py:161} INFO - Processing /home/edinaldo/Documents/previsao_remuneracao/previsao_remuneracao/venv/lib/python3.10/site-packages/airflow/example_dags/example_sla_dag.py took 0.240 seconds
[2023-04-05 21:34:00,144] {processor.py:153} INFO - Started process (PID=56167) to work on /home/edinaldo/Documents/previsao_remuneracao/previsao_remuneracao/venv/lib/python3.10/site-packages/airflow/example_dags/example_sla_dag.py
[2023-04-05 21:34:00,153] {processor.py:641} INFO - Processing file /home/edinaldo/Documents/previsao_remuneracao/previsao_remuneracao/venv/lib/python3.10/site-packages/airflow/example_dags/example_sla_dag.py for tasks to queue
[2023-04-05 21:34:00,154] {logging_mixin.py:115} INFO - [2023-04-05 21:34:00,154] {dagbag.py:507} INFO - Filling up the DagBag from /home/edinaldo/Documents/previsao_remuneracao/previsao_remuneracao/venv/lib/python3.10/site-packages/airflow/example_dags/example_sla_dag.py
[2023-04-05 21:34:00,200] {processor.py:651} INFO - DAG(s) dict_keys(['example_sla_dag']) retrieved from /home/edinaldo/Documents/previsao_remuneracao/previsao_remuneracao/venv/lib/python3.10/site-packages/airflow/example_dags/example_sla_dag.py
[2023-04-05 21:34:00,232] {logging_mixin.py:115} INFO - [2023-04-05 21:34:00,231] {dag.py:2379} INFO - Sync 1 DAGs
[2023-04-05 21:34:00,279] {logging_mixin.py:115} INFO - [2023-04-05 21:34:00,279] {dag.py:2927} INFO - Setting next_dagrun for example_sla_dag to 2023-04-06T00:32:00+00:00, run_after=2023-04-06T00:34:00+00:00
[2023-04-05 21:34:00,378] {processor.py:161} INFO - Processing /home/edinaldo/Documents/previsao_remuneracao/previsao_remuneracao/venv/lib/python3.10/site-packages/airflow/example_dags/example_sla_dag.py took 0.242 seconds
[2023-04-05 21:34:41,910] {processor.py:153} INFO - Started process (PID=56233) to work on /home/edinaldo/Documents/previsao_remuneracao/previsao_remuneracao/venv/lib/python3.10/site-packages/airflow/example_dags/example_sla_dag.py
[2023-04-05 21:34:41,911] {processor.py:641} INFO - Processing file /home/edinaldo/Documents/previsao_remuneracao/previsao_remuneracao/venv/lib/python3.10/site-packages/airflow/example_dags/example_sla_dag.py for tasks to queue
[2023-04-05 21:34:41,911] {logging_mixin.py:115} INFO - [2023-04-05 21:34:41,911] {dagbag.py:507} INFO - Filling up the DagBag from /home/edinaldo/Documents/previsao_remuneracao/previsao_remuneracao/venv/lib/python3.10/site-packages/airflow/example_dags/example_sla_dag.py
[2023-04-05 21:34:41,945] {processor.py:651} INFO - DAG(s) dict_keys(['example_sla_dag']) retrieved from /home/edinaldo/Documents/previsao_remuneracao/previsao_remuneracao/venv/lib/python3.10/site-packages/airflow/example_dags/example_sla_dag.py
[2023-04-05 21:34:41,967] {logging_mixin.py:115} INFO - [2023-04-05 21:34:41,967] {dag.py:2379} INFO - Sync 1 DAGs
[2023-04-05 21:34:42,001] {logging_mixin.py:115} INFO - [2023-04-05 21:34:42,001] {dag.py:2927} INFO - Setting next_dagrun for example_sla_dag to 2023-04-06T00:32:00+00:00, run_after=2023-04-06T00:34:00+00:00
[2023-04-05 21:34:42,111] {processor.py:161} INFO - Processing /home/edinaldo/Documents/previsao_remuneracao/previsao_remuneracao/venv/lib/python3.10/site-packages/airflow/example_dags/example_sla_dag.py took 0.206 seconds
[2023-04-05 21:35:19,089] {processor.py:153} INFO - Started process (PID=56269) to work on /home/edinaldo/Documents/previsao_remuneracao/previsao_remuneracao/venv/lib/python3.10/site-packages/airflow/example_dags/example_sla_dag.py
[2023-04-05 21:35:19,092] {processor.py:641} INFO - Processing file /home/edinaldo/Documents/previsao_remuneracao/previsao_remuneracao/venv/lib/python3.10/site-packages/airflow/example_dags/example_sla_dag.py for tasks to queue
[2023-04-05 21:35:19,093] {logging_mixin.py:115} INFO - [2023-04-05 21:35:19,093] {dagbag.py:507} INFO - Filling up the DagBag from /home/edinaldo/Documents/previsao_remuneracao/previsao_remuneracao/venv/lib/python3.10/site-packages/airflow/example_dags/example_sla_dag.py
[2023-04-05 21:35:19,131] {processor.py:651} INFO - DAG(s) dict_keys(['example_sla_dag']) retrieved from /home/edinaldo/Documents/previsao_remuneracao/previsao_remuneracao/venv/lib/python3.10/site-packages/airflow/example_dags/example_sla_dag.py
[2023-04-05 21:35:19,152] {logging_mixin.py:115} INFO - [2023-04-05 21:35:19,152] {dag.py:2379} INFO - Sync 1 DAGs
[2023-04-05 21:35:19,187] {logging_mixin.py:115} INFO - [2023-04-05 21:35:19,187] {dag.py:2927} INFO - Setting next_dagrun for example_sla_dag to 2023-04-06T00:32:00+00:00, run_after=2023-04-06T00:34:00+00:00
[2023-04-05 21:35:19,269] {processor.py:161} INFO - Processing /home/edinaldo/Documents/previsao_remuneracao/previsao_remuneracao/venv/lib/python3.10/site-packages/airflow/example_dags/example_sla_dag.py took 0.187 seconds
[2023-04-05 21:36:20,120] {processor.py:153} INFO - Started process (PID=56511) to work on /home/edinaldo/Documents/previsao_remuneracao/previsao_remuneracao/venv/lib/python3.10/site-packages/airflow/example_dags/example_sla_dag.py
[2023-04-05 21:36:20,143] {processor.py:641} INFO - Processing file /home/edinaldo/Documents/previsao_remuneracao/previsao_remuneracao/venv/lib/python3.10/site-packages/airflow/example_dags/example_sla_dag.py for tasks to queue
[2023-04-05 21:36:20,144] {logging_mixin.py:115} INFO - [2023-04-05 21:36:20,144] {dagbag.py:507} INFO - Filling up the DagBag from /home/edinaldo/Documents/previsao_remuneracao/previsao_remuneracao/venv/lib/python3.10/site-packages/airflow/example_dags/example_sla_dag.py
[2023-04-05 21:36:20,425] {processor.py:651} INFO - DAG(s) dict_keys(['example_sla_dag']) retrieved from /home/edinaldo/Documents/previsao_remuneracao/previsao_remuneracao/venv/lib/python3.10/site-packages/airflow/example_dags/example_sla_dag.py
[2023-04-05 21:36:20,493] {logging_mixin.py:115} INFO - [2023-04-05 21:36:20,493] {dag.py:2379} INFO - Sync 1 DAGs
[2023-04-05 21:36:20,594] {logging_mixin.py:115} INFO - [2023-04-05 21:36:20,594] {dag.py:2927} INFO - Setting next_dagrun for example_sla_dag to 2023-04-06T00:34:00+00:00, run_after=2023-04-06T00:36:00+00:00
[2023-04-05 21:36:20,945] {processor.py:161} INFO - Processing /home/edinaldo/Documents/previsao_remuneracao/previsao_remuneracao/venv/lib/python3.10/site-packages/airflow/example_dags/example_sla_dag.py took 0.830 seconds
[2023-04-05 21:37:22,759] {processor.py:153} INFO - Started process (PID=56789) to work on /home/edinaldo/Documents/previsao_remuneracao/previsao_remuneracao/venv/lib/python3.10/site-packages/airflow/example_dags/example_sla_dag.py
[2023-04-05 21:37:22,779] {processor.py:641} INFO - Processing file /home/edinaldo/Documents/previsao_remuneracao/previsao_remuneracao/venv/lib/python3.10/site-packages/airflow/example_dags/example_sla_dag.py for tasks to queue
[2023-04-05 21:37:22,780] {logging_mixin.py:115} INFO - [2023-04-05 21:37:22,779] {dagbag.py:507} INFO - Filling up the DagBag from /home/edinaldo/Documents/previsao_remuneracao/previsao_remuneracao/venv/lib/python3.10/site-packages/airflow/example_dags/example_sla_dag.py
[2023-04-05 21:37:22,885] {processor.py:651} INFO - DAG(s) dict_keys(['example_sla_dag']) retrieved from /home/edinaldo/Documents/previsao_remuneracao/previsao_remuneracao/venv/lib/python3.10/site-packages/airflow/example_dags/example_sla_dag.py
[2023-04-05 21:37:22,909] {logging_mixin.py:115} INFO - [2023-04-05 21:37:22,908] {dag.py:2379} INFO - Sync 1 DAGs
[2023-04-05 21:37:22,939] {logging_mixin.py:115} INFO - [2023-04-05 21:37:22,939] {dag.py:2927} INFO - Setting next_dagrun for example_sla_dag to 2023-04-06T00:34:00+00:00, run_after=2023-04-06T00:36:00+00:00
[2023-04-05 21:37:23,041] {processor.py:161} INFO - Processing /home/edinaldo/Documents/previsao_remuneracao/previsao_remuneracao/venv/lib/python3.10/site-packages/airflow/example_dags/example_sla_dag.py took 0.291 seconds
[2023-04-05 21:38:11,892] {processor.py:153} INFO - Started process (PID=56967) to work on /home/edinaldo/Documents/previsao_remuneracao/previsao_remuneracao/venv/lib/python3.10/site-packages/airflow/example_dags/example_sla_dag.py
[2023-04-05 21:38:11,908] {processor.py:641} INFO - Processing file /home/edinaldo/Documents/previsao_remuneracao/previsao_remuneracao/venv/lib/python3.10/site-packages/airflow/example_dags/example_sla_dag.py for tasks to queue
[2023-04-05 21:38:11,910] {logging_mixin.py:115} INFO - [2023-04-05 21:38:11,909] {dagbag.py:507} INFO - Filling up the DagBag from /home/edinaldo/Documents/previsao_remuneracao/previsao_remuneracao/venv/lib/python3.10/site-packages/airflow/example_dags/example_sla_dag.py
[2023-04-05 21:38:12,058] {processor.py:651} INFO - DAG(s) dict_keys(['example_sla_dag']) retrieved from /home/edinaldo/Documents/previsao_remuneracao/previsao_remuneracao/venv/lib/python3.10/site-packages/airflow/example_dags/example_sla_dag.py
[2023-04-05 21:38:12,082] {logging_mixin.py:115} INFO - [2023-04-05 21:38:12,082] {dag.py:2379} INFO - Sync 1 DAGs
[2023-04-05 21:38:12,122] {logging_mixin.py:115} INFO - [2023-04-05 21:38:12,122] {dag.py:2927} INFO - Setting next_dagrun for example_sla_dag to 2023-04-06T00:36:00+00:00, run_after=2023-04-06T00:38:00+00:00
[2023-04-05 21:38:12,241] {processor.py:161} INFO - Processing /home/edinaldo/Documents/previsao_remuneracao/previsao_remuneracao/venv/lib/python3.10/site-packages/airflow/example_dags/example_sla_dag.py took 0.360 seconds
[2023-04-05 21:39:14,391] {processor.py:153} INFO - Started process (PID=57260) to work on /home/edinaldo/Documents/previsao_remuneracao/previsao_remuneracao/venv/lib/python3.10/site-packages/airflow/example_dags/example_sla_dag.py
[2023-04-05 21:39:14,419] {processor.py:641} INFO - Processing file /home/edinaldo/Documents/previsao_remuneracao/previsao_remuneracao/venv/lib/python3.10/site-packages/airflow/example_dags/example_sla_dag.py for tasks to queue
[2023-04-05 21:39:14,419] {logging_mixin.py:115} INFO - [2023-04-05 21:39:14,419] {dagbag.py:507} INFO - Filling up the DagBag from /home/edinaldo/Documents/previsao_remuneracao/previsao_remuneracao/venv/lib/python3.10/site-packages/airflow/example_dags/example_sla_dag.py
[2023-04-05 21:39:14,521] {processor.py:651} INFO - DAG(s) dict_keys(['example_sla_dag']) retrieved from /home/edinaldo/Documents/previsao_remuneracao/previsao_remuneracao/venv/lib/python3.10/site-packages/airflow/example_dags/example_sla_dag.py
[2023-04-05 21:39:14,543] {logging_mixin.py:115} INFO - [2023-04-05 21:39:14,542] {dag.py:2379} INFO - Sync 1 DAGs
[2023-04-05 21:39:14,586] {logging_mixin.py:115} INFO - [2023-04-05 21:39:14,586] {dag.py:2927} INFO - Setting next_dagrun for example_sla_dag to 2023-04-06T00:36:00+00:00, run_after=2023-04-06T00:38:00+00:00
[2023-04-05 21:39:14,794] {processor.py:161} INFO - Processing /home/edinaldo/Documents/previsao_remuneracao/previsao_remuneracao/venv/lib/python3.10/site-packages/airflow/example_dags/example_sla_dag.py took 0.408 seconds
[2023-04-05 21:40:19,900] {processor.py:153} INFO - Started process (PID=57609) to work on /home/edinaldo/Documents/previsao_remuneracao/previsao_remuneracao/venv/lib/python3.10/site-packages/airflow/example_dags/example_sla_dag.py
[2023-04-05 21:40:19,929] {processor.py:641} INFO - Processing file /home/edinaldo/Documents/previsao_remuneracao/previsao_remuneracao/venv/lib/python3.10/site-packages/airflow/example_dags/example_sla_dag.py for tasks to queue
[2023-04-05 21:40:19,929] {logging_mixin.py:115} INFO - [2023-04-05 21:40:19,929] {dagbag.py:507} INFO - Filling up the DagBag from /home/edinaldo/Documents/previsao_remuneracao/previsao_remuneracao/venv/lib/python3.10/site-packages/airflow/example_dags/example_sla_dag.py
[2023-04-05 21:40:19,995] {processor.py:651} INFO - DAG(s) dict_keys(['example_sla_dag']) retrieved from /home/edinaldo/Documents/previsao_remuneracao/previsao_remuneracao/venv/lib/python3.10/site-packages/airflow/example_dags/example_sla_dag.py
[2023-04-05 21:40:20,030] {logging_mixin.py:115} INFO - [2023-04-05 21:40:20,030] {dag.py:2379} INFO - Sync 1 DAGs
[2023-04-05 21:40:20,074] {logging_mixin.py:115} INFO - [2023-04-05 21:40:20,073] {dag.py:2927} INFO - Setting next_dagrun for example_sla_dag to 2023-04-06T00:38:00+00:00, run_after=2023-04-06T00:40:00+00:00
[2023-04-05 21:40:20,148] {processor.py:161} INFO - Processing /home/edinaldo/Documents/previsao_remuneracao/previsao_remuneracao/venv/lib/python3.10/site-packages/airflow/example_dags/example_sla_dag.py took 0.261 seconds
[2023-04-05 21:41:02,634] {processor.py:153} INFO - Started process (PID=57859) to work on /home/edinaldo/Documents/previsao_remuneracao/previsao_remuneracao/venv/lib/python3.10/site-packages/airflow/example_dags/example_sla_dag.py
[2023-04-05 21:41:02,644] {processor.py:641} INFO - Processing file /home/edinaldo/Documents/previsao_remuneracao/previsao_remuneracao/venv/lib/python3.10/site-packages/airflow/example_dags/example_sla_dag.py for tasks to queue
[2023-04-05 21:41:02,645] {logging_mixin.py:115} INFO - [2023-04-05 21:41:02,644] {dagbag.py:507} INFO - Filling up the DagBag from /home/edinaldo/Documents/previsao_remuneracao/previsao_remuneracao/venv/lib/python3.10/site-packages/airflow/example_dags/example_sla_dag.py
[2023-04-05 21:41:02,700] {processor.py:651} INFO - DAG(s) dict_keys(['example_sla_dag']) retrieved from /home/edinaldo/Documents/previsao_remuneracao/previsao_remuneracao/venv/lib/python3.10/site-packages/airflow/example_dags/example_sla_dag.py
[2023-04-05 21:41:02,776] {logging_mixin.py:115} INFO - [2023-04-05 21:41:02,776] {dag.py:2379} INFO - Sync 1 DAGs
[2023-04-05 21:41:02,815] {logging_mixin.py:115} INFO - [2023-04-05 21:41:02,815] {dag.py:2927} INFO - Setting next_dagrun for example_sla_dag to 2023-04-06T00:38:00+00:00, run_after=2023-04-06T00:40:00+00:00
[2023-04-05 21:41:02,899] {processor.py:161} INFO - Processing /home/edinaldo/Documents/previsao_remuneracao/previsao_remuneracao/venv/lib/python3.10/site-packages/airflow/example_dags/example_sla_dag.py took 0.272 seconds
[2023-04-05 21:41:42,950] {processor.py:153} INFO - Started process (PID=58080) to work on /home/edinaldo/Documents/previsao_remuneracao/previsao_remuneracao/venv/lib/python3.10/site-packages/airflow/example_dags/example_sla_dag.py
[2023-04-05 21:41:42,995] {processor.py:641} INFO - Processing file /home/edinaldo/Documents/previsao_remuneracao/previsao_remuneracao/venv/lib/python3.10/site-packages/airflow/example_dags/example_sla_dag.py for tasks to queue
[2023-04-05 21:41:42,997] {logging_mixin.py:115} INFO - [2023-04-05 21:41:42,997] {dagbag.py:507} INFO - Filling up the DagBag from /home/edinaldo/Documents/previsao_remuneracao/previsao_remuneracao/venv/lib/python3.10/site-packages/airflow/example_dags/example_sla_dag.py
[2023-04-05 21:41:43,054] {processor.py:651} INFO - DAG(s) dict_keys(['example_sla_dag']) retrieved from /home/edinaldo/Documents/previsao_remuneracao/previsao_remuneracao/venv/lib/python3.10/site-packages/airflow/example_dags/example_sla_dag.py
[2023-04-05 21:41:43,071] {logging_mixin.py:115} INFO - [2023-04-05 21:41:43,071] {dag.py:2379} INFO - Sync 1 DAGs
[2023-04-05 21:41:43,094] {logging_mixin.py:115} INFO - [2023-04-05 21:41:43,094] {dag.py:2927} INFO - Setting next_dagrun for example_sla_dag to 2023-04-06T00:38:00+00:00, run_after=2023-04-06T00:40:00+00:00
[2023-04-05 21:41:43,196] {processor.py:161} INFO - Processing /home/edinaldo/Documents/previsao_remuneracao/previsao_remuneracao/venv/lib/python3.10/site-packages/airflow/example_dags/example_sla_dag.py took 0.249 seconds
[2023-04-05 21:42:29,514] {processor.py:153} INFO - Started process (PID=58357) to work on /home/edinaldo/Documents/previsao_remuneracao/previsao_remuneracao/venv/lib/python3.10/site-packages/airflow/example_dags/example_sla_dag.py
[2023-04-05 21:42:29,528] {processor.py:641} INFO - Processing file /home/edinaldo/Documents/previsao_remuneracao/previsao_remuneracao/venv/lib/python3.10/site-packages/airflow/example_dags/example_sla_dag.py for tasks to queue
[2023-04-05 21:42:29,530] {logging_mixin.py:115} INFO - [2023-04-05 21:42:29,530] {dagbag.py:507} INFO - Filling up the DagBag from /home/edinaldo/Documents/previsao_remuneracao/previsao_remuneracao/venv/lib/python3.10/site-packages/airflow/example_dags/example_sla_dag.py
[2023-04-05 21:42:29,577] {processor.py:651} INFO - DAG(s) dict_keys(['example_sla_dag']) retrieved from /home/edinaldo/Documents/previsao_remuneracao/previsao_remuneracao/venv/lib/python3.10/site-packages/airflow/example_dags/example_sla_dag.py
[2023-04-05 21:42:29,593] {logging_mixin.py:115} INFO - [2023-04-05 21:42:29,593] {dag.py:2379} INFO - Sync 1 DAGs
[2023-04-05 21:42:29,616] {logging_mixin.py:115} INFO - [2023-04-05 21:42:29,616] {dag.py:2927} INFO - Setting next_dagrun for example_sla_dag to 2023-04-06T00:40:00+00:00, run_after=2023-04-06T00:42:00+00:00
[2023-04-05 21:42:29,755] {processor.py:161} INFO - Processing /home/edinaldo/Documents/previsao_remuneracao/previsao_remuneracao/venv/lib/python3.10/site-packages/airflow/example_dags/example_sla_dag.py took 0.251 seconds
