[2023-04-05 21:00:07,957] {processor.py:153} INFO - Started process (PID=52074) to work on /home/edinaldo/Documents/previsao_remuneracao/previsao_remuneracao/venv/lib/python3.10/site-packages/airflow/example_dags/tutorial_taskflow_api_etl.py
[2023-04-05 21:00:07,958] {processor.py:641} INFO - Processing file /home/edinaldo/Documents/previsao_remuneracao/previsao_remuneracao/venv/lib/python3.10/site-packages/airflow/example_dags/tutorial_taskflow_api_etl.py for tasks to queue
[2023-04-05 21:00:07,959] {logging_mixin.py:115} INFO - [2023-04-05 21:00:07,959] {dagbag.py:507} INFO - Filling up the DagBag from /home/edinaldo/Documents/previsao_remuneracao/previsao_remuneracao/venv/lib/python3.10/site-packages/airflow/example_dags/tutorial_taskflow_api_etl.py
[2023-04-05 21:00:07,992] {processor.py:651} INFO - DAG(s) dict_keys(['tutorial_taskflow_api_etl']) retrieved from /home/edinaldo/Documents/previsao_remuneracao/previsao_remuneracao/venv/lib/python3.10/site-packages/airflow/example_dags/tutorial_taskflow_api_etl.py
[2023-04-05 21:00:08,009] {logging_mixin.py:115} INFO - [2023-04-05 21:00:08,009] {dag.py:2379} INFO - Sync 1 DAGs
[2023-04-05 21:00:08,027] {logging_mixin.py:115} INFO - [2023-04-05 21:00:08,027] {dag.py:2927} INFO - Setting next_dagrun for tutorial_taskflow_api_etl to None, run_after=None
[2023-04-05 21:00:08,125] {processor.py:161} INFO - Processing /home/edinaldo/Documents/previsao_remuneracao/previsao_remuneracao/venv/lib/python3.10/site-packages/airflow/example_dags/tutorial_taskflow_api_etl.py took 0.177 seconds
[2023-04-05 21:00:50,811] {processor.py:153} INFO - Started process (PID=52181) to work on /home/edinaldo/Documents/previsao_remuneracao/previsao_remuneracao/venv/lib/python3.10/site-packages/airflow/example_dags/tutorial_taskflow_api_etl.py
[2023-04-05 21:00:50,827] {processor.py:641} INFO - Processing file /home/edinaldo/Documents/previsao_remuneracao/previsao_remuneracao/venv/lib/python3.10/site-packages/airflow/example_dags/tutorial_taskflow_api_etl.py for tasks to queue
[2023-04-05 21:00:50,829] {logging_mixin.py:115} INFO - [2023-04-05 21:00:50,828] {dagbag.py:507} INFO - Filling up the DagBag from /home/edinaldo/Documents/previsao_remuneracao/previsao_remuneracao/venv/lib/python3.10/site-packages/airflow/example_dags/tutorial_taskflow_api_etl.py
[2023-04-05 21:00:50,863] {processor.py:651} INFO - DAG(s) dict_keys(['tutorial_taskflow_api_etl']) retrieved from /home/edinaldo/Documents/previsao_remuneracao/previsao_remuneracao/venv/lib/python3.10/site-packages/airflow/example_dags/tutorial_taskflow_api_etl.py
[2023-04-05 21:00:50,880] {logging_mixin.py:115} INFO - [2023-04-05 21:00:50,880] {dag.py:2379} INFO - Sync 1 DAGs
[2023-04-05 21:00:50,899] {logging_mixin.py:115} INFO - [2023-04-05 21:00:50,899] {dag.py:2927} INFO - Setting next_dagrun for tutorial_taskflow_api_etl to None, run_after=None
[2023-04-05 21:00:50,986] {processor.py:161} INFO - Processing /home/edinaldo/Documents/previsao_remuneracao/previsao_remuneracao/venv/lib/python3.10/site-packages/airflow/example_dags/tutorial_taskflow_api_etl.py took 0.185 seconds
[2023-04-05 21:01:29,072] {processor.py:153} INFO - Started process (PID=52215) to work on /home/edinaldo/Documents/previsao_remuneracao/previsao_remuneracao/venv/lib/python3.10/site-packages/airflow/example_dags/tutorial_taskflow_api_etl.py
[2023-04-05 21:01:29,074] {processor.py:641} INFO - Processing file /home/edinaldo/Documents/previsao_remuneracao/previsao_remuneracao/venv/lib/python3.10/site-packages/airflow/example_dags/tutorial_taskflow_api_etl.py for tasks to queue
[2023-04-05 21:01:29,075] {logging_mixin.py:115} INFO - [2023-04-05 21:01:29,075] {dagbag.py:507} INFO - Filling up the DagBag from /home/edinaldo/Documents/previsao_remuneracao/previsao_remuneracao/venv/lib/python3.10/site-packages/airflow/example_dags/tutorial_taskflow_api_etl.py
[2023-04-05 21:01:29,103] {processor.py:651} INFO - DAG(s) dict_keys(['tutorial_taskflow_api_etl']) retrieved from /home/edinaldo/Documents/previsao_remuneracao/previsao_remuneracao/venv/lib/python3.10/site-packages/airflow/example_dags/tutorial_taskflow_api_etl.py
[2023-04-05 21:01:29,157] {logging_mixin.py:115} INFO - [2023-04-05 21:01:29,157] {dag.py:2379} INFO - Sync 1 DAGs
[2023-04-05 21:01:29,173] {logging_mixin.py:115} INFO - [2023-04-05 21:01:29,173] {dag.py:2927} INFO - Setting next_dagrun for tutorial_taskflow_api_etl to None, run_after=None
[2023-04-05 21:01:29,267] {processor.py:161} INFO - Processing /home/edinaldo/Documents/previsao_remuneracao/previsao_remuneracao/venv/lib/python3.10/site-packages/airflow/example_dags/tutorial_taskflow_api_etl.py took 0.205 seconds
[2023-04-05 21:02:10,089] {processor.py:153} INFO - Started process (PID=52326) to work on /home/edinaldo/Documents/previsao_remuneracao/previsao_remuneracao/venv/lib/python3.10/site-packages/airflow/example_dags/tutorial_taskflow_api_etl.py
[2023-04-05 21:02:10,091] {processor.py:641} INFO - Processing file /home/edinaldo/Documents/previsao_remuneracao/previsao_remuneracao/venv/lib/python3.10/site-packages/airflow/example_dags/tutorial_taskflow_api_etl.py for tasks to queue
[2023-04-05 21:02:10,092] {logging_mixin.py:115} INFO - [2023-04-05 21:02:10,092] {dagbag.py:507} INFO - Filling up the DagBag from /home/edinaldo/Documents/previsao_remuneracao/previsao_remuneracao/venv/lib/python3.10/site-packages/airflow/example_dags/tutorial_taskflow_api_etl.py
[2023-04-05 21:02:10,134] {processor.py:651} INFO - DAG(s) dict_keys(['tutorial_taskflow_api_etl']) retrieved from /home/edinaldo/Documents/previsao_remuneracao/previsao_remuneracao/venv/lib/python3.10/site-packages/airflow/example_dags/tutorial_taskflow_api_etl.py
[2023-04-05 21:02:10,151] {logging_mixin.py:115} INFO - [2023-04-05 21:02:10,150] {dag.py:2379} INFO - Sync 1 DAGs
[2023-04-05 21:02:10,170] {logging_mixin.py:115} INFO - [2023-04-05 21:02:10,170] {dag.py:2927} INFO - Setting next_dagrun for tutorial_taskflow_api_etl to None, run_after=None
[2023-04-05 21:02:10,270] {processor.py:161} INFO - Processing /home/edinaldo/Documents/previsao_remuneracao/previsao_remuneracao/venv/lib/python3.10/site-packages/airflow/example_dags/tutorial_taskflow_api_etl.py took 0.191 seconds
[2023-04-05 21:02:51,053] {processor.py:153} INFO - Started process (PID=52433) to work on /home/edinaldo/Documents/previsao_remuneracao/previsao_remuneracao/venv/lib/python3.10/site-packages/airflow/example_dags/tutorial_taskflow_api_etl.py
[2023-04-05 21:02:51,053] {processor.py:641} INFO - Processing file /home/edinaldo/Documents/previsao_remuneracao/previsao_remuneracao/venv/lib/python3.10/site-packages/airflow/example_dags/tutorial_taskflow_api_etl.py for tasks to queue
[2023-04-05 21:02:51,054] {logging_mixin.py:115} INFO - [2023-04-05 21:02:51,054] {dagbag.py:507} INFO - Filling up the DagBag from /home/edinaldo/Documents/previsao_remuneracao/previsao_remuneracao/venv/lib/python3.10/site-packages/airflow/example_dags/tutorial_taskflow_api_etl.py
[2023-04-05 21:02:51,075] {processor.py:651} INFO - DAG(s) dict_keys(['tutorial_taskflow_api_etl']) retrieved from /home/edinaldo/Documents/previsao_remuneracao/previsao_remuneracao/venv/lib/python3.10/site-packages/airflow/example_dags/tutorial_taskflow_api_etl.py
[2023-04-05 21:02:51,093] {logging_mixin.py:115} INFO - [2023-04-05 21:02:51,092] {dag.py:2379} INFO - Sync 1 DAGs
[2023-04-05 21:02:51,113] {logging_mixin.py:115} INFO - [2023-04-05 21:02:51,113] {dag.py:2927} INFO - Setting next_dagrun for tutorial_taskflow_api_etl to None, run_after=None
[2023-04-05 21:02:51,204] {processor.py:161} INFO - Processing /home/edinaldo/Documents/previsao_remuneracao/previsao_remuneracao/venv/lib/python3.10/site-packages/airflow/example_dags/tutorial_taskflow_api_etl.py took 0.155 seconds
[2023-04-05 21:03:29,087] {processor.py:153} INFO - Started process (PID=52467) to work on /home/edinaldo/Documents/previsao_remuneracao/previsao_remuneracao/venv/lib/python3.10/site-packages/airflow/example_dags/tutorial_taskflow_api_etl.py
[2023-04-05 21:03:29,095] {processor.py:641} INFO - Processing file /home/edinaldo/Documents/previsao_remuneracao/previsao_remuneracao/venv/lib/python3.10/site-packages/airflow/example_dags/tutorial_taskflow_api_etl.py for tasks to queue
[2023-04-05 21:03:29,096] {logging_mixin.py:115} INFO - [2023-04-05 21:03:29,096] {dagbag.py:507} INFO - Filling up the DagBag from /home/edinaldo/Documents/previsao_remuneracao/previsao_remuneracao/venv/lib/python3.10/site-packages/airflow/example_dags/tutorial_taskflow_api_etl.py
[2023-04-05 21:03:29,127] {processor.py:651} INFO - DAG(s) dict_keys(['tutorial_taskflow_api_etl']) retrieved from /home/edinaldo/Documents/previsao_remuneracao/previsao_remuneracao/venv/lib/python3.10/site-packages/airflow/example_dags/tutorial_taskflow_api_etl.py
[2023-04-05 21:03:29,144] {logging_mixin.py:115} INFO - [2023-04-05 21:03:29,143] {dag.py:2379} INFO - Sync 1 DAGs
[2023-04-05 21:03:29,163] {logging_mixin.py:115} INFO - [2023-04-05 21:03:29,163] {dag.py:2927} INFO - Setting next_dagrun for tutorial_taskflow_api_etl to None, run_after=None
[2023-04-05 21:03:29,264] {processor.py:161} INFO - Processing /home/edinaldo/Documents/previsao_remuneracao/previsao_remuneracao/venv/lib/python3.10/site-packages/airflow/example_dags/tutorial_taskflow_api_etl.py took 0.187 seconds
[2023-04-05 21:04:13,398] {processor.py:153} INFO - Started process (PID=52527) to work on /home/edinaldo/Documents/previsao_remuneracao/previsao_remuneracao/venv/lib/python3.10/site-packages/airflow/example_dags/tutorial_taskflow_api_etl.py
[2023-04-05 21:04:13,412] {processor.py:641} INFO - Processing file /home/edinaldo/Documents/previsao_remuneracao/previsao_remuneracao/venv/lib/python3.10/site-packages/airflow/example_dags/tutorial_taskflow_api_etl.py for tasks to queue
[2023-04-05 21:04:13,414] {logging_mixin.py:115} INFO - [2023-04-05 21:04:13,413] {dagbag.py:507} INFO - Filling up the DagBag from /home/edinaldo/Documents/previsao_remuneracao/previsao_remuneracao/venv/lib/python3.10/site-packages/airflow/example_dags/tutorial_taskflow_api_etl.py
[2023-04-05 21:04:13,439] {processor.py:651} INFO - DAG(s) dict_keys(['tutorial_taskflow_api_etl']) retrieved from /home/edinaldo/Documents/previsao_remuneracao/previsao_remuneracao/venv/lib/python3.10/site-packages/airflow/example_dags/tutorial_taskflow_api_etl.py
[2023-04-05 21:04:13,455] {logging_mixin.py:115} INFO - [2023-04-05 21:04:13,455] {dag.py:2379} INFO - Sync 1 DAGs
[2023-04-05 21:04:13,474] {logging_mixin.py:115} INFO - [2023-04-05 21:04:13,474] {dag.py:2927} INFO - Setting next_dagrun for tutorial_taskflow_api_etl to None, run_after=None
[2023-04-05 21:04:13,576] {processor.py:161} INFO - Processing /home/edinaldo/Documents/previsao_remuneracao/previsao_remuneracao/venv/lib/python3.10/site-packages/airflow/example_dags/tutorial_taskflow_api_etl.py took 0.188 seconds
[2023-04-05 21:04:57,805] {processor.py:153} INFO - Started process (PID=52597) to work on /home/edinaldo/Documents/previsao_remuneracao/previsao_remuneracao/venv/lib/python3.10/site-packages/airflow/example_dags/tutorial_taskflow_api_etl.py
[2023-04-05 21:04:57,805] {processor.py:641} INFO - Processing file /home/edinaldo/Documents/previsao_remuneracao/previsao_remuneracao/venv/lib/python3.10/site-packages/airflow/example_dags/tutorial_taskflow_api_etl.py for tasks to queue
[2023-04-05 21:04:57,806] {logging_mixin.py:115} INFO - [2023-04-05 21:04:57,806] {dagbag.py:507} INFO - Filling up the DagBag from /home/edinaldo/Documents/previsao_remuneracao/previsao_remuneracao/venv/lib/python3.10/site-packages/airflow/example_dags/tutorial_taskflow_api_etl.py
[2023-04-05 21:04:57,826] {processor.py:651} INFO - DAG(s) dict_keys(['tutorial_taskflow_api_etl']) retrieved from /home/edinaldo/Documents/previsao_remuneracao/previsao_remuneracao/venv/lib/python3.10/site-packages/airflow/example_dags/tutorial_taskflow_api_etl.py
[2023-04-05 21:04:57,843] {logging_mixin.py:115} INFO - [2023-04-05 21:04:57,843] {dag.py:2379} INFO - Sync 1 DAGs
[2023-04-05 21:04:57,863] {logging_mixin.py:115} INFO - [2023-04-05 21:04:57,863] {dag.py:2927} INFO - Setting next_dagrun for tutorial_taskflow_api_etl to None, run_after=None
[2023-04-05 21:04:57,957] {processor.py:161} INFO - Processing /home/edinaldo/Documents/previsao_remuneracao/previsao_remuneracao/venv/lib/python3.10/site-packages/airflow/example_dags/tutorial_taskflow_api_etl.py took 0.156 seconds
[2023-04-05 21:05:41,520] {processor.py:153} INFO - Started process (PID=52664) to work on /home/edinaldo/Documents/previsao_remuneracao/previsao_remuneracao/venv/lib/python3.10/site-packages/airflow/example_dags/tutorial_taskflow_api_etl.py
[2023-04-05 21:05:41,522] {processor.py:641} INFO - Processing file /home/edinaldo/Documents/previsao_remuneracao/previsao_remuneracao/venv/lib/python3.10/site-packages/airflow/example_dags/tutorial_taskflow_api_etl.py for tasks to queue
[2023-04-05 21:05:41,524] {logging_mixin.py:115} INFO - [2023-04-05 21:05:41,524] {dagbag.py:507} INFO - Filling up the DagBag from /home/edinaldo/Documents/previsao_remuneracao/previsao_remuneracao/venv/lib/python3.10/site-packages/airflow/example_dags/tutorial_taskflow_api_etl.py
[2023-04-05 21:05:41,561] {processor.py:651} INFO - DAG(s) dict_keys(['tutorial_taskflow_api_etl']) retrieved from /home/edinaldo/Documents/previsao_remuneracao/previsao_remuneracao/venv/lib/python3.10/site-packages/airflow/example_dags/tutorial_taskflow_api_etl.py
[2023-04-05 21:05:41,577] {logging_mixin.py:115} INFO - [2023-04-05 21:05:41,577] {dag.py:2379} INFO - Sync 1 DAGs
[2023-04-05 21:05:41,597] {logging_mixin.py:115} INFO - [2023-04-05 21:05:41,597] {dag.py:2927} INFO - Setting next_dagrun for tutorial_taskflow_api_etl to None, run_after=None
[2023-04-05 21:05:41,682] {processor.py:161} INFO - Processing /home/edinaldo/Documents/previsao_remuneracao/previsao_remuneracao/venv/lib/python3.10/site-packages/airflow/example_dags/tutorial_taskflow_api_etl.py took 0.171 seconds
[2023-04-05 21:06:20,079] {processor.py:153} INFO - Started process (PID=52707) to work on /home/edinaldo/Documents/previsao_remuneracao/previsao_remuneracao/venv/lib/python3.10/site-packages/airflow/example_dags/tutorial_taskflow_api_etl.py
[2023-04-05 21:06:20,090] {processor.py:641} INFO - Processing file /home/edinaldo/Documents/previsao_remuneracao/previsao_remuneracao/venv/lib/python3.10/site-packages/airflow/example_dags/tutorial_taskflow_api_etl.py for tasks to queue
[2023-04-05 21:06:20,091] {logging_mixin.py:115} INFO - [2023-04-05 21:06:20,091] {dagbag.py:507} INFO - Filling up the DagBag from /home/edinaldo/Documents/previsao_remuneracao/previsao_remuneracao/venv/lib/python3.10/site-packages/airflow/example_dags/tutorial_taskflow_api_etl.py
[2023-04-05 21:06:20,111] {processor.py:651} INFO - DAG(s) dict_keys(['tutorial_taskflow_api_etl']) retrieved from /home/edinaldo/Documents/previsao_remuneracao/previsao_remuneracao/venv/lib/python3.10/site-packages/airflow/example_dags/tutorial_taskflow_api_etl.py
[2023-04-05 21:06:20,174] {logging_mixin.py:115} INFO - [2023-04-05 21:06:20,174] {dag.py:2379} INFO - Sync 1 DAGs
[2023-04-05 21:06:20,191] {logging_mixin.py:115} INFO - [2023-04-05 21:06:20,190] {dag.py:2927} INFO - Setting next_dagrun for tutorial_taskflow_api_etl to None, run_after=None
[2023-04-05 21:06:20,297] {processor.py:161} INFO - Processing /home/edinaldo/Documents/previsao_remuneracao/previsao_remuneracao/venv/lib/python3.10/site-packages/airflow/example_dags/tutorial_taskflow_api_etl.py took 0.222 seconds
[2023-04-05 21:07:03,357] {processor.py:153} INFO - Started process (PID=52774) to work on /home/edinaldo/Documents/previsao_remuneracao/previsao_remuneracao/venv/lib/python3.10/site-packages/airflow/example_dags/tutorial_taskflow_api_etl.py
[2023-04-05 21:07:03,375] {processor.py:641} INFO - Processing file /home/edinaldo/Documents/previsao_remuneracao/previsao_remuneracao/venv/lib/python3.10/site-packages/airflow/example_dags/tutorial_taskflow_api_etl.py for tasks to queue
[2023-04-05 21:07:03,376] {logging_mixin.py:115} INFO - [2023-04-05 21:07:03,376] {dagbag.py:507} INFO - Filling up the DagBag from /home/edinaldo/Documents/previsao_remuneracao/previsao_remuneracao/venv/lib/python3.10/site-packages/airflow/example_dags/tutorial_taskflow_api_etl.py
[2023-04-05 21:07:03,413] {processor.py:651} INFO - DAG(s) dict_keys(['tutorial_taskflow_api_etl']) retrieved from /home/edinaldo/Documents/previsao_remuneracao/previsao_remuneracao/venv/lib/python3.10/site-packages/airflow/example_dags/tutorial_taskflow_api_etl.py
[2023-04-05 21:07:03,429] {logging_mixin.py:115} INFO - [2023-04-05 21:07:03,429] {dag.py:2379} INFO - Sync 1 DAGs
[2023-04-05 21:07:03,448] {logging_mixin.py:115} INFO - [2023-04-05 21:07:03,448] {dag.py:2927} INFO - Setting next_dagrun for tutorial_taskflow_api_etl to None, run_after=None
[2023-04-05 21:07:03,544] {processor.py:161} INFO - Processing /home/edinaldo/Documents/previsao_remuneracao/previsao_remuneracao/venv/lib/python3.10/site-packages/airflow/example_dags/tutorial_taskflow_api_etl.py took 0.197 seconds
[2023-04-05 21:07:38,079] {processor.py:153} INFO - Started process (PID=52809) to work on /home/edinaldo/Documents/previsao_remuneracao/previsao_remuneracao/venv/lib/python3.10/site-packages/airflow/example_dags/tutorial_taskflow_api_etl.py
[2023-04-05 21:07:38,080] {processor.py:641} INFO - Processing file /home/edinaldo/Documents/previsao_remuneracao/previsao_remuneracao/venv/lib/python3.10/site-packages/airflow/example_dags/tutorial_taskflow_api_etl.py for tasks to queue
[2023-04-05 21:07:38,082] {logging_mixin.py:115} INFO - [2023-04-05 21:07:38,082] {dagbag.py:507} INFO - Filling up the DagBag from /home/edinaldo/Documents/previsao_remuneracao/previsao_remuneracao/venv/lib/python3.10/site-packages/airflow/example_dags/tutorial_taskflow_api_etl.py
[2023-04-05 21:07:38,108] {processor.py:651} INFO - DAG(s) dict_keys(['tutorial_taskflow_api_etl']) retrieved from /home/edinaldo/Documents/previsao_remuneracao/previsao_remuneracao/venv/lib/python3.10/site-packages/airflow/example_dags/tutorial_taskflow_api_etl.py
[2023-04-05 21:07:38,125] {logging_mixin.py:115} INFO - [2023-04-05 21:07:38,125] {dag.py:2379} INFO - Sync 1 DAGs
[2023-04-05 21:07:38,144] {logging_mixin.py:115} INFO - [2023-04-05 21:07:38,144] {dag.py:2927} INFO - Setting next_dagrun for tutorial_taskflow_api_etl to None, run_after=None
[2023-04-05 21:07:38,225] {processor.py:161} INFO - Processing /home/edinaldo/Documents/previsao_remuneracao/previsao_remuneracao/venv/lib/python3.10/site-packages/airflow/example_dags/tutorial_taskflow_api_etl.py took 0.157 seconds
[2023-04-05 21:08:18,451] {processor.py:153} INFO - Started process (PID=52845) to work on /home/edinaldo/Documents/previsao_remuneracao/previsao_remuneracao/venv/lib/python3.10/site-packages/airflow/example_dags/tutorial_taskflow_api_etl.py
[2023-04-05 21:08:18,460] {processor.py:641} INFO - Processing file /home/edinaldo/Documents/previsao_remuneracao/previsao_remuneracao/venv/lib/python3.10/site-packages/airflow/example_dags/tutorial_taskflow_api_etl.py for tasks to queue
[2023-04-05 21:08:18,461] {logging_mixin.py:115} INFO - [2023-04-05 21:08:18,461] {dagbag.py:507} INFO - Filling up the DagBag from /home/edinaldo/Documents/previsao_remuneracao/previsao_remuneracao/venv/lib/python3.10/site-packages/airflow/example_dags/tutorial_taskflow_api_etl.py
[2023-04-05 21:08:18,500] {processor.py:651} INFO - DAG(s) dict_keys(['tutorial_taskflow_api_etl']) retrieved from /home/edinaldo/Documents/previsao_remuneracao/previsao_remuneracao/venv/lib/python3.10/site-packages/airflow/example_dags/tutorial_taskflow_api_etl.py
[2023-04-05 21:08:18,516] {logging_mixin.py:115} INFO - [2023-04-05 21:08:18,516] {dag.py:2379} INFO - Sync 1 DAGs
[2023-04-05 21:08:18,535] {logging_mixin.py:115} INFO - [2023-04-05 21:08:18,535] {dag.py:2927} INFO - Setting next_dagrun for tutorial_taskflow_api_etl to None, run_after=None
[2023-04-05 21:08:18,624] {processor.py:161} INFO - Processing /home/edinaldo/Documents/previsao_remuneracao/previsao_remuneracao/venv/lib/python3.10/site-packages/airflow/example_dags/tutorial_taskflow_api_etl.py took 0.176 seconds
[2023-04-05 21:08:57,184] {processor.py:153} INFO - Started process (PID=52881) to work on /home/edinaldo/Documents/previsao_remuneracao/previsao_remuneracao/venv/lib/python3.10/site-packages/airflow/example_dags/tutorial_taskflow_api_etl.py
[2023-04-05 21:08:57,194] {processor.py:641} INFO - Processing file /home/edinaldo/Documents/previsao_remuneracao/previsao_remuneracao/venv/lib/python3.10/site-packages/airflow/example_dags/tutorial_taskflow_api_etl.py for tasks to queue
[2023-04-05 21:08:57,195] {logging_mixin.py:115} INFO - [2023-04-05 21:08:57,195] {dagbag.py:507} INFO - Filling up the DagBag from /home/edinaldo/Documents/previsao_remuneracao/previsao_remuneracao/venv/lib/python3.10/site-packages/airflow/example_dags/tutorial_taskflow_api_etl.py
[2023-04-05 21:08:57,229] {processor.py:651} INFO - DAG(s) dict_keys(['tutorial_taskflow_api_etl']) retrieved from /home/edinaldo/Documents/previsao_remuneracao/previsao_remuneracao/venv/lib/python3.10/site-packages/airflow/example_dags/tutorial_taskflow_api_etl.py
[2023-04-05 21:08:57,246] {logging_mixin.py:115} INFO - [2023-04-05 21:08:57,246] {dag.py:2379} INFO - Sync 1 DAGs
[2023-04-05 21:08:57,265] {logging_mixin.py:115} INFO - [2023-04-05 21:08:57,265] {dag.py:2927} INFO - Setting next_dagrun for tutorial_taskflow_api_etl to None, run_after=None
[2023-04-05 21:08:57,368] {processor.py:161} INFO - Processing /home/edinaldo/Documents/previsao_remuneracao/previsao_remuneracao/venv/lib/python3.10/site-packages/airflow/example_dags/tutorial_taskflow_api_etl.py took 0.194 seconds
[2023-04-05 21:09:37,595] {processor.py:153} INFO - Started process (PID=52919) to work on /home/edinaldo/Documents/previsao_remuneracao/previsao_remuneracao/venv/lib/python3.10/site-packages/airflow/example_dags/tutorial_taskflow_api_etl.py
[2023-04-05 21:09:37,597] {processor.py:641} INFO - Processing file /home/edinaldo/Documents/previsao_remuneracao/previsao_remuneracao/venv/lib/python3.10/site-packages/airflow/example_dags/tutorial_taskflow_api_etl.py for tasks to queue
[2023-04-05 21:09:37,598] {logging_mixin.py:115} INFO - [2023-04-05 21:09:37,598] {dagbag.py:507} INFO - Filling up the DagBag from /home/edinaldo/Documents/previsao_remuneracao/previsao_remuneracao/venv/lib/python3.10/site-packages/airflow/example_dags/tutorial_taskflow_api_etl.py
[2023-04-05 21:09:37,627] {processor.py:651} INFO - DAG(s) dict_keys(['tutorial_taskflow_api_etl']) retrieved from /home/edinaldo/Documents/previsao_remuneracao/previsao_remuneracao/venv/lib/python3.10/site-packages/airflow/example_dags/tutorial_taskflow_api_etl.py
[2023-04-05 21:09:37,643] {logging_mixin.py:115} INFO - [2023-04-05 21:09:37,643] {dag.py:2379} INFO - Sync 1 DAGs
[2023-04-05 21:09:37,662] {logging_mixin.py:115} INFO - [2023-04-05 21:09:37,662] {dag.py:2927} INFO - Setting next_dagrun for tutorial_taskflow_api_etl to None, run_after=None
[2023-04-05 21:09:37,750] {processor.py:161} INFO - Processing /home/edinaldo/Documents/previsao_remuneracao/previsao_remuneracao/venv/lib/python3.10/site-packages/airflow/example_dags/tutorial_taskflow_api_etl.py took 0.165 seconds
[2023-04-05 21:10:17,874] {processor.py:153} INFO - Started process (PID=52957) to work on /home/edinaldo/Documents/previsao_remuneracao/previsao_remuneracao/venv/lib/python3.10/site-packages/airflow/example_dags/tutorial_taskflow_api_etl.py
[2023-04-05 21:10:17,888] {processor.py:641} INFO - Processing file /home/edinaldo/Documents/previsao_remuneracao/previsao_remuneracao/venv/lib/python3.10/site-packages/airflow/example_dags/tutorial_taskflow_api_etl.py for tasks to queue
[2023-04-05 21:10:17,889] {logging_mixin.py:115} INFO - [2023-04-05 21:10:17,889] {dagbag.py:507} INFO - Filling up the DagBag from /home/edinaldo/Documents/previsao_remuneracao/previsao_remuneracao/venv/lib/python3.10/site-packages/airflow/example_dags/tutorial_taskflow_api_etl.py
[2023-04-05 21:10:17,922] {processor.py:651} INFO - DAG(s) dict_keys(['tutorial_taskflow_api_etl']) retrieved from /home/edinaldo/Documents/previsao_remuneracao/previsao_remuneracao/venv/lib/python3.10/site-packages/airflow/example_dags/tutorial_taskflow_api_etl.py
[2023-04-05 21:10:17,939] {logging_mixin.py:115} INFO - [2023-04-05 21:10:17,939] {dag.py:2379} INFO - Sync 1 DAGs
[2023-04-05 21:10:17,959] {logging_mixin.py:115} INFO - [2023-04-05 21:10:17,959] {dag.py:2927} INFO - Setting next_dagrun for tutorial_taskflow_api_etl to None, run_after=None
[2023-04-05 21:10:18,056] {processor.py:161} INFO - Processing /home/edinaldo/Documents/previsao_remuneracao/previsao_remuneracao/venv/lib/python3.10/site-packages/airflow/example_dags/tutorial_taskflow_api_etl.py took 0.186 seconds
[2023-04-05 21:11:03,988] {processor.py:153} INFO - Started process (PID=53121) to work on /home/edinaldo/Documents/previsao_remuneracao/previsao_remuneracao/venv/lib/python3.10/site-packages/airflow/example_dags/tutorial_taskflow_api_etl.py
[2023-04-05 21:11:04,019] {processor.py:641} INFO - Processing file /home/edinaldo/Documents/previsao_remuneracao/previsao_remuneracao/venv/lib/python3.10/site-packages/airflow/example_dags/tutorial_taskflow_api_etl.py for tasks to queue
[2023-04-05 21:11:04,021] {logging_mixin.py:115} INFO - [2023-04-05 21:11:04,021] {dagbag.py:507} INFO - Filling up the DagBag from /home/edinaldo/Documents/previsao_remuneracao/previsao_remuneracao/venv/lib/python3.10/site-packages/airflow/example_dags/tutorial_taskflow_api_etl.py
[2023-04-05 21:11:04,060] {processor.py:651} INFO - DAG(s) dict_keys(['tutorial_taskflow_api_etl']) retrieved from /home/edinaldo/Documents/previsao_remuneracao/previsao_remuneracao/venv/lib/python3.10/site-packages/airflow/example_dags/tutorial_taskflow_api_etl.py
[2023-04-05 21:11:04,077] {logging_mixin.py:115} INFO - [2023-04-05 21:11:04,076] {dag.py:2379} INFO - Sync 1 DAGs
[2023-04-05 21:11:04,096] {logging_mixin.py:115} INFO - [2023-04-05 21:11:04,096] {dag.py:2927} INFO - Setting next_dagrun for tutorial_taskflow_api_etl to None, run_after=None
[2023-04-05 21:11:04,193] {processor.py:161} INFO - Processing /home/edinaldo/Documents/previsao_remuneracao/previsao_remuneracao/venv/lib/python3.10/site-packages/airflow/example_dags/tutorial_taskflow_api_etl.py took 0.215 seconds
[2023-04-05 21:11:43,893] {processor.py:153} INFO - Started process (PID=53182) to work on /home/edinaldo/Documents/previsao_remuneracao/previsao_remuneracao/venv/lib/python3.10/site-packages/airflow/example_dags/tutorial_taskflow_api_etl.py
[2023-04-05 21:11:43,915] {processor.py:641} INFO - Processing file /home/edinaldo/Documents/previsao_remuneracao/previsao_remuneracao/venv/lib/python3.10/site-packages/airflow/example_dags/tutorial_taskflow_api_etl.py for tasks to queue
[2023-04-05 21:11:43,917] {logging_mixin.py:115} INFO - [2023-04-05 21:11:43,916] {dagbag.py:507} INFO - Filling up the DagBag from /home/edinaldo/Documents/previsao_remuneracao/previsao_remuneracao/venv/lib/python3.10/site-packages/airflow/example_dags/tutorial_taskflow_api_etl.py
[2023-04-05 21:11:43,954] {processor.py:651} INFO - DAG(s) dict_keys(['tutorial_taskflow_api_etl']) retrieved from /home/edinaldo/Documents/previsao_remuneracao/previsao_remuneracao/venv/lib/python3.10/site-packages/airflow/example_dags/tutorial_taskflow_api_etl.py
[2023-04-05 21:11:43,999] {logging_mixin.py:115} INFO - [2023-04-05 21:11:43,999] {dag.py:2379} INFO - Sync 1 DAGs
[2023-04-05 21:11:44,015] {logging_mixin.py:115} INFO - [2023-04-05 21:11:44,015] {dag.py:2927} INFO - Setting next_dagrun for tutorial_taskflow_api_etl to None, run_after=None
[2023-04-05 21:11:44,105] {processor.py:161} INFO - Processing /home/edinaldo/Documents/previsao_remuneracao/previsao_remuneracao/venv/lib/python3.10/site-packages/airflow/example_dags/tutorial_taskflow_api_etl.py took 0.221 seconds
[2023-04-05 21:12:18,614] {processor.py:153} INFO - Started process (PID=53259) to work on /home/edinaldo/Documents/previsao_remuneracao/previsao_remuneracao/venv/lib/python3.10/site-packages/airflow/example_dags/tutorial_taskflow_api_etl.py
[2023-04-05 21:12:18,629] {processor.py:641} INFO - Processing file /home/edinaldo/Documents/previsao_remuneracao/previsao_remuneracao/venv/lib/python3.10/site-packages/airflow/example_dags/tutorial_taskflow_api_etl.py for tasks to queue
[2023-04-05 21:12:18,630] {logging_mixin.py:115} INFO - [2023-04-05 21:12:18,630] {dagbag.py:507} INFO - Filling up the DagBag from /home/edinaldo/Documents/previsao_remuneracao/previsao_remuneracao/venv/lib/python3.10/site-packages/airflow/example_dags/tutorial_taskflow_api_etl.py
[2023-04-05 21:12:18,664] {processor.py:651} INFO - DAG(s) dict_keys(['tutorial_taskflow_api_etl']) retrieved from /home/edinaldo/Documents/previsao_remuneracao/previsao_remuneracao/venv/lib/python3.10/site-packages/airflow/example_dags/tutorial_taskflow_api_etl.py
[2023-04-05 21:12:18,692] {logging_mixin.py:115} INFO - [2023-04-05 21:12:18,692] {dag.py:2379} INFO - Sync 1 DAGs
[2023-04-05 21:12:18,731] {logging_mixin.py:115} INFO - [2023-04-05 21:12:18,731] {dag.py:2927} INFO - Setting next_dagrun for tutorial_taskflow_api_etl to None, run_after=None
[2023-04-05 21:12:18,960] {processor.py:161} INFO - Processing /home/edinaldo/Documents/previsao_remuneracao/previsao_remuneracao/venv/lib/python3.10/site-packages/airflow/example_dags/tutorial_taskflow_api_etl.py took 0.350 seconds
[2023-04-05 21:13:09,055] {processor.py:153} INFO - Started process (PID=53407) to work on /home/edinaldo/Documents/previsao_remuneracao/previsao_remuneracao/venv/lib/python3.10/site-packages/airflow/example_dags/tutorial_taskflow_api_etl.py
[2023-04-05 21:13:09,082] {processor.py:641} INFO - Processing file /home/edinaldo/Documents/previsao_remuneracao/previsao_remuneracao/venv/lib/python3.10/site-packages/airflow/example_dags/tutorial_taskflow_api_etl.py for tasks to queue
[2023-04-05 21:13:09,083] {logging_mixin.py:115} INFO - [2023-04-05 21:13:09,083] {dagbag.py:507} INFO - Filling up the DagBag from /home/edinaldo/Documents/previsao_remuneracao/previsao_remuneracao/venv/lib/python3.10/site-packages/airflow/example_dags/tutorial_taskflow_api_etl.py
[2023-04-05 21:13:09,127] {processor.py:651} INFO - DAG(s) dict_keys(['tutorial_taskflow_api_etl']) retrieved from /home/edinaldo/Documents/previsao_remuneracao/previsao_remuneracao/venv/lib/python3.10/site-packages/airflow/example_dags/tutorial_taskflow_api_etl.py
[2023-04-05 21:13:09,149] {logging_mixin.py:115} INFO - [2023-04-05 21:13:09,149] {dag.py:2379} INFO - Sync 1 DAGs
[2023-04-05 21:13:09,170] {logging_mixin.py:115} INFO - [2023-04-05 21:13:09,170] {dag.py:2927} INFO - Setting next_dagrun for tutorial_taskflow_api_etl to None, run_after=None
[2023-04-05 21:13:09,253] {processor.py:161} INFO - Processing /home/edinaldo/Documents/previsao_remuneracao/previsao_remuneracao/venv/lib/python3.10/site-packages/airflow/example_dags/tutorial_taskflow_api_etl.py took 0.212 seconds
[2023-04-05 21:13:49,712] {processor.py:153} INFO - Started process (PID=53455) to work on /home/edinaldo/Documents/previsao_remuneracao/previsao_remuneracao/venv/lib/python3.10/site-packages/airflow/example_dags/tutorial_taskflow_api_etl.py
[2023-04-05 21:13:49,719] {processor.py:641} INFO - Processing file /home/edinaldo/Documents/previsao_remuneracao/previsao_remuneracao/venv/lib/python3.10/site-packages/airflow/example_dags/tutorial_taskflow_api_etl.py for tasks to queue
[2023-04-05 21:13:49,721] {logging_mixin.py:115} INFO - [2023-04-05 21:13:49,720] {dagbag.py:507} INFO - Filling up the DagBag from /home/edinaldo/Documents/previsao_remuneracao/previsao_remuneracao/venv/lib/python3.10/site-packages/airflow/example_dags/tutorial_taskflow_api_etl.py
[2023-04-05 21:13:49,752] {processor.py:651} INFO - DAG(s) dict_keys(['tutorial_taskflow_api_etl']) retrieved from /home/edinaldo/Documents/previsao_remuneracao/previsao_remuneracao/venv/lib/python3.10/site-packages/airflow/example_dags/tutorial_taskflow_api_etl.py
[2023-04-05 21:13:49,768] {logging_mixin.py:115} INFO - [2023-04-05 21:13:49,768] {dag.py:2379} INFO - Sync 1 DAGs
[2023-04-05 21:13:49,788] {logging_mixin.py:115} INFO - [2023-04-05 21:13:49,788] {dag.py:2927} INFO - Setting next_dagrun for tutorial_taskflow_api_etl to None, run_after=None
[2023-04-05 21:13:49,887] {processor.py:161} INFO - Processing /home/edinaldo/Documents/previsao_remuneracao/previsao_remuneracao/venv/lib/python3.10/site-packages/airflow/example_dags/tutorial_taskflow_api_etl.py took 0.184 seconds
[2023-04-05 21:14:27,127] {processor.py:153} INFO - Started process (PID=53488) to work on /home/edinaldo/Documents/previsao_remuneracao/previsao_remuneracao/venv/lib/python3.10/site-packages/airflow/example_dags/tutorial_taskflow_api_etl.py
[2023-04-05 21:14:27,129] {processor.py:641} INFO - Processing file /home/edinaldo/Documents/previsao_remuneracao/previsao_remuneracao/venv/lib/python3.10/site-packages/airflow/example_dags/tutorial_taskflow_api_etl.py for tasks to queue
[2023-04-05 21:14:27,131] {logging_mixin.py:115} INFO - [2023-04-05 21:14:27,131] {dagbag.py:507} INFO - Filling up the DagBag from /home/edinaldo/Documents/previsao_remuneracao/previsao_remuneracao/venv/lib/python3.10/site-packages/airflow/example_dags/tutorial_taskflow_api_etl.py
[2023-04-05 21:14:27,205] {processor.py:651} INFO - DAG(s) dict_keys(['tutorial_taskflow_api_etl']) retrieved from /home/edinaldo/Documents/previsao_remuneracao/previsao_remuneracao/venv/lib/python3.10/site-packages/airflow/example_dags/tutorial_taskflow_api_etl.py
[2023-04-05 21:14:27,234] {logging_mixin.py:115} INFO - [2023-04-05 21:14:27,234] {dag.py:2379} INFO - Sync 1 DAGs
[2023-04-05 21:14:27,257] {logging_mixin.py:115} INFO - [2023-04-05 21:14:27,257] {dag.py:2927} INFO - Setting next_dagrun for tutorial_taskflow_api_etl to None, run_after=None
[2023-04-05 21:14:27,337] {processor.py:161} INFO - Processing /home/edinaldo/Documents/previsao_remuneracao/previsao_remuneracao/venv/lib/python3.10/site-packages/airflow/example_dags/tutorial_taskflow_api_etl.py took 0.225 seconds
[2023-04-05 21:15:08,509] {processor.py:153} INFO - Started process (PID=53531) to work on /home/edinaldo/Documents/previsao_remuneracao/previsao_remuneracao/venv/lib/python3.10/site-packages/airflow/example_dags/tutorial_taskflow_api_etl.py
[2023-04-05 21:15:08,511] {processor.py:641} INFO - Processing file /home/edinaldo/Documents/previsao_remuneracao/previsao_remuneracao/venv/lib/python3.10/site-packages/airflow/example_dags/tutorial_taskflow_api_etl.py for tasks to queue
[2023-04-05 21:15:08,513] {logging_mixin.py:115} INFO - [2023-04-05 21:15:08,512] {dagbag.py:507} INFO - Filling up the DagBag from /home/edinaldo/Documents/previsao_remuneracao/previsao_remuneracao/venv/lib/python3.10/site-packages/airflow/example_dags/tutorial_taskflow_api_etl.py
[2023-04-05 21:15:08,540] {processor.py:651} INFO - DAG(s) dict_keys(['tutorial_taskflow_api_etl']) retrieved from /home/edinaldo/Documents/previsao_remuneracao/previsao_remuneracao/venv/lib/python3.10/site-packages/airflow/example_dags/tutorial_taskflow_api_etl.py
[2023-04-05 21:15:08,557] {logging_mixin.py:115} INFO - [2023-04-05 21:15:08,557] {dag.py:2379} INFO - Sync 1 DAGs
[2023-04-05 21:15:08,577] {logging_mixin.py:115} INFO - [2023-04-05 21:15:08,577] {dag.py:2927} INFO - Setting next_dagrun for tutorial_taskflow_api_etl to None, run_after=None
[2023-04-05 21:15:08,660] {processor.py:161} INFO - Processing /home/edinaldo/Documents/previsao_remuneracao/previsao_remuneracao/venv/lib/python3.10/site-packages/airflow/example_dags/tutorial_taskflow_api_etl.py took 0.161 seconds
[2023-04-05 21:15:50,707] {processor.py:153} INFO - Started process (PID=53603) to work on /home/edinaldo/Documents/previsao_remuneracao/previsao_remuneracao/venv/lib/python3.10/site-packages/airflow/example_dags/tutorial_taskflow_api_etl.py
[2023-04-05 21:15:50,737] {processor.py:641} INFO - Processing file /home/edinaldo/Documents/previsao_remuneracao/previsao_remuneracao/venv/lib/python3.10/site-packages/airflow/example_dags/tutorial_taskflow_api_etl.py for tasks to queue
[2023-04-05 21:15:50,739] {logging_mixin.py:115} INFO - [2023-04-05 21:15:50,738] {dagbag.py:507} INFO - Filling up the DagBag from /home/edinaldo/Documents/previsao_remuneracao/previsao_remuneracao/venv/lib/python3.10/site-packages/airflow/example_dags/tutorial_taskflow_api_etl.py
[2023-04-05 21:15:50,773] {processor.py:651} INFO - DAG(s) dict_keys(['tutorial_taskflow_api_etl']) retrieved from /home/edinaldo/Documents/previsao_remuneracao/previsao_remuneracao/venv/lib/python3.10/site-packages/airflow/example_dags/tutorial_taskflow_api_etl.py
[2023-04-05 21:15:50,789] {logging_mixin.py:115} INFO - [2023-04-05 21:15:50,789] {dag.py:2379} INFO - Sync 1 DAGs
[2023-04-05 21:15:50,809] {logging_mixin.py:115} INFO - [2023-04-05 21:15:50,808] {dag.py:2927} INFO - Setting next_dagrun for tutorial_taskflow_api_etl to None, run_after=None
[2023-04-05 21:15:50,890] {processor.py:161} INFO - Processing /home/edinaldo/Documents/previsao_remuneracao/previsao_remuneracao/venv/lib/python3.10/site-packages/airflow/example_dags/tutorial_taskflow_api_etl.py took 0.186 seconds
[2023-04-05 21:16:26,792] {processor.py:153} INFO - Started process (PID=53637) to work on /home/edinaldo/Documents/previsao_remuneracao/previsao_remuneracao/venv/lib/python3.10/site-packages/airflow/example_dags/tutorial_taskflow_api_etl.py
[2023-04-05 21:16:26,793] {processor.py:641} INFO - Processing file /home/edinaldo/Documents/previsao_remuneracao/previsao_remuneracao/venv/lib/python3.10/site-packages/airflow/example_dags/tutorial_taskflow_api_etl.py for tasks to queue
[2023-04-05 21:16:26,794] {logging_mixin.py:115} INFO - [2023-04-05 21:16:26,794] {dagbag.py:507} INFO - Filling up the DagBag from /home/edinaldo/Documents/previsao_remuneracao/previsao_remuneracao/venv/lib/python3.10/site-packages/airflow/example_dags/tutorial_taskflow_api_etl.py
[2023-04-05 21:16:26,813] {processor.py:651} INFO - DAG(s) dict_keys(['tutorial_taskflow_api_etl']) retrieved from /home/edinaldo/Documents/previsao_remuneracao/previsao_remuneracao/venv/lib/python3.10/site-packages/airflow/example_dags/tutorial_taskflow_api_etl.py
[2023-04-05 21:16:26,859] {logging_mixin.py:115} INFO - [2023-04-05 21:16:26,859] {dag.py:2379} INFO - Sync 1 DAGs
[2023-04-05 21:16:26,875] {logging_mixin.py:115} INFO - [2023-04-05 21:16:26,875] {dag.py:2927} INFO - Setting next_dagrun for tutorial_taskflow_api_etl to None, run_after=None
[2023-04-05 21:16:26,969] {processor.py:161} INFO - Processing /home/edinaldo/Documents/previsao_remuneracao/previsao_remuneracao/venv/lib/python3.10/site-packages/airflow/example_dags/tutorial_taskflow_api_etl.py took 0.180 seconds
[2023-04-05 21:17:11,235] {processor.py:153} INFO - Started process (PID=53707) to work on /home/edinaldo/Documents/previsao_remuneracao/previsao_remuneracao/venv/lib/python3.10/site-packages/airflow/example_dags/tutorial_taskflow_api_etl.py
[2023-04-05 21:17:11,236] {processor.py:641} INFO - Processing file /home/edinaldo/Documents/previsao_remuneracao/previsao_remuneracao/venv/lib/python3.10/site-packages/airflow/example_dags/tutorial_taskflow_api_etl.py for tasks to queue
[2023-04-05 21:17:11,237] {logging_mixin.py:115} INFO - [2023-04-05 21:17:11,237] {dagbag.py:507} INFO - Filling up the DagBag from /home/edinaldo/Documents/previsao_remuneracao/previsao_remuneracao/venv/lib/python3.10/site-packages/airflow/example_dags/tutorial_taskflow_api_etl.py
[2023-04-05 21:17:11,257] {processor.py:651} INFO - DAG(s) dict_keys(['tutorial_taskflow_api_etl']) retrieved from /home/edinaldo/Documents/previsao_remuneracao/previsao_remuneracao/venv/lib/python3.10/site-packages/airflow/example_dags/tutorial_taskflow_api_etl.py
[2023-04-05 21:17:11,371] {logging_mixin.py:115} INFO - [2023-04-05 21:17:11,371] {dag.py:2379} INFO - Sync 1 DAGs
[2023-04-05 21:17:11,397] {logging_mixin.py:115} INFO - [2023-04-05 21:17:11,397] {dag.py:2927} INFO - Setting next_dagrun for tutorial_taskflow_api_etl to None, run_after=None
[2023-04-05 21:17:11,478] {processor.py:161} INFO - Processing /home/edinaldo/Documents/previsao_remuneracao/previsao_remuneracao/venv/lib/python3.10/site-packages/airflow/example_dags/tutorial_taskflow_api_etl.py took 0.247 seconds
[2023-04-05 21:17:51,584] {processor.py:153} INFO - Started process (PID=53747) to work on /home/edinaldo/Documents/previsao_remuneracao/previsao_remuneracao/venv/lib/python3.10/site-packages/airflow/example_dags/tutorial_taskflow_api_etl.py
[2023-04-05 21:17:51,591] {processor.py:641} INFO - Processing file /home/edinaldo/Documents/previsao_remuneracao/previsao_remuneracao/venv/lib/python3.10/site-packages/airflow/example_dags/tutorial_taskflow_api_etl.py for tasks to queue
[2023-04-05 21:17:51,591] {logging_mixin.py:115} INFO - [2023-04-05 21:17:51,591] {dagbag.py:507} INFO - Filling up the DagBag from /home/edinaldo/Documents/previsao_remuneracao/previsao_remuneracao/venv/lib/python3.10/site-packages/airflow/example_dags/tutorial_taskflow_api_etl.py
[2023-04-05 21:17:51,614] {processor.py:651} INFO - DAG(s) dict_keys(['tutorial_taskflow_api_etl']) retrieved from /home/edinaldo/Documents/previsao_remuneracao/previsao_remuneracao/venv/lib/python3.10/site-packages/airflow/example_dags/tutorial_taskflow_api_etl.py
[2023-04-05 21:17:51,630] {logging_mixin.py:115} INFO - [2023-04-05 21:17:51,630] {dag.py:2379} INFO - Sync 1 DAGs
[2023-04-05 21:17:51,650] {logging_mixin.py:115} INFO - [2023-04-05 21:17:51,649] {dag.py:2927} INFO - Setting next_dagrun for tutorial_taskflow_api_etl to None, run_after=None
[2023-04-05 21:17:51,728] {processor.py:161} INFO - Processing /home/edinaldo/Documents/previsao_remuneracao/previsao_remuneracao/venv/lib/python3.10/site-packages/airflow/example_dags/tutorial_taskflow_api_etl.py took 0.147 seconds
[2023-04-05 21:18:28,695] {processor.py:153} INFO - Started process (PID=53780) to work on /home/edinaldo/Documents/previsao_remuneracao/previsao_remuneracao/venv/lib/python3.10/site-packages/airflow/example_dags/tutorial_taskflow_api_etl.py
[2023-04-05 21:18:28,695] {processor.py:641} INFO - Processing file /home/edinaldo/Documents/previsao_remuneracao/previsao_remuneracao/venv/lib/python3.10/site-packages/airflow/example_dags/tutorial_taskflow_api_etl.py for tasks to queue
[2023-04-05 21:18:28,696] {logging_mixin.py:115} INFO - [2023-04-05 21:18:28,696] {dagbag.py:507} INFO - Filling up the DagBag from /home/edinaldo/Documents/previsao_remuneracao/previsao_remuneracao/venv/lib/python3.10/site-packages/airflow/example_dags/tutorial_taskflow_api_etl.py
[2023-04-05 21:18:28,719] {processor.py:651} INFO - DAG(s) dict_keys(['tutorial_taskflow_api_etl']) retrieved from /home/edinaldo/Documents/previsao_remuneracao/previsao_remuneracao/venv/lib/python3.10/site-packages/airflow/example_dags/tutorial_taskflow_api_etl.py
[2023-04-05 21:18:28,735] {logging_mixin.py:115} INFO - [2023-04-05 21:18:28,735] {dag.py:2379} INFO - Sync 1 DAGs
[2023-04-05 21:18:28,754] {logging_mixin.py:115} INFO - [2023-04-05 21:18:28,754] {dag.py:2927} INFO - Setting next_dagrun for tutorial_taskflow_api_etl to None, run_after=None
[2023-04-05 21:18:28,835] {processor.py:161} INFO - Processing /home/edinaldo/Documents/previsao_remuneracao/previsao_remuneracao/venv/lib/python3.10/site-packages/airflow/example_dags/tutorial_taskflow_api_etl.py took 0.145 seconds
[2023-04-05 21:19:07,057] {processor.py:153} INFO - Started process (PID=53823) to work on /home/edinaldo/Documents/previsao_remuneracao/previsao_remuneracao/venv/lib/python3.10/site-packages/airflow/example_dags/tutorial_taskflow_api_etl.py
[2023-04-05 21:19:07,070] {processor.py:641} INFO - Processing file /home/edinaldo/Documents/previsao_remuneracao/previsao_remuneracao/venv/lib/python3.10/site-packages/airflow/example_dags/tutorial_taskflow_api_etl.py for tasks to queue
[2023-04-05 21:19:07,071] {logging_mixin.py:115} INFO - [2023-04-05 21:19:07,071] {dagbag.py:507} INFO - Filling up the DagBag from /home/edinaldo/Documents/previsao_remuneracao/previsao_remuneracao/venv/lib/python3.10/site-packages/airflow/example_dags/tutorial_taskflow_api_etl.py
[2023-04-05 21:19:07,112] {processor.py:651} INFO - DAG(s) dict_keys(['tutorial_taskflow_api_etl']) retrieved from /home/edinaldo/Documents/previsao_remuneracao/previsao_remuneracao/venv/lib/python3.10/site-packages/airflow/example_dags/tutorial_taskflow_api_etl.py
[2023-04-05 21:19:07,128] {logging_mixin.py:115} INFO - [2023-04-05 21:19:07,128] {dag.py:2379} INFO - Sync 1 DAGs
[2023-04-05 21:19:07,147] {logging_mixin.py:115} INFO - [2023-04-05 21:19:07,147] {dag.py:2927} INFO - Setting next_dagrun for tutorial_taskflow_api_etl to None, run_after=None
[2023-04-05 21:19:07,225] {processor.py:161} INFO - Processing /home/edinaldo/Documents/previsao_remuneracao/previsao_remuneracao/venv/lib/python3.10/site-packages/airflow/example_dags/tutorial_taskflow_api_etl.py took 0.172 seconds
[2023-04-05 21:19:42,785] {processor.py:153} INFO - Started process (PID=53864) to work on /home/edinaldo/Documents/previsao_remuneracao/previsao_remuneracao/venv/lib/python3.10/site-packages/airflow/example_dags/tutorial_taskflow_api_etl.py
[2023-04-05 21:19:42,787] {processor.py:641} INFO - Processing file /home/edinaldo/Documents/previsao_remuneracao/previsao_remuneracao/venv/lib/python3.10/site-packages/airflow/example_dags/tutorial_taskflow_api_etl.py for tasks to queue
[2023-04-05 21:19:42,789] {logging_mixin.py:115} INFO - [2023-04-05 21:19:42,789] {dagbag.py:507} INFO - Filling up the DagBag from /home/edinaldo/Documents/previsao_remuneracao/previsao_remuneracao/venv/lib/python3.10/site-packages/airflow/example_dags/tutorial_taskflow_api_etl.py
[2023-04-05 21:19:42,816] {processor.py:651} INFO - DAG(s) dict_keys(['tutorial_taskflow_api_etl']) retrieved from /home/edinaldo/Documents/previsao_remuneracao/previsao_remuneracao/venv/lib/python3.10/site-packages/airflow/example_dags/tutorial_taskflow_api_etl.py
[2023-04-05 21:19:42,832] {logging_mixin.py:115} INFO - [2023-04-05 21:19:42,832] {dag.py:2379} INFO - Sync 1 DAGs
[2023-04-05 21:19:42,851] {logging_mixin.py:115} INFO - [2023-04-05 21:19:42,851] {dag.py:2927} INFO - Setting next_dagrun for tutorial_taskflow_api_etl to None, run_after=None
[2023-04-05 21:19:42,951] {processor.py:161} INFO - Processing /home/edinaldo/Documents/previsao_remuneracao/previsao_remuneracao/venv/lib/python3.10/site-packages/airflow/example_dags/tutorial_taskflow_api_etl.py took 0.175 seconds
[2023-04-05 21:20:23,885] {processor.py:153} INFO - Started process (PID=53901) to work on /home/edinaldo/Documents/previsao_remuneracao/previsao_remuneracao/venv/lib/python3.10/site-packages/airflow/example_dags/tutorial_taskflow_api_etl.py
[2023-04-05 21:20:23,886] {processor.py:641} INFO - Processing file /home/edinaldo/Documents/previsao_remuneracao/previsao_remuneracao/venv/lib/python3.10/site-packages/airflow/example_dags/tutorial_taskflow_api_etl.py for tasks to queue
[2023-04-05 21:20:23,887] {logging_mixin.py:115} INFO - [2023-04-05 21:20:23,887] {dagbag.py:507} INFO - Filling up the DagBag from /home/edinaldo/Documents/previsao_remuneracao/previsao_remuneracao/venv/lib/python3.10/site-packages/airflow/example_dags/tutorial_taskflow_api_etl.py
[2023-04-05 21:20:23,906] {processor.py:651} INFO - DAG(s) dict_keys(['tutorial_taskflow_api_etl']) retrieved from /home/edinaldo/Documents/previsao_remuneracao/previsao_remuneracao/venv/lib/python3.10/site-packages/airflow/example_dags/tutorial_taskflow_api_etl.py
[2023-04-05 21:20:23,923] {logging_mixin.py:115} INFO - [2023-04-05 21:20:23,923] {dag.py:2379} INFO - Sync 1 DAGs
[2023-04-05 21:20:23,942] {logging_mixin.py:115} INFO - [2023-04-05 21:20:23,942] {dag.py:2927} INFO - Setting next_dagrun for tutorial_taskflow_api_etl to None, run_after=None
[2023-04-05 21:20:24,031] {processor.py:161} INFO - Processing /home/edinaldo/Documents/previsao_remuneracao/previsao_remuneracao/venv/lib/python3.10/site-packages/airflow/example_dags/tutorial_taskflow_api_etl.py took 0.149 seconds
[2023-04-05 21:21:02,601] {processor.py:153} INFO - Started process (PID=53958) to work on /home/edinaldo/Documents/previsao_remuneracao/previsao_remuneracao/venv/lib/python3.10/site-packages/airflow/example_dags/tutorial_taskflow_api_etl.py
[2023-04-05 21:21:02,613] {processor.py:641} INFO - Processing file /home/edinaldo/Documents/previsao_remuneracao/previsao_remuneracao/venv/lib/python3.10/site-packages/airflow/example_dags/tutorial_taskflow_api_etl.py for tasks to queue
[2023-04-05 21:21:02,614] {logging_mixin.py:115} INFO - [2023-04-05 21:21:02,614] {dagbag.py:507} INFO - Filling up the DagBag from /home/edinaldo/Documents/previsao_remuneracao/previsao_remuneracao/venv/lib/python3.10/site-packages/airflow/example_dags/tutorial_taskflow_api_etl.py
[2023-04-05 21:21:02,643] {processor.py:651} INFO - DAG(s) dict_keys(['tutorial_taskflow_api_etl']) retrieved from /home/edinaldo/Documents/previsao_remuneracao/previsao_remuneracao/venv/lib/python3.10/site-packages/airflow/example_dags/tutorial_taskflow_api_etl.py
[2023-04-05 21:21:02,660] {logging_mixin.py:115} INFO - [2023-04-05 21:21:02,660] {dag.py:2379} INFO - Sync 1 DAGs
[2023-04-05 21:21:02,679] {logging_mixin.py:115} INFO - [2023-04-05 21:21:02,679] {dag.py:2927} INFO - Setting next_dagrun for tutorial_taskflow_api_etl to None, run_after=None
[2023-04-05 21:21:02,765] {processor.py:161} INFO - Processing /home/edinaldo/Documents/previsao_remuneracao/previsao_remuneracao/venv/lib/python3.10/site-packages/airflow/example_dags/tutorial_taskflow_api_etl.py took 0.168 seconds
[2023-04-05 21:21:41,130] {processor.py:153} INFO - Started process (PID=54019) to work on /home/edinaldo/Documents/previsao_remuneracao/previsao_remuneracao/venv/lib/python3.10/site-packages/airflow/example_dags/tutorial_taskflow_api_etl.py
[2023-04-05 21:21:41,140] {processor.py:641} INFO - Processing file /home/edinaldo/Documents/previsao_remuneracao/previsao_remuneracao/venv/lib/python3.10/site-packages/airflow/example_dags/tutorial_taskflow_api_etl.py for tasks to queue
[2023-04-05 21:21:41,141] {logging_mixin.py:115} INFO - [2023-04-05 21:21:41,141] {dagbag.py:507} INFO - Filling up the DagBag from /home/edinaldo/Documents/previsao_remuneracao/previsao_remuneracao/venv/lib/python3.10/site-packages/airflow/example_dags/tutorial_taskflow_api_etl.py
[2023-04-05 21:21:41,170] {processor.py:651} INFO - DAG(s) dict_keys(['tutorial_taskflow_api_etl']) retrieved from /home/edinaldo/Documents/previsao_remuneracao/previsao_remuneracao/venv/lib/python3.10/site-packages/airflow/example_dags/tutorial_taskflow_api_etl.py
[2023-04-05 21:21:41,217] {logging_mixin.py:115} INFO - [2023-04-05 21:21:41,216] {dag.py:2379} INFO - Sync 1 DAGs
[2023-04-05 21:21:41,233] {logging_mixin.py:115} INFO - [2023-04-05 21:21:41,233] {dag.py:2927} INFO - Setting next_dagrun for tutorial_taskflow_api_etl to None, run_after=None
[2023-04-05 21:21:41,321] {processor.py:161} INFO - Processing /home/edinaldo/Documents/previsao_remuneracao/previsao_remuneracao/venv/lib/python3.10/site-packages/airflow/example_dags/tutorial_taskflow_api_etl.py took 0.194 seconds
[2023-04-05 21:22:18,352] {processor.py:153} INFO - Started process (PID=54058) to work on /home/edinaldo/Documents/previsao_remuneracao/previsao_remuneracao/venv/lib/python3.10/site-packages/airflow/example_dags/tutorial_taskflow_api_etl.py
[2023-04-05 21:22:18,357] {processor.py:641} INFO - Processing file /home/edinaldo/Documents/previsao_remuneracao/previsao_remuneracao/venv/lib/python3.10/site-packages/airflow/example_dags/tutorial_taskflow_api_etl.py for tasks to queue
[2023-04-05 21:22:18,358] {logging_mixin.py:115} INFO - [2023-04-05 21:22:18,358] {dagbag.py:507} INFO - Filling up the DagBag from /home/edinaldo/Documents/previsao_remuneracao/previsao_remuneracao/venv/lib/python3.10/site-packages/airflow/example_dags/tutorial_taskflow_api_etl.py
[2023-04-05 21:22:18,381] {processor.py:651} INFO - DAG(s) dict_keys(['tutorial_taskflow_api_etl']) retrieved from /home/edinaldo/Documents/previsao_remuneracao/previsao_remuneracao/venv/lib/python3.10/site-packages/airflow/example_dags/tutorial_taskflow_api_etl.py
[2023-04-05 21:22:18,429] {logging_mixin.py:115} INFO - [2023-04-05 21:22:18,429] {dag.py:2379} INFO - Sync 1 DAGs
[2023-04-05 21:22:18,445] {logging_mixin.py:115} INFO - [2023-04-05 21:22:18,445] {dag.py:2927} INFO - Setting next_dagrun for tutorial_taskflow_api_etl to None, run_after=None
[2023-04-05 21:22:18,534] {processor.py:161} INFO - Processing /home/edinaldo/Documents/previsao_remuneracao/previsao_remuneracao/venv/lib/python3.10/site-packages/airflow/example_dags/tutorial_taskflow_api_etl.py took 0.186 seconds
[2023-04-05 21:22:54,750] {processor.py:153} INFO - Started process (PID=54093) to work on /home/edinaldo/Documents/previsao_remuneracao/previsao_remuneracao/venv/lib/python3.10/site-packages/airflow/example_dags/tutorial_taskflow_api_etl.py
[2023-04-05 21:22:54,751] {processor.py:641} INFO - Processing file /home/edinaldo/Documents/previsao_remuneracao/previsao_remuneracao/venv/lib/python3.10/site-packages/airflow/example_dags/tutorial_taskflow_api_etl.py for tasks to queue
[2023-04-05 21:22:54,752] {logging_mixin.py:115} INFO - [2023-04-05 21:22:54,752] {dagbag.py:507} INFO - Filling up the DagBag from /home/edinaldo/Documents/previsao_remuneracao/previsao_remuneracao/venv/lib/python3.10/site-packages/airflow/example_dags/tutorial_taskflow_api_etl.py
[2023-04-05 21:22:54,772] {processor.py:651} INFO - DAG(s) dict_keys(['tutorial_taskflow_api_etl']) retrieved from /home/edinaldo/Documents/previsao_remuneracao/previsao_remuneracao/venv/lib/python3.10/site-packages/airflow/example_dags/tutorial_taskflow_api_etl.py
[2023-04-05 21:22:54,788] {logging_mixin.py:115} INFO - [2023-04-05 21:22:54,788] {dag.py:2379} INFO - Sync 1 DAGs
[2023-04-05 21:22:54,807] {logging_mixin.py:115} INFO - [2023-04-05 21:22:54,807] {dag.py:2927} INFO - Setting next_dagrun for tutorial_taskflow_api_etl to None, run_after=None
[2023-04-05 21:22:54,893] {processor.py:161} INFO - Processing /home/edinaldo/Documents/previsao_remuneracao/previsao_remuneracao/venv/lib/python3.10/site-packages/airflow/example_dags/tutorial_taskflow_api_etl.py took 0.146 seconds
[2023-04-05 21:23:33,015] {processor.py:153} INFO - Started process (PID=54147) to work on /home/edinaldo/Documents/previsao_remuneracao/previsao_remuneracao/venv/lib/python3.10/site-packages/airflow/example_dags/tutorial_taskflow_api_etl.py
[2023-04-05 21:23:33,016] {processor.py:641} INFO - Processing file /home/edinaldo/Documents/previsao_remuneracao/previsao_remuneracao/venv/lib/python3.10/site-packages/airflow/example_dags/tutorial_taskflow_api_etl.py for tasks to queue
[2023-04-05 21:23:33,016] {logging_mixin.py:115} INFO - [2023-04-05 21:23:33,016] {dagbag.py:507} INFO - Filling up the DagBag from /home/edinaldo/Documents/previsao_remuneracao/previsao_remuneracao/venv/lib/python3.10/site-packages/airflow/example_dags/tutorial_taskflow_api_etl.py
[2023-04-05 21:23:33,036] {processor.py:651} INFO - DAG(s) dict_keys(['tutorial_taskflow_api_etl']) retrieved from /home/edinaldo/Documents/previsao_remuneracao/previsao_remuneracao/venv/lib/python3.10/site-packages/airflow/example_dags/tutorial_taskflow_api_etl.py
[2023-04-05 21:23:33,052] {logging_mixin.py:115} INFO - [2023-04-05 21:23:33,052] {dag.py:2379} INFO - Sync 1 DAGs
[2023-04-05 21:23:33,071] {logging_mixin.py:115} INFO - [2023-04-05 21:23:33,071] {dag.py:2927} INFO - Setting next_dagrun for tutorial_taskflow_api_etl to None, run_after=None
[2023-04-05 21:23:33,148] {processor.py:161} INFO - Processing /home/edinaldo/Documents/previsao_remuneracao/previsao_remuneracao/venv/lib/python3.10/site-packages/airflow/example_dags/tutorial_taskflow_api_etl.py took 0.136 seconds
[2023-04-05 21:24:13,922] {processor.py:153} INFO - Started process (PID=54183) to work on /home/edinaldo/Documents/previsao_remuneracao/previsao_remuneracao/venv/lib/python3.10/site-packages/airflow/example_dags/tutorial_taskflow_api_etl.py
[2023-04-05 21:24:13,933] {processor.py:641} INFO - Processing file /home/edinaldo/Documents/previsao_remuneracao/previsao_remuneracao/venv/lib/python3.10/site-packages/airflow/example_dags/tutorial_taskflow_api_etl.py for tasks to queue
[2023-04-05 21:24:13,935] {logging_mixin.py:115} INFO - [2023-04-05 21:24:13,934] {dagbag.py:507} INFO - Filling up the DagBag from /home/edinaldo/Documents/previsao_remuneracao/previsao_remuneracao/venv/lib/python3.10/site-packages/airflow/example_dags/tutorial_taskflow_api_etl.py
[2023-04-05 21:24:13,967] {processor.py:651} INFO - DAG(s) dict_keys(['tutorial_taskflow_api_etl']) retrieved from /home/edinaldo/Documents/previsao_remuneracao/previsao_remuneracao/venv/lib/python3.10/site-packages/airflow/example_dags/tutorial_taskflow_api_etl.py
[2023-04-05 21:24:13,983] {logging_mixin.py:115} INFO - [2023-04-05 21:24:13,983] {dag.py:2379} INFO - Sync 1 DAGs
[2023-04-05 21:24:14,002] {logging_mixin.py:115} INFO - [2023-04-05 21:24:14,002] {dag.py:2927} INFO - Setting next_dagrun for tutorial_taskflow_api_etl to None, run_after=None
[2023-04-05 21:24:14,081] {processor.py:161} INFO - Processing /home/edinaldo/Documents/previsao_remuneracao/previsao_remuneracao/venv/lib/python3.10/site-packages/airflow/example_dags/tutorial_taskflow_api_etl.py took 0.169 seconds
[2023-04-05 21:24:58,820] {processor.py:153} INFO - Started process (PID=54434) to work on /home/edinaldo/Documents/previsao_remuneracao/previsao_remuneracao/venv/lib/python3.10/site-packages/airflow/example_dags/tutorial_taskflow_api_etl.py
[2023-04-05 21:24:58,826] {processor.py:641} INFO - Processing file /home/edinaldo/Documents/previsao_remuneracao/previsao_remuneracao/venv/lib/python3.10/site-packages/airflow/example_dags/tutorial_taskflow_api_etl.py for tasks to queue
[2023-04-05 21:24:58,829] {logging_mixin.py:115} INFO - [2023-04-05 21:24:58,828] {dagbag.py:507} INFO - Filling up the DagBag from /home/edinaldo/Documents/previsao_remuneracao/previsao_remuneracao/venv/lib/python3.10/site-packages/airflow/example_dags/tutorial_taskflow_api_etl.py
[2023-04-05 21:24:58,874] {processor.py:651} INFO - DAG(s) dict_keys(['tutorial_taskflow_api_etl']) retrieved from /home/edinaldo/Documents/previsao_remuneracao/previsao_remuneracao/venv/lib/python3.10/site-packages/airflow/example_dags/tutorial_taskflow_api_etl.py
[2023-04-05 21:24:58,892] {logging_mixin.py:115} INFO - [2023-04-05 21:24:58,892] {dag.py:2379} INFO - Sync 1 DAGs
[2023-04-05 21:24:58,913] {logging_mixin.py:115} INFO - [2023-04-05 21:24:58,913] {dag.py:2927} INFO - Setting next_dagrun for tutorial_taskflow_api_etl to None, run_after=None
[2023-04-05 21:24:58,999] {processor.py:161} INFO - Processing /home/edinaldo/Documents/previsao_remuneracao/previsao_remuneracao/venv/lib/python3.10/site-packages/airflow/example_dags/tutorial_taskflow_api_etl.py took 0.190 seconds
[2023-04-05 21:25:41,749] {processor.py:153} INFO - Started process (PID=54657) to work on /home/edinaldo/Documents/previsao_remuneracao/previsao_remuneracao/venv/lib/python3.10/site-packages/airflow/example_dags/tutorial_taskflow_api_etl.py
[2023-04-05 21:25:41,751] {processor.py:641} INFO - Processing file /home/edinaldo/Documents/previsao_remuneracao/previsao_remuneracao/venv/lib/python3.10/site-packages/airflow/example_dags/tutorial_taskflow_api_etl.py for tasks to queue
[2023-04-05 21:25:41,752] {logging_mixin.py:115} INFO - [2023-04-05 21:25:41,752] {dagbag.py:507} INFO - Filling up the DagBag from /home/edinaldo/Documents/previsao_remuneracao/previsao_remuneracao/venv/lib/python3.10/site-packages/airflow/example_dags/tutorial_taskflow_api_etl.py
[2023-04-05 21:25:41,782] {processor.py:651} INFO - DAG(s) dict_keys(['tutorial_taskflow_api_etl']) retrieved from /home/edinaldo/Documents/previsao_remuneracao/previsao_remuneracao/venv/lib/python3.10/site-packages/airflow/example_dags/tutorial_taskflow_api_etl.py
[2023-04-05 21:25:41,798] {logging_mixin.py:115} INFO - [2023-04-05 21:25:41,798] {dag.py:2379} INFO - Sync 1 DAGs
[2023-04-05 21:25:41,817] {logging_mixin.py:115} INFO - [2023-04-05 21:25:41,817] {dag.py:2927} INFO - Setting next_dagrun for tutorial_taskflow_api_etl to None, run_after=None
[2023-04-05 21:25:41,903] {processor.py:161} INFO - Processing /home/edinaldo/Documents/previsao_remuneracao/previsao_remuneracao/venv/lib/python3.10/site-packages/airflow/example_dags/tutorial_taskflow_api_etl.py took 0.164 seconds
[2023-04-05 21:26:21,216] {processor.py:153} INFO - Started process (PID=54880) to work on /home/edinaldo/Documents/previsao_remuneracao/previsao_remuneracao/venv/lib/python3.10/site-packages/airflow/example_dags/tutorial_taskflow_api_etl.py
[2023-04-05 21:26:21,232] {processor.py:641} INFO - Processing file /home/edinaldo/Documents/previsao_remuneracao/previsao_remuneracao/venv/lib/python3.10/site-packages/airflow/example_dags/tutorial_taskflow_api_etl.py for tasks to queue
[2023-04-05 21:26:21,233] {logging_mixin.py:115} INFO - [2023-04-05 21:26:21,233] {dagbag.py:507} INFO - Filling up the DagBag from /home/edinaldo/Documents/previsao_remuneracao/previsao_remuneracao/venv/lib/python3.10/site-packages/airflow/example_dags/tutorial_taskflow_api_etl.py
[2023-04-05 21:26:21,266] {processor.py:651} INFO - DAG(s) dict_keys(['tutorial_taskflow_api_etl']) retrieved from /home/edinaldo/Documents/previsao_remuneracao/previsao_remuneracao/venv/lib/python3.10/site-packages/airflow/example_dags/tutorial_taskflow_api_etl.py
[2023-04-05 21:26:21,334] {logging_mixin.py:115} INFO - [2023-04-05 21:26:21,334] {dag.py:2379} INFO - Sync 1 DAGs
[2023-04-05 21:26:21,359] {logging_mixin.py:115} INFO - [2023-04-05 21:26:21,358] {dag.py:2927} INFO - Setting next_dagrun for tutorial_taskflow_api_etl to None, run_after=None
[2023-04-05 21:26:21,452] {processor.py:161} INFO - Processing /home/edinaldo/Documents/previsao_remuneracao/previsao_remuneracao/venv/lib/python3.10/site-packages/airflow/example_dags/tutorial_taskflow_api_etl.py took 0.242 seconds
[2023-04-05 21:27:09,006] {processor.py:153} INFO - Started process (PID=55159) to work on /home/edinaldo/Documents/previsao_remuneracao/previsao_remuneracao/venv/lib/python3.10/site-packages/airflow/example_dags/tutorial_taskflow_api_etl.py
[2023-04-05 21:27:09,007] {processor.py:641} INFO - Processing file /home/edinaldo/Documents/previsao_remuneracao/previsao_remuneracao/venv/lib/python3.10/site-packages/airflow/example_dags/tutorial_taskflow_api_etl.py for tasks to queue
[2023-04-05 21:27:09,008] {logging_mixin.py:115} INFO - [2023-04-05 21:27:09,008] {dagbag.py:507} INFO - Filling up the DagBag from /home/edinaldo/Documents/previsao_remuneracao/previsao_remuneracao/venv/lib/python3.10/site-packages/airflow/example_dags/tutorial_taskflow_api_etl.py
[2023-04-05 21:27:09,044] {processor.py:651} INFO - DAG(s) dict_keys(['tutorial_taskflow_api_etl']) retrieved from /home/edinaldo/Documents/previsao_remuneracao/previsao_remuneracao/venv/lib/python3.10/site-packages/airflow/example_dags/tutorial_taskflow_api_etl.py
[2023-04-05 21:27:09,071] {logging_mixin.py:115} INFO - [2023-04-05 21:27:09,071] {dag.py:2379} INFO - Sync 1 DAGs
[2023-04-05 21:27:09,100] {logging_mixin.py:115} INFO - [2023-04-05 21:27:09,100] {dag.py:2927} INFO - Setting next_dagrun for tutorial_taskflow_api_etl to None, run_after=None
[2023-04-05 21:27:09,191] {processor.py:161} INFO - Processing /home/edinaldo/Documents/previsao_remuneracao/previsao_remuneracao/venv/lib/python3.10/site-packages/airflow/example_dags/tutorial_taskflow_api_etl.py took 0.195 seconds
[2023-04-05 21:27:47,570] {processor.py:153} INFO - Started process (PID=55419) to work on /home/edinaldo/Documents/previsao_remuneracao/previsao_remuneracao/venv/lib/python3.10/site-packages/airflow/example_dags/tutorial_taskflow_api_etl.py
[2023-04-05 21:27:47,596] {processor.py:641} INFO - Processing file /home/edinaldo/Documents/previsao_remuneracao/previsao_remuneracao/venv/lib/python3.10/site-packages/airflow/example_dags/tutorial_taskflow_api_etl.py for tasks to queue
[2023-04-05 21:27:47,598] {logging_mixin.py:115} INFO - [2023-04-05 21:27:47,598] {dagbag.py:507} INFO - Filling up the DagBag from /home/edinaldo/Documents/previsao_remuneracao/previsao_remuneracao/venv/lib/python3.10/site-packages/airflow/example_dags/tutorial_taskflow_api_etl.py
[2023-04-05 21:27:47,634] {processor.py:651} INFO - DAG(s) dict_keys(['tutorial_taskflow_api_etl']) retrieved from /home/edinaldo/Documents/previsao_remuneracao/previsao_remuneracao/venv/lib/python3.10/site-packages/airflow/example_dags/tutorial_taskflow_api_etl.py
[2023-04-05 21:27:47,650] {logging_mixin.py:115} INFO - [2023-04-05 21:27:47,650] {dag.py:2379} INFO - Sync 1 DAGs
[2023-04-05 21:27:47,671] {logging_mixin.py:115} INFO - [2023-04-05 21:27:47,670] {dag.py:2927} INFO - Setting next_dagrun for tutorial_taskflow_api_etl to None, run_after=None
[2023-04-05 21:27:47,773] {processor.py:161} INFO - Processing /home/edinaldo/Documents/previsao_remuneracao/previsao_remuneracao/venv/lib/python3.10/site-packages/airflow/example_dags/tutorial_taskflow_api_etl.py took 0.213 seconds
[2023-04-05 21:28:33,272] {processor.py:153} INFO - Started process (PID=55583) to work on /home/edinaldo/Documents/previsao_remuneracao/previsao_remuneracao/venv/lib/python3.10/site-packages/airflow/example_dags/tutorial_taskflow_api_etl.py
[2023-04-05 21:28:33,293] {processor.py:641} INFO - Processing file /home/edinaldo/Documents/previsao_remuneracao/previsao_remuneracao/venv/lib/python3.10/site-packages/airflow/example_dags/tutorial_taskflow_api_etl.py for tasks to queue
[2023-04-05 21:28:33,294] {logging_mixin.py:115} INFO - [2023-04-05 21:28:33,293] {dagbag.py:507} INFO - Filling up the DagBag from /home/edinaldo/Documents/previsao_remuneracao/previsao_remuneracao/venv/lib/python3.10/site-packages/airflow/example_dags/tutorial_taskflow_api_etl.py
[2023-04-05 21:28:33,333] {processor.py:651} INFO - DAG(s) dict_keys(['tutorial_taskflow_api_etl']) retrieved from /home/edinaldo/Documents/previsao_remuneracao/previsao_remuneracao/venv/lib/python3.10/site-packages/airflow/example_dags/tutorial_taskflow_api_etl.py
[2023-04-05 21:28:33,358] {logging_mixin.py:115} INFO - [2023-04-05 21:28:33,358] {dag.py:2379} INFO - Sync 1 DAGs
[2023-04-05 21:28:33,393] {logging_mixin.py:115} INFO - [2023-04-05 21:28:33,393] {dag.py:2927} INFO - Setting next_dagrun for tutorial_taskflow_api_etl to None, run_after=None
[2023-04-05 21:28:33,769] {processor.py:161} INFO - Processing /home/edinaldo/Documents/previsao_remuneracao/previsao_remuneracao/venv/lib/python3.10/site-packages/airflow/example_dags/tutorial_taskflow_api_etl.py took 0.504 seconds
[2023-04-05 21:29:15,620] {processor.py:153} INFO - Started process (PID=55619) to work on /home/edinaldo/Documents/previsao_remuneracao/previsao_remuneracao/venv/lib/python3.10/site-packages/airflow/example_dags/tutorial_taskflow_api_etl.py
[2023-04-05 21:29:15,634] {processor.py:641} INFO - Processing file /home/edinaldo/Documents/previsao_remuneracao/previsao_remuneracao/venv/lib/python3.10/site-packages/airflow/example_dags/tutorial_taskflow_api_etl.py for tasks to queue
[2023-04-05 21:29:15,637] {logging_mixin.py:115} INFO - [2023-04-05 21:29:15,636] {dagbag.py:507} INFO - Filling up the DagBag from /home/edinaldo/Documents/previsao_remuneracao/previsao_remuneracao/venv/lib/python3.10/site-packages/airflow/example_dags/tutorial_taskflow_api_etl.py
[2023-04-05 21:29:15,714] {processor.py:651} INFO - DAG(s) dict_keys(['tutorial_taskflow_api_etl']) retrieved from /home/edinaldo/Documents/previsao_remuneracao/previsao_remuneracao/venv/lib/python3.10/site-packages/airflow/example_dags/tutorial_taskflow_api_etl.py
[2023-04-05 21:29:15,744] {logging_mixin.py:115} INFO - [2023-04-05 21:29:15,744] {dag.py:2379} INFO - Sync 1 DAGs
[2023-04-05 21:29:15,788] {logging_mixin.py:115} INFO - [2023-04-05 21:29:15,788] {dag.py:2927} INFO - Setting next_dagrun for tutorial_taskflow_api_etl to None, run_after=None
[2023-04-05 21:29:15,894] {processor.py:161} INFO - Processing /home/edinaldo/Documents/previsao_remuneracao/previsao_remuneracao/venv/lib/python3.10/site-packages/airflow/example_dags/tutorial_taskflow_api_etl.py took 0.278 seconds
[2023-04-05 21:29:53,538] {processor.py:153} INFO - Started process (PID=55653) to work on /home/edinaldo/Documents/previsao_remuneracao/previsao_remuneracao/venv/lib/python3.10/site-packages/airflow/example_dags/tutorial_taskflow_api_etl.py
[2023-04-05 21:29:53,547] {processor.py:641} INFO - Processing file /home/edinaldo/Documents/previsao_remuneracao/previsao_remuneracao/venv/lib/python3.10/site-packages/airflow/example_dags/tutorial_taskflow_api_etl.py for tasks to queue
[2023-04-05 21:29:53,548] {logging_mixin.py:115} INFO - [2023-04-05 21:29:53,548] {dagbag.py:507} INFO - Filling up the DagBag from /home/edinaldo/Documents/previsao_remuneracao/previsao_remuneracao/venv/lib/python3.10/site-packages/airflow/example_dags/tutorial_taskflow_api_etl.py
[2023-04-05 21:29:53,586] {processor.py:651} INFO - DAG(s) dict_keys(['tutorial_taskflow_api_etl']) retrieved from /home/edinaldo/Documents/previsao_remuneracao/previsao_remuneracao/venv/lib/python3.10/site-packages/airflow/example_dags/tutorial_taskflow_api_etl.py
[2023-04-05 21:29:53,616] {logging_mixin.py:115} INFO - [2023-04-05 21:29:53,616] {dag.py:2379} INFO - Sync 1 DAGs
[2023-04-05 21:29:53,653] {logging_mixin.py:115} INFO - [2023-04-05 21:29:53,653] {dag.py:2927} INFO - Setting next_dagrun for tutorial_taskflow_api_etl to None, run_after=None
[2023-04-05 21:29:53,757] {processor.py:161} INFO - Processing /home/edinaldo/Documents/previsao_remuneracao/previsao_remuneracao/venv/lib/python3.10/site-packages/airflow/example_dags/tutorial_taskflow_api_etl.py took 0.226 seconds
[2023-04-05 21:30:34,807] {processor.py:153} INFO - Started process (PID=55692) to work on /home/edinaldo/Documents/previsao_remuneracao/previsao_remuneracao/venv/lib/python3.10/site-packages/airflow/example_dags/tutorial_taskflow_api_etl.py
[2023-04-05 21:30:34,825] {processor.py:641} INFO - Processing file /home/edinaldo/Documents/previsao_remuneracao/previsao_remuneracao/venv/lib/python3.10/site-packages/airflow/example_dags/tutorial_taskflow_api_etl.py for tasks to queue
[2023-04-05 21:30:34,827] {logging_mixin.py:115} INFO - [2023-04-05 21:30:34,827] {dagbag.py:507} INFO - Filling up the DagBag from /home/edinaldo/Documents/previsao_remuneracao/previsao_remuneracao/venv/lib/python3.10/site-packages/airflow/example_dags/tutorial_taskflow_api_etl.py
[2023-04-05 21:30:34,863] {processor.py:651} INFO - DAG(s) dict_keys(['tutorial_taskflow_api_etl']) retrieved from /home/edinaldo/Documents/previsao_remuneracao/previsao_remuneracao/venv/lib/python3.10/site-packages/airflow/example_dags/tutorial_taskflow_api_etl.py
[2023-04-05 21:30:34,884] {logging_mixin.py:115} INFO - [2023-04-05 21:30:34,883] {dag.py:2379} INFO - Sync 1 DAGs
[2023-04-05 21:30:34,906] {logging_mixin.py:115} INFO - [2023-04-05 21:30:34,906] {dag.py:2927} INFO - Setting next_dagrun for tutorial_taskflow_api_etl to None, run_after=None
[2023-04-05 21:30:34,995] {processor.py:161} INFO - Processing /home/edinaldo/Documents/previsao_remuneracao/previsao_remuneracao/venv/lib/python3.10/site-packages/airflow/example_dags/tutorial_taskflow_api_etl.py took 0.194 seconds
[2023-04-05 21:31:09,842] {processor.py:153} INFO - Started process (PID=55748) to work on /home/edinaldo/Documents/previsao_remuneracao/previsao_remuneracao/venv/lib/python3.10/site-packages/airflow/example_dags/tutorial_taskflow_api_etl.py
[2023-04-05 21:31:09,861] {processor.py:641} INFO - Processing file /home/edinaldo/Documents/previsao_remuneracao/previsao_remuneracao/venv/lib/python3.10/site-packages/airflow/example_dags/tutorial_taskflow_api_etl.py for tasks to queue
[2023-04-05 21:31:09,862] {logging_mixin.py:115} INFO - [2023-04-05 21:31:09,862] {dagbag.py:507} INFO - Filling up the DagBag from /home/edinaldo/Documents/previsao_remuneracao/previsao_remuneracao/venv/lib/python3.10/site-packages/airflow/example_dags/tutorial_taskflow_api_etl.py
[2023-04-05 21:31:09,896] {processor.py:651} INFO - DAG(s) dict_keys(['tutorial_taskflow_api_etl']) retrieved from /home/edinaldo/Documents/previsao_remuneracao/previsao_remuneracao/venv/lib/python3.10/site-packages/airflow/example_dags/tutorial_taskflow_api_etl.py
[2023-04-05 21:31:09,970] {logging_mixin.py:115} INFO - [2023-04-05 21:31:09,970] {dag.py:2379} INFO - Sync 1 DAGs
[2023-04-05 21:31:09,991] {logging_mixin.py:115} INFO - [2023-04-05 21:31:09,991] {dag.py:2927} INFO - Setting next_dagrun for tutorial_taskflow_api_etl to None, run_after=None
[2023-04-05 21:31:10,077] {processor.py:161} INFO - Processing /home/edinaldo/Documents/previsao_remuneracao/previsao_remuneracao/venv/lib/python3.10/site-packages/airflow/example_dags/tutorial_taskflow_api_etl.py took 0.241 seconds
[2023-04-05 21:31:50,097] {processor.py:153} INFO - Started process (PID=55813) to work on /home/edinaldo/Documents/previsao_remuneracao/previsao_remuneracao/venv/lib/python3.10/site-packages/airflow/example_dags/tutorial_taskflow_api_etl.py
[2023-04-05 21:31:50,112] {processor.py:641} INFO - Processing file /home/edinaldo/Documents/previsao_remuneracao/previsao_remuneracao/venv/lib/python3.10/site-packages/airflow/example_dags/tutorial_taskflow_api_etl.py for tasks to queue
[2023-04-05 21:31:50,113] {logging_mixin.py:115} INFO - [2023-04-05 21:31:50,113] {dagbag.py:507} INFO - Filling up the DagBag from /home/edinaldo/Documents/previsao_remuneracao/previsao_remuneracao/venv/lib/python3.10/site-packages/airflow/example_dags/tutorial_taskflow_api_etl.py
[2023-04-05 21:31:50,161] {processor.py:651} INFO - DAG(s) dict_keys(['tutorial_taskflow_api_etl']) retrieved from /home/edinaldo/Documents/previsao_remuneracao/previsao_remuneracao/venv/lib/python3.10/site-packages/airflow/example_dags/tutorial_taskflow_api_etl.py
[2023-04-05 21:31:50,253] {logging_mixin.py:115} INFO - [2023-04-05 21:31:50,253] {dag.py:2379} INFO - Sync 1 DAGs
[2023-04-05 21:31:50,286] {logging_mixin.py:115} INFO - [2023-04-05 21:31:50,286] {dag.py:2927} INFO - Setting next_dagrun for tutorial_taskflow_api_etl to None, run_after=None
[2023-04-05 21:31:50,418] {processor.py:161} INFO - Processing /home/edinaldo/Documents/previsao_remuneracao/previsao_remuneracao/venv/lib/python3.10/site-packages/airflow/example_dags/tutorial_taskflow_api_etl.py took 0.328 seconds
[2023-04-05 21:32:42,376] {processor.py:153} INFO - Started process (PID=56076) to work on /home/edinaldo/Documents/previsao_remuneracao/previsao_remuneracao/venv/lib/python3.10/site-packages/airflow/example_dags/tutorial_taskflow_api_etl.py
[2023-04-05 21:32:42,397] {processor.py:641} INFO - Processing file /home/edinaldo/Documents/previsao_remuneracao/previsao_remuneracao/venv/lib/python3.10/site-packages/airflow/example_dags/tutorial_taskflow_api_etl.py for tasks to queue
[2023-04-05 21:32:42,398] {logging_mixin.py:115} INFO - [2023-04-05 21:32:42,397] {dagbag.py:507} INFO - Filling up the DagBag from /home/edinaldo/Documents/previsao_remuneracao/previsao_remuneracao/venv/lib/python3.10/site-packages/airflow/example_dags/tutorial_taskflow_api_etl.py
[2023-04-05 21:32:42,467] {processor.py:651} INFO - DAG(s) dict_keys(['tutorial_taskflow_api_etl']) retrieved from /home/edinaldo/Documents/previsao_remuneracao/previsao_remuneracao/venv/lib/python3.10/site-packages/airflow/example_dags/tutorial_taskflow_api_etl.py
[2023-04-05 21:32:42,487] {logging_mixin.py:115} INFO - [2023-04-05 21:32:42,487] {dag.py:2379} INFO - Sync 1 DAGs
[2023-04-05 21:32:42,510] {logging_mixin.py:115} INFO - [2023-04-05 21:32:42,510] {dag.py:2927} INFO - Setting next_dagrun for tutorial_taskflow_api_etl to None, run_after=None
[2023-04-05 21:32:42,668] {processor.py:161} INFO - Processing /home/edinaldo/Documents/previsao_remuneracao/previsao_remuneracao/venv/lib/python3.10/site-packages/airflow/example_dags/tutorial_taskflow_api_etl.py took 0.298 seconds
[2023-04-05 21:33:26,470] {processor.py:153} INFO - Started process (PID=56127) to work on /home/edinaldo/Documents/previsao_remuneracao/previsao_remuneracao/venv/lib/python3.10/site-packages/airflow/example_dags/tutorial_taskflow_api_etl.py
[2023-04-05 21:33:26,488] {processor.py:641} INFO - Processing file /home/edinaldo/Documents/previsao_remuneracao/previsao_remuneracao/venv/lib/python3.10/site-packages/airflow/example_dags/tutorial_taskflow_api_etl.py for tasks to queue
[2023-04-05 21:33:26,489] {logging_mixin.py:115} INFO - [2023-04-05 21:33:26,489] {dagbag.py:507} INFO - Filling up the DagBag from /home/edinaldo/Documents/previsao_remuneracao/previsao_remuneracao/venv/lib/python3.10/site-packages/airflow/example_dags/tutorial_taskflow_api_etl.py
[2023-04-05 21:33:26,520] {processor.py:651} INFO - DAG(s) dict_keys(['tutorial_taskflow_api_etl']) retrieved from /home/edinaldo/Documents/previsao_remuneracao/previsao_remuneracao/venv/lib/python3.10/site-packages/airflow/example_dags/tutorial_taskflow_api_etl.py
[2023-04-05 21:33:26,544] {logging_mixin.py:115} INFO - [2023-04-05 21:33:26,543] {dag.py:2379} INFO - Sync 1 DAGs
[2023-04-05 21:33:26,572] {logging_mixin.py:115} INFO - [2023-04-05 21:33:26,572] {dag.py:2927} INFO - Setting next_dagrun for tutorial_taskflow_api_etl to None, run_after=None
[2023-04-05 21:33:26,680] {processor.py:161} INFO - Processing /home/edinaldo/Documents/previsao_remuneracao/previsao_remuneracao/venv/lib/python3.10/site-packages/airflow/example_dags/tutorial_taskflow_api_etl.py took 0.215 seconds
[2023-04-05 21:34:09,343] {processor.py:153} INFO - Started process (PID=56187) to work on /home/edinaldo/Documents/previsao_remuneracao/previsao_remuneracao/venv/lib/python3.10/site-packages/airflow/example_dags/tutorial_taskflow_api_etl.py
[2023-04-05 21:34:09,440] {processor.py:641} INFO - Processing file /home/edinaldo/Documents/previsao_remuneracao/previsao_remuneracao/venv/lib/python3.10/site-packages/airflow/example_dags/tutorial_taskflow_api_etl.py for tasks to queue
[2023-04-05 21:34:09,440] {logging_mixin.py:115} INFO - [2023-04-05 21:34:09,440] {dagbag.py:507} INFO - Filling up the DagBag from /home/edinaldo/Documents/previsao_remuneracao/previsao_remuneracao/venv/lib/python3.10/site-packages/airflow/example_dags/tutorial_taskflow_api_etl.py
[2023-04-05 21:34:09,473] {processor.py:651} INFO - DAG(s) dict_keys(['tutorial_taskflow_api_etl']) retrieved from /home/edinaldo/Documents/previsao_remuneracao/previsao_remuneracao/venv/lib/python3.10/site-packages/airflow/example_dags/tutorial_taskflow_api_etl.py
[2023-04-05 21:34:09,494] {logging_mixin.py:115} INFO - [2023-04-05 21:34:09,494] {dag.py:2379} INFO - Sync 1 DAGs
[2023-04-05 21:34:09,519] {logging_mixin.py:115} INFO - [2023-04-05 21:34:09,519] {dag.py:2927} INFO - Setting next_dagrun for tutorial_taskflow_api_etl to None, run_after=None
[2023-04-05 21:34:09,662] {processor.py:161} INFO - Processing /home/edinaldo/Documents/previsao_remuneracao/previsao_remuneracao/venv/lib/python3.10/site-packages/airflow/example_dags/tutorial_taskflow_api_etl.py took 0.324 seconds
[2023-04-05 21:34:53,726] {processor.py:153} INFO - Started process (PID=56246) to work on /home/edinaldo/Documents/previsao_remuneracao/previsao_remuneracao/venv/lib/python3.10/site-packages/airflow/example_dags/tutorial_taskflow_api_etl.py
[2023-04-05 21:34:53,741] {processor.py:641} INFO - Processing file /home/edinaldo/Documents/previsao_remuneracao/previsao_remuneracao/venv/lib/python3.10/site-packages/airflow/example_dags/tutorial_taskflow_api_etl.py for tasks to queue
[2023-04-05 21:34:53,742] {logging_mixin.py:115} INFO - [2023-04-05 21:34:53,742] {dagbag.py:507} INFO - Filling up the DagBag from /home/edinaldo/Documents/previsao_remuneracao/previsao_remuneracao/venv/lib/python3.10/site-packages/airflow/example_dags/tutorial_taskflow_api_etl.py
[2023-04-05 21:34:53,796] {processor.py:651} INFO - DAG(s) dict_keys(['tutorial_taskflow_api_etl']) retrieved from /home/edinaldo/Documents/previsao_remuneracao/previsao_remuneracao/venv/lib/python3.10/site-packages/airflow/example_dags/tutorial_taskflow_api_etl.py
[2023-04-05 21:34:53,819] {logging_mixin.py:115} INFO - [2023-04-05 21:34:53,819] {dag.py:2379} INFO - Sync 1 DAGs
[2023-04-05 21:34:53,851] {logging_mixin.py:115} INFO - [2023-04-05 21:34:53,850] {dag.py:2927} INFO - Setting next_dagrun for tutorial_taskflow_api_etl to None, run_after=None
[2023-04-05 21:34:53,932] {processor.py:161} INFO - Processing /home/edinaldo/Documents/previsao_remuneracao/previsao_remuneracao/venv/lib/python3.10/site-packages/airflow/example_dags/tutorial_taskflow_api_etl.py took 0.210 seconds
[2023-04-05 21:35:46,916] {processor.py:153} INFO - Started process (PID=56418) to work on /home/edinaldo/Documents/previsao_remuneracao/previsao_remuneracao/venv/lib/python3.10/site-packages/airflow/example_dags/tutorial_taskflow_api_etl.py
[2023-04-05 21:35:47,386] {processor.py:641} INFO - Processing file /home/edinaldo/Documents/previsao_remuneracao/previsao_remuneracao/venv/lib/python3.10/site-packages/airflow/example_dags/tutorial_taskflow_api_etl.py for tasks to queue
[2023-04-05 21:35:47,388] {logging_mixin.py:115} INFO - [2023-04-05 21:35:47,388] {dagbag.py:507} INFO - Filling up the DagBag from /home/edinaldo/Documents/previsao_remuneracao/previsao_remuneracao/venv/lib/python3.10/site-packages/airflow/example_dags/tutorial_taskflow_api_etl.py
[2023-04-05 21:35:48,011] {processor.py:651} INFO - DAG(s) dict_keys(['tutorial_taskflow_api_etl']) retrieved from /home/edinaldo/Documents/previsao_remuneracao/previsao_remuneracao/venv/lib/python3.10/site-packages/airflow/example_dags/tutorial_taskflow_api_etl.py
[2023-04-05 21:35:48,266] {logging_mixin.py:115} INFO - [2023-04-05 21:35:48,266] {dag.py:2379} INFO - Sync 1 DAGs
[2023-04-05 21:35:48,449] {logging_mixin.py:115} INFO - [2023-04-05 21:35:48,449] {dag.py:2927} INFO - Setting next_dagrun for tutorial_taskflow_api_etl to None, run_after=None
[2023-04-05 21:35:49,012] {processor.py:161} INFO - Processing /home/edinaldo/Documents/previsao_remuneracao/previsao_remuneracao/venv/lib/python3.10/site-packages/airflow/example_dags/tutorial_taskflow_api_etl.py took 2.120 seconds
[2023-04-05 21:37:23,509] {processor.py:153} INFO - Started process (PID=56790) to work on /home/edinaldo/Documents/previsao_remuneracao/previsao_remuneracao/venv/lib/python3.10/site-packages/airflow/example_dags/tutorial_taskflow_api_etl.py
[2023-04-05 21:37:23,537] {processor.py:641} INFO - Processing file /home/edinaldo/Documents/previsao_remuneracao/previsao_remuneracao/venv/lib/python3.10/site-packages/airflow/example_dags/tutorial_taskflow_api_etl.py for tasks to queue
[2023-04-05 21:37:23,538] {logging_mixin.py:115} INFO - [2023-04-05 21:37:23,538] {dagbag.py:507} INFO - Filling up the DagBag from /home/edinaldo/Documents/previsao_remuneracao/previsao_remuneracao/venv/lib/python3.10/site-packages/airflow/example_dags/tutorial_taskflow_api_etl.py
[2023-04-05 21:37:23,576] {processor.py:651} INFO - DAG(s) dict_keys(['tutorial_taskflow_api_etl']) retrieved from /home/edinaldo/Documents/previsao_remuneracao/previsao_remuneracao/venv/lib/python3.10/site-packages/airflow/example_dags/tutorial_taskflow_api_etl.py
[2023-04-05 21:37:23,633] {logging_mixin.py:115} INFO - [2023-04-05 21:37:23,633] {dag.py:2379} INFO - Sync 1 DAGs
[2023-04-05 21:37:23,650] {logging_mixin.py:115} INFO - [2023-04-05 21:37:23,650] {dag.py:2927} INFO - Setting next_dagrun for tutorial_taskflow_api_etl to None, run_after=None
[2023-04-05 21:37:23,738] {processor.py:161} INFO - Processing /home/edinaldo/Documents/previsao_remuneracao/previsao_remuneracao/venv/lib/python3.10/site-packages/airflow/example_dags/tutorial_taskflow_api_etl.py took 0.239 seconds
[2023-04-05 21:38:13,296] {processor.py:153} INFO - Started process (PID=56968) to work on /home/edinaldo/Documents/previsao_remuneracao/previsao_remuneracao/venv/lib/python3.10/site-packages/airflow/example_dags/tutorial_taskflow_api_etl.py
[2023-04-05 21:38:13,317] {processor.py:641} INFO - Processing file /home/edinaldo/Documents/previsao_remuneracao/previsao_remuneracao/venv/lib/python3.10/site-packages/airflow/example_dags/tutorial_taskflow_api_etl.py for tasks to queue
[2023-04-05 21:38:13,318] {logging_mixin.py:115} INFO - [2023-04-05 21:38:13,318] {dagbag.py:507} INFO - Filling up the DagBag from /home/edinaldo/Documents/previsao_remuneracao/previsao_remuneracao/venv/lib/python3.10/site-packages/airflow/example_dags/tutorial_taskflow_api_etl.py
[2023-04-05 21:38:13,389] {processor.py:651} INFO - DAG(s) dict_keys(['tutorial_taskflow_api_etl']) retrieved from /home/edinaldo/Documents/previsao_remuneracao/previsao_remuneracao/venv/lib/python3.10/site-packages/airflow/example_dags/tutorial_taskflow_api_etl.py
[2023-04-05 21:38:13,408] {logging_mixin.py:115} INFO - [2023-04-05 21:38:13,408] {dag.py:2379} INFO - Sync 1 DAGs
[2023-04-05 21:38:13,427] {logging_mixin.py:115} INFO - [2023-04-05 21:38:13,427] {dag.py:2927} INFO - Setting next_dagrun for tutorial_taskflow_api_etl to None, run_after=None
[2023-04-05 21:38:13,530] {processor.py:161} INFO - Processing /home/edinaldo/Documents/previsao_remuneracao/previsao_remuneracao/venv/lib/python3.10/site-packages/airflow/example_dags/tutorial_taskflow_api_etl.py took 0.238 seconds
[2023-04-05 21:39:18,447] {processor.py:153} INFO - Started process (PID=57334) to work on /home/edinaldo/Documents/previsao_remuneracao/previsao_remuneracao/venv/lib/python3.10/site-packages/airflow/example_dags/tutorial_taskflow_api_etl.py
[2023-04-05 21:39:18,498] {processor.py:641} INFO - Processing file /home/edinaldo/Documents/previsao_remuneracao/previsao_remuneracao/venv/lib/python3.10/site-packages/airflow/example_dags/tutorial_taskflow_api_etl.py for tasks to queue
[2023-04-05 21:39:18,499] {logging_mixin.py:115} INFO - [2023-04-05 21:39:18,499] {dagbag.py:507} INFO - Filling up the DagBag from /home/edinaldo/Documents/previsao_remuneracao/previsao_remuneracao/venv/lib/python3.10/site-packages/airflow/example_dags/tutorial_taskflow_api_etl.py
[2023-04-05 21:39:18,596] {processor.py:651} INFO - DAG(s) dict_keys(['tutorial_taskflow_api_etl']) retrieved from /home/edinaldo/Documents/previsao_remuneracao/previsao_remuneracao/venv/lib/python3.10/site-packages/airflow/example_dags/tutorial_taskflow_api_etl.py
[2023-04-05 21:39:18,626] {logging_mixin.py:115} INFO - [2023-04-05 21:39:18,625] {dag.py:2379} INFO - Sync 1 DAGs
[2023-04-05 21:39:18,668] {logging_mixin.py:115} INFO - [2023-04-05 21:39:18,668] {dag.py:2927} INFO - Setting next_dagrun for tutorial_taskflow_api_etl to None, run_after=None
[2023-04-05 21:39:18,823] {processor.py:161} INFO - Processing /home/edinaldo/Documents/previsao_remuneracao/previsao_remuneracao/venv/lib/python3.10/site-packages/airflow/example_dags/tutorial_taskflow_api_etl.py took 0.381 seconds
[2023-04-05 21:40:22,292] {processor.py:153} INFO - Started process (PID=57634) to work on /home/edinaldo/Documents/previsao_remuneracao/previsao_remuneracao/venv/lib/python3.10/site-packages/airflow/example_dags/tutorial_taskflow_api_etl.py
[2023-04-05 21:40:22,320] {processor.py:641} INFO - Processing file /home/edinaldo/Documents/previsao_remuneracao/previsao_remuneracao/venv/lib/python3.10/site-packages/airflow/example_dags/tutorial_taskflow_api_etl.py for tasks to queue
[2023-04-05 21:40:22,321] {logging_mixin.py:115} INFO - [2023-04-05 21:40:22,321] {dagbag.py:507} INFO - Filling up the DagBag from /home/edinaldo/Documents/previsao_remuneracao/previsao_remuneracao/venv/lib/python3.10/site-packages/airflow/example_dags/tutorial_taskflow_api_etl.py
[2023-04-05 21:40:22,377] {processor.py:651} INFO - DAG(s) dict_keys(['tutorial_taskflow_api_etl']) retrieved from /home/edinaldo/Documents/previsao_remuneracao/previsao_remuneracao/venv/lib/python3.10/site-packages/airflow/example_dags/tutorial_taskflow_api_etl.py
[2023-04-05 21:40:22,394] {logging_mixin.py:115} INFO - [2023-04-05 21:40:22,394] {dag.py:2379} INFO - Sync 1 DAGs
[2023-04-05 21:40:22,416] {logging_mixin.py:115} INFO - [2023-04-05 21:40:22,416] {dag.py:2927} INFO - Setting next_dagrun for tutorial_taskflow_api_etl to None, run_after=None
[2023-04-05 21:40:22,499] {processor.py:161} INFO - Processing /home/edinaldo/Documents/previsao_remuneracao/previsao_remuneracao/venv/lib/python3.10/site-packages/airflow/example_dags/tutorial_taskflow_api_etl.py took 0.211 seconds
[2023-04-05 21:41:04,385] {processor.py:153} INFO - Started process (PID=57861) to work on /home/edinaldo/Documents/previsao_remuneracao/previsao_remuneracao/venv/lib/python3.10/site-packages/airflow/example_dags/tutorial_taskflow_api_etl.py
[2023-04-05 21:41:04,407] {processor.py:641} INFO - Processing file /home/edinaldo/Documents/previsao_remuneracao/previsao_remuneracao/venv/lib/python3.10/site-packages/airflow/example_dags/tutorial_taskflow_api_etl.py for tasks to queue
[2023-04-05 21:41:04,409] {logging_mixin.py:115} INFO - [2023-04-05 21:41:04,409] {dagbag.py:507} INFO - Filling up the DagBag from /home/edinaldo/Documents/previsao_remuneracao/previsao_remuneracao/venv/lib/python3.10/site-packages/airflow/example_dags/tutorial_taskflow_api_etl.py
[2023-04-05 21:41:04,447] {processor.py:651} INFO - DAG(s) dict_keys(['tutorial_taskflow_api_etl']) retrieved from /home/edinaldo/Documents/previsao_remuneracao/previsao_remuneracao/venv/lib/python3.10/site-packages/airflow/example_dags/tutorial_taskflow_api_etl.py
[2023-04-05 21:41:04,464] {logging_mixin.py:115} INFO - [2023-04-05 21:41:04,463] {dag.py:2379} INFO - Sync 1 DAGs
[2023-04-05 21:41:04,483] {logging_mixin.py:115} INFO - [2023-04-05 21:41:04,483] {dag.py:2927} INFO - Setting next_dagrun for tutorial_taskflow_api_etl to None, run_after=None
[2023-04-05 21:41:04,604] {processor.py:161} INFO - Processing /home/edinaldo/Documents/previsao_remuneracao/previsao_remuneracao/venv/lib/python3.10/site-packages/airflow/example_dags/tutorial_taskflow_api_etl.py took 0.229 seconds
[2023-04-05 21:41:45,317] {processor.py:153} INFO - Started process (PID=58082) to work on /home/edinaldo/Documents/previsao_remuneracao/previsao_remuneracao/venv/lib/python3.10/site-packages/airflow/example_dags/tutorial_taskflow_api_etl.py
[2023-04-05 21:41:45,344] {processor.py:641} INFO - Processing file /home/edinaldo/Documents/previsao_remuneracao/previsao_remuneracao/venv/lib/python3.10/site-packages/airflow/example_dags/tutorial_taskflow_api_etl.py for tasks to queue
[2023-04-05 21:41:45,346] {logging_mixin.py:115} INFO - [2023-04-05 21:41:45,346] {dagbag.py:507} INFO - Filling up the DagBag from /home/edinaldo/Documents/previsao_remuneracao/previsao_remuneracao/venv/lib/python3.10/site-packages/airflow/example_dags/tutorial_taskflow_api_etl.py
[2023-04-05 21:41:45,386] {processor.py:651} INFO - DAG(s) dict_keys(['tutorial_taskflow_api_etl']) retrieved from /home/edinaldo/Documents/previsao_remuneracao/previsao_remuneracao/venv/lib/python3.10/site-packages/airflow/example_dags/tutorial_taskflow_api_etl.py
[2023-04-05 21:41:45,432] {logging_mixin.py:115} INFO - [2023-04-05 21:41:45,432] {dag.py:2379} INFO - Sync 1 DAGs
[2023-04-05 21:41:45,449] {logging_mixin.py:115} INFO - [2023-04-05 21:41:45,449] {dag.py:2927} INFO - Setting next_dagrun for tutorial_taskflow_api_etl to None, run_after=None
[2023-04-05 21:41:45,544] {processor.py:161} INFO - Processing /home/edinaldo/Documents/previsao_remuneracao/previsao_remuneracao/venv/lib/python3.10/site-packages/airflow/example_dags/tutorial_taskflow_api_etl.py took 0.237 seconds
[2023-04-05 21:42:33,534] {processor.py:153} INFO - Started process (PID=58362) to work on /home/edinaldo/Documents/previsao_remuneracao/previsao_remuneracao/venv/lib/python3.10/site-packages/airflow/example_dags/tutorial_taskflow_api_etl.py
[2023-04-05 21:42:33,586] {processor.py:641} INFO - Processing file /home/edinaldo/Documents/previsao_remuneracao/previsao_remuneracao/venv/lib/python3.10/site-packages/airflow/example_dags/tutorial_taskflow_api_etl.py for tasks to queue
[2023-04-05 21:42:33,589] {logging_mixin.py:115} INFO - [2023-04-05 21:42:33,588] {dagbag.py:507} INFO - Filling up the DagBag from /home/edinaldo/Documents/previsao_remuneracao/previsao_remuneracao/venv/lib/python3.10/site-packages/airflow/example_dags/tutorial_taskflow_api_etl.py
[2023-04-05 21:42:33,682] {processor.py:651} INFO - DAG(s) dict_keys(['tutorial_taskflow_api_etl']) retrieved from /home/edinaldo/Documents/previsao_remuneracao/previsao_remuneracao/venv/lib/python3.10/site-packages/airflow/example_dags/tutorial_taskflow_api_etl.py
[2023-04-05 21:42:33,715] {logging_mixin.py:115} INFO - [2023-04-05 21:42:33,715] {dag.py:2379} INFO - Sync 1 DAGs
[2023-04-05 21:42:33,751] {logging_mixin.py:115} INFO - [2023-04-05 21:42:33,751] {dag.py:2927} INFO - Setting next_dagrun for tutorial_taskflow_api_etl to None, run_after=None
[2023-04-05 21:42:33,865] {processor.py:161} INFO - Processing /home/edinaldo/Documents/previsao_remuneracao/previsao_remuneracao/venv/lib/python3.10/site-packages/airflow/example_dags/tutorial_taskflow_api_etl.py took 0.358 seconds
