[2023-04-05 21:00:16,074] {processor.py:153} INFO - Started process (PID=52080) to work on /home/edinaldo/Documents/previsao_remuneracao/previsao_remuneracao/venv/lib/python3.10/site-packages/airflow/example_dags/tutorial_etl_dag.py
[2023-04-05 21:00:16,075] {processor.py:641} INFO - Processing file /home/edinaldo/Documents/previsao_remuneracao/previsao_remuneracao/venv/lib/python3.10/site-packages/airflow/example_dags/tutorial_etl_dag.py for tasks to queue
[2023-04-05 21:00:16,078] {logging_mixin.py:115} INFO - [2023-04-05 21:00:16,077] {dagbag.py:507} INFO - Filling up the DagBag from /home/edinaldo/Documents/previsao_remuneracao/previsao_remuneracao/venv/lib/python3.10/site-packages/airflow/example_dags/tutorial_etl_dag.py
[2023-04-05 21:00:16,092] {processor.py:651} INFO - DAG(s) dict_keys(['tutorial_etl_dag']) retrieved from /home/edinaldo/Documents/previsao_remuneracao/previsao_remuneracao/venv/lib/python3.10/site-packages/airflow/example_dags/tutorial_etl_dag.py
[2023-04-05 21:00:16,109] {logging_mixin.py:115} INFO - [2023-04-05 21:00:16,109] {dag.py:2379} INFO - Sync 1 DAGs
[2023-04-05 21:00:16,128] {logging_mixin.py:115} INFO - [2023-04-05 21:00:16,127] {dag.py:2927} INFO - Setting next_dagrun for tutorial_etl_dag to None, run_after=None
[2023-04-05 21:00:16,238] {processor.py:161} INFO - Processing /home/edinaldo/Documents/previsao_remuneracao/previsao_remuneracao/venv/lib/python3.10/site-packages/airflow/example_dags/tutorial_etl_dag.py took 0.174 seconds
[2023-04-05 21:00:58,501] {processor.py:153} INFO - Started process (PID=52188) to work on /home/edinaldo/Documents/previsao_remuneracao/previsao_remuneracao/venv/lib/python3.10/site-packages/airflow/example_dags/tutorial_etl_dag.py
[2023-04-05 21:00:58,503] {processor.py:641} INFO - Processing file /home/edinaldo/Documents/previsao_remuneracao/previsao_remuneracao/venv/lib/python3.10/site-packages/airflow/example_dags/tutorial_etl_dag.py for tasks to queue
[2023-04-05 21:00:58,505] {logging_mixin.py:115} INFO - [2023-04-05 21:00:58,505] {dagbag.py:507} INFO - Filling up the DagBag from /home/edinaldo/Documents/previsao_remuneracao/previsao_remuneracao/venv/lib/python3.10/site-packages/airflow/example_dags/tutorial_etl_dag.py
[2023-04-05 21:00:58,521] {processor.py:651} INFO - DAG(s) dict_keys(['tutorial_etl_dag']) retrieved from /home/edinaldo/Documents/previsao_remuneracao/previsao_remuneracao/venv/lib/python3.10/site-packages/airflow/example_dags/tutorial_etl_dag.py
[2023-04-05 21:00:58,538] {logging_mixin.py:115} INFO - [2023-04-05 21:00:58,538] {dag.py:2379} INFO - Sync 1 DAGs
[2023-04-05 21:00:58,559] {logging_mixin.py:115} INFO - [2023-04-05 21:00:58,559] {dag.py:2927} INFO - Setting next_dagrun for tutorial_etl_dag to None, run_after=None
[2023-04-05 21:00:58,656] {processor.py:161} INFO - Processing /home/edinaldo/Documents/previsao_remuneracao/previsao_remuneracao/venv/lib/python3.10/site-packages/airflow/example_dags/tutorial_etl_dag.py took 0.165 seconds
[2023-04-05 21:01:35,770] {processor.py:153} INFO - Started process (PID=52248) to work on /home/edinaldo/Documents/previsao_remuneracao/previsao_remuneracao/venv/lib/python3.10/site-packages/airflow/example_dags/tutorial_etl_dag.py
[2023-04-05 21:01:35,771] {processor.py:641} INFO - Processing file /home/edinaldo/Documents/previsao_remuneracao/previsao_remuneracao/venv/lib/python3.10/site-packages/airflow/example_dags/tutorial_etl_dag.py for tasks to queue
[2023-04-05 21:01:35,772] {logging_mixin.py:115} INFO - [2023-04-05 21:01:35,771] {dagbag.py:507} INFO - Filling up the DagBag from /home/edinaldo/Documents/previsao_remuneracao/previsao_remuneracao/venv/lib/python3.10/site-packages/airflow/example_dags/tutorial_etl_dag.py
[2023-04-05 21:01:35,781] {processor.py:651} INFO - DAG(s) dict_keys(['tutorial_etl_dag']) retrieved from /home/edinaldo/Documents/previsao_remuneracao/previsao_remuneracao/venv/lib/python3.10/site-packages/airflow/example_dags/tutorial_etl_dag.py
[2023-04-05 21:01:35,803] {logging_mixin.py:115} INFO - [2023-04-05 21:01:35,803] {dag.py:2379} INFO - Sync 1 DAGs
[2023-04-05 21:01:35,827] {logging_mixin.py:115} INFO - [2023-04-05 21:01:35,827] {dag.py:2927} INFO - Setting next_dagrun for tutorial_etl_dag to None, run_after=None
[2023-04-05 21:01:35,930] {processor.py:161} INFO - Processing /home/edinaldo/Documents/previsao_remuneracao/previsao_remuneracao/venv/lib/python3.10/site-packages/airflow/example_dags/tutorial_etl_dag.py took 0.163 seconds
[2023-04-05 21:02:22,364] {processor.py:153} INFO - Started process (PID=52338) to work on /home/edinaldo/Documents/previsao_remuneracao/previsao_remuneracao/venv/lib/python3.10/site-packages/airflow/example_dags/tutorial_etl_dag.py
[2023-04-05 21:02:22,365] {processor.py:641} INFO - Processing file /home/edinaldo/Documents/previsao_remuneracao/previsao_remuneracao/venv/lib/python3.10/site-packages/airflow/example_dags/tutorial_etl_dag.py for tasks to queue
[2023-04-05 21:02:22,366] {logging_mixin.py:115} INFO - [2023-04-05 21:02:22,366] {dagbag.py:507} INFO - Filling up the DagBag from /home/edinaldo/Documents/previsao_remuneracao/previsao_remuneracao/venv/lib/python3.10/site-packages/airflow/example_dags/tutorial_etl_dag.py
[2023-04-05 21:02:22,376] {processor.py:651} INFO - DAG(s) dict_keys(['tutorial_etl_dag']) retrieved from /home/edinaldo/Documents/previsao_remuneracao/previsao_remuneracao/venv/lib/python3.10/site-packages/airflow/example_dags/tutorial_etl_dag.py
[2023-04-05 21:02:22,395] {logging_mixin.py:115} INFO - [2023-04-05 21:02:22,395] {dag.py:2379} INFO - Sync 1 DAGs
[2023-04-05 21:02:22,416] {logging_mixin.py:115} INFO - [2023-04-05 21:02:22,415] {dag.py:2927} INFO - Setting next_dagrun for tutorial_etl_dag to None, run_after=None
[2023-04-05 21:02:22,533] {processor.py:161} INFO - Processing /home/edinaldo/Documents/previsao_remuneracao/previsao_remuneracao/venv/lib/python3.10/site-packages/airflow/example_dags/tutorial_etl_dag.py took 0.173 seconds
[2023-04-05 21:02:59,685] {processor.py:153} INFO - Started process (PID=52441) to work on /home/edinaldo/Documents/previsao_remuneracao/previsao_remuneracao/venv/lib/python3.10/site-packages/airflow/example_dags/tutorial_etl_dag.py
[2023-04-05 21:02:59,687] {processor.py:641} INFO - Processing file /home/edinaldo/Documents/previsao_remuneracao/previsao_remuneracao/venv/lib/python3.10/site-packages/airflow/example_dags/tutorial_etl_dag.py for tasks to queue
[2023-04-05 21:02:59,688] {logging_mixin.py:115} INFO - [2023-04-05 21:02:59,688] {dagbag.py:507} INFO - Filling up the DagBag from /home/edinaldo/Documents/previsao_remuneracao/previsao_remuneracao/venv/lib/python3.10/site-packages/airflow/example_dags/tutorial_etl_dag.py
[2023-04-05 21:02:59,706] {processor.py:651} INFO - DAG(s) dict_keys(['tutorial_etl_dag']) retrieved from /home/edinaldo/Documents/previsao_remuneracao/previsao_remuneracao/venv/lib/python3.10/site-packages/airflow/example_dags/tutorial_etl_dag.py
[2023-04-05 21:02:59,724] {logging_mixin.py:115} INFO - [2023-04-05 21:02:59,724] {dag.py:2379} INFO - Sync 1 DAGs
[2023-04-05 21:02:59,743] {logging_mixin.py:115} INFO - [2023-04-05 21:02:59,743] {dag.py:2927} INFO - Setting next_dagrun for tutorial_etl_dag to None, run_after=None
[2023-04-05 21:02:59,841] {processor.py:161} INFO - Processing /home/edinaldo/Documents/previsao_remuneracao/previsao_remuneracao/venv/lib/python3.10/site-packages/airflow/example_dags/tutorial_etl_dag.py took 0.166 seconds
[2023-04-05 21:03:39,089] {processor.py:153} INFO - Started process (PID=52475) to work on /home/edinaldo/Documents/previsao_remuneracao/previsao_remuneracao/venv/lib/python3.10/site-packages/airflow/example_dags/tutorial_etl_dag.py
[2023-04-05 21:03:39,123] {processor.py:641} INFO - Processing file /home/edinaldo/Documents/previsao_remuneracao/previsao_remuneracao/venv/lib/python3.10/site-packages/airflow/example_dags/tutorial_etl_dag.py for tasks to queue
[2023-04-05 21:03:39,124] {logging_mixin.py:115} INFO - [2023-04-05 21:03:39,124] {dagbag.py:507} INFO - Filling up the DagBag from /home/edinaldo/Documents/previsao_remuneracao/previsao_remuneracao/venv/lib/python3.10/site-packages/airflow/example_dags/tutorial_etl_dag.py
[2023-04-05 21:03:39,134] {processor.py:651} INFO - DAG(s) dict_keys(['tutorial_etl_dag']) retrieved from /home/edinaldo/Documents/previsao_remuneracao/previsao_remuneracao/venv/lib/python3.10/site-packages/airflow/example_dags/tutorial_etl_dag.py
[2023-04-05 21:03:39,252] {logging_mixin.py:115} INFO - [2023-04-05 21:03:39,252] {dag.py:2379} INFO - Sync 1 DAGs
[2023-04-05 21:03:39,275] {logging_mixin.py:115} INFO - [2023-04-05 21:03:39,275] {dag.py:2927} INFO - Setting next_dagrun for tutorial_etl_dag to None, run_after=None
[2023-04-05 21:03:39,428] {processor.py:161} INFO - Processing /home/edinaldo/Documents/previsao_remuneracao/previsao_remuneracao/venv/lib/python3.10/site-packages/airflow/example_dags/tutorial_etl_dag.py took 0.342 seconds
[2023-04-05 21:04:21,439] {processor.py:153} INFO - Started process (PID=52546) to work on /home/edinaldo/Documents/previsao_remuneracao/previsao_remuneracao/venv/lib/python3.10/site-packages/airflow/example_dags/tutorial_etl_dag.py
[2023-04-05 21:04:21,441] {processor.py:641} INFO - Processing file /home/edinaldo/Documents/previsao_remuneracao/previsao_remuneracao/venv/lib/python3.10/site-packages/airflow/example_dags/tutorial_etl_dag.py for tasks to queue
[2023-04-05 21:04:21,442] {logging_mixin.py:115} INFO - [2023-04-05 21:04:21,442] {dagbag.py:507} INFO - Filling up the DagBag from /home/edinaldo/Documents/previsao_remuneracao/previsao_remuneracao/venv/lib/python3.10/site-packages/airflow/example_dags/tutorial_etl_dag.py
[2023-04-05 21:04:21,468] {processor.py:651} INFO - DAG(s) dict_keys(['tutorial_etl_dag']) retrieved from /home/edinaldo/Documents/previsao_remuneracao/previsao_remuneracao/venv/lib/python3.10/site-packages/airflow/example_dags/tutorial_etl_dag.py
[2023-04-05 21:04:21,521] {logging_mixin.py:115} INFO - [2023-04-05 21:04:21,520] {dag.py:2379} INFO - Sync 1 DAGs
[2023-04-05 21:04:21,546] {logging_mixin.py:115} INFO - [2023-04-05 21:04:21,546] {dag.py:2927} INFO - Setting next_dagrun for tutorial_etl_dag to None, run_after=None
[2023-04-05 21:04:21,644] {processor.py:161} INFO - Processing /home/edinaldo/Documents/previsao_remuneracao/previsao_remuneracao/venv/lib/python3.10/site-packages/airflow/example_dags/tutorial_etl_dag.py took 0.214 seconds
[2023-04-05 21:05:05,136] {processor.py:153} INFO - Started process (PID=52604) to work on /home/edinaldo/Documents/previsao_remuneracao/previsao_remuneracao/venv/lib/python3.10/site-packages/airflow/example_dags/tutorial_etl_dag.py
[2023-04-05 21:05:05,152] {processor.py:641} INFO - Processing file /home/edinaldo/Documents/previsao_remuneracao/previsao_remuneracao/venv/lib/python3.10/site-packages/airflow/example_dags/tutorial_etl_dag.py for tasks to queue
[2023-04-05 21:05:05,153] {logging_mixin.py:115} INFO - [2023-04-05 21:05:05,153] {dagbag.py:507} INFO - Filling up the DagBag from /home/edinaldo/Documents/previsao_remuneracao/previsao_remuneracao/venv/lib/python3.10/site-packages/airflow/example_dags/tutorial_etl_dag.py
[2023-04-05 21:05:05,164] {processor.py:651} INFO - DAG(s) dict_keys(['tutorial_etl_dag']) retrieved from /home/edinaldo/Documents/previsao_remuneracao/previsao_remuneracao/venv/lib/python3.10/site-packages/airflow/example_dags/tutorial_etl_dag.py
[2023-04-05 21:05:05,182] {logging_mixin.py:115} INFO - [2023-04-05 21:05:05,182] {dag.py:2379} INFO - Sync 1 DAGs
[2023-04-05 21:05:05,203] {logging_mixin.py:115} INFO - [2023-04-05 21:05:05,203] {dag.py:2927} INFO - Setting next_dagrun for tutorial_etl_dag to None, run_after=None
[2023-04-05 21:05:05,289] {processor.py:161} INFO - Processing /home/edinaldo/Documents/previsao_remuneracao/previsao_remuneracao/venv/lib/python3.10/site-packages/airflow/example_dags/tutorial_etl_dag.py took 0.157 seconds
[2023-04-05 21:05:42,747] {processor.py:153} INFO - Started process (PID=52665) to work on /home/edinaldo/Documents/previsao_remuneracao/previsao_remuneracao/venv/lib/python3.10/site-packages/airflow/example_dags/tutorial_etl_dag.py
[2023-04-05 21:05:42,768] {processor.py:641} INFO - Processing file /home/edinaldo/Documents/previsao_remuneracao/previsao_remuneracao/venv/lib/python3.10/site-packages/airflow/example_dags/tutorial_etl_dag.py for tasks to queue
[2023-04-05 21:05:42,769] {logging_mixin.py:115} INFO - [2023-04-05 21:05:42,768] {dagbag.py:507} INFO - Filling up the DagBag from /home/edinaldo/Documents/previsao_remuneracao/previsao_remuneracao/venv/lib/python3.10/site-packages/airflow/example_dags/tutorial_etl_dag.py
[2023-04-05 21:05:42,777] {processor.py:651} INFO - DAG(s) dict_keys(['tutorial_etl_dag']) retrieved from /home/edinaldo/Documents/previsao_remuneracao/previsao_remuneracao/venv/lib/python3.10/site-packages/airflow/example_dags/tutorial_etl_dag.py
[2023-04-05 21:05:42,795] {logging_mixin.py:115} INFO - [2023-04-05 21:05:42,795] {dag.py:2379} INFO - Sync 1 DAGs
[2023-04-05 21:05:42,814] {logging_mixin.py:115} INFO - [2023-04-05 21:05:42,814] {dag.py:2927} INFO - Setting next_dagrun for tutorial_etl_dag to None, run_after=None
[2023-04-05 21:05:42,911] {processor.py:161} INFO - Processing /home/edinaldo/Documents/previsao_remuneracao/previsao_remuneracao/venv/lib/python3.10/site-packages/airflow/example_dags/tutorial_etl_dag.py took 0.168 seconds
[2023-04-05 21:06:26,218] {processor.py:153} INFO - Started process (PID=52712) to work on /home/edinaldo/Documents/previsao_remuneracao/previsao_remuneracao/venv/lib/python3.10/site-packages/airflow/example_dags/tutorial_etl_dag.py
[2023-04-05 21:06:26,231] {processor.py:641} INFO - Processing file /home/edinaldo/Documents/previsao_remuneracao/previsao_remuneracao/venv/lib/python3.10/site-packages/airflow/example_dags/tutorial_etl_dag.py for tasks to queue
[2023-04-05 21:06:26,233] {logging_mixin.py:115} INFO - [2023-04-05 21:06:26,233] {dagbag.py:507} INFO - Filling up the DagBag from /home/edinaldo/Documents/previsao_remuneracao/previsao_remuneracao/venv/lib/python3.10/site-packages/airflow/example_dags/tutorial_etl_dag.py
[2023-04-05 21:06:26,256] {processor.py:651} INFO - DAG(s) dict_keys(['tutorial_etl_dag']) retrieved from /home/edinaldo/Documents/previsao_remuneracao/previsao_remuneracao/venv/lib/python3.10/site-packages/airflow/example_dags/tutorial_etl_dag.py
[2023-04-05 21:06:26,276] {logging_mixin.py:115} INFO - [2023-04-05 21:06:26,275] {dag.py:2379} INFO - Sync 1 DAGs
[2023-04-05 21:06:26,295] {logging_mixin.py:115} INFO - [2023-04-05 21:06:26,295] {dag.py:2927} INFO - Setting next_dagrun for tutorial_etl_dag to None, run_after=None
[2023-04-05 21:06:26,382] {processor.py:161} INFO - Processing /home/edinaldo/Documents/previsao_remuneracao/previsao_remuneracao/venv/lib/python3.10/site-packages/airflow/example_dags/tutorial_etl_dag.py took 0.174 seconds
[2023-04-05 21:07:04,808] {processor.py:153} INFO - Started process (PID=52775) to work on /home/edinaldo/Documents/previsao_remuneracao/previsao_remuneracao/venv/lib/python3.10/site-packages/airflow/example_dags/tutorial_etl_dag.py
[2023-04-05 21:07:04,833] {processor.py:641} INFO - Processing file /home/edinaldo/Documents/previsao_remuneracao/previsao_remuneracao/venv/lib/python3.10/site-packages/airflow/example_dags/tutorial_etl_dag.py for tasks to queue
[2023-04-05 21:07:04,834] {logging_mixin.py:115} INFO - [2023-04-05 21:07:04,834] {dagbag.py:507} INFO - Filling up the DagBag from /home/edinaldo/Documents/previsao_remuneracao/previsao_remuneracao/venv/lib/python3.10/site-packages/airflow/example_dags/tutorial_etl_dag.py
[2023-04-05 21:07:04,859] {processor.py:651} INFO - DAG(s) dict_keys(['tutorial_etl_dag']) retrieved from /home/edinaldo/Documents/previsao_remuneracao/previsao_remuneracao/venv/lib/python3.10/site-packages/airflow/example_dags/tutorial_etl_dag.py
[2023-04-05 21:07:04,879] {logging_mixin.py:115} INFO - [2023-04-05 21:07:04,879] {dag.py:2379} INFO - Sync 1 DAGs
[2023-04-05 21:07:04,899] {logging_mixin.py:115} INFO - [2023-04-05 21:07:04,899] {dag.py:2927} INFO - Setting next_dagrun for tutorial_etl_dag to None, run_after=None
[2023-04-05 21:07:04,994] {processor.py:161} INFO - Processing /home/edinaldo/Documents/previsao_remuneracao/previsao_remuneracao/venv/lib/python3.10/site-packages/airflow/example_dags/tutorial_etl_dag.py took 0.196 seconds
[2023-04-05 21:07:43,569] {processor.py:153} INFO - Started process (PID=52814) to work on /home/edinaldo/Documents/previsao_remuneracao/previsao_remuneracao/venv/lib/python3.10/site-packages/airflow/example_dags/tutorial_etl_dag.py
[2023-04-05 21:07:43,571] {processor.py:641} INFO - Processing file /home/edinaldo/Documents/previsao_remuneracao/previsao_remuneracao/venv/lib/python3.10/site-packages/airflow/example_dags/tutorial_etl_dag.py for tasks to queue
[2023-04-05 21:07:43,572] {logging_mixin.py:115} INFO - [2023-04-05 21:07:43,572] {dagbag.py:507} INFO - Filling up the DagBag from /home/edinaldo/Documents/previsao_remuneracao/previsao_remuneracao/venv/lib/python3.10/site-packages/airflow/example_dags/tutorial_etl_dag.py
[2023-04-05 21:07:43,588] {processor.py:651} INFO - DAG(s) dict_keys(['tutorial_etl_dag']) retrieved from /home/edinaldo/Documents/previsao_remuneracao/previsao_remuneracao/venv/lib/python3.10/site-packages/airflow/example_dags/tutorial_etl_dag.py
[2023-04-05 21:07:43,610] {logging_mixin.py:115} INFO - [2023-04-05 21:07:43,610] {dag.py:2379} INFO - Sync 1 DAGs
[2023-04-05 21:07:43,632] {logging_mixin.py:115} INFO - [2023-04-05 21:07:43,632] {dag.py:2927} INFO - Setting next_dagrun for tutorial_etl_dag to None, run_after=None
[2023-04-05 21:07:43,714] {processor.py:161} INFO - Processing /home/edinaldo/Documents/previsao_remuneracao/previsao_remuneracao/venv/lib/python3.10/site-packages/airflow/example_dags/tutorial_etl_dag.py took 0.156 seconds
[2023-04-05 21:08:22,223] {processor.py:153} INFO - Started process (PID=52848) to work on /home/edinaldo/Documents/previsao_remuneracao/previsao_remuneracao/venv/lib/python3.10/site-packages/airflow/example_dags/tutorial_etl_dag.py
[2023-04-05 21:08:22,246] {processor.py:641} INFO - Processing file /home/edinaldo/Documents/previsao_remuneracao/previsao_remuneracao/venv/lib/python3.10/site-packages/airflow/example_dags/tutorial_etl_dag.py for tasks to queue
[2023-04-05 21:08:22,248] {logging_mixin.py:115} INFO - [2023-04-05 21:08:22,248] {dagbag.py:507} INFO - Filling up the DagBag from /home/edinaldo/Documents/previsao_remuneracao/previsao_remuneracao/venv/lib/python3.10/site-packages/airflow/example_dags/tutorial_etl_dag.py
[2023-04-05 21:08:22,272] {processor.py:651} INFO - DAG(s) dict_keys(['tutorial_etl_dag']) retrieved from /home/edinaldo/Documents/previsao_remuneracao/previsao_remuneracao/venv/lib/python3.10/site-packages/airflow/example_dags/tutorial_etl_dag.py
[2023-04-05 21:08:22,293] {logging_mixin.py:115} INFO - [2023-04-05 21:08:22,293] {dag.py:2379} INFO - Sync 1 DAGs
[2023-04-05 21:08:22,311] {logging_mixin.py:115} INFO - [2023-04-05 21:08:22,311] {dag.py:2927} INFO - Setting next_dagrun for tutorial_etl_dag to None, run_after=None
[2023-04-05 21:08:22,415] {processor.py:161} INFO - Processing /home/edinaldo/Documents/previsao_remuneracao/previsao_remuneracao/venv/lib/python3.10/site-packages/airflow/example_dags/tutorial_etl_dag.py took 0.202 seconds
[2023-04-05 21:09:01,072] {processor.py:153} INFO - Started process (PID=52884) to work on /home/edinaldo/Documents/previsao_remuneracao/previsao_remuneracao/venv/lib/python3.10/site-packages/airflow/example_dags/tutorial_etl_dag.py
[2023-04-05 21:09:01,073] {processor.py:641} INFO - Processing file /home/edinaldo/Documents/previsao_remuneracao/previsao_remuneracao/venv/lib/python3.10/site-packages/airflow/example_dags/tutorial_etl_dag.py for tasks to queue
[2023-04-05 21:09:01,074] {logging_mixin.py:115} INFO - [2023-04-05 21:09:01,074] {dagbag.py:507} INFO - Filling up the DagBag from /home/edinaldo/Documents/previsao_remuneracao/previsao_remuneracao/venv/lib/python3.10/site-packages/airflow/example_dags/tutorial_etl_dag.py
[2023-04-05 21:09:01,085] {processor.py:651} INFO - DAG(s) dict_keys(['tutorial_etl_dag']) retrieved from /home/edinaldo/Documents/previsao_remuneracao/previsao_remuneracao/venv/lib/python3.10/site-packages/airflow/example_dags/tutorial_etl_dag.py
[2023-04-05 21:09:01,103] {logging_mixin.py:115} INFO - [2023-04-05 21:09:01,103] {dag.py:2379} INFO - Sync 1 DAGs
[2023-04-05 21:09:01,121] {logging_mixin.py:115} INFO - [2023-04-05 21:09:01,121] {dag.py:2927} INFO - Setting next_dagrun for tutorial_etl_dag to None, run_after=None
[2023-04-05 21:09:01,228] {processor.py:161} INFO - Processing /home/edinaldo/Documents/previsao_remuneracao/previsao_remuneracao/venv/lib/python3.10/site-packages/airflow/example_dags/tutorial_etl_dag.py took 0.166 seconds
[2023-04-05 21:09:38,962] {processor.py:153} INFO - Started process (PID=52920) to work on /home/edinaldo/Documents/previsao_remuneracao/previsao_remuneracao/venv/lib/python3.10/site-packages/airflow/example_dags/tutorial_etl_dag.py
[2023-04-05 21:09:38,963] {processor.py:641} INFO - Processing file /home/edinaldo/Documents/previsao_remuneracao/previsao_remuneracao/venv/lib/python3.10/site-packages/airflow/example_dags/tutorial_etl_dag.py for tasks to queue
[2023-04-05 21:09:38,964] {logging_mixin.py:115} INFO - [2023-04-05 21:09:38,964] {dagbag.py:507} INFO - Filling up the DagBag from /home/edinaldo/Documents/previsao_remuneracao/previsao_remuneracao/venv/lib/python3.10/site-packages/airflow/example_dags/tutorial_etl_dag.py
[2023-04-05 21:09:38,975] {processor.py:651} INFO - DAG(s) dict_keys(['tutorial_etl_dag']) retrieved from /home/edinaldo/Documents/previsao_remuneracao/previsao_remuneracao/venv/lib/python3.10/site-packages/airflow/example_dags/tutorial_etl_dag.py
[2023-04-05 21:09:38,992] {logging_mixin.py:115} INFO - [2023-04-05 21:09:38,992] {dag.py:2379} INFO - Sync 1 DAGs
[2023-04-05 21:09:39,011] {logging_mixin.py:115} INFO - [2023-04-05 21:09:39,011] {dag.py:2927} INFO - Setting next_dagrun for tutorial_etl_dag to None, run_after=None
[2023-04-05 21:09:39,110] {processor.py:161} INFO - Processing /home/edinaldo/Documents/previsao_remuneracao/previsao_remuneracao/venv/lib/python3.10/site-packages/airflow/example_dags/tutorial_etl_dag.py took 0.155 seconds
[2023-04-05 21:10:19,118] {processor.py:153} INFO - Started process (PID=52958) to work on /home/edinaldo/Documents/previsao_remuneracao/previsao_remuneracao/venv/lib/python3.10/site-packages/airflow/example_dags/tutorial_etl_dag.py
[2023-04-05 21:10:19,128] {processor.py:641} INFO - Processing file /home/edinaldo/Documents/previsao_remuneracao/previsao_remuneracao/venv/lib/python3.10/site-packages/airflow/example_dags/tutorial_etl_dag.py for tasks to queue
[2023-04-05 21:10:19,130] {logging_mixin.py:115} INFO - [2023-04-05 21:10:19,130] {dagbag.py:507} INFO - Filling up the DagBag from /home/edinaldo/Documents/previsao_remuneracao/previsao_remuneracao/venv/lib/python3.10/site-packages/airflow/example_dags/tutorial_etl_dag.py
[2023-04-05 21:10:19,155] {processor.py:651} INFO - DAG(s) dict_keys(['tutorial_etl_dag']) retrieved from /home/edinaldo/Documents/previsao_remuneracao/previsao_remuneracao/venv/lib/python3.10/site-packages/airflow/example_dags/tutorial_etl_dag.py
[2023-04-05 21:10:19,175] {logging_mixin.py:115} INFO - [2023-04-05 21:10:19,175] {dag.py:2379} INFO - Sync 1 DAGs
[2023-04-05 21:10:19,194] {logging_mixin.py:115} INFO - [2023-04-05 21:10:19,194] {dag.py:2927} INFO - Setting next_dagrun for tutorial_etl_dag to None, run_after=None
[2023-04-05 21:10:19,283] {processor.py:161} INFO - Processing /home/edinaldo/Documents/previsao_remuneracao/previsao_remuneracao/venv/lib/python3.10/site-packages/airflow/example_dags/tutorial_etl_dag.py took 0.170 seconds
[2023-04-05 21:11:05,447] {processor.py:153} INFO - Started process (PID=53122) to work on /home/edinaldo/Documents/previsao_remuneracao/previsao_remuneracao/venv/lib/python3.10/site-packages/airflow/example_dags/tutorial_etl_dag.py
[2023-04-05 21:11:05,455] {processor.py:641} INFO - Processing file /home/edinaldo/Documents/previsao_remuneracao/previsao_remuneracao/venv/lib/python3.10/site-packages/airflow/example_dags/tutorial_etl_dag.py for tasks to queue
[2023-04-05 21:11:05,457] {logging_mixin.py:115} INFO - [2023-04-05 21:11:05,457] {dagbag.py:507} INFO - Filling up the DagBag from /home/edinaldo/Documents/previsao_remuneracao/previsao_remuneracao/venv/lib/python3.10/site-packages/airflow/example_dags/tutorial_etl_dag.py
[2023-04-05 21:11:05,507] {processor.py:651} INFO - DAG(s) dict_keys(['tutorial_etl_dag']) retrieved from /home/edinaldo/Documents/previsao_remuneracao/previsao_remuneracao/venv/lib/python3.10/site-packages/airflow/example_dags/tutorial_etl_dag.py
[2023-04-05 21:11:05,532] {logging_mixin.py:115} INFO - [2023-04-05 21:11:05,532] {dag.py:2379} INFO - Sync 1 DAGs
[2023-04-05 21:11:05,551] {logging_mixin.py:115} INFO - [2023-04-05 21:11:05,551] {dag.py:2927} INFO - Setting next_dagrun for tutorial_etl_dag to None, run_after=None
[2023-04-05 21:11:05,641] {processor.py:161} INFO - Processing /home/edinaldo/Documents/previsao_remuneracao/previsao_remuneracao/venv/lib/python3.10/site-packages/airflow/example_dags/tutorial_etl_dag.py took 0.203 seconds
[2023-04-05 21:11:45,050] {processor.py:153} INFO - Started process (PID=53184) to work on /home/edinaldo/Documents/previsao_remuneracao/previsao_remuneracao/venv/lib/python3.10/site-packages/airflow/example_dags/tutorial_etl_dag.py
[2023-04-05 21:11:45,057] {processor.py:641} INFO - Processing file /home/edinaldo/Documents/previsao_remuneracao/previsao_remuneracao/venv/lib/python3.10/site-packages/airflow/example_dags/tutorial_etl_dag.py for tasks to queue
[2023-04-05 21:11:45,059] {logging_mixin.py:115} INFO - [2023-04-05 21:11:45,058] {dagbag.py:507} INFO - Filling up the DagBag from /home/edinaldo/Documents/previsao_remuneracao/previsao_remuneracao/venv/lib/python3.10/site-packages/airflow/example_dags/tutorial_etl_dag.py
[2023-04-05 21:11:45,079] {processor.py:651} INFO - DAG(s) dict_keys(['tutorial_etl_dag']) retrieved from /home/edinaldo/Documents/previsao_remuneracao/previsao_remuneracao/venv/lib/python3.10/site-packages/airflow/example_dags/tutorial_etl_dag.py
[2023-04-05 21:11:45,097] {logging_mixin.py:115} INFO - [2023-04-05 21:11:45,097] {dag.py:2379} INFO - Sync 1 DAGs
[2023-04-05 21:11:45,116] {logging_mixin.py:115} INFO - [2023-04-05 21:11:45,116] {dag.py:2927} INFO - Setting next_dagrun for tutorial_etl_dag to None, run_after=None
[2023-04-05 21:11:45,205] {processor.py:161} INFO - Processing /home/edinaldo/Documents/previsao_remuneracao/previsao_remuneracao/venv/lib/python3.10/site-packages/airflow/example_dags/tutorial_etl_dag.py took 0.165 seconds
[2023-04-05 21:12:20,324] {processor.py:153} INFO - Started process (PID=53273) to work on /home/edinaldo/Documents/previsao_remuneracao/previsao_remuneracao/venv/lib/python3.10/site-packages/airflow/example_dags/tutorial_etl_dag.py
[2023-04-05 21:12:20,414] {processor.py:641} INFO - Processing file /home/edinaldo/Documents/previsao_remuneracao/previsao_remuneracao/venv/lib/python3.10/site-packages/airflow/example_dags/tutorial_etl_dag.py for tasks to queue
[2023-04-05 21:12:20,415] {logging_mixin.py:115} INFO - [2023-04-05 21:12:20,415] {dagbag.py:507} INFO - Filling up the DagBag from /home/edinaldo/Documents/previsao_remuneracao/previsao_remuneracao/venv/lib/python3.10/site-packages/airflow/example_dags/tutorial_etl_dag.py
[2023-04-05 21:12:20,437] {processor.py:651} INFO - DAG(s) dict_keys(['tutorial_etl_dag']) retrieved from /home/edinaldo/Documents/previsao_remuneracao/previsao_remuneracao/venv/lib/python3.10/site-packages/airflow/example_dags/tutorial_etl_dag.py
[2023-04-05 21:12:20,468] {logging_mixin.py:115} INFO - [2023-04-05 21:12:20,467] {dag.py:2379} INFO - Sync 1 DAGs
[2023-04-05 21:12:20,498] {logging_mixin.py:115} INFO - [2023-04-05 21:12:20,498] {dag.py:2927} INFO - Setting next_dagrun for tutorial_etl_dag to None, run_after=None
[2023-04-05 21:12:20,670] {processor.py:161} INFO - Processing /home/edinaldo/Documents/previsao_remuneracao/previsao_remuneracao/venv/lib/python3.10/site-packages/airflow/example_dags/tutorial_etl_dag.py took 0.353 seconds
[2023-04-05 21:13:10,514] {processor.py:153} INFO - Started process (PID=53408) to work on /home/edinaldo/Documents/previsao_remuneracao/previsao_remuneracao/venv/lib/python3.10/site-packages/airflow/example_dags/tutorial_etl_dag.py
[2023-04-05 21:13:10,527] {processor.py:641} INFO - Processing file /home/edinaldo/Documents/previsao_remuneracao/previsao_remuneracao/venv/lib/python3.10/site-packages/airflow/example_dags/tutorial_etl_dag.py for tasks to queue
[2023-04-05 21:13:10,529] {logging_mixin.py:115} INFO - [2023-04-05 21:13:10,529] {dagbag.py:507} INFO - Filling up the DagBag from /home/edinaldo/Documents/previsao_remuneracao/previsao_remuneracao/venv/lib/python3.10/site-packages/airflow/example_dags/tutorial_etl_dag.py
[2023-04-05 21:13:10,572] {processor.py:651} INFO - DAG(s) dict_keys(['tutorial_etl_dag']) retrieved from /home/edinaldo/Documents/previsao_remuneracao/previsao_remuneracao/venv/lib/python3.10/site-packages/airflow/example_dags/tutorial_etl_dag.py
[2023-04-05 21:13:10,608] {logging_mixin.py:115} INFO - [2023-04-05 21:13:10,608] {dag.py:2379} INFO - Sync 1 DAGs
[2023-04-05 21:13:10,634] {logging_mixin.py:115} INFO - [2023-04-05 21:13:10,634] {dag.py:2927} INFO - Setting next_dagrun for tutorial_etl_dag to None, run_after=None
[2023-04-05 21:13:10,712] {processor.py:161} INFO - Processing /home/edinaldo/Documents/previsao_remuneracao/previsao_remuneracao/venv/lib/python3.10/site-packages/airflow/example_dags/tutorial_etl_dag.py took 0.210 seconds
[2023-04-05 21:13:50,967] {processor.py:153} INFO - Started process (PID=53456) to work on /home/edinaldo/Documents/previsao_remuneracao/previsao_remuneracao/venv/lib/python3.10/site-packages/airflow/example_dags/tutorial_etl_dag.py
[2023-04-05 21:13:50,973] {processor.py:641} INFO - Processing file /home/edinaldo/Documents/previsao_remuneracao/previsao_remuneracao/venv/lib/python3.10/site-packages/airflow/example_dags/tutorial_etl_dag.py for tasks to queue
[2023-04-05 21:13:50,975] {logging_mixin.py:115} INFO - [2023-04-05 21:13:50,974] {dagbag.py:507} INFO - Filling up the DagBag from /home/edinaldo/Documents/previsao_remuneracao/previsao_remuneracao/venv/lib/python3.10/site-packages/airflow/example_dags/tutorial_etl_dag.py
[2023-04-05 21:13:50,994] {processor.py:651} INFO - DAG(s) dict_keys(['tutorial_etl_dag']) retrieved from /home/edinaldo/Documents/previsao_remuneracao/previsao_remuneracao/venv/lib/python3.10/site-packages/airflow/example_dags/tutorial_etl_dag.py
[2023-04-05 21:13:51,011] {logging_mixin.py:115} INFO - [2023-04-05 21:13:51,011] {dag.py:2379} INFO - Sync 1 DAGs
[2023-04-05 21:13:51,030] {logging_mixin.py:115} INFO - [2023-04-05 21:13:51,030] {dag.py:2927} INFO - Setting next_dagrun for tutorial_etl_dag to None, run_after=None
[2023-04-05 21:13:51,103] {processor.py:161} INFO - Processing /home/edinaldo/Documents/previsao_remuneracao/previsao_remuneracao/venv/lib/python3.10/site-packages/airflow/example_dags/tutorial_etl_dag.py took 0.145 seconds
[2023-04-05 21:14:28,524] {processor.py:153} INFO - Started process (PID=53489) to work on /home/edinaldo/Documents/previsao_remuneracao/previsao_remuneracao/venv/lib/python3.10/site-packages/airflow/example_dags/tutorial_etl_dag.py
[2023-04-05 21:14:28,533] {processor.py:641} INFO - Processing file /home/edinaldo/Documents/previsao_remuneracao/previsao_remuneracao/venv/lib/python3.10/site-packages/airflow/example_dags/tutorial_etl_dag.py for tasks to queue
[2023-04-05 21:14:28,535] {logging_mixin.py:115} INFO - [2023-04-05 21:14:28,534] {dagbag.py:507} INFO - Filling up the DagBag from /home/edinaldo/Documents/previsao_remuneracao/previsao_remuneracao/venv/lib/python3.10/site-packages/airflow/example_dags/tutorial_etl_dag.py
[2023-04-05 21:14:28,569] {processor.py:651} INFO - DAG(s) dict_keys(['tutorial_etl_dag']) retrieved from /home/edinaldo/Documents/previsao_remuneracao/previsao_remuneracao/venv/lib/python3.10/site-packages/airflow/example_dags/tutorial_etl_dag.py
[2023-04-05 21:14:28,604] {logging_mixin.py:115} INFO - [2023-04-05 21:14:28,603] {dag.py:2379} INFO - Sync 1 DAGs
[2023-04-05 21:14:28,624] {logging_mixin.py:115} INFO - [2023-04-05 21:14:28,623] {dag.py:2927} INFO - Setting next_dagrun for tutorial_etl_dag to None, run_after=None
[2023-04-05 21:14:28,767] {processor.py:161} INFO - Processing /home/edinaldo/Documents/previsao_remuneracao/previsao_remuneracao/venv/lib/python3.10/site-packages/airflow/example_dags/tutorial_etl_dag.py took 0.253 seconds
[2023-04-05 21:15:09,769] {processor.py:153} INFO - Started process (PID=53532) to work on /home/edinaldo/Documents/previsao_remuneracao/previsao_remuneracao/venv/lib/python3.10/site-packages/airflow/example_dags/tutorial_etl_dag.py
[2023-04-05 21:15:09,771] {processor.py:641} INFO - Processing file /home/edinaldo/Documents/previsao_remuneracao/previsao_remuneracao/venv/lib/python3.10/site-packages/airflow/example_dags/tutorial_etl_dag.py for tasks to queue
[2023-04-05 21:15:09,773] {logging_mixin.py:115} INFO - [2023-04-05 21:15:09,773] {dagbag.py:507} INFO - Filling up the DagBag from /home/edinaldo/Documents/previsao_remuneracao/previsao_remuneracao/venv/lib/python3.10/site-packages/airflow/example_dags/tutorial_etl_dag.py
[2023-04-05 21:15:09,787] {processor.py:651} INFO - DAG(s) dict_keys(['tutorial_etl_dag']) retrieved from /home/edinaldo/Documents/previsao_remuneracao/previsao_remuneracao/venv/lib/python3.10/site-packages/airflow/example_dags/tutorial_etl_dag.py
[2023-04-05 21:15:09,804] {logging_mixin.py:115} INFO - [2023-04-05 21:15:09,804] {dag.py:2379} INFO - Sync 1 DAGs
[2023-04-05 21:15:09,823] {logging_mixin.py:115} INFO - [2023-04-05 21:15:09,823] {dag.py:2927} INFO - Setting next_dagrun for tutorial_etl_dag to None, run_after=None
[2023-04-05 21:15:09,895] {processor.py:161} INFO - Processing /home/edinaldo/Documents/previsao_remuneracao/previsao_remuneracao/venv/lib/python3.10/site-packages/airflow/example_dags/tutorial_etl_dag.py took 0.137 seconds
[2023-04-05 21:15:52,079] {processor.py:153} INFO - Started process (PID=53604) to work on /home/edinaldo/Documents/previsao_remuneracao/previsao_remuneracao/venv/lib/python3.10/site-packages/airflow/example_dags/tutorial_etl_dag.py
[2023-04-05 21:15:52,086] {processor.py:641} INFO - Processing file /home/edinaldo/Documents/previsao_remuneracao/previsao_remuneracao/venv/lib/python3.10/site-packages/airflow/example_dags/tutorial_etl_dag.py for tasks to queue
[2023-04-05 21:15:52,087] {logging_mixin.py:115} INFO - [2023-04-05 21:15:52,087] {dagbag.py:507} INFO - Filling up the DagBag from /home/edinaldo/Documents/previsao_remuneracao/previsao_remuneracao/venv/lib/python3.10/site-packages/airflow/example_dags/tutorial_etl_dag.py
[2023-04-05 21:15:52,101] {processor.py:651} INFO - DAG(s) dict_keys(['tutorial_etl_dag']) retrieved from /home/edinaldo/Documents/previsao_remuneracao/previsao_remuneracao/venv/lib/python3.10/site-packages/airflow/example_dags/tutorial_etl_dag.py
[2023-04-05 21:15:52,123] {logging_mixin.py:115} INFO - [2023-04-05 21:15:52,123] {dag.py:2379} INFO - Sync 1 DAGs
[2023-04-05 21:15:52,141] {logging_mixin.py:115} INFO - [2023-04-05 21:15:52,141] {dag.py:2927} INFO - Setting next_dagrun for tutorial_etl_dag to None, run_after=None
[2023-04-05 21:15:52,233] {processor.py:161} INFO - Processing /home/edinaldo/Documents/previsao_remuneracao/previsao_remuneracao/venv/lib/python3.10/site-packages/airflow/example_dags/tutorial_etl_dag.py took 0.158 seconds
[2023-04-05 21:16:27,867] {processor.py:153} INFO - Started process (PID=53638) to work on /home/edinaldo/Documents/previsao_remuneracao/previsao_remuneracao/venv/lib/python3.10/site-packages/airflow/example_dags/tutorial_etl_dag.py
[2023-04-05 21:16:27,875] {processor.py:641} INFO - Processing file /home/edinaldo/Documents/previsao_remuneracao/previsao_remuneracao/venv/lib/python3.10/site-packages/airflow/example_dags/tutorial_etl_dag.py for tasks to queue
[2023-04-05 21:16:27,876] {logging_mixin.py:115} INFO - [2023-04-05 21:16:27,876] {dagbag.py:507} INFO - Filling up the DagBag from /home/edinaldo/Documents/previsao_remuneracao/previsao_remuneracao/venv/lib/python3.10/site-packages/airflow/example_dags/tutorial_etl_dag.py
[2023-04-05 21:16:27,886] {processor.py:651} INFO - DAG(s) dict_keys(['tutorial_etl_dag']) retrieved from /home/edinaldo/Documents/previsao_remuneracao/previsao_remuneracao/venv/lib/python3.10/site-packages/airflow/example_dags/tutorial_etl_dag.py
[2023-04-05 21:16:27,904] {logging_mixin.py:115} INFO - [2023-04-05 21:16:27,904] {dag.py:2379} INFO - Sync 1 DAGs
[2023-04-05 21:16:27,922] {logging_mixin.py:115} INFO - [2023-04-05 21:16:27,922] {dag.py:2927} INFO - Setting next_dagrun for tutorial_etl_dag to None, run_after=None
[2023-04-05 21:16:28,011] {processor.py:161} INFO - Processing /home/edinaldo/Documents/previsao_remuneracao/previsao_remuneracao/venv/lib/python3.10/site-packages/airflow/example_dags/tutorial_etl_dag.py took 0.147 seconds
[2023-04-05 21:17:12,602] {processor.py:153} INFO - Started process (PID=53708) to work on /home/edinaldo/Documents/previsao_remuneracao/previsao_remuneracao/venv/lib/python3.10/site-packages/airflow/example_dags/tutorial_etl_dag.py
[2023-04-05 21:17:12,627] {processor.py:641} INFO - Processing file /home/edinaldo/Documents/previsao_remuneracao/previsao_remuneracao/venv/lib/python3.10/site-packages/airflow/example_dags/tutorial_etl_dag.py for tasks to queue
[2023-04-05 21:17:12,629] {logging_mixin.py:115} INFO - [2023-04-05 21:17:12,628] {dagbag.py:507} INFO - Filling up the DagBag from /home/edinaldo/Documents/previsao_remuneracao/previsao_remuneracao/venv/lib/python3.10/site-packages/airflow/example_dags/tutorial_etl_dag.py
[2023-04-05 21:17:12,653] {processor.py:651} INFO - DAG(s) dict_keys(['tutorial_etl_dag']) retrieved from /home/edinaldo/Documents/previsao_remuneracao/previsao_remuneracao/venv/lib/python3.10/site-packages/airflow/example_dags/tutorial_etl_dag.py
[2023-04-05 21:17:12,673] {logging_mixin.py:115} INFO - [2023-04-05 21:17:12,673] {dag.py:2379} INFO - Sync 1 DAGs
[2023-04-05 21:17:12,691] {logging_mixin.py:115} INFO - [2023-04-05 21:17:12,691] {dag.py:2927} INFO - Setting next_dagrun for tutorial_etl_dag to None, run_after=None
[2023-04-05 21:17:12,778] {processor.py:161} INFO - Processing /home/edinaldo/Documents/previsao_remuneracao/previsao_remuneracao/venv/lib/python3.10/site-packages/airflow/example_dags/tutorial_etl_dag.py took 0.179 seconds
[2023-04-05 21:17:52,022] {processor.py:153} INFO - Started process (PID=53748) to work on /home/edinaldo/Documents/previsao_remuneracao/previsao_remuneracao/venv/lib/python3.10/site-packages/airflow/example_dags/tutorial_etl_dag.py
[2023-04-05 21:17:52,036] {processor.py:641} INFO - Processing file /home/edinaldo/Documents/previsao_remuneracao/previsao_remuneracao/venv/lib/python3.10/site-packages/airflow/example_dags/tutorial_etl_dag.py for tasks to queue
[2023-04-05 21:17:52,036] {logging_mixin.py:115} INFO - [2023-04-05 21:17:52,036] {dagbag.py:507} INFO - Filling up the DagBag from /home/edinaldo/Documents/previsao_remuneracao/previsao_remuneracao/venv/lib/python3.10/site-packages/airflow/example_dags/tutorial_etl_dag.py
[2023-04-05 21:17:52,047] {processor.py:651} INFO - DAG(s) dict_keys(['tutorial_etl_dag']) retrieved from /home/edinaldo/Documents/previsao_remuneracao/previsao_remuneracao/venv/lib/python3.10/site-packages/airflow/example_dags/tutorial_etl_dag.py
[2023-04-05 21:17:52,065] {logging_mixin.py:115} INFO - [2023-04-05 21:17:52,065] {dag.py:2379} INFO - Sync 1 DAGs
[2023-04-05 21:17:52,084] {logging_mixin.py:115} INFO - [2023-04-05 21:17:52,084] {dag.py:2927} INFO - Setting next_dagrun for tutorial_etl_dag to None, run_after=None
[2023-04-05 21:17:52,174] {processor.py:161} INFO - Processing /home/edinaldo/Documents/previsao_remuneracao/previsao_remuneracao/venv/lib/python3.10/site-packages/airflow/example_dags/tutorial_etl_dag.py took 0.156 seconds
[2023-04-05 21:18:30,085] {processor.py:153} INFO - Started process (PID=53783) to work on /home/edinaldo/Documents/previsao_remuneracao/previsao_remuneracao/venv/lib/python3.10/site-packages/airflow/example_dags/tutorial_etl_dag.py
[2023-04-05 21:18:30,087] {processor.py:641} INFO - Processing file /home/edinaldo/Documents/previsao_remuneracao/previsao_remuneracao/venv/lib/python3.10/site-packages/airflow/example_dags/tutorial_etl_dag.py for tasks to queue
[2023-04-05 21:18:30,088] {logging_mixin.py:115} INFO - [2023-04-05 21:18:30,088] {dagbag.py:507} INFO - Filling up the DagBag from /home/edinaldo/Documents/previsao_remuneracao/previsao_remuneracao/venv/lib/python3.10/site-packages/airflow/example_dags/tutorial_etl_dag.py
[2023-04-05 21:18:30,105] {processor.py:651} INFO - DAG(s) dict_keys(['tutorial_etl_dag']) retrieved from /home/edinaldo/Documents/previsao_remuneracao/previsao_remuneracao/venv/lib/python3.10/site-packages/airflow/example_dags/tutorial_etl_dag.py
[2023-04-05 21:18:30,123] {logging_mixin.py:115} INFO - [2023-04-05 21:18:30,122] {dag.py:2379} INFO - Sync 1 DAGs
[2023-04-05 21:18:30,141] {logging_mixin.py:115} INFO - [2023-04-05 21:18:30,141] {dag.py:2927} INFO - Setting next_dagrun for tutorial_etl_dag to None, run_after=None
[2023-04-05 21:18:30,238] {processor.py:161} INFO - Processing /home/edinaldo/Documents/previsao_remuneracao/previsao_remuneracao/venv/lib/python3.10/site-packages/airflow/example_dags/tutorial_etl_dag.py took 0.163 seconds
[2023-04-05 21:19:08,330] {processor.py:153} INFO - Started process (PID=53824) to work on /home/edinaldo/Documents/previsao_remuneracao/previsao_remuneracao/venv/lib/python3.10/site-packages/airflow/example_dags/tutorial_etl_dag.py
[2023-04-05 21:19:08,332] {processor.py:641} INFO - Processing file /home/edinaldo/Documents/previsao_remuneracao/previsao_remuneracao/venv/lib/python3.10/site-packages/airflow/example_dags/tutorial_etl_dag.py for tasks to queue
[2023-04-05 21:19:08,334] {logging_mixin.py:115} INFO - [2023-04-05 21:19:08,333] {dagbag.py:507} INFO - Filling up the DagBag from /home/edinaldo/Documents/previsao_remuneracao/previsao_remuneracao/venv/lib/python3.10/site-packages/airflow/example_dags/tutorial_etl_dag.py
[2023-04-05 21:19:08,352] {processor.py:651} INFO - DAG(s) dict_keys(['tutorial_etl_dag']) retrieved from /home/edinaldo/Documents/previsao_remuneracao/previsao_remuneracao/venv/lib/python3.10/site-packages/airflow/example_dags/tutorial_etl_dag.py
[2023-04-05 21:19:08,371] {logging_mixin.py:115} INFO - [2023-04-05 21:19:08,370] {dag.py:2379} INFO - Sync 1 DAGs
[2023-04-05 21:19:08,389] {logging_mixin.py:115} INFO - [2023-04-05 21:19:08,389] {dag.py:2927} INFO - Setting next_dagrun for tutorial_etl_dag to None, run_after=None
[2023-04-05 21:19:08,468] {processor.py:161} INFO - Processing /home/edinaldo/Documents/previsao_remuneracao/previsao_remuneracao/venv/lib/python3.10/site-packages/airflow/example_dags/tutorial_etl_dag.py took 0.148 seconds
[2023-04-05 21:19:49,815] {processor.py:153} INFO - Started process (PID=53870) to work on /home/edinaldo/Documents/previsao_remuneracao/previsao_remuneracao/venv/lib/python3.10/site-packages/airflow/example_dags/tutorial_etl_dag.py
[2023-04-05 21:19:49,832] {processor.py:641} INFO - Processing file /home/edinaldo/Documents/previsao_remuneracao/previsao_remuneracao/venv/lib/python3.10/site-packages/airflow/example_dags/tutorial_etl_dag.py for tasks to queue
[2023-04-05 21:19:49,833] {logging_mixin.py:115} INFO - [2023-04-05 21:19:49,833] {dagbag.py:507} INFO - Filling up the DagBag from /home/edinaldo/Documents/previsao_remuneracao/previsao_remuneracao/venv/lib/python3.10/site-packages/airflow/example_dags/tutorial_etl_dag.py
[2023-04-05 21:19:49,859] {processor.py:651} INFO - DAG(s) dict_keys(['tutorial_etl_dag']) retrieved from /home/edinaldo/Documents/previsao_remuneracao/previsao_remuneracao/venv/lib/python3.10/site-packages/airflow/example_dags/tutorial_etl_dag.py
[2023-04-05 21:19:49,880] {logging_mixin.py:115} INFO - [2023-04-05 21:19:49,880] {dag.py:2379} INFO - Sync 1 DAGs
[2023-04-05 21:19:49,898] {logging_mixin.py:115} INFO - [2023-04-05 21:19:49,898] {dag.py:2927} INFO - Setting next_dagrun for tutorial_etl_dag to None, run_after=None
[2023-04-05 21:19:49,977] {processor.py:161} INFO - Processing /home/edinaldo/Documents/previsao_remuneracao/previsao_remuneracao/venv/lib/python3.10/site-packages/airflow/example_dags/tutorial_etl_dag.py took 0.166 seconds
[2023-04-05 21:20:31,644] {processor.py:153} INFO - Started process (PID=53910) to work on /home/edinaldo/Documents/previsao_remuneracao/previsao_remuneracao/venv/lib/python3.10/site-packages/airflow/example_dags/tutorial_etl_dag.py
[2023-04-05 21:20:31,647] {processor.py:641} INFO - Processing file /home/edinaldo/Documents/previsao_remuneracao/previsao_remuneracao/venv/lib/python3.10/site-packages/airflow/example_dags/tutorial_etl_dag.py for tasks to queue
[2023-04-05 21:20:31,648] {logging_mixin.py:115} INFO - [2023-04-05 21:20:31,648] {dagbag.py:507} INFO - Filling up the DagBag from /home/edinaldo/Documents/previsao_remuneracao/previsao_remuneracao/venv/lib/python3.10/site-packages/airflow/example_dags/tutorial_etl_dag.py
[2023-04-05 21:20:31,664] {processor.py:651} INFO - DAG(s) dict_keys(['tutorial_etl_dag']) retrieved from /home/edinaldo/Documents/previsao_remuneracao/previsao_remuneracao/venv/lib/python3.10/site-packages/airflow/example_dags/tutorial_etl_dag.py
[2023-04-05 21:20:31,681] {logging_mixin.py:115} INFO - [2023-04-05 21:20:31,681] {dag.py:2379} INFO - Sync 1 DAGs
[2023-04-05 21:20:31,700] {logging_mixin.py:115} INFO - [2023-04-05 21:20:31,700] {dag.py:2927} INFO - Setting next_dagrun for tutorial_etl_dag to None, run_after=None
[2023-04-05 21:20:31,792] {processor.py:161} INFO - Processing /home/edinaldo/Documents/previsao_remuneracao/previsao_remuneracao/venv/lib/python3.10/site-packages/airflow/example_dags/tutorial_etl_dag.py took 0.157 seconds
[2023-04-05 21:21:14,769] {processor.py:153} INFO - Started process (PID=53970) to work on /home/edinaldo/Documents/previsao_remuneracao/previsao_remuneracao/venv/lib/python3.10/site-packages/airflow/example_dags/tutorial_etl_dag.py
[2023-04-05 21:21:14,770] {processor.py:641} INFO - Processing file /home/edinaldo/Documents/previsao_remuneracao/previsao_remuneracao/venv/lib/python3.10/site-packages/airflow/example_dags/tutorial_etl_dag.py for tasks to queue
[2023-04-05 21:21:14,770] {logging_mixin.py:115} INFO - [2023-04-05 21:21:14,770] {dagbag.py:507} INFO - Filling up the DagBag from /home/edinaldo/Documents/previsao_remuneracao/previsao_remuneracao/venv/lib/python3.10/site-packages/airflow/example_dags/tutorial_etl_dag.py
[2023-04-05 21:21:14,781] {processor.py:651} INFO - DAG(s) dict_keys(['tutorial_etl_dag']) retrieved from /home/edinaldo/Documents/previsao_remuneracao/previsao_remuneracao/venv/lib/python3.10/site-packages/airflow/example_dags/tutorial_etl_dag.py
[2023-04-05 21:21:14,799] {logging_mixin.py:115} INFO - [2023-04-05 21:21:14,799] {dag.py:2379} INFO - Sync 1 DAGs
[2023-04-05 21:21:14,818] {logging_mixin.py:115} INFO - [2023-04-05 21:21:14,818] {dag.py:2927} INFO - Setting next_dagrun for tutorial_etl_dag to None, run_after=None
[2023-04-05 21:21:14,922] {processor.py:161} INFO - Processing /home/edinaldo/Documents/previsao_remuneracao/previsao_remuneracao/venv/lib/python3.10/site-packages/airflow/example_dags/tutorial_etl_dag.py took 0.157 seconds
[2023-04-05 21:21:54,362] {processor.py:153} INFO - Started process (PID=54031) to work on /home/edinaldo/Documents/previsao_remuneracao/previsao_remuneracao/venv/lib/python3.10/site-packages/airflow/example_dags/tutorial_etl_dag.py
[2023-04-05 21:21:54,368] {processor.py:641} INFO - Processing file /home/edinaldo/Documents/previsao_remuneracao/previsao_remuneracao/venv/lib/python3.10/site-packages/airflow/example_dags/tutorial_etl_dag.py for tasks to queue
[2023-04-05 21:21:54,369] {logging_mixin.py:115} INFO - [2023-04-05 21:21:54,369] {dagbag.py:507} INFO - Filling up the DagBag from /home/edinaldo/Documents/previsao_remuneracao/previsao_remuneracao/venv/lib/python3.10/site-packages/airflow/example_dags/tutorial_etl_dag.py
[2023-04-05 21:21:54,383] {processor.py:651} INFO - DAG(s) dict_keys(['tutorial_etl_dag']) retrieved from /home/edinaldo/Documents/previsao_remuneracao/previsao_remuneracao/venv/lib/python3.10/site-packages/airflow/example_dags/tutorial_etl_dag.py
[2023-04-05 21:21:54,404] {logging_mixin.py:115} INFO - [2023-04-05 21:21:54,404] {dag.py:2379} INFO - Sync 1 DAGs
[2023-04-05 21:21:54,422] {logging_mixin.py:115} INFO - [2023-04-05 21:21:54,422] {dag.py:2927} INFO - Setting next_dagrun for tutorial_etl_dag to None, run_after=None
[2023-04-05 21:21:54,517] {processor.py:161} INFO - Processing /home/edinaldo/Documents/previsao_remuneracao/previsao_remuneracao/venv/lib/python3.10/site-packages/airflow/example_dags/tutorial_etl_dag.py took 0.159 seconds
[2023-04-05 21:22:35,488] {processor.py:153} INFO - Started process (PID=54078) to work on /home/edinaldo/Documents/previsao_remuneracao/previsao_remuneracao/venv/lib/python3.10/site-packages/airflow/example_dags/tutorial_etl_dag.py
[2023-04-05 21:22:35,504] {processor.py:641} INFO - Processing file /home/edinaldo/Documents/previsao_remuneracao/previsao_remuneracao/venv/lib/python3.10/site-packages/airflow/example_dags/tutorial_etl_dag.py for tasks to queue
[2023-04-05 21:22:35,506] {logging_mixin.py:115} INFO - [2023-04-05 21:22:35,505] {dagbag.py:507} INFO - Filling up the DagBag from /home/edinaldo/Documents/previsao_remuneracao/previsao_remuneracao/venv/lib/python3.10/site-packages/airflow/example_dags/tutorial_etl_dag.py
[2023-04-05 21:22:35,526] {processor.py:651} INFO - DAG(s) dict_keys(['tutorial_etl_dag']) retrieved from /home/edinaldo/Documents/previsao_remuneracao/previsao_remuneracao/venv/lib/python3.10/site-packages/airflow/example_dags/tutorial_etl_dag.py
[2023-04-05 21:22:35,547] {logging_mixin.py:115} INFO - [2023-04-05 21:22:35,547] {dag.py:2379} INFO - Sync 1 DAGs
[2023-04-05 21:22:35,566] {logging_mixin.py:115} INFO - [2023-04-05 21:22:35,566] {dag.py:2927} INFO - Setting next_dagrun for tutorial_etl_dag to None, run_after=None
[2023-04-05 21:22:35,642] {processor.py:161} INFO - Processing /home/edinaldo/Documents/previsao_remuneracao/previsao_remuneracao/venv/lib/python3.10/site-packages/airflow/example_dags/tutorial_etl_dag.py took 0.162 seconds
[2023-04-05 21:23:14,613] {processor.py:153} INFO - Started process (PID=54120) to work on /home/edinaldo/Documents/previsao_remuneracao/previsao_remuneracao/venv/lib/python3.10/site-packages/airflow/example_dags/tutorial_etl_dag.py
[2023-04-05 21:23:14,614] {processor.py:641} INFO - Processing file /home/edinaldo/Documents/previsao_remuneracao/previsao_remuneracao/venv/lib/python3.10/site-packages/airflow/example_dags/tutorial_etl_dag.py for tasks to queue
[2023-04-05 21:23:14,614] {logging_mixin.py:115} INFO - [2023-04-05 21:23:14,614] {dagbag.py:507} INFO - Filling up the DagBag from /home/edinaldo/Documents/previsao_remuneracao/previsao_remuneracao/venv/lib/python3.10/site-packages/airflow/example_dags/tutorial_etl_dag.py
[2023-04-05 21:23:14,624] {processor.py:651} INFO - DAG(s) dict_keys(['tutorial_etl_dag']) retrieved from /home/edinaldo/Documents/previsao_remuneracao/previsao_remuneracao/venv/lib/python3.10/site-packages/airflow/example_dags/tutorial_etl_dag.py
[2023-04-05 21:23:14,642] {logging_mixin.py:115} INFO - [2023-04-05 21:23:14,642] {dag.py:2379} INFO - Sync 1 DAGs
[2023-04-05 21:23:14,673] {logging_mixin.py:115} INFO - [2023-04-05 21:23:14,672] {dag.py:2927} INFO - Setting next_dagrun for tutorial_etl_dag to None, run_after=None
[2023-04-05 21:23:14,762] {processor.py:161} INFO - Processing /home/edinaldo/Documents/previsao_remuneracao/previsao_remuneracao/venv/lib/python3.10/site-packages/airflow/example_dags/tutorial_etl_dag.py took 0.153 seconds
[2023-04-05 21:23:55,018] {processor.py:153} INFO - Started process (PID=54166) to work on /home/edinaldo/Documents/previsao_remuneracao/previsao_remuneracao/venv/lib/python3.10/site-packages/airflow/example_dags/tutorial_etl_dag.py
[2023-04-05 21:23:55,020] {processor.py:641} INFO - Processing file /home/edinaldo/Documents/previsao_remuneracao/previsao_remuneracao/venv/lib/python3.10/site-packages/airflow/example_dags/tutorial_etl_dag.py for tasks to queue
[2023-04-05 21:23:55,022] {logging_mixin.py:115} INFO - [2023-04-05 21:23:55,021] {dagbag.py:507} INFO - Filling up the DagBag from /home/edinaldo/Documents/previsao_remuneracao/previsao_remuneracao/venv/lib/python3.10/site-packages/airflow/example_dags/tutorial_etl_dag.py
[2023-04-05 21:23:55,039] {processor.py:651} INFO - DAG(s) dict_keys(['tutorial_etl_dag']) retrieved from /home/edinaldo/Documents/previsao_remuneracao/previsao_remuneracao/venv/lib/python3.10/site-packages/airflow/example_dags/tutorial_etl_dag.py
[2023-04-05 21:23:55,057] {logging_mixin.py:115} INFO - [2023-04-05 21:23:55,057] {dag.py:2379} INFO - Sync 1 DAGs
[2023-04-05 21:23:55,075] {logging_mixin.py:115} INFO - [2023-04-05 21:23:55,075] {dag.py:2927} INFO - Setting next_dagrun for tutorial_etl_dag to None, run_after=None
[2023-04-05 21:23:55,150] {processor.py:161} INFO - Processing /home/edinaldo/Documents/previsao_remuneracao/previsao_remuneracao/venv/lib/python3.10/site-packages/airflow/example_dags/tutorial_etl_dag.py took 0.141 seconds
[2023-04-05 21:24:35,361] {processor.py:153} INFO - Started process (PID=54293) to work on /home/edinaldo/Documents/previsao_remuneracao/previsao_remuneracao/venv/lib/python3.10/site-packages/airflow/example_dags/tutorial_etl_dag.py
[2023-04-05 21:24:35,372] {processor.py:641} INFO - Processing file /home/edinaldo/Documents/previsao_remuneracao/previsao_remuneracao/venv/lib/python3.10/site-packages/airflow/example_dags/tutorial_etl_dag.py for tasks to queue
[2023-04-05 21:24:35,373] {logging_mixin.py:115} INFO - [2023-04-05 21:24:35,373] {dagbag.py:507} INFO - Filling up the DagBag from /home/edinaldo/Documents/previsao_remuneracao/previsao_remuneracao/venv/lib/python3.10/site-packages/airflow/example_dags/tutorial_etl_dag.py
[2023-04-05 21:24:35,387] {processor.py:651} INFO - DAG(s) dict_keys(['tutorial_etl_dag']) retrieved from /home/edinaldo/Documents/previsao_remuneracao/previsao_remuneracao/venv/lib/python3.10/site-packages/airflow/example_dags/tutorial_etl_dag.py
[2023-04-05 21:24:35,417] {logging_mixin.py:115} INFO - [2023-04-05 21:24:35,417] {dag.py:2379} INFO - Sync 1 DAGs
[2023-04-05 21:24:35,451] {logging_mixin.py:115} INFO - [2023-04-05 21:24:35,451] {dag.py:2927} INFO - Setting next_dagrun for tutorial_etl_dag to None, run_after=None
[2023-04-05 21:24:35,548] {processor.py:161} INFO - Processing /home/edinaldo/Documents/previsao_remuneracao/previsao_remuneracao/venv/lib/python3.10/site-packages/airflow/example_dags/tutorial_etl_dag.py took 0.191 seconds
[2023-04-05 21:25:19,833] {processor.py:153} INFO - Started process (PID=54544) to work on /home/edinaldo/Documents/previsao_remuneracao/previsao_remuneracao/venv/lib/python3.10/site-packages/airflow/example_dags/tutorial_etl_dag.py
[2023-04-05 21:25:19,840] {processor.py:641} INFO - Processing file /home/edinaldo/Documents/previsao_remuneracao/previsao_remuneracao/venv/lib/python3.10/site-packages/airflow/example_dags/tutorial_etl_dag.py for tasks to queue
[2023-04-05 21:25:19,841] {logging_mixin.py:115} INFO - [2023-04-05 21:25:19,841] {dagbag.py:507} INFO - Filling up the DagBag from /home/edinaldo/Documents/previsao_remuneracao/previsao_remuneracao/venv/lib/python3.10/site-packages/airflow/example_dags/tutorial_etl_dag.py
[2023-04-05 21:25:19,855] {processor.py:651} INFO - DAG(s) dict_keys(['tutorial_etl_dag']) retrieved from /home/edinaldo/Documents/previsao_remuneracao/previsao_remuneracao/venv/lib/python3.10/site-packages/airflow/example_dags/tutorial_etl_dag.py
[2023-04-05 21:25:19,875] {logging_mixin.py:115} INFO - [2023-04-05 21:25:19,875] {dag.py:2379} INFO - Sync 1 DAGs
[2023-04-05 21:25:19,894] {logging_mixin.py:115} INFO - [2023-04-05 21:25:19,894] {dag.py:2927} INFO - Setting next_dagrun for tutorial_etl_dag to None, run_after=None
[2023-04-05 21:25:19,984] {processor.py:161} INFO - Processing /home/edinaldo/Documents/previsao_remuneracao/previsao_remuneracao/venv/lib/python3.10/site-packages/airflow/example_dags/tutorial_etl_dag.py took 0.156 seconds
[2023-04-05 21:25:59,637] {processor.py:153} INFO - Started process (PID=54765) to work on /home/edinaldo/Documents/previsao_remuneracao/previsao_remuneracao/venv/lib/python3.10/site-packages/airflow/example_dags/tutorial_etl_dag.py
[2023-04-05 21:25:59,641] {processor.py:641} INFO - Processing file /home/edinaldo/Documents/previsao_remuneracao/previsao_remuneracao/venv/lib/python3.10/site-packages/airflow/example_dags/tutorial_etl_dag.py for tasks to queue
[2023-04-05 21:25:59,642] {logging_mixin.py:115} INFO - [2023-04-05 21:25:59,642] {dagbag.py:507} INFO - Filling up the DagBag from /home/edinaldo/Documents/previsao_remuneracao/previsao_remuneracao/venv/lib/python3.10/site-packages/airflow/example_dags/tutorial_etl_dag.py
[2023-04-05 21:25:59,652] {processor.py:651} INFO - DAG(s) dict_keys(['tutorial_etl_dag']) retrieved from /home/edinaldo/Documents/previsao_remuneracao/previsao_remuneracao/venv/lib/python3.10/site-packages/airflow/example_dags/tutorial_etl_dag.py
[2023-04-05 21:25:59,671] {logging_mixin.py:115} INFO - [2023-04-05 21:25:59,671] {dag.py:2379} INFO - Sync 1 DAGs
[2023-04-05 21:25:59,691] {logging_mixin.py:115} INFO - [2023-04-05 21:25:59,691] {dag.py:2927} INFO - Setting next_dagrun for tutorial_etl_dag to None, run_after=None
[2023-04-05 21:25:59,783] {processor.py:161} INFO - Processing /home/edinaldo/Documents/previsao_remuneracao/previsao_remuneracao/venv/lib/python3.10/site-packages/airflow/example_dags/tutorial_etl_dag.py took 0.150 seconds
[2023-04-05 21:26:41,704] {processor.py:153} INFO - Started process (PID=55018) to work on /home/edinaldo/Documents/previsao_remuneracao/previsao_remuneracao/venv/lib/python3.10/site-packages/airflow/example_dags/tutorial_etl_dag.py
[2023-04-05 21:26:41,725] {processor.py:641} INFO - Processing file /home/edinaldo/Documents/previsao_remuneracao/previsao_remuneracao/venv/lib/python3.10/site-packages/airflow/example_dags/tutorial_etl_dag.py for tasks to queue
[2023-04-05 21:26:41,726] {logging_mixin.py:115} INFO - [2023-04-05 21:26:41,725] {dagbag.py:507} INFO - Filling up the DagBag from /home/edinaldo/Documents/previsao_remuneracao/previsao_remuneracao/venv/lib/python3.10/site-packages/airflow/example_dags/tutorial_etl_dag.py
[2023-04-05 21:26:41,736] {processor.py:651} INFO - DAG(s) dict_keys(['tutorial_etl_dag']) retrieved from /home/edinaldo/Documents/previsao_remuneracao/previsao_remuneracao/venv/lib/python3.10/site-packages/airflow/example_dags/tutorial_etl_dag.py
[2023-04-05 21:26:41,763] {logging_mixin.py:115} INFO - [2023-04-05 21:26:41,763] {dag.py:2379} INFO - Sync 1 DAGs
[2023-04-05 21:26:41,785] {logging_mixin.py:115} INFO - [2023-04-05 21:26:41,785] {dag.py:2927} INFO - Setting next_dagrun for tutorial_etl_dag to None, run_after=None
[2023-04-05 21:26:42,189] {processor.py:161} INFO - Processing /home/edinaldo/Documents/previsao_remuneracao/previsao_remuneracao/venv/lib/python3.10/site-packages/airflow/example_dags/tutorial_etl_dag.py took 0.489 seconds
[2023-04-05 21:27:19,603] {processor.py:153} INFO - Started process (PID=55219) to work on /home/edinaldo/Documents/previsao_remuneracao/previsao_remuneracao/venv/lib/python3.10/site-packages/airflow/example_dags/tutorial_etl_dag.py
[2023-04-05 21:27:19,606] {processor.py:641} INFO - Processing file /home/edinaldo/Documents/previsao_remuneracao/previsao_remuneracao/venv/lib/python3.10/site-packages/airflow/example_dags/tutorial_etl_dag.py for tasks to queue
[2023-04-05 21:27:19,607] {logging_mixin.py:115} INFO - [2023-04-05 21:27:19,607] {dagbag.py:507} INFO - Filling up the DagBag from /home/edinaldo/Documents/previsao_remuneracao/previsao_remuneracao/venv/lib/python3.10/site-packages/airflow/example_dags/tutorial_etl_dag.py
[2023-04-05 21:27:19,618] {processor.py:651} INFO - DAG(s) dict_keys(['tutorial_etl_dag']) retrieved from /home/edinaldo/Documents/previsao_remuneracao/previsao_remuneracao/venv/lib/python3.10/site-packages/airflow/example_dags/tutorial_etl_dag.py
[2023-04-05 21:27:19,641] {logging_mixin.py:115} INFO - [2023-04-05 21:27:19,641] {dag.py:2379} INFO - Sync 1 DAGs
[2023-04-05 21:27:19,664] {logging_mixin.py:115} INFO - [2023-04-05 21:27:19,663] {dag.py:2927} INFO - Setting next_dagrun for tutorial_etl_dag to None, run_after=None
[2023-04-05 21:27:19,744] {processor.py:161} INFO - Processing /home/edinaldo/Documents/previsao_remuneracao/previsao_remuneracao/venv/lib/python3.10/site-packages/airflow/example_dags/tutorial_etl_dag.py took 0.151 seconds
[2023-04-05 21:27:58,519] {processor.py:153} INFO - Started process (PID=55482) to work on /home/edinaldo/Documents/previsao_remuneracao/previsao_remuneracao/venv/lib/python3.10/site-packages/airflow/example_dags/tutorial_etl_dag.py
[2023-04-05 21:27:58,539] {processor.py:641} INFO - Processing file /home/edinaldo/Documents/previsao_remuneracao/previsao_remuneracao/venv/lib/python3.10/site-packages/airflow/example_dags/tutorial_etl_dag.py for tasks to queue
[2023-04-05 21:27:58,540] {logging_mixin.py:115} INFO - [2023-04-05 21:27:58,540] {dagbag.py:507} INFO - Filling up the DagBag from /home/edinaldo/Documents/previsao_remuneracao/previsao_remuneracao/venv/lib/python3.10/site-packages/airflow/example_dags/tutorial_etl_dag.py
[2023-04-05 21:27:58,609] {processor.py:651} INFO - DAG(s) dict_keys(['tutorial_etl_dag']) retrieved from /home/edinaldo/Documents/previsao_remuneracao/previsao_remuneracao/venv/lib/python3.10/site-packages/airflow/example_dags/tutorial_etl_dag.py
[2023-04-05 21:27:58,691] {logging_mixin.py:115} INFO - [2023-04-05 21:27:58,691] {dag.py:2379} INFO - Sync 1 DAGs
[2023-04-05 21:27:58,732] {logging_mixin.py:115} INFO - [2023-04-05 21:27:58,732] {dag.py:2927} INFO - Setting next_dagrun for tutorial_etl_dag to None, run_after=None
[2023-04-05 21:27:58,910] {processor.py:161} INFO - Processing /home/edinaldo/Documents/previsao_remuneracao/previsao_remuneracao/venv/lib/python3.10/site-packages/airflow/example_dags/tutorial_etl_dag.py took 0.400 seconds
[2023-04-05 21:28:53,978] {processor.py:153} INFO - Started process (PID=55600) to work on /home/edinaldo/Documents/previsao_remuneracao/previsao_remuneracao/venv/lib/python3.10/site-packages/airflow/example_dags/tutorial_etl_dag.py
[2023-04-05 21:28:53,997] {processor.py:641} INFO - Processing file /home/edinaldo/Documents/previsao_remuneracao/previsao_remuneracao/venv/lib/python3.10/site-packages/airflow/example_dags/tutorial_etl_dag.py for tasks to queue
[2023-04-05 21:28:54,000] {logging_mixin.py:115} INFO - [2023-04-05 21:28:53,999] {dagbag.py:507} INFO - Filling up the DagBag from /home/edinaldo/Documents/previsao_remuneracao/previsao_remuneracao/venv/lib/python3.10/site-packages/airflow/example_dags/tutorial_etl_dag.py
[2023-04-05 21:28:54,062] {processor.py:651} INFO - DAG(s) dict_keys(['tutorial_etl_dag']) retrieved from /home/edinaldo/Documents/previsao_remuneracao/previsao_remuneracao/venv/lib/python3.10/site-packages/airflow/example_dags/tutorial_etl_dag.py
[2023-04-05 21:28:54,108] {logging_mixin.py:115} INFO - [2023-04-05 21:28:54,107] {dag.py:2379} INFO - Sync 1 DAGs
[2023-04-05 21:28:54,139] {logging_mixin.py:115} INFO - [2023-04-05 21:28:54,139] {dag.py:2927} INFO - Setting next_dagrun for tutorial_etl_dag to None, run_after=None
[2023-04-05 21:28:54,226] {processor.py:161} INFO - Processing /home/edinaldo/Documents/previsao_remuneracao/previsao_remuneracao/venv/lib/python3.10/site-packages/airflow/example_dags/tutorial_etl_dag.py took 0.254 seconds
[2023-04-05 21:29:34,731] {processor.py:153} INFO - Started process (PID=55638) to work on /home/edinaldo/Documents/previsao_remuneracao/previsao_remuneracao/venv/lib/python3.10/site-packages/airflow/example_dags/tutorial_etl_dag.py
[2023-04-05 21:29:34,735] {processor.py:641} INFO - Processing file /home/edinaldo/Documents/previsao_remuneracao/previsao_remuneracao/venv/lib/python3.10/site-packages/airflow/example_dags/tutorial_etl_dag.py for tasks to queue
[2023-04-05 21:29:34,737] {logging_mixin.py:115} INFO - [2023-04-05 21:29:34,736] {dagbag.py:507} INFO - Filling up the DagBag from /home/edinaldo/Documents/previsao_remuneracao/previsao_remuneracao/venv/lib/python3.10/site-packages/airflow/example_dags/tutorial_etl_dag.py
[2023-04-05 21:29:34,754] {processor.py:651} INFO - DAG(s) dict_keys(['tutorial_etl_dag']) retrieved from /home/edinaldo/Documents/previsao_remuneracao/previsao_remuneracao/venv/lib/python3.10/site-packages/airflow/example_dags/tutorial_etl_dag.py
[2023-04-05 21:29:34,791] {logging_mixin.py:115} INFO - [2023-04-05 21:29:34,791] {dag.py:2379} INFO - Sync 1 DAGs
[2023-04-05 21:29:34,831] {logging_mixin.py:115} INFO - [2023-04-05 21:29:34,831] {dag.py:2927} INFO - Setting next_dagrun for tutorial_etl_dag to None, run_after=None
[2023-04-05 21:29:34,907] {processor.py:161} INFO - Processing /home/edinaldo/Documents/previsao_remuneracao/previsao_remuneracao/venv/lib/python3.10/site-packages/airflow/example_dags/tutorial_etl_dag.py took 0.182 seconds
[2023-04-05 21:30:18,550] {processor.py:153} INFO - Started process (PID=55677) to work on /home/edinaldo/Documents/previsao_remuneracao/previsao_remuneracao/venv/lib/python3.10/site-packages/airflow/example_dags/tutorial_etl_dag.py
[2023-04-05 21:30:18,551] {processor.py:641} INFO - Processing file /home/edinaldo/Documents/previsao_remuneracao/previsao_remuneracao/venv/lib/python3.10/site-packages/airflow/example_dags/tutorial_etl_dag.py for tasks to queue
[2023-04-05 21:30:18,551] {logging_mixin.py:115} INFO - [2023-04-05 21:30:18,551] {dagbag.py:507} INFO - Filling up the DagBag from /home/edinaldo/Documents/previsao_remuneracao/previsao_remuneracao/venv/lib/python3.10/site-packages/airflow/example_dags/tutorial_etl_dag.py
[2023-04-05 21:30:18,565] {processor.py:651} INFO - DAG(s) dict_keys(['tutorial_etl_dag']) retrieved from /home/edinaldo/Documents/previsao_remuneracao/previsao_remuneracao/venv/lib/python3.10/site-packages/airflow/example_dags/tutorial_etl_dag.py
[2023-04-05 21:30:18,590] {logging_mixin.py:115} INFO - [2023-04-05 21:30:18,590] {dag.py:2379} INFO - Sync 1 DAGs
[2023-04-05 21:30:18,620] {logging_mixin.py:115} INFO - [2023-04-05 21:30:18,620] {dag.py:2927} INFO - Setting next_dagrun for tutorial_etl_dag to None, run_after=None
[2023-04-05 21:30:18,720] {processor.py:161} INFO - Processing /home/edinaldo/Documents/previsao_remuneracao/previsao_remuneracao/venv/lib/python3.10/site-packages/airflow/example_dags/tutorial_etl_dag.py took 0.174 seconds
[2023-04-05 21:31:04,004] {processor.py:153} INFO - Started process (PID=55742) to work on /home/edinaldo/Documents/previsao_remuneracao/previsao_remuneracao/venv/lib/python3.10/site-packages/airflow/example_dags/tutorial_etl_dag.py
[2023-04-05 21:31:04,005] {processor.py:641} INFO - Processing file /home/edinaldo/Documents/previsao_remuneracao/previsao_remuneracao/venv/lib/python3.10/site-packages/airflow/example_dags/tutorial_etl_dag.py for tasks to queue
[2023-04-05 21:31:04,005] {logging_mixin.py:115} INFO - [2023-04-05 21:31:04,005] {dagbag.py:507} INFO - Filling up the DagBag from /home/edinaldo/Documents/previsao_remuneracao/previsao_remuneracao/venv/lib/python3.10/site-packages/airflow/example_dags/tutorial_etl_dag.py
[2023-04-05 21:31:04,015] {processor.py:651} INFO - DAG(s) dict_keys(['tutorial_etl_dag']) retrieved from /home/edinaldo/Documents/previsao_remuneracao/previsao_remuneracao/venv/lib/python3.10/site-packages/airflow/example_dags/tutorial_etl_dag.py
[2023-04-05 21:31:04,037] {logging_mixin.py:115} INFO - [2023-04-05 21:31:04,037] {dag.py:2379} INFO - Sync 1 DAGs
[2023-04-05 21:31:04,061] {logging_mixin.py:115} INFO - [2023-04-05 21:31:04,061] {dag.py:2927} INFO - Setting next_dagrun for tutorial_etl_dag to None, run_after=None
[2023-04-05 21:31:04,153] {processor.py:161} INFO - Processing /home/edinaldo/Documents/previsao_remuneracao/previsao_remuneracao/venv/lib/python3.10/site-packages/airflow/example_dags/tutorial_etl_dag.py took 0.154 seconds
[2023-04-05 21:31:45,010] {processor.py:153} INFO - Started process (PID=55808) to work on /home/edinaldo/Documents/previsao_remuneracao/previsao_remuneracao/venv/lib/python3.10/site-packages/airflow/example_dags/tutorial_etl_dag.py
[2023-04-05 21:31:45,011] {processor.py:641} INFO - Processing file /home/edinaldo/Documents/previsao_remuneracao/previsao_remuneracao/venv/lib/python3.10/site-packages/airflow/example_dags/tutorial_etl_dag.py for tasks to queue
[2023-04-05 21:31:45,012] {logging_mixin.py:115} INFO - [2023-04-05 21:31:45,012] {dagbag.py:507} INFO - Filling up the DagBag from /home/edinaldo/Documents/previsao_remuneracao/previsao_remuneracao/venv/lib/python3.10/site-packages/airflow/example_dags/tutorial_etl_dag.py
[2023-04-05 21:31:45,024] {processor.py:651} INFO - DAG(s) dict_keys(['tutorial_etl_dag']) retrieved from /home/edinaldo/Documents/previsao_remuneracao/previsao_remuneracao/venv/lib/python3.10/site-packages/airflow/example_dags/tutorial_etl_dag.py
[2023-04-05 21:31:45,044] {logging_mixin.py:115} INFO - [2023-04-05 21:31:45,044] {dag.py:2379} INFO - Sync 1 DAGs
[2023-04-05 21:31:45,069] {logging_mixin.py:115} INFO - [2023-04-05 21:31:45,069] {dag.py:2927} INFO - Setting next_dagrun for tutorial_etl_dag to None, run_after=None
[2023-04-05 21:31:45,169] {processor.py:161} INFO - Processing /home/edinaldo/Documents/previsao_remuneracao/previsao_remuneracao/venv/lib/python3.10/site-packages/airflow/example_dags/tutorial_etl_dag.py took 0.166 seconds
[2023-04-05 21:32:33,056] {processor.py:153} INFO - Started process (PID=56065) to work on /home/edinaldo/Documents/previsao_remuneracao/previsao_remuneracao/venv/lib/python3.10/site-packages/airflow/example_dags/tutorial_etl_dag.py
[2023-04-05 21:32:33,139] {processor.py:641} INFO - Processing file /home/edinaldo/Documents/previsao_remuneracao/previsao_remuneracao/venv/lib/python3.10/site-packages/airflow/example_dags/tutorial_etl_dag.py for tasks to queue
[2023-04-05 21:32:33,141] {logging_mixin.py:115} INFO - [2023-04-05 21:32:33,140] {dagbag.py:507} INFO - Filling up the DagBag from /home/edinaldo/Documents/previsao_remuneracao/previsao_remuneracao/venv/lib/python3.10/site-packages/airflow/example_dags/tutorial_etl_dag.py
[2023-04-05 21:32:33,190] {processor.py:651} INFO - DAG(s) dict_keys(['tutorial_etl_dag']) retrieved from /home/edinaldo/Documents/previsao_remuneracao/previsao_remuneracao/venv/lib/python3.10/site-packages/airflow/example_dags/tutorial_etl_dag.py
[2023-04-05 21:32:33,233] {logging_mixin.py:115} INFO - [2023-04-05 21:32:33,233] {dag.py:2379} INFO - Sync 1 DAGs
[2023-04-05 21:32:33,281] {logging_mixin.py:115} INFO - [2023-04-05 21:32:33,280] {dag.py:2927} INFO - Setting next_dagrun for tutorial_etl_dag to None, run_after=None
[2023-04-05 21:32:33,378] {processor.py:161} INFO - Processing /home/edinaldo/Documents/previsao_remuneracao/previsao_remuneracao/venv/lib/python3.10/site-packages/airflow/example_dags/tutorial_etl_dag.py took 0.331 seconds
[2023-04-05 21:33:18,508] {processor.py:153} INFO - Started process (PID=56117) to work on /home/edinaldo/Documents/previsao_remuneracao/previsao_remuneracao/venv/lib/python3.10/site-packages/airflow/example_dags/tutorial_etl_dag.py
[2023-04-05 21:33:18,514] {processor.py:641} INFO - Processing file /home/edinaldo/Documents/previsao_remuneracao/previsao_remuneracao/venv/lib/python3.10/site-packages/airflow/example_dags/tutorial_etl_dag.py for tasks to queue
[2023-04-05 21:33:18,515] {logging_mixin.py:115} INFO - [2023-04-05 21:33:18,515] {dagbag.py:507} INFO - Filling up the DagBag from /home/edinaldo/Documents/previsao_remuneracao/previsao_remuneracao/venv/lib/python3.10/site-packages/airflow/example_dags/tutorial_etl_dag.py
[2023-04-05 21:33:18,528] {processor.py:651} INFO - DAG(s) dict_keys(['tutorial_etl_dag']) retrieved from /home/edinaldo/Documents/previsao_remuneracao/previsao_remuneracao/venv/lib/python3.10/site-packages/airflow/example_dags/tutorial_etl_dag.py
[2023-04-05 21:33:18,556] {logging_mixin.py:115} INFO - [2023-04-05 21:33:18,555] {dag.py:2379} INFO - Sync 1 DAGs
[2023-04-05 21:33:18,586] {logging_mixin.py:115} INFO - [2023-04-05 21:33:18,586] {dag.py:2927} INFO - Setting next_dagrun for tutorial_etl_dag to None, run_after=None
[2023-04-05 21:33:18,676] {processor.py:161} INFO - Processing /home/edinaldo/Documents/previsao_remuneracao/previsao_remuneracao/venv/lib/python3.10/site-packages/airflow/example_dags/tutorial_etl_dag.py took 0.172 seconds
[2023-04-05 21:34:02,590] {processor.py:153} INFO - Started process (PID=56171) to work on /home/edinaldo/Documents/previsao_remuneracao/previsao_remuneracao/venv/lib/python3.10/site-packages/airflow/example_dags/tutorial_etl_dag.py
[2023-04-05 21:34:02,595] {processor.py:641} INFO - Processing file /home/edinaldo/Documents/previsao_remuneracao/previsao_remuneracao/venv/lib/python3.10/site-packages/airflow/example_dags/tutorial_etl_dag.py for tasks to queue
[2023-04-05 21:34:02,596] {logging_mixin.py:115} INFO - [2023-04-05 21:34:02,596] {dagbag.py:507} INFO - Filling up the DagBag from /home/edinaldo/Documents/previsao_remuneracao/previsao_remuneracao/venv/lib/python3.10/site-packages/airflow/example_dags/tutorial_etl_dag.py
[2023-04-05 21:34:02,614] {processor.py:651} INFO - DAG(s) dict_keys(['tutorial_etl_dag']) retrieved from /home/edinaldo/Documents/previsao_remuneracao/previsao_remuneracao/venv/lib/python3.10/site-packages/airflow/example_dags/tutorial_etl_dag.py
[2023-04-05 21:34:02,648] {logging_mixin.py:115} INFO - [2023-04-05 21:34:02,648] {dag.py:2379} INFO - Sync 1 DAGs
[2023-04-05 21:34:02,677] {logging_mixin.py:115} INFO - [2023-04-05 21:34:02,677] {dag.py:2927} INFO - Setting next_dagrun for tutorial_etl_dag to None, run_after=None
[2023-04-05 21:34:02,768] {processor.py:161} INFO - Processing /home/edinaldo/Documents/previsao_remuneracao/previsao_remuneracao/venv/lib/python3.10/site-packages/airflow/example_dags/tutorial_etl_dag.py took 0.183 seconds
[2023-04-05 21:34:45,575] {processor.py:153} INFO - Started process (PID=56237) to work on /home/edinaldo/Documents/previsao_remuneracao/previsao_remuneracao/venv/lib/python3.10/site-packages/airflow/example_dags/tutorial_etl_dag.py
[2023-04-05 21:34:45,584] {processor.py:641} INFO - Processing file /home/edinaldo/Documents/previsao_remuneracao/previsao_remuneracao/venv/lib/python3.10/site-packages/airflow/example_dags/tutorial_etl_dag.py for tasks to queue
[2023-04-05 21:34:45,586] {logging_mixin.py:115} INFO - [2023-04-05 21:34:45,586] {dagbag.py:507} INFO - Filling up the DagBag from /home/edinaldo/Documents/previsao_remuneracao/previsao_remuneracao/venv/lib/python3.10/site-packages/airflow/example_dags/tutorial_etl_dag.py
[2023-04-05 21:34:45,601] {processor.py:651} INFO - DAG(s) dict_keys(['tutorial_etl_dag']) retrieved from /home/edinaldo/Documents/previsao_remuneracao/previsao_remuneracao/venv/lib/python3.10/site-packages/airflow/example_dags/tutorial_etl_dag.py
[2023-04-05 21:34:45,631] {logging_mixin.py:115} INFO - [2023-04-05 21:34:45,631] {dag.py:2379} INFO - Sync 1 DAGs
[2023-04-05 21:34:45,672] {logging_mixin.py:115} INFO - [2023-04-05 21:34:45,671] {dag.py:2927} INFO - Setting next_dagrun for tutorial_etl_dag to None, run_after=None
[2023-04-05 21:34:45,763] {processor.py:161} INFO - Processing /home/edinaldo/Documents/previsao_remuneracao/previsao_remuneracao/venv/lib/python3.10/site-packages/airflow/example_dags/tutorial_etl_dag.py took 0.196 seconds
[2023-04-05 21:35:30,792] {processor.py:153} INFO - Started process (PID=56296) to work on /home/edinaldo/Documents/previsao_remuneracao/previsao_remuneracao/venv/lib/python3.10/site-packages/airflow/example_dags/tutorial_etl_dag.py
[2023-04-05 21:35:30,816] {processor.py:641} INFO - Processing file /home/edinaldo/Documents/previsao_remuneracao/previsao_remuneracao/venv/lib/python3.10/site-packages/airflow/example_dags/tutorial_etl_dag.py for tasks to queue
[2023-04-05 21:35:30,817] {logging_mixin.py:115} INFO - [2023-04-05 21:35:30,817] {dagbag.py:507} INFO - Filling up the DagBag from /home/edinaldo/Documents/previsao_remuneracao/previsao_remuneracao/venv/lib/python3.10/site-packages/airflow/example_dags/tutorial_etl_dag.py
[2023-04-05 21:35:31,074] {processor.py:651} INFO - DAG(s) dict_keys(['tutorial_etl_dag']) retrieved from /home/edinaldo/Documents/previsao_remuneracao/previsao_remuneracao/venv/lib/python3.10/site-packages/airflow/example_dags/tutorial_etl_dag.py
[2023-04-05 21:35:31,243] {logging_mixin.py:115} INFO - [2023-04-05 21:35:31,243] {dag.py:2379} INFO - Sync 1 DAGs
[2023-04-05 21:35:31,949] {logging_mixin.py:115} INFO - [2023-04-05 21:35:31,948] {dag.py:2927} INFO - Setting next_dagrun for tutorial_etl_dag to None, run_after=None
[2023-04-05 21:35:33,133] {processor.py:161} INFO - Processing /home/edinaldo/Documents/previsao_remuneracao/previsao_remuneracao/venv/lib/python3.10/site-packages/airflow/example_dags/tutorial_etl_dag.py took 2.377 seconds
[2023-04-05 21:36:33,050] {processor.py:153} INFO - Started process (PID=56618) to work on /home/edinaldo/Documents/previsao_remuneracao/previsao_remuneracao/venv/lib/python3.10/site-packages/airflow/example_dags/tutorial_etl_dag.py
[2023-04-05 21:36:33,128] {processor.py:641} INFO - Processing file /home/edinaldo/Documents/previsao_remuneracao/previsao_remuneracao/venv/lib/python3.10/site-packages/airflow/example_dags/tutorial_etl_dag.py for tasks to queue
[2023-04-05 21:36:33,129] {logging_mixin.py:115} INFO - [2023-04-05 21:36:33,129] {dagbag.py:507} INFO - Filling up the DagBag from /home/edinaldo/Documents/previsao_remuneracao/previsao_remuneracao/venv/lib/python3.10/site-packages/airflow/example_dags/tutorial_etl_dag.py
[2023-04-05 21:36:33,650] {processor.py:651} INFO - DAG(s) dict_keys(['tutorial_etl_dag']) retrieved from /home/edinaldo/Documents/previsao_remuneracao/previsao_remuneracao/venv/lib/python3.10/site-packages/airflow/example_dags/tutorial_etl_dag.py
[2023-04-05 21:36:33,872] {logging_mixin.py:115} INFO - [2023-04-05 21:36:33,872] {dag.py:2379} INFO - Sync 1 DAGs
[2023-04-05 21:36:34,085] {logging_mixin.py:115} INFO - [2023-04-05 21:36:34,085] {dag.py:2927} INFO - Setting next_dagrun for tutorial_etl_dag to None, run_after=None
[2023-04-05 21:36:35,681] {processor.py:161} INFO - Processing /home/edinaldo/Documents/previsao_remuneracao/previsao_remuneracao/venv/lib/python3.10/site-packages/airflow/example_dags/tutorial_etl_dag.py took 2.690 seconds
[2023-04-05 21:37:49,314] {processor.py:153} INFO - Started process (PID=56881) to work on /home/edinaldo/Documents/previsao_remuneracao/previsao_remuneracao/venv/lib/python3.10/site-packages/airflow/example_dags/tutorial_etl_dag.py
[2023-04-05 21:37:49,712] {processor.py:641} INFO - Processing file /home/edinaldo/Documents/previsao_remuneracao/previsao_remuneracao/venv/lib/python3.10/site-packages/airflow/example_dags/tutorial_etl_dag.py for tasks to queue
[2023-04-05 21:37:49,714] {logging_mixin.py:115} INFO - [2023-04-05 21:37:49,714] {dagbag.py:507} INFO - Filling up the DagBag from /home/edinaldo/Documents/previsao_remuneracao/previsao_remuneracao/venv/lib/python3.10/site-packages/airflow/example_dags/tutorial_etl_dag.py
[2023-04-05 21:37:49,810] {processor.py:651} INFO - DAG(s) dict_keys(['tutorial_etl_dag']) retrieved from /home/edinaldo/Documents/previsao_remuneracao/previsao_remuneracao/venv/lib/python3.10/site-packages/airflow/example_dags/tutorial_etl_dag.py
[2023-04-05 21:37:49,853] {logging_mixin.py:115} INFO - [2023-04-05 21:37:49,852] {dag.py:2379} INFO - Sync 1 DAGs
[2023-04-05 21:37:49,874] {logging_mixin.py:115} INFO - [2023-04-05 21:37:49,874] {dag.py:2927} INFO - Setting next_dagrun for tutorial_etl_dag to None, run_after=None
[2023-04-05 21:37:50,032] {processor.py:161} INFO - Processing /home/edinaldo/Documents/previsao_remuneracao/previsao_remuneracao/venv/lib/python3.10/site-packages/airflow/example_dags/tutorial_etl_dag.py took 0.732 seconds
[2023-04-05 21:38:30,709] {processor.py:153} INFO - Started process (PID=57054) to work on /home/edinaldo/Documents/previsao_remuneracao/previsao_remuneracao/venv/lib/python3.10/site-packages/airflow/example_dags/tutorial_etl_dag.py
[2023-04-05 21:38:30,726] {processor.py:641} INFO - Processing file /home/edinaldo/Documents/previsao_remuneracao/previsao_remuneracao/venv/lib/python3.10/site-packages/airflow/example_dags/tutorial_etl_dag.py for tasks to queue
[2023-04-05 21:38:30,728] {logging_mixin.py:115} INFO - [2023-04-05 21:38:30,728] {dagbag.py:507} INFO - Filling up the DagBag from /home/edinaldo/Documents/previsao_remuneracao/previsao_remuneracao/venv/lib/python3.10/site-packages/airflow/example_dags/tutorial_etl_dag.py
[2023-04-05 21:38:30,782] {processor.py:651} INFO - DAG(s) dict_keys(['tutorial_etl_dag']) retrieved from /home/edinaldo/Documents/previsao_remuneracao/previsao_remuneracao/venv/lib/python3.10/site-packages/airflow/example_dags/tutorial_etl_dag.py
[2023-04-05 21:38:30,812] {logging_mixin.py:115} INFO - [2023-04-05 21:38:30,812] {dag.py:2379} INFO - Sync 1 DAGs
[2023-04-05 21:38:30,844] {logging_mixin.py:115} INFO - [2023-04-05 21:38:30,844] {dag.py:2927} INFO - Setting next_dagrun for tutorial_etl_dag to None, run_after=None
[2023-04-05 21:38:31,088] {processor.py:161} INFO - Processing /home/edinaldo/Documents/previsao_remuneracao/previsao_remuneracao/venv/lib/python3.10/site-packages/airflow/example_dags/tutorial_etl_dag.py took 0.389 seconds
[2023-04-05 21:39:54,885] {processor.py:153} INFO - Started process (PID=57495) to work on /home/edinaldo/Documents/previsao_remuneracao/previsao_remuneracao/venv/lib/python3.10/site-packages/airflow/example_dags/tutorial_etl_dag.py
[2023-04-05 21:39:54,914] {processor.py:641} INFO - Processing file /home/edinaldo/Documents/previsao_remuneracao/previsao_remuneracao/venv/lib/python3.10/site-packages/airflow/example_dags/tutorial_etl_dag.py for tasks to queue
[2023-04-05 21:39:54,917] {logging_mixin.py:115} INFO - [2023-04-05 21:39:54,916] {dagbag.py:507} INFO - Filling up the DagBag from /home/edinaldo/Documents/previsao_remuneracao/previsao_remuneracao/venv/lib/python3.10/site-packages/airflow/example_dags/tutorial_etl_dag.py
[2023-04-05 21:39:54,968] {processor.py:651} INFO - DAG(s) dict_keys(['tutorial_etl_dag']) retrieved from /home/edinaldo/Documents/previsao_remuneracao/previsao_remuneracao/venv/lib/python3.10/site-packages/airflow/example_dags/tutorial_etl_dag.py
[2023-04-05 21:39:54,993] {logging_mixin.py:115} INFO - [2023-04-05 21:39:54,993] {dag.py:2379} INFO - Sync 1 DAGs
[2023-04-05 21:39:55,028] {logging_mixin.py:115} INFO - [2023-04-05 21:39:55,028] {dag.py:2927} INFO - Setting next_dagrun for tutorial_etl_dag to None, run_after=None
[2023-04-05 21:39:55,109] {processor.py:161} INFO - Processing /home/edinaldo/Documents/previsao_remuneracao/previsao_remuneracao/venv/lib/python3.10/site-packages/airflow/example_dags/tutorial_etl_dag.py took 0.230 seconds
[2023-04-05 21:40:36,057] {processor.py:153} INFO - Started process (PID=57695) to work on /home/edinaldo/Documents/previsao_remuneracao/previsao_remuneracao/venv/lib/python3.10/site-packages/airflow/example_dags/tutorial_etl_dag.py
[2023-04-05 21:40:36,071] {processor.py:641} INFO - Processing file /home/edinaldo/Documents/previsao_remuneracao/previsao_remuneracao/venv/lib/python3.10/site-packages/airflow/example_dags/tutorial_etl_dag.py for tasks to queue
[2023-04-05 21:40:36,072] {logging_mixin.py:115} INFO - [2023-04-05 21:40:36,071] {dagbag.py:507} INFO - Filling up the DagBag from /home/edinaldo/Documents/previsao_remuneracao/previsao_remuneracao/venv/lib/python3.10/site-packages/airflow/example_dags/tutorial_etl_dag.py
[2023-04-05 21:40:36,145] {processor.py:651} INFO - DAG(s) dict_keys(['tutorial_etl_dag']) retrieved from /home/edinaldo/Documents/previsao_remuneracao/previsao_remuneracao/venv/lib/python3.10/site-packages/airflow/example_dags/tutorial_etl_dag.py
[2023-04-05 21:40:36,196] {logging_mixin.py:115} INFO - [2023-04-05 21:40:36,196] {dag.py:2379} INFO - Sync 1 DAGs
[2023-04-05 21:40:36,216] {logging_mixin.py:115} INFO - [2023-04-05 21:40:36,216] {dag.py:2927} INFO - Setting next_dagrun for tutorial_etl_dag to None, run_after=None
[2023-04-05 21:40:36,310] {processor.py:161} INFO - Processing /home/edinaldo/Documents/previsao_remuneracao/previsao_remuneracao/venv/lib/python3.10/site-packages/airflow/example_dags/tutorial_etl_dag.py took 0.261 seconds
[2023-04-05 21:41:13,393] {processor.py:153} INFO - Started process (PID=57915) to work on /home/edinaldo/Documents/previsao_remuneracao/previsao_remuneracao/venv/lib/python3.10/site-packages/airflow/example_dags/tutorial_etl_dag.py
[2023-04-05 21:41:13,399] {processor.py:641} INFO - Processing file /home/edinaldo/Documents/previsao_remuneracao/previsao_remuneracao/venv/lib/python3.10/site-packages/airflow/example_dags/tutorial_etl_dag.py for tasks to queue
[2023-04-05 21:41:13,400] {logging_mixin.py:115} INFO - [2023-04-05 21:41:13,400] {dagbag.py:507} INFO - Filling up the DagBag from /home/edinaldo/Documents/previsao_remuneracao/previsao_remuneracao/venv/lib/python3.10/site-packages/airflow/example_dags/tutorial_etl_dag.py
[2023-04-05 21:41:13,417] {processor.py:651} INFO - DAG(s) dict_keys(['tutorial_etl_dag']) retrieved from /home/edinaldo/Documents/previsao_remuneracao/previsao_remuneracao/venv/lib/python3.10/site-packages/airflow/example_dags/tutorial_etl_dag.py
[2023-04-05 21:41:13,435] {logging_mixin.py:115} INFO - [2023-04-05 21:41:13,435] {dag.py:2379} INFO - Sync 1 DAGs
[2023-04-05 21:41:13,454] {logging_mixin.py:115} INFO - [2023-04-05 21:41:13,454] {dag.py:2927} INFO - Setting next_dagrun for tutorial_etl_dag to None, run_after=None
[2023-04-05 21:41:13,542] {processor.py:161} INFO - Processing /home/edinaldo/Documents/previsao_remuneracao/previsao_remuneracao/venv/lib/python3.10/site-packages/airflow/example_dags/tutorial_etl_dag.py took 0.156 seconds
[2023-04-05 21:41:54,471] {processor.py:153} INFO - Started process (PID=58166) to work on /home/edinaldo/Documents/previsao_remuneracao/previsao_remuneracao/venv/lib/python3.10/site-packages/airflow/example_dags/tutorial_etl_dag.py
[2023-04-05 21:41:54,490] {processor.py:641} INFO - Processing file /home/edinaldo/Documents/previsao_remuneracao/previsao_remuneracao/venv/lib/python3.10/site-packages/airflow/example_dags/tutorial_etl_dag.py for tasks to queue
[2023-04-05 21:41:54,491] {logging_mixin.py:115} INFO - [2023-04-05 21:41:54,491] {dagbag.py:507} INFO - Filling up the DagBag from /home/edinaldo/Documents/previsao_remuneracao/previsao_remuneracao/venv/lib/python3.10/site-packages/airflow/example_dags/tutorial_etl_dag.py
[2023-04-05 21:41:54,546] {processor.py:651} INFO - DAG(s) dict_keys(['tutorial_etl_dag']) retrieved from /home/edinaldo/Documents/previsao_remuneracao/previsao_remuneracao/venv/lib/python3.10/site-packages/airflow/example_dags/tutorial_etl_dag.py
[2023-04-05 21:41:54,568] {logging_mixin.py:115} INFO - [2023-04-05 21:41:54,568] {dag.py:2379} INFO - Sync 1 DAGs
[2023-04-05 21:41:54,588] {logging_mixin.py:115} INFO - [2023-04-05 21:41:54,588] {dag.py:2927} INFO - Setting next_dagrun for tutorial_etl_dag to None, run_after=None
[2023-04-05 21:41:54,775] {processor.py:161} INFO - Processing /home/edinaldo/Documents/previsao_remuneracao/previsao_remuneracao/venv/lib/python3.10/site-packages/airflow/example_dags/tutorial_etl_dag.py took 0.307 seconds
[2023-04-05 21:42:40,211] {processor.py:153} INFO - Started process (PID=58417) to work on /home/edinaldo/Documents/previsao_remuneracao/previsao_remuneracao/venv/lib/python3.10/site-packages/airflow/example_dags/tutorial_etl_dag.py
[2023-04-05 21:42:40,264] {processor.py:641} INFO - Processing file /home/edinaldo/Documents/previsao_remuneracao/previsao_remuneracao/venv/lib/python3.10/site-packages/airflow/example_dags/tutorial_etl_dag.py for tasks to queue
[2023-04-05 21:42:40,265] {logging_mixin.py:115} INFO - [2023-04-05 21:42:40,265] {dagbag.py:507} INFO - Filling up the DagBag from /home/edinaldo/Documents/previsao_remuneracao/previsao_remuneracao/venv/lib/python3.10/site-packages/airflow/example_dags/tutorial_etl_dag.py
[2023-04-05 21:42:40,303] {processor.py:651} INFO - DAG(s) dict_keys(['tutorial_etl_dag']) retrieved from /home/edinaldo/Documents/previsao_remuneracao/previsao_remuneracao/venv/lib/python3.10/site-packages/airflow/example_dags/tutorial_etl_dag.py
[2023-04-05 21:42:40,337] {logging_mixin.py:115} INFO - [2023-04-05 21:42:40,336] {dag.py:2379} INFO - Sync 1 DAGs
[2023-04-05 21:42:40,369] {logging_mixin.py:115} INFO - [2023-04-05 21:42:40,369] {dag.py:2927} INFO - Setting next_dagrun for tutorial_etl_dag to None, run_after=None
[2023-04-05 21:42:40,459] {processor.py:161} INFO - Processing /home/edinaldo/Documents/previsao_remuneracao/previsao_remuneracao/venv/lib/python3.10/site-packages/airflow/example_dags/tutorial_etl_dag.py took 0.252 seconds
