[2023-04-05 21:00:12,028] {processor.py:153} INFO - Started process (PID=52077) to work on /home/edinaldo/Documents/previsao_remuneracao/previsao_remuneracao/venv/lib/python3.10/site-packages/airflow/example_dags/plugins/workday.py
[2023-04-05 21:00:12,029] {processor.py:641} INFO - Processing file /home/edinaldo/Documents/previsao_remuneracao/previsao_remuneracao/venv/lib/python3.10/site-packages/airflow/example_dags/plugins/workday.py for tasks to queue
[2023-04-05 21:00:12,029] {logging_mixin.py:115} INFO - [2023-04-05 21:00:12,029] {dagbag.py:507} INFO - Filling up the DagBag from /home/edinaldo/Documents/previsao_remuneracao/previsao_remuneracao/venv/lib/python3.10/site-packages/airflow/example_dags/plugins/workday.py
[2023-04-05 21:00:12,032] {processor.py:653} WARNING - No viable dags retrieved from /home/edinaldo/Documents/previsao_remuneracao/previsao_remuneracao/venv/lib/python3.10/site-packages/airflow/example_dags/plugins/workday.py
[2023-04-05 21:00:12,043] {processor.py:161} INFO - Processing /home/edinaldo/Documents/previsao_remuneracao/previsao_remuneracao/venv/lib/python3.10/site-packages/airflow/example_dags/plugins/workday.py took 0.019 seconds
[2023-04-05 21:00:55,725] {processor.py:153} INFO - Started process (PID=52185) to work on /home/edinaldo/Documents/previsao_remuneracao/previsao_remuneracao/venv/lib/python3.10/site-packages/airflow/example_dags/plugins/workday.py
[2023-04-05 21:00:55,726] {processor.py:641} INFO - Processing file /home/edinaldo/Documents/previsao_remuneracao/previsao_remuneracao/venv/lib/python3.10/site-packages/airflow/example_dags/plugins/workday.py for tasks to queue
[2023-04-05 21:00:55,726] {logging_mixin.py:115} INFO - [2023-04-05 21:00:55,726] {dagbag.py:507} INFO - Filling up the DagBag from /home/edinaldo/Documents/previsao_remuneracao/previsao_remuneracao/venv/lib/python3.10/site-packages/airflow/example_dags/plugins/workday.py
[2023-04-05 21:00:55,728] {processor.py:653} WARNING - No viable dags retrieved from /home/edinaldo/Documents/previsao_remuneracao/previsao_remuneracao/venv/lib/python3.10/site-packages/airflow/example_dags/plugins/workday.py
[2023-04-05 21:00:55,740] {processor.py:161} INFO - Processing /home/edinaldo/Documents/previsao_remuneracao/previsao_remuneracao/venv/lib/python3.10/site-packages/airflow/example_dags/plugins/workday.py took 0.019 seconds
[2023-04-05 21:01:33,667] {processor.py:153} INFO - Started process (PID=52245) to work on /home/edinaldo/Documents/previsao_remuneracao/previsao_remuneracao/venv/lib/python3.10/site-packages/airflow/example_dags/plugins/workday.py
[2023-04-05 21:01:33,678] {processor.py:641} INFO - Processing file /home/edinaldo/Documents/previsao_remuneracao/previsao_remuneracao/venv/lib/python3.10/site-packages/airflow/example_dags/plugins/workday.py for tasks to queue
[2023-04-05 21:01:33,679] {logging_mixin.py:115} INFO - [2023-04-05 21:01:33,679] {dagbag.py:507} INFO - Filling up the DagBag from /home/edinaldo/Documents/previsao_remuneracao/previsao_remuneracao/venv/lib/python3.10/site-packages/airflow/example_dags/plugins/workday.py
[2023-04-05 21:01:33,683] {processor.py:653} WARNING - No viable dags retrieved from /home/edinaldo/Documents/previsao_remuneracao/previsao_remuneracao/venv/lib/python3.10/site-packages/airflow/example_dags/plugins/workday.py
[2023-04-05 21:01:33,703] {processor.py:161} INFO - Processing /home/edinaldo/Documents/previsao_remuneracao/previsao_remuneracao/venv/lib/python3.10/site-packages/airflow/example_dags/plugins/workday.py took 0.039 seconds
[2023-04-05 21:02:04,625] {processor.py:153} INFO - Started process (PID=52321) to work on /home/edinaldo/Documents/previsao_remuneracao/previsao_remuneracao/venv/lib/python3.10/site-packages/airflow/example_dags/plugins/workday.py
[2023-04-05 21:02:04,630] {processor.py:641} INFO - Processing file /home/edinaldo/Documents/previsao_remuneracao/previsao_remuneracao/venv/lib/python3.10/site-packages/airflow/example_dags/plugins/workday.py for tasks to queue
[2023-04-05 21:02:04,632] {logging_mixin.py:115} INFO - [2023-04-05 21:02:04,632] {dagbag.py:507} INFO - Filling up the DagBag from /home/edinaldo/Documents/previsao_remuneracao/previsao_remuneracao/venv/lib/python3.10/site-packages/airflow/example_dags/plugins/workday.py
[2023-04-05 21:02:04,669] {processor.py:653} WARNING - No viable dags retrieved from /home/edinaldo/Documents/previsao_remuneracao/previsao_remuneracao/venv/lib/python3.10/site-packages/airflow/example_dags/plugins/workday.py
[2023-04-05 21:02:04,695] {processor.py:161} INFO - Processing /home/edinaldo/Documents/previsao_remuneracao/previsao_remuneracao/venv/lib/python3.10/site-packages/airflow/example_dags/plugins/workday.py took 0.080 seconds
[2023-04-05 21:02:40,817] {processor.py:153} INFO - Started process (PID=52392) to work on /home/edinaldo/Documents/previsao_remuneracao/previsao_remuneracao/venv/lib/python3.10/site-packages/airflow/example_dags/plugins/workday.py
[2023-04-05 21:02:40,847] {processor.py:641} INFO - Processing file /home/edinaldo/Documents/previsao_remuneracao/previsao_remuneracao/venv/lib/python3.10/site-packages/airflow/example_dags/plugins/workday.py for tasks to queue
[2023-04-05 21:02:40,848] {logging_mixin.py:115} INFO - [2023-04-05 21:02:40,848] {dagbag.py:507} INFO - Filling up the DagBag from /home/edinaldo/Documents/previsao_remuneracao/previsao_remuneracao/venv/lib/python3.10/site-packages/airflow/example_dags/plugins/workday.py
[2023-04-05 21:02:40,853] {processor.py:653} WARNING - No viable dags retrieved from /home/edinaldo/Documents/previsao_remuneracao/previsao_remuneracao/venv/lib/python3.10/site-packages/airflow/example_dags/plugins/workday.py
[2023-04-05 21:02:41,058] {processor.py:161} INFO - Processing /home/edinaldo/Documents/previsao_remuneracao/previsao_remuneracao/venv/lib/python3.10/site-packages/airflow/example_dags/plugins/workday.py took 0.252 seconds
[2023-04-05 21:03:21,527] {processor.py:153} INFO - Started process (PID=52460) to work on /home/edinaldo/Documents/previsao_remuneracao/previsao_remuneracao/venv/lib/python3.10/site-packages/airflow/example_dags/plugins/workday.py
[2023-04-05 21:03:21,540] {processor.py:641} INFO - Processing file /home/edinaldo/Documents/previsao_remuneracao/previsao_remuneracao/venv/lib/python3.10/site-packages/airflow/example_dags/plugins/workday.py for tasks to queue
[2023-04-05 21:03:21,541] {logging_mixin.py:115} INFO - [2023-04-05 21:03:21,541] {dagbag.py:507} INFO - Filling up the DagBag from /home/edinaldo/Documents/previsao_remuneracao/previsao_remuneracao/venv/lib/python3.10/site-packages/airflow/example_dags/plugins/workday.py
[2023-04-05 21:03:21,543] {processor.py:653} WARNING - No viable dags retrieved from /home/edinaldo/Documents/previsao_remuneracao/previsao_remuneracao/venv/lib/python3.10/site-packages/airflow/example_dags/plugins/workday.py
[2023-04-05 21:03:21,555] {processor.py:161} INFO - Processing /home/edinaldo/Documents/previsao_remuneracao/previsao_remuneracao/venv/lib/python3.10/site-packages/airflow/example_dags/plugins/workday.py took 0.035 seconds
[2023-04-05 21:03:54,910] {processor.py:153} INFO - Started process (PID=52498) to work on /home/edinaldo/Documents/previsao_remuneracao/previsao_remuneracao/venv/lib/python3.10/site-packages/airflow/example_dags/plugins/workday.py
[2023-04-05 21:03:54,914] {processor.py:641} INFO - Processing file /home/edinaldo/Documents/previsao_remuneracao/previsao_remuneracao/venv/lib/python3.10/site-packages/airflow/example_dags/plugins/workday.py for tasks to queue
[2023-04-05 21:03:54,915] {logging_mixin.py:115} INFO - [2023-04-05 21:03:54,915] {dagbag.py:507} INFO - Filling up the DagBag from /home/edinaldo/Documents/previsao_remuneracao/previsao_remuneracao/venv/lib/python3.10/site-packages/airflow/example_dags/plugins/workday.py
[2023-04-05 21:03:54,921] {processor.py:653} WARNING - No viable dags retrieved from /home/edinaldo/Documents/previsao_remuneracao/previsao_remuneracao/venv/lib/python3.10/site-packages/airflow/example_dags/plugins/workday.py
[2023-04-05 21:03:54,947] {processor.py:161} INFO - Processing /home/edinaldo/Documents/previsao_remuneracao/previsao_remuneracao/venv/lib/python3.10/site-packages/airflow/example_dags/plugins/workday.py took 0.045 seconds
[2023-04-05 21:04:28,102] {processor.py:153} INFO - Started process (PID=52551) to work on /home/edinaldo/Documents/previsao_remuneracao/previsao_remuneracao/venv/lib/python3.10/site-packages/airflow/example_dags/plugins/workday.py
[2023-04-05 21:04:28,125] {processor.py:641} INFO - Processing file /home/edinaldo/Documents/previsao_remuneracao/previsao_remuneracao/venv/lib/python3.10/site-packages/airflow/example_dags/plugins/workday.py for tasks to queue
[2023-04-05 21:04:28,127] {logging_mixin.py:115} INFO - [2023-04-05 21:04:28,127] {dagbag.py:507} INFO - Filling up the DagBag from /home/edinaldo/Documents/previsao_remuneracao/previsao_remuneracao/venv/lib/python3.10/site-packages/airflow/example_dags/plugins/workday.py
[2023-04-05 21:04:28,134] {processor.py:653} WARNING - No viable dags retrieved from /home/edinaldo/Documents/previsao_remuneracao/previsao_remuneracao/venv/lib/python3.10/site-packages/airflow/example_dags/plugins/workday.py
[2023-04-05 21:04:28,171] {processor.py:161} INFO - Processing /home/edinaldo/Documents/previsao_remuneracao/previsao_remuneracao/venv/lib/python3.10/site-packages/airflow/example_dags/plugins/workday.py took 0.081 seconds
[2023-04-05 21:05:01,143] {processor.py:153} INFO - Started process (PID=52600) to work on /home/edinaldo/Documents/previsao_remuneracao/previsao_remuneracao/venv/lib/python3.10/site-packages/airflow/example_dags/plugins/workday.py
[2023-04-05 21:05:01,157] {processor.py:641} INFO - Processing file /home/edinaldo/Documents/previsao_remuneracao/previsao_remuneracao/venv/lib/python3.10/site-packages/airflow/example_dags/plugins/workday.py for tasks to queue
[2023-04-05 21:05:01,159] {logging_mixin.py:115} INFO - [2023-04-05 21:05:01,158] {dagbag.py:507} INFO - Filling up the DagBag from /home/edinaldo/Documents/previsao_remuneracao/previsao_remuneracao/venv/lib/python3.10/site-packages/airflow/example_dags/plugins/workday.py
[2023-04-05 21:05:01,166] {processor.py:653} WARNING - No viable dags retrieved from /home/edinaldo/Documents/previsao_remuneracao/previsao_remuneracao/venv/lib/python3.10/site-packages/airflow/example_dags/plugins/workday.py
[2023-04-05 21:05:01,186] {processor.py:161} INFO - Processing /home/edinaldo/Documents/previsao_remuneracao/previsao_remuneracao/venv/lib/python3.10/site-packages/airflow/example_dags/plugins/workday.py took 0.054 seconds
[2023-04-05 21:05:37,874] {processor.py:153} INFO - Started process (PID=52659) to work on /home/edinaldo/Documents/previsao_remuneracao/previsao_remuneracao/venv/lib/python3.10/site-packages/airflow/example_dags/plugins/workday.py
[2023-04-05 21:05:37,887] {processor.py:641} INFO - Processing file /home/edinaldo/Documents/previsao_remuneracao/previsao_remuneracao/venv/lib/python3.10/site-packages/airflow/example_dags/plugins/workday.py for tasks to queue
[2023-04-05 21:05:37,889] {logging_mixin.py:115} INFO - [2023-04-05 21:05:37,889] {dagbag.py:507} INFO - Filling up the DagBag from /home/edinaldo/Documents/previsao_remuneracao/previsao_remuneracao/venv/lib/python3.10/site-packages/airflow/example_dags/plugins/workday.py
[2023-04-05 21:05:37,896] {processor.py:653} WARNING - No viable dags retrieved from /home/edinaldo/Documents/previsao_remuneracao/previsao_remuneracao/venv/lib/python3.10/site-packages/airflow/example_dags/plugins/workday.py
[2023-04-05 21:05:37,916] {processor.py:161} INFO - Processing /home/edinaldo/Documents/previsao_remuneracao/previsao_remuneracao/venv/lib/python3.10/site-packages/airflow/example_dags/plugins/workday.py took 0.052 seconds
[2023-04-05 21:06:12,815] {processor.py:153} INFO - Started process (PID=52700) to work on /home/edinaldo/Documents/previsao_remuneracao/previsao_remuneracao/venv/lib/python3.10/site-packages/airflow/example_dags/plugins/workday.py
[2023-04-05 21:06:12,816] {processor.py:641} INFO - Processing file /home/edinaldo/Documents/previsao_remuneracao/previsao_remuneracao/venv/lib/python3.10/site-packages/airflow/example_dags/plugins/workday.py for tasks to queue
[2023-04-05 21:06:12,816] {logging_mixin.py:115} INFO - [2023-04-05 21:06:12,816] {dagbag.py:507} INFO - Filling up the DagBag from /home/edinaldo/Documents/previsao_remuneracao/previsao_remuneracao/venv/lib/python3.10/site-packages/airflow/example_dags/plugins/workday.py
[2023-04-05 21:06:12,819] {processor.py:653} WARNING - No viable dags retrieved from /home/edinaldo/Documents/previsao_remuneracao/previsao_remuneracao/venv/lib/python3.10/site-packages/airflow/example_dags/plugins/workday.py
[2023-04-05 21:06:12,830] {processor.py:161} INFO - Processing /home/edinaldo/Documents/previsao_remuneracao/previsao_remuneracao/venv/lib/python3.10/site-packages/airflow/example_dags/plugins/workday.py took 0.019 seconds
[2023-04-05 21:06:49,735] {processor.py:153} INFO - Started process (PID=52760) to work on /home/edinaldo/Documents/previsao_remuneracao/previsao_remuneracao/venv/lib/python3.10/site-packages/airflow/example_dags/plugins/workday.py
[2023-04-05 21:06:49,746] {processor.py:641} INFO - Processing file /home/edinaldo/Documents/previsao_remuneracao/previsao_remuneracao/venv/lib/python3.10/site-packages/airflow/example_dags/plugins/workday.py for tasks to queue
[2023-04-05 21:06:49,747] {logging_mixin.py:115} INFO - [2023-04-05 21:06:49,747] {dagbag.py:507} INFO - Filling up the DagBag from /home/edinaldo/Documents/previsao_remuneracao/previsao_remuneracao/venv/lib/python3.10/site-packages/airflow/example_dags/plugins/workday.py
[2023-04-05 21:06:49,754] {processor.py:653} WARNING - No viable dags retrieved from /home/edinaldo/Documents/previsao_remuneracao/previsao_remuneracao/venv/lib/python3.10/site-packages/airflow/example_dags/plugins/workday.py
[2023-04-05 21:06:49,774] {processor.py:161} INFO - Processing /home/edinaldo/Documents/previsao_remuneracao/previsao_remuneracao/venv/lib/python3.10/site-packages/airflow/example_dags/plugins/workday.py took 0.048 seconds
[2023-04-05 21:07:27,243] {processor.py:153} INFO - Started process (PID=52796) to work on /home/edinaldo/Documents/previsao_remuneracao/previsao_remuneracao/venv/lib/python3.10/site-packages/airflow/example_dags/plugins/workday.py
[2023-04-05 21:07:27,284] {processor.py:641} INFO - Processing file /home/edinaldo/Documents/previsao_remuneracao/previsao_remuneracao/venv/lib/python3.10/site-packages/airflow/example_dags/plugins/workday.py for tasks to queue
[2023-04-05 21:07:27,285] {logging_mixin.py:115} INFO - [2023-04-05 21:07:27,285] {dagbag.py:507} INFO - Filling up the DagBag from /home/edinaldo/Documents/previsao_remuneracao/previsao_remuneracao/venv/lib/python3.10/site-packages/airflow/example_dags/plugins/workday.py
[2023-04-05 21:07:27,293] {processor.py:653} WARNING - No viable dags retrieved from /home/edinaldo/Documents/previsao_remuneracao/previsao_remuneracao/venv/lib/python3.10/site-packages/airflow/example_dags/plugins/workday.py
[2023-04-05 21:07:27,318] {processor.py:161} INFO - Processing /home/edinaldo/Documents/previsao_remuneracao/previsao_remuneracao/venv/lib/python3.10/site-packages/airflow/example_dags/plugins/workday.py took 0.081 seconds
[2023-04-05 21:07:59,139] {processor.py:153} INFO - Started process (PID=52828) to work on /home/edinaldo/Documents/previsao_remuneracao/previsao_remuneracao/venv/lib/python3.10/site-packages/airflow/example_dags/plugins/workday.py
[2023-04-05 21:07:59,139] {processor.py:641} INFO - Processing file /home/edinaldo/Documents/previsao_remuneracao/previsao_remuneracao/venv/lib/python3.10/site-packages/airflow/example_dags/plugins/workday.py for tasks to queue
[2023-04-05 21:07:59,140] {logging_mixin.py:115} INFO - [2023-04-05 21:07:59,140] {dagbag.py:507} INFO - Filling up the DagBag from /home/edinaldo/Documents/previsao_remuneracao/previsao_remuneracao/venv/lib/python3.10/site-packages/airflow/example_dags/plugins/workday.py
[2023-04-05 21:07:59,144] {processor.py:653} WARNING - No viable dags retrieved from /home/edinaldo/Documents/previsao_remuneracao/previsao_remuneracao/venv/lib/python3.10/site-packages/airflow/example_dags/plugins/workday.py
[2023-04-05 21:07:59,156] {processor.py:161} INFO - Processing /home/edinaldo/Documents/previsao_remuneracao/previsao_remuneracao/venv/lib/python3.10/site-packages/airflow/example_dags/plugins/workday.py took 0.026 seconds
[2023-04-05 21:08:30,314] {processor.py:153} INFO - Started process (PID=52855) to work on /home/edinaldo/Documents/previsao_remuneracao/previsao_remuneracao/venv/lib/python3.10/site-packages/airflow/example_dags/plugins/workday.py
[2023-04-05 21:08:30,316] {processor.py:641} INFO - Processing file /home/edinaldo/Documents/previsao_remuneracao/previsao_remuneracao/venv/lib/python3.10/site-packages/airflow/example_dags/plugins/workday.py for tasks to queue
[2023-04-05 21:08:30,316] {logging_mixin.py:115} INFO - [2023-04-05 21:08:30,316] {dagbag.py:507} INFO - Filling up the DagBag from /home/edinaldo/Documents/previsao_remuneracao/previsao_remuneracao/venv/lib/python3.10/site-packages/airflow/example_dags/plugins/workday.py
[2023-04-05 21:08:30,319] {processor.py:653} WARNING - No viable dags retrieved from /home/edinaldo/Documents/previsao_remuneracao/previsao_remuneracao/venv/lib/python3.10/site-packages/airflow/example_dags/plugins/workday.py
[2023-04-05 21:08:30,421] {processor.py:161} INFO - Processing /home/edinaldo/Documents/previsao_remuneracao/previsao_remuneracao/venv/lib/python3.10/site-packages/airflow/example_dags/plugins/workday.py took 0.111 seconds
[2023-04-05 21:09:07,843] {processor.py:153} INFO - Started process (PID=52890) to work on /home/edinaldo/Documents/previsao_remuneracao/previsao_remuneracao/venv/lib/python3.10/site-packages/airflow/example_dags/plugins/workday.py
[2023-04-05 21:09:07,845] {processor.py:641} INFO - Processing file /home/edinaldo/Documents/previsao_remuneracao/previsao_remuneracao/venv/lib/python3.10/site-packages/airflow/example_dags/plugins/workday.py for tasks to queue
[2023-04-05 21:09:07,846] {logging_mixin.py:115} INFO - [2023-04-05 21:09:07,846] {dagbag.py:507} INFO - Filling up the DagBag from /home/edinaldo/Documents/previsao_remuneracao/previsao_remuneracao/venv/lib/python3.10/site-packages/airflow/example_dags/plugins/workday.py
[2023-04-05 21:09:07,852] {processor.py:653} WARNING - No viable dags retrieved from /home/edinaldo/Documents/previsao_remuneracao/previsao_remuneracao/venv/lib/python3.10/site-packages/airflow/example_dags/plugins/workday.py
[2023-04-05 21:09:07,866] {processor.py:161} INFO - Processing /home/edinaldo/Documents/previsao_remuneracao/previsao_remuneracao/venv/lib/python3.10/site-packages/airflow/example_dags/plugins/workday.py took 0.033 seconds
[2023-04-05 21:09:45,575] {processor.py:153} INFO - Started process (PID=52925) to work on /home/edinaldo/Documents/previsao_remuneracao/previsao_remuneracao/venv/lib/python3.10/site-packages/airflow/example_dags/plugins/workday.py
[2023-04-05 21:09:45,582] {processor.py:641} INFO - Processing file /home/edinaldo/Documents/previsao_remuneracao/previsao_remuneracao/venv/lib/python3.10/site-packages/airflow/example_dags/plugins/workday.py for tasks to queue
[2023-04-05 21:09:45,583] {logging_mixin.py:115} INFO - [2023-04-05 21:09:45,583] {dagbag.py:507} INFO - Filling up the DagBag from /home/edinaldo/Documents/previsao_remuneracao/previsao_remuneracao/venv/lib/python3.10/site-packages/airflow/example_dags/plugins/workday.py
[2023-04-05 21:09:45,590] {processor.py:653} WARNING - No viable dags retrieved from /home/edinaldo/Documents/previsao_remuneracao/previsao_remuneracao/venv/lib/python3.10/site-packages/airflow/example_dags/plugins/workday.py
[2023-04-05 21:09:45,606] {processor.py:161} INFO - Processing /home/edinaldo/Documents/previsao_remuneracao/previsao_remuneracao/venv/lib/python3.10/site-packages/airflow/example_dags/plugins/workday.py took 0.042 seconds
[2023-04-05 21:10:16,710] {processor.py:153} INFO - Started process (PID=52956) to work on /home/edinaldo/Documents/previsao_remuneracao/previsao_remuneracao/venv/lib/python3.10/site-packages/airflow/example_dags/plugins/workday.py
[2023-04-05 21:10:16,720] {processor.py:641} INFO - Processing file /home/edinaldo/Documents/previsao_remuneracao/previsao_remuneracao/venv/lib/python3.10/site-packages/airflow/example_dags/plugins/workday.py for tasks to queue
[2023-04-05 21:10:16,721] {logging_mixin.py:115} INFO - [2023-04-05 21:10:16,721] {dagbag.py:507} INFO - Filling up the DagBag from /home/edinaldo/Documents/previsao_remuneracao/previsao_remuneracao/venv/lib/python3.10/site-packages/airflow/example_dags/plugins/workday.py
[2023-04-05 21:10:16,724] {processor.py:653} WARNING - No viable dags retrieved from /home/edinaldo/Documents/previsao_remuneracao/previsao_remuneracao/venv/lib/python3.10/site-packages/airflow/example_dags/plugins/workday.py
[2023-04-05 21:10:16,735] {processor.py:161} INFO - Processing /home/edinaldo/Documents/previsao_remuneracao/previsao_remuneracao/venv/lib/python3.10/site-packages/airflow/example_dags/plugins/workday.py took 0.028 seconds
[2023-04-05 21:10:49,238] {processor.py:153} INFO - Started process (PID=53106) to work on /home/edinaldo/Documents/previsao_remuneracao/previsao_remuneracao/venv/lib/python3.10/site-packages/airflow/example_dags/plugins/workday.py
[2023-04-05 21:10:49,272] {processor.py:641} INFO - Processing file /home/edinaldo/Documents/previsao_remuneracao/previsao_remuneracao/venv/lib/python3.10/site-packages/airflow/example_dags/plugins/workday.py for tasks to queue
[2023-04-05 21:10:49,273] {logging_mixin.py:115} INFO - [2023-04-05 21:10:49,273] {dagbag.py:507} INFO - Filling up the DagBag from /home/edinaldo/Documents/previsao_remuneracao/previsao_remuneracao/venv/lib/python3.10/site-packages/airflow/example_dags/plugins/workday.py
[2023-04-05 21:10:49,281] {processor.py:653} WARNING - No viable dags retrieved from /home/edinaldo/Documents/previsao_remuneracao/previsao_remuneracao/venv/lib/python3.10/site-packages/airflow/example_dags/plugins/workday.py
[2023-04-05 21:10:49,322] {processor.py:161} INFO - Processing /home/edinaldo/Documents/previsao_remuneracao/previsao_remuneracao/venv/lib/python3.10/site-packages/airflow/example_dags/plugins/workday.py took 0.094 seconds
[2023-04-05 21:11:25,292] {processor.py:153} INFO - Started process (PID=53141) to work on /home/edinaldo/Documents/previsao_remuneracao/previsao_remuneracao/venv/lib/python3.10/site-packages/airflow/example_dags/plugins/workday.py
[2023-04-05 21:11:25,295] {processor.py:641} INFO - Processing file /home/edinaldo/Documents/previsao_remuneracao/previsao_remuneracao/venv/lib/python3.10/site-packages/airflow/example_dags/plugins/workday.py for tasks to queue
[2023-04-05 21:11:25,298] {logging_mixin.py:115} INFO - [2023-04-05 21:11:25,297] {dagbag.py:507} INFO - Filling up the DagBag from /home/edinaldo/Documents/previsao_remuneracao/previsao_remuneracao/venv/lib/python3.10/site-packages/airflow/example_dags/plugins/workday.py
[2023-04-05 21:11:25,303] {processor.py:653} WARNING - No viable dags retrieved from /home/edinaldo/Documents/previsao_remuneracao/previsao_remuneracao/venv/lib/python3.10/site-packages/airflow/example_dags/plugins/workday.py
[2023-04-05 21:11:25,326] {processor.py:161} INFO - Processing /home/edinaldo/Documents/previsao_remuneracao/previsao_remuneracao/venv/lib/python3.10/site-packages/airflow/example_dags/plugins/workday.py took 0.043 seconds
[2023-04-05 21:12:01,528] {processor.py:153} INFO - Started process (PID=53211) to work on /home/edinaldo/Documents/previsao_remuneracao/previsao_remuneracao/venv/lib/python3.10/site-packages/airflow/example_dags/plugins/workday.py
[2023-04-05 21:12:01,569] {processor.py:641} INFO - Processing file /home/edinaldo/Documents/previsao_remuneracao/previsao_remuneracao/venv/lib/python3.10/site-packages/airflow/example_dags/plugins/workday.py for tasks to queue
[2023-04-05 21:12:01,570] {logging_mixin.py:115} INFO - [2023-04-05 21:12:01,570] {dagbag.py:507} INFO - Filling up the DagBag from /home/edinaldo/Documents/previsao_remuneracao/previsao_remuneracao/venv/lib/python3.10/site-packages/airflow/example_dags/plugins/workday.py
[2023-04-05 21:12:01,577] {processor.py:653} WARNING - No viable dags retrieved from /home/edinaldo/Documents/previsao_remuneracao/previsao_remuneracao/venv/lib/python3.10/site-packages/airflow/example_dags/plugins/workday.py
[2023-04-05 21:12:01,607] {processor.py:161} INFO - Processing /home/edinaldo/Documents/previsao_remuneracao/previsao_remuneracao/venv/lib/python3.10/site-packages/airflow/example_dags/plugins/workday.py took 0.091 seconds
[2023-04-05 21:12:44,801] {processor.py:153} INFO - Started process (PID=53389) to work on /home/edinaldo/Documents/previsao_remuneracao/previsao_remuneracao/venv/lib/python3.10/site-packages/airflow/example_dags/plugins/workday.py
[2023-04-05 21:12:44,838] {processor.py:641} INFO - Processing file /home/edinaldo/Documents/previsao_remuneracao/previsao_remuneracao/venv/lib/python3.10/site-packages/airflow/example_dags/plugins/workday.py for tasks to queue
[2023-04-05 21:12:44,840] {logging_mixin.py:115} INFO - [2023-04-05 21:12:44,839] {dagbag.py:507} INFO - Filling up the DagBag from /home/edinaldo/Documents/previsao_remuneracao/previsao_remuneracao/venv/lib/python3.10/site-packages/airflow/example_dags/plugins/workday.py
[2023-04-05 21:12:44,936] {processor.py:653} WARNING - No viable dags retrieved from /home/edinaldo/Documents/previsao_remuneracao/previsao_remuneracao/venv/lib/python3.10/site-packages/airflow/example_dags/plugins/workday.py
[2023-04-05 21:12:44,981] {processor.py:161} INFO - Processing /home/edinaldo/Documents/previsao_remuneracao/previsao_remuneracao/venv/lib/python3.10/site-packages/airflow/example_dags/plugins/workday.py took 0.195 seconds
[2023-04-05 21:13:22,037] {processor.py:153} INFO - Started process (PID=53431) to work on /home/edinaldo/Documents/previsao_remuneracao/previsao_remuneracao/venv/lib/python3.10/site-packages/airflow/example_dags/plugins/workday.py
[2023-04-05 21:13:22,041] {processor.py:641} INFO - Processing file /home/edinaldo/Documents/previsao_remuneracao/previsao_remuneracao/venv/lib/python3.10/site-packages/airflow/example_dags/plugins/workday.py for tasks to queue
[2023-04-05 21:13:22,042] {logging_mixin.py:115} INFO - [2023-04-05 21:13:22,041] {dagbag.py:507} INFO - Filling up the DagBag from /home/edinaldo/Documents/previsao_remuneracao/previsao_remuneracao/venv/lib/python3.10/site-packages/airflow/example_dags/plugins/workday.py
[2023-04-05 21:13:22,046] {processor.py:653} WARNING - No viable dags retrieved from /home/edinaldo/Documents/previsao_remuneracao/previsao_remuneracao/venv/lib/python3.10/site-packages/airflow/example_dags/plugins/workday.py
[2023-04-05 21:13:22,065] {processor.py:161} INFO - Processing /home/edinaldo/Documents/previsao_remuneracao/previsao_remuneracao/venv/lib/python3.10/site-packages/airflow/example_dags/plugins/workday.py took 0.034 seconds
[2023-04-05 21:13:56,316] {processor.py:153} INFO - Started process (PID=53461) to work on /home/edinaldo/Documents/previsao_remuneracao/previsao_remuneracao/venv/lib/python3.10/site-packages/airflow/example_dags/plugins/workday.py
[2023-04-05 21:13:56,331] {processor.py:641} INFO - Processing file /home/edinaldo/Documents/previsao_remuneracao/previsao_remuneracao/venv/lib/python3.10/site-packages/airflow/example_dags/plugins/workday.py for tasks to queue
[2023-04-05 21:13:56,332] {logging_mixin.py:115} INFO - [2023-04-05 21:13:56,332] {dagbag.py:507} INFO - Filling up the DagBag from /home/edinaldo/Documents/previsao_remuneracao/previsao_remuneracao/venv/lib/python3.10/site-packages/airflow/example_dags/plugins/workday.py
[2023-04-05 21:13:56,363] {processor.py:653} WARNING - No viable dags retrieved from /home/edinaldo/Documents/previsao_remuneracao/previsao_remuneracao/venv/lib/python3.10/site-packages/airflow/example_dags/plugins/workday.py
[2023-04-05 21:13:56,386] {processor.py:161} INFO - Processing /home/edinaldo/Documents/previsao_remuneracao/previsao_remuneracao/venv/lib/python3.10/site-packages/airflow/example_dags/plugins/workday.py took 0.076 seconds
[2023-04-05 21:14:34,300] {processor.py:153} INFO - Started process (PID=53498) to work on /home/edinaldo/Documents/previsao_remuneracao/previsao_remuneracao/venv/lib/python3.10/site-packages/airflow/example_dags/plugins/workday.py
[2023-04-05 21:14:34,302] {processor.py:641} INFO - Processing file /home/edinaldo/Documents/previsao_remuneracao/previsao_remuneracao/venv/lib/python3.10/site-packages/airflow/example_dags/plugins/workday.py for tasks to queue
[2023-04-05 21:14:34,303] {logging_mixin.py:115} INFO - [2023-04-05 21:14:34,303] {dagbag.py:507} INFO - Filling up the DagBag from /home/edinaldo/Documents/previsao_remuneracao/previsao_remuneracao/venv/lib/python3.10/site-packages/airflow/example_dags/plugins/workday.py
[2023-04-05 21:14:34,309] {processor.py:653} WARNING - No viable dags retrieved from /home/edinaldo/Documents/previsao_remuneracao/previsao_remuneracao/venv/lib/python3.10/site-packages/airflow/example_dags/plugins/workday.py
[2023-04-05 21:14:34,332] {processor.py:161} INFO - Processing /home/edinaldo/Documents/previsao_remuneracao/previsao_remuneracao/venv/lib/python3.10/site-packages/airflow/example_dags/plugins/workday.py took 0.037 seconds
[2023-04-05 21:15:05,982] {processor.py:153} INFO - Started process (PID=53529) to work on /home/edinaldo/Documents/previsao_remuneracao/previsao_remuneracao/venv/lib/python3.10/site-packages/airflow/example_dags/plugins/workday.py
[2023-04-05 21:15:05,983] {processor.py:641} INFO - Processing file /home/edinaldo/Documents/previsao_remuneracao/previsao_remuneracao/venv/lib/python3.10/site-packages/airflow/example_dags/plugins/workday.py for tasks to queue
[2023-04-05 21:15:05,984] {logging_mixin.py:115} INFO - [2023-04-05 21:15:05,984] {dagbag.py:507} INFO - Filling up the DagBag from /home/edinaldo/Documents/previsao_remuneracao/previsao_remuneracao/venv/lib/python3.10/site-packages/airflow/example_dags/plugins/workday.py
[2023-04-05 21:15:05,988] {processor.py:653} WARNING - No viable dags retrieved from /home/edinaldo/Documents/previsao_remuneracao/previsao_remuneracao/venv/lib/python3.10/site-packages/airflow/example_dags/plugins/workday.py
[2023-04-05 21:15:06,001] {processor.py:161} INFO - Processing /home/edinaldo/Documents/previsao_remuneracao/previsao_remuneracao/venv/lib/python3.10/site-packages/airflow/example_dags/plugins/workday.py took 0.028 seconds
[2023-04-05 21:15:46,716] {processor.py:153} INFO - Started process (PID=53600) to work on /home/edinaldo/Documents/previsao_remuneracao/previsao_remuneracao/venv/lib/python3.10/site-packages/airflow/example_dags/plugins/workday.py
[2023-04-05 21:15:46,716] {processor.py:641} INFO - Processing file /home/edinaldo/Documents/previsao_remuneracao/previsao_remuneracao/venv/lib/python3.10/site-packages/airflow/example_dags/plugins/workday.py for tasks to queue
[2023-04-05 21:15:46,717] {logging_mixin.py:115} INFO - [2023-04-05 21:15:46,717] {dagbag.py:507} INFO - Filling up the DagBag from /home/edinaldo/Documents/previsao_remuneracao/previsao_remuneracao/venv/lib/python3.10/site-packages/airflow/example_dags/plugins/workday.py
[2023-04-05 21:15:46,719] {processor.py:653} WARNING - No viable dags retrieved from /home/edinaldo/Documents/previsao_remuneracao/previsao_remuneracao/venv/lib/python3.10/site-packages/airflow/example_dags/plugins/workday.py
[2023-04-05 21:15:46,731] {processor.py:161} INFO - Processing /home/edinaldo/Documents/previsao_remuneracao/previsao_remuneracao/venv/lib/python3.10/site-packages/airflow/example_dags/plugins/workday.py took 0.019 seconds
[2023-04-05 21:16:18,633] {processor.py:153} INFO - Started process (PID=53630) to work on /home/edinaldo/Documents/previsao_remuneracao/previsao_remuneracao/venv/lib/python3.10/site-packages/airflow/example_dags/plugins/workday.py
[2023-04-05 21:16:18,634] {processor.py:641} INFO - Processing file /home/edinaldo/Documents/previsao_remuneracao/previsao_remuneracao/venv/lib/python3.10/site-packages/airflow/example_dags/plugins/workday.py for tasks to queue
[2023-04-05 21:16:18,635] {logging_mixin.py:115} INFO - [2023-04-05 21:16:18,635] {dagbag.py:507} INFO - Filling up the DagBag from /home/edinaldo/Documents/previsao_remuneracao/previsao_remuneracao/venv/lib/python3.10/site-packages/airflow/example_dags/plugins/workday.py
[2023-04-05 21:16:18,639] {processor.py:653} WARNING - No viable dags retrieved from /home/edinaldo/Documents/previsao_remuneracao/previsao_remuneracao/venv/lib/python3.10/site-packages/airflow/example_dags/plugins/workday.py
[2023-04-05 21:16:18,651] {processor.py:161} INFO - Processing /home/edinaldo/Documents/previsao_remuneracao/previsao_remuneracao/venv/lib/python3.10/site-packages/airflow/example_dags/plugins/workday.py took 0.022 seconds
[2023-04-05 21:16:55,306] {processor.py:153} INFO - Started process (PID=53687) to work on /home/edinaldo/Documents/previsao_remuneracao/previsao_remuneracao/venv/lib/python3.10/site-packages/airflow/example_dags/plugins/workday.py
[2023-04-05 21:16:55,306] {processor.py:641} INFO - Processing file /home/edinaldo/Documents/previsao_remuneracao/previsao_remuneracao/venv/lib/python3.10/site-packages/airflow/example_dags/plugins/workday.py for tasks to queue
[2023-04-05 21:16:55,307] {logging_mixin.py:115} INFO - [2023-04-05 21:16:55,307] {dagbag.py:507} INFO - Filling up the DagBag from /home/edinaldo/Documents/previsao_remuneracao/previsao_remuneracao/venv/lib/python3.10/site-packages/airflow/example_dags/plugins/workday.py
[2023-04-05 21:16:55,310] {processor.py:653} WARNING - No viable dags retrieved from /home/edinaldo/Documents/previsao_remuneracao/previsao_remuneracao/venv/lib/python3.10/site-packages/airflow/example_dags/plugins/workday.py
[2023-04-05 21:16:55,323] {processor.py:161} INFO - Processing /home/edinaldo/Documents/previsao_remuneracao/previsao_remuneracao/venv/lib/python3.10/site-packages/airflow/example_dags/plugins/workday.py took 0.020 seconds
[2023-04-05 21:17:27,068] {processor.py:153} INFO - Started process (PID=53721) to work on /home/edinaldo/Documents/previsao_remuneracao/previsao_remuneracao/venv/lib/python3.10/site-packages/airflow/example_dags/plugins/workday.py
[2023-04-05 21:17:27,069] {processor.py:641} INFO - Processing file /home/edinaldo/Documents/previsao_remuneracao/previsao_remuneracao/venv/lib/python3.10/site-packages/airflow/example_dags/plugins/workday.py for tasks to queue
[2023-04-05 21:17:27,069] {logging_mixin.py:115} INFO - [2023-04-05 21:17:27,069] {dagbag.py:507} INFO - Filling up the DagBag from /home/edinaldo/Documents/previsao_remuneracao/previsao_remuneracao/venv/lib/python3.10/site-packages/airflow/example_dags/plugins/workday.py
[2023-04-05 21:17:27,072] {processor.py:653} WARNING - No viable dags retrieved from /home/edinaldo/Documents/previsao_remuneracao/previsao_remuneracao/venv/lib/python3.10/site-packages/airflow/example_dags/plugins/workday.py
[2023-04-05 21:17:27,083] {processor.py:161} INFO - Processing /home/edinaldo/Documents/previsao_remuneracao/previsao_remuneracao/venv/lib/python3.10/site-packages/airflow/example_dags/plugins/workday.py took 0.019 seconds
[2023-04-05 21:18:07,525] {processor.py:153} INFO - Started process (PID=53761) to work on /home/edinaldo/Documents/previsao_remuneracao/previsao_remuneracao/venv/lib/python3.10/site-packages/airflow/example_dags/plugins/workday.py
[2023-04-05 21:18:07,525] {processor.py:641} INFO - Processing file /home/edinaldo/Documents/previsao_remuneracao/previsao_remuneracao/venv/lib/python3.10/site-packages/airflow/example_dags/plugins/workday.py for tasks to queue
[2023-04-05 21:18:07,526] {logging_mixin.py:115} INFO - [2023-04-05 21:18:07,526] {dagbag.py:507} INFO - Filling up the DagBag from /home/edinaldo/Documents/previsao_remuneracao/previsao_remuneracao/venv/lib/python3.10/site-packages/airflow/example_dags/plugins/workday.py
[2023-04-05 21:18:07,528] {processor.py:653} WARNING - No viable dags retrieved from /home/edinaldo/Documents/previsao_remuneracao/previsao_remuneracao/venv/lib/python3.10/site-packages/airflow/example_dags/plugins/workday.py
[2023-04-05 21:18:07,540] {processor.py:161} INFO - Processing /home/edinaldo/Documents/previsao_remuneracao/previsao_remuneracao/venv/lib/python3.10/site-packages/airflow/example_dags/plugins/workday.py took 0.019 seconds
[2023-04-05 21:18:44,634] {processor.py:153} INFO - Started process (PID=53803) to work on /home/edinaldo/Documents/previsao_remuneracao/previsao_remuneracao/venv/lib/python3.10/site-packages/airflow/example_dags/plugins/workday.py
[2023-04-05 21:18:44,636] {processor.py:641} INFO - Processing file /home/edinaldo/Documents/previsao_remuneracao/previsao_remuneracao/venv/lib/python3.10/site-packages/airflow/example_dags/plugins/workday.py for tasks to queue
[2023-04-05 21:18:44,638] {logging_mixin.py:115} INFO - [2023-04-05 21:18:44,637] {dagbag.py:507} INFO - Filling up the DagBag from /home/edinaldo/Documents/previsao_remuneracao/previsao_remuneracao/venv/lib/python3.10/site-packages/airflow/example_dags/plugins/workday.py
[2023-04-05 21:18:44,645] {processor.py:653} WARNING - No viable dags retrieved from /home/edinaldo/Documents/previsao_remuneracao/previsao_remuneracao/venv/lib/python3.10/site-packages/airflow/example_dags/plugins/workday.py
[2023-04-05 21:18:44,661] {processor.py:161} INFO - Processing /home/edinaldo/Documents/previsao_remuneracao/previsao_remuneracao/venv/lib/python3.10/site-packages/airflow/example_dags/plugins/workday.py took 0.037 seconds
[2023-04-05 21:19:21,566] {processor.py:153} INFO - Started process (PID=53838) to work on /home/edinaldo/Documents/previsao_remuneracao/previsao_remuneracao/venv/lib/python3.10/site-packages/airflow/example_dags/plugins/workday.py
[2023-04-05 21:19:21,567] {processor.py:641} INFO - Processing file /home/edinaldo/Documents/previsao_remuneracao/previsao_remuneracao/venv/lib/python3.10/site-packages/airflow/example_dags/plugins/workday.py for tasks to queue
[2023-04-05 21:19:21,568] {logging_mixin.py:115} INFO - [2023-04-05 21:19:21,568] {dagbag.py:507} INFO - Filling up the DagBag from /home/edinaldo/Documents/previsao_remuneracao/previsao_remuneracao/venv/lib/python3.10/site-packages/airflow/example_dags/plugins/workday.py
[2023-04-05 21:19:21,570] {processor.py:653} WARNING - No viable dags retrieved from /home/edinaldo/Documents/previsao_remuneracao/previsao_remuneracao/venv/lib/python3.10/site-packages/airflow/example_dags/plugins/workday.py
[2023-04-05 21:19:21,583] {processor.py:161} INFO - Processing /home/edinaldo/Documents/previsao_remuneracao/previsao_remuneracao/venv/lib/python3.10/site-packages/airflow/example_dags/plugins/workday.py took 0.021 seconds
[2023-04-05 21:19:53,831] {processor.py:153} INFO - Started process (PID=53874) to work on /home/edinaldo/Documents/previsao_remuneracao/previsao_remuneracao/venv/lib/python3.10/site-packages/airflow/example_dags/plugins/workday.py
[2023-04-05 21:19:53,832] {processor.py:641} INFO - Processing file /home/edinaldo/Documents/previsao_remuneracao/previsao_remuneracao/venv/lib/python3.10/site-packages/airflow/example_dags/plugins/workday.py for tasks to queue
[2023-04-05 21:19:53,833] {logging_mixin.py:115} INFO - [2023-04-05 21:19:53,833] {dagbag.py:507} INFO - Filling up the DagBag from /home/edinaldo/Documents/previsao_remuneracao/previsao_remuneracao/venv/lib/python3.10/site-packages/airflow/example_dags/plugins/workday.py
[2023-04-05 21:19:53,836] {processor.py:653} WARNING - No viable dags retrieved from /home/edinaldo/Documents/previsao_remuneracao/previsao_remuneracao/venv/lib/python3.10/site-packages/airflow/example_dags/plugins/workday.py
[2023-04-05 21:19:53,963] {processor.py:161} INFO - Processing /home/edinaldo/Documents/previsao_remuneracao/previsao_remuneracao/venv/lib/python3.10/site-packages/airflow/example_dags/plugins/workday.py took 0.138 seconds
[2023-04-05 21:20:28,294] {processor.py:153} INFO - Started process (PID=53906) to work on /home/edinaldo/Documents/previsao_remuneracao/previsao_remuneracao/venv/lib/python3.10/site-packages/airflow/example_dags/plugins/workday.py
[2023-04-05 21:20:28,295] {processor.py:641} INFO - Processing file /home/edinaldo/Documents/previsao_remuneracao/previsao_remuneracao/venv/lib/python3.10/site-packages/airflow/example_dags/plugins/workday.py for tasks to queue
[2023-04-05 21:20:28,295] {logging_mixin.py:115} INFO - [2023-04-05 21:20:28,295] {dagbag.py:507} INFO - Filling up the DagBag from /home/edinaldo/Documents/previsao_remuneracao/previsao_remuneracao/venv/lib/python3.10/site-packages/airflow/example_dags/plugins/workday.py
[2023-04-05 21:20:28,298] {processor.py:653} WARNING - No viable dags retrieved from /home/edinaldo/Documents/previsao_remuneracao/previsao_remuneracao/venv/lib/python3.10/site-packages/airflow/example_dags/plugins/workday.py
[2023-04-05 21:20:28,309] {processor.py:161} INFO - Processing /home/edinaldo/Documents/previsao_remuneracao/previsao_remuneracao/venv/lib/python3.10/site-packages/airflow/example_dags/plugins/workday.py took 0.019 seconds
[2023-04-05 21:21:08,991] {processor.py:153} INFO - Started process (PID=53964) to work on /home/edinaldo/Documents/previsao_remuneracao/previsao_remuneracao/venv/lib/python3.10/site-packages/airflow/example_dags/plugins/workday.py
[2023-04-05 21:21:08,993] {processor.py:641} INFO - Processing file /home/edinaldo/Documents/previsao_remuneracao/previsao_remuneracao/venv/lib/python3.10/site-packages/airflow/example_dags/plugins/workday.py for tasks to queue
[2023-04-05 21:21:08,994] {logging_mixin.py:115} INFO - [2023-04-05 21:21:08,994] {dagbag.py:507} INFO - Filling up the DagBag from /home/edinaldo/Documents/previsao_remuneracao/previsao_remuneracao/venv/lib/python3.10/site-packages/airflow/example_dags/plugins/workday.py
[2023-04-05 21:21:08,996] {processor.py:653} WARNING - No viable dags retrieved from /home/edinaldo/Documents/previsao_remuneracao/previsao_remuneracao/venv/lib/python3.10/site-packages/airflow/example_dags/plugins/workday.py
[2023-04-05 21:21:09,009] {processor.py:161} INFO - Processing /home/edinaldo/Documents/previsao_remuneracao/previsao_remuneracao/venv/lib/python3.10/site-packages/airflow/example_dags/plugins/workday.py took 0.022 seconds
[2023-04-05 21:21:47,759] {processor.py:153} INFO - Started process (PID=54025) to work on /home/edinaldo/Documents/previsao_remuneracao/previsao_remuneracao/venv/lib/python3.10/site-packages/airflow/example_dags/plugins/workday.py
[2023-04-05 21:21:47,771] {processor.py:641} INFO - Processing file /home/edinaldo/Documents/previsao_remuneracao/previsao_remuneracao/venv/lib/python3.10/site-packages/airflow/example_dags/plugins/workday.py for tasks to queue
[2023-04-05 21:21:47,772] {logging_mixin.py:115} INFO - [2023-04-05 21:21:47,772] {dagbag.py:507} INFO - Filling up the DagBag from /home/edinaldo/Documents/previsao_remuneracao/previsao_remuneracao/venv/lib/python3.10/site-packages/airflow/example_dags/plugins/workday.py
[2023-04-05 21:21:47,776] {processor.py:653} WARNING - No viable dags retrieved from /home/edinaldo/Documents/previsao_remuneracao/previsao_remuneracao/venv/lib/python3.10/site-packages/airflow/example_dags/plugins/workday.py
[2023-04-05 21:21:47,788] {processor.py:161} INFO - Processing /home/edinaldo/Documents/previsao_remuneracao/previsao_remuneracao/venv/lib/python3.10/site-packages/airflow/example_dags/plugins/workday.py took 0.042 seconds
[2023-04-05 21:22:24,946] {processor.py:153} INFO - Started process (PID=54064) to work on /home/edinaldo/Documents/previsao_remuneracao/previsao_remuneracao/venv/lib/python3.10/site-packages/airflow/example_dags/plugins/workday.py
[2023-04-05 21:22:24,956] {processor.py:641} INFO - Processing file /home/edinaldo/Documents/previsao_remuneracao/previsao_remuneracao/venv/lib/python3.10/site-packages/airflow/example_dags/plugins/workday.py for tasks to queue
[2023-04-05 21:22:24,957] {logging_mixin.py:115} INFO - [2023-04-05 21:22:24,957] {dagbag.py:507} INFO - Filling up the DagBag from /home/edinaldo/Documents/previsao_remuneracao/previsao_remuneracao/venv/lib/python3.10/site-packages/airflow/example_dags/plugins/workday.py
[2023-04-05 21:22:24,964] {processor.py:653} WARNING - No viable dags retrieved from /home/edinaldo/Documents/previsao_remuneracao/previsao_remuneracao/venv/lib/python3.10/site-packages/airflow/example_dags/plugins/workday.py
[2023-04-05 21:22:24,985] {processor.py:161} INFO - Processing /home/edinaldo/Documents/previsao_remuneracao/previsao_remuneracao/venv/lib/python3.10/site-packages/airflow/example_dags/plugins/workday.py took 0.049 seconds
[2023-04-05 21:23:01,382] {processor.py:153} INFO - Started process (PID=54099) to work on /home/edinaldo/Documents/previsao_remuneracao/previsao_remuneracao/venv/lib/python3.10/site-packages/airflow/example_dags/plugins/workday.py
[2023-04-05 21:23:01,397] {processor.py:641} INFO - Processing file /home/edinaldo/Documents/previsao_remuneracao/previsao_remuneracao/venv/lib/python3.10/site-packages/airflow/example_dags/plugins/workday.py for tasks to queue
[2023-04-05 21:23:01,398] {logging_mixin.py:115} INFO - [2023-04-05 21:23:01,398] {dagbag.py:507} INFO - Filling up the DagBag from /home/edinaldo/Documents/previsao_remuneracao/previsao_remuneracao/venv/lib/python3.10/site-packages/airflow/example_dags/plugins/workday.py
[2023-04-05 21:23:01,401] {processor.py:653} WARNING - No viable dags retrieved from /home/edinaldo/Documents/previsao_remuneracao/previsao_remuneracao/venv/lib/python3.10/site-packages/airflow/example_dags/plugins/workday.py
[2023-04-05 21:23:01,412] {processor.py:161} INFO - Processing /home/edinaldo/Documents/previsao_remuneracao/previsao_remuneracao/venv/lib/python3.10/site-packages/airflow/example_dags/plugins/workday.py took 0.033 seconds
[2023-04-05 21:23:40,580] {processor.py:153} INFO - Started process (PID=54153) to work on /home/edinaldo/Documents/previsao_remuneracao/previsao_remuneracao/venv/lib/python3.10/site-packages/airflow/example_dags/plugins/workday.py
[2023-04-05 21:23:40,582] {processor.py:641} INFO - Processing file /home/edinaldo/Documents/previsao_remuneracao/previsao_remuneracao/venv/lib/python3.10/site-packages/airflow/example_dags/plugins/workday.py for tasks to queue
[2023-04-05 21:23:40,583] {logging_mixin.py:115} INFO - [2023-04-05 21:23:40,583] {dagbag.py:507} INFO - Filling up the DagBag from /home/edinaldo/Documents/previsao_remuneracao/previsao_remuneracao/venv/lib/python3.10/site-packages/airflow/example_dags/plugins/workday.py
[2023-04-05 21:23:40,589] {processor.py:653} WARNING - No viable dags retrieved from /home/edinaldo/Documents/previsao_remuneracao/previsao_remuneracao/venv/lib/python3.10/site-packages/airflow/example_dags/plugins/workday.py
[2023-04-05 21:23:40,603] {processor.py:161} INFO - Processing /home/edinaldo/Documents/previsao_remuneracao/previsao_remuneracao/venv/lib/python3.10/site-packages/airflow/example_dags/plugins/workday.py took 0.034 seconds
[2023-04-05 21:24:12,315] {processor.py:153} INFO - Started process (PID=54181) to work on /home/edinaldo/Documents/previsao_remuneracao/previsao_remuneracao/venv/lib/python3.10/site-packages/airflow/example_dags/plugins/workday.py
[2023-04-05 21:24:12,317] {processor.py:641} INFO - Processing file /home/edinaldo/Documents/previsao_remuneracao/previsao_remuneracao/venv/lib/python3.10/site-packages/airflow/example_dags/plugins/workday.py for tasks to queue
[2023-04-05 21:24:12,318] {logging_mixin.py:115} INFO - [2023-04-05 21:24:12,317] {dagbag.py:507} INFO - Filling up the DagBag from /home/edinaldo/Documents/previsao_remuneracao/previsao_remuneracao/venv/lib/python3.10/site-packages/airflow/example_dags/plugins/workday.py
[2023-04-05 21:24:12,321] {processor.py:653} WARNING - No viable dags retrieved from /home/edinaldo/Documents/previsao_remuneracao/previsao_remuneracao/venv/lib/python3.10/site-packages/airflow/example_dags/plugins/workday.py
[2023-04-05 21:24:12,334] {processor.py:161} INFO - Processing /home/edinaldo/Documents/previsao_remuneracao/previsao_remuneracao/venv/lib/python3.10/site-packages/airflow/example_dags/plugins/workday.py took 0.025 seconds
[2023-04-05 21:24:52,172] {processor.py:153} INFO - Started process (PID=54403) to work on /home/edinaldo/Documents/previsao_remuneracao/previsao_remuneracao/venv/lib/python3.10/site-packages/airflow/example_dags/plugins/workday.py
[2023-04-05 21:24:52,186] {processor.py:641} INFO - Processing file /home/edinaldo/Documents/previsao_remuneracao/previsao_remuneracao/venv/lib/python3.10/site-packages/airflow/example_dags/plugins/workday.py for tasks to queue
[2023-04-05 21:24:52,187] {logging_mixin.py:115} INFO - [2023-04-05 21:24:52,187] {dagbag.py:507} INFO - Filling up the DagBag from /home/edinaldo/Documents/previsao_remuneracao/previsao_remuneracao/venv/lib/python3.10/site-packages/airflow/example_dags/plugins/workday.py
[2023-04-05 21:24:52,217] {processor.py:653} WARNING - No viable dags retrieved from /home/edinaldo/Documents/previsao_remuneracao/previsao_remuneracao/venv/lib/python3.10/site-packages/airflow/example_dags/plugins/workday.py
[2023-04-05 21:24:52,247] {processor.py:161} INFO - Processing /home/edinaldo/Documents/previsao_remuneracao/previsao_remuneracao/venv/lib/python3.10/site-packages/airflow/example_dags/plugins/workday.py took 0.085 seconds
[2023-04-05 21:25:26,517] {processor.py:153} INFO - Started process (PID=54573) to work on /home/edinaldo/Documents/previsao_remuneracao/previsao_remuneracao/venv/lib/python3.10/site-packages/airflow/example_dags/plugins/workday.py
[2023-04-05 21:25:26,517] {processor.py:641} INFO - Processing file /home/edinaldo/Documents/previsao_remuneracao/previsao_remuneracao/venv/lib/python3.10/site-packages/airflow/example_dags/plugins/workday.py for tasks to queue
[2023-04-05 21:25:26,518] {logging_mixin.py:115} INFO - [2023-04-05 21:25:26,518] {dagbag.py:507} INFO - Filling up the DagBag from /home/edinaldo/Documents/previsao_remuneracao/previsao_remuneracao/venv/lib/python3.10/site-packages/airflow/example_dags/plugins/workday.py
[2023-04-05 21:25:26,521] {processor.py:653} WARNING - No viable dags retrieved from /home/edinaldo/Documents/previsao_remuneracao/previsao_remuneracao/venv/lib/python3.10/site-packages/airflow/example_dags/plugins/workday.py
[2023-04-05 21:25:26,536] {processor.py:161} INFO - Processing /home/edinaldo/Documents/previsao_remuneracao/previsao_remuneracao/venv/lib/python3.10/site-packages/airflow/example_dags/plugins/workday.py took 0.023 seconds
[2023-04-05 21:25:57,185] {processor.py:153} INFO - Started process (PID=54763) to work on /home/edinaldo/Documents/previsao_remuneracao/previsao_remuneracao/venv/lib/python3.10/site-packages/airflow/example_dags/plugins/workday.py
[2023-04-05 21:25:57,198] {processor.py:641} INFO - Processing file /home/edinaldo/Documents/previsao_remuneracao/previsao_remuneracao/venv/lib/python3.10/site-packages/airflow/example_dags/plugins/workday.py for tasks to queue
[2023-04-05 21:25:57,199] {logging_mixin.py:115} INFO - [2023-04-05 21:25:57,199] {dagbag.py:507} INFO - Filling up the DagBag from /home/edinaldo/Documents/previsao_remuneracao/previsao_remuneracao/venv/lib/python3.10/site-packages/airflow/example_dags/plugins/workday.py
[2023-04-05 21:25:57,207] {processor.py:653} WARNING - No viable dags retrieved from /home/edinaldo/Documents/previsao_remuneracao/previsao_remuneracao/venv/lib/python3.10/site-packages/airflow/example_dags/plugins/workday.py
[2023-04-05 21:25:57,234] {processor.py:161} INFO - Processing /home/edinaldo/Documents/previsao_remuneracao/previsao_remuneracao/venv/lib/python3.10/site-packages/airflow/example_dags/plugins/workday.py took 0.060 seconds
[2023-04-05 21:26:37,958] {processor.py:153} INFO - Started process (PID=54989) to work on /home/edinaldo/Documents/previsao_remuneracao/previsao_remuneracao/venv/lib/python3.10/site-packages/airflow/example_dags/plugins/workday.py
[2023-04-05 21:26:37,959] {processor.py:641} INFO - Processing file /home/edinaldo/Documents/previsao_remuneracao/previsao_remuneracao/venv/lib/python3.10/site-packages/airflow/example_dags/plugins/workday.py for tasks to queue
[2023-04-05 21:26:37,959] {logging_mixin.py:115} INFO - [2023-04-05 21:26:37,959] {dagbag.py:507} INFO - Filling up the DagBag from /home/edinaldo/Documents/previsao_remuneracao/previsao_remuneracao/venv/lib/python3.10/site-packages/airflow/example_dags/plugins/workday.py
[2023-04-05 21:26:37,962] {processor.py:653} WARNING - No viable dags retrieved from /home/edinaldo/Documents/previsao_remuneracao/previsao_remuneracao/venv/lib/python3.10/site-packages/airflow/example_dags/plugins/workday.py
[2023-04-05 21:26:37,973] {processor.py:161} INFO - Processing /home/edinaldo/Documents/previsao_remuneracao/previsao_remuneracao/venv/lib/python3.10/site-packages/airflow/example_dags/plugins/workday.py took 0.019 seconds
[2023-04-05 21:27:15,295] {processor.py:153} INFO - Started process (PID=55188) to work on /home/edinaldo/Documents/previsao_remuneracao/previsao_remuneracao/venv/lib/python3.10/site-packages/airflow/example_dags/plugins/workday.py
[2023-04-05 21:27:15,307] {processor.py:641} INFO - Processing file /home/edinaldo/Documents/previsao_remuneracao/previsao_remuneracao/venv/lib/python3.10/site-packages/airflow/example_dags/plugins/workday.py for tasks to queue
[2023-04-05 21:27:15,308] {logging_mixin.py:115} INFO - [2023-04-05 21:27:15,308] {dagbag.py:507} INFO - Filling up the DagBag from /home/edinaldo/Documents/previsao_remuneracao/previsao_remuneracao/venv/lib/python3.10/site-packages/airflow/example_dags/plugins/workday.py
[2023-04-05 21:27:15,313] {processor.py:653} WARNING - No viable dags retrieved from /home/edinaldo/Documents/previsao_remuneracao/previsao_remuneracao/venv/lib/python3.10/site-packages/airflow/example_dags/plugins/workday.py
[2023-04-05 21:27:15,328] {processor.py:161} INFO - Processing /home/edinaldo/Documents/previsao_remuneracao/previsao_remuneracao/venv/lib/python3.10/site-packages/airflow/example_dags/plugins/workday.py took 0.043 seconds
[2023-04-05 21:27:53,908] {processor.py:153} INFO - Started process (PID=55467) to work on /home/edinaldo/Documents/previsao_remuneracao/previsao_remuneracao/venv/lib/python3.10/site-packages/airflow/example_dags/plugins/workday.py
[2023-04-05 21:27:53,921] {processor.py:641} INFO - Processing file /home/edinaldo/Documents/previsao_remuneracao/previsao_remuneracao/venv/lib/python3.10/site-packages/airflow/example_dags/plugins/workday.py for tasks to queue
[2023-04-05 21:27:53,924] {logging_mixin.py:115} INFO - [2023-04-05 21:27:53,923] {dagbag.py:507} INFO - Filling up the DagBag from /home/edinaldo/Documents/previsao_remuneracao/previsao_remuneracao/venv/lib/python3.10/site-packages/airflow/example_dags/plugins/workday.py
[2023-04-05 21:27:53,953] {processor.py:653} WARNING - No viable dags retrieved from /home/edinaldo/Documents/previsao_remuneracao/previsao_remuneracao/venv/lib/python3.10/site-packages/airflow/example_dags/plugins/workday.py
[2023-04-05 21:27:53,973] {processor.py:161} INFO - Processing /home/edinaldo/Documents/previsao_remuneracao/previsao_remuneracao/venv/lib/python3.10/site-packages/airflow/example_dags/plugins/workday.py took 0.070 seconds
[2023-04-05 21:28:43,069] {processor.py:153} INFO - Started process (PID=55592) to work on /home/edinaldo/Documents/previsao_remuneracao/previsao_remuneracao/venv/lib/python3.10/site-packages/airflow/example_dags/plugins/workday.py
[2023-04-05 21:28:43,083] {processor.py:641} INFO - Processing file /home/edinaldo/Documents/previsao_remuneracao/previsao_remuneracao/venv/lib/python3.10/site-packages/airflow/example_dags/plugins/workday.py for tasks to queue
[2023-04-05 21:28:43,085] {logging_mixin.py:115} INFO - [2023-04-05 21:28:43,085] {dagbag.py:507} INFO - Filling up the DagBag from /home/edinaldo/Documents/previsao_remuneracao/previsao_remuneracao/venv/lib/python3.10/site-packages/airflow/example_dags/plugins/workday.py
[2023-04-05 21:28:43,089] {processor.py:653} WARNING - No viable dags retrieved from /home/edinaldo/Documents/previsao_remuneracao/previsao_remuneracao/venv/lib/python3.10/site-packages/airflow/example_dags/plugins/workday.py
[2023-04-05 21:28:43,106] {processor.py:161} INFO - Processing /home/edinaldo/Documents/previsao_remuneracao/previsao_remuneracao/venv/lib/python3.10/site-packages/airflow/example_dags/plugins/workday.py took 0.042 seconds
[2023-04-05 21:29:25,841] {processor.py:153} INFO - Started process (PID=55628) to work on /home/edinaldo/Documents/previsao_remuneracao/previsao_remuneracao/venv/lib/python3.10/site-packages/airflow/example_dags/plugins/workday.py
[2023-04-05 21:29:25,846] {processor.py:641} INFO - Processing file /home/edinaldo/Documents/previsao_remuneracao/previsao_remuneracao/venv/lib/python3.10/site-packages/airflow/example_dags/plugins/workday.py for tasks to queue
[2023-04-05 21:29:25,847] {logging_mixin.py:115} INFO - [2023-04-05 21:29:25,847] {dagbag.py:507} INFO - Filling up the DagBag from /home/edinaldo/Documents/previsao_remuneracao/previsao_remuneracao/venv/lib/python3.10/site-packages/airflow/example_dags/plugins/workday.py
[2023-04-05 21:29:25,850] {processor.py:653} WARNING - No viable dags retrieved from /home/edinaldo/Documents/previsao_remuneracao/previsao_remuneracao/venv/lib/python3.10/site-packages/airflow/example_dags/plugins/workday.py
[2023-04-05 21:29:25,871] {processor.py:161} INFO - Processing /home/edinaldo/Documents/previsao_remuneracao/previsao_remuneracao/venv/lib/python3.10/site-packages/airflow/example_dags/plugins/workday.py took 0.036 seconds
[2023-04-05 21:29:58,803] {processor.py:153} INFO - Started process (PID=55658) to work on /home/edinaldo/Documents/previsao_remuneracao/previsao_remuneracao/venv/lib/python3.10/site-packages/airflow/example_dags/plugins/workday.py
[2023-04-05 21:29:58,804] {processor.py:641} INFO - Processing file /home/edinaldo/Documents/previsao_remuneracao/previsao_remuneracao/venv/lib/python3.10/site-packages/airflow/example_dags/plugins/workday.py for tasks to queue
[2023-04-05 21:29:58,805] {logging_mixin.py:115} INFO - [2023-04-05 21:29:58,804] {dagbag.py:507} INFO - Filling up the DagBag from /home/edinaldo/Documents/previsao_remuneracao/previsao_remuneracao/venv/lib/python3.10/site-packages/airflow/example_dags/plugins/workday.py
[2023-04-05 21:29:58,810] {processor.py:653} WARNING - No viable dags retrieved from /home/edinaldo/Documents/previsao_remuneracao/previsao_remuneracao/venv/lib/python3.10/site-packages/airflow/example_dags/plugins/workday.py
[2023-04-05 21:29:58,833] {processor.py:161} INFO - Processing /home/edinaldo/Documents/previsao_remuneracao/previsao_remuneracao/venv/lib/python3.10/site-packages/airflow/example_dags/plugins/workday.py took 0.038 seconds
[2023-04-05 21:30:31,583] {processor.py:153} INFO - Started process (PID=55688) to work on /home/edinaldo/Documents/previsao_remuneracao/previsao_remuneracao/venv/lib/python3.10/site-packages/airflow/example_dags/plugins/workday.py
[2023-04-05 21:30:31,589] {processor.py:641} INFO - Processing file /home/edinaldo/Documents/previsao_remuneracao/previsao_remuneracao/venv/lib/python3.10/site-packages/airflow/example_dags/plugins/workday.py for tasks to queue
[2023-04-05 21:30:31,590] {logging_mixin.py:115} INFO - [2023-04-05 21:30:31,590] {dagbag.py:507} INFO - Filling up the DagBag from /home/edinaldo/Documents/previsao_remuneracao/previsao_remuneracao/venv/lib/python3.10/site-packages/airflow/example_dags/plugins/workday.py
[2023-04-05 21:30:31,593] {processor.py:653} WARNING - No viable dags retrieved from /home/edinaldo/Documents/previsao_remuneracao/previsao_remuneracao/venv/lib/python3.10/site-packages/airflow/example_dags/plugins/workday.py
[2023-04-05 21:30:31,605] {processor.py:161} INFO - Processing /home/edinaldo/Documents/previsao_remuneracao/previsao_remuneracao/venv/lib/python3.10/site-packages/airflow/example_dags/plugins/workday.py took 0.029 seconds
[2023-04-05 21:31:05,857] {processor.py:153} INFO - Started process (PID=55744) to work on /home/edinaldo/Documents/previsao_remuneracao/previsao_remuneracao/venv/lib/python3.10/site-packages/airflow/example_dags/plugins/workday.py
[2023-04-05 21:31:05,862] {processor.py:641} INFO - Processing file /home/edinaldo/Documents/previsao_remuneracao/previsao_remuneracao/venv/lib/python3.10/site-packages/airflow/example_dags/plugins/workday.py for tasks to queue
[2023-04-05 21:31:05,863] {logging_mixin.py:115} INFO - [2023-04-05 21:31:05,862] {dagbag.py:507} INFO - Filling up the DagBag from /home/edinaldo/Documents/previsao_remuneracao/previsao_remuneracao/venv/lib/python3.10/site-packages/airflow/example_dags/plugins/workday.py
[2023-04-05 21:31:05,866] {processor.py:653} WARNING - No viable dags retrieved from /home/edinaldo/Documents/previsao_remuneracao/previsao_remuneracao/venv/lib/python3.10/site-packages/airflow/example_dags/plugins/workday.py
[2023-04-05 21:31:05,879] {processor.py:161} INFO - Processing /home/edinaldo/Documents/previsao_remuneracao/previsao_remuneracao/venv/lib/python3.10/site-packages/airflow/example_dags/plugins/workday.py took 0.028 seconds
[2023-04-05 21:31:39,648] {processor.py:153} INFO - Started process (PID=55803) to work on /home/edinaldo/Documents/previsao_remuneracao/previsao_remuneracao/venv/lib/python3.10/site-packages/airflow/example_dags/plugins/workday.py
[2023-04-05 21:31:39,672] {processor.py:641} INFO - Processing file /home/edinaldo/Documents/previsao_remuneracao/previsao_remuneracao/venv/lib/python3.10/site-packages/airflow/example_dags/plugins/workday.py for tasks to queue
[2023-04-05 21:31:39,673] {logging_mixin.py:115} INFO - [2023-04-05 21:31:39,673] {dagbag.py:507} INFO - Filling up the DagBag from /home/edinaldo/Documents/previsao_remuneracao/previsao_remuneracao/venv/lib/python3.10/site-packages/airflow/example_dags/plugins/workday.py
[2023-04-05 21:31:39,693] {processor.py:653} WARNING - No viable dags retrieved from /home/edinaldo/Documents/previsao_remuneracao/previsao_remuneracao/venv/lib/python3.10/site-packages/airflow/example_dags/plugins/workday.py
[2023-04-05 21:31:39,708] {processor.py:161} INFO - Processing /home/edinaldo/Documents/previsao_remuneracao/previsao_remuneracao/venv/lib/python3.10/site-packages/airflow/example_dags/plugins/workday.py took 0.067 seconds
[2023-04-05 21:32:17,332] {processor.py:153} INFO - Started process (PID=56037) to work on /home/edinaldo/Documents/previsao_remuneracao/previsao_remuneracao/venv/lib/python3.10/site-packages/airflow/example_dags/plugins/workday.py
[2023-04-05 21:32:17,354] {processor.py:641} INFO - Processing file /home/edinaldo/Documents/previsao_remuneracao/previsao_remuneracao/venv/lib/python3.10/site-packages/airflow/example_dags/plugins/workday.py for tasks to queue
[2023-04-05 21:32:17,354] {logging_mixin.py:115} INFO - [2023-04-05 21:32:17,354] {dagbag.py:507} INFO - Filling up the DagBag from /home/edinaldo/Documents/previsao_remuneracao/previsao_remuneracao/venv/lib/python3.10/site-packages/airflow/example_dags/plugins/workday.py
[2023-04-05 21:32:17,377] {processor.py:653} WARNING - No viable dags retrieved from /home/edinaldo/Documents/previsao_remuneracao/previsao_remuneracao/venv/lib/python3.10/site-packages/airflow/example_dags/plugins/workday.py
[2023-04-05 21:32:17,405] {processor.py:161} INFO - Processing /home/edinaldo/Documents/previsao_remuneracao/previsao_remuneracao/venv/lib/python3.10/site-packages/airflow/example_dags/plugins/workday.py took 0.076 seconds
[2023-04-05 21:32:50,875] {processor.py:153} INFO - Started process (PID=56088) to work on /home/edinaldo/Documents/previsao_remuneracao/previsao_remuneracao/venv/lib/python3.10/site-packages/airflow/example_dags/plugins/workday.py
[2023-04-05 21:32:50,896] {processor.py:641} INFO - Processing file /home/edinaldo/Documents/previsao_remuneracao/previsao_remuneracao/venv/lib/python3.10/site-packages/airflow/example_dags/plugins/workday.py for tasks to queue
[2023-04-05 21:32:50,897] {logging_mixin.py:115} INFO - [2023-04-05 21:32:50,896] {dagbag.py:507} INFO - Filling up the DagBag from /home/edinaldo/Documents/previsao_remuneracao/previsao_remuneracao/venv/lib/python3.10/site-packages/airflow/example_dags/plugins/workday.py
[2023-04-05 21:32:50,918] {processor.py:653} WARNING - No viable dags retrieved from /home/edinaldo/Documents/previsao_remuneracao/previsao_remuneracao/venv/lib/python3.10/site-packages/airflow/example_dags/plugins/workday.py
[2023-04-05 21:32:50,941] {processor.py:161} INFO - Processing /home/edinaldo/Documents/previsao_remuneracao/previsao_remuneracao/venv/lib/python3.10/site-packages/airflow/example_dags/plugins/workday.py took 0.070 seconds
[2023-04-05 21:33:31,924] {processor.py:153} INFO - Started process (PID=56133) to work on /home/edinaldo/Documents/previsao_remuneracao/previsao_remuneracao/venv/lib/python3.10/site-packages/airflow/example_dags/plugins/workday.py
[2023-04-05 21:33:31,932] {processor.py:641} INFO - Processing file /home/edinaldo/Documents/previsao_remuneracao/previsao_remuneracao/venv/lib/python3.10/site-packages/airflow/example_dags/plugins/workday.py for tasks to queue
[2023-04-05 21:33:31,933] {logging_mixin.py:115} INFO - [2023-04-05 21:33:31,933] {dagbag.py:507} INFO - Filling up the DagBag from /home/edinaldo/Documents/previsao_remuneracao/previsao_remuneracao/venv/lib/python3.10/site-packages/airflow/example_dags/plugins/workday.py
[2023-04-05 21:33:31,939] {processor.py:653} WARNING - No viable dags retrieved from /home/edinaldo/Documents/previsao_remuneracao/previsao_remuneracao/venv/lib/python3.10/site-packages/airflow/example_dags/plugins/workday.py
[2023-04-05 21:33:31,962] {processor.py:161} INFO - Processing /home/edinaldo/Documents/previsao_remuneracao/previsao_remuneracao/venv/lib/python3.10/site-packages/airflow/example_dags/plugins/workday.py took 0.046 seconds
[2023-04-05 21:34:05,394] {processor.py:153} INFO - Started process (PID=56174) to work on /home/edinaldo/Documents/previsao_remuneracao/previsao_remuneracao/venv/lib/python3.10/site-packages/airflow/example_dags/plugins/workday.py
[2023-04-05 21:34:05,394] {processor.py:641} INFO - Processing file /home/edinaldo/Documents/previsao_remuneracao/previsao_remuneracao/venv/lib/python3.10/site-packages/airflow/example_dags/plugins/workday.py for tasks to queue
[2023-04-05 21:34:05,395] {logging_mixin.py:115} INFO - [2023-04-05 21:34:05,395] {dagbag.py:507} INFO - Filling up the DagBag from /home/edinaldo/Documents/previsao_remuneracao/previsao_remuneracao/venv/lib/python3.10/site-packages/airflow/example_dags/plugins/workday.py
[2023-04-05 21:34:05,399] {processor.py:653} WARNING - No viable dags retrieved from /home/edinaldo/Documents/previsao_remuneracao/previsao_remuneracao/venv/lib/python3.10/site-packages/airflow/example_dags/plugins/workday.py
[2023-04-05 21:34:05,423] {processor.py:161} INFO - Processing /home/edinaldo/Documents/previsao_remuneracao/previsao_remuneracao/venv/lib/python3.10/site-packages/airflow/example_dags/plugins/workday.py took 0.034 seconds
[2023-04-05 21:34:36,243] {processor.py:153} INFO - Started process (PID=56225) to work on /home/edinaldo/Documents/previsao_remuneracao/previsao_remuneracao/venv/lib/python3.10/site-packages/airflow/example_dags/plugins/workday.py
[2023-04-05 21:34:36,252] {processor.py:641} INFO - Processing file /home/edinaldo/Documents/previsao_remuneracao/previsao_remuneracao/venv/lib/python3.10/site-packages/airflow/example_dags/plugins/workday.py for tasks to queue
[2023-04-05 21:34:36,253] {logging_mixin.py:115} INFO - [2023-04-05 21:34:36,253] {dagbag.py:507} INFO - Filling up the DagBag from /home/edinaldo/Documents/previsao_remuneracao/previsao_remuneracao/venv/lib/python3.10/site-packages/airflow/example_dags/plugins/workday.py
[2023-04-05 21:34:36,256] {processor.py:653} WARNING - No viable dags retrieved from /home/edinaldo/Documents/previsao_remuneracao/previsao_remuneracao/venv/lib/python3.10/site-packages/airflow/example_dags/plugins/workday.py
[2023-04-05 21:34:36,291] {processor.py:161} INFO - Processing /home/edinaldo/Documents/previsao_remuneracao/previsao_remuneracao/venv/lib/python3.10/site-packages/airflow/example_dags/plugins/workday.py took 0.052 seconds
[2023-04-05 21:35:12,502] {processor.py:153} INFO - Started process (PID=56262) to work on /home/edinaldo/Documents/previsao_remuneracao/previsao_remuneracao/venv/lib/python3.10/site-packages/airflow/example_dags/plugins/workday.py
[2023-04-05 21:35:12,503] {processor.py:641} INFO - Processing file /home/edinaldo/Documents/previsao_remuneracao/previsao_remuneracao/venv/lib/python3.10/site-packages/airflow/example_dags/plugins/workday.py for tasks to queue
[2023-04-05 21:35:12,504] {logging_mixin.py:115} INFO - [2023-04-05 21:35:12,504] {dagbag.py:507} INFO - Filling up the DagBag from /home/edinaldo/Documents/previsao_remuneracao/previsao_remuneracao/venv/lib/python3.10/site-packages/airflow/example_dags/plugins/workday.py
[2023-04-05 21:35:12,508] {processor.py:653} WARNING - No viable dags retrieved from /home/edinaldo/Documents/previsao_remuneracao/previsao_remuneracao/venv/lib/python3.10/site-packages/airflow/example_dags/plugins/workday.py
[2023-04-05 21:35:12,524] {processor.py:161} INFO - Processing /home/edinaldo/Documents/previsao_remuneracao/previsao_remuneracao/venv/lib/python3.10/site-packages/airflow/example_dags/plugins/workday.py took 0.030 seconds
[2023-04-05 21:36:07,524] {processor.py:153} INFO - Started process (PID=56499) to work on /home/edinaldo/Documents/previsao_remuneracao/previsao_remuneracao/venv/lib/python3.10/site-packages/airflow/example_dags/plugins/workday.py
[2023-04-05 21:36:07,637] {processor.py:641} INFO - Processing file /home/edinaldo/Documents/previsao_remuneracao/previsao_remuneracao/venv/lib/python3.10/site-packages/airflow/example_dags/plugins/workday.py for tasks to queue
[2023-04-05 21:36:07,639] {logging_mixin.py:115} INFO - [2023-04-05 21:36:07,639] {dagbag.py:507} INFO - Filling up the DagBag from /home/edinaldo/Documents/previsao_remuneracao/previsao_remuneracao/venv/lib/python3.10/site-packages/airflow/example_dags/plugins/workday.py
[2023-04-05 21:36:07,852] {processor.py:653} WARNING - No viable dags retrieved from /home/edinaldo/Documents/previsao_remuneracao/previsao_remuneracao/venv/lib/python3.10/site-packages/airflow/example_dags/plugins/workday.py
[2023-04-05 21:36:07,957] {processor.py:161} INFO - Processing /home/edinaldo/Documents/previsao_remuneracao/previsao_remuneracao/venv/lib/python3.10/site-packages/airflow/example_dags/plugins/workday.py took 0.568 seconds
[2023-04-05 21:36:53,975] {processor.py:153} INFO - Started process (PID=56717) to work on /home/edinaldo/Documents/previsao_remuneracao/previsao_remuneracao/venv/lib/python3.10/site-packages/airflow/example_dags/plugins/workday.py
[2023-04-05 21:36:53,997] {processor.py:641} INFO - Processing file /home/edinaldo/Documents/previsao_remuneracao/previsao_remuneracao/venv/lib/python3.10/site-packages/airflow/example_dags/plugins/workday.py for tasks to queue
[2023-04-05 21:36:53,999] {logging_mixin.py:115} INFO - [2023-04-05 21:36:53,999] {dagbag.py:507} INFO - Filling up the DagBag from /home/edinaldo/Documents/previsao_remuneracao/previsao_remuneracao/venv/lib/python3.10/site-packages/airflow/example_dags/plugins/workday.py
[2023-04-05 21:36:54,029] {processor.py:653} WARNING - No viable dags retrieved from /home/edinaldo/Documents/previsao_remuneracao/previsao_remuneracao/venv/lib/python3.10/site-packages/airflow/example_dags/plugins/workday.py
[2023-04-05 21:36:54,055] {processor.py:161} INFO - Processing /home/edinaldo/Documents/previsao_remuneracao/previsao_remuneracao/venv/lib/python3.10/site-packages/airflow/example_dags/plugins/workday.py took 0.090 seconds
[2023-04-05 21:37:36,325] {processor.py:153} INFO - Started process (PID=56851) to work on /home/edinaldo/Documents/previsao_remuneracao/previsao_remuneracao/venv/lib/python3.10/site-packages/airflow/example_dags/plugins/workday.py
[2023-04-05 21:37:37,148] {processor.py:641} INFO - Processing file /home/edinaldo/Documents/previsao_remuneracao/previsao_remuneracao/venv/lib/python3.10/site-packages/airflow/example_dags/plugins/workday.py for tasks to queue
[2023-04-05 21:37:37,150] {logging_mixin.py:115} INFO - [2023-04-05 21:37:37,150] {dagbag.py:507} INFO - Filling up the DagBag from /home/edinaldo/Documents/previsao_remuneracao/previsao_remuneracao/venv/lib/python3.10/site-packages/airflow/example_dags/plugins/workday.py
[2023-04-05 21:37:37,418] {processor.py:653} WARNING - No viable dags retrieved from /home/edinaldo/Documents/previsao_remuneracao/previsao_remuneracao/venv/lib/python3.10/site-packages/airflow/example_dags/plugins/workday.py
[2023-04-05 21:37:37,486] {processor.py:161} INFO - Processing /home/edinaldo/Documents/previsao_remuneracao/previsao_remuneracao/venv/lib/python3.10/site-packages/airflow/example_dags/plugins/workday.py took 1.175 seconds
[2023-04-05 21:38:22,015] {processor.py:153} INFO - Started process (PID=57001) to work on /home/edinaldo/Documents/previsao_remuneracao/previsao_remuneracao/venv/lib/python3.10/site-packages/airflow/example_dags/plugins/workday.py
[2023-04-05 21:38:22,036] {processor.py:641} INFO - Processing file /home/edinaldo/Documents/previsao_remuneracao/previsao_remuneracao/venv/lib/python3.10/site-packages/airflow/example_dags/plugins/workday.py for tasks to queue
[2023-04-05 21:38:22,038] {logging_mixin.py:115} INFO - [2023-04-05 21:38:22,038] {dagbag.py:507} INFO - Filling up the DagBag from /home/edinaldo/Documents/previsao_remuneracao/previsao_remuneracao/venv/lib/python3.10/site-packages/airflow/example_dags/plugins/workday.py
[2023-04-05 21:38:22,046] {processor.py:653} WARNING - No viable dags retrieved from /home/edinaldo/Documents/previsao_remuneracao/previsao_remuneracao/venv/lib/python3.10/site-packages/airflow/example_dags/plugins/workday.py
[2023-04-05 21:38:22,068] {processor.py:161} INFO - Processing /home/edinaldo/Documents/previsao_remuneracao/previsao_remuneracao/venv/lib/python3.10/site-packages/airflow/example_dags/plugins/workday.py took 0.064 seconds
[2023-04-05 21:38:59,973] {processor.py:153} INFO - Started process (PID=57226) to work on /home/edinaldo/Documents/previsao_remuneracao/previsao_remuneracao/venv/lib/python3.10/site-packages/airflow/example_dags/plugins/workday.py
[2023-04-05 21:38:59,997] {processor.py:641} INFO - Processing file /home/edinaldo/Documents/previsao_remuneracao/previsao_remuneracao/venv/lib/python3.10/site-packages/airflow/example_dags/plugins/workday.py for tasks to queue
[2023-04-05 21:39:00,002] {logging_mixin.py:115} INFO - [2023-04-05 21:39:00,001] {dagbag.py:507} INFO - Filling up the DagBag from /home/edinaldo/Documents/previsao_remuneracao/previsao_remuneracao/venv/lib/python3.10/site-packages/airflow/example_dags/plugins/workday.py
[2023-04-05 21:39:00,052] {processor.py:653} WARNING - No viable dags retrieved from /home/edinaldo/Documents/previsao_remuneracao/previsao_remuneracao/venv/lib/python3.10/site-packages/airflow/example_dags/plugins/workday.py
[2023-04-05 21:39:00,068] {processor.py:161} INFO - Processing /home/edinaldo/Documents/previsao_remuneracao/previsao_remuneracao/venv/lib/python3.10/site-packages/airflow/example_dags/plugins/workday.py took 0.109 seconds
[2023-04-05 21:39:34,748] {processor.py:153} INFO - Started process (PID=57405) to work on /home/edinaldo/Documents/previsao_remuneracao/previsao_remuneracao/venv/lib/python3.10/site-packages/airflow/example_dags/plugins/workday.py
[2023-04-05 21:39:34,801] {processor.py:641} INFO - Processing file /home/edinaldo/Documents/previsao_remuneracao/previsao_remuneracao/venv/lib/python3.10/site-packages/airflow/example_dags/plugins/workday.py for tasks to queue
[2023-04-05 21:39:34,805] {logging_mixin.py:115} INFO - [2023-04-05 21:39:34,803] {dagbag.py:507} INFO - Filling up the DagBag from /home/edinaldo/Documents/previsao_remuneracao/previsao_remuneracao/venv/lib/python3.10/site-packages/airflow/example_dags/plugins/workday.py
[2023-04-05 21:39:34,883] {processor.py:653} WARNING - No viable dags retrieved from /home/edinaldo/Documents/previsao_remuneracao/previsao_remuneracao/venv/lib/python3.10/site-packages/airflow/example_dags/plugins/workday.py
[2023-04-05 21:39:34,926] {processor.py:161} INFO - Processing /home/edinaldo/Documents/previsao_remuneracao/previsao_remuneracao/venv/lib/python3.10/site-packages/airflow/example_dags/plugins/workday.py took 0.190 seconds
[2023-04-05 21:40:09,071] {processor.py:153} INFO - Started process (PID=57553) to work on /home/edinaldo/Documents/previsao_remuneracao/previsao_remuneracao/venv/lib/python3.10/site-packages/airflow/example_dags/plugins/workday.py
[2023-04-05 21:40:09,085] {processor.py:641} INFO - Processing file /home/edinaldo/Documents/previsao_remuneracao/previsao_remuneracao/venv/lib/python3.10/site-packages/airflow/example_dags/plugins/workday.py for tasks to queue
[2023-04-05 21:40:09,086] {logging_mixin.py:115} INFO - [2023-04-05 21:40:09,086] {dagbag.py:507} INFO - Filling up the DagBag from /home/edinaldo/Documents/previsao_remuneracao/previsao_remuneracao/venv/lib/python3.10/site-packages/airflow/example_dags/plugins/workday.py
[2023-04-05 21:40:09,095] {processor.py:653} WARNING - No viable dags retrieved from /home/edinaldo/Documents/previsao_remuneracao/previsao_remuneracao/venv/lib/python3.10/site-packages/airflow/example_dags/plugins/workday.py
[2023-04-05 21:40:09,114] {processor.py:161} INFO - Processing /home/edinaldo/Documents/previsao_remuneracao/previsao_remuneracao/venv/lib/python3.10/site-packages/airflow/example_dags/plugins/workday.py took 0.053 seconds
[2023-04-05 21:40:42,671] {processor.py:153} INFO - Started process (PID=57725) to work on /home/edinaldo/Documents/previsao_remuneracao/previsao_remuneracao/venv/lib/python3.10/site-packages/airflow/example_dags/plugins/workday.py
[2023-04-05 21:40:42,673] {processor.py:641} INFO - Processing file /home/edinaldo/Documents/previsao_remuneracao/previsao_remuneracao/venv/lib/python3.10/site-packages/airflow/example_dags/plugins/workday.py for tasks to queue
[2023-04-05 21:40:42,674] {logging_mixin.py:115} INFO - [2023-04-05 21:40:42,674] {dagbag.py:507} INFO - Filling up the DagBag from /home/edinaldo/Documents/previsao_remuneracao/previsao_remuneracao/venv/lib/python3.10/site-packages/airflow/example_dags/plugins/workday.py
[2023-04-05 21:40:42,679] {processor.py:653} WARNING - No viable dags retrieved from /home/edinaldo/Documents/previsao_remuneracao/previsao_remuneracao/venv/lib/python3.10/site-packages/airflow/example_dags/plugins/workday.py
[2023-04-05 21:40:42,693] {processor.py:161} INFO - Processing /home/edinaldo/Documents/previsao_remuneracao/previsao_remuneracao/venv/lib/python3.10/site-packages/airflow/example_dags/plugins/workday.py took 0.032 seconds
[2023-04-05 21:41:19,084] {processor.py:153} INFO - Started process (PID=57944) to work on /home/edinaldo/Documents/previsao_remuneracao/previsao_remuneracao/venv/lib/python3.10/site-packages/airflow/example_dags/plugins/workday.py
[2023-04-05 21:41:19,085] {processor.py:641} INFO - Processing file /home/edinaldo/Documents/previsao_remuneracao/previsao_remuneracao/venv/lib/python3.10/site-packages/airflow/example_dags/plugins/workday.py for tasks to queue
[2023-04-05 21:41:19,087] {logging_mixin.py:115} INFO - [2023-04-05 21:41:19,086] {dagbag.py:507} INFO - Filling up the DagBag from /home/edinaldo/Documents/previsao_remuneracao/previsao_remuneracao/venv/lib/python3.10/site-packages/airflow/example_dags/plugins/workday.py
[2023-04-05 21:41:19,091] {processor.py:653} WARNING - No viable dags retrieved from /home/edinaldo/Documents/previsao_remuneracao/previsao_remuneracao/venv/lib/python3.10/site-packages/airflow/example_dags/plugins/workday.py
[2023-04-05 21:41:19,104] {processor.py:161} INFO - Processing /home/edinaldo/Documents/previsao_remuneracao/previsao_remuneracao/venv/lib/python3.10/site-packages/airflow/example_dags/plugins/workday.py took 0.031 seconds
[2023-04-05 21:41:59,693] {processor.py:153} INFO - Started process (PID=58193) to work on /home/edinaldo/Documents/previsao_remuneracao/previsao_remuneracao/venv/lib/python3.10/site-packages/airflow/example_dags/plugins/workday.py
[2023-04-05 21:41:59,702] {processor.py:641} INFO - Processing file /home/edinaldo/Documents/previsao_remuneracao/previsao_remuneracao/venv/lib/python3.10/site-packages/airflow/example_dags/plugins/workday.py for tasks to queue
[2023-04-05 21:41:59,703] {logging_mixin.py:115} INFO - [2023-04-05 21:41:59,703] {dagbag.py:507} INFO - Filling up the DagBag from /home/edinaldo/Documents/previsao_remuneracao/previsao_remuneracao/venv/lib/python3.10/site-packages/airflow/example_dags/plugins/workday.py
[2023-04-05 21:41:59,725] {processor.py:653} WARNING - No viable dags retrieved from /home/edinaldo/Documents/previsao_remuneracao/previsao_remuneracao/venv/lib/python3.10/site-packages/airflow/example_dags/plugins/workday.py
[2023-04-05 21:41:59,746] {processor.py:161} INFO - Processing /home/edinaldo/Documents/previsao_remuneracao/previsao_remuneracao/venv/lib/python3.10/site-packages/airflow/example_dags/plugins/workday.py took 0.063 seconds
[2023-04-05 21:42:35,722] {processor.py:153} INFO - Started process (PID=58390) to work on /home/edinaldo/Documents/previsao_remuneracao/previsao_remuneracao/venv/lib/python3.10/site-packages/airflow/example_dags/plugins/workday.py
[2023-04-05 21:42:35,737] {processor.py:641} INFO - Processing file /home/edinaldo/Documents/previsao_remuneracao/previsao_remuneracao/venv/lib/python3.10/site-packages/airflow/example_dags/plugins/workday.py for tasks to queue
[2023-04-05 21:42:35,739] {logging_mixin.py:115} INFO - [2023-04-05 21:42:35,739] {dagbag.py:507} INFO - Filling up the DagBag from /home/edinaldo/Documents/previsao_remuneracao/previsao_remuneracao/venv/lib/python3.10/site-packages/airflow/example_dags/plugins/workday.py
[2023-04-05 21:42:35,762] {processor.py:653} WARNING - No viable dags retrieved from /home/edinaldo/Documents/previsao_remuneracao/previsao_remuneracao/venv/lib/python3.10/site-packages/airflow/example_dags/plugins/workday.py
[2023-04-05 21:42:35,786] {processor.py:161} INFO - Processing /home/edinaldo/Documents/previsao_remuneracao/previsao_remuneracao/venv/lib/python3.10/site-packages/airflow/example_dags/plugins/workday.py took 0.074 seconds
